MONAI version: 1.2.0rc7+9.g84940298
Numpy version: 1.24.2
Pytorch version: 1.13.1
MONAI flags: HAS_EXT = False, USE_COMPILED = False, USE_META_DICT = False
MONAI rev id: 84940298bff9ff1f54845eb8ae7422c0092c09c1
MONAI __file__: /home/guest185/hackathon_38/lib/python3.8/site-packages/monai/__init__.py

Optional dependencies:
Pytorch Ignite version: 0.4.2
ITK version: NOT INSTALLED or UNKNOWN VERSION.
Nibabel version: 5.1.0
scikit-image version: 0.19.3
Pillow version: 9.5.0
Tensorboard version: 2.13.0
gdown version: 4.7.1
TorchVision version: 0.14.1
tqdm version: 4.65.0
lmdb version: 1.2.1
psutil version: 5.9.4
pandas version: 1.5.3
einops version: 0.6.1
transformers version: 4.21.3
mlflow version: NOT INSTALLED or UNKNOWN VERSION.
pynrrd version: 1.0.0

For details about installing the optional dependencies, please visit:
    https://docs.monai.io/en/latest/installation.html#installing-the-recommended-dependencies

/tmp/tmplg6wdl62
image shape: (240, 240, 155), label shape: (240, 240, 155)
Fri May 26 02:39:58 2023 Epoch: 0
In the future `np.bool` will be defined as the corresponding NumPy scalar.
In the future `np.bool` will be defined as the corresponding NumPy scalar.
In the future `np.bool` will be defined as the corresponding NumPy scalar.
In the future `np.bool` will be defined as the corresponding NumPy scalar.
monai.transforms.io.dictionary LoadImaged.__init__:image_only: Current default value of argument `image_only=False` has been deprecated since version 1.1. It will be changed to `image_only=True` in version 1.3.
In the future `np.bool` will be defined as the corresponding NumPy scalar.
In the future `np.bool` will be defined as the corresponding NumPy scalar.
Epoch 0/10 0/1001 loss: 0.9524 time 22.33s
Epoch 0/10 1/1001 loss: 0.9629 time 3.49s
Epoch 0/10 2/1001 loss: 0.9496 time 3.44s
Epoch 0/10 3/1001 loss: 0.9517 time 3.44s
Epoch 0/10 4/1001 loss: 0.9505 time 3.46s
Epoch 0/10 5/1001 loss: 0.9463 time 3.47s
Epoch 0/10 6/1001 loss: 0.9477 time 3.47s
Epoch 0/10 7/1001 loss: 0.9465 time 3.49s
Epoch 0/10 8/1001 loss: 0.9402 time 3.48s
Epoch 0/10 9/1001 loss: 0.9403 time 3.50s
Epoch 0/10 10/1001 loss: 0.9361 time 3.51s
Epoch 0/10 11/1001 loss: 0.9335 time 3.51s
Epoch 0/10 12/1001 loss: 0.9324 time 3.53s
Epoch 0/10 13/1001 loss: 0.9303 time 3.55s
Epoch 0/10 14/1001 loss: 0.9261 time 3.56s
Epoch 0/10 15/1001 loss: 0.9231 time 3.56s
Epoch 0/10 16/1001 loss: 0.9218 time 3.57s
Epoch 0/10 17/1001 loss: 0.9209 time 3.59s
Epoch 0/10 18/1001 loss: 0.9157 time 3.60s
Epoch 0/10 19/1001 loss: 0.9153 time 3.60s
Epoch 0/10 20/1001 loss: 0.9125 time 3.60s
Epoch 0/10 21/1001 loss: 0.9152 time 3.61s
Epoch 0/10 22/1001 loss: 0.9127 time 3.61s
Epoch 0/10 23/1001 loss: 0.9120 time 3.61s
Epoch 0/10 24/1001 loss: 0.9100 time 3.63s
Epoch 0/10 25/1001 loss: 0.9114 time 3.62s
Epoch 0/10 26/1001 loss: 0.9071 time 3.62s
Epoch 0/10 27/1001 loss: 0.9033 time 3.63s
Epoch 0/10 28/1001 loss: 0.9032 time 3.63s
Epoch 0/10 29/1001 loss: 0.9011 time 3.64s
Epoch 0/10 30/1001 loss: 0.9014 time 3.63s
Epoch 0/10 31/1001 loss: 0.9017 time 3.64s
Epoch 0/10 32/1001 loss: 0.9005 time 3.64s
Epoch 0/10 33/1001 loss: 0.9029 time 3.65s
Epoch 0/10 34/1001 loss: 0.9048 time 3.64s
Epoch 0/10 35/1001 loss: 0.9039 time 3.64s
Epoch 0/10 36/1001 loss: 0.9037 time 3.64s
Epoch 0/10 37/1001 loss: 0.9049 time 3.64s
Epoch 0/10 38/1001 loss: 0.9038 time 3.63s
Epoch 0/10 39/1001 loss: 0.9038 time 3.63s
Epoch 0/10 40/1001 loss: 0.9043 time 3.64s
Epoch 0/10 41/1001 loss: 0.9030 time 3.63s
Epoch 0/10 42/1001 loss: 0.9026 time 3.63s
Epoch 0/10 43/1001 loss: 0.9003 time 3.62s
Epoch 0/10 44/1001 loss: 0.9012 time 3.62s
Epoch 0/10 45/1001 loss: 0.9025 time 3.63s
Epoch 0/10 46/1001 loss: 0.9019 time 3.62s
Epoch 0/10 47/1001 loss: 0.8997 time 3.62s
Epoch 0/10 48/1001 loss: 0.8982 time 3.62s
Epoch 0/10 49/1001 loss: 0.8993 time 3.62s
Epoch 0/10 50/1001 loss: 0.9006 time 3.60s
Epoch 0/10 51/1001 loss: 0.9011 time 3.61s
Epoch 0/10 52/1001 loss: 0.9006 time 3.62s
Epoch 0/10 53/1001 loss: 0.8986 time 3.60s
Epoch 0/10 54/1001 loss: 0.8976 time 3.60s
Epoch 0/10 55/1001 loss: 0.8978 time 3.60s
Epoch 0/10 56/1001 loss: 0.8969 time 3.60s
Epoch 0/10 57/1001 loss: 0.8959 time 3.61s
Epoch 0/10 58/1001 loss: 0.8964 time 3.61s
Epoch 0/10 59/1001 loss: 0.8975 time 3.60s
Epoch 0/10 60/1001 loss: 0.8973 time 3.59s
Epoch 0/10 61/1001 loss: 0.8975 time 3.61s
Epoch 0/10 62/1001 loss: 0.8977 time 3.60s
Epoch 0/10 63/1001 loss: 0.8956 time 3.60s
Epoch 0/10 64/1001 loss: 0.8962 time 3.59s
Epoch 0/10 65/1001 loss: 0.8950 time 3.60s
Epoch 0/10 66/1001 loss: 0.8961 time 3.59s
Epoch 0/10 67/1001 loss: 0.8962 time 3.59s
Epoch 0/10 68/1001 loss: 0.8948 time 3.59s
Epoch 0/10 69/1001 loss: 0.8954 time 3.59s
Epoch 0/10 70/1001 loss: 0.8942 time 3.59s
Epoch 0/10 71/1001 loss: 0.8954 time 3.58s
Epoch 0/10 72/1001 loss: 0.8954 time 3.59s
Epoch 0/10 73/1001 loss: 0.8963 time 3.58s
Epoch 0/10 74/1001 loss: 0.8958 time 3.58s
Epoch 0/10 75/1001 loss: 0.8964 time 3.58s
Epoch 0/10 76/1001 loss: 0.8967 time 3.59s
Epoch 0/10 77/1001 loss: 0.8959 time 3.59s
Epoch 0/10 78/1001 loss: 0.8943 time 3.57s
Epoch 0/10 79/1001 loss: 0.8951 time 3.59s
Epoch 0/10 80/1001 loss: 0.8958 time 3.58s
Epoch 0/10 81/1001 loss: 0.8959 time 3.58s
Epoch 0/10 82/1001 loss: 0.8958 time 3.58s
Epoch 0/10 83/1001 loss: 0.8949 time 3.58s
Epoch 0/10 84/1001 loss: 0.8934 time 3.58s
Epoch 0/10 85/1001 loss: 0.8927 time 3.58s
Epoch 0/10 86/1001 loss: 0.8925 time 3.58s
Epoch 0/10 87/1001 loss: 0.8918 time 3.57s
Epoch 0/10 88/1001 loss: 0.8924 time 3.58s
Epoch 0/10 89/1001 loss: 0.8908 time 3.58s
Epoch 0/10 90/1001 loss: 0.8908 time 3.58s
Epoch 0/10 91/1001 loss: 0.8909 time 3.58s
Epoch 0/10 92/1001 loss: 0.8920 time 3.57s
Epoch 0/10 93/1001 loss: 0.8922 time 3.57s
Epoch 0/10 94/1001 loss: 0.8925 time 3.58s
Epoch 0/10 95/1001 loss: 0.8929 time 3.57s
Epoch 0/10 96/1001 loss: 0.8928 time 3.57s
Epoch 0/10 97/1001 loss: 0.8937 time 3.57s
Epoch 0/10 98/1001 loss: 0.8944 time 3.57s
Epoch 0/10 99/1001 loss: 0.8929 time 3.57s
Epoch 0/10 100/1001 loss: 0.8923 time 3.58s
Epoch 0/10 101/1001 loss: 0.8924 time 3.58s
Epoch 0/10 102/1001 loss: 0.8919 time 3.57s
Epoch 0/10 103/1001 loss: 0.8916 time 3.58s
Epoch 0/10 104/1001 loss: 0.8913 time 3.57s
Epoch 0/10 105/1001 loss: 0.8912 time 3.58s
Epoch 0/10 106/1001 loss: 0.8911 time 3.58s
Epoch 0/10 107/1001 loss: 0.8902 time 3.56s
Epoch 0/10 108/1001 loss: 0.8897 time 3.57s
Epoch 0/10 109/1001 loss: 0.8906 time 3.56s
Epoch 0/10 110/1001 loss: 0.8904 time 3.57s
Epoch 0/10 111/1001 loss: 0.8906 time 3.58s
Epoch 0/10 112/1001 loss: 0.8913 time 3.56s
Epoch 0/10 113/1001 loss: 0.8901 time 3.57s
Epoch 0/10 114/1001 loss: 0.8891 time 3.57s
Epoch 0/10 115/1001 loss: 0.8895 time 3.57s
Epoch 0/10 116/1001 loss: 0.8888 time 3.57s
Epoch 0/10 117/1001 loss: 0.8889 time 3.57s
Epoch 0/10 118/1001 loss: 0.8889 time 3.57s
Epoch 0/10 119/1001 loss: 0.8879 time 3.56s
Epoch 0/10 120/1001 loss: 0.8875 time 3.56s
Epoch 0/10 121/1001 loss: 0.8878 time 3.58s
Epoch 0/10 122/1001 loss: 0.8877 time 3.56s
Epoch 0/10 123/1001 loss: 0.8870 time 3.56s
Epoch 0/10 124/1001 loss: 0.8863 time 3.58s
Epoch 0/10 125/1001 loss: 0.8869 time 3.56s
Epoch 0/10 126/1001 loss: 0.8869 time 3.58s
Epoch 0/10 127/1001 loss: 0.8876 time 3.56s
Epoch 0/10 128/1001 loss: 0.8869 time 3.56s
Epoch 0/10 129/1001 loss: 0.8856 time 3.58s
Epoch 0/10 130/1001 loss: 0.8854 time 3.56s
Epoch 0/10 131/1001 loss: 0.8852 time 3.56s
Epoch 0/10 132/1001 loss: 0.8850 time 3.57s
Epoch 0/10 133/1001 loss: 0.8854 time 3.57s
Epoch 0/10 134/1001 loss: 0.8849 time 3.57s
Epoch 0/10 135/1001 loss: 0.8844 time 3.56s
Epoch 0/10 136/1001 loss: 0.8838 time 3.57s
Epoch 0/10 137/1001 loss: 0.8835 time 3.57s
Epoch 0/10 138/1001 loss: 0.8832 time 3.56s
Epoch 0/10 139/1001 loss: 0.8824 time 3.57s
Epoch 0/10 140/1001 loss: 0.8821 time 3.58s
Epoch 0/10 141/1001 loss: 0.8818 time 3.57s
Epoch 0/10 142/1001 loss: 0.8824 time 3.56s
Epoch 0/10 143/1001 loss: 0.8826 time 3.56s
Epoch 0/10 144/1001 loss: 0.8817 time 3.56s
Epoch 0/10 145/1001 loss: 0.8814 time 3.56s
Epoch 0/10 146/1001 loss: 0.8820 time 3.58s
Epoch 0/10 147/1001 loss: 0.8821 time 3.57s
Epoch 0/10 148/1001 loss: 0.8812 time 3.56s
Epoch 0/10 149/1001 loss: 0.8812 time 3.57s
Epoch 0/10 150/1001 loss: 0.8811 time 3.57s
Epoch 0/10 151/1001 loss: 0.8814 time 3.56s
Epoch 0/10 152/1001 loss: 0.8806 time 3.56s
Epoch 0/10 153/1001 loss: 0.8808 time 3.57s
Epoch 0/10 154/1001 loss: 0.8813 time 3.57s
Epoch 0/10 155/1001 loss: 0.8807 time 3.57s
Epoch 0/10 156/1001 loss: 0.8803 time 3.57s
Epoch 0/10 157/1001 loss: 0.8794 time 3.57s
Epoch 0/10 158/1001 loss: 0.8788 time 3.56s
Epoch 0/10 159/1001 loss: 0.8780 time 3.56s
Epoch 0/10 160/1001 loss: 0.8778 time 3.56s
Epoch 0/10 161/1001 loss: 0.8776 time 3.56s
Epoch 0/10 162/1001 loss: 0.8775 time 3.56s
Epoch 0/10 163/1001 loss: 0.8770 time 3.57s
Epoch 0/10 164/1001 loss: 0.8773 time 3.57s
Epoch 0/10 165/1001 loss: 0.8771 time 3.57s
Epoch 0/10 166/1001 loss: 0.8773 time 3.56s
Epoch 0/10 167/1001 loss: 0.8769 time 3.56s
Epoch 0/10 168/1001 loss: 0.8767 time 3.56s
Epoch 0/10 169/1001 loss: 0.8767 time 3.56s
Epoch 0/10 170/1001 loss: 0.8764 time 3.57s
Epoch 0/10 171/1001 loss: 0.8762 time 3.56s
Epoch 0/10 172/1001 loss: 0.8761 time 3.57s
Epoch 0/10 173/1001 loss: 0.8760 time 3.57s
Epoch 0/10 174/1001 loss: 0.8752 time 3.57s
Epoch 0/10 175/1001 loss: 0.8756 time 3.56s
Epoch 0/10 176/1001 loss: 0.8748 time 3.56s
Epoch 0/10 177/1001 loss: 0.8750 time 3.57s
Epoch 0/10 178/1001 loss: 0.8747 time 3.56s
Epoch 0/10 179/1001 loss: 0.8741 time 3.56s
Epoch 0/10 180/1001 loss: 0.8745 time 3.56s
Epoch 0/10 181/1001 loss: 0.8749 time 3.57s
Epoch 0/10 182/1001 loss: 0.8743 time 3.56s
Epoch 0/10 183/1001 loss: 0.8737 time 3.56s
Epoch 0/10 184/1001 loss: 0.8734 time 3.56s
Epoch 0/10 185/1001 loss: 0.8732 time 3.57s
Epoch 0/10 186/1001 loss: 0.8729 time 3.56s
Epoch 0/10 187/1001 loss: 0.8722 time 3.56s
Epoch 0/10 188/1001 loss: 0.8718 time 3.56s
Epoch 0/10 189/1001 loss: 0.8720 time 3.56s
Epoch 0/10 190/1001 loss: 0.8723 time 3.57s
Epoch 0/10 191/1001 loss: 0.8725 time 3.56s
Epoch 0/10 192/1001 loss: 0.8718 time 3.57s
Epoch 0/10 193/1001 loss: 0.8709 time 3.57s
Epoch 0/10 194/1001 loss: 0.8708 time 3.57s
Epoch 0/10 195/1001 loss: 0.8704 time 3.56s
Epoch 0/10 196/1001 loss: 0.8707 time 3.56s
Epoch 0/10 197/1001 loss: 0.8705 time 3.56s
Epoch 0/10 198/1001 loss: 0.8703 time 3.56s
Epoch 0/10 199/1001 loss: 0.8707 time 3.56s
Epoch 0/10 200/1001 loss: 0.8708 time 3.56s
Epoch 0/10 201/1001 loss: 0.8707 time 3.56s
Epoch 0/10 202/1001 loss: 0.8702 time 3.58s
Epoch 0/10 203/1001 loss: 0.8703 time 3.57s
Epoch 0/10 204/1001 loss: 0.8702 time 3.57s
Epoch 0/10 205/1001 loss: 0.8704 time 3.57s
Epoch 0/10 206/1001 loss: 0.8700 time 3.56s
Epoch 0/10 207/1001 loss: 0.8699 time 3.56s
Epoch 0/10 208/1001 loss: 0.8699 time 3.57s
Epoch 0/10 209/1001 loss: 0.8696 time 3.57s
Epoch 0/10 210/1001 loss: 0.8695 time 3.57s
Epoch 0/10 211/1001 loss: 0.8691 time 3.57s
Epoch 0/10 212/1001 loss: 0.8688 time 3.57s
Epoch 0/10 213/1001 loss: 0.8683 time 3.57s
Epoch 0/10 214/1001 loss: 0.8684 time 3.58s
Epoch 0/10 215/1001 loss: 0.8682 time 3.56s
Epoch 0/10 216/1001 loss: 0.8686 time 3.58s
Epoch 0/10 217/1001 loss: 0.8687 time 3.56s
Epoch 0/10 218/1001 loss: 0.8685 time 3.56s
Epoch 0/10 219/1001 loss: 0.8684 time 3.58s
Epoch 0/10 220/1001 loss: 0.8686 time 3.56s
Epoch 0/10 221/1001 loss: 0.8679 time 3.56s
Epoch 0/10 222/1001 loss: 0.8678 time 3.57s
Epoch 0/10 223/1001 loss: 0.8674 time 3.58s
Epoch 0/10 224/1001 loss: 0.8670 time 3.57s
Epoch 0/10 225/1001 loss: 0.8671 time 3.57s
Epoch 0/10 226/1001 loss: 0.8669 time 3.56s
Epoch 0/10 227/1001 loss: 0.8670 time 3.57s
Epoch 0/10 228/1001 loss: 0.8674 time 3.56s
Epoch 0/10 229/1001 loss: 0.8677 time 3.57s
Epoch 0/10 230/1001 loss: 0.8678 time 3.56s
Epoch 0/10 231/1001 loss: 0.8676 time 3.57s
Epoch 0/10 232/1001 loss: 0.8675 time 3.56s
Epoch 0/10 233/1001 loss: 0.8669 time 3.56s
Epoch 0/10 234/1001 loss: 0.8664 time 3.58s
Epoch 0/10 235/1001 loss: 0.8663 time 3.57s
Epoch 0/10 236/1001 loss: 0.8665 time 3.57s
Epoch 0/10 237/1001 loss: 0.8668 time 3.56s
Epoch 0/10 238/1001 loss: 0.8662 time 3.58s
Epoch 0/10 239/1001 loss: 0.8656 time 3.57s
Epoch 0/10 240/1001 loss: 0.8652 time 3.56s
Epoch 0/10 241/1001 loss: 0.8648 time 3.57s
Epoch 0/10 242/1001 loss: 0.8647 time 3.56s
Epoch 0/10 243/1001 loss: 0.8644 time 3.56s
Epoch 0/10 244/1001 loss: 0.8645 time 3.58s
Epoch 0/10 245/1001 loss: 0.8643 time 3.57s
Epoch 0/10 246/1001 loss: 0.8641 time 3.57s
Epoch 0/10 247/1001 loss: 0.8642 time 3.56s
Epoch 0/10 248/1001 loss: 0.8636 time 3.57s
Epoch 0/10 249/1001 loss: 0.8635 time 3.57s
Epoch 0/10 250/1001 loss: 0.8631 time 3.57s
Epoch 0/10 251/1001 loss: 0.8626 time 3.56s
Epoch 0/10 252/1001 loss: 0.8619 time 3.57s
Epoch 0/10 253/1001 loss: 0.8620 time 3.58s
Epoch 0/10 254/1001 loss: 0.8622 time 3.57s
Epoch 0/10 255/1001 loss: 0.8625 time 3.58s
Epoch 0/10 256/1001 loss: 0.8630 time 3.57s
Epoch 0/10 257/1001 loss: 0.8626 time 3.57s
Epoch 0/10 258/1001 loss: 0.8622 time 3.56s
Epoch 0/10 259/1001 loss: 0.8624 time 3.56s
Epoch 0/10 260/1001 loss: 0.8624 time 3.56s
Epoch 0/10 261/1001 loss: 0.8625 time 3.56s
Epoch 0/10 262/1001 loss: 0.8625 time 3.56s
Epoch 0/10 263/1001 loss: 0.8618 time 3.56s
Epoch 0/10 264/1001 loss: 0.8613 time 3.58s
Epoch 0/10 265/1001 loss: 0.8612 time 3.57s
Epoch 0/10 266/1001 loss: 0.8611 time 3.57s
Epoch 0/10 267/1001 loss: 0.8605 time 3.57s
Epoch 0/10 268/1001 loss: 0.8606 time 3.57s
Epoch 0/10 269/1001 loss: 0.8603 time 3.57s
Epoch 0/10 270/1001 loss: 0.8606 time 3.56s
Epoch 0/10 271/1001 loss: 0.8601 time 3.56s
Epoch 0/10 272/1001 loss: 0.8600 time 3.57s
Epoch 0/10 273/1001 loss: 0.8600 time 3.56s
Epoch 0/10 274/1001 loss: 0.8601 time 3.56s
Epoch 0/10 275/1001 loss: 0.8601 time 3.56s
Epoch 0/10 276/1001 loss: 0.8594 time 3.57s
Epoch 0/10 277/1001 loss: 0.8598 time 3.57s
Epoch 0/10 278/1001 loss: 0.8590 time 3.56s
Epoch 0/10 279/1001 loss: 0.8584 time 3.56s
Epoch 0/10 280/1001 loss: 0.8586 time 3.56s
Epoch 0/10 281/1001 loss: 0.8582 time 3.57s
Epoch 0/10 282/1001 loss: 0.8583 time 3.58s
Epoch 0/10 283/1001 loss: 0.8580 time 3.56s
Epoch 0/10 284/1001 loss: 0.8578 time 3.57s
Epoch 0/10 285/1001 loss: 0.8576 time 3.57s
Epoch 0/10 286/1001 loss: 0.8580 time 3.56s
Epoch 0/10 287/1001 loss: 0.8580 time 3.57s
Epoch 0/10 288/1001 loss: 0.8575 time 3.57s
Epoch 0/10 289/1001 loss: 0.8570 time 3.58s
Epoch 0/10 290/1001 loss: 0.8567 time 3.57s
Epoch 0/10 291/1001 loss: 0.8562 time 3.56s
Epoch 0/10 292/1001 loss: 0.8561 time 3.58s
Epoch 0/10 293/1001 loss: 0.8555 time 3.56s
Epoch 0/10 294/1001 loss: 0.8557 time 3.56s
Epoch 0/10 295/1001 loss: 0.8558 time 3.56s
Epoch 0/10 296/1001 loss: 0.8554 time 3.58s
Epoch 0/10 297/1001 loss: 0.8548 time 3.57s
Epoch 0/10 298/1001 loss: 0.8546 time 3.56s
Epoch 0/10 299/1001 loss: 0.8546 time 3.57s
Epoch 0/10 300/1001 loss: 0.8550 time 3.57s
Epoch 0/10 301/1001 loss: 0.8549 time 3.58s
Epoch 0/10 302/1001 loss: 0.8550 time 3.56s
Epoch 0/10 303/1001 loss: 0.8547 time 3.57s
Epoch 0/10 304/1001 loss: 0.8544 time 3.57s
Epoch 0/10 305/1001 loss: 0.8538 time 3.57s
Epoch 0/10 306/1001 loss: 0.8531 time 3.57s
Epoch 0/10 307/1001 loss: 0.8527 time 3.57s
Epoch 0/10 308/1001 loss: 0.8523 time 3.58s
Epoch 0/10 309/1001 loss: 0.8524 time 3.57s
Epoch 0/10 310/1001 loss: 0.8519 time 3.57s
Epoch 0/10 311/1001 loss: 0.8518 time 3.58s
Epoch 0/10 312/1001 loss: 0.8514 time 3.56s
Epoch 0/10 313/1001 loss: 0.8515 time 3.58s
Epoch 0/10 314/1001 loss: 0.8511 time 3.56s
Epoch 0/10 315/1001 loss: 0.8512 time 3.56s
Epoch 0/10 316/1001 loss: 0.8511 time 3.58s
Epoch 0/10 317/1001 loss: 0.8508 time 3.57s
Epoch 0/10 318/1001 loss: 0.8507 time 3.58s
Epoch 0/10 319/1001 loss: 0.8502 time 3.58s
Epoch 0/10 320/1001 loss: 0.8501 time 3.57s
Epoch 0/10 321/1001 loss: 0.8494 time 3.56s
Epoch 0/10 322/1001 loss: 0.8494 time 3.57s
Epoch 0/10 323/1001 loss: 0.8494 time 3.57s
Epoch 0/10 324/1001 loss: 0.8491 time 3.56s
Epoch 0/10 325/1001 loss: 0.8489 time 3.57s
Epoch 0/10 326/1001 loss: 0.8487 time 3.56s
Epoch 0/10 327/1001 loss: 0.8487 time 3.57s
Epoch 0/10 328/1001 loss: 0.8488 time 3.56s
Epoch 0/10 329/1001 loss: 0.8491 time 3.58s
Epoch 0/10 330/1001 loss: 0.8493 time 3.57s
Epoch 0/10 331/1001 loss: 0.8493 time 3.58s
Epoch 0/10 332/1001 loss: 0.8488 time 3.57s
Epoch 0/10 333/1001 loss: 0.8491 time 3.56s
Epoch 0/10 334/1001 loss: 0.8494 time 3.56s
Epoch 0/10 335/1001 loss: 0.8495 time 3.56s
Epoch 0/10 336/1001 loss: 0.8495 time 3.58s
Epoch 0/10 337/1001 loss: 0.8496 time 3.57s
Epoch 0/10 338/1001 loss: 0.8496 time 3.57s
Epoch 0/10 339/1001 loss: 0.8495 time 3.58s
Epoch 0/10 340/1001 loss: 0.8493 time 3.57s
Epoch 0/10 341/1001 loss: 0.8494 time 3.57s
Epoch 0/10 342/1001 loss: 0.8494 time 3.57s
Epoch 0/10 343/1001 loss: 0.8492 time 3.57s
Epoch 0/10 344/1001 loss: 0.8490 time 3.57s
Epoch 0/10 345/1001 loss: 0.8488 time 3.57s
Epoch 0/10 346/1001 loss: 0.8487 time 3.57s
Epoch 0/10 347/1001 loss: 0.8485 time 3.58s
Epoch 0/10 348/1001 loss: 0.8481 time 3.56s
Epoch 0/10 349/1001 loss: 0.8482 time 3.57s
Epoch 0/10 350/1001 loss: 0.8484 time 3.58s
Epoch 0/10 351/1001 loss: 0.8488 time 3.56s
Epoch 0/10 352/1001 loss: 0.8491 time 3.57s
Epoch 0/10 353/1001 loss: 0.8489 time 3.56s
Epoch 0/10 354/1001 loss: 0.8487 time 3.56s
Epoch 0/10 355/1001 loss: 0.8481 time 3.56s
Epoch 0/10 356/1001 loss: 0.8477 time 3.56s
Epoch 0/10 357/1001 loss: 0.8474 time 3.58s
Epoch 0/10 358/1001 loss: 0.8472 time 3.57s
Epoch 0/10 359/1001 loss: 0.8468 time 3.56s
Epoch 0/10 360/1001 loss: 0.8470 time 3.57s
Epoch 0/10 361/1001 loss: 0.8473 time 3.57s
Epoch 0/10 362/1001 loss: 0.8472 time 3.57s
Epoch 0/10 363/1001 loss: 0.8473 time 3.57s
Epoch 0/10 364/1001 loss: 0.8470 time 3.57s
Epoch 0/10 365/1001 loss: 0.8473 time 3.56s
Epoch 0/10 366/1001 loss: 0.8471 time 3.56s
Epoch 0/10 367/1001 loss: 0.8467 time 3.57s
Epoch 0/10 368/1001 loss: 0.8469 time 3.58s
Epoch 0/10 369/1001 loss: 0.8471 time 3.56s
Epoch 0/10 370/1001 loss: 0.8469 time 3.56s
Epoch 0/10 371/1001 loss: 0.8471 time 3.56s
Epoch 0/10 372/1001 loss: 0.8471 time 3.57s
Epoch 0/10 373/1001 loss: 0.8469 time 3.56s
Epoch 0/10 374/1001 loss: 0.8464 time 3.57s
Epoch 0/10 375/1001 loss: 0.8459 time 3.56s
Epoch 0/10 376/1001 loss: 0.8457 time 3.56s
Epoch 0/10 377/1001 loss: 0.8456 time 3.56s
Epoch 0/10 378/1001 loss: 0.8455 time 3.56s
Epoch 0/10 379/1001 loss: 0.8454 time 3.57s
Epoch 0/10 380/1001 loss: 0.8456 time 3.57s
Epoch 0/10 381/1001 loss: 0.8455 time 3.57s
Epoch 0/10 382/1001 loss: 0.8458 time 3.57s
Epoch 0/10 383/1001 loss: 0.8459 time 3.57s
Epoch 0/10 384/1001 loss: 0.8458 time 3.56s
Epoch 0/10 385/1001 loss: 0.8461 time 3.56s
Epoch 0/10 386/1001 loss: 0.8461 time 3.56s
Epoch 0/10 387/1001 loss: 0.8457 time 3.56s
Epoch 0/10 388/1001 loss: 0.8458 time 3.56s
Epoch 0/10 389/1001 loss: 0.8459 time 3.57s
Epoch 0/10 390/1001 loss: 0.8454 time 3.57s
Epoch 0/10 391/1001 loss: 0.8451 time 3.57s
Epoch 0/10 392/1001 loss: 0.8446 time 3.56s
Epoch 0/10 393/1001 loss: 0.8448 time 3.56s
Epoch 0/10 394/1001 loss: 0.8451 time 3.56s
Epoch 0/10 395/1001 loss: 0.8452 time 3.56s
Epoch 0/10 396/1001 loss: 0.8453 time 3.57s
Epoch 0/10 397/1001 loss: 0.8448 time 3.57s
Epoch 0/10 398/1001 loss: 0.8446 time 3.57s
Epoch 0/10 399/1001 loss: 0.8444 time 3.56s
Epoch 0/10 400/1001 loss: 0.8444 time 3.57s
Epoch 0/10 401/1001 loss: 0.8443 time 3.57s
Epoch 0/10 402/1001 loss: 0.8446 time 3.56s
Epoch 0/10 403/1001 loss: 0.8448 time 3.56s
Epoch 0/10 404/1001 loss: 0.8447 time 3.56s
Epoch 0/10 405/1001 loss: 0.8449 time 3.56s
Epoch 0/10 406/1001 loss: 0.8445 time 3.58s
Epoch 0/10 407/1001 loss: 0.8445 time 3.56s
Epoch 0/10 408/1001 loss: 0.8445 time 3.56s
Epoch 0/10 409/1001 loss: 0.8444 time 3.56s
Epoch 0/10 410/1001 loss: 0.8445 time 3.57s
Epoch 0/10 411/1001 loss: 0.8445 time 3.57s
Epoch 0/10 412/1001 loss: 0.8441 time 3.57s
Epoch 0/10 413/1001 loss: 0.8440 time 3.57s
Epoch 0/10 414/1001 loss: 0.8438 time 3.56s
Epoch 0/10 415/1001 loss: 0.8436 time 3.58s
Epoch 0/10 416/1001 loss: 0.8432 time 3.57s
Epoch 0/10 417/1001 loss: 0.8431 time 3.57s
Epoch 0/10 418/1001 loss: 0.8432 time 3.57s
Epoch 0/10 419/1001 loss: 0.8431 time 3.57s
Epoch 0/10 420/1001 loss: 0.8429 time 3.57s
Epoch 0/10 421/1001 loss: 0.8426 time 3.57s
Epoch 0/10 422/1001 loss: 0.8430 time 3.56s
Epoch 0/10 423/1001 loss: 0.8424 time 3.56s
Epoch 0/10 424/1001 loss: 0.8421 time 3.56s
Epoch 0/10 425/1001 loss: 0.8423 time 3.56s
Epoch 0/10 426/1001 loss: 0.8417 time 3.56s
Epoch 0/10 427/1001 loss: 0.8416 time 3.56s
Epoch 0/10 428/1001 loss: 0.8411 time 3.56s
Epoch 0/10 429/1001 loss: 0.8408 time 3.56s
Epoch 0/10 430/1001 loss: 0.8409 time 3.56s
Epoch 0/10 431/1001 loss: 0.8406 time 3.56s
Epoch 0/10 432/1001 loss: 0.8401 time 3.56s
Epoch 0/10 433/1001 loss: 0.8395 time 3.56s
Epoch 0/10 434/1001 loss: 0.8394 time 3.57s
Epoch 0/10 435/1001 loss: 0.8389 time 3.56s
Epoch 0/10 436/1001 loss: 0.8386 time 3.57s
Epoch 0/10 437/1001 loss: 0.8383 time 3.57s
Epoch 0/10 438/1001 loss: 0.8383 time 3.57s
Epoch 0/10 439/1001 loss: 0.8384 time 3.57s
Epoch 0/10 440/1001 loss: 0.8385 time 3.56s
Epoch 0/10 441/1001 loss: 0.8380 time 3.56s
Epoch 0/10 442/1001 loss: 0.8382 time 3.56s
Epoch 0/10 443/1001 loss: 0.8377 time 3.56s
Epoch 0/10 444/1001 loss: 0.8377 time 3.56s
Epoch 0/10 445/1001 loss: 0.8373 time 3.57s
Epoch 0/10 446/1001 loss: 0.8369 time 3.56s
Epoch 0/10 447/1001 loss: 0.8365 time 3.56s
Epoch 0/10 448/1001 loss: 0.8363 time 3.57s
Epoch 0/10 449/1001 loss: 0.8365 time 3.56s
Epoch 0/10 450/1001 loss: 0.8362 time 3.56s
Epoch 0/10 451/1001 loss: 0.8363 time 3.56s
Epoch 0/10 452/1001 loss: 0.8360 time 3.56s
Epoch 0/10 453/1001 loss: 0.8358 time 3.56s
Epoch 0/10 454/1001 loss: 0.8357 time 3.57s
Epoch 0/10 455/1001 loss: 0.8357 time 3.56s
Epoch 0/10 456/1001 loss: 0.8359 time 3.57s
Epoch 0/10 457/1001 loss: 0.8357 time 3.57s
Epoch 0/10 458/1001 loss: 0.8358 time 3.56s
Epoch 0/10 459/1001 loss: 0.8354 time 3.57s
Epoch 0/10 460/1001 loss: 0.8354 time 3.57s
Epoch 0/10 461/1001 loss: 0.8356 time 3.57s
Epoch 0/10 462/1001 loss: 0.8356 time 3.57s
Epoch 0/10 463/1001 loss: 0.8359 time 3.56s
Epoch 0/10 464/1001 loss: 0.8355 time 3.56s
Epoch 0/10 465/1001 loss: 0.8354 time 3.56s
Epoch 0/10 466/1001 loss: 0.8352 time 3.56s
Epoch 0/10 467/1001 loss: 0.8352 time 3.56s
Epoch 0/10 468/1001 loss: 0.8353 time 3.56s
Epoch 0/10 469/1001 loss: 0.8352 time 3.57s
Epoch 0/10 470/1001 loss: 0.8348 time 3.57s
Epoch 0/10 471/1001 loss: 0.8344 time 3.57s
Epoch 0/10 472/1001 loss: 0.8343 time 3.56s
Epoch 0/10 473/1001 loss: 0.8337 time 3.57s
Epoch 0/10 474/1001 loss: 0.8338 time 3.56s
Epoch 0/10 475/1001 loss: 0.8337 time 3.57s
Epoch 0/10 476/1001 loss: 0.8334 time 3.56s
Epoch 0/10 477/1001 loss: 0.8334 time 3.57s
Epoch 0/10 478/1001 loss: 0.8335 time 3.56s
Epoch 0/10 479/1001 loss: 0.8332 time 3.56s
Epoch 0/10 480/1001 loss: 0.8333 time 3.57s
Epoch 0/10 481/1001 loss: 0.8335 time 3.57s
Epoch 0/10 482/1001 loss: 0.8335 time 3.56s
Epoch 0/10 483/1001 loss: 0.8337 time 3.56s
Epoch 0/10 484/1001 loss: 0.8334 time 3.57s
Epoch 0/10 485/1001 loss: 0.8335 time 3.57s
Epoch 0/10 486/1001 loss: 0.8334 time 3.56s
Epoch 0/10 487/1001 loss: 0.8331 time 3.56s
Epoch 0/10 488/1001 loss: 0.8330 time 3.56s
Epoch 0/10 489/1001 loss: 0.8332 time 3.57s
Epoch 0/10 490/1001 loss: 0.8331 time 3.56s
Epoch 0/10 491/1001 loss: 0.8328 time 3.56s
Epoch 0/10 492/1001 loss: 0.8326 time 3.57s
Epoch 0/10 493/1001 loss: 0.8322 time 3.57s
Epoch 0/10 494/1001 loss: 0.8324 time 3.57s
Epoch 0/10 495/1001 loss: 0.8322 time 3.57s
Epoch 0/10 496/1001 loss: 0.8323 time 3.57s
Epoch 0/10 497/1001 loss: 0.8321 time 3.57s
Epoch 0/10 498/1001 loss: 0.8322 time 3.57s
Epoch 0/10 499/1001 loss: 0.8321 time 3.56s
Epoch 0/10 500/1001 loss: 0.8318 time 3.56s
Epoch 0/10 501/1001 loss: 0.8313 time 3.57s
Epoch 0/10 502/1001 loss: 0.8310 time 3.56s
Epoch 0/10 503/1001 loss: 0.8306 time 3.56s
Epoch 0/10 504/1001 loss: 0.8307 time 3.57s
Epoch 0/10 505/1001 loss: 0.8306 time 3.57s
Epoch 0/10 506/1001 loss: 0.8305 time 3.56s
Epoch 0/10 507/1001 loss: 0.8302 time 3.56s
Epoch 0/10 508/1001 loss: 0.8299 time 3.57s
Epoch 0/10 509/1001 loss: 0.8295 time 3.56s
Epoch 0/10 510/1001 loss: 0.8291 time 3.56s
Epoch 0/10 511/1001 loss: 0.8288 time 3.57s
Epoch 0/10 512/1001 loss: 0.8289 time 3.57s
Epoch 0/10 513/1001 loss: 0.8284 time 3.57s
Epoch 0/10 514/1001 loss: 0.8283 time 3.57s
Epoch 0/10 515/1001 loss: 0.8280 time 3.56s
Epoch 0/10 516/1001 loss: 0.8275 time 3.57s
Epoch 0/10 517/1001 loss: 0.8276 time 3.56s
Epoch 0/10 518/1001 loss: 0.8276 time 3.56s
Epoch 0/10 519/1001 loss: 0.8272 time 3.56s
Epoch 0/10 520/1001 loss: 0.8270 time 3.56s
Epoch 0/10 521/1001 loss: 0.8269 time 3.56s
Epoch 0/10 522/1001 loss: 0.8263 time 3.56s
Epoch 0/10 523/1001 loss: 0.8263 time 3.56s
Epoch 0/10 524/1001 loss: 0.8264 time 3.56s
Epoch 0/10 525/1001 loss: 0.8263 time 3.56s
Epoch 0/10 526/1001 loss: 0.8265 time 3.56s
Epoch 0/10 527/1001 loss: 0.8268 time 3.56s
Epoch 0/10 528/1001 loss: 0.8268 time 3.56s
Epoch 0/10 529/1001 loss: 0.8268 time 3.57s
Epoch 0/10 530/1001 loss: 0.8267 time 3.56s
Epoch 0/10 531/1001 loss: 0.8263 time 3.56s
Epoch 0/10 532/1001 loss: 0.8266 time 3.57s
Epoch 0/10 533/1001 loss: 0.8264 time 3.57s
Epoch 0/10 534/1001 loss: 0.8263 time 3.57s
Epoch 0/10 535/1001 loss: 0.8260 time 3.56s
Epoch 0/10 536/1001 loss: 0.8253 time 3.56s
Epoch 0/10 537/1001 loss: 0.8251 time 3.56s
Epoch 0/10 538/1001 loss: 0.8251 time 3.57s
Epoch 0/10 539/1001 loss: 0.8252 time 3.56s
Epoch 0/10 540/1001 loss: 0.8249 time 3.56s
Epoch 0/10 541/1001 loss: 0.8250 time 3.56s
Epoch 0/10 542/1001 loss: 0.8251 time 3.56s
Epoch 0/10 543/1001 loss: 0.8248 time 3.56s
Epoch 0/10 544/1001 loss: 0.8245 time 3.57s
Epoch 0/10 545/1001 loss: 0.8241 time 3.57s
Epoch 0/10 546/1001 loss: 0.8238 time 3.56s
Epoch 0/10 547/1001 loss: 0.8234 time 3.56s
Epoch 0/10 548/1001 loss: 0.8229 time 3.57s
Epoch 0/10 549/1001 loss: 0.8230 time 3.57s
Epoch 0/10 550/1001 loss: 0.8228 time 3.56s
Epoch 0/10 551/1001 loss: 0.8227 time 3.57s
Epoch 0/10 552/1001 loss: 0.8225 time 3.57s
Epoch 0/10 553/1001 loss: 0.8227 time 3.57s
Epoch 0/10 554/1001 loss: 0.8225 time 3.56s
Epoch 0/10 555/1001 loss: 0.8224 time 3.57s
Epoch 0/10 556/1001 loss: 0.8221 time 3.56s
Epoch 0/10 557/1001 loss: 0.8222 time 3.56s
Epoch 0/10 558/1001 loss: 0.8219 time 3.56s
Epoch 0/10 559/1001 loss: 0.8215 time 3.56s
Epoch 0/10 560/1001 loss: 0.8213 time 3.56s
Epoch 0/10 561/1001 loss: 0.8210 time 3.57s
Epoch 0/10 562/1001 loss: 0.8206 time 3.56s
Epoch 0/10 563/1001 loss: 0.8204 time 3.56s
Epoch 0/10 564/1001 loss: 0.8200 time 3.56s
Epoch 0/10 565/1001 loss: 0.8199 time 3.57s
Epoch 0/10 566/1001 loss: 0.8195 time 3.56s
Epoch 0/10 567/1001 loss: 0.8191 time 3.56s
Epoch 0/10 568/1001 loss: 0.8191 time 3.56s
Epoch 0/10 569/1001 loss: 0.8188 time 3.56s
Epoch 0/10 570/1001 loss: 0.8188 time 3.58s
Epoch 0/10 571/1001 loss: 0.8185 time 3.56s
Epoch 0/10 572/1001 loss: 0.8188 time 3.57s
Epoch 0/10 573/1001 loss: 0.8185 time 3.57s
Epoch 0/10 574/1001 loss: 0.8186 time 3.57s
Epoch 0/10 575/1001 loss: 0.8186 time 3.56s
Epoch 0/10 576/1001 loss: 0.8182 time 3.56s
Epoch 0/10 577/1001 loss: 0.8177 time 3.57s
Epoch 0/10 578/1001 loss: 0.8175 time 3.56s
Epoch 0/10 579/1001 loss: 0.8173 time 3.56s
Epoch 0/10 580/1001 loss: 0.8174 time 3.56s
Epoch 0/10 581/1001 loss: 0.8172 time 3.56s
Epoch 0/10 582/1001 loss: 0.8171 time 3.56s
Epoch 0/10 583/1001 loss: 0.8169 time 3.56s
Epoch 0/10 584/1001 loss: 0.8166 time 3.57s
Epoch 0/10 585/1001 loss: 0.8160 time 3.56s
Epoch 0/10 586/1001 loss: 0.8158 time 3.57s
Epoch 0/10 587/1001 loss: 0.8159 time 3.56s
Epoch 0/10 588/1001 loss: 0.8158 time 3.57s
Epoch 0/10 589/1001 loss: 0.8155 time 3.57s
Epoch 0/10 590/1001 loss: 0.8156 time 3.57s
Epoch 0/10 591/1001 loss: 0.8154 time 3.57s
Epoch 0/10 592/1001 loss: 0.8151 time 3.56s
Epoch 0/10 593/1001 loss: 0.8153 time 3.56s
Epoch 0/10 594/1001 loss: 0.8154 time 3.57s
Epoch 0/10 595/1001 loss: 0.8152 time 3.56s
Epoch 0/10 596/1001 loss: 0.8147 time 3.56s
Epoch 0/10 597/1001 loss: 0.8146 time 3.57s
Epoch 0/10 598/1001 loss: 0.8147 time 3.57s
Epoch 0/10 599/1001 loss: 0.8147 time 3.56s
Epoch 0/10 600/1001 loss: 0.8145 time 3.56s
Epoch 0/10 601/1001 loss: 0.8143 time 3.56s
Epoch 0/10 602/1001 loss: 0.8142 time 3.56s
Epoch 0/10 603/1001 loss: 0.8144 time 3.56s
Epoch 0/10 604/1001 loss: 0.8140 time 3.56s
Epoch 0/10 605/1001 loss: 0.8139 time 3.56s
Epoch 0/10 606/1001 loss: 0.8136 time 3.57s
Epoch 0/10 607/1001 loss: 0.8138 time 3.56s
Epoch 0/10 608/1001 loss: 0.8134 time 3.57s
Epoch 0/10 609/1001 loss: 0.8129 time 3.57s
Epoch 0/10 610/1001 loss: 0.8132 time 3.57s
Epoch 0/10 611/1001 loss: 0.8129 time 3.56s
Epoch 0/10 612/1001 loss: 0.8130 time 3.56s
Epoch 0/10 613/1001 loss: 0.8128 time 3.57s
Epoch 0/10 614/1001 loss: 0.8124 time 3.56s
Epoch 0/10 615/1001 loss: 0.8123 time 3.56s
Epoch 0/10 616/1001 loss: 0.8121 time 3.57s
Epoch 0/10 617/1001 loss: 0.8117 time 3.57s
Epoch 0/10 618/1001 loss: 0.8119 time 3.56s
Epoch 0/10 619/1001 loss: 0.8119 time 3.56s
Epoch 0/10 620/1001 loss: 0.8120 time 3.56s
Epoch 0/10 621/1001 loss: 0.8119 time 3.56s
Epoch 0/10 622/1001 loss: 0.8118 time 3.56s
Epoch 0/10 623/1001 loss: 0.8118 time 3.57s
Epoch 0/10 624/1001 loss: 0.8114 time 3.57s
Epoch 0/10 625/1001 loss: 0.8113 time 3.57s
Epoch 0/10 626/1001 loss: 0.8110 time 3.57s
Epoch 0/10 627/1001 loss: 0.8105 time 3.56s
Epoch 0/10 628/1001 loss: 0.8104 time 3.57s
Epoch 0/10 629/1001 loss: 0.8101 time 3.57s
Epoch 0/10 630/1001 loss: 0.8099 time 3.56s
Epoch 0/10 631/1001 loss: 0.8097 time 3.58s
Epoch 0/10 632/1001 loss: 0.8095 time 3.57s
Epoch 0/10 633/1001 loss: 0.8092 time 3.57s
Epoch 0/10 634/1001 loss: 0.8094 time 3.56s
Epoch 0/10 635/1001 loss: 0.8095 time 3.57s
Epoch 0/10 636/1001 loss: 0.8094 time 3.56s
Epoch 0/10 637/1001 loss: 0.8091 time 3.57s
Epoch 0/10 638/1001 loss: 0.8088 time 3.56s
Epoch 0/10 639/1001 loss: 0.8085 time 3.56s
Epoch 0/10 640/1001 loss: 0.8084 time 3.56s
Epoch 0/10 641/1001 loss: 0.8080 time 3.57s
Epoch 0/10 642/1001 loss: 0.8074 time 3.56s
Epoch 0/10 643/1001 loss: 0.8070 time 3.56s
Epoch 0/10 644/1001 loss: 0.8071 time 3.57s
Epoch 0/10 645/1001 loss: 0.8073 time 3.56s
Epoch 0/10 646/1001 loss: 0.8070 time 3.57s
Epoch 0/10 647/1001 loss: 0.8066 time 3.57s
Epoch 0/10 648/1001 loss: 0.8067 time 3.57s
Epoch 0/10 649/1001 loss: 0.8063 time 3.56s
Epoch 0/10 650/1001 loss: 0.8061 time 3.56s
Epoch 0/10 651/1001 loss: 0.8060 time 3.56s
Epoch 0/10 652/1001 loss: 0.8062 time 3.56s
Epoch 0/10 653/1001 loss: 0.8061 time 3.57s
Epoch 0/10 654/1001 loss: 0.8060 time 3.56s
Epoch 0/10 655/1001 loss: 0.8059 time 3.57s
Epoch 0/10 656/1001 loss: 0.8055 time 3.57s
Epoch 0/10 657/1001 loss: 0.8053 time 3.57s
Epoch 0/10 658/1001 loss: 0.8050 time 3.56s
Epoch 0/10 659/1001 loss: 0.8048 time 3.56s
Epoch 0/10 660/1001 loss: 0.8043 time 3.56s
Epoch 0/10 661/1001 loss: 0.8039 time 3.56s
Epoch 0/10 662/1001 loss: 0.8036 time 3.57s
Epoch 0/10 663/1001 loss: 0.8036 time 3.56s
Epoch 0/10 664/1001 loss: 0.8034 time 3.57s
Epoch 0/10 665/1001 loss: 0.8029 time 3.56s
Epoch 0/10 666/1001 loss: 0.8024 time 3.56s
Epoch 0/10 667/1001 loss: 0.8021 time 3.57s
Epoch 0/10 668/1001 loss: 0.8020 time 3.56s
Epoch 0/10 669/1001 loss: 0.8023 time 3.56s
Epoch 0/10 670/1001 loss: 0.8020 time 3.56s
Epoch 0/10 671/1001 loss: 0.8015 time 3.57s
Epoch 0/10 672/1001 loss: 0.8014 time 3.57s
Epoch 0/10 673/1001 loss: 0.8011 time 3.57s
Epoch 0/10 674/1001 loss: 0.8010 time 3.56s
Epoch 0/10 675/1001 loss: 0.8007 time 3.56s
Epoch 0/10 676/1001 loss: 0.8008 time 3.57s
Epoch 0/10 677/1001 loss: 0.8003 time 3.57s
Epoch 0/10 678/1001 loss: 0.8000 time 3.56s
Epoch 0/10 679/1001 loss: 0.7996 time 3.56s
Epoch 0/10 680/1001 loss: 0.7997 time 3.56s
Epoch 0/10 681/1001 loss: 0.7993 time 3.56s
Epoch 0/10 682/1001 loss: 0.7992 time 3.57s
Epoch 0/10 683/1001 loss: 0.7988 time 3.57s
Epoch 0/10 684/1001 loss: 0.7986 time 3.57s
Epoch 0/10 685/1001 loss: 0.7981 time 3.57s
Epoch 0/10 686/1001 loss: 0.7977 time 3.56s
Epoch 0/10 687/1001 loss: 0.7971 time 3.56s
Epoch 0/10 688/1001 loss: 0.7968 time 3.56s
Epoch 0/10 689/1001 loss: 0.7964 time 3.56s
Epoch 0/10 690/1001 loss: 0.7962 time 3.56s
Epoch 0/10 691/1001 loss: 0.7960 time 3.56s
Epoch 0/10 692/1001 loss: 0.7957 time 3.56s
Epoch 0/10 693/1001 loss: 0.7960 time 3.56s
Epoch 0/10 694/1001 loss: 0.7960 time 3.58s
Epoch 0/10 695/1001 loss: 0.7956 time 3.56s
Epoch 0/10 696/1001 loss: 0.7951 time 3.56s
Epoch 0/10 697/1001 loss: 0.7945 time 3.57s
Epoch 0/10 698/1001 loss: 0.7945 time 3.56s
Epoch 0/10 699/1001 loss: 0.7942 time 3.56s
Epoch 0/10 700/1001 loss: 0.7939 time 3.57s
Epoch 0/10 701/1001 loss: 0.7937 time 3.57s
Epoch 0/10 702/1001 loss: 0.7938 time 3.57s
Epoch 0/10 703/1001 loss: 0.7934 time 3.57s
Epoch 0/10 704/1001 loss: 0.7934 time 3.56s
Epoch 0/10 705/1001 loss: 0.7932 time 3.57s
Epoch 0/10 706/1001 loss: 0.7929 time 3.56s
Epoch 0/10 707/1001 loss: 0.7927 time 3.56s
Epoch 0/10 708/1001 loss: 0.7923 time 3.56s
Epoch 0/10 709/1001 loss: 0.7920 time 3.57s
Epoch 0/10 710/1001 loss: 0.7917 time 3.56s
Epoch 0/10 711/1001 loss: 0.7911 time 3.56s
Epoch 0/10 712/1001 loss: 0.7911 time 3.57s
Epoch 0/10 713/1001 loss: 0.7910 time 3.56s
Epoch 0/10 714/1001 loss: 0.7905 time 3.56s
Epoch 0/10 715/1001 loss: 0.7906 time 3.56s
Epoch 0/10 716/1001 loss: 0.7903 time 3.56s
Epoch 0/10 717/1001 loss: 0.7899 time 3.56s
Epoch 0/10 718/1001 loss: 0.7896 time 3.57s
Epoch 0/10 719/1001 loss: 0.7892 time 3.57s
Epoch 0/10 720/1001 loss: 0.7887 time 3.56s
Epoch 0/10 721/1001 loss: 0.7887 time 3.57s
Epoch 0/10 722/1001 loss: 0.7888 time 3.57s
Epoch 0/10 723/1001 loss: 0.7884 time 3.57s
Epoch 0/10 724/1001 loss: 0.7885 time 3.57s
Epoch 0/10 725/1001 loss: 0.7884 time 3.56s
Epoch 0/10 726/1001 loss: 0.7882 time 3.56s
Epoch 0/10 727/1001 loss: 0.7878 time 3.56s
Epoch 0/10 728/1001 loss: 0.7873 time 3.56s
Epoch 0/10 729/1001 loss: 0.7869 time 3.56s
Epoch 0/10 730/1001 loss: 0.7868 time 3.56s
Epoch 0/10 731/1001 loss: 0.7863 time 3.56s
Epoch 0/10 732/1001 loss: 0.7864 time 3.56s
Epoch 0/10 733/1001 loss: 0.7864 time 3.57s
Epoch 0/10 734/1001 loss: 0.7862 time 3.56s
Epoch 0/10 735/1001 loss: 0.7859 time 3.56s
Epoch 0/10 736/1001 loss: 0.7855 time 3.57s
Epoch 0/10 737/1001 loss: 0.7853 time 3.56s
Epoch 0/10 738/1001 loss: 0.7853 time 3.56s
Epoch 0/10 739/1001 loss: 0.7848 time 3.56s
Epoch 0/10 740/1001 loss: 0.7845 time 3.58s
Epoch 0/10 741/1001 loss: 0.7843 time 3.57s
Epoch 0/10 742/1001 loss: 0.7840 time 3.57s
Epoch 0/10 743/1001 loss: 0.7836 time 3.57s
Epoch 0/10 744/1001 loss: 0.7835 time 3.56s
Epoch 0/10 745/1001 loss: 0.7836 time 3.57s
Epoch 0/10 746/1001 loss: 0.7832 time 3.56s
Epoch 0/10 747/1001 loss: 0.7835 time 3.56s
Epoch 0/10 748/1001 loss: 0.7829 time 3.56s
Epoch 0/10 749/1001 loss: 0.7824 time 3.56s
Epoch 0/10 750/1001 loss: 0.7820 time 3.56s
Epoch 0/10 751/1001 loss: 0.7818 time 3.56s
Epoch 0/10 752/1001 loss: 0.7816 time 3.56s
Epoch 0/10 753/1001 loss: 0.7814 time 3.56s
Epoch 0/10 754/1001 loss: 0.7813 time 3.56s
Epoch 0/10 755/1001 loss: 0.7810 time 3.56s
Epoch 0/10 756/1001 loss: 0.7809 time 3.56s
Epoch 0/10 757/1001 loss: 0.7805 time 3.56s
Epoch 0/10 758/1001 loss: 0.7801 time 3.56s
Epoch 0/10 759/1001 loss: 0.7796 time 3.56s
Epoch 0/10 760/1001 loss: 0.7796 time 3.57s
Epoch 0/10 761/1001 loss: 0.7792 time 3.57s
Epoch 0/10 762/1001 loss: 0.7794 time 3.57s
Epoch 0/10 763/1001 loss: 0.7790 time 3.56s
Epoch 0/10 764/1001 loss: 0.7786 time 3.56s
Epoch 0/10 765/1001 loss: 0.7787 time 3.57s
Epoch 0/10 766/1001 loss: 0.7785 time 3.56s
Epoch 0/10 767/1001 loss: 0.7785 time 3.56s
Epoch 0/10 768/1001 loss: 0.7780 time 3.56s
Epoch 0/10 769/1001 loss: 0.7776 time 3.56s
Epoch 0/10 770/1001 loss: 0.7774 time 3.56s
Epoch 0/10 771/1001 loss: 0.7771 time 3.56s
Epoch 0/10 772/1001 loss: 0.7769 time 3.56s
Epoch 0/10 773/1001 loss: 0.7767 time 3.56s
Epoch 0/10 774/1001 loss: 0.7762 time 3.56s
Epoch 0/10 775/1001 loss: 0.7763 time 3.56s
Epoch 0/10 776/1001 loss: 0.7761 time 3.57s
Epoch 0/10 777/1001 loss: 0.7756 time 3.57s
Epoch 0/10 778/1001 loss: 0.7758 time 3.57s
Epoch 0/10 779/1001 loss: 0.7755 time 3.56s
Epoch 0/10 780/1001 loss: 0.7753 time 3.57s
Epoch 0/10 781/1001 loss: 0.7755 time 3.57s
Epoch 0/10 782/1001 loss: 0.7754 time 3.56s
Epoch 0/10 783/1001 loss: 0.7750 time 3.56s
Epoch 0/10 784/1001 loss: 0.7746 time 3.56s
Epoch 0/10 785/1001 loss: 0.7743 time 3.56s
Epoch 0/10 786/1001 loss: 0.7738 time 3.56s
Epoch 0/10 787/1001 loss: 0.7733 time 3.57s
Epoch 0/10 788/1001 loss: 0.7731 time 3.56s
Epoch 0/10 789/1001 loss: 0.7731 time 3.56s
Epoch 0/10 790/1001 loss: 0.7730 time 3.56s
Epoch 0/10 791/1001 loss: 0.7726 time 3.56s
Epoch 0/10 792/1001 loss: 0.7722 time 3.56s
Epoch 0/10 793/1001 loss: 0.7717 time 3.56s
Epoch 0/10 794/1001 loss: 0.7713 time 3.56s
Epoch 0/10 795/1001 loss: 0.7708 time 3.56s
Epoch 0/10 796/1001 loss: 0.7705 time 3.57s
Epoch 0/10 797/1001 loss: 0.7705 time 3.57s
Epoch 0/10 798/1001 loss: 0.7699 time 3.57s
Epoch 0/10 799/1001 loss: 0.7700 time 3.57s
Epoch 0/10 800/1001 loss: 0.7699 time 3.56s
Epoch 0/10 801/1001 loss: 0.7695 time 3.57s
Epoch 0/10 802/1001 loss: 0.7691 time 3.56s
Epoch 0/10 803/1001 loss: 0.7685 time 3.56s
Epoch 0/10 804/1001 loss: 0.7680 time 3.56s
Epoch 0/10 805/1001 loss: 0.7676 time 3.56s
Epoch 0/10 806/1001 loss: 0.7672 time 3.56s
Epoch 0/10 807/1001 loss: 0.7668 time 3.56s
Epoch 0/10 808/1001 loss: 0.7668 time 3.56s
Epoch 0/10 809/1001 loss: 0.7665 time 3.56s
Epoch 0/10 810/1001 loss: 0.7661 time 3.57s
Epoch 0/10 811/1001 loss: 0.7659 time 3.56s
Epoch 0/10 812/1001 loss: 0.7652 time 3.56s
Epoch 0/10 813/1001 loss: 0.7648 time 3.57s
Epoch 0/10 814/1001 loss: 0.7646 time 3.56s
Epoch 0/10 815/1001 loss: 0.7647 time 3.56s
Epoch 0/10 816/1001 loss: 0.7645 time 3.57s
Epoch 0/10 817/1001 loss: 0.7640 time 3.57s
Epoch 0/10 818/1001 loss: 0.7638 time 3.56s
Epoch 0/10 819/1001 loss: 0.7635 time 3.57s
Epoch 0/10 820/1001 loss: 0.7633 time 3.56s
Epoch 0/10 821/1001 loss: 0.7631 time 3.56s
Epoch 0/10 822/1001 loss: 0.7627 time 3.56s
Epoch 0/10 823/1001 loss: 0.7622 time 3.56s
Epoch 0/10 824/1001 loss: 0.7619 time 3.56s
Epoch 0/10 825/1001 loss: 0.7616 time 3.57s
Epoch 0/10 826/1001 loss: 0.7611 time 3.56s
Epoch 0/10 827/1001 loss: 0.7608 time 3.57s
Epoch 0/10 828/1001 loss: 0.7609 time 3.56s
Epoch 0/10 829/1001 loss: 0.7609 time 3.57s
Epoch 0/10 830/1001 loss: 0.7606 time 3.56s
Epoch 0/10 831/1001 loss: 0.7600 time 3.56s
Epoch 0/10 832/1001 loss: 0.7601 time 3.56s
Epoch 0/10 833/1001 loss: 0.7597 time 3.56s
Epoch 0/10 834/1001 loss: 0.7592 time 3.56s
Epoch 0/10 835/1001 loss: 0.7588 time 3.57s
Epoch 0/10 836/1001 loss: 0.7583 time 3.57s
Epoch 0/10 837/1001 loss: 0.7582 time 3.57s
Epoch 0/10 838/1001 loss: 0.7577 time 3.56s
Epoch 0/10 839/1001 loss: 0.7572 time 3.56s
Epoch 0/10 840/1001 loss: 0.7568 time 3.56s
Epoch 0/10 841/1001 loss: 0.7569 time 3.57s
Epoch 0/10 842/1001 loss: 0.7570 time 3.56s
Epoch 0/10 843/1001 loss: 0.7569 time 3.56s
Epoch 0/10 844/1001 loss: 0.7569 time 3.57s
Epoch 0/10 845/1001 loss: 0.7568 time 3.56s
Epoch 0/10 846/1001 loss: 0.7569 time 3.56s
Epoch 0/10 847/1001 loss: 0.7565 time 3.56s
Epoch 0/10 848/1001 loss: 0.7563 time 3.56s
Epoch 0/10 849/1001 loss: 0.7563 time 3.57s
Epoch 0/10 850/1001 loss: 0.7560 time 3.56s
Epoch 0/10 851/1001 loss: 0.7559 time 3.56s
Epoch 0/10 852/1001 loss: 0.7558 time 3.57s
Epoch 0/10 853/1001 loss: 0.7554 time 3.57s
Epoch 0/10 854/1001 loss: 0.7549 time 3.57s
Epoch 0/10 855/1001 loss: 0.7547 time 3.56s
Epoch 0/10 856/1001 loss: 0.7545 time 3.57s
Epoch 0/10 857/1001 loss: 0.7539 time 3.56s
Epoch 0/10 858/1001 loss: 0.7537 time 3.57s
Epoch 0/10 859/1001 loss: 0.7537 time 3.56s
Epoch 0/10 860/1001 loss: 0.7536 time 3.57s
Epoch 0/10 861/1001 loss: 0.7534 time 3.56s
Epoch 0/10 862/1001 loss: 0.7531 time 3.57s
Epoch 0/10 863/1001 loss: 0.7528 time 3.56s
Epoch 0/10 864/1001 loss: 0.7523 time 3.56s
Epoch 0/10 865/1001 loss: 0.7521 time 3.57s
Epoch 0/10 866/1001 loss: 0.7518 time 3.56s
Epoch 0/10 867/1001 loss: 0.7516 time 3.56s
Epoch 0/10 868/1001 loss: 0.7512 time 3.57s
Epoch 0/10 869/1001 loss: 0.7508 time 3.56s
Epoch 0/10 870/1001 loss: 0.7505 time 3.56s
Epoch 0/10 871/1001 loss: 0.7504 time 3.57s
Epoch 0/10 872/1001 loss: 0.7503 time 3.56s
Epoch 0/10 873/1001 loss: 0.7504 time 3.57s
Epoch 0/10 874/1001 loss: 0.7501 time 3.57s
Epoch 0/10 875/1001 loss: 0.7501 time 3.56s
Epoch 0/10 876/1001 loss: 0.7497 time 3.57s
Epoch 0/10 877/1001 loss: 0.7496 time 3.56s
Epoch 0/10 878/1001 loss: 0.7492 time 3.56s
Epoch 0/10 879/1001 loss: 0.7490 time 3.56s
Epoch 0/10 880/1001 loss: 0.7489 time 3.56s
Epoch 0/10 881/1001 loss: 0.7484 time 3.56s
Epoch 0/10 882/1001 loss: 0.7480 time 3.56s
Epoch 0/10 883/1001 loss: 0.7479 time 3.57s
Epoch 0/10 884/1001 loss: 0.7481 time 3.56s
Epoch 0/10 885/1001 loss: 0.7478 time 3.56s
Epoch 0/10 886/1001 loss: 0.7475 time 3.56s
Epoch 0/10 887/1001 loss: 0.7472 time 3.56s
Epoch 0/10 888/1001 loss: 0.7469 time 3.56s
Epoch 0/10 889/1001 loss: 0.7466 time 3.57s
Epoch 0/10 890/1001 loss: 0.7463 time 3.57s
Epoch 0/10 891/1001 loss: 0.7459 time 3.56s
Epoch 0/10 892/1001 loss: 0.7459 time 3.57s
Epoch 0/10 893/1001 loss: 0.7454 time 3.57s
Epoch 0/10 894/1001 loss: 0.7449 time 3.57s
Epoch 0/10 895/1001 loss: 0.7445 time 3.56s
Epoch 0/10 896/1001 loss: 0.7439 time 3.56s
Epoch 0/10 897/1001 loss: 0.7437 time 3.56s
Epoch 0/10 898/1001 loss: 0.7437 time 3.58s
Epoch 0/10 899/1001 loss: 0.7433 time 3.57s
Epoch 0/10 900/1001 loss: 0.7433 time 3.56s
Epoch 0/10 901/1001 loss: 0.7431 time 3.56s
Epoch 0/10 902/1001 loss: 0.7428 time 3.57s
Epoch 0/10 903/1001 loss: 0.7424 time 3.56s
Epoch 0/10 904/1001 loss: 0.7423 time 3.56s
Epoch 0/10 905/1001 loss: 0.7418 time 3.56s
Epoch 0/10 906/1001 loss: 0.7413 time 3.56s
Epoch 0/10 907/1001 loss: 0.7408 time 3.56s
Epoch 0/10 908/1001 loss: 0.7407 time 3.56s
Epoch 0/10 909/1001 loss: 0.7405 time 3.56s
Epoch 0/10 910/1001 loss: 0.7402 time 3.57s
Epoch 0/10 911/1001 loss: 0.7398 time 3.57s
Epoch 0/10 912/1001 loss: 0.7396 time 3.57s
Epoch 0/10 913/1001 loss: 0.7392 time 3.57s
Epoch 0/10 914/1001 loss: 0.7393 time 3.57s
Epoch 0/10 915/1001 loss: 0.7390 time 3.57s
Epoch 0/10 916/1001 loss: 0.7386 time 3.58s
Epoch 0/10 917/1001 loss: 0.7381 time 3.56s
Epoch 0/10 918/1001 loss: 0.7377 time 3.56s
Epoch 0/10 919/1001 loss: 0.7373 time 3.56s
Epoch 0/10 920/1001 loss: 0.7370 time 3.56s
Epoch 0/10 921/1001 loss: 0.7365 time 3.56s
Epoch 0/10 922/1001 loss: 0.7363 time 3.58s
Epoch 0/10 923/1001 loss: 0.7361 time 3.56s
Epoch 0/10 924/1001 loss: 0.7357 time 3.56s
Epoch 0/10 925/1001 loss: 0.7353 time 3.57s
Epoch 0/10 926/1001 loss: 0.7350 time 3.56s
Epoch 0/10 927/1001 loss: 0.7353 time 3.56s
Epoch 0/10 928/1001 loss: 0.7350 time 3.57s
Epoch 0/10 929/1001 loss: 0.7349 time 3.57s
Epoch 0/10 930/1001 loss: 0.7349 time 3.57s
Epoch 0/10 931/1001 loss: 0.7347 time 3.57s
Epoch 0/10 932/1001 loss: 0.7345 time 3.57s
Epoch 0/10 933/1001 loss: 0.7341 time 3.56s
Epoch 0/10 934/1001 loss: 0.7336 time 3.56s
Epoch 0/10 935/1001 loss: 0.7336 time 3.56s
Epoch 0/10 936/1001 loss: 0.7333 time 3.56s
Epoch 0/10 937/1001 loss: 0.7329 time 3.56s
Epoch 0/10 938/1001 loss: 0.7329 time 3.56s
Epoch 0/10 939/1001 loss: 0.7328 time 3.56s
Epoch 0/10 940/1001 loss: 0.7323 time 3.57s
Epoch 0/10 941/1001 loss: 0.7318 time 3.56s
Epoch 0/10 942/1001 loss: 0.7314 time 3.56s
Epoch 0/10 943/1001 loss: 0.7312 time 3.57s
Epoch 0/10 944/1001 loss: 0.7310 time 3.56s
Epoch 0/10 945/1001 loss: 0.7305 time 3.56s
Epoch 0/10 946/1001 loss: 0.7301 time 3.56s
Epoch 0/10 947/1001 loss: 0.7298 time 3.56s
Epoch 0/10 948/1001 loss: 0.7293 time 3.57s
Epoch 0/10 949/1001 loss: 0.7290 time 3.57s
Epoch 0/10 950/1001 loss: 0.7287 time 3.56s
Epoch 0/10 951/1001 loss: 0.7284 time 3.57s
Epoch 0/10 952/1001 loss: 0.7281 time 3.57s
Epoch 0/10 953/1001 loss: 0.7278 time 3.58s
Epoch 0/10 954/1001 loss: 0.7275 time 3.57s
Epoch 0/10 955/1001 loss: 0.7275 time 3.56s
Epoch 0/10 956/1001 loss: 0.7271 time 3.56s
Epoch 0/10 957/1001 loss: 0.7269 time 3.57s
Epoch 0/10 958/1001 loss: 0.7266 time 3.58s
Epoch 0/10 959/1001 loss: 0.7266 time 3.56s
Epoch 0/10 960/1001 loss: 0.7268 time 3.56s
Epoch 0/10 961/1001 loss: 0.7264 time 3.57s
Epoch 0/10 962/1001 loss: 0.7262 time 3.56s
Epoch 0/10 963/1001 loss: 0.7258 time 3.56s
Epoch 0/10 964/1001 loss: 0.7254 time 3.57s
Epoch 0/10 965/1001 loss: 0.7253 time 3.56s
Epoch 0/10 966/1001 loss: 0.7248 time 3.57s
Epoch 0/10 967/1001 loss: 0.7242 time 3.57s
Epoch 0/10 968/1001 loss: 0.7239 time 3.57s
Epoch 0/10 969/1001 loss: 0.7238 time 3.57s
Epoch 0/10 970/1001 loss: 0.7233 time 3.57s
Epoch 0/10 971/1001 loss: 0.7230 time 3.56s
Epoch 0/10 972/1001 loss: 0.7226 time 3.56s
Epoch 0/10 973/1001 loss: 0.7221 time 3.56s
Epoch 0/10 974/1001 loss: 0.7217 time 3.57s
Epoch 0/10 975/1001 loss: 0.7215 time 3.56s
Epoch 0/10 976/1001 loss: 0.7212 time 3.56s
Epoch 0/10 977/1001 loss: 0.7206 time 3.56s
Epoch 0/10 978/1001 loss: 0.7204 time 3.57s
Epoch 0/10 979/1001 loss: 0.7205 time 3.56s
Epoch 0/10 980/1001 loss: 0.7201 time 3.56s
Epoch 0/10 981/1001 loss: 0.7199 time 3.56s
Epoch 0/10 982/1001 loss: 0.7197 time 3.56s
Epoch 0/10 983/1001 loss: 0.7193 time 3.56s
Epoch 0/10 984/1001 loss: 0.7188 time 3.56s
Epoch 0/10 985/1001 loss: 0.7189 time 3.57s
Epoch 0/10 986/1001 loss: 0.7188 time 3.57s
Epoch 0/10 987/1001 loss: 0.7183 time 3.57s
Epoch 0/10 988/1001 loss: 0.7181 time 3.57s
Epoch 0/10 989/1001 loss: 0.7178 time 3.57s
Epoch 0/10 990/1001 loss: 0.7173 time 3.56s
Epoch 0/10 991/1001 loss: 0.7170 time 3.56s
Epoch 0/10 992/1001 loss: 0.7169 time 3.56s
Epoch 0/10 993/1001 loss: 0.7165 time 3.57s
Epoch 0/10 994/1001 loss: 0.7161 time 3.56s
Epoch 0/10 995/1001 loss: 0.7163 time 3.56s
Epoch 0/10 996/1001 loss: 0.7159 time 3.56s
Epoch 0/10 997/1001 loss: 0.7154 time 3.56s
Epoch 0/10 998/1001 loss: 0.7151 time 3.56s
Epoch 0/10 999/1001 loss: 0.7149 time 3.56s
Epoch 0/10 1000/1001 loss: 0.7145 time 3.56s
Final training  0/9 loss: 0.7145 time 3590.45s
None of the inputs have requires_grad=True. Gradients will be None
Traceback (most recent call last):
  File "chosen_model.py", line 375, in <module>
    ) = trainer(
  File "chosen_model.py", line 313, in trainer
    val_acc = val_epoch(
  File "chosen_model.py", line 245, in val_epoch
    logits = model_inferer(data)
  File "/home/guest185/hackathon_38/lib/python3.8/site-packages/monai/inferers/utils.py", line 223, in sliding_window_inference
    seg_prob_out = predictor(win_data, *args, **kwargs)  # batched patch
  File "/home/guest185/hackathon_38/lib/python3.8/site-packages/torch/nn/modules/module.py", line 1194, in _call_impl
    return forward_call(*input, **kwargs)
  File "/home/guest185/hackathon_38/lib/python3.8/site-packages/monai/networks/nets/swin_unetr.py", line 301, in forward
    hidden_states_out = self.swinViT(x_in, self.normalize)
  File "/home/guest185/hackathon_38/lib/python3.8/site-packages/torch/nn/modules/module.py", line 1194, in _call_impl
    return forward_call(*input, **kwargs)
  File "/home/guest185/hackathon_38/lib/python3.8/site-packages/monai/networks/nets/swin_unetr.py", line 1043, in forward
    x1 = self.layers1[0](x0.contiguous())
  File "/home/guest185/hackathon_38/lib/python3.8/site-packages/torch/nn/modules/module.py", line 1194, in _call_impl
    return forward_call(*input, **kwargs)
  File "/home/guest185/hackathon_38/lib/python3.8/site-packages/monai/networks/nets/swin_unetr.py", line 879, in forward
    x = blk(x, attn_mask)
  File "/home/guest185/hackathon_38/lib/python3.8/site-packages/torch/nn/modules/module.py", line 1194, in _call_impl
    return forward_call(*input, **kwargs)
  File "/home/guest185/hackathon_38/lib/python3.8/site-packages/monai/networks/nets/swin_unetr.py", line 672, in forward
    x = checkpoint.checkpoint(self.forward_part1, x, mask_matrix)
  File "/home/guest185/hackathon_38/lib/python3.8/site-packages/torch/utils/checkpoint.py", line 249, in checkpoint
    return CheckpointFunction.apply(function, preserve, *args)
  File "/home/guest185/hackathon_38/lib/python3.8/site-packages/torch/utils/checkpoint.py", line 107, in forward
    outputs = run_function(*args)
  File "/home/guest185/hackathon_38/lib/python3.8/site-packages/monai/networks/nets/swin_unetr.py", line 612, in forward_part1
    attn_windows = self.attn(x_windows, mask=attn_mask)
  File "/home/guest185/hackathon_38/lib/python3.8/site-packages/torch/nn/modules/module.py", line 1194, in _call_impl
    return forward_call(*input, **kwargs)
  File "/home/guest185/hackathon_38/lib/python3.8/site-packages/monai/networks/nets/swin_unetr.py", line 501, in forward
    attn = attn + relative_position_bias.unsqueeze(0)
torch.cuda.OutOfMemoryError: CUDA out of memory. Tried to allocate 5.26 GiB (GPU 0; 14.58 GiB total capacity; 8.78 GiB already allocated; 3.88 GiB free; 9.70 GiB reserved in total by PyTorch) If reserved memory is >> allocated memory try setting max_split_size_mb to avoid fragmentation.  See documentation for Memory Management and PYTORCH_CUDA_ALLOC_CONF
