MONAI version: 1.2.0rc7+9.g84940298
Numpy version: 1.24.2
Pytorch version: 1.13.1
MONAI flags: HAS_EXT = False, USE_COMPILED = False, USE_META_DICT = False
MONAI rev id: 84940298bff9ff1f54845eb8ae7422c0092c09c1
MONAI __file__: /home/guest185/hackathon_38/lib/python3.8/site-packages/monai/__init__.py

Optional dependencies:
Pytorch Ignite version: 0.4.2
ITK version: NOT INSTALLED or UNKNOWN VERSION.
Nibabel version: 5.1.0
scikit-image version: 0.19.3
Pillow version: 9.5.0
Tensorboard version: 2.13.0
gdown version: 4.7.1
TorchVision version: 0.14.1
tqdm version: 4.65.0
lmdb version: 1.2.1
psutil version: 5.9.4
pandas version: 1.5.3
einops version: 0.6.1
transformers version: 4.21.3
mlflow version: NOT INSTALLED or UNKNOWN VERSION.
pynrrd version: 1.0.0

For details about installing the optional dependencies, please visit:
    https://docs.monai.io/en/latest/installation.html#installing-the-recommended-dependencies

/tmp/tmph9_fy8r_
image shape: (240, 240, 155), label shape: (240, 240, 155)
Thu May 25 10:17:44 2023 Epoch: 0
In the future `np.bool` will be defined as the corresponding NumPy scalar.
In the future `np.bool` will be defined as the corresponding NumPy scalar.
In the future `np.bool` will be defined as the corresponding NumPy scalar.
In the future `np.bool` will be defined as the corresponding NumPy scalar.
monai.transforms.io.dictionary LoadImaged.__init__:image_only: Current default value of argument `image_only=False` has been deprecated since version 1.1. It will be changed to `image_only=True` in version 1.3.
In the future `np.bool` will be defined as the corresponding NumPy scalar.
In the future `np.bool` will be defined as the corresponding NumPy scalar.
Epoch 0/100 0/1001 loss: 0.9848 time 23.20s
Epoch 0/100 1/1001 loss: 0.9617 time 3.57s
Epoch 0/100 2/1001 loss: 0.9560 time 3.45s
Epoch 0/100 3/1001 loss: 0.9410 time 3.44s
Epoch 0/100 4/1001 loss: 0.9489 time 3.45s
Epoch 0/100 5/1001 loss: 0.9558 time 3.44s
Epoch 0/100 6/1001 loss: 0.9621 time 3.45s
Epoch 0/100 7/1001 loss: 0.9646 time 3.46s
Epoch 0/100 8/1001 loss: 0.9580 time 3.47s
Epoch 0/100 9/1001 loss: 0.9577 time 3.46s
Epoch 0/100 10/1001 loss: 0.9576 time 3.47s
Epoch 0/100 11/1001 loss: 0.9540 time 3.48s
Epoch 0/100 12/1001 loss: 0.9548 time 3.47s
Epoch 0/100 13/1001 loss: 0.9555 time 3.47s
Epoch 0/100 14/1001 loss: 0.9506 time 3.49s
Epoch 0/100 15/1001 loss: 0.9468 time 3.48s
Epoch 0/100 16/1001 loss: 0.9497 time 3.48s
Epoch 0/100 17/1001 loss: 0.9490 time 3.48s
Epoch 0/100 18/1001 loss: 0.9517 time 3.48s
Epoch 0/100 19/1001 loss: 0.9503 time 3.48s
Epoch 0/100 20/1001 loss: 0.9504 time 3.49s
Epoch 0/100 21/1001 loss: 0.9496 time 3.49s
Epoch 0/100 22/1001 loss: 0.9497 time 3.48s
Epoch 0/100 23/1001 loss: 0.9438 time 3.50s
Epoch 0/100 24/1001 loss: 0.9389 time 3.50s
Epoch 0/100 25/1001 loss: 0.9413 time 3.50s
Epoch 0/100 26/1001 loss: 0.9420 time 3.51s
Epoch 0/100 27/1001 loss: 0.9408 time 3.50s
Epoch 0/100 28/1001 loss: 0.9407 time 3.51s
Epoch 0/100 29/1001 loss: 0.9387 time 3.52s
Epoch 0/100 30/1001 loss: 0.9407 time 3.50s
Epoch 0/100 31/1001 loss: 0.9385 time 3.50s
Epoch 0/100 32/1001 loss: 0.9386 time 3.52s
Epoch 0/100 33/1001 loss: 0.9392 time 3.51s
Epoch 0/100 34/1001 loss: 0.9390 time 3.52s
Epoch 0/100 35/1001 loss: 0.9352 time 3.52s
Epoch 0/100 36/1001 loss: 0.9368 time 3.51s
Epoch 0/100 37/1001 loss: 0.9382 time 3.52s
Epoch 0/100 38/1001 loss: 0.9383 time 3.52s
Epoch 0/100 39/1001 loss: 0.9398 time 3.51s
Epoch 0/100 40/1001 loss: 0.9398 time 3.52s
Epoch 0/100 41/1001 loss: 0.9399 time 3.52s
Epoch 0/100 42/1001 loss: 0.9395 time 3.52s
Epoch 0/100 43/1001 loss: 0.9409 time 3.52s
Epoch 0/100 44/1001 loss: 0.9403 time 3.52s
Epoch 0/100 45/1001 loss: 0.9410 time 3.52s
Epoch 0/100 46/1001 loss: 0.9398 time 3.53s
Epoch 0/100 47/1001 loss: 0.9407 time 3.53s
Epoch 0/100 48/1001 loss: 0.9380 time 3.53s
Epoch 0/100 49/1001 loss: 0.9376 time 3.53s
Epoch 0/100 50/1001 loss: 0.9376 time 3.52s
Epoch 0/100 51/1001 loss: 0.9368 time 3.53s
Epoch 0/100 52/1001 loss: 0.9380 time 3.53s
Epoch 0/100 53/1001 loss: 0.9377 time 3.53s
Epoch 0/100 54/1001 loss: 0.9368 time 3.52s
Epoch 0/100 55/1001 loss: 0.9379 time 3.52s
Epoch 0/100 56/1001 loss: 0.9390 time 3.53s
Epoch 0/100 57/1001 loss: 0.9398 time 3.52s
Epoch 0/100 58/1001 loss: 0.9398 time 3.53s
Epoch 0/100 59/1001 loss: 0.9384 time 3.52s
Epoch 0/100 60/1001 loss: 0.9391 time 3.52s
Epoch 0/100 61/1001 loss: 0.9375 time 3.52s
Epoch 0/100 62/1001 loss: 0.9365 time 3.53s
Epoch 0/100 63/1001 loss: 0.9363 time 3.53s
Epoch 0/100 64/1001 loss: 0.9363 time 3.53s
Epoch 0/100 65/1001 loss: 0.9352 time 3.54s
Epoch 0/100 66/1001 loss: 0.9336 time 3.54s
Epoch 0/100 67/1001 loss: 0.9321 time 3.53s
Epoch 0/100 68/1001 loss: 0.9303 time 3.54s
Epoch 0/100 69/1001 loss: 0.9310 time 3.53s
Epoch 0/100 70/1001 loss: 0.9320 time 3.54s
Epoch 0/100 71/1001 loss: 0.9310 time 3.54s
Epoch 0/100 72/1001 loss: 0.9299 time 3.55s
Epoch 0/100 73/1001 loss: 0.9291 time 3.53s
Epoch 0/100 74/1001 loss: 0.9284 time 3.53s
Epoch 0/100 75/1001 loss: 0.9287 time 3.53s
Epoch 0/100 76/1001 loss: 0.9284 time 3.54s
Epoch 0/100 77/1001 loss: 0.9266 time 3.54s
Epoch 0/100 78/1001 loss: 0.9275 time 3.53s
Epoch 0/100 79/1001 loss: 0.9281 time 3.53s
Epoch 0/100 80/1001 loss: 0.9290 time 3.53s
Epoch 0/100 81/1001 loss: 0.9270 time 3.54s
Epoch 0/100 82/1001 loss: 0.9258 time 3.54s
Epoch 0/100 83/1001 loss: 0.9237 time 3.54s
Epoch 0/100 84/1001 loss: 0.9244 time 3.53s
Epoch 0/100 85/1001 loss: 0.9242 time 3.53s
Epoch 0/100 86/1001 loss: 0.9240 time 3.54s
Epoch 0/100 87/1001 loss: 0.9248 time 3.54s
Epoch 0/100 88/1001 loss: 0.9244 time 3.54s
Epoch 0/100 89/1001 loss: 0.9251 time 3.54s
Epoch 0/100 90/1001 loss: 0.9254 time 3.53s
Epoch 0/100 91/1001 loss: 0.9255 time 3.54s
Epoch 0/100 92/1001 loss: 0.9245 time 3.54s
Epoch 0/100 93/1001 loss: 0.9246 time 3.54s
Epoch 0/100 94/1001 loss: 0.9234 time 3.55s
Epoch 0/100 95/1001 loss: 0.9237 time 3.55s
Epoch 0/100 96/1001 loss: 0.9237 time 3.54s
Epoch 0/100 97/1001 loss: 0.9245 time 3.54s
Epoch 0/100 98/1001 loss: 0.9251 time 3.54s
Epoch 0/100 99/1001 loss: 0.9249 time 3.55s
Epoch 0/100 100/1001 loss: 0.9251 time 3.54s
Epoch 0/100 101/1001 loss: 0.9249 time 3.54s
Epoch 0/100 102/1001 loss: 0.9256 time 3.54s
Epoch 0/100 103/1001 loss: 0.9263 time 3.54s
Epoch 0/100 104/1001 loss: 0.9262 time 3.53s
Epoch 0/100 105/1001 loss: 0.9269 time 3.54s
Epoch 0/100 106/1001 loss: 0.9272 time 3.54s
Epoch 0/100 107/1001 loss: 0.9270 time 3.54s
Epoch 0/100 108/1001 loss: 0.9276 time 3.54s
Epoch 0/100 109/1001 loss: 0.9277 time 3.54s
Epoch 0/100 110/1001 loss: 0.9281 time 3.54s
Epoch 0/100 111/1001 loss: 0.9275 time 3.54s
Epoch 0/100 112/1001 loss: 0.9279 time 3.54s
Epoch 0/100 113/1001 loss: 0.9277 time 3.54s
Epoch 0/100 114/1001 loss: 0.9281 time 3.54s
Epoch 0/100 115/1001 loss: 0.9280 time 3.55s
Epoch 0/100 116/1001 loss: 0.9282 time 3.55s
Epoch 0/100 117/1001 loss: 0.9285 time 3.54s
Epoch 0/100 118/1001 loss: 0.9291 time 3.54s
Epoch 0/100 119/1001 loss: 0.9281 time 3.55s
Epoch 0/100 120/1001 loss: 0.9287 time 3.54s
Epoch 0/100 121/1001 loss: 0.9291 time 3.53s
Epoch 0/100 122/1001 loss: 0.9292 time 3.55s
Epoch 0/100 123/1001 loss: 0.9298 time 3.54s
Epoch 0/100 124/1001 loss: 0.9303 time 3.54s
Epoch 0/100 125/1001 loss: 0.9309 time 3.54s
Epoch 0/100 126/1001 loss: 0.9311 time 3.54s
Epoch 0/100 127/1001 loss: 0.9305 time 3.54s
Epoch 0/100 128/1001 loss: 0.9306 time 3.55s
Epoch 0/100 129/1001 loss: 0.9299 time 3.55s
Epoch 0/100 130/1001 loss: 0.9304 time 3.54s
Epoch 0/100 131/1001 loss: 0.9304 time 3.54s
Epoch 0/100 132/1001 loss: 0.9300 time 3.55s
Epoch 0/100 133/1001 loss: 0.9302 time 3.54s
Epoch 0/100 134/1001 loss: 0.9297 time 3.55s
Epoch 0/100 135/1001 loss: 0.9302 time 3.54s
Epoch 0/100 136/1001 loss: 0.9307 time 3.54s
Epoch 0/100 137/1001 loss: 0.9312 time 3.54s
Epoch 0/100 138/1001 loss: 0.9306 time 3.54s
Epoch 0/100 139/1001 loss: 0.9307 time 3.54s
Epoch 0/100 140/1001 loss: 0.9303 time 3.54s
Epoch 0/100 141/1001 loss: 0.9308 time 3.54s
Epoch 0/100 142/1001 loss: 0.9313 time 3.54s
Epoch 0/100 143/1001 loss: 0.9309 time 3.55s
Epoch 0/100 144/1001 loss: 0.9301 time 3.55s
Epoch 0/100 145/1001 loss: 0.9306 time 3.54s
Epoch 0/100 146/1001 loss: 0.9309 time 3.55s
Epoch 0/100 147/1001 loss: 0.9308 time 3.55s
Epoch 0/100 148/1001 loss: 0.9305 time 3.54s
Epoch 0/100 149/1001 loss: 0.9310 time 3.54s
Epoch 0/100 150/1001 loss: 0.9312 time 3.55s
Epoch 0/100 151/1001 loss: 0.9311 time 3.55s
Epoch 0/100 152/1001 loss: 0.9307 time 3.55s
Epoch 0/100 153/1001 loss: 0.9306 time 3.55s
Epoch 0/100 154/1001 loss: 0.9310 time 3.54s
Epoch 0/100 155/1001 loss: 0.9307 time 3.55s
Epoch 0/100 156/1001 loss: 0.9311 time 3.54s
Epoch 0/100 157/1001 loss: 0.9314 time 3.54s
Epoch 0/100 158/1001 loss: 0.9316 time 3.54s
Epoch 0/100 159/1001 loss: 0.9319 time 3.54s
Epoch 0/100 160/1001 loss: 0.9310 time 3.55s
Epoch 0/100 161/1001 loss: 0.9310 time 3.55s
Epoch 0/100 162/1001 loss: 0.9304 time 3.55s
Epoch 0/100 163/1001 loss: 0.9307 time 3.55s
Epoch 0/100 164/1001 loss: 0.9297 time 3.55s
Epoch 0/100 165/1001 loss: 0.9291 time 3.56s
Epoch 0/100 166/1001 loss: 0.9295 time 3.55s
Epoch 0/100 167/1001 loss: 0.9289 time 3.55s
Epoch 0/100 168/1001 loss: 0.9292 time 3.54s
Epoch 0/100 169/1001 loss: 0.9294 time 3.55s
Epoch 0/100 170/1001 loss: 0.9298 time 3.54s
Epoch 0/100 171/1001 loss: 0.9302 time 3.54s
Epoch 0/100 172/1001 loss: 0.9289 time 3.54s
Epoch 0/100 173/1001 loss: 0.9287 time 3.55s
Epoch 0/100 174/1001 loss: 0.9287 time 3.54s
Epoch 0/100 175/1001 loss: 0.9282 time 3.56s
Epoch 0/100 176/1001 loss: 0.9285 time 3.55s
Epoch 0/100 177/1001 loss: 0.9283 time 3.54s
Epoch 0/100 178/1001 loss: 0.9280 time 3.56s
Epoch 0/100 179/1001 loss: 0.9277 time 3.55s
Epoch 0/100 180/1001 loss: 0.9274 time 3.55s
Epoch 0/100 181/1001 loss: 0.9275 time 3.55s
Epoch 0/100 182/1001 loss: 0.9275 time 3.55s
Epoch 0/100 183/1001 loss: 0.9275 time 3.55s
Epoch 0/100 184/1001 loss: 0.9279 time 3.54s
Epoch 0/100 185/1001 loss: 0.9269 time 3.55s
Epoch 0/100 186/1001 loss: 0.9263 time 3.54s
Epoch 0/100 187/1001 loss: 0.9267 time 3.55s
Epoch 0/100 188/1001 loss: 0.9268 time 3.55s
Epoch 0/100 189/1001 loss: 0.9265 time 3.54s
Epoch 0/100 190/1001 loss: 0.9268 time 3.54s
Epoch 0/100 191/1001 loss: 0.9268 time 3.56s
Epoch 0/100 192/1001 loss: 0.9267 time 3.55s
Epoch 0/100 193/1001 loss: 0.9268 time 3.55s
Epoch 0/100 194/1001 loss: 0.9270 time 3.55s
Epoch 0/100 195/1001 loss: 0.9273 time 3.55s
Epoch 0/100 196/1001 loss: 0.9271 time 3.55s
Epoch 0/100 197/1001 loss: 0.9268 time 3.54s
Epoch 0/100 198/1001 loss: 0.9258 time 3.55s
Epoch 0/100 199/1001 loss: 0.9254 time 3.54s
Epoch 0/100 200/1001 loss: 0.9249 time 3.54s
Epoch 0/100 201/1001 loss: 0.9252 time 3.55s
Epoch 0/100 202/1001 loss: 0.9246 time 3.55s
Epoch 0/100 203/1001 loss: 0.9238 time 3.55s
Epoch 0/100 204/1001 loss: 0.9232 time 3.54s
Epoch 0/100 205/1001 loss: 0.9234 time 3.55s
Epoch 0/100 206/1001 loss: 0.9234 time 3.55s
Epoch 0/100 207/1001 loss: 0.9224 time 3.55s
Epoch 0/100 208/1001 loss: 0.9222 time 3.56s
Epoch 0/100 209/1001 loss: 0.9221 time 3.56s
Epoch 0/100 210/1001 loss: 0.9216 time 3.54s
Epoch 0/100 211/1001 loss: 0.9211 time 3.54s
Epoch 0/100 212/1001 loss: 0.9209 time 3.55s
Epoch 0/100 213/1001 loss: 0.9210 time 3.55s
Epoch 0/100 214/1001 loss: 0.9212 time 3.55s
Epoch 0/100 215/1001 loss: 0.9216 time 3.54s
Epoch 0/100 216/1001 loss: 0.9213 time 3.55s
Epoch 0/100 217/1001 loss: 0.9204 time 3.55s
Epoch 0/100 218/1001 loss: 0.9206 time 3.55s
Epoch 0/100 219/1001 loss: 0.9210 time 3.55s
Epoch 0/100 220/1001 loss: 0.9211 time 3.55s
Epoch 0/100 221/1001 loss: 0.9211 time 3.55s
Epoch 0/100 222/1001 loss: 0.9210 time 3.55s
Epoch 0/100 223/1001 loss: 0.9213 time 3.55s
Epoch 0/100 224/1001 loss: 0.9214 time 3.55s
Epoch 0/100 225/1001 loss: 0.9217 time 3.54s
Epoch 0/100 226/1001 loss: 0.9210 time 3.56s
Epoch 0/100 227/1001 loss: 0.9213 time 3.55s
Epoch 0/100 228/1001 loss: 0.9207 time 3.56s
Epoch 0/100 229/1001 loss: 0.9198 time 3.55s
Epoch 0/100 230/1001 loss: 0.9200 time 3.54s
Epoch 0/100 231/1001 loss: 0.9203 time 3.55s
Epoch 0/100 232/1001 loss: 0.9206 time 3.55s
Epoch 0/100 233/1001 loss: 0.9202 time 3.56s
Epoch 0/100 234/1001 loss: 0.9199 time 3.55s
Epoch 0/100 235/1001 loss: 0.9196 time 3.55s
Epoch 0/100 236/1001 loss: 0.9189 time 3.55s
Epoch 0/100 237/1001 loss: 0.9191 time 3.55s
Epoch 0/100 238/1001 loss: 0.9191 time 3.55s
Epoch 0/100 239/1001 loss: 0.9188 time 3.55s
Epoch 0/100 240/1001 loss: 0.9187 time 3.55s
Epoch 0/100 241/1001 loss: 0.9184 time 3.55s
Epoch 0/100 242/1001 loss: 0.9188 time 3.55s
Epoch 0/100 243/1001 loss: 0.9191 time 3.54s
Epoch 0/100 244/1001 loss: 0.9189 time 3.54s
Epoch 0/100 245/1001 loss: 0.9178 time 3.56s
Epoch 0/100 246/1001 loss: 0.9177 time 3.55s
Epoch 0/100 247/1001 loss: 0.9177 time 3.55s
Epoch 0/100 248/1001 loss: 0.9178 time 3.55s
Epoch 0/100 249/1001 loss: 0.9170 time 3.55s
Epoch 0/100 250/1001 loss: 0.9167 time 3.55s
Epoch 0/100 251/1001 loss: 0.9163 time 3.55s
Epoch 0/100 252/1001 loss: 0.9157 time 3.55s
Epoch 0/100 253/1001 loss: 0.9158 time 3.55s
Epoch 0/100 254/1001 loss: 0.9156 time 3.55s
Epoch 0/100 255/1001 loss: 0.9157 time 3.54s
Epoch 0/100 256/1001 loss: 0.9156 time 3.54s
Epoch 0/100 257/1001 loss: 0.9153 time 3.56s
Epoch 0/100 258/1001 loss: 0.9150 time 3.55s
Epoch 0/100 259/1001 loss: 0.9145 time 3.55s
Epoch 0/100 260/1001 loss: 0.9146 time 3.55s
Epoch 0/100 261/1001 loss: 0.9140 time 3.55s
Epoch 0/100 262/1001 loss: 0.9143 time 3.55s
Epoch 0/100 263/1001 loss: 0.9139 time 3.56s
Epoch 0/100 264/1001 loss: 0.9137 time 3.55s
Epoch 0/100 265/1001 loss: 0.9130 time 3.55s
Epoch 0/100 266/1001 loss: 0.9123 time 3.55s
Epoch 0/100 267/1001 loss: 0.9126 time 3.55s
Epoch 0/100 268/1001 loss: 0.9129 time 3.55s
Epoch 0/100 269/1001 loss: 0.9130 time 3.55s
Epoch 0/100 270/1001 loss: 0.9128 time 3.55s
Epoch 0/100 271/1001 loss: 0.9130 time 3.55s
Epoch 0/100 272/1001 loss: 0.9131 time 3.55s
Epoch 0/100 273/1001 loss: 0.9134 time 3.55s
Epoch 0/100 274/1001 loss: 0.9138 time 3.54s
Epoch 0/100 275/1001 loss: 0.9141 time 3.55s
Epoch 0/100 276/1001 loss: 0.9135 time 3.55s
Epoch 0/100 277/1001 loss: 0.9128 time 3.55s
Epoch 0/100 278/1001 loss: 0.9127 time 3.55s
Epoch 0/100 279/1001 loss: 0.9130 time 3.54s
Epoch 0/100 280/1001 loss: 0.9127 time 3.56s
Epoch 0/100 281/1001 loss: 0.9127 time 3.54s
Epoch 0/100 282/1001 loss: 0.9131 time 3.55s
Epoch 0/100 283/1001 loss: 0.9129 time 3.55s
Epoch 0/100 284/1001 loss: 0.9132 time 3.55s
Epoch 0/100 285/1001 loss: 0.9134 time 3.55s
Epoch 0/100 286/1001 loss: 0.9130 time 3.55s
Epoch 0/100 287/1001 loss: 0.9128 time 3.56s
Epoch 0/100 288/1001 loss: 0.9125 time 3.55s
Epoch 0/100 289/1001 loss: 0.9125 time 3.55s
Epoch 0/100 290/1001 loss: 0.9120 time 3.54s
Epoch 0/100 291/1001 loss: 0.9120 time 3.55s
Epoch 0/100 292/1001 loss: 0.9117 time 3.55s
Epoch 0/100 293/1001 loss: 0.9120 time 3.54s
Epoch 0/100 294/1001 loss: 0.9119 time 3.55s
Epoch 0/100 295/1001 loss: 0.9115 time 3.55s
Epoch 0/100 296/1001 loss: 0.9113 time 3.55s
Epoch 0/100 297/1001 loss: 0.9108 time 3.54s
Epoch 0/100 298/1001 loss: 0.9103 time 3.55s
Epoch 0/100 299/1001 loss: 0.9096 time 3.55s
Epoch 0/100 300/1001 loss: 0.9093 time 3.55s
Epoch 0/100 301/1001 loss: 0.9090 time 3.55s
Epoch 0/100 302/1001 loss: 0.9093 time 3.54s
Epoch 0/100 303/1001 loss: 0.9092 time 3.55s
Epoch 0/100 304/1001 loss: 0.9088 time 3.55s
Epoch 0/100 305/1001 loss: 0.9090 time 3.55s
Epoch 0/100 306/1001 loss: 0.9091 time 3.55s
Epoch 0/100 307/1001 loss: 0.9083 time 3.54s
Epoch 0/100 308/1001 loss: 0.9078 time 3.55s
Epoch 0/100 309/1001 loss: 0.9081 time 3.55s
Epoch 0/100 310/1001 loss: 0.9072 time 3.55s
Epoch 0/100 311/1001 loss: 0.9075 time 3.54s
Epoch 0/100 312/1001 loss: 0.9075 time 3.55s
Epoch 0/100 313/1001 loss: 0.9068 time 3.54s
Epoch 0/100 314/1001 loss: 0.9069 time 3.55s
Epoch 0/100 315/1001 loss: 0.9066 time 3.54s
Epoch 0/100 316/1001 loss: 0.9065 time 3.55s
Epoch 0/100 317/1001 loss: 0.9067 time 3.54s
Epoch 0/100 318/1001 loss: 0.9068 time 3.55s
Epoch 0/100 319/1001 loss: 0.9070 time 3.54s
Epoch 0/100 320/1001 loss: 0.9073 time 3.54s
Epoch 0/100 321/1001 loss: 0.9075 time 3.55s
Epoch 0/100 322/1001 loss: 0.9076 time 3.55s
Epoch 0/100 323/1001 loss: 0.9073 time 3.54s
Epoch 0/100 324/1001 loss: 0.9073 time 3.55s
Epoch 0/100 325/1001 loss: 0.9073 time 3.56s
Epoch 0/100 326/1001 loss: 0.9074 time 3.56s
Epoch 0/100 327/1001 loss: 0.9070 time 3.54s
Epoch 0/100 328/1001 loss: 0.9067 time 3.55s
Epoch 0/100 329/1001 loss: 0.9067 time 3.55s
Epoch 0/100 330/1001 loss: 0.9061 time 3.55s
Epoch 0/100 331/1001 loss: 0.9051 time 3.55s
Epoch 0/100 332/1001 loss: 0.9054 time 3.55s
Epoch 0/100 333/1001 loss: 0.9053 time 3.55s
Epoch 0/100 334/1001 loss: 0.9051 time 3.55s
Epoch 0/100 335/1001 loss: 0.9046 time 3.54s
Epoch 0/100 336/1001 loss: 0.9048 time 3.55s
Epoch 0/100 337/1001 loss: 0.9044 time 3.56s
Epoch 0/100 338/1001 loss: 0.9036 time 3.55s
Epoch 0/100 339/1001 loss: 0.9030 time 3.56s
Epoch 0/100 340/1001 loss: 0.9029 time 3.54s
Epoch 0/100 341/1001 loss: 0.9028 time 3.55s
Epoch 0/100 342/1001 loss: 0.9029 time 3.56s
Epoch 0/100 343/1001 loss: 0.9024 time 3.55s
Epoch 0/100 344/1001 loss: 0.9022 time 3.55s
Epoch 0/100 345/1001 loss: 0.9025 time 3.55s
Epoch 0/100 346/1001 loss: 0.9020 time 3.54s
Epoch 0/100 347/1001 loss: 0.9016 time 3.55s
Epoch 0/100 348/1001 loss: 0.9018 time 3.54s
Epoch 0/100 349/1001 loss: 0.9020 time 3.55s
Epoch 0/100 350/1001 loss: 0.9019 time 3.55s
Epoch 0/100 351/1001 loss: 0.9013 time 3.55s
Epoch 0/100 352/1001 loss: 0.9014 time 3.54s
Epoch 0/100 353/1001 loss: 0.9013 time 3.55s
Epoch 0/100 354/1001 loss: 0.9015 time 3.54s
Epoch 0/100 355/1001 loss: 0.9015 time 3.55s
Epoch 0/100 356/1001 loss: 0.9014 time 3.55s
Epoch 0/100 357/1001 loss: 0.9011 time 3.54s
Epoch 0/100 358/1001 loss: 0.9008 time 3.55s
Epoch 0/100 359/1001 loss: 0.9006 time 3.56s
Epoch 0/100 360/1001 loss: 0.9007 time 3.54s
Epoch 0/100 361/1001 loss: 0.9009 time 3.55s
Epoch 0/100 362/1001 loss: 0.9011 time 3.55s
Epoch 0/100 363/1001 loss: 0.9003 time 3.55s
Epoch 0/100 364/1001 loss: 0.8999 time 3.55s
Epoch 0/100 365/1001 loss: 0.8998 time 3.55s
Epoch 0/100 366/1001 loss: 0.9000 time 3.55s
Epoch 0/100 367/1001 loss: 0.8992 time 3.56s
Epoch 0/100 368/1001 loss: 0.8991 time 3.55s
Epoch 0/100 369/1001 loss: 0.8991 time 3.54s
Epoch 0/100 370/1001 loss: 0.8991 time 3.54s
Epoch 0/100 371/1001 loss: 0.8983 time 3.55s
Epoch 0/100 372/1001 loss: 0.8978 time 3.55s
Epoch 0/100 373/1001 loss: 0.8980 time 3.54s
Epoch 0/100 374/1001 loss: 0.8974 time 3.55s
Epoch 0/100 375/1001 loss: 0.8973 time 3.55s
Epoch 0/100 376/1001 loss: 0.8976 time 3.54s
Epoch 0/100 377/1001 loss: 0.8978 time 3.54s
Epoch 0/100 378/1001 loss: 0.8981 time 3.55s
Epoch 0/100 379/1001 loss: 0.8982 time 3.55s
Epoch 0/100 380/1001 loss: 0.8985 time 3.54s
Epoch 0/100 381/1001 loss: 0.8981 time 3.54s
Epoch 0/100 382/1001 loss: 0.8982 time 3.55s
Epoch 0/100 383/1001 loss: 0.8978 time 3.55s
Epoch 0/100 384/1001 loss: 0.8975 time 3.55s
Epoch 0/100 385/1001 loss: 0.8970 time 3.55s
Epoch 0/100 386/1001 loss: 0.8972 time 3.55s
Epoch 0/100 387/1001 loss: 0.8969 time 3.55s
Epoch 0/100 388/1001 loss: 0.8968 time 3.55s
Epoch 0/100 389/1001 loss: 0.8971 time 3.54s
Epoch 0/100 390/1001 loss: 0.8968 time 3.54s
Epoch 0/100 391/1001 loss: 0.8968 time 3.55s
Epoch 0/100 392/1001 loss: 0.8964 time 3.55s
Epoch 0/100 393/1001 loss: 0.8966 time 3.54s
Epoch 0/100 394/1001 loss: 0.8963 time 3.55s
Epoch 0/100 395/1001 loss: 0.8965 time 3.54s
Epoch 0/100 396/1001 loss: 0.8960 time 3.55s
Epoch 0/100 397/1001 loss: 0.8960 time 3.55s
Epoch 0/100 398/1001 loss: 0.8962 time 3.54s
Epoch 0/100 399/1001 loss: 0.8957 time 3.55s
Epoch 0/100 400/1001 loss: 0.8954 time 3.55s
Epoch 0/100 401/1001 loss: 0.8952 time 3.55s
Epoch 0/100 402/1001 loss: 0.8952 time 3.54s
Epoch 0/100 403/1001 loss: 0.8952 time 3.55s
Epoch 0/100 404/1001 loss: 0.8954 time 3.55s
Epoch 0/100 405/1001 loss: 0.8956 time 3.54s
Epoch 0/100 406/1001 loss: 0.8954 time 3.54s
Epoch 0/100 407/1001 loss: 0.8956 time 3.54s
Epoch 0/100 408/1001 loss: 0.8951 time 3.55s
Epoch 0/100 409/1001 loss: 0.8944 time 3.55s
Epoch 0/100 410/1001 loss: 0.8944 time 3.55s
Epoch 0/100 411/1001 loss: 0.8943 time 3.55s
Epoch 0/100 412/1001 loss: 0.8943 time 3.55s
Epoch 0/100 413/1001 loss: 0.8944 time 3.55s
Epoch 0/100 414/1001 loss: 0.8947 time 3.54s
Epoch 0/100 415/1001 loss: 0.8949 time 3.55s
Epoch 0/100 416/1001 loss: 0.8951 time 3.54s
Epoch 0/100 417/1001 loss: 0.8951 time 3.54s
Epoch 0/100 418/1001 loss: 0.8950 time 3.54s
Epoch 0/100 419/1001 loss: 0.8947 time 3.55s
Epoch 0/100 420/1001 loss: 0.8945 time 3.54s
Epoch 0/100 421/1001 loss: 0.8942 time 3.55s
Epoch 0/100 422/1001 loss: 0.8934 time 3.55s
Epoch 0/100 423/1001 loss: 0.8931 time 3.55s
Epoch 0/100 424/1001 loss: 0.8934 time 3.54s
Epoch 0/100 425/1001 loss: 0.8935 time 3.55s
Epoch 0/100 426/1001 loss: 0.8938 time 3.55s
Epoch 0/100 427/1001 loss: 0.8940 time 3.54s
Epoch 0/100 428/1001 loss: 0.8939 time 3.54s
Epoch 0/100 429/1001 loss: 0.8936 time 3.55s
Epoch 0/100 430/1001 loss: 0.8937 time 3.55s
Epoch 0/100 431/1001 loss: 0.8931 time 3.55s
Epoch 0/100 432/1001 loss: 0.8931 time 3.55s
Epoch 0/100 433/1001 loss: 0.8930 time 3.54s
Epoch 0/100 434/1001 loss: 0.8925 time 3.54s
Epoch 0/100 435/1001 loss: 0.8927 time 3.54s
Epoch 0/100 436/1001 loss: 0.8925 time 3.54s
Epoch 0/100 437/1001 loss: 0.8919 time 3.54s
Epoch 0/100 438/1001 loss: 0.8920 time 3.54s
Epoch 0/100 439/1001 loss: 0.8918 time 3.54s
Epoch 0/100 440/1001 loss: 0.8916 time 3.54s
Epoch 0/100 441/1001 loss: 0.8912 time 3.54s
Epoch 0/100 442/1001 loss: 0.8908 time 3.55s
Epoch 0/100 443/1001 loss: 0.8906 time 3.55s
Epoch 0/100 444/1001 loss: 0.8908 time 3.54s
Epoch 0/100 445/1001 loss: 0.8903 time 3.55s
Epoch 0/100 446/1001 loss: 0.8899 time 3.54s
Epoch 0/100 447/1001 loss: 0.8896 time 3.54s
Epoch 0/100 448/1001 loss: 0.8889 time 3.53s
Epoch 0/100 449/1001 loss: 0.8885 time 3.55s
Epoch 0/100 450/1001 loss: 0.8887 time 3.54s
Epoch 0/100 451/1001 loss: 0.8881 time 3.54s
Epoch 0/100 452/1001 loss: 0.8879 time 3.54s
Epoch 0/100 453/1001 loss: 0.8882 time 3.53s
Epoch 0/100 454/1001 loss: 0.8884 time 3.53s
Epoch 0/100 455/1001 loss: 0.8882 time 3.53s
Epoch 0/100 456/1001 loss: 0.8882 time 3.54s
Epoch 0/100 457/1001 loss: 0.8878 time 3.54s
Epoch 0/100 458/1001 loss: 0.8880 time 3.54s
Epoch 0/100 459/1001 loss: 0.8874 time 3.55s
Epoch 0/100 460/1001 loss: 0.8872 time 3.54s
Epoch 0/100 461/1001 loss: 0.8869 time 3.54s
Epoch 0/100 462/1001 loss: 0.8871 time 3.54s
Epoch 0/100 463/1001 loss: 0.8866 time 3.54s
Epoch 0/100 464/1001 loss: 0.8860 time 3.54s
Epoch 0/100 465/1001 loss: 0.8853 time 3.54s
Epoch 0/100 466/1001 loss: 0.8853 time 3.54s
Epoch 0/100 467/1001 loss: 0.8855 time 3.53s
Epoch 0/100 468/1001 loss: 0.8850 time 3.54s
Epoch 0/100 469/1001 loss: 0.8847 time 3.54s
Epoch 0/100 470/1001 loss: 0.8844 time 3.53s
Epoch 0/100 471/1001 loss: 0.8843 time 3.54s
Epoch 0/100 472/1001 loss: 0.8843 time 3.54s
Epoch 0/100 473/1001 loss: 0.8835 time 3.54s
Epoch 0/100 474/1001 loss: 0.8831 time 3.53s
Epoch 0/100 475/1001 loss: 0.8829 time 3.54s
Epoch 0/100 476/1001 loss: 0.8832 time 3.53s
Epoch 0/100 477/1001 loss: 0.8830 time 3.54s
Epoch 0/100 478/1001 loss: 0.8827 time 3.55s
Epoch 0/100 479/1001 loss: 0.8829 time 3.54s
Epoch 0/100 480/1001 loss: 0.8830 time 3.54s
Epoch 0/100 481/1001 loss: 0.8829 time 3.53s
Epoch 0/100 482/1001 loss: 0.8827 time 3.54s
Epoch 0/100 483/1001 loss: 0.8823 time 3.54s
Epoch 0/100 484/1001 loss: 0.8823 time 3.53s
Epoch 0/100 485/1001 loss: 0.8819 time 3.53s
Epoch 0/100 486/1001 loss: 0.8818 time 3.54s
Epoch 0/100 487/1001 loss: 0.8816 time 3.53s
Epoch 0/100 488/1001 loss: 0.8814 time 3.54s
Epoch 0/100 489/1001 loss: 0.8811 time 3.54s
Epoch 0/100 490/1001 loss: 0.8807 time 3.54s
Epoch 0/100 491/1001 loss: 0.8802 time 3.54s
Epoch 0/100 492/1001 loss: 0.8797 time 3.54s
Epoch 0/100 493/1001 loss: 0.8795 time 3.53s
Epoch 0/100 494/1001 loss: 0.8795 time 3.54s
Epoch 0/100 495/1001 loss: 0.8796 time 3.53s
Epoch 0/100 496/1001 loss: 0.8798 time 3.54s
Epoch 0/100 497/1001 loss: 0.8801 time 3.53s
Epoch 0/100 498/1001 loss: 0.8798 time 3.54s
Epoch 0/100 499/1001 loss: 0.8801 time 3.54s
Epoch 0/100 500/1001 loss: 0.8801 time 3.53s
Epoch 0/100 501/1001 loss: 0.8803 time 3.53s
Epoch 0/100 502/1001 loss: 0.8802 time 3.54s
Epoch 0/100 503/1001 loss: 0.8800 time 3.54s
Epoch 0/100 504/1001 loss: 0.8801 time 3.53s
Epoch 0/100 505/1001 loss: 0.8799 time 3.55s
Epoch 0/100 506/1001 loss: 0.8793 time 3.54s
Epoch 0/100 507/1001 loss: 0.8789 time 3.54s
Epoch 0/100 508/1001 loss: 0.8782 time 3.54s
Epoch 0/100 509/1001 loss: 0.8784 time 3.54s
Epoch 0/100 510/1001 loss: 0.8786 time 3.54s
Epoch 0/100 511/1001 loss: 0.8784 time 3.54s
Epoch 0/100 512/1001 loss: 0.8781 time 3.54s
Epoch 0/100 513/1001 loss: 0.8779 time 3.54s
Epoch 0/100 514/1001 loss: 0.8776 time 3.54s
Epoch 0/100 515/1001 loss: 0.8772 time 3.54s
Epoch 0/100 516/1001 loss: 0.8768 time 3.54s
Epoch 0/100 517/1001 loss: 0.8766 time 3.54s
Epoch 0/100 518/1001 loss: 0.8765 time 3.54s
Epoch 0/100 519/1001 loss: 0.8762 time 3.54s
Epoch 0/100 520/1001 loss: 0.8758 time 3.54s
Epoch 0/100 521/1001 loss: 0.8760 time 3.53s
Epoch 0/100 522/1001 loss: 0.8762 time 3.54s
Epoch 0/100 523/1001 loss: 0.8758 time 3.53s
Epoch 0/100 524/1001 loss: 0.8758 time 3.53s
Epoch 0/100 525/1001 loss: 0.8760 time 3.54s
Epoch 0/100 526/1001 loss: 0.8759 time 3.54s
Epoch 0/100 527/1001 loss: 0.8756 time 3.54s
Epoch 0/100 528/1001 loss: 0.8751 time 3.55s
Epoch 0/100 529/1001 loss: 0.8752 time 3.54s
Epoch 0/100 530/1001 loss: 0.8751 time 3.53s
Epoch 0/100 531/1001 loss: 0.8749 time 3.54s
Epoch 0/100 532/1001 loss: 0.8748 time 3.54s
Epoch 0/100 533/1001 loss: 0.8744 time 3.54s
Epoch 0/100 534/1001 loss: 0.8740 time 3.54s
Epoch 0/100 535/1001 loss: 0.8736 time 3.54s
Epoch 0/100 536/1001 loss: 0.8732 time 3.54s
Epoch 0/100 537/1001 loss: 0.8733 time 3.53s
Epoch 0/100 538/1001 loss: 0.8735 time 3.54s
Epoch 0/100 539/1001 loss: 0.8733 time 3.54s
Epoch 0/100 540/1001 loss: 0.8733 time 3.53s
Epoch 0/100 541/1001 loss: 0.8736 time 3.54s
Epoch 0/100 542/1001 loss: 0.8736 time 3.53s
Epoch 0/100 543/1001 loss: 0.8729 time 3.54s
Epoch 0/100 544/1001 loss: 0.8725 time 3.54s
Epoch 0/100 545/1001 loss: 0.8725 time 3.54s
Epoch 0/100 546/1001 loss: 0.8721 time 3.54s
Epoch 0/100 547/1001 loss: 0.8723 time 3.53s
Epoch 0/100 548/1001 loss: 0.8725 time 3.54s
Epoch 0/100 549/1001 loss: 0.8720 time 3.54s
Epoch 0/100 550/1001 loss: 0.8716 time 3.54s
Epoch 0/100 551/1001 loss: 0.8712 time 3.53s
Epoch 0/100 552/1001 loss: 0.8713 time 3.53s
Epoch 0/100 553/1001 loss: 0.8710 time 3.54s
Epoch 0/100 554/1001 loss: 0.8706 time 3.53s
Epoch 0/100 555/1001 loss: 0.8707 time 3.54s
Epoch 0/100 556/1001 loss: 0.8708 time 3.54s
Epoch 0/100 557/1001 loss: 0.8706 time 3.53s
Epoch 0/100 558/1001 loss: 0.8699 time 3.54s
Epoch 0/100 559/1001 loss: 0.8696 time 3.55s
Epoch 0/100 560/1001 loss: 0.8696 time 3.54s
Epoch 0/100 561/1001 loss: 0.8693 time 3.53s
Epoch 0/100 562/1001 loss: 0.8693 time 3.54s
Epoch 0/100 563/1001 loss: 0.8693 time 3.54s
Epoch 0/100 564/1001 loss: 0.8695 time 3.53s
Epoch 0/100 565/1001 loss: 0.8694 time 3.54s
Epoch 0/100 566/1001 loss: 0.8692 time 3.54s
Epoch 0/100 567/1001 loss: 0.8686 time 3.54s
Epoch 0/100 568/1001 loss: 0.8680 time 3.54s
Epoch 0/100 569/1001 loss: 0.8679 time 3.53s
Epoch 0/100 570/1001 loss: 0.8676 time 3.54s
Epoch 0/100 571/1001 loss: 0.8676 time 3.54s
Epoch 0/100 572/1001 loss: 0.8679 time 3.54s
Epoch 0/100 573/1001 loss: 0.8681 time 3.53s
Epoch 0/100 574/1001 loss: 0.8676 time 3.54s
Epoch 0/100 575/1001 loss: 0.8672 time 3.54s
Epoch 0/100 576/1001 loss: 0.8667 time 3.54s
Epoch 0/100 577/1001 loss: 0.8663 time 3.54s
Epoch 0/100 578/1001 loss: 0.8662 time 3.55s
Epoch 0/100 579/1001 loss: 0.8664 time 3.54s
Epoch 0/100 580/1001 loss: 0.8666 time 3.54s
Epoch 0/100 581/1001 loss: 0.8668 time 3.53s
Epoch 0/100 582/1001 loss: 0.8670 time 3.54s
Epoch 0/100 583/1001 loss: 0.8663 time 3.55s
Epoch 0/100 584/1001 loss: 0.8665 time 3.54s
Epoch 0/100 585/1001 loss: 0.8667 time 3.53s
Epoch 0/100 586/1001 loss: 0.8666 time 3.54s
Epoch 0/100 587/1001 loss: 0.8668 time 3.54s
Epoch 0/100 588/1001 loss: 0.8669 time 3.54s
Epoch 0/100 589/1001 loss: 0.8666 time 3.55s
Epoch 0/100 590/1001 loss: 0.8668 time 3.53s
Epoch 0/100 591/1001 loss: 0.8667 time 3.54s
Epoch 0/100 592/1001 loss: 0.8669 time 3.54s
Epoch 0/100 593/1001 loss: 0.8672 time 3.54s
Epoch 0/100 594/1001 loss: 0.8673 time 3.55s
Epoch 0/100 595/1001 loss: 0.8672 time 3.53s
Epoch 0/100 596/1001 loss: 0.8670 time 3.54s
Epoch 0/100 597/1001 loss: 0.8670 time 3.54s
Epoch 0/100 598/1001 loss: 0.8664 time 3.55s
Epoch 0/100 599/1001 loss: 0.8659 time 3.55s
Epoch 0/100 600/1001 loss: 0.8655 time 3.54s
Epoch 0/100 601/1001 loss: 0.8655 time 3.55s
Epoch 0/100 602/1001 loss: 0.8657 time 3.55s
Epoch 0/100 603/1001 loss: 0.8649 time 3.55s
Epoch 0/100 604/1001 loss: 0.8651 time 3.54s
Epoch 0/100 605/1001 loss: 0.8649 time 3.55s
Epoch 0/100 606/1001 loss: 0.8651 time 3.55s
Epoch 0/100 607/1001 loss: 0.8652 time 3.54s
Epoch 0/100 608/1001 loss: 0.8650 time 3.54s
Epoch 0/100 609/1001 loss: 0.8645 time 3.54s
Epoch 0/100 610/1001 loss: 0.8637 time 3.55s
Epoch 0/100 611/1001 loss: 0.8635 time 3.54s
Epoch 0/100 612/1001 loss: 0.8635 time 3.54s
Epoch 0/100 613/1001 loss: 0.8635 time 3.54s
Epoch 0/100 614/1001 loss: 0.8631 time 3.55s
Epoch 0/100 615/1001 loss: 0.8628 time 3.54s
Epoch 0/100 616/1001 loss: 0.8630 time 3.54s
Epoch 0/100 617/1001 loss: 0.8626 time 3.55s
Epoch 0/100 618/1001 loss: 0.8628 time 3.55s
Epoch 0/100 619/1001 loss: 0.8625 time 3.54s
Epoch 0/100 620/1001 loss: 0.8622 time 3.55s
Epoch 0/100 621/1001 loss: 0.8617 time 3.55s
Epoch 0/100 622/1001 loss: 0.8615 time 3.55s
Epoch 0/100 623/1001 loss: 0.8614 time 3.54s
Epoch 0/100 624/1001 loss: 0.8616 time 3.54s
Epoch 0/100 625/1001 loss: 0.8615 time 3.55s
Epoch 0/100 626/1001 loss: 0.8612 time 3.54s
Epoch 0/100 627/1001 loss: 0.8614 time 3.54s
Epoch 0/100 628/1001 loss: 0.8615 time 3.54s
Epoch 0/100 629/1001 loss: 0.8617 time 3.55s
Epoch 0/100 630/1001 loss: 0.8613 time 3.54s
Epoch 0/100 631/1001 loss: 0.8613 time 3.54s
Epoch 0/100 632/1001 loss: 0.8612 time 3.55s
Epoch 0/100 633/1001 loss: 0.8613 time 3.54s
Epoch 0/100 634/1001 loss: 0.8612 time 3.55s
Epoch 0/100 635/1001 loss: 0.8608 time 3.55s
Epoch 0/100 636/1001 loss: 0.8604 time 3.54s
Epoch 0/100 637/1001 loss: 0.8599 time 3.54s
Epoch 0/100 638/1001 loss: 0.8596 time 3.55s
Epoch 0/100 639/1001 loss: 0.8598 time 3.55s
Epoch 0/100 640/1001 loss: 0.8599 time 3.54s
Epoch 0/100 641/1001 loss: 0.8599 time 3.55s
Epoch 0/100 642/1001 loss: 0.8601 time 3.56s
Epoch 0/100 643/1001 loss: 0.8601 time 3.55s
Epoch 0/100 644/1001 loss: 0.8599 time 3.54s
Epoch 0/100 645/1001 loss: 0.8599 time 3.55s
Epoch 0/100 646/1001 loss: 0.8597 time 3.55s
Epoch 0/100 647/1001 loss: 0.8591 time 3.56s
Epoch 0/100 648/1001 loss: 0.8593 time 3.54s
Epoch 0/100 649/1001 loss: 0.8595 time 3.55s
Epoch 0/100 650/1001 loss: 0.8596 time 3.55s
Epoch 0/100 651/1001 loss: 0.8598 time 3.55s
Epoch 0/100 652/1001 loss: 0.8598 time 3.56s
Epoch 0/100 653/1001 loss: 0.8599 time 3.55s
Epoch 0/100 654/1001 loss: 0.8595 time 3.54s
Epoch 0/100 655/1001 loss: 0.8591 time 3.55s
Epoch 0/100 656/1001 loss: 0.8590 time 3.54s
Epoch 0/100 657/1001 loss: 0.8584 time 3.55s
Epoch 0/100 658/1001 loss: 0.8582 time 3.56s
Epoch 0/100 659/1001 loss: 0.8577 time 3.55s
Epoch 0/100 660/1001 loss: 0.8580 time 3.54s
Epoch 0/100 661/1001 loss: 0.8578 time 3.55s
Epoch 0/100 662/1001 loss: 0.8580 time 3.54s
Epoch 0/100 663/1001 loss: 0.8577 time 3.54s
Epoch 0/100 664/1001 loss: 0.8574 time 3.55s
Epoch 0/100 665/1001 loss: 0.8575 time 3.55s
Epoch 0/100 666/1001 loss: 0.8570 time 3.55s
Epoch 0/100 667/1001 loss: 0.8564 time 3.55s
Epoch 0/100 668/1001 loss: 0.8566 time 3.54s
Epoch 0/100 669/1001 loss: 0.8562 time 3.56s
Epoch 0/100 670/1001 loss: 0.8562 time 3.54s
Epoch 0/100 671/1001 loss: 0.8563 time 3.55s
Epoch 0/100 672/1001 loss: 0.8560 time 3.55s
Epoch 0/100 673/1001 loss: 0.8557 time 3.55s
Epoch 0/100 674/1001 loss: 0.8556 time 3.55s
Epoch 0/100 675/1001 loss: 0.8552 time 3.56s
Epoch 0/100 676/1001 loss: 0.8550 time 3.56s
Epoch 0/100 677/1001 loss: 0.8547 time 3.55s
Epoch 0/100 678/1001 loss: 0.8546 time 3.54s
Epoch 0/100 679/1001 loss: 0.8542 time 3.56s
Epoch 0/100 680/1001 loss: 0.8538 time 3.55s
Epoch 0/100 681/1001 loss: 0.8533 time 3.54s
Epoch 0/100 682/1001 loss: 0.8534 time 3.54s
Epoch 0/100 683/1001 loss: 0.8536 time 3.55s
Epoch 0/100 684/1001 loss: 0.8533 time 3.54s
Epoch 0/100 685/1001 loss: 0.8530 time 3.54s
Epoch 0/100 686/1001 loss: 0.8532 time 3.55s
Epoch 0/100 687/1001 loss: 0.8528 time 3.55s
Epoch 0/100 688/1001 loss: 0.8522 time 3.55s
Epoch 0/100 689/1001 loss: 0.8516 time 3.55s
Epoch 0/100 690/1001 loss: 0.8517 time 3.55s
Epoch 0/100 691/1001 loss: 0.8520 time 3.54s
Epoch 0/100 692/1001 loss: 0.8522 time 3.55s
Epoch 0/100 693/1001 loss: 0.8517 time 3.55s
Epoch 0/100 694/1001 loss: 0.8515 time 3.55s
Epoch 0/100 695/1001 loss: 0.8517 time 3.55s
Epoch 0/100 696/1001 loss: 0.8514 time 3.55s
Epoch 0/100 697/1001 loss: 0.8511 time 3.55s
Epoch 0/100 698/1001 loss: 0.8509 time 3.55s
Epoch 0/100 699/1001 loss: 0.8510 time 3.55s
Epoch 0/100 700/1001 loss: 0.8510 time 3.54s
Epoch 0/100 701/1001 loss: 0.8505 time 3.55s
Epoch 0/100 702/1001 loss: 0.8503 time 3.56s
Epoch 0/100 703/1001 loss: 0.8505 time 3.55s
Epoch 0/100 704/1001 loss: 0.8501 time 3.55s
Epoch 0/100 705/1001 loss: 0.8501 time 3.55s
Epoch 0/100 706/1001 loss: 0.8503 time 3.55s
Epoch 0/100 707/1001 loss: 0.8499 time 3.55s
Epoch 0/100 708/1001 loss: 0.8497 time 3.55s
Epoch 0/100 709/1001 loss: 0.8499 time 3.55s
Epoch 0/100 710/1001 loss: 0.8497 time 3.55s
Epoch 0/100 711/1001 loss: 0.8499 time 3.54s
Epoch 0/100 712/1001 loss: 0.8501 time 3.54s
Epoch 0/100 713/1001 loss: 0.8503 time 3.54s
Epoch 0/100 714/1001 loss: 0.8503 time 3.55s
Epoch 0/100 715/1001 loss: 0.8500 time 3.54s
Epoch 0/100 716/1001 loss: 0.8494 time 3.55s
Epoch 0/100 717/1001 loss: 0.8493 time 3.55s
Epoch 0/100 718/1001 loss: 0.8495 time 3.55s
Epoch 0/100 719/1001 loss: 0.8497 time 3.55s
Epoch 0/100 720/1001 loss: 0.8495 time 3.54s
Epoch 0/100 721/1001 loss: 0.8495 time 3.55s
Epoch 0/100 722/1001 loss: 0.8491 time 3.55s
Epoch 0/100 723/1001 loss: 0.8486 time 3.55s
Epoch 0/100 724/1001 loss: 0.8483 time 3.55s
Epoch 0/100 725/1001 loss: 0.8477 time 3.55s
Epoch 0/100 726/1001 loss: 0.8476 time 3.55s
Epoch 0/100 727/1001 loss: 0.8472 time 3.55s
Epoch 0/100 728/1001 loss: 0.8469 time 3.56s
Epoch 0/100 729/1001 loss: 0.8467 time 3.55s
Epoch 0/100 730/1001 loss: 0.8469 time 3.54s
Epoch 0/100 731/1001 loss: 0.8471 time 3.54s
Epoch 0/100 732/1001 loss: 0.8469 time 3.55s
Epoch 0/100 733/1001 loss: 0.8471 time 3.54s
Epoch 0/100 734/1001 loss: 0.8467 time 3.55s
Epoch 0/100 735/1001 loss: 0.8466 time 3.55s
Epoch 0/100 736/1001 loss: 0.8466 time 3.55s
Epoch 0/100 737/1001 loss: 0.8462 time 3.56s
Epoch 0/100 738/1001 loss: 0.8458 time 3.55s
Epoch 0/100 739/1001 loss: 0.8456 time 3.55s
Epoch 0/100 740/1001 loss: 0.8458 time 3.54s
Epoch 0/100 741/1001 loss: 0.8453 time 3.55s
Epoch 0/100 742/1001 loss: 0.8454 time 3.55s
Epoch 0/100 743/1001 loss: 0.8451 time 3.55s
Epoch 0/100 744/1001 loss: 0.8445 time 3.54s
Epoch 0/100 745/1001 loss: 0.8438 time 3.56s
Epoch 0/100 746/1001 loss: 0.8436 time 3.55s
Epoch 0/100 747/1001 loss: 0.8432 time 3.54s
Epoch 0/100 748/1001 loss: 0.8428 time 3.55s
Epoch 0/100 749/1001 loss: 0.8422 time 3.55s
Epoch 0/100 750/1001 loss: 0.8419 time 3.55s
Epoch 0/100 751/1001 loss: 0.8420 time 3.55s
Epoch 0/100 752/1001 loss: 0.8419 time 3.55s
Epoch 0/100 753/1001 loss: 0.8416 time 3.54s
Epoch 0/100 754/1001 loss: 0.8416 time 3.55s
Epoch 0/100 755/1001 loss: 0.8410 time 3.54s
Epoch 0/100 756/1001 loss: 0.8406 time 3.54s
Epoch 0/100 757/1001 loss: 0.8406 time 3.54s
Epoch 0/100 758/1001 loss: 0.8408 time 3.54s
Epoch 0/100 759/1001 loss: 0.8403 time 3.55s
Epoch 0/100 760/1001 loss: 0.8401 time 3.56s
Epoch 0/100 761/1001 loss: 0.8397 time 3.55s
Epoch 0/100 762/1001 loss: 0.8391 time 3.55s
Epoch 0/100 763/1001 loss: 0.8387 time 3.55s
Epoch 0/100 764/1001 loss: 0.8387 time 3.54s
Epoch 0/100 765/1001 loss: 0.8389 time 3.54s
Epoch 0/100 766/1001 loss: 0.8386 time 3.55s
Epoch 0/100 767/1001 loss: 0.8388 time 3.55s
Epoch 0/100 768/1001 loss: 0.8390 time 3.55s
Epoch 0/100 769/1001 loss: 0.8392 time 3.55s
Epoch 0/100 770/1001 loss: 0.8394 time 3.54s
Epoch 0/100 771/1001 loss: 0.8392 time 3.55s
Epoch 0/100 772/1001 loss: 0.8393 time 3.55s
Epoch 0/100 773/1001 loss: 0.8393 time 3.55s
Epoch 0/100 774/1001 loss: 0.8391 time 3.55s
Epoch 0/100 775/1001 loss: 0.8389 time 3.56s
Epoch 0/100 776/1001 loss: 0.8385 time 3.55s
Epoch 0/100 777/1001 loss: 0.8385 time 3.54s
Epoch 0/100 778/1001 loss: 0.8378 time 3.56s
Epoch 0/100 779/1001 loss: 0.8373 time 3.54s
Epoch 0/100 780/1001 loss: 0.8368 time 3.55s
Epoch 0/100 781/1001 loss: 0.8368 time 3.55s
Epoch 0/100 782/1001 loss: 0.8364 time 3.55s
Epoch 0/100 783/1001 loss: 0.8366 time 3.55s
Epoch 0/100 784/1001 loss: 0.8361 time 3.56s
Epoch 0/100 785/1001 loss: 0.8355 time 3.55s
Epoch 0/100 786/1001 loss: 0.8354 time 3.56s
Epoch 0/100 787/1001 loss: 0.8356 time 3.55s
Epoch 0/100 788/1001 loss: 0.8351 time 3.55s
Epoch 0/100 789/1001 loss: 0.8345 time 3.55s
Epoch 0/100 790/1001 loss: 0.8343 time 3.55s
Epoch 0/100 791/1001 loss: 0.8343 time 3.54s
Epoch 0/100 792/1001 loss: 0.8342 time 3.55s
Epoch 0/100 793/1001 loss: 0.8342 time 3.55s
Epoch 0/100 794/1001 loss: 0.8344 time 3.54s
Epoch 0/100 795/1001 loss: 0.8342 time 3.55s
Epoch 0/100 796/1001 loss: 0.8342 time 3.54s
Epoch 0/100 797/1001 loss: 0.8338 time 3.55s
Epoch 0/100 798/1001 loss: 0.8335 time 3.55s
Epoch 0/100 799/1001 loss: 0.8330 time 3.55s
Epoch 0/100 800/1001 loss: 0.8328 time 3.55s
Epoch 0/100 801/1001 loss: 0.8322 time 3.55s
Epoch 0/100 802/1001 loss: 0.8319 time 3.55s
Epoch 0/100 803/1001 loss: 0.8321 time 3.55s
Epoch 0/100 804/1001 loss: 0.8315 time 3.55s
Epoch 0/100 805/1001 loss: 0.8316 time 3.55s
Epoch 0/100 806/1001 loss: 0.8314 time 3.55s
Epoch 0/100 807/1001 loss: 0.8312 time 3.55s
Epoch 0/100 808/1001 loss: 0.8309 time 3.56s
Epoch 0/100 809/1001 loss: 0.8311 time 3.55s
Epoch 0/100 810/1001 loss: 0.8307 time 3.55s
Epoch 0/100 811/1001 loss: 0.8308 time 3.54s
Epoch 0/100 812/1001 loss: 0.8308 time 3.55s
Epoch 0/100 813/1001 loss: 0.8307 time 3.55s
Epoch 0/100 814/1001 loss: 0.8303 time 3.56s
Epoch 0/100 815/1001 loss: 0.8303 time 3.55s
Epoch 0/100 816/1001 loss: 0.8299 time 3.55s
Epoch 0/100 817/1001 loss: 0.8298 time 3.54s
Epoch 0/100 818/1001 loss: 0.8297 time 3.55s
Epoch 0/100 819/1001 loss: 0.8292 time 3.55s
Epoch 0/100 820/1001 loss: 0.8288 time 3.56s
Epoch 0/100 821/1001 loss: 0.8288 time 3.55s
Epoch 0/100 822/1001 loss: 0.8289 time 3.55s
Epoch 0/100 823/1001 loss: 0.8291 time 3.55s
Epoch 0/100 824/1001 loss: 0.8293 time 3.55s
Epoch 0/100 825/1001 loss: 0.8288 time 3.55s
Epoch 0/100 826/1001 loss: 0.8287 time 3.55s
Epoch 0/100 827/1001 loss: 0.8286 time 3.55s
Epoch 0/100 828/1001 loss: 0.8285 time 3.55s
Epoch 0/100 829/1001 loss: 0.8279 time 3.55s
Epoch 0/100 830/1001 loss: 0.8280 time 3.54s
Epoch 0/100 831/1001 loss: 0.8275 time 3.55s
Epoch 0/100 832/1001 loss: 0.8273 time 3.56s
Epoch 0/100 833/1001 loss: 0.8275 time 3.55s
Epoch 0/100 834/1001 loss: 0.8271 time 3.55s
Epoch 0/100 835/1001 loss: 0.8270 time 3.55s
Epoch 0/100 836/1001 loss: 0.8268 time 3.55s
Epoch 0/100 837/1001 loss: 0.8263 time 3.55s
Epoch 0/100 838/1001 loss: 0.8264 time 3.55s
Epoch 0/100 839/1001 loss: 0.8266 time 3.55s
Epoch 0/100 840/1001 loss: 0.8268 time 3.55s
Epoch 0/100 841/1001 loss: 0.8269 time 3.55s
Epoch 0/100 842/1001 loss: 0.8270 time 3.55s
Epoch 0/100 843/1001 loss: 0.8272 time 3.55s
Epoch 0/100 844/1001 loss: 0.8266 time 3.55s
Epoch 0/100 845/1001 loss: 0.8266 time 3.55s
Epoch 0/100 846/1001 loss: 0.8263 time 3.55s
Epoch 0/100 847/1001 loss: 0.8263 time 3.55s
Epoch 0/100 848/1001 loss: 0.8258 time 3.56s
Epoch 0/100 849/1001 loss: 0.8260 time 3.54s
Epoch 0/100 850/1001 loss: 0.8258 time 3.55s
Epoch 0/100 851/1001 loss: 0.8258 time 3.54s
Epoch 0/100 852/1001 loss: 0.8257 time 3.55s
Epoch 0/100 853/1001 loss: 0.8257 time 3.55s
Epoch 0/100 854/1001 loss: 0.8256 time 3.55s
Epoch 0/100 855/1001 loss: 0.8253 time 3.54s
Epoch 0/100 856/1001 loss: 0.8251 time 3.56s
Epoch 0/100 857/1001 loss: 0.8253 time 3.54s
Epoch 0/100 858/1001 loss: 0.8248 time 3.56s
Epoch 0/100 859/1001 loss: 0.8250 time 3.55s
Epoch 0/100 860/1001 loss: 0.8249 time 3.55s
Epoch 0/100 861/1001 loss: 0.8250 time 3.54s
Epoch 0/100 862/1001 loss: 0.8252 time 3.55s
Epoch 0/100 863/1001 loss: 0.8250 time 3.55s
Epoch 0/100 864/1001 loss: 0.8248 time 3.55s
Epoch 0/100 865/1001 loss: 0.8250 time 3.55s
Epoch 0/100 866/1001 loss: 0.8246 time 3.55s
Epoch 0/100 867/1001 loss: 0.8246 time 3.54s
Epoch 0/100 868/1001 loss: 0.8242 time 3.55s
Epoch 0/100 869/1001 loss: 0.8243 time 3.56s
Epoch 0/100 870/1001 loss: 0.8241 time 3.55s
Epoch 0/100 871/1001 loss: 0.8238 time 3.55s
Epoch 0/100 872/1001 loss: 0.8231 time 3.55s
Epoch 0/100 873/1001 loss: 0.8233 time 3.54s
Epoch 0/100 874/1001 loss: 0.8229 time 3.55s
Epoch 0/100 875/1001 loss: 0.8230 time 3.55s
Epoch 0/100 876/1001 loss: 0.8226 time 3.56s
Epoch 0/100 877/1001 loss: 0.8228 time 3.55s
Epoch 0/100 878/1001 loss: 0.8230 time 3.55s
Epoch 0/100 879/1001 loss: 0.8229 time 3.55s
Epoch 0/100 880/1001 loss: 0.8223 time 3.55s
Epoch 0/100 881/1001 loss: 0.8219 time 3.54s
Epoch 0/100 882/1001 loss: 0.8212 time 3.55s
Epoch 0/100 883/1001 loss: 0.8213 time 3.55s
Epoch 0/100 884/1001 loss: 0.8209 time 3.55s
Epoch 0/100 885/1001 loss: 0.8204 time 3.54s
Epoch 0/100 886/1001 loss: 0.8200 time 3.55s
Epoch 0/100 887/1001 loss: 0.8197 time 3.54s
Epoch 0/100 888/1001 loss: 0.8194 time 3.55s
Epoch 0/100 889/1001 loss: 0.8189 time 3.55s
Epoch 0/100 890/1001 loss: 0.8191 time 3.54s
Epoch 0/100 891/1001 loss: 0.8186 time 3.55s
Epoch 0/100 892/1001 loss: 0.8182 time 3.55s
Epoch 0/100 893/1001 loss: 0.8184 time 3.54s
Epoch 0/100 894/1001 loss: 0.8181 time 3.54s
Epoch 0/100 895/1001 loss: 0.8177 time 3.54s
Epoch 0/100 896/1001 loss: 0.8179 time 3.54s
Epoch 0/100 897/1001 loss: 0.8175 time 3.54s
Epoch 0/100 898/1001 loss: 0.8175 time 3.55s
Epoch 0/100 899/1001 loss: 0.8169 time 3.55s
Epoch 0/100 900/1001 loss: 0.8166 time 3.55s
Epoch 0/100 901/1001 loss: 0.8161 time 3.54s
Epoch 0/100 902/1001 loss: 0.8163 time 3.54s
Epoch 0/100 903/1001 loss: 0.8163 time 3.54s
Epoch 0/100 904/1001 loss: 0.8163 time 3.55s
Epoch 0/100 905/1001 loss: 0.8162 time 3.53s
Epoch 0/100 906/1001 loss: 0.8159 time 3.55s
Epoch 0/100 907/1001 loss: 0.8158 time 3.55s
Epoch 0/100 908/1001 loss: 0.8157 time 3.54s
Epoch 0/100 909/1001 loss: 0.8156 time 3.55s
Epoch 0/100 910/1001 loss: 0.8155 time 3.54s
Epoch 0/100 911/1001 loss: 0.8154 time 3.54s
Epoch 0/100 912/1001 loss: 0.8150 time 3.54s
Epoch 0/100 913/1001 loss: 0.8148 time 3.54s
Epoch 0/100 914/1001 loss: 0.8145 time 3.54s
Epoch 0/100 915/1001 loss: 0.8140 time 3.55s
Epoch 0/100 916/1001 loss: 0.8138 time 3.54s
Epoch 0/100 917/1001 loss: 0.8135 time 3.54s
Epoch 0/100 918/1001 loss: 0.8134 time 3.54s
Epoch 0/100 919/1001 loss: 0.8134 time 3.54s
Epoch 0/100 920/1001 loss: 0.8128 time 3.54s
Epoch 0/100 921/1001 loss: 0.8129 time 3.54s
Epoch 0/100 922/1001 loss: 0.8129 time 3.54s
Epoch 0/100 923/1001 loss: 0.8124 time 3.55s
Epoch 0/100 924/1001 loss: 0.8123 time 3.54s
Epoch 0/100 925/1001 loss: 0.8118 time 3.54s
Epoch 0/100 926/1001 loss: 0.8120 time 3.54s
Epoch 0/100 927/1001 loss: 0.8115 time 3.55s
Epoch 0/100 928/1001 loss: 0.8116 time 3.54s
Epoch 0/100 929/1001 loss: 0.8115 time 3.54s
Epoch 0/100 930/1001 loss: 0.8110 time 3.54s
Epoch 0/100 931/1001 loss: 0.8112 time 3.54s
Epoch 0/100 932/1001 loss: 0.8109 time 3.55s
Epoch 0/100 933/1001 loss: 0.8106 time 3.54s
Epoch 0/100 934/1001 loss: 0.8108 time 3.54s
Epoch 0/100 935/1001 loss: 0.8108 time 3.54s
Epoch 0/100 936/1001 loss: 0.8108 time 3.54s
Epoch 0/100 937/1001 loss: 0.8102 time 3.54s
Epoch 0/100 938/1001 loss: 0.8104 time 3.54s
Epoch 0/100 939/1001 loss: 0.8106 time 3.54s
Epoch 0/100 940/1001 loss: 0.8108 time 3.54s
Epoch 0/100 941/1001 loss: 0.8107 time 3.54s
Epoch 0/100 942/1001 loss: 0.8105 time 3.54s
Epoch 0/100 943/1001 loss: 0.8102 time 3.54s
Epoch 0/100 944/1001 loss: 0.8099 time 3.53s
Epoch 0/100 945/1001 loss: 0.8101 time 3.53s
Epoch 0/100 946/1001 loss: 0.8096 time 3.54s
Epoch 0/100 947/1001 loss: 0.8097 time 3.54s
Epoch 0/100 948/1001 loss: 0.8094 time 3.54s
Epoch 0/100 949/1001 loss: 0.8093 time 3.54s
Epoch 0/100 950/1001 loss: 0.8088 time 3.54s
Epoch 0/100 951/1001 loss: 0.8085 time 3.54s
Epoch 0/100 952/1001 loss: 0.8083 time 3.54s
Epoch 0/100 953/1001 loss: 0.8085 time 3.54s
Epoch 0/100 954/1001 loss: 0.8084 time 3.54s
Epoch 0/100 955/1001 loss: 0.8082 time 3.54s
Epoch 0/100 956/1001 loss: 0.8082 time 3.54s
Epoch 0/100 957/1001 loss: 0.8076 time 3.55s
Epoch 0/100 958/1001 loss: 0.8071 time 3.54s
Epoch 0/100 959/1001 loss: 0.8073 time 3.53s
Epoch 0/100 960/1001 loss: 0.8069 time 3.53s
Epoch 0/100 961/1001 loss: 0.8067 time 3.54s
Epoch 0/100 962/1001 loss: 0.8066 time 3.54s
Epoch 0/100 963/1001 loss: 0.8060 time 3.54s
Epoch 0/100 964/1001 loss: 0.8056 time 3.53s
Epoch 0/100 965/1001 loss: 0.8052 time 3.54s
Epoch 0/100 966/1001 loss: 0.8051 time 3.54s
Epoch 0/100 967/1001 loss: 0.8052 time 3.54s
Epoch 0/100 968/1001 loss: 0.8047 time 3.54s
Epoch 0/100 969/1001 loss: 0.8045 time 3.54s
Epoch 0/100 970/1001 loss: 0.8047 time 3.53s
Epoch 0/100 971/1001 loss: 0.8049 time 3.54s
Epoch 0/100 972/1001 loss: 0.8046 time 3.54s
Epoch 0/100 973/1001 loss: 0.8044 time 3.54s
Epoch 0/100 974/1001 loss: 0.8038 time 3.54s
Epoch 0/100 975/1001 loss: 0.8035 time 3.54s
Epoch 0/100 976/1001 loss: 0.8032 time 3.54s
Epoch 0/100 977/1001 loss: 0.8027 time 3.54s
Epoch 0/100 978/1001 loss: 0.8026 time 3.53s
Epoch 0/100 979/1001 loss: 0.8028 time 3.54s
Epoch 0/100 980/1001 loss: 0.8023 time 3.54s
Epoch 0/100 981/1001 loss: 0.8024 time 3.53s
Epoch 0/100 982/1001 loss: 0.8019 time 3.54s
Epoch 0/100 983/1001 loss: 0.8014 time 3.54s
Epoch 0/100 984/1001 loss: 0.8011 time 3.54s
Epoch 0/100 985/1001 loss: 0.8008 time 3.54s
Epoch 0/100 986/1001 loss: 0.8008 time 3.54s
Epoch 0/100 987/1001 loss: 0.8002 time 3.53s
Epoch 0/100 988/1001 loss: 0.7997 time 3.54s
Epoch 0/100 989/1001 loss: 0.7994 time 3.54s
Epoch 0/100 990/1001 loss: 0.7992 time 3.53s
Epoch 0/100 991/1001 loss: 0.7992 time 3.53s
Epoch 0/100 992/1001 loss: 0.7989 time 3.54s
Epoch 0/100 993/1001 loss: 0.7991 time 3.54s
Epoch 0/100 994/1001 loss: 0.7993 time 3.53s
Epoch 0/100 995/1001 loss: 0.7989 time 3.53s
Epoch 0/100 996/1001 loss: 0.7984 time 3.54s
Epoch 0/100 997/1001 loss: 0.7980 time 3.54s
Epoch 0/100 998/1001 loss: 0.7979 time 3.54s
Epoch 0/100 999/1001 loss: 0.7974 time 3.53s
Epoch 0/100 1000/1001 loss: 0.7968 time 3.54s
Final training  0/99 loss: 0.7968 time 3565.43s
None of the inputs have requires_grad=True. Gradients will be None
Traceback (most recent call last):
  File "chosen_model.py", line 372, in <module>
    ) = trainer(
  File "chosen_model.py", line 310, in trainer
    val_acc = val_epoch(
  File "chosen_model.py", line 242, in val_epoch
    logits = model_inferer(data)
  File "/home/guest185/hackathon_38/lib/python3.8/site-packages/monai/inferers/utils.py", line 223, in sliding_window_inference
    seg_prob_out = predictor(win_data, *args, **kwargs)  # batched patch
  File "/home/guest185/hackathon_38/lib/python3.8/site-packages/torch/nn/modules/module.py", line 1194, in _call_impl
    return forward_call(*input, **kwargs)
  File "/home/guest185/hackathon_38/lib/python3.8/site-packages/monai/networks/nets/swin_unetr.py", line 301, in forward
    hidden_states_out = self.swinViT(x_in, self.normalize)
  File "/home/guest185/hackathon_38/lib/python3.8/site-packages/torch/nn/modules/module.py", line 1194, in _call_impl
    return forward_call(*input, **kwargs)
  File "/home/guest185/hackathon_38/lib/python3.8/site-packages/monai/networks/nets/swin_unetr.py", line 1043, in forward
    x1 = self.layers1[0](x0.contiguous())
  File "/home/guest185/hackathon_38/lib/python3.8/site-packages/torch/nn/modules/module.py", line 1194, in _call_impl
    return forward_call(*input, **kwargs)
  File "/home/guest185/hackathon_38/lib/python3.8/site-packages/monai/networks/nets/swin_unetr.py", line 879, in forward
    x = blk(x, attn_mask)
  File "/home/guest185/hackathon_38/lib/python3.8/site-packages/torch/nn/modules/module.py", line 1194, in _call_impl
    return forward_call(*input, **kwargs)
  File "/home/guest185/hackathon_38/lib/python3.8/site-packages/monai/networks/nets/swin_unetr.py", line 672, in forward
    x = checkpoint.checkpoint(self.forward_part1, x, mask_matrix)
  File "/home/guest185/hackathon_38/lib/python3.8/site-packages/torch/utils/checkpoint.py", line 249, in checkpoint
    return CheckpointFunction.apply(function, preserve, *args)
  File "/home/guest185/hackathon_38/lib/python3.8/site-packages/torch/utils/checkpoint.py", line 107, in forward
    outputs = run_function(*args)
  File "/home/guest185/hackathon_38/lib/python3.8/site-packages/monai/networks/nets/swin_unetr.py", line 612, in forward_part1
    attn_windows = self.attn(x_windows, mask=attn_mask)
  File "/home/guest185/hackathon_38/lib/python3.8/site-packages/torch/nn/modules/module.py", line 1194, in _call_impl
    return forward_call(*input, **kwargs)
  File "/home/guest185/hackathon_38/lib/python3.8/site-packages/monai/networks/nets/swin_unetr.py", line 501, in forward
    attn = attn + relative_position_bias.unsqueeze(0)
torch.cuda.OutOfMemoryError: CUDA out of memory. Tried to allocate 5.26 GiB (GPU 0; 14.58 GiB total capacity; 8.78 GiB already allocated; 3.88 GiB free; 9.70 GiB reserved in total by PyTorch) If reserved memory is >> allocated memory try setting max_split_size_mb to avoid fragmentation.  See documentation for Memory Management and PYTORCH_CUDA_ALLOC_CONF
