MONAI version: 1.2.0rc7+9.g84940298
Numpy version: 1.24.2
Pytorch version: 1.13.1
MONAI flags: HAS_EXT = False, USE_COMPILED = False, USE_META_DICT = False
MONAI rev id: 84940298bff9ff1f54845eb8ae7422c0092c09c1
MONAI __file__: /home/guest185/hackathon_38/lib/python3.8/site-packages/monai/__init__.py

Optional dependencies:
Pytorch Ignite version: 0.4.2
ITK version: NOT INSTALLED or UNKNOWN VERSION.
Nibabel version: 5.1.0
scikit-image version: 0.19.3
Pillow version: 9.5.0
Tensorboard version: 2.13.0
gdown version: 4.7.1
TorchVision version: 0.14.1
tqdm version: 4.65.0
lmdb version: 1.2.1
psutil version: 5.9.4
pandas version: 1.5.3
einops version: 0.6.1
transformers version: 4.21.3
mlflow version: NOT INSTALLED or UNKNOWN VERSION.
pynrrd version: 1.0.0

For details about installing the optional dependencies, please visit:
    https://docs.monai.io/en/latest/installation.html#installing-the-recommended-dependencies

/tmp/tmpqo5qjb5r
image shape: (240, 240, 155), label shape: (240, 240, 155)
Fri May 26 04:49:40 2023 Epoch: 0
In the future `np.bool` will be defined as the corresponding NumPy scalar.
In the future `np.bool` will be defined as the corresponding NumPy scalar.
In the future `np.bool` will be defined as the corresponding NumPy scalar.
In the future `np.bool` will be defined as the corresponding NumPy scalar.
monai.transforms.io.dictionary LoadImaged.__init__:image_only: Current default value of argument `image_only=False` has been deprecated since version 1.1. It will be changed to `image_only=True` in version 1.3.
In the future `np.bool` will be defined as the corresponding NumPy scalar.
In the future `np.bool` will be defined as the corresponding NumPy scalar.
Epoch 0/10 0/1001 loss: 0.9476 time 22.92s
Epoch 0/10 1/1001 loss: 0.9149 time 3.56s
Epoch 0/10 2/1001 loss: 0.9166 time 3.43s
Epoch 0/10 3/1001 loss: 0.9126 time 3.42s
Epoch 0/10 4/1001 loss: 0.9235 time 3.45s
Epoch 0/10 5/1001 loss: 0.9253 time 3.47s
Epoch 0/10 6/1001 loss: 0.9205 time 3.47s
Epoch 0/10 7/1001 loss: 0.9230 time 3.49s
Epoch 0/10 8/1001 loss: 0.9301 time 3.50s
Epoch 0/10 9/1001 loss: 0.9291 time 3.51s
Epoch 0/10 10/1001 loss: 0.9253 time 3.51s
Epoch 0/10 11/1001 loss: 0.9280 time 3.53s
Epoch 0/10 12/1001 loss: 0.9302 time 3.54s
Epoch 0/10 13/1001 loss: 0.9220 time 3.55s
Epoch 0/10 14/1001 loss: 0.9220 time 3.55s
Epoch 0/10 15/1001 loss: 0.9229 time 3.57s
Epoch 0/10 16/1001 loss: 0.9247 time 3.57s
Epoch 0/10 17/1001 loss: 0.9213 time 3.59s
Epoch 0/10 18/1001 loss: 0.9188 time 3.62s
Epoch 0/10 19/1001 loss: 0.9226 time 3.60s
Epoch 0/10 20/1001 loss: 0.9207 time 3.61s
Epoch 0/10 21/1001 loss: 0.9217 time 3.63s
Epoch 0/10 22/1001 loss: 0.9217 time 3.63s
Epoch 0/10 23/1001 loss: 0.9224 time 3.64s
Epoch 0/10 24/1001 loss: 0.9248 time 3.63s
Epoch 0/10 25/1001 loss: 0.9244 time 3.65s
Epoch 0/10 26/1001 loss: 0.9229 time 3.65s
Epoch 0/10 27/1001 loss: 0.9228 time 3.66s
Epoch 0/10 28/1001 loss: 0.9220 time 3.67s
Epoch 0/10 29/1001 loss: 0.9192 time 3.64s
Epoch 0/10 30/1001 loss: 0.9169 time 3.65s
Epoch 0/10 31/1001 loss: 0.9170 time 3.65s
Epoch 0/10 32/1001 loss: 0.9174 time 3.64s
Epoch 0/10 33/1001 loss: 0.9152 time 3.65s
Epoch 0/10 34/1001 loss: 0.9163 time 3.64s
Epoch 0/10 35/1001 loss: 0.9156 time 3.64s
Epoch 0/10 36/1001 loss: 0.9123 time 3.65s
Epoch 0/10 37/1001 loss: 0.9125 time 3.65s
Epoch 0/10 38/1001 loss: 0.9109 time 3.64s
Epoch 0/10 39/1001 loss: 0.9120 time 3.64s
Epoch 0/10 40/1001 loss: 0.9129 time 3.64s
Epoch 0/10 41/1001 loss: 0.9114 time 3.64s
Epoch 0/10 42/1001 loss: 0.9132 time 3.63s
Epoch 0/10 43/1001 loss: 0.9121 time 3.63s
Epoch 0/10 44/1001 loss: 0.9124 time 3.62s
Epoch 0/10 45/1001 loss: 0.9114 time 3.63s
Epoch 0/10 46/1001 loss: 0.9110 time 3.63s
Epoch 0/10 47/1001 loss: 0.9117 time 3.62s
Epoch 0/10 48/1001 loss: 0.9091 time 3.63s
Epoch 0/10 49/1001 loss: 0.9072 time 3.62s
Epoch 0/10 50/1001 loss: 0.9043 time 3.62s
Epoch 0/10 51/1001 loss: 0.9048 time 3.62s
Epoch 0/10 52/1001 loss: 0.9030 time 3.63s
Epoch 0/10 53/1001 loss: 0.9032 time 3.63s
Epoch 0/10 54/1001 loss: 0.9029 time 3.62s
Epoch 0/10 55/1001 loss: 0.9041 time 3.62s
Epoch 0/10 56/1001 loss: 0.9039 time 3.60s
Epoch 0/10 57/1001 loss: 0.9050 time 3.61s
Epoch 0/10 58/1001 loss: 0.9054 time 3.61s
Epoch 0/10 59/1001 loss: 0.9050 time 3.60s
Epoch 0/10 60/1001 loss: 0.9058 time 3.61s
Epoch 0/10 61/1001 loss: 0.9067 time 3.61s
Epoch 0/10 62/1001 loss: 0.9068 time 3.60s
Epoch 0/10 63/1001 loss: 0.9064 time 3.61s
Epoch 0/10 64/1001 loss: 0.9053 time 3.60s
Epoch 0/10 65/1001 loss: 0.9053 time 3.60s
Epoch 0/10 66/1001 loss: 0.9057 time 3.60s
Epoch 0/10 67/1001 loss: 0.9068 time 3.60s
Epoch 0/10 68/1001 loss: 0.9063 time 3.60s
Epoch 0/10 69/1001 loss: 0.9064 time 3.60s
Epoch 0/10 70/1001 loss: 0.9068 time 3.60s
Epoch 0/10 71/1001 loss: 0.9059 time 3.60s
Epoch 0/10 72/1001 loss: 0.9061 time 3.60s
Epoch 0/10 73/1001 loss: 0.9068 time 3.59s
Epoch 0/10 74/1001 loss: 0.9073 time 3.60s
Epoch 0/10 75/1001 loss: 0.9082 time 3.59s
Epoch 0/10 76/1001 loss: 0.9066 time 3.60s
Epoch 0/10 77/1001 loss: 0.9060 time 3.59s
Epoch 0/10 78/1001 loss: 0.9049 time 3.60s
Epoch 0/10 79/1001 loss: 0.9058 time 3.58s
Epoch 0/10 80/1001 loss: 0.9049 time 3.57s
Epoch 0/10 81/1001 loss: 0.9048 time 3.59s
Epoch 0/10 82/1001 loss: 0.9038 time 3.59s
Epoch 0/10 83/1001 loss: 0.9046 time 3.58s
Epoch 0/10 84/1001 loss: 0.9041 time 3.59s
Epoch 0/10 85/1001 loss: 0.9046 time 3.58s
Epoch 0/10 86/1001 loss: 0.9057 time 3.58s
Epoch 0/10 87/1001 loss: 0.9053 time 3.58s
Epoch 0/10 88/1001 loss: 0.9038 time 3.59s
Epoch 0/10 89/1001 loss: 0.9022 time 3.59s
Epoch 0/10 90/1001 loss: 0.9021 time 3.58s
Epoch 0/10 91/1001 loss: 0.9018 time 3.58s
Epoch 0/10 92/1001 loss: 0.9024 time 3.57s
Epoch 0/10 93/1001 loss: 0.9025 time 3.58s
Epoch 0/10 94/1001 loss: 0.9010 time 3.56s
Epoch 0/10 95/1001 loss: 0.8992 time 3.58s
Epoch 0/10 96/1001 loss: 0.8981 time 3.57s
Epoch 0/10 97/1001 loss: 0.8988 time 3.57s
Epoch 0/10 98/1001 loss: 0.8988 time 3.57s
Epoch 0/10 99/1001 loss: 0.8979 time 3.57s
Epoch 0/10 100/1001 loss: 0.8971 time 3.57s
Epoch 0/10 101/1001 loss: 0.8969 time 3.56s
Epoch 0/10 102/1001 loss: 0.8977 time 3.58s
Epoch 0/10 103/1001 loss: 0.8979 time 3.57s
Epoch 0/10 104/1001 loss: 0.8974 time 3.57s
Epoch 0/10 105/1001 loss: 0.8969 time 3.56s
Epoch 0/10 106/1001 loss: 0.8973 time 3.57s
Epoch 0/10 107/1001 loss: 0.8968 time 3.56s
Epoch 0/10 108/1001 loss: 0.8971 time 3.56s
Epoch 0/10 109/1001 loss: 0.8968 time 3.58s
Epoch 0/10 110/1001 loss: 0.8970 time 3.57s
Epoch 0/10 111/1001 loss: 0.8976 time 3.56s
Epoch 0/10 112/1001 loss: 0.8983 time 3.56s
Epoch 0/10 113/1001 loss: 0.8982 time 3.58s
Epoch 0/10 114/1001 loss: 0.8982 time 3.57s
Epoch 0/10 115/1001 loss: 0.8983 time 3.57s
Epoch 0/10 116/1001 loss: 0.8990 time 3.57s
Epoch 0/10 117/1001 loss: 0.8991 time 3.57s
Epoch 0/10 118/1001 loss: 0.8989 time 3.57s
Epoch 0/10 119/1001 loss: 0.8990 time 3.57s
Epoch 0/10 120/1001 loss: 0.8988 time 3.56s
Epoch 0/10 121/1001 loss: 0.8987 time 3.57s
Epoch 0/10 122/1001 loss: 0.8981 time 3.57s
Epoch 0/10 123/1001 loss: 0.8985 time 3.57s
Epoch 0/10 124/1001 loss: 0.8985 time 3.56s
Epoch 0/10 125/1001 loss: 0.8971 time 3.56s
Epoch 0/10 126/1001 loss: 0.8973 time 3.56s
Epoch 0/10 127/1001 loss: 0.8977 time 3.56s
Epoch 0/10 128/1001 loss: 0.8978 time 3.56s
Epoch 0/10 129/1001 loss: 0.8973 time 3.57s
Epoch 0/10 130/1001 loss: 0.8964 time 3.56s
Epoch 0/10 131/1001 loss: 0.8970 time 3.56s
Epoch 0/10 132/1001 loss: 0.8969 time 3.56s
Epoch 0/10 133/1001 loss: 0.8968 time 3.56s
Epoch 0/10 134/1001 loss: 0.8971 time 3.57s
Epoch 0/10 135/1001 loss: 0.8975 time 3.57s
Epoch 0/10 136/1001 loss: 0.8973 time 3.57s
Epoch 0/10 137/1001 loss: 0.8972 time 3.57s
Epoch 0/10 138/1001 loss: 0.8976 time 3.57s
Epoch 0/10 139/1001 loss: 0.8973 time 3.56s
Epoch 0/10 140/1001 loss: 0.8979 time 3.56s
Epoch 0/10 141/1001 loss: 0.8976 time 3.56s
Epoch 0/10 142/1001 loss: 0.8978 time 3.56s
Epoch 0/10 143/1001 loss: 0.8974 time 3.56s
Epoch 0/10 144/1001 loss: 0.8977 time 3.56s
Epoch 0/10 145/1001 loss: 0.8971 time 3.57s
Epoch 0/10 146/1001 loss: 0.8964 time 3.56s
Epoch 0/10 147/1001 loss: 0.8961 time 3.56s
Epoch 0/10 148/1001 loss: 0.8954 time 3.56s
Epoch 0/10 149/1001 loss: 0.8946 time 3.57s
Epoch 0/10 150/1001 loss: 0.8939 time 3.56s
Epoch 0/10 151/1001 loss: 0.8935 time 3.56s
Epoch 0/10 152/1001 loss: 0.8937 time 3.56s
Epoch 0/10 153/1001 loss: 0.8944 time 3.56s
Epoch 0/10 154/1001 loss: 0.8941 time 3.57s
Epoch 0/10 155/1001 loss: 0.8944 time 3.57s
Epoch 0/10 156/1001 loss: 0.8946 time 3.57s
Epoch 0/10 157/1001 loss: 0.8949 time 3.57s
Epoch 0/10 158/1001 loss: 0.8953 time 3.57s
Epoch 0/10 159/1001 loss: 0.8953 time 3.57s
Epoch 0/10 160/1001 loss: 0.8944 time 3.56s
Epoch 0/10 161/1001 loss: 0.8944 time 3.56s
Epoch 0/10 162/1001 loss: 0.8944 time 3.56s
Epoch 0/10 163/1001 loss: 0.8935 time 3.56s
Epoch 0/10 164/1001 loss: 0.8937 time 3.56s
Epoch 0/10 165/1001 loss: 0.8936 time 3.56s
Epoch 0/10 166/1001 loss: 0.8933 time 3.56s
Epoch 0/10 167/1001 loss: 0.8938 time 3.56s
Epoch 0/10 168/1001 loss: 0.8942 time 3.56s
Epoch 0/10 169/1001 loss: 0.8940 time 3.56s
Epoch 0/10 170/1001 loss: 0.8934 time 3.56s
Epoch 0/10 171/1001 loss: 0.8932 time 3.56s
Epoch 0/10 172/1001 loss: 0.8937 time 3.57s
Epoch 0/10 173/1001 loss: 0.8937 time 3.57s
Epoch 0/10 174/1001 loss: 0.8940 time 3.57s
Epoch 0/10 175/1001 loss: 0.8939 time 3.57s
Epoch 0/10 176/1001 loss: 0.8930 time 3.57s
Epoch 0/10 177/1001 loss: 0.8926 time 3.57s
Epoch 0/10 178/1001 loss: 0.8932 time 3.56s
Epoch 0/10 179/1001 loss: 0.8934 time 3.56s
Epoch 0/10 180/1001 loss: 0.8933 time 3.56s
Epoch 0/10 181/1001 loss: 0.8930 time 3.56s
Epoch 0/10 182/1001 loss: 0.8927 time 3.56s
Epoch 0/10 183/1001 loss: 0.8919 time 3.56s
Epoch 0/10 184/1001 loss: 0.8915 time 3.56s
Epoch 0/10 185/1001 loss: 0.8906 time 3.56s
Epoch 0/10 186/1001 loss: 0.8901 time 3.56s
Epoch 0/10 187/1001 loss: 0.8902 time 3.56s
Epoch 0/10 188/1001 loss: 0.8894 time 3.56s
Epoch 0/10 189/1001 loss: 0.8894 time 3.56s
Epoch 0/10 190/1001 loss: 0.8896 time 3.56s
Epoch 0/10 191/1001 loss: 0.8898 time 3.59s
Epoch 0/10 192/1001 loss: 0.8896 time 3.57s
Epoch 0/10 193/1001 loss: 0.8896 time 3.57s
Epoch 0/10 194/1001 loss: 0.8890 time 3.56s
Epoch 0/10 195/1001 loss: 0.8888 time 3.57s
Epoch 0/10 196/1001 loss: 0.8885 time 3.56s
Epoch 0/10 197/1001 loss: 0.8885 time 3.56s
Epoch 0/10 198/1001 loss: 0.8879 time 3.56s
Epoch 0/10 199/1001 loss: 0.8880 time 3.56s
Epoch 0/10 200/1001 loss: 0.8884 time 3.56s
Epoch 0/10 201/1001 loss: 0.8883 time 3.56s
Epoch 0/10 202/1001 loss: 0.8884 time 3.56s
Epoch 0/10 203/1001 loss: 0.8881 time 3.56s
Epoch 0/10 204/1001 loss: 0.8876 time 3.56s
Epoch 0/10 205/1001 loss: 0.8878 time 3.56s
Epoch 0/10 206/1001 loss: 0.8881 time 3.56s
Epoch 0/10 207/1001 loss: 0.8878 time 3.56s
Epoch 0/10 208/1001 loss: 0.8876 time 3.56s
Epoch 0/10 209/1001 loss: 0.8880 time 3.57s
Epoch 0/10 210/1001 loss: 0.8880 time 3.56s
Epoch 0/10 211/1001 loss: 0.8883 time 3.57s
Epoch 0/10 212/1001 loss: 0.8875 time 3.57s
Epoch 0/10 213/1001 loss: 0.8873 time 3.57s
Epoch 0/10 214/1001 loss: 0.8872 time 3.56s
Epoch 0/10 215/1001 loss: 0.8873 time 3.56s
Epoch 0/10 216/1001 loss: 0.8872 time 3.57s
Epoch 0/10 217/1001 loss: 0.8868 time 3.58s
Epoch 0/10 218/1001 loss: 0.8865 time 3.58s
Epoch 0/10 219/1001 loss: 0.8864 time 3.59s
Epoch 0/10 220/1001 loss: 0.8866 time 3.58s
Epoch 0/10 221/1001 loss: 0.8862 time 3.58s
Epoch 0/10 222/1001 loss: 0.8864 time 3.58s
Epoch 0/10 223/1001 loss: 0.8857 time 3.57s
Epoch 0/10 224/1001 loss: 0.8853 time 3.59s
Epoch 0/10 225/1001 loss: 0.8847 time 3.59s
Epoch 0/10 226/1001 loss: 0.8847 time 3.58s
Epoch 0/10 227/1001 loss: 0.8841 time 3.58s
Epoch 0/10 228/1001 loss: 0.8834 time 3.58s
Epoch 0/10 229/1001 loss: 0.8828 time 3.58s
Epoch 0/10 230/1001 loss: 0.8820 time 3.58s
Epoch 0/10 231/1001 loss: 0.8816 time 3.57s
Epoch 0/10 232/1001 loss: 0.8814 time 3.59s
Epoch 0/10 233/1001 loss: 0.8811 time 3.58s
Epoch 0/10 234/1001 loss: 0.8806 time 3.57s
Epoch 0/10 235/1001 loss: 0.8806 time 3.59s
Epoch 0/10 236/1001 loss: 0.8805 time 3.59s
Epoch 0/10 237/1001 loss: 0.8804 time 3.58s
Epoch 0/10 238/1001 loss: 0.8806 time 3.58s
Epoch 0/10 239/1001 loss: 0.8807 time 3.58s
Epoch 0/10 240/1001 loss: 0.8810 time 3.58s
Epoch 0/10 241/1001 loss: 0.8805 time 3.58s
Epoch 0/10 242/1001 loss: 0.8799 time 3.57s
Epoch 0/10 243/1001 loss: 0.8793 time 3.58s
Epoch 0/10 244/1001 loss: 0.8788 time 3.59s
Epoch 0/10 245/1001 loss: 0.8789 time 3.58s
Epoch 0/10 246/1001 loss: 0.8784 time 3.58s
Epoch 0/10 247/1001 loss: 0.8780 time 3.57s
Epoch 0/10 248/1001 loss: 0.8781 time 3.59s
Epoch 0/10 249/1001 loss: 0.8776 time 3.57s
Epoch 0/10 250/1001 loss: 0.8777 time 3.59s
Epoch 0/10 251/1001 loss: 0.8776 time 3.57s
Epoch 0/10 252/1001 loss: 0.8777 time 3.58s
Epoch 0/10 253/1001 loss: 0.8776 time 3.57s
Epoch 0/10 254/1001 loss: 0.8768 time 3.58s
Epoch 0/10 255/1001 loss: 0.8765 time 3.58s
Epoch 0/10 256/1001 loss: 0.8767 time 3.58s
Epoch 0/10 257/1001 loss: 0.8767 time 3.58s
Epoch 0/10 258/1001 loss: 0.8769 time 3.57s
Epoch 0/10 259/1001 loss: 0.8768 time 3.58s
Epoch 0/10 260/1001 loss: 0.8771 time 3.58s
Epoch 0/10 261/1001 loss: 0.8771 time 3.59s
Epoch 0/10 262/1001 loss: 0.8770 time 3.58s
Epoch 0/10 263/1001 loss: 0.8767 time 3.58s
Epoch 0/10 264/1001 loss: 0.8761 time 3.58s
Epoch 0/10 265/1001 loss: 0.8764 time 3.57s
Epoch 0/10 266/1001 loss: 0.8763 time 3.58s
Epoch 0/10 267/1001 loss: 0.8763 time 3.57s
Epoch 0/10 268/1001 loss: 0.8761 time 3.57s
Epoch 0/10 269/1001 loss: 0.8764 time 3.58s
Epoch 0/10 270/1001 loss: 0.8766 time 3.58s
Epoch 0/10 271/1001 loss: 0.8765 time 3.58s
Epoch 0/10 272/1001 loss: 0.8768 time 3.57s
Epoch 0/10 273/1001 loss: 0.8768 time 3.58s
Epoch 0/10 274/1001 loss: 0.8760 time 3.58s
Epoch 0/10 275/1001 loss: 0.8756 time 3.58s
Epoch 0/10 276/1001 loss: 0.8755 time 3.58s
Epoch 0/10 277/1001 loss: 0.8756 time 3.57s
Epoch 0/10 278/1001 loss: 0.8760 time 3.58s
Epoch 0/10 279/1001 loss: 0.8763 time 3.58s
Epoch 0/10 280/1001 loss: 0.8761 time 3.58s
Epoch 0/10 281/1001 loss: 0.8756 time 3.57s
Epoch 0/10 282/1001 loss: 0.8749 time 3.58s
Epoch 0/10 283/1001 loss: 0.8752 time 3.58s
Epoch 0/10 284/1001 loss: 0.8750 time 3.58s
Epoch 0/10 285/1001 loss: 0.8751 time 3.57s
Epoch 0/10 286/1001 loss: 0.8752 time 3.57s
Epoch 0/10 287/1001 loss: 0.8753 time 3.57s
Epoch 0/10 288/1001 loss: 0.8753 time 3.58s
Epoch 0/10 289/1001 loss: 0.8751 time 3.57s
Epoch 0/10 290/1001 loss: 0.8751 time 3.58s
Epoch 0/10 291/1001 loss: 0.8745 time 3.58s
Epoch 0/10 292/1001 loss: 0.8745 time 3.58s
Epoch 0/10 293/1001 loss: 0.8748 time 3.57s
Epoch 0/10 294/1001 loss: 0.8743 time 3.58s
Epoch 0/10 295/1001 loss: 0.8740 time 3.58s
Epoch 0/10 296/1001 loss: 0.8741 time 3.58s
Epoch 0/10 297/1001 loss: 0.8740 time 3.58s
Epoch 0/10 298/1001 loss: 0.8740 time 3.58s
Epoch 0/10 299/1001 loss: 0.8737 time 3.58s
Epoch 0/10 300/1001 loss: 0.8736 time 3.58s
Epoch 0/10 301/1001 loss: 0.8738 time 3.58s
Epoch 0/10 302/1001 loss: 0.8738 time 3.57s
Epoch 0/10 303/1001 loss: 0.8738 time 3.58s
Epoch 0/10 304/1001 loss: 0.8738 time 3.59s
Epoch 0/10 305/1001 loss: 0.8736 time 3.59s
Epoch 0/10 306/1001 loss: 0.8739 time 3.57s
Epoch 0/10 307/1001 loss: 0.8735 time 3.59s
Epoch 0/10 308/1001 loss: 0.8729 time 3.59s
Epoch 0/10 309/1001 loss: 0.8728 time 3.58s
Epoch 0/10 310/1001 loss: 0.8723 time 3.58s
Epoch 0/10 311/1001 loss: 0.8726 time 3.56s
Epoch 0/10 312/1001 loss: 0.8721 time 3.58s
Epoch 0/10 313/1001 loss: 0.8716 time 3.58s
Epoch 0/10 314/1001 loss: 0.8713 time 3.57s
Epoch 0/10 315/1001 loss: 0.8715 time 3.58s
Epoch 0/10 316/1001 loss: 0.8717 time 3.58s
Epoch 0/10 317/1001 loss: 0.8718 time 3.58s
Epoch 0/10 318/1001 loss: 0.8720 time 3.58s
Epoch 0/10 319/1001 loss: 0.8720 time 3.58s
Epoch 0/10 320/1001 loss: 0.8719 time 3.58s
Epoch 0/10 321/1001 loss: 0.8722 time 3.58s
Epoch 0/10 322/1001 loss: 0.8716 time 3.57s
Epoch 0/10 323/1001 loss: 0.8716 time 3.58s
Epoch 0/10 324/1001 loss: 0.8713 time 3.57s
Epoch 0/10 325/1001 loss: 0.8706 time 3.59s
Epoch 0/10 326/1001 loss: 0.8705 time 3.57s
Epoch 0/10 327/1001 loss: 0.8706 time 3.58s
Epoch 0/10 328/1001 loss: 0.8703 time 3.58s
Epoch 0/10 329/1001 loss: 0.8701 time 3.58s
Epoch 0/10 330/1001 loss: 0.8697 time 3.58s
Epoch 0/10 331/1001 loss: 0.8696 time 3.57s
Epoch 0/10 332/1001 loss: 0.8694 time 3.58s
Epoch 0/10 333/1001 loss: 0.8690 time 3.59s
Epoch 0/10 334/1001 loss: 0.8690 time 3.58s
Epoch 0/10 335/1001 loss: 0.8686 time 3.57s
Epoch 0/10 336/1001 loss: 0.8685 time 3.58s
Epoch 0/10 337/1001 loss: 0.8683 time 3.58s
Epoch 0/10 338/1001 loss: 0.8682 time 3.57s
Epoch 0/10 339/1001 loss: 0.8682 time 3.58s
Epoch 0/10 340/1001 loss: 0.8681 time 3.58s
Epoch 0/10 341/1001 loss: 0.8679 time 3.58s
Epoch 0/10 342/1001 loss: 0.8674 time 3.58s
Epoch 0/10 343/1001 loss: 0.8675 time 3.58s
Epoch 0/10 344/1001 loss: 0.8675 time 3.57s
Epoch 0/10 345/1001 loss: 0.8675 time 3.57s
Epoch 0/10 346/1001 loss: 0.8677 time 3.59s
Epoch 0/10 347/1001 loss: 0.8678 time 3.58s
Epoch 0/10 348/1001 loss: 0.8680 time 3.57s
Epoch 0/10 349/1001 loss: 0.8683 time 3.56s
Epoch 0/10 350/1001 loss: 0.8678 time 3.58s
Epoch 0/10 351/1001 loss: 0.8680 time 3.57s
Epoch 0/10 352/1001 loss: 0.8679 time 3.58s
Epoch 0/10 353/1001 loss: 0.8679 time 3.58s
Epoch 0/10 354/1001 loss: 0.8679 time 3.58s
Epoch 0/10 355/1001 loss: 0.8673 time 3.57s
Epoch 0/10 356/1001 loss: 0.8671 time 3.58s
Epoch 0/10 357/1001 loss: 0.8665 time 3.57s
Epoch 0/10 358/1001 loss: 0.8668 time 3.58s
Epoch 0/10 359/1001 loss: 0.8667 time 3.58s
Epoch 0/10 360/1001 loss: 0.8664 time 3.57s
Epoch 0/10 361/1001 loss: 0.8664 time 3.57s
Epoch 0/10 362/1001 loss: 0.8665 time 3.58s
Epoch 0/10 363/1001 loss: 0.8666 time 3.57s
Epoch 0/10 364/1001 loss: 0.8660 time 3.58s
Epoch 0/10 365/1001 loss: 0.8663 time 3.57s
Epoch 0/10 366/1001 loss: 0.8658 time 3.57s
Epoch 0/10 367/1001 loss: 0.8658 time 3.57s
Epoch 0/10 368/1001 loss: 0.8656 time 3.58s
Epoch 0/10 369/1001 loss: 0.8653 time 3.57s
Epoch 0/10 370/1001 loss: 0.8655 time 3.58s
Epoch 0/10 371/1001 loss: 0.8655 time 3.57s
Epoch 0/10 372/1001 loss: 0.8654 time 3.58s
Epoch 0/10 373/1001 loss: 0.8655 time 3.58s
Epoch 0/10 374/1001 loss: 0.8653 time 3.56s
Epoch 0/10 375/1001 loss: 0.8652 time 3.58s
Epoch 0/10 376/1001 loss: 0.8647 time 3.57s
Epoch 0/10 377/1001 loss: 0.8645 time 3.58s
Epoch 0/10 378/1001 loss: 0.8645 time 3.58s
Epoch 0/10 379/1001 loss: 0.8645 time 3.57s
Epoch 0/10 380/1001 loss: 0.8647 time 3.57s
Epoch 0/10 381/1001 loss: 0.8647 time 3.57s
Epoch 0/10 382/1001 loss: 0.8642 time 3.59s
Epoch 0/10 383/1001 loss: 0.8636 time 3.57s
Epoch 0/10 384/1001 loss: 0.8634 time 3.58s
Epoch 0/10 385/1001 loss: 0.8634 time 3.57s
Epoch 0/10 386/1001 loss: 0.8634 time 3.58s
Epoch 0/10 387/1001 loss: 0.8631 time 3.58s
Epoch 0/10 388/1001 loss: 0.8630 time 3.58s
Epoch 0/10 389/1001 loss: 0.8633 time 3.58s
Epoch 0/10 390/1001 loss: 0.8629 time 3.59s
Epoch 0/10 391/1001 loss: 0.8632 time 3.58s
Epoch 0/10 392/1001 loss: 0.8627 time 3.58s
Epoch 0/10 393/1001 loss: 0.8629 time 3.58s
Epoch 0/10 394/1001 loss: 0.8626 time 3.57s
Epoch 0/10 395/1001 loss: 0.8626 time 3.58s
Epoch 0/10 396/1001 loss: 0.8624 time 3.57s
Epoch 0/10 397/1001 loss: 0.8618 time 3.59s
Epoch 0/10 398/1001 loss: 0.8618 time 3.59s
Epoch 0/10 399/1001 loss: 0.8617 time 3.57s
Epoch 0/10 400/1001 loss: 0.8613 time 3.59s
Epoch 0/10 401/1001 loss: 0.8612 time 3.59s
Epoch 0/10 402/1001 loss: 0.8609 time 3.57s
Epoch 0/10 403/1001 loss: 0.8607 time 3.59s
Epoch 0/10 404/1001 loss: 0.8604 time 3.58s
Epoch 0/10 405/1001 loss: 0.8601 time 3.58s
Epoch 0/10 406/1001 loss: 0.8602 time 3.58s
Epoch 0/10 407/1001 loss: 0.8600 time 3.58s
Epoch 0/10 408/1001 loss: 0.8598 time 3.59s
Epoch 0/10 409/1001 loss: 0.8595 time 3.59s
Epoch 0/10 410/1001 loss: 0.8597 time 3.58s
Epoch 0/10 411/1001 loss: 0.8590 time 3.58s
Epoch 0/10 412/1001 loss: 0.8586 time 3.59s
Epoch 0/10 413/1001 loss: 0.8588 time 3.58s
Epoch 0/10 414/1001 loss: 0.8585 time 3.58s
Epoch 0/10 415/1001 loss: 0.8582 time 3.59s
Epoch 0/10 416/1001 loss: 0.8583 time 3.58s
Epoch 0/10 417/1001 loss: 0.8586 time 3.58s
Epoch 0/10 418/1001 loss: 0.8584 time 3.58s
Epoch 0/10 419/1001 loss: 0.8579 time 3.58s
Epoch 0/10 420/1001 loss: 0.8582 time 3.58s
Epoch 0/10 421/1001 loss: 0.8584 time 3.57s
Epoch 0/10 422/1001 loss: 0.8580 time 3.58s
Epoch 0/10 423/1001 loss: 0.8578 time 3.58s
Epoch 0/10 424/1001 loss: 0.8580 time 3.57s
Epoch 0/10 425/1001 loss: 0.8578 time 3.59s
Epoch 0/10 426/1001 loss: 0.8575 time 3.58s
Epoch 0/10 427/1001 loss: 0.8575 time 3.58s
Epoch 0/10 428/1001 loss: 0.8572 time 3.58s
Epoch 0/10 429/1001 loss: 0.8571 time 3.58s
Epoch 0/10 430/1001 loss: 0.8566 time 3.59s
Epoch 0/10 431/1001 loss: 0.8569 time 3.58s
Epoch 0/10 432/1001 loss: 0.8569 time 3.59s
Epoch 0/10 433/1001 loss: 0.8566 time 3.58s
Epoch 0/10 434/1001 loss: 0.8564 time 3.58s
Epoch 0/10 435/1001 loss: 0.8566 time 3.57s
Epoch 0/10 436/1001 loss: 0.8563 time 3.58s
Epoch 0/10 437/1001 loss: 0.8561 time 3.57s
Epoch 0/10 438/1001 loss: 0.8558 time 3.57s
Epoch 0/10 439/1001 loss: 0.8556 time 3.57s
Epoch 0/10 440/1001 loss: 0.8557 time 3.58s
Epoch 0/10 441/1001 loss: 0.8560 time 3.56s
Epoch 0/10 442/1001 loss: 0.8559 time 3.57s
Epoch 0/10 443/1001 loss: 0.8556 time 3.58s
Epoch 0/10 444/1001 loss: 0.8553 time 3.58s
Epoch 0/10 445/1001 loss: 0.8551 time 3.57s
Epoch 0/10 446/1001 loss: 0.8546 time 3.58s
Epoch 0/10 447/1001 loss: 0.8549 time 3.57s
Epoch 0/10 448/1001 loss: 0.8552 time 3.57s
Epoch 0/10 449/1001 loss: 0.8548 time 3.58s
Epoch 0/10 450/1001 loss: 0.8545 time 3.57s
Epoch 0/10 451/1001 loss: 0.8540 time 3.58s
Epoch 0/10 452/1001 loss: 0.8539 time 3.58s
Epoch 0/10 453/1001 loss: 0.8534 time 3.57s
Epoch 0/10 454/1001 loss: 0.8537 time 3.56s
Epoch 0/10 455/1001 loss: 0.8533 time 3.57s
Epoch 0/10 456/1001 loss: 0.8535 time 3.56s
Epoch 0/10 457/1001 loss: 0.8532 time 3.57s
Epoch 0/10 458/1001 loss: 0.8531 time 3.57s
Epoch 0/10 459/1001 loss: 0.8530 time 3.57s
Epoch 0/10 460/1001 loss: 0.8529 time 3.56s
Epoch 0/10 461/1001 loss: 0.8529 time 3.56s
Epoch 0/10 462/1001 loss: 0.8524 time 3.57s
Epoch 0/10 463/1001 loss: 0.8523 time 3.57s
Epoch 0/10 464/1001 loss: 0.8523 time 3.57s
Epoch 0/10 465/1001 loss: 0.8523 time 3.57s
Epoch 0/10 466/1001 loss: 0.8521 time 3.58s
Epoch 0/10 467/1001 loss: 0.8520 time 3.56s
Epoch 0/10 468/1001 loss: 0.8515 time 3.56s
Epoch 0/10 469/1001 loss: 0.8513 time 3.57s
Epoch 0/10 470/1001 loss: 0.8514 time 3.56s
Epoch 0/10 471/1001 loss: 0.8516 time 3.58s
Epoch 0/10 472/1001 loss: 0.8511 time 3.57s
Epoch 0/10 473/1001 loss: 0.8509 time 3.58s
Epoch 0/10 474/1001 loss: 0.8505 time 3.57s
Epoch 0/10 475/1001 loss: 0.8501 time 3.57s
Epoch 0/10 476/1001 loss: 0.8499 time 3.57s
Epoch 0/10 477/1001 loss: 0.8494 time 3.57s
Epoch 0/10 478/1001 loss: 0.8492 time 3.57s
Epoch 0/10 479/1001 loss: 0.8488 time 3.58s
Epoch 0/10 480/1001 loss: 0.8487 time 3.56s
Epoch 0/10 481/1001 loss: 0.8486 time 3.56s
Epoch 0/10 482/1001 loss: 0.8483 time 3.57s
Epoch 0/10 483/1001 loss: 0.8481 time 3.58s
Epoch 0/10 484/1001 loss: 0.8481 time 3.57s
Epoch 0/10 485/1001 loss: 0.8480 time 3.58s
Epoch 0/10 486/1001 loss: 0.8478 time 3.57s
Epoch 0/10 487/1001 loss: 0.8479 time 3.58s
Epoch 0/10 488/1001 loss: 0.8476 time 3.56s
Epoch 0/10 489/1001 loss: 0.8477 time 3.58s
Epoch 0/10 490/1001 loss: 0.8474 time 3.57s
Epoch 0/10 491/1001 loss: 0.8470 time 3.58s
Epoch 0/10 492/1001 loss: 0.8468 time 3.57s
Epoch 0/10 493/1001 loss: 0.8466 time 3.57s
Epoch 0/10 494/1001 loss: 0.8461 time 3.57s
Epoch 0/10 495/1001 loss: 0.8458 time 3.57s
Epoch 0/10 496/1001 loss: 0.8455 time 3.57s
Epoch 0/10 497/1001 loss: 0.8458 time 3.57s
Epoch 0/10 498/1001 loss: 0.8458 time 3.56s
Epoch 0/10 499/1001 loss: 0.8456 time 3.57s
Epoch 0/10 500/1001 loss: 0.8456 time 3.57s
Epoch 0/10 501/1001 loss: 0.8454 time 3.57s
Epoch 0/10 502/1001 loss: 0.8451 time 3.58s
Epoch 0/10 503/1001 loss: 0.8453 time 3.58s
Epoch 0/10 504/1001 loss: 0.8452 time 3.57s
Epoch 0/10 505/1001 loss: 0.8448 time 3.58s
Epoch 0/10 506/1001 loss: 0.8446 time 3.58s
Epoch 0/10 507/1001 loss: 0.8443 time 3.58s
Epoch 0/10 508/1001 loss: 0.8442 time 3.57s
Epoch 0/10 509/1001 loss: 0.8437 time 3.58s
Epoch 0/10 510/1001 loss: 0.8431 time 3.58s
Epoch 0/10 511/1001 loss: 0.8425 time 3.57s
Epoch 0/10 512/1001 loss: 0.8427 time 3.58s
Epoch 0/10 513/1001 loss: 0.8425 time 3.58s
Epoch 0/10 514/1001 loss: 0.8421 time 3.58s
Epoch 0/10 515/1001 loss: 0.8416 time 3.58s
Epoch 0/10 516/1001 loss: 0.8417 time 3.57s
Epoch 0/10 517/1001 loss: 0.8415 time 3.58s
Epoch 0/10 518/1001 loss: 0.8412 time 3.58s
Epoch 0/10 519/1001 loss: 0.8414 time 3.57s
Epoch 0/10 520/1001 loss: 0.8415 time 3.58s
Epoch 0/10 521/1001 loss: 0.8416 time 3.56s
Epoch 0/10 522/1001 loss: 0.8414 time 3.58s
Epoch 0/10 523/1001 loss: 0.8411 time 3.58s
Epoch 0/10 524/1001 loss: 0.8405 time 3.57s
Epoch 0/10 525/1001 loss: 0.8401 time 3.58s
Epoch 0/10 526/1001 loss: 0.8399 time 3.57s
Epoch 0/10 527/1001 loss: 0.8397 time 3.58s
Epoch 0/10 528/1001 loss: 0.8391 time 3.58s
Epoch 0/10 529/1001 loss: 0.8392 time 3.57s
Epoch 0/10 530/1001 loss: 0.8394 time 3.58s
Epoch 0/10 531/1001 loss: 0.8393 time 3.57s
Epoch 0/10 532/1001 loss: 0.8387 time 3.57s
Epoch 0/10 533/1001 loss: 0.8386 time 3.59s
Epoch 0/10 534/1001 loss: 0.8387 time 3.57s
Epoch 0/10 535/1001 loss: 0.8388 time 3.58s
Epoch 0/10 536/1001 loss: 0.8389 time 3.57s
Epoch 0/10 537/1001 loss: 0.8390 time 3.58s
Epoch 0/10 538/1001 loss: 0.8387 time 3.59s
Epoch 0/10 539/1001 loss: 0.8384 time 3.58s
Epoch 0/10 540/1001 loss: 0.8379 time 3.58s
Epoch 0/10 541/1001 loss: 0.8376 time 3.59s
Epoch 0/10 542/1001 loss: 0.8375 time 3.59s
Epoch 0/10 543/1001 loss: 0.8375 time 3.58s
Epoch 0/10 544/1001 loss: 0.8373 time 3.58s
Epoch 0/10 545/1001 loss: 0.8373 time 3.58s
Epoch 0/10 546/1001 loss: 0.8372 time 3.58s
Epoch 0/10 547/1001 loss: 0.8371 time 3.58s
Epoch 0/10 548/1001 loss: 0.8369 time 3.57s
Epoch 0/10 549/1001 loss: 0.8365 time 3.59s
Epoch 0/10 550/1001 loss: 0.8363 time 3.58s
Epoch 0/10 551/1001 loss: 0.8361 time 3.58s
Epoch 0/10 552/1001 loss: 0.8357 time 3.59s
Epoch 0/10 553/1001 loss: 0.8356 time 3.59s
Epoch 0/10 554/1001 loss: 0.8354 time 3.58s
Epoch 0/10 555/1001 loss: 0.8352 time 3.57s
Epoch 0/10 556/1001 loss: 0.8351 time 3.58s
Epoch 0/10 557/1001 loss: 0.8348 time 3.58s
Epoch 0/10 558/1001 loss: 0.8343 time 3.58s
Epoch 0/10 559/1001 loss: 0.8339 time 3.58s
Epoch 0/10 560/1001 loss: 0.8340 time 3.57s
Epoch 0/10 561/1001 loss: 0.8335 time 3.58s
Epoch 0/10 562/1001 loss: 0.8329 time 3.59s
Epoch 0/10 563/1001 loss: 0.8323 time 3.58s
Epoch 0/10 564/1001 loss: 0.8321 time 3.58s
Epoch 0/10 565/1001 loss: 0.8318 time 3.58s
Epoch 0/10 566/1001 loss: 0.8314 time 3.58s
Epoch 0/10 567/1001 loss: 0.8310 time 3.58s
Epoch 0/10 568/1001 loss: 0.8308 time 3.57s
Epoch 0/10 569/1001 loss: 0.8309 time 3.58s
Epoch 0/10 570/1001 loss: 0.8304 time 3.58s
Epoch 0/10 571/1001 loss: 0.8301 time 3.58s
Epoch 0/10 572/1001 loss: 0.8295 time 3.57s
Epoch 0/10 573/1001 loss: 0.8294 time 3.59s
Epoch 0/10 574/1001 loss: 0.8289 time 3.58s
Epoch 0/10 575/1001 loss: 0.8286 time 3.58s
Epoch 0/10 576/1001 loss: 0.8282 time 3.57s
Epoch 0/10 577/1001 loss: 0.8280 time 3.58s
Epoch 0/10 578/1001 loss: 0.8275 time 3.58s
Epoch 0/10 579/1001 loss: 0.8272 time 3.58s
Epoch 0/10 580/1001 loss: 0.8274 time 3.57s
Epoch 0/10 581/1001 loss: 0.8269 time 3.58s
Epoch 0/10 582/1001 loss: 0.8267 time 3.59s
Epoch 0/10 583/1001 loss: 0.8269 time 3.58s
Epoch 0/10 584/1001 loss: 0.8268 time 3.58s
Epoch 0/10 585/1001 loss: 0.8265 time 3.58s
Epoch 0/10 586/1001 loss: 0.8263 time 3.58s
Epoch 0/10 587/1001 loss: 0.8259 time 3.58s
Epoch 0/10 588/1001 loss: 0.8258 time 3.57s
Epoch 0/10 589/1001 loss: 0.8257 time 3.59s
Epoch 0/10 590/1001 loss: 0.8254 time 3.58s
Epoch 0/10 591/1001 loss: 0.8252 time 3.58s
Epoch 0/10 592/1001 loss: 0.8250 time 3.58s
Epoch 0/10 593/1001 loss: 0.8247 time 3.58s
Epoch 0/10 594/1001 loss: 0.8247 time 3.58s
Epoch 0/10 595/1001 loss: 0.8246 time 3.58s
Epoch 0/10 596/1001 loss: 0.8244 time 3.58s
Epoch 0/10 597/1001 loss: 0.8238 time 3.58s
Epoch 0/10 598/1001 loss: 0.8234 time 3.58s
Epoch 0/10 599/1001 loss: 0.8230 time 3.58s
Epoch 0/10 600/1001 loss: 0.8225 time 3.59s
Epoch 0/10 601/1001 loss: 0.8220 time 3.58s
Epoch 0/10 602/1001 loss: 0.8219 time 3.59s
Epoch 0/10 603/1001 loss: 0.8221 time 3.58s
Epoch 0/10 604/1001 loss: 0.8217 time 3.58s
Epoch 0/10 605/1001 loss: 0.8216 time 3.58s
Epoch 0/10 606/1001 loss: 0.8216 time 3.58s
Epoch 0/10 607/1001 loss: 0.8216 time 3.58s
Epoch 0/10 608/1001 loss: 0.8215 time 3.57s
Epoch 0/10 609/1001 loss: 0.8208 time 3.59s
Epoch 0/10 610/1001 loss: 0.8204 time 3.57s
Epoch 0/10 611/1001 loss: 0.8203 time 3.58s
Epoch 0/10 612/1001 loss: 0.8201 time 3.58s
Epoch 0/10 613/1001 loss: 0.8196 time 3.58s
Epoch 0/10 614/1001 loss: 0.8195 time 3.57s
Epoch 0/10 615/1001 loss: 0.8192 time 3.58s
Epoch 0/10 616/1001 loss: 0.8189 time 3.58s
Epoch 0/10 617/1001 loss: 0.8188 time 3.58s
Epoch 0/10 618/1001 loss: 0.8184 time 3.58s
Epoch 0/10 619/1001 loss: 0.8185 time 3.58s
Epoch 0/10 620/1001 loss: 0.8180 time 3.58s
Epoch 0/10 621/1001 loss: 0.8175 time 3.57s
Epoch 0/10 622/1001 loss: 0.8175 time 3.58s
Epoch 0/10 623/1001 loss: 0.8178 time 3.57s
Epoch 0/10 624/1001 loss: 0.8173 time 3.57s
Epoch 0/10 625/1001 loss: 0.8170 time 3.59s
Epoch 0/10 626/1001 loss: 0.8167 time 3.58s
Epoch 0/10 627/1001 loss: 0.8169 time 3.57s
Epoch 0/10 628/1001 loss: 0.8164 time 3.58s
Epoch 0/10 629/1001 loss: 0.8161 time 3.57s
Epoch 0/10 630/1001 loss: 0.8158 time 3.58s
Epoch 0/10 631/1001 loss: 0.8156 time 3.58s
Epoch 0/10 632/1001 loss: 0.8153 time 3.58s
Epoch 0/10 633/1001 loss: 0.8149 time 3.58s
Epoch 0/10 634/1001 loss: 0.8149 time 3.58s
Epoch 0/10 635/1001 loss: 0.8151 time 3.58s
Epoch 0/10 636/1001 loss: 0.8147 time 3.57s
Epoch 0/10 637/1001 loss: 0.8147 time 3.58s
Epoch 0/10 638/1001 loss: 0.8144 time 3.57s
Epoch 0/10 639/1001 loss: 0.8140 time 3.58s
Epoch 0/10 640/1001 loss: 0.8135 time 3.57s
Epoch 0/10 641/1001 loss: 0.8131 time 3.58s
Epoch 0/10 642/1001 loss: 0.8130 time 3.58s
Epoch 0/10 643/1001 loss: 0.8130 time 3.58s
Epoch 0/10 644/1001 loss: 0.8126 time 3.57s
Epoch 0/10 645/1001 loss: 0.8126 time 3.57s
Epoch 0/10 646/1001 loss: 0.8126 time 3.58s
Epoch 0/10 647/1001 loss: 0.8124 time 3.57s
Epoch 0/10 648/1001 loss: 0.8124 time 3.57s
Epoch 0/10 649/1001 loss: 0.8127 time 3.59s
Epoch 0/10 650/1001 loss: 0.8127 time 3.58s
Epoch 0/10 651/1001 loss: 0.8126 time 3.58s
Epoch 0/10 652/1001 loss: 0.8120 time 3.58s
Epoch 0/10 653/1001 loss: 0.8116 time 3.59s
Epoch 0/10 654/1001 loss: 0.8110 time 3.58s
Epoch 0/10 655/1001 loss: 0.8112 time 3.58s
Epoch 0/10 656/1001 loss: 0.8114 time 3.58s
Epoch 0/10 657/1001 loss: 0.8109 time 3.59s
Epoch 0/10 658/1001 loss: 0.8108 time 3.59s
Epoch 0/10 659/1001 loss: 0.8105 time 3.59s
Epoch 0/10 660/1001 loss: 0.8106 time 3.59s
Epoch 0/10 661/1001 loss: 0.8102 time 3.58s
Epoch 0/10 662/1001 loss: 0.8098 time 3.57s
Epoch 0/10 663/1001 loss: 0.8095 time 3.59s
Epoch 0/10 664/1001 loss: 0.8093 time 3.57s
Epoch 0/10 665/1001 loss: 0.8089 time 3.58s
Epoch 0/10 666/1001 loss: 0.8087 time 3.58s
Epoch 0/10 667/1001 loss: 0.8084 time 3.57s
Epoch 0/10 668/1001 loss: 0.8084 time 3.58s
Epoch 0/10 669/1001 loss: 0.8079 time 3.59s
Epoch 0/10 670/1001 loss: 0.8081 time 3.58s
Epoch 0/10 671/1001 loss: 0.8081 time 3.58s
Epoch 0/10 672/1001 loss: 0.8081 time 3.58s
Epoch 0/10 673/1001 loss: 0.8077 time 3.57s
Epoch 0/10 674/1001 loss: 0.8071 time 3.58s
Epoch 0/10 675/1001 loss: 0.8072 time 3.58s
Epoch 0/10 676/1001 loss: 0.8067 time 3.57s
Epoch 0/10 677/1001 loss: 0.8065 time 3.58s
Epoch 0/10 678/1001 loss: 0.8061 time 3.58s
Epoch 0/10 679/1001 loss: 0.8060 time 3.57s
Epoch 0/10 680/1001 loss: 0.8059 time 3.58s
Epoch 0/10 681/1001 loss: 0.8056 time 3.59s
Epoch 0/10 682/1001 loss: 0.8058 time 3.58s
Epoch 0/10 683/1001 loss: 0.8053 time 3.58s
Epoch 0/10 684/1001 loss: 0.8050 time 3.57s
Epoch 0/10 685/1001 loss: 0.8044 time 3.59s
Epoch 0/10 686/1001 loss: 0.8038 time 3.58s
Epoch 0/10 687/1001 loss: 0.8036 time 3.57s
Epoch 0/10 688/1001 loss: 0.8031 time 3.58s
Epoch 0/10 689/1001 loss: 0.8028 time 3.59s
Epoch 0/10 690/1001 loss: 0.8027 time 3.58s
Epoch 0/10 691/1001 loss: 0.8024 time 3.57s
Epoch 0/10 692/1001 loss: 0.8020 time 3.58s
Epoch 0/10 693/1001 loss: 0.8020 time 3.58s
Epoch 0/10 694/1001 loss: 0.8015 time 3.58s
Epoch 0/10 695/1001 loss: 0.8009 time 3.58s
Epoch 0/10 696/1001 loss: 0.8010 time 3.58s
Epoch 0/10 697/1001 loss: 0.8008 time 3.57s
Epoch 0/10 698/1001 loss: 0.8008 time 3.58s
Epoch 0/10 699/1001 loss: 0.8005 time 3.58s
Epoch 0/10 700/1001 loss: 0.8004 time 3.58s
Epoch 0/10 701/1001 loss: 0.8001 time 3.57s
Epoch 0/10 702/1001 loss: 0.8003 time 3.57s
Epoch 0/10 703/1001 loss: 0.8000 time 3.57s
Epoch 0/10 704/1001 loss: 0.8001 time 3.58s
Epoch 0/10 705/1001 loss: 0.7994 time 3.57s
Epoch 0/10 706/1001 loss: 0.7990 time 3.58s
Epoch 0/10 707/1001 loss: 0.7986 time 3.58s
Epoch 0/10 708/1001 loss: 0.7986 time 3.58s
Epoch 0/10 709/1001 loss: 0.7981 time 3.57s
Epoch 0/10 710/1001 loss: 0.7976 time 3.58s
Epoch 0/10 711/1001 loss: 0.7974 time 3.57s
Epoch 0/10 712/1001 loss: 0.7972 time 3.58s
Epoch 0/10 713/1001 loss: 0.7974 time 3.58s
Epoch 0/10 714/1001 loss: 0.7969 time 3.58s
Epoch 0/10 715/1001 loss: 0.7964 time 3.58s
Epoch 0/10 716/1001 loss: 0.7963 time 3.58s
Epoch 0/10 717/1001 loss: 0.7960 time 3.58s
Epoch 0/10 718/1001 loss: 0.7962 time 3.57s
Epoch 0/10 719/1001 loss: 0.7959 time 3.58s
Epoch 0/10 720/1001 loss: 0.7954 time 3.57s
Epoch 0/10 721/1001 loss: 0.7952 time 3.57s
Epoch 0/10 722/1001 loss: 0.7950 time 3.59s
Epoch 0/10 723/1001 loss: 0.7949 time 3.57s
Epoch 0/10 724/1001 loss: 0.7949 time 3.58s
Epoch 0/10 725/1001 loss: 0.7946 time 3.57s
Epoch 0/10 726/1001 loss: 0.7947 time 3.58s
Epoch 0/10 727/1001 loss: 0.7941 time 3.58s
Epoch 0/10 728/1001 loss: 0.7941 time 3.58s
Epoch 0/10 729/1001 loss: 0.7940 time 3.58s
Epoch 0/10 730/1001 loss: 0.7937 time 3.58s
Epoch 0/10 731/1001 loss: 0.7935 time 3.58s
Epoch 0/10 732/1001 loss: 0.7928 time 3.58s
Epoch 0/10 733/1001 loss: 0.7924 time 3.58s
Epoch 0/10 734/1001 loss: 0.7919 time 3.57s
Epoch 0/10 735/1001 loss: 0.7918 time 3.58s
Epoch 0/10 736/1001 loss: 0.7913 time 3.58s
Epoch 0/10 737/1001 loss: 0.7914 time 3.58s
Epoch 0/10 738/1001 loss: 0.7914 time 3.58s
Epoch 0/10 739/1001 loss: 0.7915 time 3.58s
Epoch 0/10 740/1001 loss: 0.7912 time 3.57s
Epoch 0/10 741/1001 loss: 0.7913 time 3.58s
Epoch 0/10 742/1001 loss: 0.7909 time 3.59s
Epoch 0/10 743/1001 loss: 0.7905 time 3.59s
Epoch 0/10 744/1001 loss: 0.7900 time 3.57s
Epoch 0/10 745/1001 loss: 0.7901 time 3.58s
Epoch 0/10 746/1001 loss: 0.7896 time 3.59s
Epoch 0/10 747/1001 loss: 0.7891 time 3.58s
Epoch 0/10 748/1001 loss: 0.7890 time 3.59s
Epoch 0/10 749/1001 loss: 0.7889 time 3.59s
Epoch 0/10 750/1001 loss: 0.7886 time 3.58s
Epoch 0/10 751/1001 loss: 0.7884 time 3.58s
Epoch 0/10 752/1001 loss: 0.7881 time 3.59s
Epoch 0/10 753/1001 loss: 0.7880 time 3.58s
Epoch 0/10 754/1001 loss: 0.7878 time 3.58s
Epoch 0/10 755/1001 loss: 0.7873 time 3.58s
Epoch 0/10 756/1001 loss: 0.7868 time 3.58s
Epoch 0/10 757/1001 loss: 0.7865 time 3.59s
Epoch 0/10 758/1001 loss: 0.7860 time 3.59s
Epoch 0/10 759/1001 loss: 0.7861 time 3.59s
Epoch 0/10 760/1001 loss: 0.7863 time 3.58s
Epoch 0/10 761/1001 loss: 0.7862 time 3.58s
Epoch 0/10 762/1001 loss: 0.7859 time 3.59s
Epoch 0/10 763/1001 loss: 0.7854 time 3.58s
Epoch 0/10 764/1001 loss: 0.7849 time 3.59s
Epoch 0/10 765/1001 loss: 0.7847 time 3.58s
Epoch 0/10 766/1001 loss: 0.7841 time 3.59s
Epoch 0/10 767/1001 loss: 0.7836 time 3.59s
Epoch 0/10 768/1001 loss: 0.7834 time 3.58s
Epoch 0/10 769/1001 loss: 0.7835 time 3.59s
Epoch 0/10 770/1001 loss: 0.7833 time 3.58s
Epoch 0/10 771/1001 loss: 0.7826 time 3.58s
Epoch 0/10 772/1001 loss: 0.7823 time 3.59s
Epoch 0/10 773/1001 loss: 0.7823 time 3.59s
Epoch 0/10 774/1001 loss: 0.7818 time 3.59s
Epoch 0/10 775/1001 loss: 0.7815 time 3.59s
Epoch 0/10 776/1001 loss: 0.7812 time 3.59s
Epoch 0/10 777/1001 loss: 0.7810 time 3.57s
Epoch 0/10 778/1001 loss: 0.7809 time 3.59s
Epoch 0/10 779/1001 loss: 0.7807 time 3.57s
Epoch 0/10 780/1001 loss: 0.7804 time 3.58s
Epoch 0/10 781/1001 loss: 0.7800 time 3.57s
Epoch 0/10 782/1001 loss: 0.7796 time 3.58s
Epoch 0/10 783/1001 loss: 0.7794 time 3.58s
Epoch 0/10 784/1001 loss: 0.7795 time 3.58s
Epoch 0/10 785/1001 loss: 0.7789 time 3.58s
Epoch 0/10 786/1001 loss: 0.7789 time 3.59s
Epoch 0/10 787/1001 loss: 0.7789 time 3.58s
Epoch 0/10 788/1001 loss: 0.7787 time 3.58s
Epoch 0/10 789/1001 loss: 0.7783 time 3.58s
Epoch 0/10 790/1001 loss: 0.7780 time 3.57s
Epoch 0/10 791/1001 loss: 0.7777 time 3.58s
Epoch 0/10 792/1001 loss: 0.7774 time 3.57s
Epoch 0/10 793/1001 loss: 0.7770 time 3.58s
Epoch 0/10 794/1001 loss: 0.7768 time 3.57s
Epoch 0/10 795/1001 loss: 0.7767 time 3.58s
Epoch 0/10 796/1001 loss: 0.7768 time 3.57s
Epoch 0/10 797/1001 loss: 0.7764 time 3.57s
Epoch 0/10 798/1001 loss: 0.7760 time 3.59s
Epoch 0/10 799/1001 loss: 0.7757 time 3.58s
Epoch 0/10 800/1001 loss: 0.7751 time 3.57s
Epoch 0/10 801/1001 loss: 0.7751 time 3.57s
Epoch 0/10 802/1001 loss: 0.7747 time 3.59s
Epoch 0/10 803/1001 loss: 0.7745 time 3.58s
Epoch 0/10 804/1001 loss: 0.7741 time 3.56s
Epoch 0/10 805/1001 loss: 0.7735 time 3.57s
Epoch 0/10 806/1001 loss: 0.7734 time 3.56s
Epoch 0/10 807/1001 loss: 0.7729 time 3.58s
Epoch 0/10 808/1001 loss: 0.7725 time 3.57s
Epoch 0/10 809/1001 loss: 0.7722 time 3.58s
Epoch 0/10 810/1001 loss: 0.7723 time 3.56s
Epoch 0/10 811/1001 loss: 0.7721 time 3.58s
Epoch 0/10 812/1001 loss: 0.7716 time 3.57s
Epoch 0/10 813/1001 loss: 0.7716 time 3.57s
Epoch 0/10 814/1001 loss: 0.7711 time 3.56s
Epoch 0/10 815/1001 loss: 0.7708 time 3.57s
Epoch 0/10 816/1001 loss: 0.7705 time 3.57s
Epoch 0/10 817/1001 loss: 0.7702 time 3.57s
Epoch 0/10 818/1001 loss: 0.7697 time 3.56s
Epoch 0/10 819/1001 loss: 0.7692 time 3.57s
Epoch 0/10 820/1001 loss: 0.7689 time 3.58s
Epoch 0/10 821/1001 loss: 0.7687 time 3.56s
Epoch 0/10 822/1001 loss: 0.7681 time 3.58s
Epoch 0/10 823/1001 loss: 0.7682 time 3.57s
Epoch 0/10 824/1001 loss: 0.7683 time 3.56s
Epoch 0/10 825/1001 loss: 0.7681 time 3.57s
Epoch 0/10 826/1001 loss: 0.7679 time 3.57s
Epoch 0/10 827/1001 loss: 0.7677 time 3.57s
Epoch 0/10 828/1001 loss: 0.7679 time 3.58s
Epoch 0/10 829/1001 loss: 0.7676 time 3.57s
Epoch 0/10 830/1001 loss: 0.7677 time 3.58s
Epoch 0/10 831/1001 loss: 0.7672 time 3.57s
Epoch 0/10 832/1001 loss: 0.7669 time 3.56s
Epoch 0/10 833/1001 loss: 0.7671 time 3.57s
Epoch 0/10 834/1001 loss: 0.7667 time 3.57s
Epoch 0/10 835/1001 loss: 0.7662 time 3.56s
Epoch 0/10 836/1001 loss: 0.7657 time 3.57s
Epoch 0/10 837/1001 loss: 0.7656 time 3.56s
Epoch 0/10 838/1001 loss: 0.7652 time 3.56s
Epoch 0/10 839/1001 loss: 0.7647 time 3.57s
Epoch 0/10 840/1001 loss: 0.7642 time 3.57s
Epoch 0/10 841/1001 loss: 0.7641 time 3.58s
Epoch 0/10 842/1001 loss: 0.7644 time 3.57s
Epoch 0/10 843/1001 loss: 0.7639 time 3.58s
Epoch 0/10 844/1001 loss: 0.7634 time 3.57s
Epoch 0/10 845/1001 loss: 0.7634 time 3.58s
Epoch 0/10 846/1001 loss: 0.7630 time 3.57s
Epoch 0/10 847/1001 loss: 0.7629 time 3.56s
Epoch 0/10 848/1001 loss: 0.7625 time 3.58s
Epoch 0/10 849/1001 loss: 0.7621 time 3.58s
Epoch 0/10 850/1001 loss: 0.7619 time 3.57s
Epoch 0/10 851/1001 loss: 0.7615 time 3.56s
Epoch 0/10 852/1001 loss: 0.7611 time 3.57s
Epoch 0/10 853/1001 loss: 0.7608 time 3.58s
Epoch 0/10 854/1001 loss: 0.7608 time 3.58s
Epoch 0/10 855/1001 loss: 0.7608 time 3.57s
Epoch 0/10 856/1001 loss: 0.7604 time 3.57s
Epoch 0/10 857/1001 loss: 0.7601 time 3.58s
Epoch 0/10 858/1001 loss: 0.7597 time 3.57s
Epoch 0/10 859/1001 loss: 0.7594 time 3.58s
Epoch 0/10 860/1001 loss: 0.7596 time 3.58s
Epoch 0/10 861/1001 loss: 0.7598 time 3.57s
Epoch 0/10 862/1001 loss: 0.7595 time 3.58s
Epoch 0/10 863/1001 loss: 0.7593 time 3.57s
Epoch 0/10 864/1001 loss: 0.7590 time 3.57s
Epoch 0/10 865/1001 loss: 0.7589 time 3.58s
Epoch 0/10 866/1001 loss: 0.7585 time 3.58s
Epoch 0/10 867/1001 loss: 0.7581 time 3.57s
Epoch 0/10 868/1001 loss: 0.7577 time 3.58s
Epoch 0/10 869/1001 loss: 0.7574 time 3.57s
Epoch 0/10 870/1001 loss: 0.7570 time 3.58s
Epoch 0/10 871/1001 loss: 0.7568 time 3.57s
Epoch 0/10 872/1001 loss: 0.7569 time 3.59s
Epoch 0/10 873/1001 loss: 0.7567 time 3.58s
Epoch 0/10 874/1001 loss: 0.7569 time 3.58s
Epoch 0/10 875/1001 loss: 0.7566 time 3.57s
Epoch 0/10 876/1001 loss: 0.7564 time 3.57s
Epoch 0/10 877/1001 loss: 0.7565 time 3.58s
Epoch 0/10 878/1001 loss: 0.7562 time 3.58s
Epoch 0/10 879/1001 loss: 0.7559 time 3.57s
Epoch 0/10 880/1001 loss: 0.7554 time 3.58s
Epoch 0/10 881/1001 loss: 0.7551 time 3.58s
Epoch 0/10 882/1001 loss: 0.7546 time 3.59s
Epoch 0/10 883/1001 loss: 0.7540 time 3.58s
Epoch 0/10 884/1001 loss: 0.7537 time 3.58s
Epoch 0/10 885/1001 loss: 0.7532 time 3.58s
Epoch 0/10 886/1001 loss: 0.7527 time 3.58s
Epoch 0/10 887/1001 loss: 0.7528 time 3.59s
Epoch 0/10 888/1001 loss: 0.7527 time 3.58s
Epoch 0/10 889/1001 loss: 0.7524 time 3.57s
Epoch 0/10 890/1001 loss: 0.7520 time 3.59s
Epoch 0/10 891/1001 loss: 0.7517 time 3.58s
Epoch 0/10 892/1001 loss: 0.7512 time 3.58s
Epoch 0/10 893/1001 loss: 0.7508 time 3.58s
Epoch 0/10 894/1001 loss: 0.7507 time 3.57s
Epoch 0/10 895/1001 loss: 0.7505 time 3.58s
Epoch 0/10 896/1001 loss: 0.7504 time 3.58s
Epoch 0/10 897/1001 loss: 0.7498 time 3.58s
Epoch 0/10 898/1001 loss: 0.7493 time 3.58s
Epoch 0/10 899/1001 loss: 0.7486 time 3.59s
Epoch 0/10 900/1001 loss: 0.7486 time 3.58s
Epoch 0/10 901/1001 loss: 0.7483 time 3.58s
Epoch 0/10 902/1001 loss: 0.7483 time 3.59s
Epoch 0/10 903/1001 loss: 0.7478 time 3.58s
Epoch 0/10 904/1001 loss: 0.7473 time 3.58s
Epoch 0/10 905/1001 loss: 0.7472 time 3.58s
Epoch 0/10 906/1001 loss: 0.7468 time 3.58s
Epoch 0/10 907/1001 loss: 0.7463 time 3.58s
Epoch 0/10 908/1001 loss: 0.7461 time 3.58s
Epoch 0/10 909/1001 loss: 0.7459 time 3.57s
Epoch 0/10 910/1001 loss: 0.7458 time 3.58s
Epoch 0/10 911/1001 loss: 0.7455 time 3.57s
Epoch 0/10 912/1001 loss: 0.7456 time 3.58s
Epoch 0/10 913/1001 loss: 0.7456 time 3.58s
Epoch 0/10 914/1001 loss: 0.7451 time 3.58s
Epoch 0/10 915/1001 loss: 0.7451 time 3.58s
Epoch 0/10 916/1001 loss: 0.7447 time 3.57s
Epoch 0/10 917/1001 loss: 0.7445 time 3.58s
Epoch 0/10 918/1001 loss: 0.7444 time 3.59s
Epoch 0/10 919/1001 loss: 0.7440 time 3.58s
Epoch 0/10 920/1001 loss: 0.7436 time 3.58s
Epoch 0/10 921/1001 loss: 0.7435 time 3.58s
Epoch 0/10 922/1001 loss: 0.7435 time 3.58s
Epoch 0/10 923/1001 loss: 0.7431 time 3.58s
Epoch 0/10 924/1001 loss: 0.7428 time 3.56s
Epoch 0/10 925/1001 loss: 0.7424 time 3.58s
Epoch 0/10 926/1001 loss: 0.7419 time 3.58s
Epoch 0/10 927/1001 loss: 0.7421 time 3.57s
Epoch 0/10 928/1001 loss: 0.7419 time 3.57s
Epoch 0/10 929/1001 loss: 0.7418 time 3.59s
Epoch 0/10 930/1001 loss: 0.7415 time 3.57s
Epoch 0/10 931/1001 loss: 0.7410 time 3.57s
Epoch 0/10 932/1001 loss: 0.7412 time 3.58s
Epoch 0/10 933/1001 loss: 0.7409 time 3.58s
Epoch 0/10 934/1001 loss: 0.7405 time 3.58s
Epoch 0/10 935/1001 loss: 0.7403 time 3.57s
Epoch 0/10 936/1001 loss: 0.7399 time 3.58s
Epoch 0/10 937/1001 loss: 0.7396 time 3.57s
Epoch 0/10 938/1001 loss: 0.7390 time 3.58s
Epoch 0/10 939/1001 loss: 0.7386 time 3.58s
Epoch 0/10 940/1001 loss: 0.7385 time 3.57s
Epoch 0/10 941/1001 loss: 0.7379 time 3.58s
Epoch 0/10 942/1001 loss: 0.7379 time 3.58s
Epoch 0/10 943/1001 loss: 0.7374 time 3.57s
Epoch 0/10 944/1001 loss: 0.7370 time 3.58s
Epoch 0/10 945/1001 loss: 0.7368 time 3.59s
Epoch 0/10 946/1001 loss: 0.7368 time 3.59s
Epoch 0/10 947/1001 loss: 0.7368 time 3.57s
Epoch 0/10 948/1001 loss: 0.7366 time 3.58s
Epoch 0/10 949/1001 loss: 0.7361 time 3.58s
Epoch 0/10 950/1001 loss: 0.7357 time 3.58s
Epoch 0/10 951/1001 loss: 0.7353 time 3.57s
Epoch 0/10 952/1001 loss: 0.7351 time 3.58s
Epoch 0/10 953/1001 loss: 0.7348 time 3.58s
Epoch 0/10 954/1001 loss: 0.7345 time 3.58s
Epoch 0/10 955/1001 loss: 0.7345 time 3.57s
Epoch 0/10 956/1001 loss: 0.7340 time 3.58s
Epoch 0/10 957/1001 loss: 0.7338 time 3.58s
Epoch 0/10 958/1001 loss: 0.7339 time 3.57s
Epoch 0/10 959/1001 loss: 0.7334 time 3.58s
Epoch 0/10 960/1001 loss: 0.7330 time 3.58s
Epoch 0/10 961/1001 loss: 0.7329 time 3.58s
Epoch 0/10 962/1001 loss: 0.7324 time 3.59s
Epoch 0/10 963/1001 loss: 0.7323 time 3.59s
Epoch 0/10 964/1001 loss: 0.7325 time 3.57s
Epoch 0/10 965/1001 loss: 0.7324 time 3.59s
Epoch 0/10 966/1001 loss: 0.7321 time 3.57s
Epoch 0/10 967/1001 loss: 0.7316 time 3.58s
Epoch 0/10 968/1001 loss: 0.7314 time 3.57s
Epoch 0/10 969/1001 loss: 0.7309 time 3.57s
Epoch 0/10 970/1001 loss: 0.7306 time 3.58s
Epoch 0/10 971/1001 loss: 0.7302 time 3.58s
Epoch 0/10 972/1001 loss: 0.7299 time 3.58s
Epoch 0/10 973/1001 loss: 0.7295 time 3.58s
Epoch 0/10 974/1001 loss: 0.7291 time 3.58s
Epoch 0/10 975/1001 loss: 0.7288 time 3.57s
Epoch 0/10 976/1001 loss: 0.7285 time 3.58s
Epoch 0/10 977/1001 loss: 0.7280 time 3.58s
Epoch 0/10 978/1001 loss: 0.7277 time 3.57s
Epoch 0/10 979/1001 loss: 0.7272 time 3.59s
Epoch 0/10 980/1001 loss: 0.7270 time 3.58s
Epoch 0/10 981/1001 loss: 0.7265 time 3.58s
Epoch 0/10 982/1001 loss: 0.7261 time 3.59s
Epoch 0/10 983/1001 loss: 0.7259 time 3.58s
Epoch 0/10 984/1001 loss: 0.7255 time 3.57s
Epoch 0/10 985/1001 loss: 0.7251 time 3.58s
Epoch 0/10 986/1001 loss: 0.7247 time 3.57s
Epoch 0/10 987/1001 loss: 0.7243 time 3.58s
Epoch 0/10 988/1001 loss: 0.7238 time 3.57s
Epoch 0/10 989/1001 loss: 0.7233 time 3.59s
Epoch 0/10 990/1001 loss: 0.7234 time 3.58s
Epoch 0/10 991/1001 loss: 0.7235 time 3.57s
Epoch 0/10 992/1001 loss: 0.7232 time 3.59s
Epoch 0/10 993/1001 loss: 0.7229 time 3.58s
Epoch 0/10 994/1001 loss: 0.7226 time 3.58s
Epoch 0/10 995/1001 loss: 0.7224 time 3.59s
Epoch 0/10 996/1001 loss: 0.7221 time 3.58s
Epoch 0/10 997/1001 loss: 0.7222 time 3.58s
Epoch 0/10 998/1001 loss: 0.7220 time 3.58s
Epoch 0/10 999/1001 loss: 0.7217 time 3.57s
Epoch 0/10 1000/1001 loss: 0.7214 time 3.58s
Final training  0/9 loss: 0.7214 time 3601.19s
None of the inputs have requires_grad=True. Gradients will be None
Traceback (most recent call last):
  File "chosen_model.py", line 379, in <module>
    ) = trainer(
  File "chosen_model.py", line 317, in trainer
    val_acc = val_epoch(
  File "chosen_model.py", line 249, in val_epoch
    logits = model_inferer(data)
  File "/home/guest185/hackathon_38/lib/python3.8/site-packages/monai/inferers/utils.py", line 223, in sliding_window_inference
    seg_prob_out = predictor(win_data, *args, **kwargs)  # batched patch
  File "/home/guest185/hackathon_38/lib/python3.8/site-packages/torch/nn/modules/module.py", line 1194, in _call_impl
    return forward_call(*input, **kwargs)
  File "/home/guest185/hackathon_38/lib/python3.8/site-packages/monai/networks/nets/swin_unetr.py", line 301, in forward
    hidden_states_out = self.swinViT(x_in, self.normalize)
  File "/home/guest185/hackathon_38/lib/python3.8/site-packages/torch/nn/modules/module.py", line 1194, in _call_impl
    return forward_call(*input, **kwargs)
  File "/home/guest185/hackathon_38/lib/python3.8/site-packages/monai/networks/nets/swin_unetr.py", line 1043, in forward
    x1 = self.layers1[0](x0.contiguous())
  File "/home/guest185/hackathon_38/lib/python3.8/site-packages/torch/nn/modules/module.py", line 1194, in _call_impl
    return forward_call(*input, **kwargs)
  File "/home/guest185/hackathon_38/lib/python3.8/site-packages/monai/networks/nets/swin_unetr.py", line 879, in forward
    x = blk(x, attn_mask)
  File "/home/guest185/hackathon_38/lib/python3.8/site-packages/torch/nn/modules/module.py", line 1194, in _call_impl
    return forward_call(*input, **kwargs)
  File "/home/guest185/hackathon_38/lib/python3.8/site-packages/monai/networks/nets/swin_unetr.py", line 672, in forward
    x = checkpoint.checkpoint(self.forward_part1, x, mask_matrix)
  File "/home/guest185/hackathon_38/lib/python3.8/site-packages/torch/utils/checkpoint.py", line 249, in checkpoint
    return CheckpointFunction.apply(function, preserve, *args)
  File "/home/guest185/hackathon_38/lib/python3.8/site-packages/torch/utils/checkpoint.py", line 107, in forward
    outputs = run_function(*args)
  File "/home/guest185/hackathon_38/lib/python3.8/site-packages/monai/networks/nets/swin_unetr.py", line 612, in forward_part1
    attn_windows = self.attn(x_windows, mask=attn_mask)
  File "/home/guest185/hackathon_38/lib/python3.8/site-packages/torch/nn/modules/module.py", line 1194, in _call_impl
    return forward_call(*input, **kwargs)
  File "/home/guest185/hackathon_38/lib/python3.8/site-packages/monai/networks/nets/swin_unetr.py", line 501, in forward
    attn = attn + relative_position_bias.unsqueeze(0)
torch.cuda.OutOfMemoryError: CUDA out of memory. Tried to allocate 5.26 GiB (GPU 0; 14.58 GiB total capacity; 8.78 GiB already allocated; 3.88 GiB free; 9.70 GiB reserved in total by PyTorch) If reserved memory is >> allocated memory try setting max_split_size_mb to avoid fragmentation.  See documentation for Memory Management and PYTORCH_CUDA_ALLOC_CONF
