Found total gpus 4
In the future `np.bool` will be defined as the corresponding NumPy scalar.
In the future `np.bool` will be defined as the corresponding NumPy scalar.
In the future `np.bool` will be defined as the corresponding NumPy scalar.
0  gpu 0
Batch size is: 1 epochs 100
Total parameters count 62191941
Writing Tensorboard logs to  ./runs/4_gpu_4_epochs
0 Sun Jul 16 10:31:37 2023 Epoch: 0
1  gpu 1
Total parameters count 62191941
1 Sun Jul 16 10:31:37 2023 Epoch: 0
3  gpu 3
Total parameters count 62191941
3 Sun Jul 16 10:31:37 2023 Epoch: 0
In the future `np.bool` will be defined as the corresponding NumPy scalar.
In the future `np.bool` will be defined as the corresponding NumPy scalar.
In the future `np.bool` will be defined as the corresponding NumPy scalar.
monai.transforms.io.dictionary LoadImaged.__init__:image_only: Current default value of argument `image_only=False` has been deprecated since version 1.1. It will be changed to `image_only=True` in version 1.3.
In the future `np.bool` will be defined as the corresponding NumPy scalar.
In the future `np.bool` will be defined as the corresponding NumPy scalar.
In the future `np.bool` will be defined as the corresponding NumPy scalar.
2  gpu 2
Total parameters count 62191941
2 Sun Jul 16 10:31:37 2023 Epoch: 0
In the future `np.bool` will be defined as the corresponding NumPy scalar.
In the future `np.bool` will be defined as the corresponding NumPy scalar.
In the future `np.bool` will be defined as the corresponding NumPy scalar.
monai.transforms.io.dictionary LoadImaged.__init__:image_only: Current default value of argument `image_only=False` has been deprecated since version 1.1. It will be changed to `image_only=True` in version 1.3.
In the future `np.bool` will be defined as the corresponding NumPy scalar.
In the future `np.bool` will be defined as the corresponding NumPy scalar.
In the future `np.bool` will be defined as the corresponding NumPy scalar.
In the future `np.bool` will be defined as the corresponding NumPy scalar.
In the future `np.bool` will be defined as the corresponding NumPy scalar.
In the future `np.bool` will be defined as the corresponding NumPy scalar.
monai.transforms.io.dictionary LoadImaged.__init__:image_only: Current default value of argument `image_only=False` has been deprecated since version 1.1. It will be changed to `image_only=True` in version 1.3.
In the future `np.bool` will be defined as the corresponding NumPy scalar.
In the future `np.bool` will be defined as the corresponding NumPy scalar.
In the future `np.bool` will be defined as the corresponding NumPy scalar.
In the future `np.bool` will be defined as the corresponding NumPy scalar.
In the future `np.bool` will be defined as the corresponding NumPy scalar.
In the future `np.bool` will be defined as the corresponding NumPy scalar.
monai.transforms.io.dictionary LoadImaged.__init__:image_only: Current default value of argument `image_only=False` has been deprecated since version 1.1. It will be changed to `image_only=True` in version 1.3.
In the future `np.bool` will be defined as the corresponding NumPy scalar.
In the future `np.bool` will be defined as the corresponding NumPy scalar.
In the future `np.bool` will be defined as the corresponding NumPy scalar.
3 Sun Jul 16 10:47:17 2023 Epoch: 1
2 Sun Jul 16 10:47:17 2023 Epoch: 1
1 Sun Jul 16 10:47:17 2023 Epoch: 1
Epoch 0/100 0/250 loss: 0.9639 time 33.65s
Epoch 0/100 1/250 loss: 0.9724 time 3.70s
Epoch 0/100 2/250 loss: 0.9758 time 3.53s
Epoch 0/100 3/250 loss: 0.9757 time 3.55s
Epoch 0/100 4/250 loss: 0.9752 time 3.55s
Epoch 0/100 5/250 loss: 0.9739 time 3.57s
Epoch 0/100 6/250 loss: 0.9718 time 3.57s
Epoch 0/100 7/250 loss: 0.9730 time 3.58s
Epoch 0/100 8/250 loss: 0.9731 time 3.57s
Epoch 0/100 9/250 loss: 0.9728 time 3.59s
Epoch 0/100 10/250 loss: 0.9745 time 3.60s
Epoch 0/100 11/250 loss: 0.9743 time 3.61s
Epoch 0/100 12/250 loss: 0.9738 time 3.60s
Epoch 0/100 13/250 loss: 0.9721 time 3.64s
Epoch 0/100 14/250 loss: 0.9713 time 3.65s
Epoch 0/100 15/250 loss: 0.9701 time 3.65s
Epoch 0/100 16/250 loss: 0.9709 time 3.65s
Epoch 0/100 17/250 loss: 0.9699 time 3.66s
Epoch 0/100 18/250 loss: 0.9691 time 3.66s
Epoch 0/100 19/250 loss: 0.9694 time 3.68s
Epoch 0/100 20/250 loss: 0.9676 time 3.67s
Epoch 0/100 21/250 loss: 0.9679 time 3.68s
Epoch 0/100 22/250 loss: 0.9668 time 3.68s
Epoch 0/100 23/250 loss: 0.9652 time 3.69s
Epoch 0/100 24/250 loss: 0.9660 time 3.69s
Epoch 0/100 25/250 loss: 0.9665 time 3.69s
Epoch 0/100 26/250 loss: 0.9670 time 3.70s
Epoch 0/100 27/250 loss: 0.9663 time 3.70s
Epoch 0/100 28/250 loss: 0.9655 time 3.69s
Epoch 0/100 29/250 loss: 0.9637 time 3.69s
Epoch 0/100 30/250 loss: 0.9639 time 3.68s
Epoch 0/100 31/250 loss: 0.9646 time 3.69s
Epoch 0/100 32/250 loss: 0.9637 time 3.70s
Epoch 0/100 33/250 loss: 0.9644 time 3.68s
Epoch 0/100 34/250 loss: 0.9652 time 3.72s
Epoch 0/100 35/250 loss: 0.9652 time 3.69s
Epoch 0/100 36/250 loss: 0.9646 time 3.70s
Epoch 0/100 37/250 loss: 0.9652 time 3.71s
Epoch 0/100 38/250 loss: 0.9651 time 3.69s
Epoch 0/100 39/250 loss: 0.9640 time 3.70s
Epoch 0/100 40/250 loss: 0.9628 time 3.69s
Epoch 0/100 41/250 loss: 0.9629 time 3.70s
Epoch 0/100 42/250 loss: 0.9627 time 3.70s
Epoch 0/100 43/250 loss: 0.9619 time 3.69s
Epoch 0/100 44/250 loss: 0.9617 time 3.69s
Epoch 0/100 45/250 loss: 0.9619 time 3.69s
Epoch 0/100 46/250 loss: 0.9618 time 3.68s
Epoch 0/100 47/250 loss: 0.9617 time 3.70s
Epoch 0/100 48/250 loss: 0.9611 time 3.68s
Epoch 0/100 49/250 loss: 0.9606 time 3.70s
Epoch 0/100 50/250 loss: 0.9612 time 3.66s
Epoch 0/100 51/250 loss: 0.9609 time 3.67s
Epoch 0/100 52/250 loss: 0.9611 time 3.67s
Epoch 0/100 53/250 loss: 0.9609 time 3.67s
Epoch 0/100 54/250 loss: 0.9608 time 3.67s
Epoch 0/100 55/250 loss: 0.9613 time 3.67s
Epoch 0/100 56/250 loss: 0.9611 time 3.67s
Epoch 0/100 57/250 loss: 0.9607 time 3.67s
Epoch 0/100 58/250 loss: 0.9608 time 3.66s
Epoch 0/100 59/250 loss: 0.9607 time 3.66s
Epoch 0/100 60/250 loss: 0.9603 time 3.66s
Epoch 0/100 61/250 loss: 0.9597 time 3.64s
Epoch 0/100 62/250 loss: 0.9594 time 3.67s
Epoch 0/100 63/250 loss: 0.9591 time 3.64s
Epoch 0/100 64/250 loss: 0.9593 time 3.64s
Epoch 0/100 65/250 loss: 0.9594 time 3.64s
Epoch 0/100 66/250 loss: 0.9594 time 3.65s
Epoch 0/100 67/250 loss: 0.9594 time 3.65s
Epoch 0/100 68/250 loss: 0.9591 time 3.67s
Epoch 0/100 69/250 loss: 0.9590 time 3.64s
Epoch 0/100 70/250 loss: 0.9592 time 3.65s
Epoch 0/100 71/250 loss: 0.9592 time 3.65s
Epoch 0/100 72/250 loss: 0.9592 time 3.65s
Epoch 0/100 73/250 loss: 0.9591 time 3.65s
Epoch 0/100 74/250 loss: 0.9581 time 3.65s
Epoch 0/100 75/250 loss: 0.9578 time 3.64s
Epoch 0/100 76/250 loss: 0.9569 time 3.64s
Epoch 0/100 77/250 loss: 0.9566 time 3.65s
Epoch 0/100 78/250 loss: 0.9568 time 3.65s
Epoch 0/100 79/250 loss: 0.9570 time 3.64s
Epoch 0/100 80/250 loss: 0.9567 time 3.65s
Epoch 0/100 81/250 loss: 0.9560 time 3.63s
Epoch 0/100 82/250 loss: 0.9555 time 3.64s
Epoch 0/100 83/250 loss: 0.9555 time 3.64s
Epoch 0/100 84/250 loss: 0.9553 time 3.64s
Epoch 0/100 85/250 loss: 0.9556 time 3.64s
Epoch 0/100 86/250 loss: 0.9558 time 3.65s
Epoch 0/100 87/250 loss: 0.9557 time 3.64s
Epoch 0/100 88/250 loss: 0.9550 time 3.65s
Epoch 0/100 89/250 loss: 0.9550 time 3.64s
Epoch 0/100 90/250 loss: 0.9546 time 3.63s
Epoch 0/100 91/250 loss: 0.9542 time 3.63s
Epoch 0/100 92/250 loss: 0.9544 time 3.62s
Epoch 0/100 93/250 loss: 0.9543 time 3.64s
Epoch 0/100 94/250 loss: 0.9543 time 3.63s
Epoch 0/100 95/250 loss: 0.9543 time 3.64s
Epoch 0/100 96/250 loss: 0.9538 time 3.63s
Epoch 0/100 97/250 loss: 0.9537 time 3.63s
Epoch 0/100 98/250 loss: 0.9535 time 3.63s
Epoch 0/100 99/250 loss: 0.9531 time 3.65s
Epoch 0/100 100/250 loss: 0.9530 time 3.64s
Epoch 0/100 101/250 loss: 0.9532 time 3.63s
Epoch 0/100 102/250 loss: 0.9537 time 3.63s
Epoch 0/100 103/250 loss: 0.9537 time 3.64s
Epoch 0/100 104/250 loss: 0.9537 time 3.64s
Epoch 0/100 105/250 loss: 0.9537 time 3.63s
Epoch 0/100 106/250 loss: 0.9540 time 3.63s
Epoch 0/100 107/250 loss: 0.9538 time 3.64s
Epoch 0/100 108/250 loss: 0.9538 time 3.62s
Epoch 0/100 109/250 loss: 0.9535 time 3.64s
Epoch 0/100 110/250 loss: 0.9537 time 3.62s
Epoch 0/100 111/250 loss: 0.9530 time 3.64s
Epoch 0/100 112/250 loss: 0.9531 time 3.62s
Epoch 0/100 113/250 loss: 0.9530 time 3.63s
Epoch 0/100 114/250 loss: 0.9526 time 3.63s
Epoch 0/100 115/250 loss: 0.9526 time 3.65s
Epoch 0/100 116/250 loss: 0.9523 time 3.61s
Epoch 0/100 117/250 loss: 0.9524 time 3.64s
Epoch 0/100 118/250 loss: 0.9524 time 3.62s
Epoch 0/100 119/250 loss: 0.9525 time 3.64s
Epoch 0/100 120/250 loss: 0.9523 time 3.63s
Epoch 0/100 121/250 loss: 0.9519 time 3.64s
Epoch 0/100 122/250 loss: 0.9521 time 3.62s
Epoch 0/100 123/250 loss: 0.9517 time 3.63s
Epoch 0/100 124/250 loss: 0.9515 time 3.62s
Epoch 0/100 125/250 loss: 0.9510 time 3.63s
Epoch 0/100 126/250 loss: 0.9509 time 3.63s
Epoch 0/100 127/250 loss: 0.9507 time 3.61s
Epoch 0/100 128/250 loss: 0.9503 time 3.62s
Epoch 0/100 129/250 loss: 0.9503 time 3.63s
Epoch 0/100 130/250 loss: 0.9504 time 3.62s
Epoch 0/100 131/250 loss: 0.9504 time 3.64s
Epoch 0/100 132/250 loss: 0.9499 time 3.62s
Epoch 0/100 133/250 loss: 0.9501 time 3.61s
Epoch 0/100 134/250 loss: 0.9500 time 3.62s
Epoch 0/100 135/250 loss: 0.9501 time 3.62s
Epoch 0/100 136/250 loss: 0.9502 time 3.61s
Epoch 0/100 137/250 loss: 0.9501 time 3.64s
Epoch 0/100 138/250 loss: 0.9498 time 3.63s
Epoch 0/100 139/250 loss: 0.9497 time 3.61s
Epoch 0/100 140/250 loss: 0.9495 time 3.63s
Epoch 0/100 141/250 loss: 0.9494 time 3.62s
Epoch 0/100 142/250 loss: 0.9493 time 3.62s
Epoch 0/100 143/250 loss: 0.9491 time 3.64s
Epoch 0/100 144/250 loss: 0.9492 time 3.62s
Epoch 0/100 145/250 loss: 0.9494 time 3.63s
Epoch 0/100 146/250 loss: 0.9494 time 3.62s
Epoch 0/100 147/250 loss: 0.9494 time 3.63s
Epoch 0/100 148/250 loss: 0.9491 time 3.65s
Epoch 0/100 149/250 loss: 0.9490 time 3.62s
Epoch 0/100 150/250 loss: 0.9488 time 3.62s
Epoch 0/100 151/250 loss: 0.9487 time 3.64s
Epoch 0/100 152/250 loss: 0.9488 time 3.61s
Epoch 0/100 153/250 loss: 0.9488 time 3.63s
Epoch 0/100 154/250 loss: 0.9487 time 3.62s
Epoch 0/100 155/250 loss: 0.9490 time 3.63s
Epoch 0/100 156/250 loss: 0.9490 time 3.63s
Epoch 0/100 157/250 loss: 0.9484 time 3.62s
Epoch 0/100 158/250 loss: 0.9479 time 3.62s
Epoch 0/100 159/250 loss: 0.9479 time 3.63s
Epoch 0/100 160/250 loss: 0.9478 time 3.62s
Epoch 0/100 161/250 loss: 0.9476 time 3.62s
Epoch 0/100 162/250 loss: 0.9479 time 3.63s
Epoch 0/100 163/250 loss: 0.9476 time 3.62s
Epoch 0/100 164/250 loss: 0.9476 time 3.63s
Epoch 0/100 165/250 loss: 0.9475 time 3.62s
Epoch 0/100 166/250 loss: 0.9476 time 3.64s
Epoch 0/100 167/250 loss: 0.9474 time 3.63s
Epoch 0/100 168/250 loss: 0.9473 time 3.63s
Epoch 0/100 169/250 loss: 0.9471 time 3.63s
Epoch 0/100 170/250 loss: 0.9473 time 3.62s
Epoch 0/100 171/250 loss: 0.9473 time 3.63s
Epoch 0/100 172/250 loss: 0.9466 time 3.62s
Epoch 0/100 173/250 loss: 0.9465 time 3.63s
Epoch 0/100 174/250 loss: 0.9464 time 3.63s
Epoch 0/100 175/250 loss: 0.9466 time 3.62s
Epoch 0/100 176/250 loss: 0.9462 time 3.64s
Epoch 0/100 177/250 loss: 0.9462 time 3.61s
Epoch 0/100 178/250 loss: 0.9462 time 3.63s
Epoch 0/100 179/250 loss: 0.9462 time 3.62s
Epoch 0/100 180/250 loss: 0.9461 time 3.62s
Epoch 0/100 181/250 loss: 0.9461 time 3.62s
Epoch 0/100 182/250 loss: 0.9458 time 3.64s
Epoch 0/100 183/250 loss: 0.9455 time 3.62s
Epoch 0/100 184/250 loss: 0.9455 time 3.61s
Epoch 0/100 185/250 loss: 0.9455 time 3.63s
Epoch 0/100 186/250 loss: 0.9457 time 3.62s
Epoch 0/100 187/250 loss: 0.9457 time 3.64s
Epoch 0/100 188/250 loss: 0.9458 time 3.63s
Epoch 0/100 189/250 loss: 0.9456 time 3.62s
Epoch 0/100 190/250 loss: 0.9456 time 3.64s
Epoch 0/100 191/250 loss: 0.9454 time 3.64s
Epoch 0/100 192/250 loss: 0.9451 time 3.63s
Epoch 0/100 193/250 loss: 0.9451 time 3.62s
Epoch 0/100 194/250 loss: 0.9451 time 3.64s
Epoch 0/100 195/250 loss: 0.9452 time 3.61s
Epoch 0/100 196/250 loss: 0.9450 time 3.64s
Epoch 0/100 197/250 loss: 0.9446 time 3.62s
Epoch 0/100 198/250 loss: 0.9446 time 3.63s
Epoch 0/100 199/250 loss: 0.9446 time 3.64s
Epoch 0/100 200/250 loss: 0.9443 time 3.63s
Epoch 0/100 201/250 loss: 0.9439 time 3.63s
Epoch 0/100 202/250 loss: 0.9438 time 3.63s
Epoch 0/100 203/250 loss: 0.9437 time 3.63s
Epoch 0/100 204/250 loss: 0.9434 time 3.63s
Epoch 0/100 205/250 loss: 0.9433 time 3.64s
Epoch 0/100 206/250 loss: 0.9434 time 3.63s
Epoch 0/100 207/250 loss: 0.9432 time 3.62s
Epoch 0/100 208/250 loss: 0.9430 time 3.64s
Epoch 0/100 209/250 loss: 0.9430 time 3.63s
Epoch 0/100 210/250 loss: 0.9429 time 3.63s
Epoch 0/100 211/250 loss: 0.9429 time 3.62s
Epoch 0/100 212/250 loss: 0.9426 time 3.63s
Epoch 0/100 213/250 loss: 0.9424 time 3.62s
Epoch 0/100 214/250 loss: 0.9425 time 3.63s
Epoch 0/100 215/250 loss: 0.9423 time 3.64s
Epoch 0/100 216/250 loss: 0.9422 time 3.61s
Epoch 0/100 217/250 loss: 0.9419 time 3.62s
Epoch 0/100 218/250 loss: 0.9416 time 3.64s
Epoch 0/100 219/250 loss: 0.9416 time 3.63s
Epoch 0/100 220/250 loss: 0.9416 time 3.63s
Epoch 0/100 221/250 loss: 0.9415 time 3.63s
Epoch 0/100 222/250 loss: 0.9415 time 3.63s
Epoch 0/100 223/250 loss: 0.9413 time 3.62s
Epoch 0/100 224/250 loss: 0.9410 time 3.63s
Epoch 0/100 225/250 loss: 0.9407 time 3.63s
Epoch 0/100 226/250 loss: 0.9403 time 3.63s
Epoch 0/100 227/250 loss: 0.9402 time 3.62s
Epoch 0/100 228/250 loss: 0.9402 time 3.62s
Epoch 0/100 229/250 loss: 0.9402 time 3.62s
Epoch 0/100 230/250 loss: 0.9400 time 3.64s
Epoch 0/100 231/250 loss: 0.9399 time 3.63s
Epoch 0/100 232/250 loss: 0.9400 time 3.63s
Epoch 0/100 233/250 loss: 0.9399 time 3.62s
Epoch 0/100 234/250 loss: 0.9395 time 3.63s
Epoch 0/100 235/250 loss: 0.9393 time 3.62s
Epoch 0/100 236/250 loss: 0.9393 time 3.64s
Epoch 0/100 237/250 loss: 0.9390 time 3.62s
Epoch 0/100 238/250 loss: 0.9390 time 3.62s
Epoch 0/100 239/250 loss: 0.9389 time 3.63s
Epoch 0/100 240/250 loss: 0.9387 time 3.63s
Epoch 0/100 241/250 loss: 0.9387 time 3.63s
Epoch 0/100 242/250 loss: 0.9386 time 3.63s
Epoch 0/100 243/250 loss: 0.9385 time 3.62s
Epoch 0/100 244/250 loss: 0.9387 time 3.63s
Epoch 0/100 245/250 loss: 0.9385 time 3.62s
Epoch 0/100 246/250 loss: 0.9383 time 3.62s
Epoch 0/100 247/250 loss: 0.9381 time 3.62s
Epoch 0/100 248/250 loss: 0.9381 time 3.63s
Epoch 0/100 249/250 loss: 0.9381 time 3.64s
Final training  0/99 loss: 0.9381 time 939.75s
0 Sun Jul 16 10:47:17 2023 Epoch: 1
Epoch 1/100 0/250 loss: 0.8907 time 14.94s
Epoch 1/100 1/250 loss: 0.8973 time 3.71s
Epoch 1/100 2/250 loss: 0.9093 time 3.61s
Epoch 1/100 3/250 loss: 0.9092 time 3.63s
Epoch 1/100 4/250 loss: 0.9115 time 3.59s
Epoch 1/100 5/250 loss: 0.9022 time 3.60s
Epoch 1/100 6/250 loss: 0.9080 time 3.61s
Epoch 1/100 7/250 loss: 0.9047 time 3.60s
Epoch 1/100 8/250 loss: 0.9075 time 3.62s
Epoch 1/100 9/250 loss: 0.9043 time 3.60s
Epoch 1/100 10/250 loss: 0.8966 time 3.61s
Epoch 1/100 11/250 loss: 0.9022 time 3.61s
Epoch 1/100 12/250 loss: 0.9052 time 3.60s
Epoch 1/100 13/250 loss: 0.9057 time 3.63s
Epoch 1/100 14/250 loss: 0.9066 time 3.61s
Epoch 1/100 15/250 loss: 0.9050 time 3.61s
Epoch 1/100 16/250 loss: 0.9042 time 3.61s
Epoch 1/100 17/250 loss: 0.9031 time 3.62s
Epoch 1/100 18/250 loss: 0.9066 time 3.61s
Epoch 1/100 19/250 loss: 0.9063 time 3.62s
Epoch 1/100 20/250 loss: 0.9055 time 3.62s
Epoch 1/100 21/250 loss: 0.9051 time 3.61s
Epoch 1/100 22/250 loss: 0.9056 time 3.61s
Epoch 1/100 23/250 loss: 0.9061 time 3.62s
Epoch 1/100 24/250 loss: 0.9088 time 3.63s
Epoch 1/100 25/250 loss: 0.9093 time 3.63s
Epoch 1/100 26/250 loss: 0.9101 time 3.61s
Epoch 1/100 27/250 loss: 0.9092 time 3.63s
Epoch 1/100 28/250 loss: 0.9087 time 3.61s
Epoch 1/100 29/250 loss: 0.9081 time 3.64s
Epoch 1/100 30/250 loss: 0.9095 time 3.62s
Epoch 1/100 31/250 loss: 0.9082 time 3.62s
Epoch 1/100 32/250 loss: 0.9084 time 3.63s
Epoch 1/100 33/250 loss: 0.9104 time 3.62s
Epoch 1/100 34/250 loss: 0.9101 time 3.62s
Epoch 1/100 35/250 loss: 0.9097 time 3.63s
Epoch 1/100 36/250 loss: 0.9083 time 3.62s
Epoch 1/100 37/250 loss: 0.9088 time 3.63s
Epoch 1/100 38/250 loss: 0.9099 time 3.60s
Epoch 1/100 39/250 loss: 0.9093 time 3.63s
Epoch 1/100 40/250 loss: 0.9105 time 3.62s
Epoch 1/100 41/250 loss: 0.9099 time 3.61s
Epoch 1/100 42/250 loss: 0.9083 time 3.63s
Epoch 1/100 43/250 loss: 0.9083 time 3.62s
Epoch 1/100 44/250 loss: 0.9090 time 3.63s
Epoch 1/100 45/250 loss: 0.9090 time 3.63s
Epoch 1/100 46/250 loss: 0.9091 time 3.62s
Epoch 1/100 47/250 loss: 0.9101 time 3.64s
Epoch 1/100 48/250 loss: 0.9088 time 3.62s
Epoch 1/100 49/250 loss: 0.9087 time 3.61s
Epoch 1/100 50/250 loss: 0.9093 time 3.63s
Epoch 1/100 51/250 loss: 0.9100 time 3.62s
Epoch 1/100 52/250 loss: 0.9105 time 3.62s
Epoch 1/100 53/250 loss: 0.9104 time 3.61s
Epoch 1/100 54/250 loss: 0.9103 time 3.62s
Epoch 1/100 55/250 loss: 0.9097 time 3.63s
Epoch 1/100 56/250 loss: 0.9102 time 3.62s
Epoch 1/100 57/250 loss: 0.9104 time 3.61s
Epoch 1/100 58/250 loss: 0.9104 time 3.63s
Epoch 1/100 59/250 loss: 0.9101 time 3.62s
Epoch 1/100 60/250 loss: 0.9098 time 3.63s
Epoch 1/100 61/250 loss: 0.9102 time 3.61s
Epoch 1/100 62/250 loss: 0.9108 time 3.63s
Epoch 1/100 63/250 loss: 0.9094 time 3.67s
Epoch 1/100 64/250 loss: 0.9105 time 3.66s
Epoch 1/100 65/250 loss: 0.9106 time 3.64s
Epoch 1/100 66/250 loss: 0.9105 time 3.62s
Epoch 1/100 67/250 loss: 0.9102 time 3.62s
Epoch 1/100 68/250 loss: 0.9106 time 3.62s
Epoch 1/100 69/250 loss: 0.9108 time 3.63s
Epoch 1/100 70/250 loss: 0.9106 time 3.62s
Epoch 1/100 71/250 loss: 0.9108 time 3.63s
Epoch 1/100 72/250 loss: 0.9111 time 3.62s
Epoch 1/100 73/250 loss: 0.9108 time 3.63s
Epoch 1/100 74/250 loss: 0.9099 time 3.63s
Epoch 1/100 75/250 loss: 0.9102 time 3.62s
Epoch 1/100 76/250 loss: 0.9107 time 3.62s
Epoch 1/100 77/250 loss: 0.9107 time 3.63s
Epoch 1/100 78/250 loss: 0.9108 time 3.63s
Epoch 1/100 79/250 loss: 0.9103 time 3.63s
Epoch 1/100 80/250 loss: 0.9099 time 3.64s
Epoch 1/100 81/250 loss: 0.9092 time 3.62s
Epoch 1/100 82/250 loss: 0.9087 time 3.62s
Epoch 1/100 83/250 loss: 0.9084 time 3.62s
Epoch 1/100 84/250 loss: 0.9089 time 3.64s
Epoch 1/100 85/250 loss: 0.9085 time 3.61s
Epoch 1/100 86/250 loss: 0.9086 time 3.62s
Epoch 1/100 87/250 loss: 0.9081 time 3.63s
Epoch 1/100 88/250 loss: 0.9077 time 3.62s
Epoch 1/100 89/250 loss: 0.9077 time 3.64s
Epoch 1/100 90/250 loss: 0.9072 time 3.63s
Epoch 1/100 91/250 loss: 0.9072 time 3.63s
Epoch 1/100 92/250 loss: 0.9064 time 3.63s
Epoch 1/100 93/250 loss: 0.9067 time 3.64s
Epoch 1/100 94/250 loss: 0.9059 time 3.62s
Epoch 1/100 95/250 loss: 0.9063 time 3.62s
Epoch 1/100 96/250 loss: 0.9062 time 3.63s
Epoch 1/100 97/250 loss: 0.9062 time 3.63s
Epoch 1/100 98/250 loss: 0.9055 time 3.63s
Epoch 1/100 99/250 loss: 0.9053 time 3.61s
Epoch 1/100 100/250 loss: 0.9047 time 3.63s
Epoch 1/100 101/250 loss: 0.9046 time 3.63s
Epoch 1/100 102/250 loss: 0.9042 time 3.62s
Epoch 1/100 103/250 loss: 0.9040 time 3.63s
Epoch 1/100 104/250 loss: 0.9035 time 3.63s
Epoch 1/100 105/250 loss: 0.9032 time 3.63s
Epoch 1/100 106/250 loss: 0.9033 time 3.62s
Epoch 1/100 107/250 loss: 0.9031 time 3.62s
Epoch 1/100 108/250 loss: 0.9029 time 3.62s
Epoch 1/100 109/250 loss: 0.9024 time 3.63s
Epoch 1/100 110/250 loss: 0.9025 time 3.63s
Epoch 1/100 111/250 loss: 0.9029 time 3.63s
Epoch 1/100 112/250 loss: 0.9032 time 3.61s
Epoch 1/100 113/250 loss: 0.9023 time 3.63s
Epoch 1/100 114/250 loss: 0.9015 time 3.63s
Epoch 1/100 115/250 loss: 0.9013 time 3.63s
Epoch 1/100 116/250 loss: 0.9008 time 3.62s
Epoch 1/100 117/250 loss: 0.9011 time 3.63s
Epoch 1/100 118/250 loss: 0.9013 time 3.62s
Epoch 1/100 119/250 loss: 0.9014 time 3.63s
Epoch 1/100 120/250 loss: 0.9009 time 3.62s
Epoch 1/100 121/250 loss: 0.9011 time 3.62s
Epoch 1/100 122/250 loss: 0.9012 time 3.63s
Epoch 1/100 123/250 loss: 0.9010 time 3.62s
Epoch 1/100 124/250 loss: 0.9012 time 3.63s
Epoch 1/100 125/250 loss: 0.9010 time 3.62s
Epoch 1/100 126/250 loss: 0.9011 time 3.63s
Epoch 1/100 127/250 loss: 0.9011 time 3.63s
Epoch 1/100 128/250 loss: 0.9007 time 3.62s
Epoch 1/100 129/250 loss: 0.9005 time 3.63s
Epoch 1/100 130/250 loss: 0.9008 time 3.63s
Epoch 1/100 131/250 loss: 0.9005 time 3.62s
Epoch 1/100 132/250 loss: 0.9003 time 3.64s
Epoch 1/100 133/250 loss: 0.9003 time 3.62s
Epoch 1/100 134/250 loss: 0.9007 time 3.63s
Epoch 1/100 135/250 loss: 0.9004 time 3.62s
Epoch 1/100 136/250 loss: 0.9005 time 3.62s
Epoch 1/100 137/250 loss: 0.9001 time 3.62s
Epoch 1/100 138/250 loss: 0.9003 time 3.62s
Epoch 1/100 139/250 loss: 0.8996 time 3.62s
Epoch 1/100 140/250 loss: 0.8998 time 3.62s
Epoch 1/100 141/250 loss: 0.8999 time 3.62s
Epoch 1/100 142/250 loss: 0.9000 time 3.63s
Epoch 1/100 143/250 loss: 0.9002 time 3.62s
Epoch 1/100 144/250 loss: 0.9000 time 3.63s
Epoch 1/100 145/250 loss: 0.8998 time 3.63s
Epoch 1/100 146/250 loss: 0.8995 time 3.61s
Epoch 1/100 147/250 loss: 0.8997 time 3.63s
Epoch 1/100 148/250 loss: 0.9001 time 3.63s
Epoch 1/100 149/250 loss: 0.8999 time 3.62s
Epoch 1/100 150/250 loss: 0.8999 time 3.63s
Epoch 1/100 151/250 loss: 0.8997 time 3.63s
Epoch 1/100 152/250 loss: 0.8995 time 3.62s
Epoch 1/100 153/250 loss: 0.8997 time 3.62s
Epoch 1/100 154/250 loss: 0.8995 time 3.63s
Epoch 1/100 155/250 loss: 0.9001 time 3.62s
Epoch 1/100 156/250 loss: 0.8997 time 3.62s
Epoch 1/100 157/250 loss: 0.8999 time 3.62s
Epoch 1/100 158/250 loss: 0.8997 time 3.63s
Epoch 1/100 159/250 loss: 0.8994 time 3.62s
Epoch 1/100 160/250 loss: 0.8994 time 3.61s
Epoch 1/100 161/250 loss: 0.8995 time 3.63s
Epoch 1/100 162/250 loss: 0.8990 time 3.63s
Epoch 1/100 163/250 loss: 0.8989 time 3.63s
Epoch 1/100 164/250 loss: 0.8989 time 3.62s
Epoch 1/100 165/250 loss: 0.8988 time 3.63s
Epoch 1/100 166/250 loss: 0.8991 time 3.62s
Epoch 1/100 167/250 loss: 0.8989 time 3.63s
Epoch 1/100 168/250 loss: 0.8991 time 3.62s
Epoch 1/100 169/250 loss: 0.8993 time 3.62s
Epoch 1/100 170/250 loss: 0.8998 time 3.62s
Epoch 1/100 171/250 loss: 0.9001 time 3.62s
Epoch 1/100 172/250 loss: 0.9000 time 3.62s
Epoch 1/100 173/250 loss: 0.8997 time 3.62s
Epoch 1/100 174/250 loss: 0.8995 time 3.63s
Epoch 1/100 175/250 loss: 0.8996 time 3.62s
Epoch 1/100 176/250 loss: 0.8993 time 3.63s
Epoch 1/100 177/250 loss: 0.8992 time 3.64s
Epoch 1/100 178/250 loss: 0.8987 time 3.62s
Epoch 1/100 179/250 loss: 0.8985 time 3.62s
Epoch 1/100 180/250 loss: 0.8988 time 3.63s
Epoch 1/100 181/250 loss: 0.8985 time 3.63s
Epoch 1/100 182/250 loss: 0.8980 time 3.62s
Epoch 1/100 183/250 loss: 0.8974 time 3.62s
Epoch 1/100 184/250 loss: 0.8976 time 3.62s
Epoch 1/100 185/250 loss: 0.8973 time 3.64s
Epoch 1/100 186/250 loss: 0.8971 time 3.62s
Epoch 1/100 187/250 loss: 0.8973 time 3.61s
Epoch 1/100 188/250 loss: 0.8973 time 3.62s
Epoch 1/100 189/250 loss: 0.8976 time 3.63s
Epoch 1/100 190/250 loss: 0.8974 time 3.63s
Epoch 1/100 191/250 loss: 0.8973 time 3.63s
Epoch 1/100 192/250 loss: 0.8973 time 3.62s
Epoch 1/100 193/250 loss: 0.8974 time 3.62s
Epoch 1/100 194/250 loss: 0.8973 time 3.63s
Epoch 1/100 195/250 loss: 0.8971 time 3.63s
Epoch 1/100 196/250 loss: 0.8970 time 3.63s
Epoch 1/100 197/250 loss: 0.8973 time 3.63s
Epoch 1/100 198/250 loss: 0.8971 time 3.61s
Epoch 1/100 199/250 loss: 0.8970 time 3.62s
Epoch 1/100 200/250 loss: 0.8970 time 3.62s
Epoch 1/100 201/250 loss: 0.8974 time 3.62s
Epoch 1/100 202/250 loss: 0.8976 time 3.62s
Epoch 1/100 203/250 loss: 0.8976 time 3.63s
Epoch 1/100 204/250 loss: 0.8977 time 3.62s
Epoch 1/100 205/250 loss: 0.8976 time 3.62s
Epoch 1/100 206/250 loss: 0.8974 time 3.62s
Epoch 1/100 207/250 loss: 0.8974 time 3.63s
Epoch 1/100 208/250 loss: 0.8975 time 3.62s
Epoch 1/100 209/250 loss: 0.8976 time 3.63s
Epoch 1/100 210/250 loss: 0.8975 time 3.62s
Epoch 1/100 211/250 loss: 0.8974 time 3.62s
Epoch 1/100 212/250 loss: 0.8975 time 3.62s
Epoch 1/100 213/250 loss: 0.8975 time 3.63s
Epoch 1/100 214/250 loss: 0.8974 time 3.62s
Epoch 1/100 215/250 loss: 0.8973 time 3.63s
Epoch 1/100 216/250 loss: 0.8970 time 3.62s
Epoch 1/100 217/250 loss: 0.8967 time 3.62s
Epoch 1/100 218/250 loss: 0.8966 time 3.62s
Epoch 1/100 219/250 loss: 0.8965 time 3.63s
Epoch 1/100 220/250 loss: 0.8964 time 3.62s
Epoch 1/100 221/250 loss: 0.8963 time 3.63s
Epoch 1/100 222/250 loss: 0.8965 time 3.65s
Epoch 1/100 223/250 loss: 0.8967 time 3.66s
Epoch 1/100 224/250 loss: 0.8968 time 3.63s
Epoch 1/100 225/250 loss: 0.8971 time 3.63s
Epoch 1/100 226/250 loss: 0.8967 time 3.63s
Epoch 1/100 227/250 loss: 0.8966 time 3.62s
Epoch 1/100 228/250 loss: 0.8967 time 3.63s
Epoch 1/100 229/250 loss: 0.8966 time 3.63s
Epoch 1/100 230/250 loss: 0.8968 time 3.62s
Epoch 1/100 231/250 loss: 0.8970 time 3.63s
Epoch 1/100 232/250 loss: 0.8972 time 3.62s
Epoch 1/100 233/250 loss: 0.8970 time 3.62s
Epoch 1/100 234/250 loss: 0.8972 time 3.63s
Epoch 1/100 235/250 loss: 0.8973 time 3.62s
Epoch 1/100 236/250 loss: 0.8971 time 3.63s
Epoch 1/100 237/250 loss: 0.8971 time 3.63s
Epoch 1/100 238/250 loss: 0.8968 time 3.61s
Epoch 1/100 239/250 loss: 0.8967 time 3.62s
Epoch 1/100 240/250 loss: 0.8965 time 3.63s
Epoch 1/100 241/250 loss: 0.8963 time 3.62s
Epoch 1/100 242/250 loss: 0.8963 time 3.63s
Epoch 1/100 243/250 loss: 0.8961 time 3.62s
Epoch 1/100 244/250 loss: 0.8962 time 3.63s
Epoch 1/100 245/250 loss: 0.8961 time 3.62s
Epoch 1/100 246/250 loss: 0.8964 time 3.62s
Epoch 1/100 247/250 loss: 0.8965 time 3.61s
Epoch 1/100 248/250 loss: 0.8963 time 3.63s
Epoch 1/100 249/250 loss: 0.8959 time 3.63s
Final training  1/99 loss: 0.8959 time 917.49s
3 Sun Jul 16 11:19:18 2023 Epoch: 2
2 Sun Jul 16 11:19:18 2023 Epoch: 2
None of the inputs have requires_grad=True. Gradients will be None
invalid value encountered in divide
1 Sun Jul 16 11:19:18 2023 Epoch: 2
None of the inputs have requires_grad=True. Gradients will be None
invalid value encountered in divide
None of the inputs have requires_grad=True. Gradients will be None
invalid value encountered in divide
Val 1/100 0/63 , Dice_TC: 0.0021272465 , Dice_WT: 0.014701331 , Dice_ET: 0.0 , time 35.72s
Val 1/100 1/63 , Dice_TC: 0.001938517 , Dice_WT: 0.019495992 , Dice_ET: 0.0 , time 15.43s
Val 1/100 2/63 , Dice_TC: 0.003862118 , Dice_WT: 0.021705104 , Dice_ET: 0.0 , time 15.45s
Val 1/100 3/63 , Dice_TC: 0.0036250625 , Dice_WT: 0.021759989 , Dice_ET: 0.0 , time 15.48s
Val 1/100 4/63 , Dice_TC: 0.0035475888 , Dice_WT: 0.02072288 , Dice_ET: 0.0 , time 15.48s
Val 1/100 5/63 , Dice_TC: 0.0030796744 , Dice_WT: 0.019571375 , Dice_ET: 0.0 , time 15.51s
Val 1/100 6/63 , Dice_TC: 0.0028790657 , Dice_WT: 0.01992053 , Dice_ET: 0.0 , time 15.51s
Val 1/100 7/63 , Dice_TC: 0.0030765259 , Dice_WT: 0.019191014 , Dice_ET: 0.0 , time 15.53s
Val 1/100 8/63 , Dice_TC: 0.004219925 , Dice_WT: 0.019768082 , Dice_ET: 0.0 , time 15.53s
Val 1/100 9/63 , Dice_TC: 0.004250479 , Dice_WT: 0.019537164 , Dice_ET: 0.0 , time 15.54s
Val 1/100 10/63 , Dice_TC: 0.004708544 , Dice_WT: 0.01941785 , Dice_ET: 0.0 , time 15.54s
Val 1/100 11/63 , Dice_TC: 0.0045536924 , Dice_WT: 0.018469593 , Dice_ET: 0.0 , time 15.54s
Val 1/100 12/63 , Dice_TC: 0.004485957 , Dice_WT: 0.018793795 , Dice_ET: 0.0 , time 15.55s
Val 1/100 13/63 , Dice_TC: 0.0043086326 , Dice_WT: 0.019280026 , Dice_ET: 0.0 , time 15.54s
Val 1/100 14/63 , Dice_TC: 0.00422411 , Dice_WT: 0.019589568 , Dice_ET: 0.0 , time 15.57s
Val 1/100 15/63 , Dice_TC: 0.004026626 , Dice_WT: 0.019269824 , Dice_ET: 0.0 , time 15.55s
Val 1/100 16/63 , Dice_TC: 0.00393722 , Dice_WT: 0.018658169 , Dice_ET: 0.0 , time 15.55s
Val 1/100 17/63 , Dice_TC: 0.0038250205 , Dice_WT: 0.018703844 , Dice_ET: 0.0 , time 15.56s
Val 1/100 18/63 , Dice_TC: 0.0038663268 , Dice_WT: 0.018565046 , Dice_ET: 0.0 , time 15.54s
Val 1/100 19/63 , Dice_TC: 0.0037578715 , Dice_WT: 0.018389678 , Dice_ET: 0.0 , time 15.55s
Val 1/100 20/63 , Dice_TC: 0.0037303998 , Dice_WT: 0.018456908 , Dice_ET: 0.0 , time 15.55s
Val 1/100 21/63 , Dice_TC: 0.003693673 , Dice_WT: 0.018313516 , Dice_ET: 0.0 , time 15.56s
Val 1/100 22/63 , Dice_TC: 0.0036164045 , Dice_WT: 0.018356007 , Dice_ET: 0.0 , time 15.56s
Val 1/100 23/63 , Dice_TC: 0.0036149132 , Dice_WT: 0.018524492 , Dice_ET: 0.0 , time 15.56s
Val 1/100 24/63 , Dice_TC: 0.0035290243 , Dice_WT: 0.018566556 , Dice_ET: 0.0 , time 15.55s
Val 1/100 25/63 , Dice_TC: 0.0034778402 , Dice_WT: 0.01852378 , Dice_ET: 0.0 , time 15.55s
Val 1/100 26/63 , Dice_TC: 0.0034397126 , Dice_WT: 0.01826138 , Dice_ET: 0.0 , time 15.56s
Val 1/100 27/63 , Dice_TC: 0.0034265632 , Dice_WT: 0.017975349 , Dice_ET: 0.0 , time 15.56s
Val 1/100 28/63 , Dice_TC: 0.0034062054 , Dice_WT: 0.01766579 , Dice_ET: 0.0 , time 15.57s
Val 1/100 29/63 , Dice_TC: 0.0034583872 , Dice_WT: 0.017798895 , Dice_ET: 0.0 , time 15.57s
Val 1/100 30/63 , Dice_TC: 0.0035640076 , Dice_WT: 0.017877396 , Dice_ET: 0.0 , time 15.56s
Val 1/100 31/63 , Dice_TC: 0.0034903693 , Dice_WT: 0.017745228 , Dice_ET: 0.0 , time 15.57s
Val 1/100 32/63 , Dice_TC: 0.0034385202 , Dice_WT: 0.017534584 , Dice_ET: 0.0 , time 15.56s
Val 1/100 33/63 , Dice_TC: 0.0034217522 , Dice_WT: 0.017364616 , Dice_ET: 0.0 , time 15.57s
Val 1/100 34/63 , Dice_TC: 0.0036200385 , Dice_WT: 0.017344551 , Dice_ET: 0.0 , time 15.57s
Val 1/100 35/63 , Dice_TC: 0.003565363 , Dice_WT: 0.017382318 , Dice_ET: 0.0 , time 15.57s
Val 1/100 36/63 , Dice_TC: 0.003571062 , Dice_WT: 0.017315138 , Dice_ET: 0.0 , time 15.55s
Val 1/100 37/63 , Dice_TC: 0.0035228475 , Dice_WT: 0.017120056 , Dice_ET: 0.0 , time 15.56s
Val 1/100 38/63 , Dice_TC: 0.0034540675 , Dice_WT: 0.017058624 , Dice_ET: 0.0 , time 15.56s
Val 1/100 39/63 , Dice_TC: 0.0034215348 , Dice_WT: 0.017165817 , Dice_ET: 0.0 , time 15.56s
Val 1/100 40/63 , Dice_TC: 0.0033752893 , Dice_WT: 0.017058607 , Dice_ET: 0.0 , time 15.56s
Val 1/100 41/63 , Dice_TC: 0.003357346 , Dice_WT: 0.016841486 , Dice_ET: 0.0 , time 15.56s
Val 1/100 42/63 , Dice_TC: 0.0033836542 , Dice_WT: 0.016986167 , Dice_ET: 0.0 , time 15.57s
Val 1/100 43/63 , Dice_TC: 0.0033574486 , Dice_WT: 0.016914 , Dice_ET: 0.0 , time 15.57s
Val 1/100 44/63 , Dice_TC: 0.0033716084 , Dice_WT: 0.016941337 , Dice_ET: 0.0 , time 15.57s
Val 1/100 45/63 , Dice_TC: 0.0033560602 , Dice_WT: 0.016814357 , Dice_ET: 0.0 , time 15.56s
Val 1/100 46/63 , Dice_TC: 0.0033171114 , Dice_WT: 0.01672333 , Dice_ET: 0.0 , time 15.54s
Val 1/100 47/63 , Dice_TC: 0.003278274 , Dice_WT: 0.016580876 , Dice_ET: 0.0 , time 15.55s
Val 1/100 48/63 , Dice_TC: 0.0032133614 , Dice_WT: 0.016414521 , Dice_ET: 0.0 , time 15.55s
Val 1/100 49/63 , Dice_TC: 0.0032197083 , Dice_WT: 0.016424833 , Dice_ET: 0.0 , time 15.56s
Val 1/100 50/63 , Dice_TC: 0.0031904415 , Dice_WT: 0.016295182 , Dice_ET: 0.0 , time 15.54s
Val 1/100 51/63 , Dice_TC: 0.0032262132 , Dice_WT: 0.016252918 , Dice_ET: 0.0 , time 15.55s
Val 1/100 52/63 , Dice_TC: 0.0032791635 , Dice_WT: 0.01640539 , Dice_ET: 0.0 , time 15.56s
Val 1/100 53/63 , Dice_TC: 0.0032318844 , Dice_WT: 0.016331201 , Dice_ET: 0.0 , time 15.55s
Val 1/100 54/63 , Dice_TC: 0.0031890848 , Dice_WT: 0.01607868 , Dice_ET: 0.0 , time 15.55s
Val 1/100 55/63 , Dice_TC: 0.0032168992 , Dice_WT: 0.0162012 , Dice_ET: 0.0 , time 15.55s
Val 1/100 56/63 , Dice_TC: 0.0031771509 , Dice_WT: 0.016239649 , Dice_ET: 0.0 , time 15.54s
Val 1/100 57/63 , Dice_TC: 0.003203715 , Dice_WT: 0.016490864 , Dice_ET: 0.0 , time 15.54s
Val 1/100 58/63 , Dice_TC: 0.0032881803 , Dice_WT: 0.016537433 , Dice_ET: 0.0 , time 15.56s
Val 1/100 59/63 , Dice_TC: 0.0032613154 , Dice_WT: 0.016650293 , Dice_ET: 0.0 , time 15.55s
Val 1/100 60/63 , Dice_TC: 0.003252225 , Dice_WT: 0.016610606 , Dice_ET: 0.0 , time 15.54s
Val 1/100 61/63 , Dice_TC: 0.003237662 , Dice_WT: 0.016677093 , Dice_ET: 0.0 , time 15.55s
Val 1/100 62/63 , Dice_TC: 0.003245646 , Dice_WT: 0.01664659 , Dice_ET: 0.0 , time 15.54s
Final validation stats 1/99 , Dice_TC: 0.003245646 , Dice_WT: 0.01664659 , Dice_ET: 0.0 , time 999.79s
new best (0.000000 --> 0.006631). 
Saving checkpoint ./runs/4_gpu_4_epochs/model.pt
Saving checkpoint ./runs/4_gpu_4_epochs/model_final.pt
Copying to model.pt new best model!!!!
0 Sun Jul 16 11:19:18 2023 Epoch: 2
None of the inputs have requires_grad=True. Gradients will be None
invalid value encountered in divide
slurmstepd: error: *** JOB 9445403 ON gra1184 CANCELLED AT 2023-07-16T11:31:49 ***
