None

       optimizer = torch.optim.SGD(model.parameters(), lr=0.5, momentum=0.9)
        scheduler = torch.optim.lr_scheduler.CyclicLR(optimizer, base_lr=0.0001, max_lr=0.01)



        max_epoch = 300
        validation = 60

    
MONAI version: 1.2.0rc7+9.g84940298
Numpy version: 1.24.2
Pytorch version: 1.13.1
MONAI flags: HAS_EXT = False, USE_COMPILED = False, USE_META_DICT = False
MONAI rev id: 84940298bff9ff1f54845eb8ae7422c0092c09c1
MONAI __file__: /home/guest185/hackathon_38/lib/python3.8/site-packages/monai/__init__.py

Optional dependencies:
Pytorch Ignite version: 0.4.2
ITK version: NOT INSTALLED or UNKNOWN VERSION.
Nibabel version: 5.1.0
scikit-image version: 0.19.3
Pillow version: 9.5.0
Tensorboard version: 2.13.0
gdown version: 4.7.1
TorchVision version: 0.14.1
tqdm version: 4.65.0
lmdb version: 1.2.1
psutil version: 5.9.4
pandas version: 1.5.3
einops version: 0.6.1
transformers version: 4.21.3
mlflow version: NOT INSTALLED or UNKNOWN VERSION.
pynrrd version: 1.0.0

For details about installing the optional dependencies, please visit:
    https://docs.monai.io/en/latest/installation.html#installing-the-recommended-dependencies

/tmp/tmpi84dq2r2
image shape: (240, 240, 155), label shape: (240, 240, 155)
Sat Aug 12 22:27:06 2023 Epoch: 0
In the future `np.bool` will be defined as the corresponding NumPy scalar.
In the future `np.bool` will be defined as the corresponding NumPy scalar.
In the future `np.bool` will be defined as the corresponding NumPy scalar.
In the future `np.bool` will be defined as the corresponding NumPy scalar.
monai.transforms.io.dictionary LoadImaged.__init__:image_only: Current default value of argument `image_only=False` has been deprecated since version 1.1. It will be changed to `image_only=True` in version 1.3.
In the future `np.bool` will be defined as the corresponding NumPy scalar.
In the future `np.bool` will be defined as the corresponding NumPy scalar.
Epoch 0/300 0/48 loss: 0.8507 time 33.00s
Epoch 0/300 1/48 loss: 0.9193 time 4.19s
Epoch 0/300 2/48 loss: 0.9140 time 4.09s
Epoch 0/300 3/48 loss: 0.9291 time 4.10s
Epoch 0/300 4/48 loss: 0.9376 time 4.09s
Epoch 0/300 5/48 loss: 0.9276 time 4.10s
Epoch 0/300 6/48 loss: 0.9327 time 4.12s
Epoch 0/300 7/48 loss: 0.9298 time 4.12s
Epoch 0/300 8/48 loss: 0.9245 time 4.13s
Epoch 0/300 9/48 loss: 0.9293 time 4.12s
Epoch 0/300 10/48 loss: 0.9357 time 4.14s
Epoch 0/300 11/48 loss: 0.9380 time 4.15s
Epoch 0/300 12/48 loss: 0.9361 time 4.15s
Epoch 0/300 13/48 loss: 0.9318 time 4.15s
Epoch 0/300 14/48 loss: 0.9310 time 4.16s
Epoch 0/300 15/48 loss: 0.9295 time 4.16s
Epoch 0/300 16/48 loss: 0.9294 time 4.16s
Epoch 0/300 17/48 loss: 0.9237 time 4.17s
Epoch 0/300 18/48 loss: 0.9242 time 4.17s
Epoch 0/300 19/48 loss: 0.9235 time 4.18s
Epoch 0/300 20/48 loss: 0.9229 time 4.18s
Epoch 0/300 21/48 loss: 0.9209 time 4.18s
Epoch 0/300 22/48 loss: 0.9194 time 4.19s
Epoch 0/300 23/48 loss: 0.9206 time 4.19s
Epoch 0/300 24/48 loss: 0.9216 time 4.20s
Epoch 0/300 25/48 loss: 0.9210 time 4.19s
Epoch 0/300 26/48 loss: 0.9201 time 4.21s
Epoch 0/300 27/48 loss: 0.9214 time 4.21s
Epoch 0/300 28/48 loss: 0.9210 time 4.21s
Epoch 0/300 29/48 loss: 0.9231 time 4.21s
Epoch 0/300 30/48 loss: 0.9242 time 4.21s
Epoch 0/300 31/48 loss: 0.9249 time 4.21s
Epoch 0/300 32/48 loss: 0.9258 time 4.22s
Epoch 0/300 33/48 loss: 0.9234 time 4.23s
Epoch 0/300 34/48 loss: 0.9248 time 4.22s
Epoch 0/300 35/48 loss: 0.9261 time 4.22s
Epoch 0/300 36/48 loss: 0.9253 time 4.24s
Epoch 0/300 37/48 loss: 0.9269 time 4.24s
Epoch 0/300 38/48 loss: 0.9281 time 4.23s
Epoch 0/300 39/48 loss: 0.9265 time 4.24s
Epoch 0/300 40/48 loss: 0.9251 time 4.23s
Epoch 0/300 41/48 loss: 0.9258 time 4.23s
Epoch 0/300 42/48 loss: 0.9262 time 4.23s
Epoch 0/300 43/48 loss: 0.9261 time 4.23s
Epoch 0/300 44/48 loss: 0.9270 time 4.24s
Epoch 0/300 45/48 loss: 0.9267 time 4.24s
Epoch 0/300 46/48 loss: 0.9267 time 4.23s
Epoch 0/300 47/48 loss: 0.9265 time 4.25s
Final training  0/299 loss: 0.9265 time 229.85s
Val 0/300 0/12 , dice_tc: 0.06394564 , dice_wt: 0.41241932 , dice_et: 0.06254833 , time 49.79s
Val 0/300 1/12 , dice_tc: 0.06733607 , dice_wt: 0.32365867 , dice_et: 0.048897006 , time 33.06s
Val 0/300 2/12 , dice_tc: 0.11213831 , dice_wt: 0.30562449 , dice_et: 0.0717816 , time 33.19s
Val 0/300 3/12 , dice_tc: 0.09655069 , dice_wt: 0.30112097 , dice_et: 0.061014973 , time 33.15s
Val 0/300 4/12 , dice_tc: 0.079753995 , dice_wt: 0.24693593 , dice_et: 0.051186174 , time 33.21s
Val 0/300 5/12 , dice_tc: 0.067333266 , dice_wt: 0.2131924 , dice_et: 0.043236364 , time 33.23s
Val 0/300 6/12 , dice_tc: 0.058947556 , dice_wt: 0.18848358 , dice_et: 0.038752217 , time 33.22s
Val 0/300 7/12 , dice_tc: 0.06937624 , dice_wt: 0.19823322 , dice_et: 0.048328146 , time 33.23s
Val 0/300 8/12 , dice_tc: 0.07082445 , dice_wt: 0.21349488 , dice_et: 0.050198894 , time 33.23s
Val 0/300 9/12 , dice_tc: 0.07531221 , dice_wt: 0.21563241 , dice_et: 0.05643455 , time 33.26s
Val 0/300 10/12 , dice_tc: 0.075441316 , dice_wt: 0.22318858 , dice_et: 0.054825127 , time 33.27s
Val 0/300 11/12 , dice_tc: 0.07199964 , dice_wt: 0.21226467 , dice_et: 0.052253988 , time 33.21s
Final validation stats 0/299 , dice_tc: 0.07199964 , dice_wt: 0.21226467 , dice_et: 0.052253988 , Dice_Avg: 0.112172775 , time 415.12s
new best (0.000000 --> 0.112173). 
Saving checkpoint /tmp/tmpi84dq2r2/model.pt
Sat Aug 12 22:37:51 2023 Epoch: 1
None of the inputs have requires_grad=True. Gradients will be None
Epoch 1/300 0/48 loss: 0.8984 time 10.28s
Epoch 1/300 1/48 loss: 0.9341 time 4.24s
Epoch 1/300 2/48 loss: 0.9202 time 4.24s
Epoch 1/300 3/48 loss: 0.9080 time 4.23s
Epoch 1/300 4/48 loss: 0.9190 time 4.25s
Epoch 1/300 5/48 loss: 0.9133 time 4.25s
Epoch 1/300 6/48 loss: 0.9117 time 4.25s
Epoch 1/300 7/48 loss: 0.9166 time 4.25s
Epoch 1/300 8/48 loss: 0.9192 time 4.25s
Epoch 1/300 9/48 loss: 0.9079 time 4.25s
Epoch 1/300 10/48 loss: 0.9032 time 4.25s
Epoch 1/300 11/48 loss: 0.9084 time 4.27s
Epoch 1/300 12/48 loss: 0.9085 time 4.25s
Epoch 1/300 13/48 loss: 0.9120 time 4.25s
Epoch 1/300 14/48 loss: 0.9106 time 4.25s
Epoch 1/300 15/48 loss: 0.9067 time 4.26s
Epoch 1/300 16/48 loss: 0.9029 time 4.26s
Epoch 1/300 17/48 loss: 0.9063 time 4.25s
Epoch 1/300 18/48 loss: 0.9085 time 4.26s
Epoch 1/300 19/48 loss: 0.9086 time 4.27s
Epoch 1/300 20/48 loss: 0.9122 time 4.26s
Epoch 1/300 21/48 loss: 0.9129 time 4.25s
Epoch 1/300 22/48 loss: 0.9145 time 4.25s
Epoch 1/300 23/48 loss: 0.9134 time 4.26s
Epoch 1/300 24/48 loss: 0.9123 time 4.24s
Epoch 1/300 25/48 loss: 0.9089 time 4.25s
Epoch 1/300 26/48 loss: 0.9070 time 4.25s
Epoch 1/300 27/48 loss: 0.9066 time 4.25s
Epoch 1/300 28/48 loss: 0.9053 time 4.25s
Epoch 1/300 29/48 loss: 0.9037 time 4.27s
Epoch 1/300 30/48 loss: 0.9027 time 4.25s
Epoch 1/300 31/48 loss: 0.9034 time 4.26s
Epoch 1/300 32/48 loss: 0.9017 time 4.26s
Epoch 1/300 33/48 loss: 0.9030 time 4.26s
Epoch 1/300 34/48 loss: 0.9053 time 4.26s
Epoch 1/300 35/48 loss: 0.9047 time 4.26s
Epoch 1/300 36/48 loss: 0.9055 time 4.25s
Epoch 1/300 37/48 loss: 0.9071 time 4.25s
Epoch 1/300 38/48 loss: 0.9071 time 4.27s
Epoch 1/300 39/48 loss: 0.9069 time 4.26s
Epoch 1/300 40/48 loss: 0.9076 time 4.25s
Epoch 1/300 41/48 loss: 0.9080 time 4.27s
Epoch 1/300 42/48 loss: 0.9072 time 4.26s
Epoch 1/300 43/48 loss: 0.9088 time 4.26s
Epoch 1/300 44/48 loss: 0.9095 time 4.25s
Epoch 1/300 45/48 loss: 0.9114 time 4.25s
Epoch 1/300 46/48 loss: 0.9091 time 4.25s
Epoch 1/300 47/48 loss: 0.9101 time 4.25s
Final training  1/299 loss: 0.9101 time 210.31s
Sat Aug 12 22:41:21 2023 Epoch: 2
Epoch 2/300 0/48 loss: 0.8473 time 8.83s
Epoch 2/300 1/48 loss: 0.8585 time 4.24s
Epoch 2/300 2/48 loss: 0.8868 time 4.25s
Epoch 2/300 3/48 loss: 0.8891 time 4.25s
Epoch 2/300 4/48 loss: 0.8769 time 4.25s
Epoch 2/300 5/48 loss: 0.8731 time 4.25s
Epoch 2/300 6/48 loss: 0.8734 time 4.25s
Epoch 2/300 7/48 loss: 0.8739 time 4.25s
Epoch 2/300 8/48 loss: 0.8648 time 4.25s
Epoch 2/300 9/48 loss: 0.8718 time 4.25s
Epoch 2/300 10/48 loss: 0.8834 time 4.25s
Epoch 2/300 11/48 loss: 0.8835 time 4.25s
Epoch 2/300 12/48 loss: 0.8863 time 4.25s
Epoch 2/300 13/48 loss: 0.8932 time 4.25s
Epoch 2/300 14/48 loss: 0.8980 time 4.26s
Epoch 2/300 15/48 loss: 0.8957 time 4.26s
Epoch 2/300 16/48 loss: 0.8960 time 4.26s
Epoch 2/300 17/48 loss: 0.8962 time 4.25s
Epoch 2/300 18/48 loss: 0.8973 time 4.25s
Epoch 2/300 19/48 loss: 0.8967 time 4.25s
Epoch 2/300 20/48 loss: 0.8948 time 4.25s
Epoch 2/300 21/48 loss: 0.8962 time 4.25s
Epoch 2/300 22/48 loss: 0.8999 time 4.25s
Epoch 2/300 23/48 loss: 0.9023 time 4.25s
Epoch 2/300 24/48 loss: 0.9005 time 4.27s
Epoch 2/300 25/48 loss: 0.9020 time 4.25s
Epoch 2/300 26/48 loss: 0.9036 time 4.25s
Epoch 2/300 27/48 loss: 0.9058 time 4.26s
Epoch 2/300 28/48 loss: 0.9063 time 4.27s
Epoch 2/300 29/48 loss: 0.9080 time 4.26s
Epoch 2/300 30/48 loss: 0.9090 time 4.26s
Epoch 2/300 31/48 loss: 0.9085 time 4.26s
Epoch 2/300 32/48 loss: 0.9073 time 4.27s
Epoch 2/300 33/48 loss: 0.9079 time 4.26s
Epoch 2/300 34/48 loss: 0.9057 time 4.27s
Epoch 2/300 35/48 loss: 0.9049 time 4.27s
Epoch 2/300 36/48 loss: 0.9060 time 4.26s
Epoch 2/300 37/48 loss: 0.9040 time 4.26s
Epoch 2/300 38/48 loss: 0.9048 time 4.27s
Epoch 2/300 39/48 loss: 0.9036 time 4.27s
Epoch 2/300 40/48 loss: 0.9012 time 4.27s
Epoch 2/300 41/48 loss: 0.9030 time 4.25s
Epoch 2/300 42/48 loss: 0.9022 time 4.27s
Epoch 2/300 43/48 loss: 0.9003 time 4.25s
Epoch 2/300 44/48 loss: 0.8995 time 4.27s
Epoch 2/300 45/48 loss: 0.9008 time 4.26s
Epoch 2/300 46/48 loss: 0.8983 time 4.26s
Epoch 2/300 47/48 loss: 0.8995 time 4.26s
Final training  2/299 loss: 0.8995 time 208.99s
Sat Aug 12 22:44:50 2023 Epoch: 3
Epoch 3/300 0/48 loss: 0.9430 time 10.31s
Epoch 3/300 1/48 loss: 0.8865 time 4.23s
Epoch 3/300 2/48 loss: 0.8968 time 4.25s
Epoch 3/300 3/48 loss: 0.9224 time 4.25s
Epoch 3/300 4/48 loss: 0.9091 time 4.25s
Epoch 3/300 5/48 loss: 0.9186 time 4.25s
Epoch 3/300 6/48 loss: 0.9110 time 4.26s
Epoch 3/300 7/48 loss: 0.9167 time 4.25s
Epoch 3/300 8/48 loss: 0.9190 time 4.25s
Epoch 3/300 9/48 loss: 0.9085 time 4.25s
Epoch 3/300 10/48 loss: 0.9032 time 4.25s
Epoch 3/300 11/48 loss: 0.9048 time 4.26s
Epoch 3/300 12/48 loss: 0.9070 time 4.25s
Epoch 3/300 13/48 loss: 0.9026 time 4.26s
Epoch 3/300 14/48 loss: 0.9039 time 4.26s
Epoch 3/300 15/48 loss: 0.9070 time 4.26s
Epoch 3/300 16/48 loss: 0.9015 time 4.27s
Epoch 3/300 17/48 loss: 0.9034 time 4.26s
Epoch 3/300 18/48 loss: 0.9013 time 4.25s
Epoch 3/300 19/48 loss: 0.9027 time 4.25s
Epoch 3/300 20/48 loss: 0.9019 time 4.25s
Epoch 3/300 21/48 loss: 0.9016 time 4.26s
Epoch 3/300 22/48 loss: 0.9011 time 4.26s
Epoch 3/300 23/48 loss: 0.9027 time 4.25s
Epoch 3/300 24/48 loss: 0.9015 time 4.27s
Epoch 3/300 25/48 loss: 0.8969 time 4.25s
Epoch 3/300 26/48 loss: 0.8926 time 4.27s
Epoch 3/300 27/48 loss: 0.8910 time 4.26s
Epoch 3/300 28/48 loss: 0.8931 time 4.26s
Epoch 3/300 29/48 loss: 0.8928 time 4.27s
Epoch 3/300 30/48 loss: 0.8895 time 4.27s
Epoch 3/300 31/48 loss: 0.8875 time 4.25s
Epoch 3/300 32/48 loss: 0.8895 time 4.27s
Epoch 3/300 33/48 loss: 0.8886 time 4.26s
Epoch 3/300 34/48 loss: 0.8891 time 4.27s
Epoch 3/300 35/48 loss: 0.8880 time 4.25s
Epoch 3/300 36/48 loss: 0.8893 time 4.25s
Epoch 3/300 37/48 loss: 0.8885 time 4.25s
Epoch 3/300 38/48 loss: 0.8909 time 4.25s
Epoch 3/300 39/48 loss: 0.8914 time 4.26s
Epoch 3/300 40/48 loss: 0.8936 time 4.25s
Epoch 3/300 41/48 loss: 0.8952 time 4.25s
Epoch 3/300 42/48 loss: 0.8971 time 4.26s
Epoch 3/300 43/48 loss: 0.8959 time 4.26s
Epoch 3/300 44/48 loss: 0.8942 time 4.27s
Epoch 3/300 45/48 loss: 0.8938 time 4.26s
Epoch 3/300 46/48 loss: 0.8933 time 4.27s
Epoch 3/300 47/48 loss: 0.8925 time 4.25s
Final training  3/299 loss: 0.8925 time 210.43s
Sat Aug 12 22:48:21 2023 Epoch: 4
Epoch 4/300 0/48 loss: 0.9382 time 7.96s
Epoch 4/300 1/48 loss: 0.9282 time 4.24s
Epoch 4/300 2/48 loss: 0.9462 time 4.25s
Epoch 4/300 3/48 loss: 0.9143 time 4.25s
Epoch 4/300 4/48 loss: 0.9027 time 4.25s
Epoch 4/300 5/48 loss: 0.8866 time 4.25s
Epoch 4/300 6/48 loss: 0.8941 time 4.25s
Epoch 4/300 7/48 loss: 0.8894 time 4.25s
Epoch 4/300 8/48 loss: 0.8868 time 4.25s
Epoch 4/300 9/48 loss: 0.8931 time 4.25s
Epoch 4/300 10/48 loss: 0.8895 time 4.25s
Epoch 4/300 11/48 loss: 0.8957 time 4.26s
Epoch 4/300 12/48 loss: 0.8864 time 4.25s
Epoch 4/300 13/48 loss: 0.8849 time 4.26s
Epoch 4/300 14/48 loss: 0.8775 time 4.25s
Epoch 4/300 15/48 loss: 0.8800 time 4.25s
Epoch 4/300 16/48 loss: 0.8779 time 4.25s
Epoch 4/300 17/48 loss: 0.8784 time 4.26s
Epoch 4/300 18/48 loss: 0.8812 time 4.25s
Epoch 4/300 19/48 loss: 0.8794 time 4.26s
Epoch 4/300 20/48 loss: 0.8807 time 4.26s
Epoch 4/300 21/48 loss: 0.8803 time 4.24s
Epoch 4/300 22/48 loss: 0.8846 time 4.25s
Epoch 4/300 23/48 loss: 0.8826 time 4.25s
Epoch 4/300 24/48 loss: 0.8853 time 4.25s
Epoch 4/300 25/48 loss: 0.8863 time 4.25s
Epoch 4/300 26/48 loss: 0.8888 time 4.25s
Epoch 4/300 27/48 loss: 0.8863 time 4.26s
Epoch 4/300 28/48 loss: 0.8849 time 4.25s
Epoch 4/300 29/48 loss: 0.8856 time 4.26s
Epoch 4/300 30/48 loss: 0.8844 time 4.25s
Epoch 4/300 31/48 loss: 0.8864 time 4.25s
Epoch 4/300 32/48 loss: 0.8865 time 4.25s
Epoch 4/300 33/48 loss: 0.8844 time 4.25s
Epoch 4/300 34/48 loss: 0.8842 time 4.26s
Epoch 4/300 35/48 loss: 0.8855 time 4.25s
Epoch 4/300 36/48 loss: 0.8842 time 4.26s
Epoch 4/300 37/48 loss: 0.8819 time 4.25s
Epoch 4/300 38/48 loss: 0.8818 time 4.25s
Epoch 4/300 39/48 loss: 0.8830 time 4.25s
Epoch 4/300 40/48 loss: 0.8842 time 4.25s
Epoch 4/300 41/48 loss: 0.8831 time 4.25s
Epoch 4/300 42/48 loss: 0.8858 time 4.26s
Epoch 4/300 43/48 loss: 0.8875 time 4.26s
Epoch 4/300 44/48 loss: 0.8895 time 4.25s
Epoch 4/300 45/48 loss: 0.8902 time 4.26s
Epoch 4/300 46/48 loss: 0.8878 time 4.25s
Epoch 4/300 47/48 loss: 0.8870 time 4.25s
Final training  4/299 loss: 0.8870 time 207.92s
Sat Aug 12 22:51:49 2023 Epoch: 5
Epoch 5/300 0/48 loss: 0.9457 time 8.64s
Epoch 5/300 1/48 loss: 0.9299 time 4.23s
Epoch 5/300 2/48 loss: 0.9452 time 4.24s
Epoch 5/300 3/48 loss: 0.9184 time 4.25s
Epoch 5/300 4/48 loss: 0.9176 time 4.25s
Epoch 5/300 5/48 loss: 0.9200 time 4.23s
Epoch 5/300 6/48 loss: 0.9216 time 4.25s
Epoch 5/300 7/48 loss: 0.9225 time 4.25s
Epoch 5/300 8/48 loss: 0.9141 time 4.25s
Epoch 5/300 9/48 loss: 0.9110 time 4.25s
Epoch 5/300 10/48 loss: 0.9048 time 4.26s
Epoch 5/300 11/48 loss: 0.9013 time 4.26s
Epoch 5/300 12/48 loss: 0.9088 time 4.26s
Epoch 5/300 13/48 loss: 0.8987 time 4.25s
Epoch 5/300 14/48 loss: 0.8962 time 4.25s
Epoch 5/300 15/48 loss: 0.8947 time 4.25s
Epoch 5/300 16/48 loss: 0.8964 time 4.25s
Epoch 5/300 17/48 loss: 0.8915 time 4.25s
Epoch 5/300 18/48 loss: 0.8892 time 4.25s
Epoch 5/300 19/48 loss: 0.8871 time 4.25s
Epoch 5/300 20/48 loss: 0.8878 time 4.25s
Epoch 5/300 21/48 loss: 0.8906 time 4.25s
Epoch 5/300 22/48 loss: 0.8944 time 4.25s
Epoch 5/300 23/48 loss: 0.8917 time 4.25s
Epoch 5/300 24/48 loss: 0.8869 time 4.25s
Epoch 5/300 25/48 loss: 0.8849 time 4.26s
Epoch 5/300 26/48 loss: 0.8858 time 4.26s
Epoch 5/300 27/48 loss: 0.8876 time 4.25s
Epoch 5/300 28/48 loss: 0.8881 time 4.26s
Epoch 5/300 29/48 loss: 0.8874 time 4.25s
Epoch 5/300 30/48 loss: 0.8844 time 4.25s
Epoch 5/300 31/48 loss: 0.8841 time 4.26s
Epoch 5/300 32/48 loss: 0.8825 time 4.25s
Epoch 5/300 33/48 loss: 0.8848 time 4.25s
Epoch 5/300 34/48 loss: 0.8863 time 4.25s
Epoch 5/300 35/48 loss: 0.8842 time 4.26s
Epoch 5/300 36/48 loss: 0.8831 time 4.25s
Epoch 5/300 37/48 loss: 0.8820 time 4.25s
Epoch 5/300 38/48 loss: 0.8790 time 4.25s
Epoch 5/300 39/48 loss: 0.8808 time 4.25s
Epoch 5/300 40/48 loss: 0.8799 time 4.25s
Epoch 5/300 41/48 loss: 0.8776 time 4.26s
Epoch 5/300 42/48 loss: 0.8792 time 4.25s
Epoch 5/300 43/48 loss: 0.8815 time 4.26s
Epoch 5/300 44/48 loss: 0.8825 time 4.25s
Epoch 5/300 45/48 loss: 0.8826 time 4.25s
Epoch 5/300 46/48 loss: 0.8842 time 4.25s
Epoch 5/300 47/48 loss: 0.8826 time 4.25s
Final training  5/299 loss: 0.8826 time 208.54s
Sat Aug 12 22:55:17 2023 Epoch: 6
Epoch 6/300 0/48 loss: 0.8582 time 10.30s
Epoch 6/300 1/48 loss: 0.8846 time 4.24s
Epoch 6/300 2/48 loss: 0.8694 time 4.23s
Epoch 6/300 3/48 loss: 0.8595 time 4.23s
Epoch 6/300 4/48 loss: 0.8540 time 4.24s
Epoch 6/300 5/48 loss: 0.8520 time 4.24s
Epoch 6/300 6/48 loss: 0.8559 time 4.25s
Epoch 6/300 7/48 loss: 0.8690 time 4.24s
Epoch 6/300 8/48 loss: 0.8756 time 4.24s
Epoch 6/300 9/48 loss: 0.8781 time 4.25s
Epoch 6/300 10/48 loss: 0.8677 time 4.24s
Epoch 6/300 11/48 loss: 0.8612 time 4.25s
Epoch 6/300 12/48 loss: 0.8537 time 4.25s
Epoch 6/300 13/48 loss: 0.8529 time 4.24s
Epoch 6/300 14/48 loss: 0.8520 time 4.24s
Epoch 6/300 15/48 loss: 0.8579 time 4.25s
Epoch 6/300 16/48 loss: 0.8616 time 4.25s
Epoch 6/300 17/48 loss: 0.8654 time 4.25s
Epoch 6/300 18/48 loss: 0.8633 time 4.25s
Epoch 6/300 19/48 loss: 0.8635 time 4.25s
Epoch 6/300 20/48 loss: 0.8689 time 4.25s
Epoch 6/300 21/48 loss: 0.8686 time 4.25s
Epoch 6/300 22/48 loss: 0.8672 time 4.25s
Epoch 6/300 23/48 loss: 0.8703 time 4.25s
Epoch 6/300 24/48 loss: 0.8668 time 4.25s
Epoch 6/300 25/48 loss: 0.8659 time 4.26s
Epoch 6/300 26/48 loss: 0.8636 time 4.26s
Epoch 6/300 27/48 loss: 0.8676 time 4.25s
Epoch 6/300 28/48 loss: 0.8687 time 4.25s
Epoch 6/300 29/48 loss: 0.8706 time 4.25s
Epoch 6/300 30/48 loss: 0.8701 time 4.25s
Epoch 6/300 31/48 loss: 0.8718 time 4.25s
Epoch 6/300 32/48 loss: 0.8740 time 4.25s
Epoch 6/300 33/48 loss: 0.8739 time 4.25s
Epoch 6/300 34/48 loss: 0.8719 time 4.25s
Epoch 6/300 35/48 loss: 0.8741 time 4.25s
Epoch 6/300 36/48 loss: 0.8751 time 4.25s
Epoch 6/300 37/48 loss: 0.8766 time 4.25s
Epoch 6/300 38/48 loss: 0.8757 time 4.25s
Epoch 6/300 39/48 loss: 0.8777 time 4.26s
Epoch 6/300 40/48 loss: 0.8778 time 4.26s
Epoch 6/300 41/48 loss: 0.8791 time 4.26s
Epoch 6/300 42/48 loss: 0.8779 time 4.25s
Epoch 6/300 43/48 loss: 0.8807 time 4.25s
Epoch 6/300 44/48 loss: 0.8829 time 4.25s
Epoch 6/300 45/48 loss: 0.8802 time 4.25s
Epoch 6/300 46/48 loss: 0.8784 time 4.25s
Epoch 6/300 47/48 loss: 0.8790 time 4.25s
Final training  6/299 loss: 0.8790 time 210.10s
Sat Aug 12 22:58:47 2023 Epoch: 7
Epoch 7/300 0/48 loss: 0.8321 time 9.49s
Epoch 7/300 1/48 loss: 0.7945 time 4.23s
Epoch 7/300 2/48 loss: 0.8432 time 4.23s
Epoch 7/300 3/48 loss: 0.8393 time 4.23s
Epoch 7/300 4/48 loss: 0.8228 time 4.25s
Epoch 7/300 5/48 loss: 0.8250 time 4.24s
Epoch 7/300 6/48 loss: 0.8155 time 4.25s
Epoch 7/300 7/48 loss: 0.8183 time 4.25s
Epoch 7/300 8/48 loss: 0.8205 time 4.25s
Epoch 7/300 9/48 loss: 0.8186 time 4.26s
Epoch 7/300 10/48 loss: 0.8283 time 4.25s
Epoch 7/300 11/48 loss: 0.8409 time 4.25s
Epoch 7/300 12/48 loss: 0.8374 time 4.25s
Epoch 7/300 13/48 loss: 0.8335 time 4.25s
Epoch 7/300 14/48 loss: 0.8379 time 4.26s
Epoch 7/300 15/48 loss: 0.8445 time 4.25s
Epoch 7/300 16/48 loss: 0.8443 time 4.25s
Epoch 7/300 17/48 loss: 0.8463 time 4.25s
Epoch 7/300 18/48 loss: 0.8521 time 4.25s
Epoch 7/300 19/48 loss: 0.8557 time 4.25s
Epoch 7/300 20/48 loss: 0.8625 time 4.25s
Epoch 7/300 21/48 loss: 0.8654 time 4.26s
Epoch 7/300 22/48 loss: 0.8672 time 4.25s
Epoch 7/300 23/48 loss: 0.8655 time 4.26s
Epoch 7/300 24/48 loss: 0.8644 time 4.26s
Epoch 7/300 25/48 loss: 0.8677 time 4.25s
Epoch 7/300 26/48 loss: 0.8677 time 4.25s
Epoch 7/300 27/48 loss: 0.8691 time 4.25s
Epoch 7/300 28/48 loss: 0.8687 time 4.25s
Epoch 7/300 29/48 loss: 0.8685 time 4.25s
Epoch 7/300 30/48 loss: 0.8680 time 4.26s
Epoch 7/300 31/48 loss: 0.8713 time 4.25s
Epoch 7/300 32/48 loss: 0.8691 time 4.25s
Epoch 7/300 33/48 loss: 0.8677 time 4.25s
Epoch 7/300 34/48 loss: 0.8685 time 4.25s
Epoch 7/300 35/48 loss: 0.8675 time 4.25s
Epoch 7/300 36/48 loss: 0.8689 time 4.25s
Epoch 7/300 37/48 loss: 0.8664 time 4.26s
Epoch 7/300 38/48 loss: 0.8681 time 4.25s
Epoch 7/300 39/48 loss: 0.8704 time 4.26s
Epoch 7/300 40/48 loss: 0.8712 time 4.26s
Epoch 7/300 41/48 loss: 0.8707 time 4.25s
Epoch 7/300 42/48 loss: 0.8721 time 4.25s
Epoch 7/300 43/48 loss: 0.8722 time 4.25s
Epoch 7/300 44/48 loss: 0.8710 time 4.25s
Epoch 7/300 45/48 loss: 0.8726 time 4.25s
Epoch 7/300 46/48 loss: 0.8748 time 4.25s
Epoch 7/300 47/48 loss: 0.8759 time 4.25s
Final training  7/299 loss: 0.8759 time 209.37s
Sat Aug 12 23:02:17 2023 Epoch: 8
Epoch 8/300 0/48 loss: 0.8276 time 9.43s
Epoch 8/300 1/48 loss: 0.8884 time 4.23s
Epoch 8/300 2/48 loss: 0.8808 time 4.23s
Epoch 8/300 3/48 loss: 0.8732 time 4.24s
Epoch 8/300 4/48 loss: 0.8799 time 4.25s
Epoch 8/300 5/48 loss: 0.8876 time 4.24s
Epoch 8/300 6/48 loss: 0.8954 time 4.25s
Epoch 8/300 7/48 loss: 0.8871 time 4.24s
Epoch 8/300 8/48 loss: 0.8814 time 4.25s
Epoch 8/300 9/48 loss: 0.8851 time 4.25s
Epoch 8/300 10/48 loss: 0.8747 time 4.25s
Epoch 8/300 11/48 loss: 0.8704 time 4.25s
Epoch 8/300 12/48 loss: 0.8744 time 4.25s
Epoch 8/300 13/48 loss: 0.8820 time 4.25s
Epoch 8/300 14/48 loss: 0.8857 time 4.25s
Epoch 8/300 15/48 loss: 0.8822 time 4.26s
Epoch 8/300 16/48 loss: 0.8808 time 4.25s
Epoch 8/300 17/48 loss: 0.8832 time 4.25s
Epoch 8/300 18/48 loss: 0.8856 time 4.25s
Epoch 8/300 19/48 loss: 0.8825 time 4.25s
Epoch 8/300 20/48 loss: 0.8831 time 4.26s
Epoch 8/300 21/48 loss: 0.8784 time 4.25s
Epoch 8/300 22/48 loss: 0.8746 time 4.26s
Epoch 8/300 23/48 loss: 0.8729 time 4.26s
Epoch 8/300 24/48 loss: 0.8731 time 4.25s
Epoch 8/300 25/48 loss: 0.8721 time 4.25s
Epoch 8/300 26/48 loss: 0.8721 time 4.25s
Epoch 8/300 27/48 loss: 0.8677 time 4.25s
Epoch 8/300 28/48 loss: 0.8703 time 4.25s
Epoch 8/300 29/48 loss: 0.8732 time 4.26s
Epoch 8/300 30/48 loss: 0.8742 time 4.25s
Epoch 8/300 31/48 loss: 0.8749 time 4.25s
Epoch 8/300 32/48 loss: 0.8779 time 4.25s
Epoch 8/300 33/48 loss: 0.8742 time 4.25s
Epoch 8/300 34/48 loss: 0.8771 time 4.25s
Epoch 8/300 35/48 loss: 0.8748 time 4.25s
Epoch 8/300 36/48 loss: 0.8744 time 4.26s
Epoch 8/300 37/48 loss: 0.8759 time 4.26s
Epoch 8/300 38/48 loss: 0.8766 time 4.25s
Epoch 8/300 39/48 loss: 0.8778 time 4.26s
Epoch 8/300 40/48 loss: 0.8758 time 4.25s
Epoch 8/300 41/48 loss: 0.8749 time 4.25s
Epoch 8/300 42/48 loss: 0.8768 time 4.25s
Epoch 8/300 43/48 loss: 0.8795 time 4.25s
Epoch 8/300 44/48 loss: 0.8767 time 4.25s
Epoch 8/300 45/48 loss: 0.8757 time 4.25s
Epoch 8/300 46/48 loss: 0.8745 time 4.27s
Epoch 8/300 47/48 loss: 0.8733 time 4.26s
Final training  8/299 loss: 0.8733 time 209.31s
Sat Aug 12 23:05:46 2023 Epoch: 9
Epoch 9/300 0/48 loss: 0.8469 time 10.07s
Epoch 9/300 1/48 loss: 0.8372 time 4.23s
Epoch 9/300 2/48 loss: 0.8067 time 4.24s
Epoch 9/300 3/48 loss: 0.8142 time 4.25s
Epoch 9/300 4/48 loss: 0.8387 time 4.24s
Epoch 9/300 5/48 loss: 0.8442 time 4.25s
Epoch 9/300 6/48 loss: 0.8411 time 4.25s
Epoch 9/300 7/48 loss: 0.8394 time 4.25s
Epoch 9/300 8/48 loss: 0.8343 time 4.25s
Epoch 9/300 9/48 loss: 0.8405 time 4.25s
Epoch 9/300 10/48 loss: 0.8485 time 4.25s
Epoch 9/300 11/48 loss: 0.8458 time 4.25s
Epoch 9/300 12/48 loss: 0.8512 time 4.25s
Epoch 9/300 13/48 loss: 0.8486 time 4.25s
Epoch 9/300 14/48 loss: 0.8574 time 4.25s
Epoch 9/300 15/48 loss: 0.8530 time 4.25s
Epoch 9/300 16/48 loss: 0.8560 time 4.25s
Epoch 9/300 17/48 loss: 0.8545 time 4.25s
Epoch 9/300 18/48 loss: 0.8608 time 4.25s
Epoch 9/300 19/48 loss: 0.8643 time 4.26s
Epoch 9/300 20/48 loss: 0.8589 time 4.26s
Epoch 9/300 21/48 loss: 0.8538 time 4.26s
Epoch 9/300 22/48 loss: 0.8527 time 4.26s
Epoch 9/300 23/48 loss: 0.8525 time 4.25s
Epoch 9/300 24/48 loss: 0.8567 time 4.25s
Epoch 9/300 25/48 loss: 0.8552 time 4.25s
Epoch 9/300 26/48 loss: 0.8566 time 4.25s
Epoch 9/300 27/48 loss: 0.8590 time 4.25s
Epoch 9/300 28/48 loss: 0.8612 time 4.25s
Epoch 9/300 29/48 loss: 0.8612 time 4.25s
Epoch 9/300 30/48 loss: 0.8584 time 4.25s
Epoch 9/300 31/48 loss: 0.8609 time 4.25s
Epoch 9/300 32/48 loss: 0.8628 time 4.25s
Epoch 9/300 33/48 loss: 0.8640 time 4.25s
Epoch 9/300 34/48 loss: 0.8638 time 4.25s
Epoch 9/300 35/48 loss: 0.8641 time 4.26s
Epoch 9/300 36/48 loss: 0.8662 time 4.26s
Epoch 9/300 37/48 loss: 0.8676 time 4.25s
Epoch 9/300 38/48 loss: 0.8697 time 4.25s
Epoch 9/300 39/48 loss: 0.8724 time 4.25s
Epoch 9/300 40/48 loss: 0.8754 time 4.25s
Epoch 9/300 41/48 loss: 0.8761 time 4.25s
Epoch 9/300 42/48 loss: 0.8779 time 4.25s
Epoch 9/300 43/48 loss: 0.8754 time 4.25s
Epoch 9/300 44/48 loss: 0.8735 time 4.25s
Epoch 9/300 45/48 loss: 0.8730 time 4.25s
Epoch 9/300 46/48 loss: 0.8719 time 4.25s
Epoch 9/300 47/48 loss: 0.8711 time 4.25s
Final training  9/299 loss: 0.8711 time 209.95s
Sat Aug 12 23:09:16 2023 Epoch: 10
Epoch 10/300 0/48 loss: 0.9417 time 10.74s
Epoch 10/300 1/48 loss: 0.9216 time 4.24s
Epoch 10/300 2/48 loss: 0.8857 time 4.24s
Epoch 10/300 3/48 loss: 0.8755 time 4.24s
Epoch 10/300 4/48 loss: 0.8583 time 4.23s
Epoch 10/300 5/48 loss: 0.8658 time 4.25s
Epoch 10/300 6/48 loss: 0.8775 time 4.23s
Epoch 10/300 7/48 loss: 0.8644 time 4.25s
Epoch 10/300 8/48 loss: 0.8562 time 4.25s
Epoch 10/300 9/48 loss: 0.8523 time 4.25s
Epoch 10/300 10/48 loss: 0.8538 time 4.25s
Epoch 10/300 11/48 loss: 0.8512 time 4.25s
Epoch 10/300 12/48 loss: 0.8482 time 4.25s
Epoch 10/300 13/48 loss: 0.8409 time 4.25s
Epoch 10/300 14/48 loss: 0.8472 time 4.25s
Epoch 10/300 15/48 loss: 0.8458 time 4.25s
Epoch 10/300 16/48 loss: 0.8420 time 4.25s
Epoch 10/300 17/48 loss: 0.8406 time 4.25s
Epoch 10/300 18/48 loss: 0.8477 time 4.24s
Epoch 10/300 19/48 loss: 0.8436 time 4.26s
Epoch 10/300 20/48 loss: 0.8472 time 4.25s
Epoch 10/300 21/48 loss: 0.8505 time 4.25s
Epoch 10/300 22/48 loss: 0.8535 time 4.25s
Epoch 10/300 23/48 loss: 0.8551 time 4.25s
Epoch 10/300 24/48 loss: 0.8551 time 4.25s
Epoch 10/300 25/48 loss: 0.8558 time 4.25s
Epoch 10/300 26/48 loss: 0.8575 time 4.25s
Epoch 10/300 27/48 loss: 0.8573 time 4.25s
Epoch 10/300 28/48 loss: 0.8601 time 4.25s
Epoch 10/300 29/48 loss: 0.8622 time 4.25s
Epoch 10/300 30/48 loss: 0.8639 time 4.25s
Epoch 10/300 31/48 loss: 0.8633 time 4.25s
Epoch 10/300 32/48 loss: 0.8624 time 4.26s
Epoch 10/300 33/48 loss: 0.8623 time 4.26s
Epoch 10/300 34/48 loss: 0.8655 time 4.25s
Epoch 10/300 35/48 loss: 0.8672 time 4.26s
Epoch 10/300 36/48 loss: 0.8662 time 4.25s
Epoch 10/300 37/48 loss: 0.8629 time 4.25s
Epoch 10/300 38/48 loss: 0.8659 time 4.25s
Epoch 10/300 39/48 loss: 0.8681 time 4.25s
Epoch 10/300 40/48 loss: 0.8713 time 4.25s
Epoch 10/300 41/48 loss: 0.8700 time 4.25s
Epoch 10/300 42/48 loss: 0.8705 time 4.25s
Epoch 10/300 43/48 loss: 0.8677 time 4.25s
Epoch 10/300 44/48 loss: 0.8668 time 4.25s
Epoch 10/300 45/48 loss: 0.8658 time 4.25s
Epoch 10/300 46/48 loss: 0.8672 time 4.25s
Epoch 10/300 47/48 loss: 0.8691 time 4.25s
Final training  10/299 loss: 0.8691 time 210.58s
Sat Aug 12 23:12:47 2023 Epoch: 11
Epoch 11/300 0/48 loss: 0.8419 time 8.87s
Epoch 11/300 1/48 loss: 0.8370 time 4.24s
Epoch 11/300 2/48 loss: 0.8585 time 4.24s
Epoch 11/300 3/48 loss: 0.8738 time 4.23s
Epoch 11/300 4/48 loss: 0.8828 time 4.24s
Epoch 11/300 5/48 loss: 0.8667 time 4.25s
Epoch 11/300 6/48 loss: 0.8757 time 4.23s
Epoch 11/300 7/48 loss: 0.8734 time 4.25s
Epoch 11/300 8/48 loss: 0.8733 time 4.25s
Epoch 11/300 9/48 loss: 0.8686 time 4.25s
Epoch 11/300 10/48 loss: 0.8567 time 4.24s
Epoch 11/300 11/48 loss: 0.8685 time 4.24s
Epoch 11/300 12/48 loss: 0.8751 time 4.24s
Epoch 11/300 13/48 loss: 0.8796 time 4.25s
Epoch 11/300 14/48 loss: 0.8759 time 4.25s
Epoch 11/300 15/48 loss: 0.8692 time 4.26s
Epoch 11/300 16/48 loss: 0.8705 time 4.24s
Epoch 11/300 17/48 loss: 0.8671 time 4.26s
Epoch 11/300 18/48 loss: 0.8663 time 4.26s
Epoch 11/300 19/48 loss: 0.8701 time 4.25s
Epoch 11/300 20/48 loss: 0.8649 time 4.25s
Epoch 11/300 21/48 loss: 0.8671 time 4.24s
Epoch 11/300 22/48 loss: 0.8693 time 4.24s
Epoch 11/300 23/48 loss: 0.8658 time 4.25s
Epoch 11/300 24/48 loss: 0.8681 time 4.25s
Epoch 11/300 25/48 loss: 0.8671 time 4.25s
Epoch 11/300 26/48 loss: 0.8710 time 4.25s
Epoch 11/300 27/48 loss: 0.8720 time 4.25s
Epoch 11/300 28/48 loss: 0.8676 time 4.25s
Epoch 11/300 29/48 loss: 0.8633 time 4.25s
Epoch 11/300 30/48 loss: 0.8669 time 4.25s
Epoch 11/300 31/48 loss: 0.8659 time 4.26s
Epoch 11/300 32/48 loss: 0.8680 time 4.26s
Epoch 11/300 33/48 loss: 0.8674 time 4.25s
Epoch 11/300 34/48 loss: 0.8659 time 4.26s
Epoch 11/300 35/48 loss: 0.8684 time 4.25s
Epoch 11/300 36/48 loss: 0.8683 time 4.25s
Epoch 11/300 37/48 loss: 0.8668 time 4.25s
Epoch 11/300 38/48 loss: 0.8645 time 4.25s
Epoch 11/300 39/48 loss: 0.8674 time 4.25s
Epoch 11/300 40/48 loss: 0.8661 time 4.25s
Epoch 11/300 41/48 loss: 0.8650 time 4.25s
Epoch 11/300 42/48 loss: 0.8658 time 4.25s
Epoch 11/300 43/48 loss: 0.8671 time 4.25s
Epoch 11/300 44/48 loss: 0.8677 time 4.25s
Epoch 11/300 45/48 loss: 0.8665 time 4.25s
Epoch 11/300 46/48 loss: 0.8655 time 4.26s
Epoch 11/300 47/48 loss: 0.8672 time 4.25s
Final training  11/299 loss: 0.8672 time 208.65s
Sat Aug 12 23:16:15 2023 Epoch: 12
Epoch 12/300 0/48 loss: 0.8994 time 11.05s
Epoch 12/300 1/48 loss: 0.8736 time 4.23s
Epoch 12/300 2/48 loss: 0.8529 time 4.24s
Epoch 12/300 3/48 loss: 0.8828 time 4.23s
Epoch 12/300 4/48 loss: 0.8546 time 4.23s
Epoch 12/300 5/48 loss: 0.8547 time 4.23s
Epoch 12/300 6/48 loss: 0.8642 time 4.23s
Epoch 12/300 7/48 loss: 0.8718 time 4.24s
Epoch 12/300 8/48 loss: 0.8770 time 4.24s
Epoch 12/300 9/48 loss: 0.8839 time 4.23s
Epoch 12/300 10/48 loss: 0.8822 time 4.38s
Epoch 12/300 11/48 loss: 0.8835 time 4.25s
Epoch 12/300 12/48 loss: 0.8802 time 4.25s
Epoch 12/300 13/48 loss: 0.8749 time 4.24s
Epoch 12/300 14/48 loss: 0.8708 time 4.25s
Epoch 12/300 15/48 loss: 0.8738 time 4.24s
Epoch 12/300 16/48 loss: 0.8712 time 4.24s
Epoch 12/300 17/48 loss: 0.8663 time 4.25s
Epoch 12/300 18/48 loss: 0.8619 time 4.25s
Epoch 12/300 19/48 loss: 0.8567 time 4.25s
Epoch 12/300 20/48 loss: 0.8507 time 4.25s
Epoch 12/300 21/48 loss: 0.8494 time 4.25s
Epoch 12/300 22/48 loss: 0.8513 time 4.25s
Epoch 12/300 23/48 loss: 0.8499 time 4.25s
Epoch 12/300 24/48 loss: 0.8518 time 4.25s
Epoch 12/300 25/48 loss: 0.8506 time 4.25s
Epoch 12/300 26/48 loss: 0.8545 time 4.25s
Epoch 12/300 27/48 loss: 0.8567 time 4.25s
Epoch 12/300 28/48 loss: 0.8565 time 4.25s
Epoch 12/300 29/48 loss: 0.8560 time 4.26s
Epoch 12/300 30/48 loss: 0.8531 time 4.24s
Epoch 12/300 31/48 loss: 0.8549 time 4.26s
Epoch 12/300 32/48 loss: 0.8534 time 4.26s
Epoch 12/300 33/48 loss: 0.8522 time 4.25s
Epoch 12/300 34/48 loss: 0.8564 time 4.25s
Epoch 12/300 35/48 loss: 0.8557 time 4.25s
Epoch 12/300 36/48 loss: 0.8547 time 4.25s
Epoch 12/300 37/48 loss: 0.8580 time 4.25s
Epoch 12/300 38/48 loss: 0.8601 time 4.25s
Epoch 12/300 39/48 loss: 0.8608 time 4.25s
Epoch 12/300 40/48 loss: 0.8587 time 4.25s
Epoch 12/300 41/48 loss: 0.8605 time 4.25s
Epoch 12/300 42/48 loss: 0.8632 time 4.26s
Epoch 12/300 43/48 loss: 0.8603 time 4.25s
Epoch 12/300 44/48 loss: 0.8620 time 4.25s
Epoch 12/300 45/48 loss: 0.8634 time 4.25s
Epoch 12/300 46/48 loss: 0.8653 time 4.25s
Epoch 12/300 47/48 loss: 0.8654 time 4.26s
Final training  12/299 loss: 0.8654 time 210.90s
Sat Aug 12 23:19:46 2023 Epoch: 13
Epoch 13/300 0/48 loss: 0.9201 time 8.76s
Epoch 13/300 1/48 loss: 0.9281 time 4.23s
Epoch 13/300 2/48 loss: 0.9365 time 4.23s
Epoch 13/300 3/48 loss: 0.9317 time 4.23s
Epoch 13/300 4/48 loss: 0.9250 time 4.25s
Epoch 13/300 5/48 loss: 0.9235 time 4.24s
Epoch 13/300 6/48 loss: 0.8959 time 4.23s
Epoch 13/300 7/48 loss: 0.8886 time 4.25s
Epoch 13/300 8/48 loss: 0.8792 time 4.25s
Epoch 13/300 9/48 loss: 0.8650 time 4.25s
Epoch 13/300 10/48 loss: 0.8753 time 4.25s
Epoch 13/300 11/48 loss: 0.8715 time 4.24s
Epoch 13/300 12/48 loss: 0.8792 time 4.25s
Epoch 13/300 13/48 loss: 0.8692 time 4.24s
Epoch 13/300 14/48 loss: 0.8666 time 4.26s
Epoch 13/300 15/48 loss: 0.8658 time 4.25s
Epoch 13/300 16/48 loss: 0.8694 time 4.25s
Epoch 13/300 17/48 loss: 0.8741 time 4.25s
Epoch 13/300 18/48 loss: 0.8723 time 4.25s
Epoch 13/300 19/48 loss: 0.8674 time 4.25s
Epoch 13/300 20/48 loss: 0.8666 time 4.25s
Epoch 13/300 21/48 loss: 0.8615 time 4.25s
Epoch 13/300 22/48 loss: 0.8592 time 4.25s
Epoch 13/300 23/48 loss: 0.8619 time 4.25s
Epoch 13/300 24/48 loss: 0.8587 time 4.25s
Epoch 13/300 25/48 loss: 0.8640 time 4.25s
Epoch 13/300 26/48 loss: 0.8653 time 4.25s
Epoch 13/300 27/48 loss: 0.8636 time 4.25s
Epoch 13/300 28/48 loss: 0.8618 time 4.26s
Epoch 13/300 29/48 loss: 0.8603 time 4.26s
Epoch 13/300 30/48 loss: 0.8640 time 4.26s
Epoch 13/300 31/48 loss: 0.8608 time 4.26s
Epoch 13/300 32/48 loss: 0.8594 time 4.25s
Epoch 13/300 33/48 loss: 0.8590 time 4.25s
Epoch 13/300 34/48 loss: 0.8593 time 4.25s
Epoch 13/300 35/48 loss: 0.8578 time 4.25s
Epoch 13/300 36/48 loss: 0.8600 time 4.25s
Epoch 13/300 37/48 loss: 0.8608 time 4.25s
Epoch 13/300 38/48 loss: 0.8617 time 4.25s
Epoch 13/300 39/48 loss: 0.8635 time 4.25s
Epoch 13/300 40/48 loss: 0.8621 time 4.25s
Epoch 13/300 41/48 loss: 0.8611 time 4.25s
Epoch 13/300 42/48 loss: 0.8623 time 4.25s
Epoch 13/300 43/48 loss: 0.8634 time 4.26s
Epoch 13/300 44/48 loss: 0.8640 time 4.26s
Epoch 13/300 45/48 loss: 0.8657 time 4.25s
Epoch 13/300 46/48 loss: 0.8656 time 4.26s
Epoch 13/300 47/48 loss: 0.8638 time 4.25s
Final training  13/299 loss: 0.8638 time 208.60s
Sat Aug 12 23:23:15 2023 Epoch: 14
Epoch 14/300 0/48 loss: 0.9721 time 9.27s
Epoch 14/300 1/48 loss: 0.8935 time 4.23s
Epoch 14/300 2/48 loss: 0.8723 time 4.23s
Epoch 14/300 3/48 loss: 0.8589 time 4.23s
Epoch 14/300 4/48 loss: 0.8736 time 4.24s
Epoch 14/300 5/48 loss: 0.8838 time 4.23s
Epoch 14/300 6/48 loss: 0.8678 time 4.25s
Epoch 14/300 7/48 loss: 0.8739 time 4.23s
Epoch 14/300 8/48 loss: 0.8584 time 4.23s
Epoch 14/300 9/48 loss: 0.8622 time 4.25s
Epoch 14/300 10/48 loss: 0.8529 time 4.26s
Epoch 14/300 11/48 loss: 0.8491 time 4.26s
Epoch 14/300 12/48 loss: 0.8506 time 4.26s
Epoch 14/300 13/48 loss: 0.8532 time 4.26s
Epoch 14/300 14/48 loss: 0.8537 time 4.25s
Epoch 14/300 15/48 loss: 0.8628 time 4.25s
Epoch 14/300 16/48 loss: 0.8578 time 4.25s
Epoch 14/300 17/48 loss: 0.8632 time 4.25s
Epoch 14/300 18/48 loss: 0.8659 time 4.25s
Epoch 14/300 19/48 loss: 0.8634 time 4.25s
Epoch 14/300 20/48 loss: 0.8662 time 4.25s
Epoch 14/300 21/48 loss: 0.8711 time 4.25s
Epoch 14/300 22/48 loss: 0.8648 time 4.25s
Epoch 14/300 23/48 loss: 0.8624 time 4.25s
Epoch 14/300 24/48 loss: 0.8619 time 4.25s
Epoch 14/300 25/48 loss: 0.8613 time 4.26s
Epoch 14/300 26/48 loss: 0.8626 time 4.26s
Epoch 14/300 27/48 loss: 0.8667 time 4.25s
Epoch 14/300 28/48 loss: 0.8688 time 4.26s
Epoch 14/300 29/48 loss: 0.8697 time 4.25s
Epoch 14/300 30/48 loss: 0.8724 time 4.25s
Epoch 14/300 31/48 loss: 0.8735 time 4.25s
Epoch 14/300 32/48 loss: 0.8706 time 4.25s
Epoch 14/300 33/48 loss: 0.8694 time 4.25s
Epoch 14/300 34/48 loss: 0.8678 time 4.25s
Epoch 14/300 35/48 loss: 0.8691 time 4.25s
Epoch 14/300 36/48 loss: 0.8711 time 4.25s
Epoch 14/300 37/48 loss: 0.8704 time 4.25s
Epoch 14/300 38/48 loss: 0.8708 time 4.25s
Epoch 14/300 39/48 loss: 0.8720 time 4.25s
Epoch 14/300 40/48 loss: 0.8712 time 4.24s
Epoch 14/300 41/48 loss: 0.8703 time 4.26s
Epoch 14/300 42/48 loss: 0.8687 time 4.26s
Epoch 14/300 43/48 loss: 0.8673 time 4.26s
Epoch 14/300 44/48 loss: 0.8658 time 4.26s
Epoch 14/300 45/48 loss: 0.8629 time 4.25s
Epoch 14/300 46/48 loss: 0.8605 time 4.25s
Epoch 14/300 47/48 loss: 0.8621 time 4.25s
Final training  14/299 loss: 0.8621 time 209.10s
Sat Aug 12 23:26:44 2023 Epoch: 15
Epoch 15/300 0/48 loss: 0.7322 time 9.15s
Epoch 15/300 1/48 loss: 0.8203 time 4.24s
Epoch 15/300 2/48 loss: 0.8708 time 4.24s
Epoch 15/300 3/48 loss: 0.8453 time 4.25s
Epoch 15/300 4/48 loss: 0.8389 time 4.24s
Epoch 15/300 5/48 loss: 0.8284 time 4.25s
Epoch 15/300 6/48 loss: 0.8492 time 4.25s
Epoch 15/300 7/48 loss: 0.8483 time 4.25s
Epoch 15/300 8/48 loss: 0.8503 time 4.26s
Epoch 15/300 9/48 loss: 0.8480 time 4.24s
Epoch 15/300 10/48 loss: 0.8552 time 4.25s
Epoch 15/300 11/48 loss: 0.8547 time 4.26s
Epoch 15/300 12/48 loss: 0.8465 time 4.25s
Epoch 15/300 13/48 loss: 0.8431 time 4.25s
Epoch 15/300 14/48 loss: 0.8461 time 4.25s
Epoch 15/300 15/48 loss: 0.8435 time 4.25s
Epoch 15/300 16/48 loss: 0.8479 time 4.25s
Epoch 15/300 17/48 loss: 0.8529 time 4.25s
Epoch 15/300 18/48 loss: 0.8516 time 4.25s
Epoch 15/300 19/48 loss: 0.8538 time 4.26s
Epoch 15/300 20/48 loss: 0.8597 time 4.25s
Epoch 15/300 21/48 loss: 0.8575 time 4.25s
Epoch 15/300 22/48 loss: 0.8609 time 4.25s
Epoch 15/300 23/48 loss: 0.8623 time 4.25s
Epoch 15/300 24/48 loss: 0.8643 time 4.25s
Epoch 15/300 25/48 loss: 0.8677 time 4.26s
Epoch 15/300 26/48 loss: 0.8658 time 4.25s
Epoch 15/300 27/48 loss: 0.8675 time 4.26s
Epoch 15/300 28/48 loss: 0.8721 time 4.25s
Epoch 15/300 29/48 loss: 0.8725 time 4.25s
Epoch 15/300 30/48 loss: 0.8716 time 4.25s
Epoch 15/300 31/48 loss: 0.8698 time 4.25s
Epoch 15/300 32/48 loss: 0.8678 time 4.25s
Epoch 15/300 33/48 loss: 0.8700 time 4.25s
Epoch 15/300 34/48 loss: 0.8715 time 4.25s
Epoch 15/300 35/48 loss: 0.8676 time 4.25s
Epoch 15/300 36/48 loss: 0.8658 time 4.25s
Epoch 15/300 37/48 loss: 0.8671 time 4.25s
Epoch 15/300 38/48 loss: 0.8634 time 4.25s
Epoch 15/300 39/48 loss: 0.8650 time 4.25s
Epoch 15/300 40/48 loss: 0.8657 time 4.25s
Epoch 15/300 41/48 loss: 0.8678 time 4.26s
Epoch 15/300 42/48 loss: 0.8652 time 4.26s
Epoch 15/300 43/48 loss: 0.8645 time 4.26s
Epoch 15/300 44/48 loss: 0.8631 time 4.26s
Epoch 15/300 45/48 loss: 0.8630 time 4.24s
Epoch 15/300 46/48 loss: 0.8611 time 4.25s
Epoch 15/300 47/48 loss: 0.8606 time 4.25s
Final training  15/299 loss: 0.8606 time 209.04s
Sat Aug 12 23:30:13 2023 Epoch: 16
Epoch 16/300 0/48 loss: 0.7482 time 12.60s
Epoch 16/300 1/48 loss: 0.8209 time 4.23s
Epoch 16/300 2/48 loss: 0.8730 time 4.23s
Epoch 16/300 3/48 loss: 0.8375 time 4.23s
Epoch 16/300 4/48 loss: 0.8431 time 4.23s
Epoch 16/300 5/48 loss: 0.8417 time 4.23s
Epoch 16/300 6/48 loss: 0.8482 time 4.24s
Epoch 16/300 7/48 loss: 0.8436 time 4.24s
Epoch 16/300 8/48 loss: 0.8533 time 4.24s
Epoch 16/300 9/48 loss: 0.8631 time 4.24s
Epoch 16/300 10/48 loss: 0.8574 time 4.25s
Epoch 16/300 11/48 loss: 0.8563 time 4.25s
Epoch 16/300 12/48 loss: 0.8538 time 4.25s
Epoch 16/300 13/48 loss: 0.8624 time 4.25s
Epoch 16/300 14/48 loss: 0.8528 time 4.25s
Epoch 16/300 15/48 loss: 0.8562 time 4.25s
Epoch 16/300 16/48 loss: 0.8563 time 4.25s
Epoch 16/300 17/48 loss: 0.8642 time 4.25s
Epoch 16/300 18/48 loss: 0.8669 time 4.25s
Epoch 16/300 19/48 loss: 0.8693 time 4.25s
Epoch 16/300 20/48 loss: 0.8661 time 4.25s
Epoch 16/300 21/48 loss: 0.8682 time 4.26s
Epoch 16/300 22/48 loss: 0.8640 time 4.26s
Epoch 16/300 23/48 loss: 0.8612 time 4.26s
Epoch 16/300 24/48 loss: 0.8621 time 4.26s
Epoch 16/300 25/48 loss: 0.8663 time 4.26s
Epoch 16/300 26/48 loss: 0.8653 time 4.25s
Epoch 16/300 27/48 loss: 0.8673 time 4.25s
Epoch 16/300 28/48 loss: 0.8659 time 4.25s
Epoch 16/300 29/48 loss: 0.8638 time 4.25s
Epoch 16/300 30/48 loss: 0.8606 time 4.25s
Epoch 16/300 31/48 loss: 0.8597 time 4.25s
Epoch 16/300 32/48 loss: 0.8619 time 4.25s
Epoch 16/300 33/48 loss: 0.8643 time 4.25s
Epoch 16/300 34/48 loss: 0.8628 time 4.25s
Epoch 16/300 35/48 loss: 0.8614 time 4.25s
Epoch 16/300 36/48 loss: 0.8578 time 4.25s
Epoch 16/300 37/48 loss: 0.8555 time 4.26s
Epoch 16/300 38/48 loss: 0.8565 time 4.25s
Epoch 16/300 39/48 loss: 0.8540 time 4.26s
Epoch 16/300 40/48 loss: 0.8560 time 4.26s
Epoch 16/300 41/48 loss: 0.8569 time 4.26s
Epoch 16/300 42/48 loss: 0.8591 time 4.25s
Epoch 16/300 43/48 loss: 0.8588 time 4.25s
Epoch 16/300 44/48 loss: 0.8603 time 4.25s
Epoch 16/300 45/48 loss: 0.8614 time 4.25s
Epoch 16/300 46/48 loss: 0.8602 time 4.25s
Epoch 16/300 47/48 loss: 0.8591 time 4.25s
Final training  16/299 loss: 0.8591 time 212.38s
Sat Aug 12 23:33:45 2023 Epoch: 17
Epoch 17/300 0/48 loss: 0.7171 time 10.85s
Epoch 17/300 1/48 loss: 0.7747 time 4.23s
Epoch 17/300 2/48 loss: 0.8494 time 4.23s
Epoch 17/300 3/48 loss: 0.8190 time 4.23s
Epoch 17/300 4/48 loss: 0.8319 time 4.23s
Epoch 17/300 5/48 loss: 0.8282 time 4.24s
Epoch 17/300 6/48 loss: 0.8486 time 4.24s
Epoch 17/300 7/48 loss: 0.8436 time 4.24s
Epoch 17/300 8/48 loss: 0.8390 time 4.25s
Epoch 17/300 9/48 loss: 0.8502 time 4.24s
Epoch 17/300 10/48 loss: 0.8467 time 4.25s
Epoch 17/300 11/48 loss: 0.8450 time 4.25s
Epoch 17/300 12/48 loss: 0.8496 time 4.25s
Epoch 17/300 13/48 loss: 0.8541 time 4.25s
Epoch 17/300 14/48 loss: 0.8579 time 4.26s
Epoch 17/300 15/48 loss: 0.8542 time 4.25s
Epoch 17/300 16/48 loss: 0.8515 time 4.25s
Epoch 17/300 17/48 loss: 0.8500 time 4.25s
Epoch 17/300 18/48 loss: 0.8537 time 4.25s
Epoch 17/300 19/48 loss: 0.8539 time 4.25s
Epoch 17/300 20/48 loss: 0.8543 time 4.25s
Epoch 17/300 21/48 loss: 0.8560 time 4.26s
Epoch 17/300 22/48 loss: 0.8585 time 4.26s
Epoch 17/300 23/48 loss: 0.8633 time 4.25s
Epoch 17/300 24/48 loss: 0.8579 time 4.25s
Epoch 17/300 25/48 loss: 0.8544 time 4.25s
Epoch 17/300 26/48 loss: 0.8503 time 4.25s
Epoch 17/300 27/48 loss: 0.8534 time 4.25s
Epoch 17/300 28/48 loss: 0.8565 time 4.25s
Epoch 17/300 29/48 loss: 0.8574 time 4.25s
Epoch 17/300 30/48 loss: 0.8544 time 4.25s
Epoch 17/300 31/48 loss: 0.8525 time 4.25s
Epoch 17/300 32/48 loss: 0.8518 time 4.25s
Epoch 17/300 33/48 loss: 0.8547 time 4.25s
Epoch 17/300 34/48 loss: 0.8523 time 4.25s
Epoch 17/300 35/48 loss: 0.8509 time 4.26s
Epoch 17/300 36/48 loss: 0.8482 time 4.25s
Epoch 17/300 37/48 loss: 0.8502 time 4.26s
Epoch 17/300 38/48 loss: 0.8534 time 4.26s
Epoch 17/300 39/48 loss: 0.8553 time 4.26s
Epoch 17/300 40/48 loss: 0.8550 time 4.25s
Epoch 17/300 41/48 loss: 0.8537 time 4.25s
Epoch 17/300 42/48 loss: 0.8534 time 4.25s
Epoch 17/300 43/48 loss: 0.8543 time 4.25s
Epoch 17/300 44/48 loss: 0.8552 time 4.25s
Epoch 17/300 45/48 loss: 0.8565 time 4.25s
Epoch 17/300 46/48 loss: 0.8560 time 4.25s
Epoch 17/300 47/48 loss: 0.8576 time 4.25s
Final training  17/299 loss: 0.8576 time 210.67s
Sat Aug 12 23:37:16 2023 Epoch: 18
Epoch 18/300 0/48 loss: 0.9765 time 8.71s
Epoch 18/300 1/48 loss: 0.9876 time 4.23s
Epoch 18/300 2/48 loss: 0.9368 time 4.24s
Epoch 18/300 3/48 loss: 0.8948 time 4.25s
Epoch 18/300 4/48 loss: 0.9022 time 4.24s
Epoch 18/300 5/48 loss: 0.8988 time 4.24s
Epoch 18/300 6/48 loss: 0.8801 time 4.25s
Epoch 18/300 7/48 loss: 0.8817 time 4.25s
Epoch 18/300 8/48 loss: 0.8726 time 4.25s
Epoch 18/300 9/48 loss: 0.8764 time 4.25s
Epoch 18/300 10/48 loss: 0.8794 time 4.25s
Epoch 18/300 11/48 loss: 0.8763 time 4.25s
Epoch 18/300 12/48 loss: 0.8770 time 4.25s
Epoch 18/300 13/48 loss: 0.8759 time 4.25s
Epoch 18/300 14/48 loss: 0.8713 time 4.25s
Epoch 18/300 15/48 loss: 0.8694 time 4.25s
Epoch 18/300 16/48 loss: 0.8730 time 4.25s
Epoch 18/300 17/48 loss: 0.8641 time 4.25s
Epoch 18/300 18/48 loss: 0.8636 time 4.25s
Epoch 18/300 19/48 loss: 0.8649 time 4.26s
Epoch 18/300 20/48 loss: 0.8621 time 4.26s
Epoch 18/300 21/48 loss: 0.8634 time 4.26s
Epoch 18/300 22/48 loss: 0.8590 time 4.26s
Epoch 18/300 23/48 loss: 0.8613 time 4.25s
Epoch 18/300 24/48 loss: 0.8649 time 4.25s
Epoch 18/300 25/48 loss: 0.8682 time 4.25s
Epoch 18/300 26/48 loss: 0.8665 time 4.25s
Epoch 18/300 27/48 loss: 0.8650 time 4.25s
Epoch 18/300 28/48 loss: 0.8601 time 4.25s
Epoch 18/300 29/48 loss: 0.8618 time 4.26s
Epoch 18/300 30/48 loss: 0.8601 time 4.25s
Epoch 18/300 31/48 loss: 0.8625 time 4.25s
Epoch 18/300 32/48 loss: 0.8642 time 4.25s
Epoch 18/300 33/48 loss: 0.8632 time 4.25s
Epoch 18/300 34/48 loss: 0.8623 time 4.25s
Epoch 18/300 35/48 loss: 0.8634 time 4.26s
Epoch 18/300 36/48 loss: 0.8597 time 4.25s
Epoch 18/300 37/48 loss: 0.8580 time 4.26s
Epoch 18/300 38/48 loss: 0.8564 time 4.25s
Epoch 18/300 39/48 loss: 0.8550 time 4.25s
Epoch 18/300 40/48 loss: 0.8578 time 4.25s
Epoch 18/300 41/48 loss: 0.8565 time 4.25s
Epoch 18/300 42/48 loss: 0.8585 time 4.25s
Epoch 18/300 43/48 loss: 0.8559 time 4.25s
Epoch 18/300 44/48 loss: 0.8535 time 4.25s
Epoch 18/300 45/48 loss: 0.8521 time 4.25s
Epoch 18/300 46/48 loss: 0.8547 time 4.25s
Epoch 18/300 47/48 loss: 0.8561 time 4.25s
Final training  18/299 loss: 0.8561 time 208.60s
Sat Aug 12 23:40:45 2023 Epoch: 19
