None

        optimizer = torch.optim.AdamW(model.parameters(), lr=1e-5, weight_decay=1e-5)
        scheduler = torch.optim.lr_scheduler.CosineAnnealingLR(optimizer, T_max=max_epochs)



        max_epoch = 300
        validation = 60

    
MONAI version: 1.2.0rc7+9.g84940298
Numpy version: 1.24.2
Pytorch version: 1.13.1
MONAI flags: HAS_EXT = False, USE_COMPILED = False, USE_META_DICT = False
MONAI rev id: 84940298bff9ff1f54845eb8ae7422c0092c09c1
MONAI __file__: /home/guest185/hackathon_38/lib/python3.8/site-packages/monai/__init__.py

Optional dependencies:
Pytorch Ignite version: 0.4.2
ITK version: NOT INSTALLED or UNKNOWN VERSION.
Nibabel version: 5.1.0
scikit-image version: 0.19.3
Pillow version: 9.5.0
Tensorboard version: 2.13.0
gdown version: 4.7.1
TorchVision version: 0.14.1
tqdm version: 4.65.0
lmdb version: 1.2.1
psutil version: 5.9.4
pandas version: 1.5.3
einops version: 0.6.1
transformers version: 4.21.3
mlflow version: NOT INSTALLED or UNKNOWN VERSION.
pynrrd version: 1.0.0

For details about installing the optional dependencies, please visit:
    https://docs.monai.io/en/latest/installation.html#installing-the-recommended-dependencies

/tmp/tmpx9izain5
image shape: (240, 240, 155), label shape: (240, 240, 155)
Sun Aug 13 07:42:05 2023 Epoch: 0
In the future `np.bool` will be defined as the corresponding NumPy scalar.
In the future `np.bool` will be defined as the corresponding NumPy scalar.
In the future `np.bool` will be defined as the corresponding NumPy scalar.
In the future `np.bool` will be defined as the corresponding NumPy scalar.
monai.transforms.io.dictionary LoadImaged.__init__:image_only: Current default value of argument `image_only=False` has been deprecated since version 1.1. It will be changed to `image_only=True` in version 1.3.
In the future `np.bool` will be defined as the corresponding NumPy scalar.
In the future `np.bool` will be defined as the corresponding NumPy scalar.
Epoch 0/300 0/48 loss: 0.8989 time 28.90s
Epoch 0/300 1/48 loss: 0.9058 time 4.26s
Epoch 0/300 2/48 loss: 0.9079 time 4.57s
Epoch 0/300 3/48 loss: 0.9004 time 4.18s
Epoch 0/300 4/48 loss: 0.9067 time 4.19s
Epoch 0/300 5/48 loss: 0.9202 time 4.19s
Epoch 0/300 6/48 loss: 0.9275 time 4.19s
Epoch 0/300 7/48 loss: 0.9330 time 4.20s
Epoch 0/300 8/48 loss: 0.9299 time 4.21s
Epoch 0/300 9/48 loss: 0.9348 time 4.22s
Epoch 0/300 10/48 loss: 0.9367 time 4.23s
Epoch 0/300 11/48 loss: 0.9339 time 4.21s
Epoch 0/300 12/48 loss: 0.9254 time 4.24s
Epoch 0/300 13/48 loss: 0.9223 time 4.24s
Epoch 0/300 14/48 loss: 0.9214 time 4.24s
Epoch 0/300 15/48 loss: 0.9221 time 4.25s
Epoch 0/300 16/48 loss: 0.9211 time 4.26s
Epoch 0/300 17/48 loss: 0.9195 time 4.26s
Epoch 0/300 18/48 loss: 0.9209 time 4.26s
Epoch 0/300 19/48 loss: 0.9191 time 4.27s
Epoch 0/300 20/48 loss: 0.9218 time 4.27s
Epoch 0/300 21/48 loss: 0.9226 time 4.28s
Epoch 0/300 22/48 loss: 0.9240 time 4.29s
Epoch 0/300 23/48 loss: 0.9242 time 4.29s
Epoch 0/300 24/48 loss: 0.9256 time 4.28s
Epoch 0/300 25/48 loss: 0.9251 time 4.30s
Epoch 0/300 26/48 loss: 0.9264 time 4.30s
Epoch 0/300 27/48 loss: 0.9244 time 4.29s
Epoch 0/300 28/48 loss: 0.9216 time 4.30s
Epoch 0/300 29/48 loss: 0.9225 time 4.29s
Epoch 0/300 30/48 loss: 0.9232 time 4.29s
Epoch 0/300 31/48 loss: 0.9256 time 4.30s
Epoch 0/300 32/48 loss: 0.9234 time 4.30s
Epoch 0/300 33/48 loss: 0.9197 time 4.32s
Epoch 0/300 34/48 loss: 0.9187 time 4.31s
Epoch 0/300 35/48 loss: 0.9149 time 4.31s
Epoch 0/300 36/48 loss: 0.9149 time 4.32s
Epoch 0/300 37/48 loss: 0.9166 time 4.31s
Epoch 0/300 38/48 loss: 0.9182 time 4.31s
Epoch 0/300 39/48 loss: 0.9183 time 4.33s
Epoch 0/300 40/48 loss: 0.9173 time 4.33s
Epoch 0/300 41/48 loss: 0.9148 time 4.33s
Epoch 0/300 42/48 loss: 0.9122 time 4.33s
Epoch 0/300 43/48 loss: 0.9130 time 4.33s
Epoch 0/300 44/48 loss: 0.9126 time 4.34s
Epoch 0/300 45/48 loss: 0.9130 time 4.33s
Epoch 0/300 46/48 loss: 0.9132 time 4.34s
Epoch 0/300 47/48 loss: 0.9117 time 4.35s
Final training  0/299 loss: 0.9117 time 230.29s
Val 0/300 0/12 , dice_tc: 0.15732573 , dice_wt: 0.42922086 , dice_et: 0.06339108 , time 51.98s
Val 0/300 1/12 , dice_tc: 0.115832925 , dice_wt: 0.371396 , dice_et: 0.04554538 , time 33.58s
Val 0/300 2/12 , dice_tc: 0.17619288 , dice_wt: 0.388948 , dice_et: 0.05777048 , time 33.69s
Val 0/300 3/12 , dice_tc: 0.1624195 , dice_wt: 0.39618343 , dice_et: 0.053597797 , time 33.67s
Val 0/300 4/12 , dice_tc: 0.1348913 , dice_wt: 0.3250219 , dice_et: 0.04574222 , time 33.67s
Val 0/300 5/12 , dice_tc: 0.113289334 , dice_wt: 0.28018132 , dice_et: 0.038449604 , time 33.62s
Val 0/300 6/12 , dice_tc: 0.10000737 , dice_wt: 0.24594069 , dice_et: 0.034844883 , time 33.49s
Val 0/300 7/12 , dice_tc: 0.12506941 , dice_wt: 0.25976762 , dice_et: 0.05187785 , time 33.42s
Val 0/300 8/12 , dice_tc: 0.13396668 , dice_wt: 0.27282283 , dice_et: 0.06002266 , time 33.37s
Val 0/300 9/12 , dice_tc: 0.15276411 , dice_wt: 0.2848583 , dice_et: 0.06668908 , time 33.33s
Val 0/300 10/12 , dice_tc: 0.15047932 , dice_wt: 0.28505734 , dice_et: 0.06745798 , time 33.32s
Val 0/300 11/12 , dice_tc: 0.14145727 , dice_wt: 0.27050132 , dice_et: 0.0623802 , time 33.24s
Final validation stats 0/299 , dice_tc: 0.14145727 , dice_wt: 0.27050132 , dice_et: 0.0623802 , Dice_Avg: 0.15811293 , time 420.46s
new best (0.000000 --> 0.158113). 
Saving checkpoint /tmp/tmpx9izain5/model.pt
Sun Aug 13 07:52:56 2023 Epoch: 1
None of the inputs have requires_grad=True. Gradients will be None
Epoch 1/300 0/48 loss: 0.9296 time 9.20s
Epoch 1/300 1/48 loss: 0.8993 time 4.29s
Epoch 1/300 2/48 loss: 0.8778 time 4.29s
Epoch 1/300 3/48 loss: 0.9031 time 4.29s
Epoch 1/300 4/48 loss: 0.9113 time 4.30s
Epoch 1/300 5/48 loss: 0.8936 time 4.29s
Epoch 1/300 6/48 loss: 0.8752 time 4.30s
Epoch 1/300 7/48 loss: 0.8613 time 4.29s
Epoch 1/300 8/48 loss: 0.8707 time 4.29s
Epoch 1/300 9/48 loss: 0.8640 time 4.29s
Epoch 1/300 10/48 loss: 0.8685 time 4.29s
Epoch 1/300 11/48 loss: 0.8664 time 4.29s
Epoch 1/300 12/48 loss: 0.8576 time 4.29s
Epoch 1/300 13/48 loss: 0.8643 time 4.30s
Epoch 1/300 14/48 loss: 0.8647 time 4.29s
Epoch 1/300 15/48 loss: 0.8609 time 4.29s
Epoch 1/300 16/48 loss: 0.8597 time 4.29s
Epoch 1/300 17/48 loss: 0.8593 time 4.29s
Epoch 1/300 18/48 loss: 0.8613 time 4.30s
Epoch 1/300 19/48 loss: 0.8594 time 4.30s
Epoch 1/300 20/48 loss: 0.8580 time 4.29s
Epoch 1/300 21/48 loss: 0.8598 time 4.30s
Epoch 1/300 22/48 loss: 0.8659 time 4.30s
Epoch 1/300 23/48 loss: 0.8644 time 4.29s
Epoch 1/300 24/48 loss: 0.8648 time 4.29s
Epoch 1/300 25/48 loss: 0.8683 time 4.30s
Epoch 1/300 26/48 loss: 0.8705 time 4.29s
Epoch 1/300 27/48 loss: 0.8723 time 4.29s
Epoch 1/300 28/48 loss: 0.8712 time 4.29s
Epoch 1/300 29/48 loss: 0.8707 time 4.29s
Epoch 1/300 30/48 loss: 0.8719 time 4.29s
Epoch 1/300 31/48 loss: 0.8686 time 4.29s
Epoch 1/300 32/48 loss: 0.8713 time 4.29s
Epoch 1/300 33/48 loss: 0.8699 time 4.29s
Epoch 1/300 34/48 loss: 0.8682 time 4.30s
Epoch 1/300 35/48 loss: 0.8712 time 4.30s
Epoch 1/300 36/48 loss: 0.8739 time 4.30s
Epoch 1/300 37/48 loss: 0.8754 time 4.30s
Epoch 1/300 38/48 loss: 0.8768 time 4.29s
Epoch 1/300 39/48 loss: 0.8754 time 4.29s
Epoch 1/300 40/48 loss: 0.8763 time 4.29s
Epoch 1/300 41/48 loss: 0.8762 time 4.29s
Epoch 1/300 42/48 loss: 0.8772 time 4.29s
Epoch 1/300 43/48 loss: 0.8786 time 4.29s
Epoch 1/300 44/48 loss: 0.8782 time 4.29s
Epoch 1/300 45/48 loss: 0.8786 time 4.29s
Epoch 1/300 46/48 loss: 0.8774 time 4.29s
Epoch 1/300 47/48 loss: 0.8752 time 4.29s
Final training  1/299 loss: 0.8752 time 211.06s
Sun Aug 13 07:56:27 2023 Epoch: 2
Epoch 2/300 0/48 loss: 0.7257 time 7.92s
Epoch 2/300 1/48 loss: 0.7709 time 4.29s
Epoch 2/300 2/48 loss: 0.7692 time 4.30s
Epoch 2/300 3/48 loss: 0.8152 time 4.30s
Epoch 2/300 4/48 loss: 0.8350 time 4.30s
Epoch 2/300 5/48 loss: 0.8473 time 4.30s
Epoch 2/300 6/48 loss: 0.8541 time 4.29s
Epoch 2/300 7/48 loss: 0.8691 time 4.29s
Epoch 2/300 8/48 loss: 0.8581 time 4.30s
Epoch 2/300 9/48 loss: 0.8528 time 4.29s
Epoch 2/300 10/48 loss: 0.8590 time 4.30s
Epoch 2/300 11/48 loss: 0.8544 time 4.29s
Epoch 2/300 12/48 loss: 0.8539 time 4.29s
Epoch 2/300 13/48 loss: 0.8597 time 4.29s
Epoch 2/300 14/48 loss: 0.8561 time 4.29s
Epoch 2/300 15/48 loss: 0.8535 time 4.30s
Epoch 2/300 16/48 loss: 0.8553 time 4.30s
Epoch 2/300 17/48 loss: 0.8495 time 4.29s
Epoch 2/300 18/48 loss: 0.8539 time 4.30s
Epoch 2/300 19/48 loss: 0.8536 time 4.30s
Epoch 2/300 20/48 loss: 0.8569 time 4.30s
Epoch 2/300 21/48 loss: 0.8586 time 4.29s
Epoch 2/300 22/48 loss: 0.8569 time 4.29s
Epoch 2/300 23/48 loss: 0.8618 time 4.29s
Epoch 2/300 24/48 loss: 0.8609 time 4.29s
Epoch 2/300 25/48 loss: 0.8594 time 4.29s
Epoch 2/300 26/48 loss: 0.8625 time 4.30s
Epoch 2/300 27/48 loss: 0.8627 time 4.29s
Epoch 2/300 28/48 loss: 0.8606 time 4.29s
Epoch 2/300 29/48 loss: 0.8627 time 4.29s
Epoch 2/300 30/48 loss: 0.8580 time 4.29s
Epoch 2/300 31/48 loss: 0.8544 time 4.29s
Epoch 2/300 32/48 loss: 0.8519 time 4.29s
Epoch 2/300 33/48 loss: 0.8520 time 4.30s
Epoch 2/300 34/48 loss: 0.8536 time 4.30s
Epoch 2/300 35/48 loss: 0.8563 time 4.30s
Epoch 2/300 36/48 loss: 0.8578 time 4.30s
Epoch 2/300 37/48 loss: 0.8587 time 4.29s
Epoch 2/300 38/48 loss: 0.8623 time 4.29s
Epoch 2/300 39/48 loss: 0.8650 time 4.29s
Epoch 2/300 40/48 loss: 0.8635 time 4.29s
Epoch 2/300 41/48 loss: 0.8639 time 4.29s
Epoch 2/300 42/48 loss: 0.8621 time 4.30s
Epoch 2/300 43/48 loss: 0.8637 time 4.29s
Epoch 2/300 44/48 loss: 0.8603 time 4.29s
Epoch 2/300 45/48 loss: 0.8598 time 4.29s
Epoch 2/300 46/48 loss: 0.8585 time 4.29s
Epoch 2/300 47/48 loss: 0.8579 time 4.29s
Final training  2/299 loss: 0.8579 time 209.76s
Sun Aug 13 07:59:57 2023 Epoch: 3
Epoch 3/300 0/48 loss: 0.8781 time 8.65s
Epoch 3/300 1/48 loss: 0.8365 time 4.29s
Epoch 3/300 2/48 loss: 0.8367 time 4.30s
Epoch 3/300 3/48 loss: 0.8626 time 4.29s
Epoch 3/300 4/48 loss: 0.8839 time 4.29s
Epoch 3/300 5/48 loss: 0.8837 time 4.29s
Epoch 3/300 6/48 loss: 0.8925 time 4.29s
Epoch 3/300 7/48 loss: 0.8942 time 4.29s
Epoch 3/300 8/48 loss: 0.8968 time 4.29s
Epoch 3/300 9/48 loss: 0.8828 time 4.29s
Epoch 3/300 10/48 loss: 0.8660 time 4.29s
Epoch 3/300 11/48 loss: 0.8597 time 4.29s
Epoch 3/300 12/48 loss: 0.8650 time 4.30s
Epoch 3/300 13/48 loss: 0.8587 time 4.29s
Epoch 3/300 14/48 loss: 0.8628 time 4.29s
Epoch 3/300 15/48 loss: 0.8525 time 4.29s
Epoch 3/300 16/48 loss: 0.8551 time 4.29s
Epoch 3/300 17/48 loss: 0.8547 time 4.30s
Epoch 3/300 18/48 loss: 0.8536 time 4.30s
Epoch 3/300 19/48 loss: 0.8474 time 4.29s
Epoch 3/300 20/48 loss: 0.8423 time 4.29s
Epoch 3/300 21/48 loss: 0.8453 time 4.29s
Epoch 3/300 22/48 loss: 0.8411 time 4.29s
Epoch 3/300 23/48 loss: 0.8434 time 4.29s
Epoch 3/300 24/48 loss: 0.8427 time 4.29s
Epoch 3/300 25/48 loss: 0.8444 time 4.29s
Epoch 3/300 26/48 loss: 0.8429 time 4.29s
Epoch 3/300 27/48 loss: 0.8435 time 4.29s
Epoch 3/300 28/48 loss: 0.8456 time 4.29s
Epoch 3/300 29/48 loss: 0.8435 time 4.29s
Epoch 3/300 30/48 loss: 0.8427 time 4.29s
Epoch 3/300 31/48 loss: 0.8459 time 4.29s
Epoch 3/300 32/48 loss: 0.8496 time 4.30s
Epoch 3/300 33/48 loss: 0.8483 time 4.30s
Epoch 3/300 34/48 loss: 0.8438 time 4.29s
Epoch 3/300 35/48 loss: 0.8423 time 4.29s
Epoch 3/300 36/48 loss: 0.8392 time 4.29s
Epoch 3/300 37/48 loss: 0.8376 time 4.29s
Epoch 3/300 38/48 loss: 0.8399 time 4.29s
Epoch 3/300 39/48 loss: 0.8439 time 4.29s
Epoch 3/300 40/48 loss: 0.8426 time 4.29s
Epoch 3/300 41/48 loss: 0.8436 time 4.29s
Epoch 3/300 42/48 loss: 0.8456 time 4.29s
Epoch 3/300 43/48 loss: 0.8450 time 4.30s
Epoch 3/300 44/48 loss: 0.8478 time 4.29s
Epoch 3/300 45/48 loss: 0.8464 time 4.29s
Epoch 3/300 46/48 loss: 0.8453 time 4.30s
Epoch 3/300 47/48 loss: 0.8464 time 4.29s
Final training  3/299 loss: 0.8464 time 210.50s
Sun Aug 13 08:03:28 2023 Epoch: 4
Epoch 4/300 0/48 loss: 0.9267 time 8.30s
Epoch 4/300 1/48 loss: 0.8751 time 4.30s
Epoch 4/300 2/48 loss: 0.8470 time 4.29s
Epoch 4/300 3/48 loss: 0.8070 time 4.29s
Epoch 4/300 4/48 loss: 0.8388 time 4.29s
Epoch 4/300 5/48 loss: 0.8466 time 4.29s
Epoch 4/300 6/48 loss: 0.8545 time 4.29s
Epoch 4/300 7/48 loss: 0.8648 time 4.29s
Epoch 4/300 8/48 loss: 0.8622 time 4.29s
Epoch 4/300 9/48 loss: 0.8542 time 4.29s
Epoch 4/300 10/48 loss: 0.8673 time 4.29s
Epoch 4/300 11/48 loss: 0.8549 time 4.29s
Epoch 4/300 12/48 loss: 0.8546 time 4.29s
Epoch 4/300 13/48 loss: 0.8462 time 4.29s
Epoch 4/300 14/48 loss: 0.8504 time 4.30s
Epoch 4/300 15/48 loss: 0.8395 time 4.29s
Epoch 4/300 16/48 loss: 0.8415 time 4.29s
Epoch 4/300 17/48 loss: 0.8487 time 4.29s
Epoch 4/300 18/48 loss: 0.8536 time 4.29s
Epoch 4/300 19/48 loss: 0.8476 time 4.29s
Epoch 4/300 20/48 loss: 0.8448 time 4.29s
Epoch 4/300 21/48 loss: 0.8480 time 4.29s
Epoch 4/300 22/48 loss: 0.8407 time 4.29s
Epoch 4/300 23/48 loss: 0.8448 time 4.29s
Epoch 4/300 24/48 loss: 0.8421 time 4.29s
Epoch 4/300 25/48 loss: 0.8390 time 4.30s
Epoch 4/300 26/48 loss: 0.8410 time 4.29s
Epoch 4/300 27/48 loss: 0.8438 time 4.29s
Epoch 4/300 28/48 loss: 0.8445 time 4.29s
Epoch 4/300 29/48 loss: 0.8421 time 4.29s
Epoch 4/300 30/48 loss: 0.8404 time 4.30s
Epoch 4/300 31/48 loss: 0.8381 time 4.30s
Epoch 4/300 32/48 loss: 0.8358 time 4.30s
Epoch 4/300 33/48 loss: 0.8340 time 4.29s
Epoch 4/300 34/48 loss: 0.8378 time 4.29s
Epoch 4/300 35/48 loss: 0.8369 time 4.29s
Epoch 4/300 36/48 loss: 0.8342 time 4.29s
Epoch 4/300 37/48 loss: 0.8350 time 4.29s
Epoch 4/300 38/48 loss: 0.8366 time 4.29s
Epoch 4/300 39/48 loss: 0.8377 time 4.29s
Epoch 4/300 40/48 loss: 0.8371 time 4.29s
Epoch 4/300 41/48 loss: 0.8383 time 4.29s
Epoch 4/300 42/48 loss: 0.8353 time 4.29s
Epoch 4/300 43/48 loss: 0.8344 time 4.29s
Epoch 4/300 44/48 loss: 0.8340 time 4.30s
Epoch 4/300 45/48 loss: 0.8328 time 4.30s
Epoch 4/300 46/48 loss: 0.8348 time 4.30s
Epoch 4/300 47/48 loss: 0.8361 time 4.30s
Final training  4/299 loss: 0.8361 time 210.16s
Sun Aug 13 08:06:58 2023 Epoch: 5
Epoch 5/300 0/48 loss: 0.9039 time 7.87s
Epoch 5/300 1/48 loss: 0.8009 time 4.29s
Epoch 5/300 2/48 loss: 0.7601 time 4.30s
Epoch 5/300 3/48 loss: 0.8129 time 4.29s
Epoch 5/300 4/48 loss: 0.8016 time 4.29s
Epoch 5/300 5/48 loss: 0.7932 time 4.29s
Epoch 5/300 6/48 loss: 0.7966 time 4.29s
Epoch 5/300 7/48 loss: 0.8219 time 4.29s
Epoch 5/300 8/48 loss: 0.8039 time 4.30s
Epoch 5/300 9/48 loss: 0.8118 time 4.29s
Epoch 5/300 10/48 loss: 0.8216 time 4.29s
Epoch 5/300 11/48 loss: 0.8117 time 4.29s
Epoch 5/300 12/48 loss: 0.8087 time 4.30s
Epoch 5/300 13/48 loss: 0.8149 time 4.29s
Epoch 5/300 14/48 loss: 0.8178 time 4.30s
Epoch 5/300 15/48 loss: 0.8157 time 4.30s
Epoch 5/300 16/48 loss: 0.8128 time 4.29s
Epoch 5/300 17/48 loss: 0.8175 time 4.29s
Epoch 5/300 18/48 loss: 0.8236 time 4.29s
Epoch 5/300 19/48 loss: 0.8268 time 4.29s
Epoch 5/300 20/48 loss: 0.8320 time 4.29s
Epoch 5/300 21/48 loss: 0.8348 time 4.29s
Epoch 5/300 22/48 loss: 0.8337 time 4.29s
Epoch 5/300 23/48 loss: 0.8336 time 4.30s
Epoch 5/300 24/48 loss: 0.8309 time 4.29s
Epoch 5/300 25/48 loss: 0.8323 time 4.29s
Epoch 5/300 26/48 loss: 0.8326 time 4.30s
Epoch 5/300 27/48 loss: 0.8307 time 4.29s
Epoch 5/300 28/48 loss: 0.8281 time 4.30s
Epoch 5/300 29/48 loss: 0.8295 time 4.29s
Epoch 5/300 30/48 loss: 0.8288 time 4.30s
Epoch 5/300 31/48 loss: 0.8322 time 4.29s
Epoch 5/300 32/48 loss: 0.8362 time 4.29s
Epoch 5/300 33/48 loss: 0.8383 time 4.29s
Epoch 5/300 34/48 loss: 0.8348 time 4.29s
Epoch 5/300 35/48 loss: 0.8359 time 4.29s
Epoch 5/300 36/48 loss: 0.8313 time 4.29s
Epoch 5/300 37/48 loss: 0.8303 time 4.29s
Epoch 5/300 38/48 loss: 0.8285 time 4.29s
Epoch 5/300 39/48 loss: 0.8266 time 4.29s
Epoch 5/300 40/48 loss: 0.8286 time 4.29s
Epoch 5/300 41/48 loss: 0.8299 time 4.29s
Epoch 5/300 42/48 loss: 0.8320 time 4.29s
Epoch 5/300 43/48 loss: 0.8349 time 4.30s
Epoch 5/300 44/48 loss: 0.8334 time 4.30s
Epoch 5/300 45/48 loss: 0.8323 time 4.30s
Epoch 5/300 46/48 loss: 0.8300 time 4.29s
Epoch 5/300 47/48 loss: 0.8277 time 4.30s
Final training  5/299 loss: 0.8277 time 209.73s
Sun Aug 13 08:10:28 2023 Epoch: 6
Epoch 6/300 0/48 loss: 0.9991 time 7.66s
Epoch 6/300 1/48 loss: 0.8717 time 4.29s
Epoch 6/300 2/48 loss: 0.8923 time 4.29s
Epoch 6/300 3/48 loss: 0.8829 time 4.29s
Epoch 6/300 4/48 loss: 0.8847 time 4.29s
Epoch 6/300 5/48 loss: 0.8864 time 4.29s
Epoch 6/300 6/48 loss: 0.8656 time 4.29s
Epoch 6/300 7/48 loss: 0.8708 time 4.29s
Epoch 6/300 8/48 loss: 0.8498 time 4.29s
Epoch 6/300 9/48 loss: 0.8517 time 4.30s
Epoch 6/300 10/48 loss: 0.8472 time 4.29s
Epoch 6/300 11/48 loss: 0.8506 time 4.30s
Epoch 6/300 12/48 loss: 0.8515 time 4.30s
Epoch 6/300 13/48 loss: 0.8569 time 4.29s
Epoch 6/300 14/48 loss: 0.8436 time 4.29s
Epoch 6/300 15/48 loss: 0.8394 time 4.29s
Epoch 6/300 16/48 loss: 0.8466 time 4.29s
Epoch 6/300 17/48 loss: 0.8381 time 4.29s
Epoch 6/300 18/48 loss: 0.8449 time 4.29s
Epoch 6/300 19/48 loss: 0.8475 time 4.29s
Epoch 6/300 20/48 loss: 0.8434 time 4.29s
Epoch 6/300 21/48 loss: 0.8465 time 4.29s
Epoch 6/300 22/48 loss: 0.8516 time 4.29s
Epoch 6/300 23/48 loss: 0.8479 time 4.29s
Epoch 6/300 24/48 loss: 0.8462 time 4.29s
Epoch 6/300 25/48 loss: 0.8476 time 4.29s
Epoch 6/300 26/48 loss: 0.8480 time 4.29s
Epoch 6/300 27/48 loss: 0.8405 time 4.30s
Epoch 6/300 28/48 loss: 0.8371 time 4.30s
Epoch 6/300 29/48 loss: 0.8327 time 4.30s
Epoch 6/300 30/48 loss: 0.8351 time 4.29s
Epoch 6/300 31/48 loss: 0.8323 time 4.29s
Epoch 6/300 32/48 loss: 0.8349 time 4.29s
Epoch 6/300 33/48 loss: 0.8330 time 4.29s
Epoch 6/300 34/48 loss: 0.8331 time 4.29s
Epoch 6/300 35/48 loss: 0.8309 time 4.29s
Epoch 6/300 36/48 loss: 0.8263 time 4.29s
Epoch 6/300 37/48 loss: 0.8233 time 4.29s
Epoch 6/300 38/48 loss: 0.8216 time 4.29s
Epoch 6/300 39/48 loss: 0.8230 time 4.30s
Epoch 6/300 40/48 loss: 0.8230 time 4.29s
Epoch 6/300 41/48 loss: 0.8222 time 4.30s
Epoch 6/300 42/48 loss: 0.8195 time 4.30s
Epoch 6/300 43/48 loss: 0.8179 time 4.30s
Epoch 6/300 44/48 loss: 0.8190 time 4.30s
Epoch 6/300 45/48 loss: 0.8185 time 4.30s
Epoch 6/300 46/48 loss: 0.8209 time 4.29s
Epoch 6/300 47/48 loss: 0.8195 time 4.29s
Final training  6/299 loss: 0.8195 time 209.50s
Sun Aug 13 08:13:57 2023 Epoch: 7
Epoch 7/300 0/48 loss: 0.6998 time 7.53s
Epoch 7/300 1/48 loss: 0.8017 time 4.29s
Epoch 7/300 2/48 loss: 0.8275 time 4.29s
Epoch 7/300 3/48 loss: 0.8055 time 4.29s
Epoch 7/300 4/48 loss: 0.8280 time 4.29s
Epoch 7/300 5/48 loss: 0.8390 time 4.29s
Epoch 7/300 6/48 loss: 0.8273 time 4.29s
Epoch 7/300 7/48 loss: 0.8398 time 4.29s
Epoch 7/300 8/48 loss: 0.8295 time 4.29s
Epoch 7/300 9/48 loss: 0.8285 time 4.30s
Epoch 7/300 10/48 loss: 0.8227 time 4.29s
Epoch 7/300 11/48 loss: 0.8172 time 4.30s
Epoch 7/300 12/48 loss: 0.8240 time 4.29s
Epoch 7/300 13/48 loss: 0.8218 time 4.29s
Epoch 7/300 14/48 loss: 0.8285 time 4.29s
Epoch 7/300 15/48 loss: 0.8227 time 4.29s
Epoch 7/300 16/48 loss: 0.8212 time 4.29s
Epoch 7/300 17/48 loss: 0.8232 time 4.29s
Epoch 7/300 18/48 loss: 0.8218 time 4.29s
Epoch 7/300 19/48 loss: 0.8250 time 4.29s
Epoch 7/300 20/48 loss: 0.8268 time 4.29s
Epoch 7/300 21/48 loss: 0.8346 time 4.30s
Epoch 7/300 22/48 loss: 0.8308 time 4.29s
Epoch 7/300 23/48 loss: 0.8232 time 4.29s
Epoch 7/300 24/48 loss: 0.8275 time 4.29s
Epoch 7/300 25/48 loss: 0.8200 time 4.29s
Epoch 7/300 26/48 loss: 0.8215 time 4.30s
Epoch 7/300 27/48 loss: 0.8160 time 4.30s
Epoch 7/300 28/48 loss: 0.8183 time 4.29s
Epoch 7/300 29/48 loss: 0.8138 time 4.29s
Epoch 7/300 30/48 loss: 0.8160 time 4.29s
Epoch 7/300 31/48 loss: 0.8142 time 4.29s
Epoch 7/300 32/48 loss: 0.8159 time 4.29s
Epoch 7/300 33/48 loss: 0.8167 time 4.29s
Epoch 7/300 34/48 loss: 0.8151 time 4.29s
Epoch 7/300 35/48 loss: 0.8155 time 4.29s
Epoch 7/300 36/48 loss: 0.8124 time 4.29s
Epoch 7/300 37/48 loss: 0.8102 time 4.29s
Epoch 7/300 38/48 loss: 0.8126 time 4.29s
Epoch 7/300 39/48 loss: 0.8109 time 4.29s
Epoch 7/300 40/48 loss: 0.8145 time 4.30s
Epoch 7/300 41/48 loss: 0.8181 time 4.30s
Epoch 7/300 42/48 loss: 0.8187 time 4.30s
Epoch 7/300 43/48 loss: 0.8160 time 4.30s
Epoch 7/300 44/48 loss: 0.8151 time 4.29s
Epoch 7/300 45/48 loss: 0.8183 time 4.29s
Epoch 7/300 46/48 loss: 0.8145 time 4.29s
Epoch 7/300 47/48 loss: 0.8130 time 4.29s
Final training  7/299 loss: 0.8130 time 209.40s
Sun Aug 13 08:17:26 2023 Epoch: 8
Epoch 8/300 0/48 loss: 0.9203 time 8.52s
Epoch 8/300 1/48 loss: 0.8945 time 4.29s
Epoch 8/300 2/48 loss: 0.8284 time 4.29s
Epoch 8/300 3/48 loss: 0.8040 time 4.29s
Epoch 8/300 4/48 loss: 0.8144 time 4.30s
Epoch 8/300 5/48 loss: 0.8261 time 4.29s
Epoch 8/300 6/48 loss: 0.8447 time 4.29s
Epoch 8/300 7/48 loss: 0.8238 time 4.29s
Epoch 8/300 8/48 loss: 0.8182 time 4.30s
Epoch 8/300 9/48 loss: 0.8108 time 4.30s
Epoch 8/300 10/48 loss: 0.8111 time 4.29s
Epoch 8/300 11/48 loss: 0.8240 time 4.29s
Epoch 8/300 12/48 loss: 0.8100 time 4.29s
Epoch 8/300 13/48 loss: 0.8038 time 4.29s
Epoch 8/300 14/48 loss: 0.7917 time 4.29s
Epoch 8/300 15/48 loss: 0.7948 time 4.30s
Epoch 8/300 16/48 loss: 0.8013 time 4.29s
Epoch 8/300 17/48 loss: 0.7933 time 4.29s
Epoch 8/300 18/48 loss: 0.7906 time 4.29s
Epoch 8/300 19/48 loss: 0.7937 time 4.29s
Epoch 8/300 20/48 loss: 0.8017 time 4.29s
Epoch 8/300 21/48 loss: 0.8052 time 4.29s
Epoch 8/300 22/48 loss: 0.8017 time 4.30s
Epoch 8/300 23/48 loss: 0.8064 time 4.30s
Epoch 8/300 24/48 loss: 0.8101 time 4.29s
Epoch 8/300 25/48 loss: 0.8058 time 4.30s
Epoch 8/300 26/48 loss: 0.8051 time 4.46s
Epoch 8/300 27/48 loss: 0.8047 time 4.31s
Epoch 8/300 28/48 loss: 0.8089 time 4.29s
Epoch 8/300 29/48 loss: 0.8062 time 4.29s
Epoch 8/300 30/48 loss: 0.8070 time 4.29s
Epoch 8/300 31/48 loss: 0.8049 time 4.30s
Epoch 8/300 32/48 loss: 0.8054 time 4.29s
Epoch 8/300 33/48 loss: 0.8022 time 4.29s
Epoch 8/300 34/48 loss: 0.8044 time 4.29s
Epoch 8/300 35/48 loss: 0.8067 time 4.30s
Epoch 8/300 36/48 loss: 0.8084 time 4.29s
Epoch 8/300 37/48 loss: 0.8097 time 4.29s
Epoch 8/300 38/48 loss: 0.8081 time 4.30s
Epoch 8/300 39/48 loss: 0.8065 time 4.30s
Epoch 8/300 40/48 loss: 0.8062 time 4.30s
Epoch 8/300 41/48 loss: 0.8050 time 4.30s
Epoch 8/300 42/48 loss: 0.8010 time 4.29s
Epoch 8/300 43/48 loss: 0.8038 time 4.29s
Epoch 8/300 44/48 loss: 0.8023 time 4.29s
Epoch 8/300 45/48 loss: 0.8013 time 4.30s
Epoch 8/300 46/48 loss: 0.8055 time 4.30s
Epoch 8/300 47/48 loss: 0.8074 time 4.31s
Final training  8/299 loss: 0.8074 time 210.61s
Sun Aug 13 08:20:57 2023 Epoch: 9
Epoch 9/300 0/48 loss: 0.6782 time 10.80s
Epoch 9/300 1/48 loss: 0.6866 time 4.28s
Epoch 9/300 2/48 loss: 0.7045 time 4.29s
Epoch 9/300 3/48 loss: 0.7672 time 4.29s
Epoch 9/300 4/48 loss: 0.7628 time 4.29s
Epoch 9/300 5/48 loss: 0.7819 time 4.28s
Epoch 9/300 6/48 loss: 0.7757 time 4.29s
Epoch 9/300 7/48 loss: 0.7858 time 4.29s
Epoch 9/300 8/48 loss: 0.7796 time 4.30s
Epoch 9/300 9/48 loss: 0.7915 time 4.29s
Epoch 9/300 10/48 loss: 0.7980 time 4.29s
Epoch 9/300 11/48 loss: 0.7971 time 4.29s
Epoch 9/300 12/48 loss: 0.8037 time 4.29s
Epoch 9/300 13/48 loss: 0.7906 time 4.29s
Epoch 9/300 14/48 loss: 0.7926 time 4.29s
Epoch 9/300 15/48 loss: 0.7883 time 4.29s
Epoch 9/300 16/48 loss: 0.7905 time 4.30s
Epoch 9/300 17/48 loss: 0.7979 time 4.29s
Epoch 9/300 18/48 loss: 0.7948 time 4.29s
Epoch 9/300 19/48 loss: 0.8030 time 4.30s
Epoch 9/300 20/48 loss: 0.8032 time 4.29s
Epoch 9/300 21/48 loss: 0.8023 time 4.29s
Epoch 9/300 22/48 loss: 0.8071 time 4.30s
Epoch 9/300 23/48 loss: 0.8088 time 4.30s
Epoch 9/300 24/48 loss: 0.8019 time 4.29s
Epoch 9/300 25/48 loss: 0.8032 time 4.29s
Epoch 9/300 26/48 loss: 0.8075 time 4.29s
Epoch 9/300 27/48 loss: 0.8065 time 4.29s
Epoch 9/300 28/48 loss: 0.8050 time 4.29s
Epoch 9/300 29/48 loss: 0.8081 time 4.29s
Epoch 9/300 30/48 loss: 0.8037 time 4.29s
Epoch 9/300 31/48 loss: 0.8065 time 4.30s
Epoch 9/300 32/48 loss: 0.8083 time 4.29s
Epoch 9/300 33/48 loss: 0.8128 time 4.29s
Epoch 9/300 34/48 loss: 0.8157 time 4.29s
Epoch 9/300 35/48 loss: 0.8174 time 4.29s
Epoch 9/300 36/48 loss: 0.8181 time 4.30s
Epoch 9/300 37/48 loss: 0.8156 time 4.30s
Epoch 9/300 38/48 loss: 0.8109 time 4.29s
Epoch 9/300 39/48 loss: 0.8095 time 4.30s
Epoch 9/300 40/48 loss: 0.8076 time 4.29s
Epoch 9/300 41/48 loss: 0.8055 time 4.29s
Epoch 9/300 42/48 loss: 0.8040 time 4.29s
Epoch 9/300 43/48 loss: 0.8013 time 4.29s
Epoch 9/300 44/48 loss: 0.8029 time 4.29s
Epoch 9/300 45/48 loss: 0.8013 time 4.29s
Epoch 9/300 46/48 loss: 0.8055 time 4.29s
Epoch 9/300 47/48 loss: 0.8021 time 4.29s
Final training  9/299 loss: 0.8021 time 212.63s
Sun Aug 13 08:24:30 2023 Epoch: 10
Epoch 10/300 0/48 loss: 0.9105 time 9.88s
Epoch 10/300 1/48 loss: 0.9047 time 4.28s
Epoch 10/300 2/48 loss: 0.8751 time 4.28s
Epoch 10/300 3/48 loss: 0.8394 time 4.29s
Epoch 10/300 4/48 loss: 0.8048 time 4.30s
Epoch 10/300 5/48 loss: 0.7937 time 4.30s
Epoch 10/300 6/48 loss: 0.8081 time 4.29s
Epoch 10/300 7/48 loss: 0.8171 time 4.29s
Epoch 10/300 8/48 loss: 0.8127 time 4.29s
Epoch 10/300 9/48 loss: 0.8236 time 4.29s
Epoch 10/300 10/48 loss: 0.8179 time 4.29s
Epoch 10/300 11/48 loss: 0.8202 time 4.29s
Epoch 10/300 12/48 loss: 0.8096 time 4.29s
Epoch 10/300 13/48 loss: 0.8052 time 4.29s
Epoch 10/300 14/48 loss: 0.7941 time 4.29s
Epoch 10/300 15/48 loss: 0.7899 time 4.29s
Epoch 10/300 16/48 loss: 0.7919 time 4.29s
Epoch 10/300 17/48 loss: 0.8034 time 4.29s
Epoch 10/300 18/48 loss: 0.7994 time 4.30s
Epoch 10/300 19/48 loss: 0.7949 time 4.30s
Epoch 10/300 20/48 loss: 0.7940 time 4.30s
Epoch 10/300 21/48 loss: 0.8016 time 4.30s
Epoch 10/300 22/48 loss: 0.7942 time 4.31s
Epoch 10/300 23/48 loss: 0.7896 time 4.29s
Epoch 10/300 24/48 loss: 0.7928 time 4.29s
Epoch 10/300 25/48 loss: 0.7887 time 4.29s
Epoch 10/300 26/48 loss: 0.7868 time 4.29s
Epoch 10/300 27/48 loss: 0.7843 time 4.29s
Epoch 10/300 28/48 loss: 0.7868 time 4.29s
Epoch 10/300 29/48 loss: 0.7889 time 4.29s
Epoch 10/300 30/48 loss: 0.7887 time 4.29s
Epoch 10/300 31/48 loss: 0.7866 time 4.29s
Epoch 10/300 32/48 loss: 0.7907 time 4.29s
Epoch 10/300 33/48 loss: 0.7924 time 4.29s
Epoch 10/300 34/48 loss: 0.7901 time 4.30s
Epoch 10/300 35/48 loss: 0.7925 time 4.30s
Epoch 10/300 36/48 loss: 0.7875 time 4.30s
Epoch 10/300 37/48 loss: 0.7902 time 4.29s
Epoch 10/300 38/48 loss: 0.7887 time 4.29s
Epoch 10/300 39/48 loss: 0.7872 time 4.29s
Epoch 10/300 40/48 loss: 0.7903 time 4.29s
Epoch 10/300 41/48 loss: 0.7862 time 4.29s
Epoch 10/300 42/48 loss: 0.7902 time 4.30s
Epoch 10/300 43/48 loss: 0.7911 time 4.29s
Epoch 10/300 44/48 loss: 0.7927 time 4.29s
Epoch 10/300 45/48 loss: 0.7945 time 4.29s
Epoch 10/300 46/48 loss: 0.7979 time 4.29s
Epoch 10/300 47/48 loss: 0.7980 time 4.29s
Final training  10/299 loss: 0.7980 time 211.73s
Sun Aug 13 08:28:01 2023 Epoch: 11
Epoch 11/300 0/48 loss: 0.8698 time 7.46s
Epoch 11/300 1/48 loss: 0.8080 time 4.30s
Epoch 11/300 2/48 loss: 0.8371 time 4.30s
Epoch 11/300 3/48 loss: 0.8103 time 4.30s
Epoch 11/300 4/48 loss: 0.7844 time 4.30s
Epoch 11/300 5/48 loss: 0.8018 time 4.29s
Epoch 11/300 6/48 loss: 0.7911 time 4.29s
Epoch 11/300 7/48 loss: 0.7894 time 4.29s
Epoch 11/300 8/48 loss: 0.7951 time 4.29s
Epoch 11/300 9/48 loss: 0.8154 time 4.29s
Epoch 11/300 10/48 loss: 0.8013 time 4.29s
Epoch 11/300 11/48 loss: 0.8071 time 4.29s
Epoch 11/300 12/48 loss: 0.8099 time 4.29s
Epoch 11/300 13/48 loss: 0.8122 time 4.29s
Epoch 11/300 14/48 loss: 0.8165 time 4.29s
Epoch 11/300 15/48 loss: 0.8172 time 4.29s
Epoch 11/300 16/48 loss: 0.8111 time 4.30s
Epoch 11/300 17/48 loss: 0.8135 time 4.30s
Epoch 11/300 18/48 loss: 0.8185 time 4.30s
Epoch 11/300 19/48 loss: 0.8254 time 4.30s
Epoch 11/300 20/48 loss: 0.8249 time 4.29s
Epoch 11/300 21/48 loss: 0.8204 time 4.29s
Epoch 11/300 22/48 loss: 0.8243 time 4.29s
Epoch 11/300 23/48 loss: 0.8160 time 4.30s
Epoch 11/300 24/48 loss: 0.8103 time 4.29s
Epoch 11/300 25/48 loss: 0.8028 time 4.29s
Epoch 11/300 26/48 loss: 0.8070 time 4.29s
Epoch 11/300 27/48 loss: 0.8038 time 4.29s
Epoch 11/300 28/48 loss: 0.8007 time 4.29s
Epoch 11/300 29/48 loss: 0.7982 time 4.29s
Epoch 11/300 30/48 loss: 0.7985 time 4.29s
Epoch 11/300 31/48 loss: 0.8022 time 4.30s
Epoch 11/300 32/48 loss: 0.7994 time 4.29s
Epoch 11/300 33/48 loss: 0.7935 time 4.30s
Epoch 11/300 34/48 loss: 0.7909 time 4.30s
Epoch 11/300 35/48 loss: 0.7928 time 4.30s
Epoch 11/300 36/48 loss: 0.7912 time 4.29s
Epoch 11/300 37/48 loss: 0.7897 time 4.29s
Epoch 11/300 38/48 loss: 0.7868 time 4.29s
Epoch 11/300 39/48 loss: 0.7912 time 4.29s
Epoch 11/300 40/48 loss: 0.7908 time 4.29s
Epoch 11/300 41/48 loss: 0.7927 time 4.29s
Epoch 11/300 42/48 loss: 0.7888 time 4.29s
Epoch 11/300 43/48 loss: 0.7891 time 4.29s
Epoch 11/300 44/48 loss: 0.7913 time 4.29s
Epoch 11/300 45/48 loss: 0.7908 time 4.29s
Epoch 11/300 46/48 loss: 0.7942 time 4.29s
Epoch 11/300 47/48 loss: 0.7934 time 4.29s
Final training  11/299 loss: 0.7934 time 209.32s
Sun Aug 13 08:31:31 2023 Epoch: 12
Epoch 12/300 0/48 loss: 0.8697 time 7.94s
Epoch 12/300 1/48 loss: 0.8539 time 4.30s
Epoch 12/300 2/48 loss: 0.8258 time 4.30s
Epoch 12/300 3/48 loss: 0.8014 time 4.29s
Epoch 12/300 4/48 loss: 0.8329 time 4.29s
Epoch 12/300 5/48 loss: 0.8057 time 4.29s
Epoch 12/300 6/48 loss: 0.8123 time 4.29s
Epoch 12/300 7/48 loss: 0.8215 time 4.29s
Epoch 12/300 8/48 loss: 0.8047 time 4.30s
Epoch 12/300 9/48 loss: 0.8109 time 4.29s
Epoch 12/300 10/48 loss: 0.8027 time 4.29s
Epoch 12/300 11/48 loss: 0.7923 time 4.29s
Epoch 12/300 12/48 loss: 0.7857 time 4.29s
Epoch 12/300 13/48 loss: 0.7805 time 4.29s
Epoch 12/300 14/48 loss: 0.7894 time 4.30s
Epoch 12/300 15/48 loss: 0.7968 time 4.29s
Epoch 12/300 16/48 loss: 0.7976 time 4.30s
Epoch 12/300 17/48 loss: 0.8088 time 4.30s
Epoch 12/300 18/48 loss: 0.8056 time 4.29s
Epoch 12/300 19/48 loss: 0.8090 time 4.29s
Epoch 12/300 20/48 loss: 0.8135 time 4.29s
Epoch 12/300 21/48 loss: 0.8047 time 4.29s
Epoch 12/300 22/48 loss: 0.8010 time 4.29s
Epoch 12/300 23/48 loss: 0.8049 time 4.29s
Epoch 12/300 24/48 loss: 0.8070 time 4.29s
Epoch 12/300 25/48 loss: 0.8069 time 4.29s
Epoch 12/300 26/48 loss: 0.8013 time 4.29s
Epoch 12/300 27/48 loss: 0.7949 time 4.29s
Epoch 12/300 28/48 loss: 0.7963 time 4.29s
Epoch 12/300 29/48 loss: 0.7953 time 4.29s
Epoch 12/300 30/48 loss: 0.7926 time 4.30s
Epoch 12/300 31/48 loss: 0.7927 time 4.29s
Epoch 12/300 32/48 loss: 0.7872 time 4.29s
Epoch 12/300 33/48 loss: 0.7852 time 4.30s
Epoch 12/300 34/48 loss: 0.7899 time 4.29s
Epoch 12/300 35/48 loss: 0.7913 time 4.29s
Epoch 12/300 36/48 loss: 0.7897 time 4.29s
Epoch 12/300 37/48 loss: 0.7916 time 4.29s
Epoch 12/300 38/48 loss: 0.7947 time 4.29s
Epoch 12/300 39/48 loss: 0.7897 time 4.29s
Epoch 12/300 40/48 loss: 0.7920 time 4.29s
Epoch 12/300 41/48 loss: 0.7958 time 4.29s
Epoch 12/300 42/48 loss: 0.7935 time 4.29s
Epoch 12/300 43/48 loss: 0.7922 time 4.29s
Epoch 12/300 44/48 loss: 0.7928 time 4.29s
Epoch 12/300 45/48 loss: 0.7924 time 4.29s
Epoch 12/300 46/48 loss: 0.7905 time 4.30s
Epoch 12/300 47/48 loss: 0.7887 time 4.30s
Final training  12/299 loss: 0.7887 time 209.80s
Sun Aug 13 08:35:01 2023 Epoch: 13
Epoch 13/300 0/48 loss: 0.9067 time 7.86s
Epoch 13/300 1/48 loss: 0.8999 time 4.30s
Epoch 13/300 2/48 loss: 0.8390 time 4.30s
Epoch 13/300 3/48 loss: 0.8430 time 4.29s
Epoch 13/300 4/48 loss: 0.8345 time 4.29s
Epoch 13/300 5/48 loss: 0.8424 time 4.29s
Epoch 13/300 6/48 loss: 0.8647 time 4.29s
Epoch 13/300 7/48 loss: 0.8763 time 4.29s
Epoch 13/300 8/48 loss: 0.8732 time 4.29s
Epoch 13/300 9/48 loss: 0.8719 time 4.29s
Epoch 13/300 10/48 loss: 0.8565 time 4.29s
Epoch 13/300 11/48 loss: 0.8643 time 4.29s
Epoch 13/300 12/48 loss: 0.8658 time 4.30s
Epoch 13/300 13/48 loss: 0.8634 time 4.29s
Epoch 13/300 14/48 loss: 0.8556 time 4.30s
Epoch 13/300 15/48 loss: 0.8561 time 4.30s
Epoch 13/300 16/48 loss: 0.8477 time 4.29s
Epoch 13/300 17/48 loss: 0.8375 time 4.29s
Epoch 13/300 18/48 loss: 0.8246 time 4.29s
Epoch 13/300 19/48 loss: 0.8169 time 4.29s
Epoch 13/300 20/48 loss: 0.8146 time 4.29s
Epoch 13/300 21/48 loss: 0.8135 time 4.30s
Epoch 13/300 22/48 loss: 0.8091 time 4.29s
Epoch 13/300 23/48 loss: 0.8114 time 4.29s
Epoch 13/300 24/48 loss: 0.8153 time 4.29s
Epoch 13/300 25/48 loss: 0.8160 time 4.29s
Epoch 13/300 26/48 loss: 0.8082 time 4.29s
Epoch 13/300 27/48 loss: 0.8119 time 4.29s
Epoch 13/300 28/48 loss: 0.8086 time 4.29s
Epoch 13/300 29/48 loss: 0.8095 time 4.30s
Epoch 13/300 30/48 loss: 0.8079 time 4.29s
Epoch 13/300 31/48 loss: 0.8082 time 4.30s
Epoch 13/300 32/48 loss: 0.8047 time 4.29s
Epoch 13/300 33/48 loss: 0.8019 time 4.29s
Epoch 13/300 34/48 loss: 0.7996 time 4.29s
Epoch 13/300 35/48 loss: 0.7957 time 4.29s
Epoch 13/300 36/48 loss: 0.7986 time 4.29s
Epoch 13/300 37/48 loss: 0.7969 time 4.29s
Epoch 13/300 38/48 loss: 0.7944 time 4.29s
Epoch 13/300 39/48 loss: 0.7936 time 4.29s
Epoch 13/300 40/48 loss: 0.7900 time 4.29s
Epoch 13/300 41/48 loss: 0.7859 time 4.29s
Epoch 13/300 42/48 loss: 0.7839 time 4.29s
Epoch 13/300 43/48 loss: 0.7877 time 4.29s
Epoch 13/300 44/48 loss: 0.7838 time 4.29s
Epoch 13/300 45/48 loss: 0.7825 time 4.30s
Epoch 13/300 46/48 loss: 0.7830 time 4.30s
Epoch 13/300 47/48 loss: 0.7848 time 4.30s
Final training  13/299 loss: 0.7848 time 209.71s
Sun Aug 13 08:38:30 2023 Epoch: 14
Epoch 14/300 0/48 loss: 0.8823 time 9.67s
Epoch 14/300 1/48 loss: 0.9178 time 4.29s
Epoch 14/300 2/48 loss: 0.8157 time 4.29s
Epoch 14/300 3/48 loss: 0.7976 time 4.29s
Epoch 14/300 4/48 loss: 0.7830 time 4.29s
Epoch 14/300 5/48 loss: 0.7794 time 4.29s
Epoch 14/300 6/48 loss: 0.7632 time 4.29s
Epoch 14/300 7/48 loss: 0.7751 time 4.29s
Epoch 14/300 8/48 loss: 0.7608 time 4.29s
Epoch 14/300 9/48 loss: 0.7760 time 4.46s
Epoch 14/300 10/48 loss: 0.7838 time 4.31s
Epoch 14/300 11/48 loss: 0.7903 time 4.29s
Epoch 14/300 12/48 loss: 0.8025 time 4.30s
Epoch 14/300 13/48 loss: 0.7959 time 4.29s
Epoch 14/300 14/48 loss: 0.7996 time 4.30s
Epoch 14/300 15/48 loss: 0.7936 time 4.29s
Epoch 14/300 16/48 loss: 0.7879 time 4.29s
Epoch 14/300 17/48 loss: 0.7941 time 4.30s
Epoch 14/300 18/48 loss: 0.7897 time 4.29s
Epoch 14/300 19/48 loss: 0.7941 time 4.29s
Epoch 14/300 20/48 loss: 0.7848 time 4.29s
Epoch 14/300 21/48 loss: 0.7830 time 4.29s
Epoch 14/300 22/48 loss: 0.7850 time 4.29s
Epoch 14/300 23/48 loss: 0.7855 time 4.30s
Epoch 14/300 24/48 loss: 0.7940 time 4.29s
Epoch 14/300 25/48 loss: 0.7908 time 4.29s
Epoch 14/300 26/48 loss: 0.7873 time 4.30s
Epoch 14/300 27/48 loss: 0.7888 time 4.30s
Epoch 14/300 28/48 loss: 0.7894 time 4.30s
Epoch 14/300 29/48 loss: 0.7933 time 4.30s
Epoch 14/300 30/48 loss: 0.7908 time 4.29s
Epoch 14/300 31/48 loss: 0.7939 time 4.29s
Epoch 14/300 32/48 loss: 0.7897 time 4.29s
Epoch 14/300 33/48 loss: 0.7895 time 4.29s
Epoch 14/300 34/48 loss: 0.7888 time 4.29s
Epoch 14/300 35/48 loss: 0.7866 time 4.29s
Epoch 14/300 36/48 loss: 0.7913 time 4.30s
Epoch 14/300 37/48 loss: 0.7859 time 4.29s
Epoch 14/300 38/48 loss: 0.7874 time 4.29s
Epoch 14/300 39/48 loss: 0.7881 time 4.29s
Epoch 14/300 40/48 loss: 0.7849 time 4.29s
Epoch 14/300 41/48 loss: 0.7841 time 4.29s
Epoch 14/300 42/48 loss: 0.7821 time 4.30s
Epoch 14/300 43/48 loss: 0.7833 time 4.30s
Epoch 14/300 44/48 loss: 0.7794 time 4.30s
Epoch 14/300 45/48 loss: 0.7813 time 4.30s
Epoch 14/300 46/48 loss: 0.7839 time 4.29s
Epoch 14/300 47/48 loss: 0.7820 time 4.29s
Final training  14/299 loss: 0.7820 time 211.71s
Sun Aug 13 08:42:02 2023 Epoch: 15
Epoch 15/300 0/48 loss: 0.7208 time 10.14s
Epoch 15/300 1/48 loss: 0.8106 time 4.28s
Epoch 15/300 2/48 loss: 0.7737 time 4.29s
Epoch 15/300 3/48 loss: 0.7411 time 4.29s
Epoch 15/300 4/48 loss: 0.7439 time 4.29s
Epoch 15/300 5/48 loss: 0.7307 time 4.29s
Epoch 15/300 6/48 loss: 0.7272 time 4.29s
Epoch 15/300 7/48 loss: 0.7228 time 4.29s
Epoch 15/300 8/48 loss: 0.7214 time 4.29s
Epoch 15/300 9/48 loss: 0.7150 time 4.29s
Epoch 15/300 10/48 loss: 0.7190 time 4.30s
Epoch 15/300 11/48 loss: 0.7349 time 4.30s
Epoch 15/300 12/48 loss: 0.7445 time 4.29s
Epoch 15/300 13/48 loss: 0.7560 time 4.29s
Epoch 15/300 14/48 loss: 0.7655 time 4.29s
Epoch 15/300 15/48 loss: 0.7695 time 4.29s
Epoch 15/300 16/48 loss: 0.7742 time 4.29s
Epoch 15/300 17/48 loss: 0.7771 time 4.29s
Epoch 15/300 18/48 loss: 0.7735 time 4.29s
Epoch 15/300 19/48 loss: 0.7695 time 4.30s
Epoch 15/300 20/48 loss: 0.7662 time 4.29s
Epoch 15/300 21/48 loss: 0.7649 time 4.29s
Epoch 15/300 22/48 loss: 0.7675 time 4.29s
Epoch 15/300 23/48 loss: 0.7705 time 4.29s
Epoch 15/300 24/48 loss: 0.7635 time 4.30s
Epoch 15/300 25/48 loss: 0.7669 time 4.29s
Epoch 15/300 26/48 loss: 0.7738 time 4.30s
Epoch 15/300 27/48 loss: 0.7716 time 4.30s
Epoch 15/300 28/48 loss: 0.7698 time 4.30s
Epoch 15/300 29/48 loss: 0.7736 time 4.29s
Epoch 15/300 30/48 loss: 0.7683 time 4.29s
Epoch 15/300 31/48 loss: 0.7693 time 4.29s
Epoch 15/300 32/48 loss: 0.7669 time 4.29s
Epoch 15/300 33/48 loss: 0.7737 time 4.29s
Epoch 15/300 34/48 loss: 0.7739 time 4.29s
Epoch 15/300 35/48 loss: 0.7764 time 4.29s
Epoch 15/300 36/48 loss: 0.7768 time 4.29s
Epoch 15/300 37/48 loss: 0.7723 time 4.29s
Epoch 15/300 38/48 loss: 0.7770 time 4.29s
Epoch 15/300 39/48 loss: 0.7738 time 4.29s
Epoch 15/300 40/48 loss: 0.7689 time 4.30s
Epoch 15/300 41/48 loss: 0.7678 time 4.30s
Epoch 15/300 42/48 loss: 0.7677 time 4.29s
Epoch 15/300 43/48 loss: 0.7698 time 4.30s
Epoch 15/300 44/48 loss: 0.7737 time 4.29s
Epoch 15/300 45/48 loss: 0.7760 time 4.29s
Epoch 15/300 46/48 loss: 0.7782 time 4.29s
Epoch 15/300 47/48 loss: 0.7788 time 4.29s
Final training  15/299 loss: 0.7788 time 211.97s
Sun Aug 13 08:45:34 2023 Epoch: 16
Epoch 16/300 0/48 loss: 0.6804 time 8.52s
Epoch 16/300 1/48 loss: 0.7454 time 4.30s
Epoch 16/300 2/48 loss: 0.7285 time 4.29s
Epoch 16/300 3/48 loss: 0.7539 time 4.29s
Epoch 16/300 4/48 loss: 0.7548 time 4.29s
Epoch 16/300 5/48 loss: 0.7689 time 4.29s
Epoch 16/300 6/48 loss: 0.7565 time 4.29s
Epoch 16/300 7/48 loss: 0.7433 time 4.30s
Epoch 16/300 8/48 loss: 0.7392 time 4.29s
Epoch 16/300 9/48 loss: 0.7507 time 4.30s
Epoch 16/300 10/48 loss: 0.7607 time 4.30s
Epoch 16/300 11/48 loss: 0.7728 time 4.29s
Epoch 16/300 12/48 loss: 0.7627 time 4.29s
Epoch 16/300 13/48 loss: 0.7506 time 4.29s
Epoch 16/300 14/48 loss: 0.7643 time 4.29s
Epoch 16/300 15/48 loss: 0.7700 time 4.29s
Epoch 16/300 16/48 loss: 0.7634 time 4.29s
Epoch 16/300 17/48 loss: 0.7531 time 4.29s
Epoch 16/300 18/48 loss: 0.7551 time 4.29s
Epoch 16/300 19/48 loss: 0.7536 time 4.29s
Epoch 16/300 20/48 loss: 0.7652 time 4.29s
Epoch 16/300 21/48 loss: 0.7736 time 4.29s
Epoch 16/300 22/48 loss: 0.7772 time 4.30s
Epoch 16/300 23/48 loss: 0.7801 time 4.30s
Epoch 16/300 24/48 loss: 0.7764 time 4.30s
Epoch 16/300 25/48 loss: 0.7697 time 4.30s
Epoch 16/300 26/48 loss: 0.7694 time 4.29s
Epoch 16/300 27/48 loss: 0.7681 time 4.29s
Epoch 16/300 28/48 loss: 0.7685 time 4.29s
Epoch 16/300 29/48 loss: 0.7723 time 4.29s
Epoch 16/300 30/48 loss: 0.7756 time 4.30s
Epoch 16/300 31/48 loss: 0.7770 time 4.29s
Epoch 16/300 32/48 loss: 0.7746 time 4.29s
Epoch 16/300 33/48 loss: 0.7727 time 4.29s
Epoch 16/300 34/48 loss: 0.7703 time 4.29s
Epoch 16/300 35/48 loss: 0.7709 time 4.30s
Epoch 16/300 36/48 loss: 0.7663 time 4.29s
Epoch 16/300 37/48 loss: 0.7629 time 4.29s
Epoch 16/300 38/48 loss: 0.7662 time 4.30s
Epoch 16/300 39/48 loss: 0.7707 time 4.30s
Epoch 16/300 40/48 loss: 0.7687 time 4.30s
Epoch 16/300 41/48 loss: 0.7717 time 4.30s
Epoch 16/300 42/48 loss: 0.7729 time 4.29s
Epoch 16/300 43/48 loss: 0.7751 time 4.29s
Epoch 16/300 44/48 loss: 0.7735 time 4.29s
Epoch 16/300 45/48 loss: 0.7722 time 4.29s
Epoch 16/300 46/48 loss: 0.7717 time 4.30s
Epoch 16/300 47/48 loss: 0.7743 time 4.29s
Final training  16/299 loss: 0.7743 time 210.39s
Sun Aug 13 08:49:04 2023 Epoch: 17
Epoch 17/300 0/48 loss: 0.8718 time 7.82s
Epoch 17/300 1/48 loss: 0.9127 time 4.29s
Epoch 17/300 2/48 loss: 0.7995 time 4.29s
Epoch 17/300 3/48 loss: 0.7590 time 4.29s
Epoch 17/300 4/48 loss: 0.7626 time 4.29s
Epoch 17/300 5/48 loss: 0.7357 time 4.30s
Epoch 17/300 6/48 loss: 0.7287 time 4.29s
Epoch 17/300 7/48 loss: 0.7237 time 4.30s
Epoch 17/300 8/48 loss: 0.7205 time 4.30s
Epoch 17/300 9/48 loss: 0.7339 time 4.29s
Epoch 17/300 10/48 loss: 0.7208 time 4.30s
Epoch 17/300 11/48 loss: 0.7135 time 4.30s
Epoch 17/300 12/48 loss: 0.7193 time 4.29s
Epoch 17/300 13/48 loss: 0.7283 time 4.29s
Epoch 17/300 14/48 loss: 0.7229 time 4.29s
Epoch 17/300 15/48 loss: 0.7337 time 4.29s
Epoch 17/300 16/48 loss: 0.7390 time 4.29s
Epoch 17/300 17/48 loss: 0.7479 time 4.29s
Epoch 17/300 18/48 loss: 0.7555 time 4.29s
Epoch 17/300 19/48 loss: 0.7596 time 4.29s
Epoch 17/300 20/48 loss: 0.7545 time 4.29s
Epoch 17/300 21/48 loss: 0.7546 time 4.30s
Epoch 17/300 22/48 loss: 0.7652 time 4.30s
Epoch 17/300 23/48 loss: 0.7618 time 4.29s
Epoch 17/300 24/48 loss: 0.7614 time 4.30s
Epoch 17/300 25/48 loss: 0.7636 time 4.29s
Epoch 17/300 26/48 loss: 0.7650 time 4.29s
Epoch 17/300 27/48 loss: 0.7671 time 4.29s
Epoch 17/300 28/48 loss: 0.7614 time 4.29s
Epoch 17/300 29/48 loss: 0.7588 time 4.29s
Epoch 17/300 30/48 loss: 0.7649 time 4.29s
Epoch 17/300 31/48 loss: 0.7630 time 4.29s
Epoch 17/300 32/48 loss: 0.7603 time 4.29s
Epoch 17/300 33/48 loss: 0.7593 time 4.30s
Epoch 17/300 34/48 loss: 0.7619 time 4.29s
Epoch 17/300 35/48 loss: 0.7646 time 4.29s
Epoch 17/300 36/48 loss: 0.7634 time 4.30s
Epoch 17/300 37/48 loss: 0.7682 time 4.29s
Epoch 17/300 38/48 loss: 0.7716 time 4.30s
Epoch 17/300 39/48 loss: 0.7698 time 4.30s
Epoch 17/300 40/48 loss: 0.7725 time 4.29s
Epoch 17/300 41/48 loss: 0.7729 time 4.29s
Epoch 17/300 42/48 loss: 0.7715 time 4.29s
Epoch 17/300 43/48 loss: 0.7737 time 4.29s
Epoch 17/300 44/48 loss: 0.7717 time 4.29s
Epoch 17/300 45/48 loss: 0.7701 time 4.29s
Epoch 17/300 46/48 loss: 0.7717 time 4.29s
Epoch 17/300 47/48 loss: 0.7711 time 4.29s
Final training  17/299 loss: 0.7711 time 209.72s
Sun Aug 13 08:52:34 2023 Epoch: 18
Epoch 18/300 0/48 loss: 0.5985 time 8.87s
Epoch 18/300 1/48 loss: 0.7073 time 4.29s
Epoch 18/300 2/48 loss: 0.7719 time 4.29s
Epoch 18/300 3/48 loss: 0.7537 time 4.29s
Epoch 18/300 4/48 loss: 0.7381 time 4.30s
Epoch 18/300 5/48 loss: 0.7360 time 4.29s
Epoch 18/300 6/48 loss: 0.7520 time 4.30s
Epoch 18/300 7/48 loss: 0.7314 time 4.29s
Epoch 18/300 8/48 loss: 0.7331 time 4.30s
Epoch 18/300 9/48 loss: 0.7166 time 4.29s
Epoch 18/300 10/48 loss: 0.7287 time 4.29s
Epoch 18/300 11/48 loss: 0.7470 time 4.29s
Epoch 18/300 12/48 loss: 0.7475 time 4.29s
Epoch 18/300 13/48 loss: 0.7577 time 4.29s
Epoch 18/300 14/48 loss: 0.7651 time 4.29s
Epoch 18/300 15/48 loss: 0.7605 time 4.29s
Epoch 18/300 16/48 loss: 0.7668 time 4.29s
Epoch 18/300 17/48 loss: 0.7796 time 4.29s
Epoch 18/300 18/48 loss: 0.7808 time 4.29s
Epoch 18/300 19/48 loss: 0.7739 time 4.30s
Epoch 18/300 20/48 loss: 0.7707 time 4.29s
Epoch 18/300 21/48 loss: 0.7642 time 4.30s
Epoch 18/300 22/48 loss: 0.7678 time 4.29s
Epoch 18/300 23/48 loss: 0.7715 time 4.29s
Epoch 18/300 24/48 loss: 0.7715 time 4.29s
Epoch 18/300 25/48 loss: 0.7757 time 4.30s
Epoch 18/300 26/48 loss: 0.7773 time 4.29s
Epoch 18/300 27/48 loss: 0.7706 time 4.29s
Epoch 18/300 28/48 loss: 0.7664 time 4.29s
Epoch 18/300 29/48 loss: 0.7688 time 4.29s
Epoch 18/300 30/48 loss: 0.7660 time 4.29s
Epoch 18/300 31/48 loss: 0.7630 time 4.29s
Epoch 18/300 32/48 loss: 0.7669 time 4.29s
Epoch 18/300 33/48 loss: 0.7673 time 4.29s
Epoch 18/300 34/48 loss: 0.7724 time 4.29s
Epoch 18/300 35/48 loss: 0.7699 time 4.30s
Epoch 18/300 36/48 loss: 0.7679 time 4.30s
Epoch 18/300 37/48 loss: 0.7660 time 4.30s
Epoch 18/300 38/48 loss: 0.7627 time 4.29s
Epoch 18/300 39/48 loss: 0.7632 time 4.29s
Epoch 18/300 40/48 loss: 0.7610 time 4.29s
Epoch 18/300 41/48 loss: 0.7643 time 4.29s
Epoch 18/300 42/48 loss: 0.7659 time 4.29s
Epoch 18/300 43/48 loss: 0.7648 time 4.29s
Epoch 18/300 44/48 loss: 0.7642 time 4.29s
Epoch 18/300 45/48 loss: 0.7653 time 4.29s
Epoch 18/300 46/48 loss: 0.7693 time 4.29s
Epoch 18/300 47/48 loss: 0.7675 time 4.29s
Final training  18/299 loss: 0.7675 time 210.74s
Sun Aug 13 08:56:05 2023 Epoch: 19
Epoch 19/300 0/48 loss: 0.8500 time 7.76s
Epoch 19/300 1/48 loss: 0.8516 time 4.29s
Epoch 19/300 2/48 loss: 0.8667 time 4.30s
Epoch 19/300 3/48 loss: 0.7986 time 4.30s
Epoch 19/300 4/48 loss: 0.8024 time 4.30s
Epoch 19/300 5/48 loss: 0.8096 time 4.29s
Epoch 19/300 6/48 loss: 0.8175 time 4.29s
Epoch 19/300 7/48 loss: 0.8151 time 4.29s
Epoch 19/300 8/48 loss: 0.8183 time 4.29s
Epoch 19/300 9/48 loss: 0.8311 time 4.30s
Epoch 19/300 10/48 loss: 0.8072 time 4.29s
Epoch 19/300 11/48 loss: 0.7988 time 4.29s
Epoch 19/300 12/48 loss: 0.7865 time 4.29s
Epoch 19/300 13/48 loss: 0.7788 time 4.29s
Epoch 19/300 14/48 loss: 0.7770 time 4.29s
Epoch 19/300 15/48 loss: 0.7709 time 4.29s
Epoch 19/300 16/48 loss: 0.7843 time 4.29s
Epoch 19/300 17/48 loss: 0.7858 time 4.29s
Epoch 19/300 18/48 loss: 0.7855 time 4.30s
Epoch 19/300 19/48 loss: 0.7852 time 4.29s
Epoch 19/300 20/48 loss: 0.7807 time 4.30s
Epoch 19/300 21/48 loss: 0.7759 time 4.29s
Epoch 19/300 22/48 loss: 0.7782 time 4.29s
Epoch 19/300 23/48 loss: 0.7757 time 4.29s
Epoch 19/300 24/48 loss: 0.7680 time 4.29s
Epoch 19/300 25/48 loss: 0.7662 time 4.29s
Epoch 19/300 26/48 loss: 0.7680 time 4.29s
Epoch 19/300 27/48 loss: 0.7722 time 4.29s
Epoch 19/300 28/48 loss: 0.7687 time 4.29s
Epoch 19/300 29/48 loss: 0.7652 time 4.29s
Epoch 19/300 30/48 loss: 0.7594 time 4.29s
Epoch 19/300 31/48 loss: 0.7573 time 4.29s
Epoch 19/300 32/48 loss: 0.7534 time 4.30s
Epoch 19/300 33/48 loss: 0.7590 time 4.30s
Epoch 19/300 34/48 loss: 0.7570 time 4.30s
Epoch 19/300 35/48 loss: 0.7539 time 4.30s
Epoch 19/300 36/48 loss: 0.7534 time 4.30s
Epoch 19/300 37/48 loss: 0.7520 time 4.29s
Epoch 19/300 38/48 loss: 0.7518 time 4.29s
Epoch 19/300 39/48 loss: 0.7522 time 4.29s
Epoch 19/300 40/48 loss: 0.7558 time 4.29s
Epoch 19/300 41/48 loss: 0.7584 time 4.29s
Epoch 19/300 42/48 loss: 0.7553 time 4.29s
Epoch 19/300 43/48 loss: 0.7584 time 4.29s
Epoch 19/300 44/48 loss: 0.7602 time 4.29s
Epoch 19/300 45/48 loss: 0.7627 time 4.29s
Epoch 19/300 46/48 loss: 0.7668 time 4.29s
Epoch 19/300 47/48 loss: 0.7649 time 4.29s
Final training  19/299 loss: 0.7649 time 209.63s
Sun Aug 13 08:59:34 2023 Epoch: 20
Epoch 20/300 0/48 loss: 0.6647 time 10.04s
Epoch 20/300 1/48 loss: 0.7207 time 4.28s
Epoch 20/300 2/48 loss: 0.7518 time 4.28s
Epoch 20/300 3/48 loss: 0.7668 time 4.29s
Epoch 20/300 4/48 loss: 0.7833 time 4.30s
Epoch 20/300 5/48 loss: 0.7662 time 4.29s
Epoch 20/300 6/48 loss: 0.7534 time 4.29s
Epoch 20/300 7/48 loss: 0.7333 time 4.29s
Epoch 20/300 8/48 loss: 0.7418 time 4.29s
Epoch 20/300 9/48 loss: 0.7232 time 4.29s
Epoch 20/300 10/48 loss: 0.7482 time 4.29s
Epoch 20/300 11/48 loss: 0.7522 time 4.29s
Epoch 20/300 12/48 loss: 0.7471 time 4.29s
Epoch 20/300 13/48 loss: 0.7420 time 4.30s
Epoch 20/300 14/48 loss: 0.7348 time 4.29s
Epoch 20/300 15/48 loss: 0.7480 time 4.29s
Epoch 20/300 16/48 loss: 0.7384 time 4.30s
Epoch 20/300 17/48 loss: 0.7345 time 4.30s
Epoch 20/300 18/48 loss: 0.7431 time 4.30s
Epoch 20/300 19/48 loss: 0.7407 time 4.29s
Epoch 20/300 20/48 loss: 0.7451 time 4.29s
Epoch 20/300 21/48 loss: 0.7507 time 4.29s
Epoch 20/300 22/48 loss: 0.7567 time 4.29s
Epoch 20/300 23/48 loss: 0.7519 time 4.29s
Epoch 20/300 24/48 loss: 0.7495 time 4.29s
Epoch 20/300 25/48 loss: 0.7531 time 4.29s
Epoch 20/300 26/48 loss: 0.7517 time 4.29s
Epoch 20/300 27/48 loss: 0.7486 time 4.29s
Epoch 20/300 28/48 loss: 0.7492 time 4.29s
Epoch 20/300 29/48 loss: 0.7518 time 4.29s
Epoch 20/300 30/48 loss: 0.7494 time 4.29s
Epoch 20/300 31/48 loss: 0.7484 time 4.30s
Epoch 20/300 32/48 loss: 0.7471 time 4.30s
Epoch 20/300 33/48 loss: 0.7498 time 4.30s
Epoch 20/300 34/48 loss: 0.7493 time 4.30s
Epoch 20/300 35/48 loss: 0.7457 time 4.29s
Epoch 20/300 36/48 loss: 0.7411 time 4.29s
Epoch 20/300 37/48 loss: 0.7421 time 4.29s
Epoch 20/300 38/48 loss: 0.7457 time 4.29s
Epoch 20/300 39/48 loss: 0.7481 time 4.29s
Epoch 20/300 40/48 loss: 0.7481 time 4.29s
Epoch 20/300 41/48 loss: 0.7510 time 4.29s
Epoch 20/300 42/48 loss: 0.7508 time 4.29s
Epoch 20/300 43/48 loss: 0.7550 time 4.29s
Epoch 20/300 44/48 loss: 0.7521 time 4.29s
Epoch 20/300 45/48 loss: 0.7544 time 4.29s
Epoch 20/300 46/48 loss: 0.7586 time 4.30s
Epoch 20/300 47/48 loss: 0.7614 time 4.30s
Final training  20/299 loss: 0.7614 time 211.89s
Sun Aug 13 09:03:06 2023 Epoch: 21
Epoch 21/300 0/48 loss: 0.6721 time 7.97s
Epoch 21/300 1/48 loss: 0.7484 time 4.30s
Epoch 21/300 2/48 loss: 0.7942 time 4.29s
Epoch 21/300 3/48 loss: 0.7666 time 4.29s
Epoch 21/300 4/48 loss: 0.7296 time 4.29s
Epoch 21/300 5/48 loss: 0.7038 time 4.29s
Epoch 21/300 6/48 loss: 0.7018 time 4.29s
Epoch 21/300 7/48 loss: 0.6970 time 4.29s
Epoch 21/300 8/48 loss: 0.7244 time 4.29s
Epoch 21/300 9/48 loss: 0.7284 time 4.29s
Epoch 21/300 10/48 loss: 0.7327 time 4.29s
Epoch 21/300 11/48 loss: 0.7548 time 4.30s
Epoch 21/300 12/48 loss: 0.7518 time 4.29s
Epoch 21/300 13/48 loss: 0.7480 time 4.29s
Epoch 21/300 14/48 loss: 0.7423 time 4.29s
Epoch 21/300 15/48 loss: 0.7484 time 4.30s
Epoch 21/300 16/48 loss: 0.7449 time 4.30s
Epoch 21/300 17/48 loss: 0.7512 time 4.29s
Epoch 21/300 18/48 loss: 0.7559 time 4.29s
Epoch 21/300 19/48 loss: 0.7517 time 4.29s
Epoch 21/300 20/48 loss: 0.7438 time 4.29s
Epoch 21/300 21/48 loss: 0.7495 time 4.29s
Epoch 21/300 22/48 loss: 0.7537 time 4.29s
Epoch 21/300 23/48 loss: 0.7504 time 4.29s
Epoch 21/300 24/48 loss: 0.7540 time 4.29s
Epoch 21/300 25/48 loss: 0.7615 time 4.29s
Epoch 21/300 26/48 loss: 0.7664 time 4.29s
Epoch 21/300 27/48 loss: 0.7586 time 4.29s
Epoch 21/300 28/48 loss: 0.7604 time 4.29s
Epoch 21/300 29/48 loss: 0.7564 time 4.30s
Epoch 21/300 30/48 loss: 0.7521 time 4.30s
Epoch 21/300 31/48 loss: 0.7533 time 4.29s
Epoch 21/300 32/48 loss: 0.7491 time 4.30s
Epoch 21/300 33/48 loss: 0.7499 time 4.29s
Epoch 21/300 34/48 loss: 0.7553 time 4.29s
Epoch 21/300 35/48 loss: 0.7548 time 4.29s
Epoch 21/300 36/48 loss: 0.7563 time 4.29s
Epoch 21/300 37/48 loss: 0.7599 time 4.30s
Epoch 21/300 38/48 loss: 0.7590 time 4.29s
Epoch 21/300 39/48 loss: 0.7602 time 4.29s
Epoch 21/300 40/48 loss: 0.7619 time 4.29s
Epoch 21/300 41/48 loss: 0.7598 time 4.29s
Epoch 21/300 42/48 loss: 0.7567 time 4.29s
Epoch 21/300 43/48 loss: 0.7557 time 4.29s
Epoch 21/300 44/48 loss: 0.7580 time 4.29s
Epoch 21/300 45/48 loss: 0.7577 time 4.30s
Epoch 21/300 46/48 loss: 0.7603 time 4.30s
Epoch 21/300 47/48 loss: 0.7583 time 4.30s
Final training  21/299 loss: 0.7583 time 209.82s
Sun Aug 13 09:06:36 2023 Epoch: 22
Epoch 22/300 0/48 loss: 0.6162 time 8.46s
Epoch 22/300 1/48 loss: 0.6943 time 4.30s
Epoch 22/300 2/48 loss: 0.7325 time 4.29s
Epoch 22/300 3/48 loss: 0.7163 time 4.29s
Epoch 22/300 4/48 loss: 0.7511 time 4.29s
Epoch 22/300 5/48 loss: 0.7369 time 4.29s
Epoch 22/300 6/48 loss: 0.7470 time 4.29s
Epoch 22/300 7/48 loss: 0.7563 time 4.29s
Epoch 22/300 8/48 loss: 0.7598 time 4.29s
Epoch 22/300 9/48 loss: 0.7575 time 4.30s
Epoch 22/300 10/48 loss: 0.7543 time 4.29s
Epoch 22/300 11/48 loss: 0.7407 time 4.30s
Epoch 22/300 12/48 loss: 0.7312 time 4.29s
Epoch 22/300 13/48 loss: 0.7420 time 4.30s
Epoch 22/300 14/48 loss: 0.7483 time 4.30s
Epoch 22/300 15/48 loss: 0.7377 time 4.29s
Epoch 22/300 16/48 loss: 0.7327 time 4.29s
Epoch 22/300 17/48 loss: 0.7223 time 4.29s
Epoch 22/300 18/48 loss: 0.7295 time 4.29s
Epoch 22/300 19/48 loss: 0.7273 time 4.29s
Epoch 22/300 20/48 loss: 0.7259 time 4.29s
Epoch 22/300 21/48 loss: 0.7322 time 4.29s
Epoch 22/300 22/48 loss: 0.7371 time 4.29s
Epoch 22/300 23/48 loss: 0.7340 time 4.29s
Epoch 22/300 24/48 loss: 0.7379 time 4.29s
Epoch 22/300 25/48 loss: 0.7339 time 4.29s
Epoch 22/300 26/48 loss: 0.7331 time 4.29s
Epoch 22/300 27/48 loss: 0.7272 time 4.29s
Epoch 22/300 28/48 loss: 0.7257 time 4.29s
Epoch 22/300 29/48 loss: 0.7269 time 4.30s
Epoch 22/300 30/48 loss: 0.7294 time 4.30s
Epoch 22/300 31/48 loss: 0.7333 time 4.29s
Epoch 22/300 32/48 loss: 0.7377 time 4.29s
Epoch 22/300 33/48 loss: 0.7406 time 4.29s
Epoch 22/300 34/48 loss: 0.7480 time 4.30s
Epoch 22/300 35/48 loss: 0.7534 time 4.29s
Epoch 22/300 36/48 loss: 0.7499 time 4.29s
Epoch 22/300 37/48 loss: 0.7488 time 4.29s
Epoch 22/300 38/48 loss: 0.7539 time 4.29s
Epoch 22/300 39/48 loss: 0.7543 time 4.29s
Epoch 22/300 40/48 loss: 0.7540 time 4.29s
Epoch 22/300 41/48 loss: 0.7560 time 4.29s
Epoch 22/300 42/48 loss: 0.7538 time 4.29s
Epoch 22/300 43/48 loss: 0.7520 time 4.30s
Epoch 22/300 44/48 loss: 0.7561 time 4.29s
Epoch 22/300 45/48 loss: 0.7544 time 4.30s
Epoch 22/300 46/48 loss: 0.7573 time 4.29s
Epoch 22/300 47/48 loss: 0.7554 time 4.29s
Final training  22/299 loss: 0.7554 time 210.32s
Sun Aug 13 09:10:06 2023 Epoch: 23
Epoch 23/300 0/48 loss: 0.5656 time 8.41s
Epoch 23/300 1/48 loss: 0.6497 time 4.29s
Epoch 23/300 2/48 loss: 0.7455 time 4.30s
Epoch 23/300 3/48 loss: 0.7963 time 4.29s
Epoch 23/300 4/48 loss: 0.8011 time 4.29s
Epoch 23/300 5/48 loss: 0.7940 time 4.29s
Epoch 23/300 6/48 loss: 0.8059 time 4.29s
Epoch 23/300 7/48 loss: 0.7870 time 4.29s
Epoch 23/300 8/48 loss: 0.7736 time 4.29s
Epoch 23/300 9/48 loss: 0.7596 time 4.30s
Epoch 23/300 10/48 loss: 0.7394 time 4.30s
Epoch 23/300 11/48 loss: 0.7345 time 4.29s
Epoch 23/300 12/48 loss: 0.7374 time 4.29s
Epoch 23/300 13/48 loss: 0.7444 time 4.30s
Epoch 23/300 14/48 loss: 0.7539 time 4.30s
Epoch 23/300 15/48 loss: 0.7619 time 4.30s
Epoch 23/300 16/48 loss: 0.7536 time 4.29s
Epoch 23/300 17/48 loss: 0.7641 time 4.29s
Epoch 23/300 18/48 loss: 0.7675 time 4.29s
Epoch 23/300 19/48 loss: 0.7691 time 4.29s
Epoch 23/300 20/48 loss: 0.7649 time 4.29s
Epoch 23/300 21/48 loss: 0.7617 time 4.29s
Epoch 23/300 22/48 loss: 0.7538 time 4.29s
Epoch 23/300 23/48 loss: 0.7500 time 4.29s
Epoch 23/300 24/48 loss: 0.7599 time 4.29s
Epoch 23/300 25/48 loss: 0.7578 time 4.29s
Epoch 23/300 26/48 loss: 0.7572 time 4.30s
Epoch 23/300 27/48 loss: 0.7575 time 4.29s
Epoch 23/300 28/48 loss: 0.7525 time 4.30s
Epoch 23/300 29/48 loss: 0.7555 time 4.29s
Epoch 23/300 30/48 loss: 0.7539 time 4.29s
Epoch 23/300 31/48 loss: 0.7573 time 4.29s
Epoch 23/300 32/48 loss: 0.7542 time 4.29s
Epoch 23/300 33/48 loss: 0.7516 time 4.29s
Epoch 23/300 34/48 loss: 0.7494 time 4.29s
Epoch 23/300 35/48 loss: 0.7444 time 4.29s
Epoch 23/300 36/48 loss: 0.7474 time 4.29s
Epoch 23/300 37/48 loss: 0.7489 time 4.29s
Epoch 23/300 38/48 loss: 0.7503 time 4.29s
Epoch 23/300 39/48 loss: 0.7524 time 4.29s
Epoch 23/300 40/48 loss: 0.7558 time 4.29s
Epoch 23/300 41/48 loss: 0.7535 time 4.30s
Epoch 23/300 42/48 loss: 0.7559 time 4.30s
Epoch 23/300 43/48 loss: 0.7565 time 4.30s
Epoch 23/300 44/48 loss: 0.7556 time 4.30s
Epoch 23/300 45/48 loss: 0.7533 time 4.29s
Epoch 23/300 46/48 loss: 0.7550 time 4.29s
Epoch 23/300 47/48 loss: 0.7520 time 4.29s
Final training  23/299 loss: 0.7520 time 210.28s
Sun Aug 13 09:13:37 2023 Epoch: 24
Epoch 24/300 0/48 loss: 0.8025 time 8.81s
Epoch 24/300 1/48 loss: 0.7837 time 4.29s
Epoch 24/300 2/48 loss: 0.7880 time 4.29s
Epoch 24/300 3/48 loss: 0.7987 time 4.29s
Epoch 24/300 4/48 loss: 0.7708 time 4.29s
Epoch 24/300 5/48 loss: 0.7438 time 4.29s
Epoch 24/300 6/48 loss: 0.7712 time 4.29s
Epoch 24/300 7/48 loss: 0.7798 time 4.29s
Epoch 24/300 8/48 loss: 0.7880 time 4.30s
Epoch 24/300 9/48 loss: 0.7702 time 4.30s
Epoch 24/300 10/48 loss: 0.7751 time 4.30s
Epoch 24/300 11/48 loss: 0.7578 time 4.30s
Epoch 24/300 12/48 loss: 0.7583 time 4.29s
Epoch 24/300 13/48 loss: 0.7546 time 4.30s
Epoch 24/300 14/48 loss: 0.7454 time 4.29s
Epoch 24/300 15/48 loss: 0.7409 time 4.29s
Epoch 24/300 16/48 loss: 0.7432 time 4.29s
Epoch 24/300 17/48 loss: 0.7340 time 4.29s
Epoch 24/300 18/48 loss: 0.7232 time 4.29s
Epoch 24/300 19/48 loss: 0.7286 time 4.29s
Epoch 24/300 20/48 loss: 0.7279 time 4.29s
Epoch 24/300 21/48 loss: 0.7256 time 4.29s
Epoch 24/300 22/48 loss: 0.7258 time 4.29s
Epoch 24/300 23/48 loss: 0.7231 time 4.29s
Epoch 24/300 24/48 loss: 0.7167 time 4.29s
Epoch 24/300 25/48 loss: 0.7256 time 4.30s
Epoch 24/300 26/48 loss: 0.7306 time 4.30s
Epoch 24/300 27/48 loss: 0.7279 time 4.29s
Epoch 24/300 28/48 loss: 0.7244 time 4.29s
Epoch 24/300 29/48 loss: 0.7275 time 4.29s
Epoch 24/300 30/48 loss: 0.7327 time 4.29s
Epoch 24/300 31/48 loss: 0.7301 time 4.29s
Epoch 24/300 32/48 loss: 0.7346 time 4.29s
Epoch 24/300 33/48 loss: 0.7329 time 4.29s
Epoch 24/300 34/48 loss: 0.7335 time 4.29s
Epoch 24/300 35/48 loss: 0.7376 time 4.29s
Epoch 24/300 36/48 loss: 0.7431 time 4.29s
Epoch 24/300 37/48 loss: 0.7409 time 4.29s
Epoch 24/300 38/48 loss: 0.7397 time 4.29s
Epoch 24/300 39/48 loss: 0.7424 time 4.30s
Epoch 24/300 40/48 loss: 0.7399 time 4.30s
Epoch 24/300 41/48 loss: 0.7421 time 4.30s
Epoch 24/300 42/48 loss: 0.7413 time 4.30s
Epoch 24/300 43/48 loss: 0.7443 time 4.29s
Epoch 24/300 44/48 loss: 0.7441 time 4.29s
Epoch 24/300 45/48 loss: 0.7496 time 4.29s
Epoch 24/300 46/48 loss: 0.7507 time 4.29s
Epoch 24/300 47/48 loss: 0.7486 time 4.29s
Final training  24/299 loss: 0.7486 time 210.65s
Sun Aug 13 09:17:07 2023 Epoch: 25
Epoch 25/300 0/48 loss: 0.8300 time 7.60s
Epoch 25/300 1/48 loss: 0.7378 time 4.29s
Epoch 25/300 2/48 loss: 0.7004 time 4.29s
Epoch 25/300 3/48 loss: 0.7602 time 4.29s
Epoch 25/300 4/48 loss: 0.7610 time 4.29s
Epoch 25/300 5/48 loss: 0.7466 time 4.29s
Epoch 25/300 6/48 loss: 0.7218 time 4.29s
Epoch 25/300 7/48 loss: 0.7014 time 4.30s
Epoch 25/300 8/48 loss: 0.6956 time 4.30s
Epoch 25/300 9/48 loss: 0.7114 time 4.30s
Epoch 25/300 10/48 loss: 0.7317 time 4.29s
Epoch 25/300 11/48 loss: 0.7209 time 4.29s
Epoch 25/300 12/48 loss: 0.7185 time 4.29s
Epoch 25/300 13/48 loss: 0.7134 time 4.29s
Epoch 25/300 14/48 loss: 0.7149 time 4.29s
Epoch 25/300 15/48 loss: 0.7239 time 4.29s
Epoch 25/300 16/48 loss: 0.7312 time 4.29s
Epoch 25/300 17/48 loss: 0.7347 time 4.29s
Epoch 25/300 18/48 loss: 0.7389 time 4.29s
Epoch 25/300 19/48 loss: 0.7323 time 4.29s
Epoch 25/300 20/48 loss: 0.7369 time 4.30s
Epoch 25/300 21/48 loss: 0.7354 time 4.29s
Epoch 25/300 22/48 loss: 0.7445 time 4.29s
Epoch 25/300 23/48 loss: 0.7407 time 4.30s
Epoch 25/300 24/48 loss: 0.7441 time 4.30s
Epoch 25/300 25/48 loss: 0.7494 time 4.30s
Epoch 25/300 26/48 loss: 0.7466 time 4.29s
Epoch 25/300 27/48 loss: 0.7556 time 4.31s
Epoch 25/300 28/48 loss: 0.7557 time 4.29s
Epoch 25/300 29/48 loss: 0.7555 time 4.30s
Epoch 25/300 30/48 loss: 0.7569 time 4.29s
Epoch 25/300 31/48 loss: 0.7536 time 4.29s
Epoch 25/300 32/48 loss: 0.7493 time 4.29s
Epoch 25/300 33/48 loss: 0.7481 time 4.29s
Epoch 25/300 34/48 loss: 0.7468 time 4.29s
Epoch 25/300 35/48 loss: 0.7494 time 4.29s
Epoch 25/300 36/48 loss: 0.7488 time 4.29s
Epoch 25/300 37/48 loss: 0.7524 time 4.30s
Epoch 25/300 38/48 loss: 0.7475 time 4.30s
Epoch 25/300 39/48 loss: 0.7506 time 4.30s
Epoch 25/300 40/48 loss: 0.7518 time 4.29s
Epoch 25/300 41/48 loss: 0.7547 time 4.29s
Epoch 25/300 42/48 loss: 0.7527 time 4.29s
Epoch 25/300 43/48 loss: 0.7474 time 4.30s
Epoch 25/300 44/48 loss: 0.7454 time 4.29s
Epoch 25/300 45/48 loss: 0.7472 time 4.29s
Epoch 25/300 46/48 loss: 0.7478 time 4.29s
Epoch 25/300 47/48 loss: 0.7459 time 4.29s
Final training  25/299 loss: 0.7459 time 209.48s
Sun Aug 13 09:20:37 2023 Epoch: 26
Epoch 26/300 0/48 loss: 0.6457 time 11.49s
Epoch 26/300 1/48 loss: 0.6038 time 4.29s
Epoch 26/300 2/48 loss: 0.6360 time 4.28s
Epoch 26/300 3/48 loss: 0.6432 time 4.29s
Epoch 26/300 4/48 loss: 0.7010 time 4.30s
Epoch 26/300 5/48 loss: 0.7212 time 4.29s
Epoch 26/300 6/48 loss: 0.7360 time 4.30s
Epoch 26/300 7/48 loss: 0.7438 time 4.30s
Epoch 26/300 8/48 loss: 0.7540 time 4.29s
Epoch 26/300 9/48 loss: 0.7660 time 4.28s
Epoch 26/300 10/48 loss: 0.7702 time 4.30s
Epoch 26/300 11/48 loss: 0.7602 time 4.29s
Epoch 26/300 12/48 loss: 0.7624 time 4.29s
Epoch 26/300 13/48 loss: 0.7515 time 4.30s
Epoch 26/300 14/48 loss: 0.7643 time 4.29s
Epoch 26/300 15/48 loss: 0.7572 time 4.30s
Epoch 26/300 16/48 loss: 0.7595 time 4.29s
Epoch 26/300 17/48 loss: 0.7548 time 4.29s
Epoch 26/300 18/48 loss: 0.7549 time 4.29s
Epoch 26/300 19/48 loss: 0.7587 time 4.29s
Epoch 26/300 20/48 loss: 0.7628 time 4.29s
Epoch 26/300 21/48 loss: 0.7572 time 4.30s
Epoch 26/300 22/48 loss: 0.7534 time 4.30s
Epoch 26/300 23/48 loss: 0.7586 time 4.29s
Epoch 26/300 24/48 loss: 0.7537 time 4.29s
Epoch 26/300 25/48 loss: 0.7479 time 4.29s
Epoch 26/300 26/48 loss: 0.7478 time 4.29s
Epoch 26/300 27/48 loss: 0.7445 time 4.29s
Epoch 26/300 28/48 loss: 0.7532 time 4.29s
Epoch 26/300 29/48 loss: 0.7567 time 4.29s
Epoch 26/300 30/48 loss: 0.7544 time 4.29s
Epoch 26/300 31/48 loss: 0.7546 time 4.29s
Epoch 26/300 32/48 loss: 0.7601 time 4.29s
Epoch 26/300 33/48 loss: 0.7620 time 4.30s
Epoch 26/300 34/48 loss: 0.7580 time 4.29s
Epoch 26/300 35/48 loss: 0.7514 time 4.30s
Epoch 26/300 36/48 loss: 0.7465 time 4.29s
Epoch 26/300 37/48 loss: 0.7472 time 4.30s
Epoch 26/300 38/48 loss: 0.7435 time 4.29s
Epoch 26/300 39/48 loss: 0.7432 time 4.29s
Epoch 26/300 40/48 loss: 0.7428 time 4.29s
Epoch 26/300 41/48 loss: 0.7406 time 4.29s
Epoch 26/300 42/48 loss: 0.7363 time 4.29s
Epoch 26/300 43/48 loss: 0.7389 time 4.30s
Epoch 26/300 44/48 loss: 0.7380 time 4.29s
Epoch 26/300 45/48 loss: 0.7408 time 4.29s
Epoch 26/300 46/48 loss: 0.7439 time 4.29s
Epoch 26/300 47/48 loss: 0.7431 time 4.29s
Final training  26/299 loss: 0.7431 time 213.32s
Sun Aug 13 09:24:10 2023 Epoch: 27
Epoch 27/300 0/48 loss: 0.7464 time 7.63s
Epoch 27/300 1/48 loss: 0.7710 time 4.29s
Epoch 27/300 2/48 loss: 0.7791 time 4.30s
Epoch 27/300 3/48 loss: 0.7656 time 4.30s
Epoch 27/300 4/48 loss: 0.7423 time 4.29s
Epoch 27/300 5/48 loss: 0.7301 time 4.30s
Epoch 27/300 6/48 loss: 0.7449 time 4.29s
Epoch 27/300 7/48 loss: 0.7274 time 4.29s
Epoch 27/300 8/48 loss: 0.7384 time 4.29s
Epoch 27/300 9/48 loss: 0.7331 time 4.29s
Epoch 27/300 10/48 loss: 0.7410 time 4.29s
Epoch 27/300 11/48 loss: 0.7255 time 4.29s
Epoch 27/300 12/48 loss: 0.7260 time 4.29s
Epoch 27/300 13/48 loss: 0.7144 time 4.29s
Epoch 27/300 14/48 loss: 0.7247 time 4.29s
Epoch 27/300 15/48 loss: 0.7199 time 4.30s
Epoch 27/300 16/48 loss: 0.7363 time 4.29s
Epoch 27/300 17/48 loss: 0.7318 time 4.29s
Epoch 27/300 18/48 loss: 0.7284 time 4.29s
Epoch 27/300 19/48 loss: 0.7229 time 4.30s
Epoch 27/300 20/48 loss: 0.7193 time 4.30s
Epoch 27/300 21/48 loss: 0.7210 time 4.29s
Epoch 27/300 22/48 loss: 0.7301 time 4.29s
Epoch 27/300 23/48 loss: 0.7227 time 4.29s
Epoch 27/300 24/48 loss: 0.7247 time 4.29s
Epoch 27/300 25/48 loss: 0.7270 time 4.29s
Epoch 27/300 26/48 loss: 0.7238 time 4.29s
Epoch 27/300 27/48 loss: 0.7229 time 4.29s
Epoch 27/300 28/48 loss: 0.7206 time 4.29s
Epoch 27/300 29/48 loss: 0.7279 time 4.29s
Epoch 27/300 30/48 loss: 0.7254 time 4.29s
Epoch 27/300 31/48 loss: 0.7216 time 4.29s
Epoch 27/300 32/48 loss: 0.7208 time 4.29s
Epoch 27/300 33/48 loss: 0.7190 time 4.29s
Epoch 27/300 34/48 loss: 0.7229 time 4.29s
Epoch 27/300 35/48 loss: 0.7170 time 4.30s
Epoch 27/300 36/48 loss: 0.7213 time 4.30s
Epoch 27/300 37/48 loss: 0.7273 time 4.30s
Epoch 27/300 38/48 loss: 0.7294 time 4.29s
Epoch 27/300 39/48 loss: 0.7288 time 4.29s
Epoch 27/300 40/48 loss: 0.7311 time 4.29s
Epoch 27/300 41/48 loss: 0.7347 time 4.29s
Epoch 27/300 42/48 loss: 0.7368 time 4.29s
Epoch 27/300 43/48 loss: 0.7395 time 4.29s
Epoch 27/300 44/48 loss: 0.7363 time 4.29s
Epoch 27/300 45/48 loss: 0.7395 time 4.29s
Epoch 27/300 46/48 loss: 0.7398 time 4.29s
Epoch 27/300 47/48 loss: 0.7419 time 4.29s
Final training  27/299 loss: 0.7419 time 209.48s
Sun Aug 13 09:27:40 2023 Epoch: 28
Epoch 28/300 0/48 loss: 0.6038 time 8.22s
Epoch 28/300 1/48 loss: 0.6205 time 4.30s
Epoch 28/300 2/48 loss: 0.6651 time 4.30s
Epoch 28/300 3/48 loss: 0.6599 time 4.29s
Epoch 28/300 4/48 loss: 0.7024 time 4.30s
Epoch 28/300 5/48 loss: 0.6952 time 4.29s
Epoch 28/300 6/48 loss: 0.7176 time 4.29s
Epoch 28/300 7/48 loss: 0.7448 time 4.29s
Epoch 28/300 8/48 loss: 0.7233 time 4.29s
Epoch 28/300 9/48 loss: 0.7252 time 4.30s
Epoch 28/300 10/48 loss: 0.7251 time 4.29s
Epoch 28/300 11/48 loss: 0.7230 time 4.29s
Epoch 28/300 12/48 loss: 0.7353 time 4.29s
Epoch 28/300 13/48 loss: 0.7323 time 4.30s
Epoch 28/300 14/48 loss: 0.7357 time 4.29s
Epoch 28/300 15/48 loss: 0.7304 time 4.29s
Epoch 28/300 16/48 loss: 0.7359 time 4.30s
Epoch 28/300 17/48 loss: 0.7233 time 4.30s
Epoch 28/300 18/48 loss: 0.7349 time 4.30s
Epoch 28/300 19/48 loss: 0.7393 time 4.29s
Epoch 28/300 20/48 loss: 0.7350 time 4.29s
Epoch 28/300 21/48 loss: 0.7366 time 4.29s
Epoch 28/300 22/48 loss: 0.7451 time 4.29s
Epoch 28/300 23/48 loss: 0.7508 time 4.29s
Epoch 28/300 24/48 loss: 0.7428 time 4.29s
Epoch 28/300 25/48 loss: 0.7460 time 4.29s
Epoch 28/300 26/48 loss: 0.7496 time 4.29s
Epoch 28/300 27/48 loss: 0.7584 time 4.29s
Epoch 28/300 28/48 loss: 0.7558 time 4.29s
Epoch 28/300 29/48 loss: 0.7549 time 4.30s
Epoch 28/300 30/48 loss: 0.7561 time 4.29s
Epoch 28/300 31/48 loss: 0.7542 time 4.30s
Epoch 28/300 32/48 loss: 0.7500 time 4.29s
Epoch 28/300 33/48 loss: 0.7524 time 4.29s
Epoch 28/300 34/48 loss: 0.7526 time 4.30s
Epoch 28/300 35/48 loss: 0.7537 time 4.30s
Epoch 28/300 36/48 loss: 0.7506 time 4.29s
Epoch 28/300 37/48 loss: 0.7482 time 4.29s
Epoch 28/300 38/48 loss: 0.7501 time 4.29s
Epoch 28/300 39/48 loss: 0.7524 time 4.29s
Epoch 28/300 40/48 loss: 0.7503 time 4.29s
Epoch 28/300 41/48 loss: 0.7482 time 4.29s
Epoch 28/300 42/48 loss: 0.7457 time 4.29s
Epoch 28/300 43/48 loss: 0.7484 time 4.29s
Epoch 28/300 44/48 loss: 0.7452 time 4.29s
Epoch 28/300 45/48 loss: 0.7411 time 4.29s
Epoch 28/300 46/48 loss: 0.7380 time 4.29s
Epoch 28/300 47/48 loss: 0.7394 time 4.30s
Final training  28/299 loss: 0.7394 time 210.08s
Sun Aug 13 09:31:10 2023 Epoch: 29
Epoch 29/300 0/48 loss: 0.7694 time 7.85s
Epoch 29/300 1/48 loss: 0.6842 time 4.30s
Epoch 29/300 2/48 loss: 0.6687 time 4.30s
Epoch 29/300 3/48 loss: 0.6638 time 4.29s
Epoch 29/300 4/48 loss: 0.6630 time 4.30s
Epoch 29/300 5/48 loss: 0.7086 time 4.29s
Epoch 29/300 6/48 loss: 0.6793 time 4.29s
Epoch 29/300 7/48 loss: 0.7025 time 4.29s
Epoch 29/300 8/48 loss: 0.7016 time 4.29s
Epoch 29/300 9/48 loss: 0.7107 time 4.29s
Epoch 29/300 10/48 loss: 0.7368 time 4.29s
Epoch 29/300 11/48 loss: 0.7285 time 4.29s
Epoch 29/300 12/48 loss: 0.7248 time 4.29s
Epoch 29/300 13/48 loss: 0.7318 time 4.29s
Epoch 29/300 14/48 loss: 0.7396 time 4.29s
Epoch 29/300 15/48 loss: 0.7388 time 4.30s
Epoch 29/300 16/48 loss: 0.7465 time 4.30s
Epoch 29/300 17/48 loss: 0.7451 time 4.30s
Epoch 29/300 18/48 loss: 0.7522 time 4.29s
Epoch 29/300 19/48 loss: 0.7557 time 4.29s
Epoch 29/300 20/48 loss: 0.7614 time 4.29s
Epoch 29/300 21/48 loss: 0.7582 time 4.29s
Epoch 29/300 22/48 loss: 0.7578 time 4.29s
Epoch 29/300 23/48 loss: 0.7490 time 4.30s
Epoch 29/300 24/48 loss: 0.7529 time 4.29s
Epoch 29/300 25/48 loss: 0.7491 time 4.29s
Epoch 29/300 26/48 loss: 0.7434 time 4.29s
Epoch 29/300 27/48 loss: 0.7387 time 4.29s
Epoch 29/300 28/48 loss: 0.7413 time 4.29s
Epoch 29/300 29/48 loss: 0.7446 time 4.29s
Epoch 29/300 30/48 loss: 0.7465 time 4.30s
Epoch 29/300 31/48 loss: 0.7432 time 4.30s
Epoch 29/300 32/48 loss: 0.7443 time 4.30s
Epoch 29/300 33/48 loss: 0.7442 time 4.30s
Epoch 29/300 34/48 loss: 0.7418 time 4.29s
Epoch 29/300 35/48 loss: 0.7363 time 4.29s
Epoch 29/300 36/48 loss: 0.7419 time 4.29s
Epoch 29/300 37/48 loss: 0.7389 time 4.29s
Epoch 29/300 38/48 loss: 0.7409 time 4.29s
Epoch 29/300 39/48 loss: 0.7383 time 4.29s
Epoch 29/300 40/48 loss: 0.7430 time 4.29s
Epoch 29/300 41/48 loss: 0.7403 time 4.29s
Epoch 29/300 42/48 loss: 0.7392 time 4.29s
Epoch 29/300 43/48 loss: 0.7412 time 4.30s
Epoch 29/300 44/48 loss: 0.7424 time 4.29s
Epoch 29/300 45/48 loss: 0.7425 time 4.30s
Epoch 29/300 46/48 loss: 0.7386 time 4.29s
Epoch 29/300 47/48 loss: 0.7354 time 4.30s
Final training  29/299 loss: 0.7354 time 209.70s
Sun Aug 13 09:34:39 2023 Epoch: 30
Epoch 30/300 0/48 loss: 0.8303 time 7.25s
Epoch 30/300 1/48 loss: 0.8529 time 4.29s
Epoch 30/300 2/48 loss: 0.8184 time 4.29s
Epoch 30/300 3/48 loss: 0.8151 time 4.29s
Epoch 30/300 4/48 loss: 0.7705 time 4.29s
Epoch 30/300 5/48 loss: 0.7976 time 4.29s
Epoch 30/300 6/48 loss: 0.7826 time 4.29s
Epoch 30/300 7/48 loss: 0.7696 time 4.29s
Epoch 30/300 8/48 loss: 0.7564 time 4.30s
Epoch 30/300 9/48 loss: 0.7462 time 4.29s
Epoch 30/300 10/48 loss: 0.7463 time 4.29s
Epoch 30/300 11/48 loss: 0.7349 time 4.29s
Epoch 30/300 12/48 loss: 0.7201 time 4.30s
Epoch 30/300 13/48 loss: 0.7140 time 4.29s
Epoch 30/300 14/48 loss: 0.7207 time 4.30s
Epoch 30/300 15/48 loss: 0.7189 time 4.30s
Epoch 30/300 16/48 loss: 0.7170 time 4.30s
Epoch 30/300 17/48 loss: 0.7170 time 4.29s
Epoch 30/300 18/48 loss: 0.7237 time 4.29s
Epoch 30/300 19/48 loss: 0.7315 time 4.29s
Epoch 30/300 20/48 loss: 0.7248 time 4.29s
Epoch 30/300 21/48 loss: 0.7146 time 4.29s
Epoch 30/300 22/48 loss: 0.7179 time 4.29s
Epoch 30/300 23/48 loss: 0.7197 time 4.29s
Epoch 30/300 24/48 loss: 0.7164 time 4.29s
Epoch 30/300 25/48 loss: 0.7141 time 4.29s
Epoch 30/300 26/48 loss: 0.7169 time 4.29s
Epoch 30/300 27/48 loss: 0.7211 time 4.30s
Epoch 30/300 28/48 loss: 0.7164 time 4.29s
Epoch 30/300 29/48 loss: 0.7206 time 4.30s
Epoch 30/300 30/48 loss: 0.7211 time 4.30s
Epoch 30/300 31/48 loss: 0.7159 time 4.30s
Epoch 30/300 32/48 loss: 0.7106 time 4.29s
Epoch 30/300 33/48 loss: 0.7125 time 4.29s
Epoch 30/300 34/48 loss: 0.7155 time 4.29s
Epoch 30/300 35/48 loss: 0.7182 time 4.30s
Epoch 30/300 36/48 loss: 0.7183 time 4.29s
Epoch 30/300 37/48 loss: 0.7257 time 4.30s
Epoch 30/300 38/48 loss: 0.7234 time 4.29s
Epoch 30/300 39/48 loss: 0.7211 time 4.29s
Epoch 30/300 40/48 loss: 0.7245 time 4.29s
Epoch 30/300 41/48 loss: 0.7220 time 4.29s
Epoch 30/300 42/48 loss: 0.7271 time 4.29s
Epoch 30/300 43/48 loss: 0.7316 time 4.29s
Epoch 30/300 44/48 loss: 0.7292 time 4.29s
Epoch 30/300 45/48 loss: 0.7312 time 4.30s
Epoch 30/300 46/48 loss: 0.7340 time 4.29s
Epoch 30/300 47/48 loss: 0.7320 time 4.30s
Final training  30/299 loss: 0.7320 time 209.10s
Sun Aug 13 09:38:08 2023 Epoch: 31
Epoch 31/300 0/48 loss: 0.6873 time 10.11s
Epoch 31/300 1/48 loss: 0.6898 time 4.28s
Epoch 31/300 2/48 loss: 0.7685 time 4.29s
Epoch 31/300 3/48 loss: 0.7662 time 4.29s
Epoch 31/300 4/48 loss: 0.7234 time 4.29s
Epoch 31/300 5/48 loss: 0.7235 time 4.29s
Epoch 31/300 6/48 loss: 0.7329 time 4.29s
Epoch 31/300 7/48 loss: 0.7332 time 4.29s
Epoch 31/300 8/48 loss: 0.7237 time 4.29s
Epoch 31/300 9/48 loss: 0.7142 time 4.31s
Epoch 31/300 10/48 loss: 0.7028 time 4.30s
Epoch 31/300 11/48 loss: 0.7131 time 4.29s
Epoch 31/300 12/48 loss: 0.7187 time 4.30s
Epoch 31/300 13/48 loss: 0.7269 time 4.30s
Epoch 31/300 14/48 loss: 0.7144 time 4.29s
Epoch 31/300 15/48 loss: 0.7202 time 4.29s
Epoch 31/300 16/48 loss: 0.7162 time 4.29s
Epoch 31/300 17/48 loss: 0.7193 time 4.29s
Epoch 31/300 18/48 loss: 0.7160 time 4.29s
Epoch 31/300 19/48 loss: 0.7267 time 4.29s
Epoch 31/300 20/48 loss: 0.7262 time 4.29s
Epoch 31/300 21/48 loss: 0.7322 time 4.29s
Epoch 31/300 22/48 loss: 0.7257 time 4.29s
Epoch 31/300 23/48 loss: 0.7218 time 4.29s
Epoch 31/300 24/48 loss: 0.7188 time 4.29s
Epoch 31/300 25/48 loss: 0.7235 time 4.29s
Epoch 31/300 26/48 loss: 0.7182 time 4.29s
Epoch 31/300 27/48 loss: 0.7192 time 4.30s
Epoch 31/300 28/48 loss: 0.7245 time 4.30s
Epoch 31/300 29/48 loss: 0.7169 time 4.29s
Epoch 31/300 30/48 loss: 0.7159 time 4.29s
Epoch 31/300 31/48 loss: 0.7103 time 4.29s
Epoch 31/300 32/48 loss: 0.7154 time 4.29s
Epoch 31/300 33/48 loss: 0.7133 time 4.29s
Epoch 31/300 34/48 loss: 0.7170 time 4.29s
Epoch 31/300 35/48 loss: 0.7147 time 4.29s
Epoch 31/300 36/48 loss: 0.7224 time 4.29s
Epoch 31/300 37/48 loss: 0.7197 time 4.29s
Epoch 31/300 38/48 loss: 0.7218 time 4.29s
Epoch 31/300 39/48 loss: 0.7273 time 4.29s
Epoch 31/300 40/48 loss: 0.7260 time 4.29s
Epoch 31/300 41/48 loss: 0.7238 time 4.29s
Epoch 31/300 42/48 loss: 0.7243 time 4.30s
Epoch 31/300 43/48 loss: 0.7264 time 4.30s
Epoch 31/300 44/48 loss: 0.7284 time 4.30s
Epoch 31/300 45/48 loss: 0.7314 time 4.30s
Epoch 31/300 46/48 loss: 0.7333 time 4.29s
Epoch 31/300 47/48 loss: 0.7306 time 4.29s
Final training  31/299 loss: 0.7306 time 211.97s
Sun Aug 13 09:41:40 2023 Epoch: 32
Epoch 32/300 0/48 loss: 0.7407 time 9.10s
Epoch 32/300 1/48 loss: 0.6721 time 4.29s
Epoch 32/300 2/48 loss: 0.6780 time 4.29s
Epoch 32/300 3/48 loss: 0.6950 time 4.29s
Epoch 32/300 4/48 loss: 0.6846 time 4.30s
Epoch 32/300 5/48 loss: 0.6897 time 4.29s
Epoch 32/300 6/48 loss: 0.7055 time 4.30s
Epoch 32/300 7/48 loss: 0.7420 time 4.29s
Epoch 32/300 8/48 loss: 0.7191 time 4.29s
Epoch 32/300 9/48 loss: 0.7256 time 4.30s
Epoch 32/300 10/48 loss: 0.7298 time 4.30s
Epoch 32/300 11/48 loss: 0.7383 time 4.30s
Epoch 32/300 12/48 loss: 0.7313 time 4.30s
Epoch 32/300 13/48 loss: 0.7239 time 4.29s
Epoch 32/300 14/48 loss: 0.7328 time 4.29s
Epoch 32/300 15/48 loss: 0.7264 time 4.29s
Epoch 32/300 16/48 loss: 0.7207 time 4.29s
Epoch 32/300 17/48 loss: 0.7283 time 4.29s
Epoch 32/300 18/48 loss: 0.7394 time 4.29s
Epoch 32/300 19/48 loss: 0.7489 time 4.29s
Epoch 32/300 20/48 loss: 0.7549 time 4.29s
Epoch 32/300 21/48 loss: 0.7490 time 4.29s
Epoch 32/300 22/48 loss: 0.7461 time 4.29s
Epoch 32/300 23/48 loss: 0.7490 time 4.29s
Epoch 32/300 24/48 loss: 0.7404 time 4.29s
Epoch 32/300 25/48 loss: 0.7436 time 4.30s
Epoch 32/300 26/48 loss: 0.7363 time 4.30s
Epoch 32/300 27/48 loss: 0.7343 time 4.30s
Epoch 32/300 28/48 loss: 0.7295 time 4.29s
Epoch 32/300 29/48 loss: 0.7324 time 4.29s
Epoch 32/300 30/48 loss: 0.7245 time 4.29s
Epoch 32/300 31/48 loss: 0.7222 time 4.29s
Epoch 32/300 32/48 loss: 0.7248 time 4.30s
Epoch 32/300 33/48 loss: 0.7291 time 4.29s
Epoch 32/300 34/48 loss: 0.7248 time 4.29s
Epoch 32/300 35/48 loss: 0.7209 time 4.29s
Epoch 32/300 36/48 loss: 0.7234 time 4.29s
Epoch 32/300 37/48 loss: 0.7206 time 4.29s
Epoch 32/300 38/48 loss: 0.7222 time 4.29s
Epoch 32/300 39/48 loss: 0.7252 time 4.29s
Epoch 32/300 40/48 loss: 0.7252 time 4.29s
Epoch 32/300 41/48 loss: 0.7240 time 4.30s
Epoch 32/300 42/48 loss: 0.7288 time 4.30s
Epoch 32/300 43/48 loss: 0.7266 time 4.30s
Epoch 32/300 44/48 loss: 0.7272 time 4.29s
Epoch 32/300 45/48 loss: 0.7248 time 4.29s
Epoch 32/300 46/48 loss: 0.7249 time 4.29s
Epoch 32/300 47/48 loss: 0.7278 time 4.29s
Final training  32/299 loss: 0.7278 time 210.95s
Sun Aug 13 09:45:11 2023 Epoch: 33
Epoch 33/300 0/48 loss: 0.8100 time 10.90s
Epoch 33/300 1/48 loss: 0.7175 time 4.29s
Epoch 33/300 2/48 loss: 0.7636 time 4.28s
Epoch 33/300 3/48 loss: 0.7819 time 4.29s
Epoch 33/300 4/48 loss: 0.7693 time 4.29s
Epoch 33/300 5/48 loss: 0.7743 time 4.29s
Epoch 33/300 6/48 loss: 0.7697 time 4.30s
Epoch 33/300 7/48 loss: 0.7484 time 4.30s
Epoch 33/300 8/48 loss: 0.7557 time 4.30s
Epoch 33/300 9/48 loss: 0.7730 time 4.30s
Epoch 33/300 10/48 loss: 0.7817 time 4.29s
Epoch 33/300 11/48 loss: 0.7997 time 4.29s
Epoch 33/300 12/48 loss: 0.8045 time 4.29s
Epoch 33/300 13/48 loss: 0.7881 time 4.29s
Epoch 33/300 14/48 loss: 0.7876 time 4.29s
Epoch 33/300 15/48 loss: 0.7892 time 4.29s
Epoch 33/300 16/48 loss: 0.7828 time 4.29s
Epoch 33/300 17/48 loss: 0.7828 time 4.29s
Epoch 33/300 18/48 loss: 0.7806 time 4.29s
Epoch 33/300 19/48 loss: 0.7877 time 4.28s
Epoch 33/300 20/48 loss: 0.7861 time 4.31s
Epoch 33/300 21/48 loss: 0.7783 time 4.29s
Epoch 33/300 22/48 loss: 0.7716 time 4.30s
Epoch 33/300 23/48 loss: 0.7729 time 4.30s
Epoch 33/300 24/48 loss: 0.7751 time 4.30s
Epoch 33/300 25/48 loss: 0.7657 time 4.29s
Epoch 33/300 26/48 loss: 0.7657 time 4.29s
Epoch 33/300 27/48 loss: 0.7610 time 4.29s
Epoch 33/300 28/48 loss: 0.7548 time 4.29s
Epoch 33/300 29/48 loss: 0.7507 time 4.29s
Epoch 33/300 30/48 loss: 0.7547 time 4.29s
Epoch 33/300 31/48 loss: 0.7505 time 4.29s
Epoch 33/300 32/48 loss: 0.7527 time 4.29s
Epoch 33/300 33/48 loss: 0.7507 time 4.29s
Epoch 33/300 34/48 loss: 0.7560 time 4.29s
Epoch 33/300 35/48 loss: 0.7552 time 4.29s
Epoch 33/300 36/48 loss: 0.7491 time 4.29s
Epoch 33/300 37/48 loss: 0.7515 time 4.30s
Epoch 33/300 38/48 loss: 0.7505 time 4.29s
Epoch 33/300 39/48 loss: 0.7477 time 4.30s
Epoch 33/300 40/48 loss: 0.7459 time 4.30s
Epoch 33/300 41/48 loss: 0.7411 time 4.29s
Epoch 33/300 42/48 loss: 0.7373 time 4.29s
Epoch 33/300 43/48 loss: 0.7359 time 4.29s
Epoch 33/300 44/48 loss: 0.7339 time 4.29s
Epoch 33/300 45/48 loss: 0.7285 time 4.29s
Epoch 33/300 46/48 loss: 0.7259 time 4.29s
Epoch 33/300 47/48 loss: 0.7243 time 4.29s
Final training  33/299 loss: 0.7243 time 212.76s
Sun Aug 13 09:48:44 2023 Epoch: 34
Epoch 34/300 0/48 loss: 0.9228 time 8.16s
Epoch 34/300 1/48 loss: 0.8440 time 4.29s
Epoch 34/300 2/48 loss: 0.7858 time 4.29s
Epoch 34/300 3/48 loss: 0.7773 time 4.29s
Epoch 34/300 4/48 loss: 0.7491 time 4.29s
Epoch 34/300 5/48 loss: 0.7470 time 4.29s
Epoch 34/300 6/48 loss: 0.7577 time 4.29s
Epoch 34/300 7/48 loss: 0.7696 time 4.29s
Epoch 34/300 8/48 loss: 0.7633 time 4.30s
Epoch 34/300 9/48 loss: 0.7488 time 4.29s
Epoch 34/300 10/48 loss: 0.7349 time 4.29s
Epoch 34/300 11/48 loss: 0.7333 time 4.30s
Epoch 34/300 12/48 loss: 0.7371 time 4.29s
Epoch 34/300 13/48 loss: 0.7187 time 4.29s
Epoch 34/300 14/48 loss: 0.7133 time 4.30s
Epoch 34/300 15/48 loss: 0.7225 time 4.29s
Epoch 34/300 16/48 loss: 0.7293 time 4.29s
Epoch 34/300 17/48 loss: 0.7347 time 4.29s
Epoch 34/300 18/48 loss: 0.7300 time 4.29s
Epoch 34/300 19/48 loss: 0.7223 time 4.29s
Epoch 34/300 20/48 loss: 0.7200 time 4.30s
Epoch 34/300 21/48 loss: 0.7240 time 4.30s
Epoch 34/300 22/48 loss: 0.7154 time 4.29s
Epoch 34/300 23/48 loss: 0.7163 time 4.30s
Epoch 34/300 24/48 loss: 0.7251 time 4.29s
Epoch 34/300 25/48 loss: 0.7279 time 4.29s
Epoch 34/300 26/48 loss: 0.7305 time 4.29s
Epoch 34/300 27/48 loss: 0.7266 time 4.29s
Epoch 34/300 28/48 loss: 0.7225 time 4.29s
Epoch 34/300 29/48 loss: 0.7192 time 4.29s
Epoch 34/300 30/48 loss: 0.7180 time 4.29s
Epoch 34/300 31/48 loss: 0.7134 time 4.29s
Epoch 34/300 32/48 loss: 0.7083 time 4.29s
Epoch 34/300 33/48 loss: 0.7131 time 4.29s
Epoch 34/300 34/48 loss: 0.7120 time 4.29s
Epoch 34/300 35/48 loss: 0.7094 time 4.29s
Epoch 34/300 36/48 loss: 0.7153 time 4.30s
Epoch 34/300 37/48 loss: 0.7227 time 4.29s
Epoch 34/300 38/48 loss: 0.7256 time 4.30s
Epoch 34/300 39/48 loss: 0.7270 time 4.29s
Epoch 34/300 40/48 loss: 0.7246 time 4.29s
Epoch 34/300 41/48 loss: 0.7266 time 4.29s
Epoch 34/300 42/48 loss: 0.7266 time 4.29s
Epoch 34/300 43/48 loss: 0.7239 time 4.29s
Epoch 34/300 44/48 loss: 0.7271 time 4.29s
Epoch 34/300 45/48 loss: 0.7236 time 4.29s
Epoch 34/300 46/48 loss: 0.7255 time 4.29s
Epoch 34/300 47/48 loss: 0.7213 time 4.29s
Final training  34/299 loss: 0.7213 time 209.99s
Sun Aug 13 09:52:14 2023 Epoch: 35
Epoch 35/300 0/48 loss: 0.6231 time 9.33s
Epoch 35/300 1/48 loss: 0.6196 time 4.29s
Epoch 35/300 2/48 loss: 0.7203 time 4.28s
Epoch 35/300 3/48 loss: 0.6951 time 4.29s
Epoch 35/300 4/48 loss: 0.6851 time 4.30s
Epoch 35/300 5/48 loss: 0.7255 time 4.30s
Epoch 35/300 6/48 loss: 0.7415 time 4.29s
Epoch 35/300 7/48 loss: 0.7499 time 4.29s
Epoch 35/300 8/48 loss: 0.7620 time 4.29s
Epoch 35/300 9/48 loss: 0.7589 time 4.29s
Epoch 35/300 10/48 loss: 0.7420 time 4.29s
Epoch 35/300 11/48 loss: 0.7329 time 4.29s
Epoch 35/300 12/48 loss: 0.7366 time 4.30s
Epoch 35/300 13/48 loss: 0.7213 time 4.29s
Epoch 35/300 14/48 loss: 0.7126 time 4.29s
Epoch 35/300 15/48 loss: 0.7107 time 4.29s
Epoch 35/300 16/48 loss: 0.7006 time 4.29s
Epoch 35/300 17/48 loss: 0.7061 time 4.29s
Epoch 35/300 18/48 loss: 0.7144 time 4.28s
Epoch 35/300 19/48 loss: 0.7156 time 4.29s
Epoch 35/300 20/48 loss: 0.7220 time 4.30s
Epoch 35/300 21/48 loss: 0.7287 time 4.29s
Epoch 35/300 22/48 loss: 0.7321 time 4.29s
Epoch 35/300 23/48 loss: 0.7234 time 4.29s
Epoch 35/300 24/48 loss: 0.7200 time 4.29s
Epoch 35/300 25/48 loss: 0.7159 time 4.29s
Epoch 35/300 26/48 loss: 0.7104 time 4.29s
Epoch 35/300 27/48 loss: 0.7088 time 4.29s
Epoch 35/300 28/48 loss: 0.7075 time 4.29s
Epoch 35/300 29/48 loss: 0.7044 time 4.29s
Epoch 35/300 30/48 loss: 0.7082 time 4.30s
Epoch 35/300 31/48 loss: 0.7071 time 4.29s
Epoch 35/300 32/48 loss: 0.7071 time 4.29s
Epoch 35/300 33/48 loss: 0.7137 time 4.29s
Epoch 35/300 34/48 loss: 0.7106 time 4.29s
Epoch 35/300 35/48 loss: 0.7116 time 4.30s
Epoch 35/300 36/48 loss: 0.7130 time 4.30s
Epoch 35/300 37/48 loss: 0.7146 time 4.29s
Epoch 35/300 38/48 loss: 0.7148 time 4.29s
Epoch 35/300 39/48 loss: 0.7174 time 4.29s
Epoch 35/300 40/48 loss: 0.7192 time 4.29s
Epoch 35/300 41/48 loss: 0.7133 time 4.29s
Epoch 35/300 42/48 loss: 0.7108 time 4.29s
Epoch 35/300 43/48 loss: 0.7135 time 4.29s
Epoch 35/300 44/48 loss: 0.7136 time 4.29s
Epoch 35/300 45/48 loss: 0.7104 time 4.29s
Epoch 35/300 46/48 loss: 0.7165 time 4.29s
Epoch 35/300 47/48 loss: 0.7185 time 4.29s
Final training  35/299 loss: 0.7185 time 211.16s
Sun Aug 13 09:55:45 2023 Epoch: 36
Epoch 36/300 0/48 loss: 0.7922 time 8.92s
Epoch 36/300 1/48 loss: 0.8047 time 4.30s
Epoch 36/300 2/48 loss: 0.7472 time 4.30s
Epoch 36/300 3/48 loss: 0.7278 time 4.29s
Epoch 36/300 4/48 loss: 0.7816 time 4.28s
Epoch 36/300 5/48 loss: 0.7618 time 4.30s
Epoch 36/300 6/48 loss: 0.7765 time 4.29s
Epoch 36/300 7/48 loss: 0.7449 time 4.29s
Epoch 36/300 8/48 loss: 0.7277 time 4.29s
Epoch 36/300 9/48 loss: 0.7385 time 4.29s
Epoch 36/300 10/48 loss: 0.7184 time 4.29s
Epoch 36/300 11/48 loss: 0.7301 time 4.29s
Epoch 36/300 12/48 loss: 0.7203 time 4.29s
Epoch 36/300 13/48 loss: 0.7243 time 4.29s
Epoch 36/300 14/48 loss: 0.7231 time 4.29s
Epoch 36/300 15/48 loss: 0.7197 time 4.29s
Epoch 36/300 16/48 loss: 0.7130 time 4.30s
Epoch 36/300 17/48 loss: 0.7031 time 4.30s
Epoch 36/300 18/48 loss: 0.6958 time 4.30s
Epoch 36/300 19/48 loss: 0.7073 time 4.29s
Epoch 36/300 20/48 loss: 0.7174 time 4.29s
Epoch 36/300 21/48 loss: 0.7139 time 4.28s
Epoch 36/300 22/48 loss: 0.7207 time 4.31s
Epoch 36/300 23/48 loss: 0.7207 time 4.29s
Epoch 36/300 24/48 loss: 0.7213 time 4.29s
Epoch 36/300 25/48 loss: 0.7247 time 4.29s
Epoch 36/300 26/48 loss: 0.7285 time 4.29s
Epoch 36/300 27/48 loss: 0.7308 time 4.30s
Epoch 36/300 28/48 loss: 0.7313 time 4.29s
Epoch 36/300 29/48 loss: 0.7380 time 4.29s
Epoch 36/300 30/48 loss: 0.7325 time 4.29s
Epoch 36/300 31/48 loss: 0.7332 time 4.29s
Epoch 36/300 32/48 loss: 0.7295 time 4.30s
Epoch 36/300 33/48 loss: 0.7295 time 4.29s
Epoch 36/300 34/48 loss: 0.7321 time 4.30s
Epoch 36/300 35/48 loss: 0.7342 time 4.30s
Epoch 36/300 36/48 loss: 0.7360 time 4.29s
Epoch 36/300 37/48 loss: 0.7327 time 4.29s
Epoch 36/300 38/48 loss: 0.7356 time 4.29s
Epoch 36/300 39/48 loss: 0.7327 time 4.29s
Epoch 36/300 40/48 loss: 0.7298 time 4.29s
Epoch 36/300 41/48 loss: 0.7260 time 4.29s
Epoch 36/300 42/48 loss: 0.7234 time 4.29s
Epoch 36/300 43/48 loss: 0.7177 time 4.29s
Epoch 36/300 44/48 loss: 0.7175 time 4.29s
Epoch 36/300 45/48 loss: 0.7157 time 4.29s
Epoch 36/300 46/48 loss: 0.7149 time 4.29s
Epoch 36/300 47/48 loss: 0.7162 time 4.29s
Final training  36/299 loss: 0.7162 time 210.78s
Sun Aug 13 09:59:16 2023 Epoch: 37
Epoch 37/300 0/48 loss: 0.6110 time 11.62s
Epoch 37/300 1/48 loss: 0.7119 time 4.28s
Epoch 37/300 2/48 loss: 0.7168 time 4.27s
Epoch 37/300 3/48 loss: 0.6929 time 4.29s
Epoch 37/300 4/48 loss: 0.7391 time 4.29s
Epoch 37/300 5/48 loss: 0.7345 time 4.29s
Epoch 37/300 6/48 loss: 0.7102 time 4.29s
Epoch 37/300 7/48 loss: 0.7239 time 4.29s
Epoch 37/300 8/48 loss: 0.7062 time 4.29s
Epoch 37/300 9/48 loss: 0.7131 time 4.29s
Epoch 37/300 10/48 loss: 0.7089 time 4.29s
Epoch 37/300 11/48 loss: 0.7066 time 4.29s
Epoch 37/300 12/48 loss: 0.7074 time 4.29s
Epoch 37/300 13/48 loss: 0.7152 time 4.29s
Epoch 37/300 14/48 loss: 0.7074 time 4.30s
Epoch 37/300 15/48 loss: 0.7022 time 4.29s
Epoch 37/300 16/48 loss: 0.6940 time 4.30s
Epoch 37/300 17/48 loss: 0.7024 time 4.30s
Epoch 37/300 18/48 loss: 0.7071 time 4.29s
Epoch 37/300 19/48 loss: 0.7088 time 4.29s
Epoch 37/300 20/48 loss: 0.7164 time 4.29s
Epoch 37/300 21/48 loss: 0.7128 time 4.29s
Epoch 37/300 22/48 loss: 0.7252 time 4.29s
Epoch 37/300 23/48 loss: 0.7226 time 4.29s
Epoch 37/300 24/48 loss: 0.7123 time 4.29s
Epoch 37/300 25/48 loss: 0.7083 time 4.29s
Epoch 37/300 26/48 loss: 0.7081 time 4.29s
Epoch 37/300 27/48 loss: 0.7089 time 4.29s
Epoch 37/300 28/48 loss: 0.7163 time 4.29s
Epoch 37/300 29/48 loss: 0.7209 time 4.29s
Epoch 37/300 30/48 loss: 0.7172 time 4.30s
Epoch 37/300 31/48 loss: 0.7199 time 4.29s
Epoch 37/300 32/48 loss: 0.7209 time 4.30s
Epoch 37/300 33/48 loss: 0.7153 time 4.29s
Epoch 37/300 34/48 loss: 0.7195 time 4.29s
Epoch 37/300 35/48 loss: 0.7162 time 4.29s
Epoch 37/300 36/48 loss: 0.7177 time 4.29s
Epoch 37/300 37/48 loss: 0.7153 time 4.29s
Epoch 37/300 38/48 loss: 0.7119 time 4.31s
Epoch 37/300 39/48 loss: 0.7070 time 4.29s
Epoch 37/300 40/48 loss: 0.7100 time 4.29s
Epoch 37/300 41/48 loss: 0.7154 time 4.29s
Epoch 37/300 42/48 loss: 0.7129 time 4.30s
Epoch 37/300 43/48 loss: 0.7116 time 4.31s
Epoch 37/300 44/48 loss: 0.7136 time 4.31s
Epoch 37/300 45/48 loss: 0.7160 time 4.30s
Epoch 37/300 46/48 loss: 0.7118 time 4.28s
Epoch 37/300 47/48 loss: 0.7134 time 4.30s
Final training  37/299 loss: 0.7134 time 213.49s
Sun Aug 13 10:02:50 2023 Epoch: 38
Epoch 38/300 0/48 loss: 0.6642 time 9.71s
Epoch 38/300 1/48 loss: 0.6104 time 4.29s
Epoch 38/300 2/48 loss: 0.6065 time 4.28s
Epoch 38/300 3/48 loss: 0.5824 time 4.29s
Epoch 38/300 4/48 loss: 0.6288 time 4.29s
Epoch 38/300 5/48 loss: 0.6300 time 4.29s
Epoch 38/300 6/48 loss: 0.6423 time 4.29s
Epoch 38/300 7/48 loss: 0.6198 time 4.29s
Epoch 38/300 8/48 loss: 0.6405 time 4.29s
Epoch 38/300 9/48 loss: 0.6608 time 4.29s
Epoch 38/300 10/48 loss: 0.6560 time 4.29s
Epoch 38/300 11/48 loss: 0.6534 time 4.29s
Epoch 38/300 12/48 loss: 0.6672 time 4.30s
Epoch 38/300 13/48 loss: 0.6595 time 4.30s
Epoch 38/300 14/48 loss: 0.6543 time 4.30s
Epoch 38/300 15/48 loss: 0.6627 time 4.29s
Epoch 38/300 16/48 loss: 0.6654 time 4.29s
Epoch 38/300 17/48 loss: 0.6622 time 4.29s
Epoch 38/300 18/48 loss: 0.6662 time 4.29s
Epoch 38/300 19/48 loss: 0.6737 time 4.29s
Epoch 38/300 20/48 loss: 0.6682 time 4.29s
Epoch 38/300 21/48 loss: 0.6742 time 4.29s
Epoch 38/300 22/48 loss: 0.6719 time 4.29s
Epoch 38/300 23/48 loss: 0.6773 time 4.29s
Epoch 38/300 24/48 loss: 0.6739 time 4.29s
Epoch 38/300 25/48 loss: 0.6835 time 4.29s
Epoch 38/300 26/48 loss: 0.6927 time 4.29s
Epoch 38/300 27/48 loss: 0.6954 time 4.30s
Epoch 38/300 28/48 loss: 0.6941 time 4.30s
Epoch 38/300 29/48 loss: 0.6953 time 4.30s
Epoch 38/300 30/48 loss: 0.6925 time 4.29s
Epoch 38/300 31/48 loss: 0.6995 time 4.30s
Epoch 38/300 32/48 loss: 0.7010 time 4.29s
Epoch 38/300 33/48 loss: 0.7031 time 4.29s
Epoch 38/300 34/48 loss: 0.7077 time 4.30s
Epoch 38/300 35/48 loss: 0.7027 time 4.31s
Epoch 38/300 36/48 loss: 0.7106 time 4.29s
Epoch 38/300 37/48 loss: 0.7136 time 4.29s
Epoch 38/300 38/48 loss: 0.7121 time 4.28s
Epoch 38/300 39/48 loss: 0.7140 time 4.29s
Epoch 38/300 40/48 loss: 0.7132 time 4.29s
Epoch 38/300 41/48 loss: 0.7165 time 4.29s
Epoch 38/300 42/48 loss: 0.7141 time 4.29s
Epoch 38/300 43/48 loss: 0.7095 time 4.30s
Epoch 38/300 44/48 loss: 0.7071 time 4.30s
Epoch 38/300 45/48 loss: 0.7104 time 4.30s
Epoch 38/300 46/48 loss: 0.7107 time 4.30s
Epoch 38/300 47/48 loss: 0.7104 time 4.29s
Final training  38/299 loss: 0.7104 time 211.56s
Sun Aug 13 10:06:21 2023 Epoch: 39
Epoch 39/300 0/48 loss: 0.6060 time 9.95s
Epoch 39/300 1/48 loss: 0.7296 time 4.29s
Epoch 39/300 2/48 loss: 0.7570 time 4.30s
Epoch 39/300 3/48 loss: 0.7596 time 4.29s
Epoch 39/300 4/48 loss: 0.7193 time 4.29s
Epoch 39/300 5/48 loss: 0.7119 time 4.29s
Epoch 39/300 6/48 loss: 0.7139 time 4.29s
Epoch 39/300 7/48 loss: 0.7211 time 4.29s
Epoch 39/300 8/48 loss: 0.7024 time 4.29s
Epoch 39/300 9/48 loss: 0.7251 time 4.29s
Epoch 39/300 10/48 loss: 0.7497 time 4.30s
Epoch 39/300 11/48 loss: 0.7496 time 4.30s
Epoch 39/300 12/48 loss: 0.7585 time 4.30s
Epoch 39/300 13/48 loss: 0.7409 time 4.30s
Epoch 39/300 14/48 loss: 0.7317 time 4.29s
Epoch 39/300 15/48 loss: 0.7256 time 4.29s
Epoch 39/300 16/48 loss: 0.7176 time 4.29s
Epoch 39/300 17/48 loss: 0.7084 time 4.29s
Epoch 39/300 18/48 loss: 0.7148 time 4.29s
Epoch 39/300 19/48 loss: 0.7190 time 4.29s
Epoch 39/300 20/48 loss: 0.7098 time 4.29s
Epoch 39/300 21/48 loss: 0.7149 time 4.29s
Epoch 39/300 22/48 loss: 0.7123 time 4.29s
Epoch 39/300 23/48 loss: 0.7038 time 4.29s
Epoch 39/300 24/48 loss: 0.6987 time 4.30s
Epoch 39/300 25/48 loss: 0.7027 time 4.30s
Epoch 39/300 26/48 loss: 0.7029 time 4.30s
Epoch 39/300 27/48 loss: 0.7040 time 4.30s
Epoch 39/300 28/48 loss: 0.7039 time 4.29s
Epoch 39/300 29/48 loss: 0.7024 time 4.29s
Epoch 39/300 30/48 loss: 0.7051 time 4.29s
Epoch 39/300 31/48 loss: 0.7118 time 4.29s
Epoch 39/300 32/48 loss: 0.7090 time 4.29s
Epoch 39/300 33/48 loss: 0.7059 time 4.29s
Epoch 39/300 34/48 loss: 0.6987 time 4.29s
Epoch 39/300 35/48 loss: 0.6966 time 4.29s
Epoch 39/300 36/48 loss: 0.6942 time 4.29s
Epoch 39/300 37/48 loss: 0.6932 time 4.29s
Epoch 39/300 38/48 loss: 0.6906 time 4.29s
Epoch 39/300 39/48 loss: 0.6933 time 4.29s
Epoch 39/300 40/48 loss: 0.6955 time 4.28s
Epoch 39/300 41/48 loss: 0.7008 time 4.29s
Epoch 39/300 42/48 loss: 0.7011 time 4.30s
Epoch 39/300 43/48 loss: 0.7042 time 4.30s
Epoch 39/300 44/48 loss: 0.7076 time 4.29s
Epoch 39/300 45/48 loss: 0.7052 time 4.29s
Epoch 39/300 46/48 loss: 0.7075 time 4.29s
Epoch 39/300 47/48 loss: 0.7077 time 4.29s
Final training  39/299 loss: 0.7077 time 211.81s
Sun Aug 13 10:09:53 2023 Epoch: 40
Epoch 40/300 0/48 loss: 0.6545 time 7.23s
Epoch 40/300 1/48 loss: 0.6272 time 4.29s
Epoch 40/300 2/48 loss: 0.6856 time 4.29s
Epoch 40/300 3/48 loss: 0.6654 time 4.29s
Epoch 40/300 4/48 loss: 0.6639 time 4.30s
Epoch 40/300 5/48 loss: 0.6895 time 4.29s
Epoch 40/300 6/48 loss: 0.6940 time 4.30s
Epoch 40/300 7/48 loss: 0.7070 time 4.29s
Epoch 40/300 8/48 loss: 0.7306 time 4.30s
Epoch 40/300 9/48 loss: 0.7432 time 4.30s
Epoch 40/300 10/48 loss: 0.7215 time 4.30s
Epoch 40/300 11/48 loss: 0.7071 time 4.29s
Epoch 40/300 12/48 loss: 0.7069 time 4.29s
Epoch 40/300 13/48 loss: 0.7087 time 4.29s
Epoch 40/300 14/48 loss: 0.7034 time 4.29s
Epoch 40/300 15/48 loss: 0.7118 time 4.29s
Epoch 40/300 16/48 loss: 0.7169 time 4.29s
Epoch 40/300 17/48 loss: 0.7165 time 4.29s
Epoch 40/300 18/48 loss: 0.7199 time 4.29s
Epoch 40/300 19/48 loss: 0.7201 time 4.29s
Epoch 40/300 20/48 loss: 0.7122 time 4.29s
Epoch 40/300 21/48 loss: 0.7064 time 4.29s
Epoch 40/300 22/48 loss: 0.7132 time 4.29s
Epoch 40/300 23/48 loss: 0.7075 time 4.30s
Epoch 40/300 24/48 loss: 0.7106 time 4.29s
Epoch 40/300 25/48 loss: 0.7033 time 4.30s
Epoch 40/300 26/48 loss: 0.7074 time 4.30s
Epoch 40/300 27/48 loss: 0.7095 time 4.30s
Epoch 40/300 28/48 loss: 0.7083 time 4.29s
Epoch 40/300 29/48 loss: 0.6997 time 4.29s
Epoch 40/300 30/48 loss: 0.6969 time 4.29s
Epoch 40/300 31/48 loss: 0.6955 time 4.29s
Epoch 40/300 32/48 loss: 0.6969 time 4.29s
Epoch 40/300 33/48 loss: 0.7014 time 4.29s
Epoch 40/300 34/48 loss: 0.7013 time 4.29s
Epoch 40/300 35/48 loss: 0.7075 time 4.30s
Epoch 40/300 36/48 loss: 0.7153 time 4.29s
Epoch 40/300 37/48 loss: 0.7183 time 4.29s
Epoch 40/300 38/48 loss: 0.7206 time 4.30s
Epoch 40/300 39/48 loss: 0.7163 time 4.29s
Epoch 40/300 40/48 loss: 0.7132 time 4.29s
Epoch 40/300 41/48 loss: 0.7107 time 4.30s
Epoch 40/300 42/48 loss: 0.7154 time 4.29s
Epoch 40/300 43/48 loss: 0.7128 time 4.29s
Epoch 40/300 44/48 loss: 0.7101 time 4.30s
Epoch 40/300 45/48 loss: 0.7080 time 4.29s
Epoch 40/300 46/48 loss: 0.7093 time 4.29s
Epoch 40/300 47/48 loss: 0.7050 time 4.29s
Final training  40/299 loss: 0.7050 time 209.09s
Sun Aug 13 10:13:22 2023 Epoch: 41
Epoch 41/300 0/48 loss: 0.8094 time 7.15s
Epoch 41/300 1/48 loss: 0.6792 time 4.29s
Epoch 41/300 2/48 loss: 0.6845 time 4.29s
Epoch 41/300 3/48 loss: 0.6902 time 4.29s
Epoch 41/300 4/48 loss: 0.6615 time 4.29s
Epoch 41/300 5/48 loss: 0.6839 time 4.29s
Epoch 41/300 6/48 loss: 0.7094 time 4.30s
Epoch 41/300 7/48 loss: 0.6947 time 4.30s
Epoch 41/300 8/48 loss: 0.6733 time 4.30s
Epoch 41/300 9/48 loss: 0.6978 time 4.30s
Epoch 41/300 10/48 loss: 0.7017 time 4.29s
Epoch 41/300 11/48 loss: 0.6922 time 4.29s
Epoch 41/300 12/48 loss: 0.6930 time 4.29s
Epoch 41/300 13/48 loss: 0.6843 time 4.29s
Epoch 41/300 14/48 loss: 0.6785 time 4.29s
Epoch 41/300 15/48 loss: 0.6771 time 4.29s
Epoch 41/300 16/48 loss: 0.6801 time 4.29s
Epoch 41/300 17/48 loss: 0.6850 time 4.29s
Epoch 41/300 18/48 loss: 0.6812 time 4.29s
Epoch 41/300 19/48 loss: 0.6806 time 4.30s
Epoch 41/300 20/48 loss: 0.6853 time 4.29s
Epoch 41/300 21/48 loss: 0.6806 time 4.29s
Epoch 41/300 22/48 loss: 0.6855 time 4.29s
Epoch 41/300 23/48 loss: 0.6840 time 4.30s
Epoch 41/300 24/48 loss: 0.6766 time 4.30s
Epoch 41/300 25/48 loss: 0.6817 time 4.30s
Epoch 41/300 26/48 loss: 0.6902 time 4.29s
Epoch 41/300 27/48 loss: 0.6958 time 4.29s
Epoch 41/300 28/48 loss: 0.6998 time 4.29s
Epoch 41/300 29/48 loss: 0.6963 time 4.29s
Epoch 41/300 30/48 loss: 0.7037 time 4.29s
Epoch 41/300 31/48 loss: 0.7007 time 4.29s
Epoch 41/300 32/48 loss: 0.7096 time 4.29s
Epoch 41/300 33/48 loss: 0.7072 time 4.29s
Epoch 41/300 34/48 loss: 0.7040 time 4.29s
Epoch 41/300 35/48 loss: 0.7081 time 4.29s
Epoch 41/300 36/48 loss: 0.7065 time 4.29s
Epoch 41/300 37/48 loss: 0.7099 time 4.29s
Epoch 41/300 38/48 loss: 0.7118 time 4.30s
Epoch 41/300 39/48 loss: 0.7092 time 4.30s
Epoch 41/300 40/48 loss: 0.7093 time 4.29s
Epoch 41/300 41/48 loss: 0.7115 time 4.30s
Epoch 41/300 42/48 loss: 0.7070 time 4.29s
Epoch 41/300 43/48 loss: 0.7033 time 4.29s
Epoch 41/300 44/48 loss: 0.7037 time 4.29s
Epoch 41/300 45/48 loss: 0.7064 time 4.29s
Epoch 41/300 46/48 loss: 0.7075 time 4.29s
Epoch 41/300 47/48 loss: 0.7023 time 4.29s
Final training  41/299 loss: 0.7023 time 209.00s
Sun Aug 13 10:16:51 2023 Epoch: 42
Epoch 42/300 0/48 loss: 0.6936 time 7.44s
Epoch 42/300 1/48 loss: 0.6584 time 4.29s
Epoch 42/300 2/48 loss: 0.7473 time 4.29s
Epoch 42/300 3/48 loss: 0.6966 time 4.29s
Epoch 42/300 4/48 loss: 0.6599 time 4.29s
Epoch 42/300 5/48 loss: 0.6462 time 4.30s
Epoch 42/300 6/48 loss: 0.6467 time 4.30s
Epoch 42/300 7/48 loss: 0.6691 time 4.29s
Epoch 42/300 8/48 loss: 0.6730 time 4.30s
Epoch 42/300 9/48 loss: 0.6905 time 4.29s
Epoch 42/300 10/48 loss: 0.7016 time 4.29s
Epoch 42/300 11/48 loss: 0.6938 time 4.30s
Epoch 42/300 12/48 loss: 0.7021 time 4.29s
Epoch 42/300 13/48 loss: 0.7128 time 4.29s
Epoch 42/300 14/48 loss: 0.7192 time 4.30s
Epoch 42/300 15/48 loss: 0.7109 time 4.29s
Epoch 42/300 16/48 loss: 0.7051 time 4.29s
Epoch 42/300 17/48 loss: 0.6962 time 4.29s
Epoch 42/300 18/48 loss: 0.6978 time 4.29s
Epoch 42/300 19/48 loss: 0.6924 time 4.29s
Epoch 42/300 20/48 loss: 0.7069 time 4.29s
Epoch 42/300 21/48 loss: 0.7041 time 4.30s
Epoch 42/300 22/48 loss: 0.7131 time 4.29s
Epoch 42/300 23/48 loss: 0.7061 time 4.30s
Epoch 42/300 24/48 loss: 0.7040 time 4.29s
Epoch 42/300 25/48 loss: 0.6961 time 4.29s
Epoch 42/300 26/48 loss: 0.6926 time 4.29s
Epoch 42/300 27/48 loss: 0.6962 time 4.29s
Epoch 42/300 28/48 loss: 0.7038 time 4.29s
Epoch 42/300 29/48 loss: 0.7041 time 4.29s
Epoch 42/300 30/48 loss: 0.7060 time 4.29s
Epoch 42/300 31/48 loss: 0.7023 time 4.29s
Epoch 42/300 32/48 loss: 0.7027 time 4.29s
Epoch 42/300 33/48 loss: 0.7050 time 4.29s
Epoch 42/300 34/48 loss: 0.7066 time 4.29s
Epoch 42/300 35/48 loss: 0.7063 time 4.29s
Epoch 42/300 36/48 loss: 0.7105 time 4.30s
Epoch 42/300 37/48 loss: 0.7130 time 4.30s
Epoch 42/300 38/48 loss: 0.7118 time 4.30s
Epoch 42/300 39/48 loss: 0.7139 time 4.30s
Epoch 42/300 40/48 loss: 0.7144 time 4.29s
Epoch 42/300 41/48 loss: 0.7093 time 4.29s
Epoch 42/300 42/48 loss: 0.7066 time 4.29s
Epoch 42/300 43/48 loss: 0.7034 time 4.29s
Epoch 42/300 44/48 loss: 0.6976 time 4.29s
Epoch 42/300 45/48 loss: 0.6953 time 4.29s
Epoch 42/300 46/48 loss: 0.6970 time 4.29s
Epoch 42/300 47/48 loss: 0.6999 time 4.29s
Final training  42/299 loss: 0.6999 time 209.30s
Sun Aug 13 10:20:20 2023 Epoch: 43
