None

        optimizer = torch.optim.AdamW(model.parameters(), lr=1e-5, weight_decay=1e-5)
        scheduler = torch.optim.lr_scheduler.CosineAnnealingLR(optimizer, T_max=max_epochs)



        max_epoch =  12
        validation = 4

    
MONAI version: 1.2.0rc7+9.g84940298
Numpy version: 1.24.2
Pytorch version: 1.13.1
MONAI flags: HAS_EXT = False, USE_COMPILED = False, USE_META_DICT = False
MONAI rev id: 84940298bff9ff1f54845eb8ae7422c0092c09c1
MONAI __file__: /home/guest185/hackathon_38/lib/python3.8/site-packages/monai/__init__.py

Optional dependencies:
Pytorch Ignite version: 0.4.2
ITK version: NOT INSTALLED or UNKNOWN VERSION.
Nibabel version: 5.1.0
scikit-image version: 0.19.3
Pillow version: 9.5.0
Tensorboard version: 2.13.0
gdown version: 4.7.1
TorchVision version: 0.14.1
tqdm version: 4.65.0
lmdb version: 1.2.1
psutil version: 5.9.4
pandas version: 1.5.3
einops version: 0.6.1
transformers version: 4.21.3
mlflow version: NOT INSTALLED or UNKNOWN VERSION.
pynrrd version: 1.0.0

For details about installing the optional dependencies, please visit:
    https://docs.monai.io/en/latest/installation.html#installing-the-recommended-dependencies

/tmp/tmp5i4_45a2
image shape: (240, 240, 155), label shape: (240, 240, 155)
Sun Aug 13 09:57:11 2023 Epoch: 0
In the future `np.bool` will be defined as the corresponding NumPy scalar.
In the future `np.bool` will be defined as the corresponding NumPy scalar.
In the future `np.bool` will be defined as the corresponding NumPy scalar.
In the future `np.bool` will be defined as the corresponding NumPy scalar.
monai.transforms.io.dictionary LoadImaged.__init__:image_only: Current default value of argument `image_only=False` has been deprecated since version 1.1. It will be changed to `image_only=True` in version 1.3.
In the future `np.bool` will be defined as the corresponding NumPy scalar.
In the future `np.bool` will be defined as the corresponding NumPy scalar.
Epoch 0/12 0/48 loss: 0.8772 time 31.35s
Epoch 0/12 1/48 loss: 0.8898 time 4.19s
Epoch 0/12 2/48 loss: 0.8892 time 4.54s
Epoch 0/12 3/48 loss: 0.9058 time 4.13s
Epoch 0/12 4/48 loss: 0.9054 time 4.15s
Epoch 0/12 5/48 loss: 0.9041 time 4.16s
Epoch 0/12 6/48 loss: 0.8989 time 4.15s
Epoch 0/12 7/48 loss: 0.9040 time 4.17s
Epoch 0/12 8/48 loss: 0.9117 time 4.17s
Epoch 0/12 9/48 loss: 0.9134 time 4.18s
Epoch 0/12 10/48 loss: 0.9053 time 4.19s
Epoch 0/12 11/48 loss: 0.9039 time 4.20s
Epoch 0/12 12/48 loss: 0.9038 time 4.20s
Epoch 0/12 13/48 loss: 0.9069 time 4.20s
Epoch 0/12 14/48 loss: 0.9033 time 4.21s
Epoch 0/12 15/48 loss: 0.9084 time 4.21s
Epoch 0/12 16/48 loss: 0.9108 time 4.22s
Epoch 0/12 17/48 loss: 0.9132 time 4.22s
Epoch 0/12 18/48 loss: 0.9162 time 4.23s
Epoch 0/12 19/48 loss: 0.9170 time 4.24s
Epoch 0/12 20/48 loss: 0.9201 time 4.22s
Epoch 0/12 21/48 loss: 0.9191 time 4.24s
Epoch 0/12 22/48 loss: 0.9200 time 4.25s
Epoch 0/12 23/48 loss: 0.9195 time 4.25s
Epoch 0/12 24/48 loss: 0.9214 time 4.25s
Epoch 0/12 25/48 loss: 0.9218 time 4.26s
Epoch 0/12 26/48 loss: 0.9230 time 4.25s
Epoch 0/12 27/48 loss: 0.9219 time 4.27s
Epoch 0/12 28/48 loss: 0.9201 time 4.26s
Epoch 0/12 29/48 loss: 0.9166 time 4.27s
Epoch 0/12 30/48 loss: 0.9155 time 4.27s
Epoch 0/12 31/48 loss: 0.9141 time 4.27s
Epoch 0/12 32/48 loss: 0.9161 time 4.27s
Epoch 0/12 33/48 loss: 0.9174 time 4.27s
Epoch 0/12 34/48 loss: 0.9160 time 4.27s
Epoch 0/12 35/48 loss: 0.9149 time 4.28s
Epoch 0/12 36/48 loss: 0.9146 time 4.28s
Epoch 0/12 37/48 loss: 0.9126 time 4.29s
Epoch 0/12 38/48 loss: 0.9131 time 4.30s
Epoch 0/12 39/48 loss: 0.9124 time 4.29s
Epoch 0/12 40/48 loss: 0.9096 time 4.29s
Epoch 0/12 41/48 loss: 0.9106 time 4.29s
Epoch 0/12 42/48 loss: 0.9110 time 4.29s
Epoch 0/12 43/48 loss: 0.9120 time 4.29s
Epoch 0/12 44/48 loss: 0.9139 time 4.29s
Epoch 0/12 45/48 loss: 0.9145 time 4.29s
Epoch 0/12 46/48 loss: 0.9133 time 4.29s
Epoch 0/12 47/48 loss: 0.9124 time 4.29s
Final training  0/11 loss: 0.9124 time 231.03s
Val 0/12 0/12 , dice_tc: 0.0011356008 , dice_wt: 0.3295844 , dice_et: 0.04279929 , time 62.35s
Val 0/12 1/12 , dice_tc: 0.0015611823 , dice_wt: 0.3040111 , dice_et: 0.032965686 , time 34.28s
Val 0/12 2/12 , dice_tc: 0.0047955103 , dice_wt: 0.3274977 , dice_et: 0.04428069 , time 34.20s
Val 0/12 3/12 , dice_tc: 0.0039072386 , dice_wt: 0.3186032 , dice_et: 0.040577512 , time 34.14s
Val 0/12 4/12 , dice_tc: 0.0031364257 , dice_wt: 0.2618481 , dice_et: 0.034218173 , time 34.10s
Val 0/12 5/12 , dice_tc: 0.0026222197 , dice_wt: 0.22644038 , dice_et: 0.028824827 , time 33.95s
Val 0/12 6/12 , dice_tc: 0.0022781598 , dice_wt: 0.19882181 , dice_et: 0.025981767 , time 33.85s
Val 0/12 7/12 , dice_tc: 0.0028385876 , dice_wt: 0.21106614 , dice_et: 0.0360183 , time 33.83s
Val 0/12 8/12 , dice_tc: 0.002952284 , dice_wt: 0.22163562 , dice_et: 0.036951263 , time 33.75s
Val 0/12 9/12 , dice_tc: 0.0031390705 , dice_wt: 0.23335405 , dice_et: 0.040348195 , time 33.77s
Val 0/12 10/12 , dice_tc: 0.0033533738 , dice_wt: 0.23374406 , dice_et: 0.03937833 , time 33.72s
Val 0/12 11/12 , dice_tc: 0.0031041645 , dice_wt: 0.22060283 , dice_et: 0.037040714 , time 33.68s
Final validation stats 0/11 , dice_tc: 0.0031041645 , dice_wt: 0.22060283 , dice_et: 0.037040714 , Dice_Avg: 0.0869159 , time 436.49s
new best (0.000000 --> 0.086916). 
Saving checkpoint /tmp/tmp5i4_45a2/model.pt
Sun Aug 13 10:08:19 2023 Epoch: 1
None of the inputs have requires_grad=True. Gradients will be None
Epoch 1/12 0/48 loss: 0.9597 time 10.96s
Epoch 1/12 1/48 loss: 0.8873 time 4.24s
Epoch 1/12 2/48 loss: 0.8642 time 4.25s
Epoch 1/12 3/48 loss: 0.8814 time 4.23s
Epoch 1/12 4/48 loss: 0.8927 time 4.25s
Epoch 1/12 5/48 loss: 0.8887 time 4.24s
Epoch 1/12 6/48 loss: 0.9045 time 4.25s
Epoch 1/12 7/48 loss: 0.9013 time 4.25s
Epoch 1/12 8/48 loss: 0.9004 time 4.24s
Epoch 1/12 9/48 loss: 0.8958 time 4.25s
Epoch 1/12 10/48 loss: 0.8918 time 4.25s
Epoch 1/12 11/48 loss: 0.8890 time 4.25s
Epoch 1/12 12/48 loss: 0.8939 time 4.25s
Epoch 1/12 13/48 loss: 0.8906 time 4.25s
Epoch 1/12 14/48 loss: 0.8879 time 4.25s
Epoch 1/12 15/48 loss: 0.8860 time 4.25s
Epoch 1/12 16/48 loss: 0.8914 time 4.25s
Epoch 1/12 17/48 loss: 0.8897 time 4.25s
Epoch 1/12 18/48 loss: 0.8877 time 4.26s
Epoch 1/12 19/48 loss: 0.8906 time 4.25s
Epoch 1/12 20/48 loss: 0.8939 time 4.25s
Epoch 1/12 21/48 loss: 0.8957 time 4.25s
Epoch 1/12 22/48 loss: 0.8933 time 4.26s
Epoch 1/12 23/48 loss: 0.8911 time 4.26s
Epoch 1/12 24/48 loss: 0.8887 time 4.26s
Epoch 1/12 25/48 loss: 0.8870 time 4.26s
Epoch 1/12 26/48 loss: 0.8897 time 4.25s
Epoch 1/12 27/48 loss: 0.8909 time 4.26s
Epoch 1/12 28/48 loss: 0.8900 time 4.26s
Epoch 1/12 29/48 loss: 0.8872 time 4.26s
Epoch 1/12 30/48 loss: 0.8886 time 4.25s
Epoch 1/12 31/48 loss: 0.8893 time 4.25s
Epoch 1/12 32/48 loss: 0.8853 time 4.25s
Epoch 1/12 33/48 loss: 0.8854 time 4.25s
Epoch 1/12 34/48 loss: 0.8866 time 4.25s
Epoch 1/12 35/48 loss: 0.8836 time 4.26s
Epoch 1/12 36/48 loss: 0.8851 time 4.25s
Epoch 1/12 37/48 loss: 0.8847 time 4.27s
Epoch 1/12 38/48 loss: 0.8852 time 4.25s
Epoch 1/12 39/48 loss: 0.8875 time 4.25s
Epoch 1/12 40/48 loss: 0.8889 time 4.26s
Epoch 1/12 41/48 loss: 0.8856 time 4.26s
Epoch 1/12 42/48 loss: 0.8877 time 4.25s
Epoch 1/12 43/48 loss: 0.8882 time 4.26s
Epoch 1/12 44/48 loss: 0.8863 time 4.26s
Epoch 1/12 45/48 loss: 0.8834 time 4.26s
Epoch 1/12 46/48 loss: 0.8838 time 4.25s
Epoch 1/12 47/48 loss: 0.8844 time 4.26s
Final training  1/11 loss: 0.8844 time 210.93s
Sun Aug 13 10:11:50 2023 Epoch: 2
Epoch 2/12 0/48 loss: 0.9245 time 8.32s
Epoch 2/12 1/48 loss: 0.8871 time 4.24s
Epoch 2/12 2/48 loss: 0.8936 time 4.24s
Epoch 2/12 3/48 loss: 0.9145 time 4.25s
Epoch 2/12 4/48 loss: 0.8809 time 4.25s
Epoch 2/12 5/48 loss: 0.8738 time 4.25s
Epoch 2/12 6/48 loss: 0.8681 time 4.25s
Epoch 2/12 7/48 loss: 0.8748 time 4.25s
Epoch 2/12 8/48 loss: 0.8594 time 4.26s
Epoch 2/12 9/48 loss: 0.8665 time 4.26s
Epoch 2/12 10/48 loss: 0.8693 time 4.26s
Epoch 2/12 11/48 loss: 0.8801 time 4.25s
Epoch 2/12 12/48 loss: 0.8752 time 4.26s
Epoch 2/12 13/48 loss: 0.8786 time 4.26s
Epoch 2/12 14/48 loss: 0.8739 time 4.26s
Epoch 2/12 15/48 loss: 0.8790 time 4.25s
Epoch 2/12 16/48 loss: 0.8787 time 4.25s
Epoch 2/12 17/48 loss: 0.8775 time 4.25s
Epoch 2/12 18/48 loss: 0.8749 time 4.25s
Epoch 2/12 19/48 loss: 0.8742 time 4.25s
Epoch 2/12 20/48 loss: 0.8753 time 4.25s
Epoch 2/12 21/48 loss: 0.8783 time 4.25s
Epoch 2/12 22/48 loss: 0.8738 time 4.25s
Epoch 2/12 23/48 loss: 0.8769 time 4.25s
Epoch 2/12 24/48 loss: 0.8745 time 4.26s
Epoch 2/12 25/48 loss: 0.8726 time 4.26s
Epoch 2/12 26/48 loss: 0.8718 time 4.26s
Epoch 2/12 27/48 loss: 0.8736 time 4.26s
Epoch 2/12 28/48 loss: 0.8715 time 4.26s
Epoch 2/12 29/48 loss: 0.8750 time 4.25s
Epoch 2/12 30/48 loss: 0.8731 time 4.25s
Epoch 2/12 31/48 loss: 0.8763 time 4.25s
Epoch 2/12 32/48 loss: 0.8744 time 4.25s
Epoch 2/12 33/48 loss: 0.8752 time 4.25s
Epoch 2/12 34/48 loss: 0.8771 time 4.25s
Epoch 2/12 35/48 loss: 0.8745 time 4.25s
Epoch 2/12 36/48 loss: 0.8732 time 4.25s
Epoch 2/12 37/48 loss: 0.8749 time 4.25s
Epoch 2/12 38/48 loss: 0.8718 time 4.25s
Epoch 2/12 39/48 loss: 0.8733 time 4.25s
Epoch 2/12 40/48 loss: 0.8719 time 4.25s
Epoch 2/12 41/48 loss: 0.8721 time 4.25s
Epoch 2/12 42/48 loss: 0.8694 time 4.26s
Epoch 2/12 43/48 loss: 0.8714 time 4.25s
Epoch 2/12 44/48 loss: 0.8721 time 4.25s
Epoch 2/12 45/48 loss: 0.8688 time 4.25s
Epoch 2/12 46/48 loss: 0.8668 time 4.25s
Epoch 2/12 47/48 loss: 0.8678 time 4.25s
Final training  2/11 loss: 0.8678 time 208.30s
Sun Aug 13 10:15:18 2023 Epoch: 3
Epoch 3/12 0/48 loss: 0.8995 time 7.93s
Epoch 3/12 1/48 loss: 0.8541 time 4.24s
Epoch 3/12 2/48 loss: 0.8782 time 4.24s
Epoch 3/12 3/48 loss: 0.8610 time 4.24s
Epoch 3/12 4/48 loss: 0.8886 time 4.25s
Epoch 3/12 5/48 loss: 0.8663 time 4.25s
Epoch 3/12 6/48 loss: 0.8696 time 4.25s
Epoch 3/12 7/48 loss: 0.8502 time 4.26s
Epoch 3/12 8/48 loss: 0.8491 time 4.25s
Epoch 3/12 9/48 loss: 0.8401 time 4.26s
Epoch 3/12 10/48 loss: 0.8338 time 4.26s
Epoch 3/12 11/48 loss: 0.8321 time 4.25s
Epoch 3/12 12/48 loss: 0.8409 time 4.25s
Epoch 3/12 13/48 loss: 0.8450 time 4.25s
Epoch 3/12 14/48 loss: 0.8443 time 4.25s
Epoch 3/12 15/48 loss: 0.8475 time 4.25s
Epoch 3/12 16/48 loss: 0.8549 time 4.26s
Epoch 3/12 17/48 loss: 0.8519 time 4.25s
Epoch 3/12 18/48 loss: 0.8489 time 4.25s
Epoch 3/12 19/48 loss: 0.8487 time 4.25s
Epoch 3/12 20/48 loss: 0.8425 time 4.25s
Epoch 3/12 21/48 loss: 0.8413 time 4.25s
Epoch 3/12 22/48 loss: 0.8445 time 4.25s
Epoch 3/12 23/48 loss: 0.8402 time 4.24s
Epoch 3/12 24/48 loss: 0.8374 time 4.27s
Epoch 3/12 25/48 loss: 0.8402 time 4.26s
Epoch 3/12 26/48 loss: 0.8444 time 4.25s
Epoch 3/12 27/48 loss: 0.8450 time 4.25s
Epoch 3/12 28/48 loss: 0.8431 time 4.25s
Epoch 3/12 29/48 loss: 0.8474 time 4.25s
Epoch 3/12 30/48 loss: 0.8496 time 4.25s
Epoch 3/12 31/48 loss: 0.8524 time 4.25s
Epoch 3/12 32/48 loss: 0.8548 time 4.25s
Epoch 3/12 33/48 loss: 0.8544 time 4.25s
Epoch 3/12 34/48 loss: 0.8503 time 4.25s
Epoch 3/12 35/48 loss: 0.8508 time 4.25s
Epoch 3/12 36/48 loss: 0.8535 time 4.25s
Epoch 3/12 37/48 loss: 0.8550 time 4.25s
Epoch 3/12 38/48 loss: 0.8539 time 4.26s
Epoch 3/12 39/48 loss: 0.8525 time 4.27s
Epoch 3/12 40/48 loss: 0.8523 time 4.26s
Epoch 3/12 41/48 loss: 0.8513 time 4.26s
Epoch 3/12 42/48 loss: 0.8542 time 4.26s
Epoch 3/12 43/48 loss: 0.8550 time 4.25s
Epoch 3/12 44/48 loss: 0.8538 time 4.26s
Epoch 3/12 45/48 loss: 0.8551 time 4.26s
Epoch 3/12 46/48 loss: 0.8568 time 4.26s
Epoch 3/12 47/48 loss: 0.8582 time 4.25s
Final training  3/11 loss: 0.8582 time 207.94s
Val 3/12 0/12 , dice_tc: 0.18197726 , dice_wt: 0.5018199 , dice_et: 0.078812584 , time 41.45s
Val 3/12 1/12 , dice_tc: 0.14201778 , dice_wt: 0.44248542 , dice_et: 0.05870483 , time 33.41s
Val 3/12 2/12 , dice_tc: 0.22142173 , dice_wt: 0.47181645 , dice_et: 0.0786612 , time 33.47s
Val 3/12 3/12 , dice_tc: 0.19899586 , dice_wt: 0.4757296 , dice_et: 0.073498495 , time 33.47s
Val 3/12 4/12 , dice_tc: 0.16455911 , dice_wt: 0.3900033 , dice_et: 0.061430633 , time 33.50s
Val 3/12 5/12 , dice_tc: 0.13814174 , dice_wt: 0.33620346 , dice_et: 0.051712822 , time 33.53s
Val 3/12 6/12 , dice_tc: 0.12138583 , dice_wt: 0.2945134 , dice_et: 0.0461013 , time 33.52s
Val 3/12 7/12 , dice_tc: 0.14906588 , dice_wt: 0.3058496 , dice_et: 0.057812814 , time 33.53s
Val 3/12 8/12 , dice_tc: 0.156419 , dice_wt: 0.3198382 , dice_et: 0.05951988 , time 33.52s
Val 3/12 9/12 , dice_tc: 0.17720333 , dice_wt: 0.335092 , dice_et: 0.06560255 , time 33.52s
Val 3/12 10/12 , dice_tc: 0.17324004 , dice_wt: 0.33420038 , dice_et: 0.06375289 , time 33.54s
Val 3/12 11/12 , dice_tc: 0.16294591 , dice_wt: 0.31756976 , dice_et: 0.060229465 , time 33.51s
Final validation stats 3/11 , dice_tc: 0.16294591 , dice_wt: 0.31756976 , dice_et: 0.060229465 , Dice_Avg: 0.18024838 , time 410.77s
new best (0.086916 --> 0.180248). 
Saving checkpoint /tmp/tmp5i4_45a2/model.pt
Sun Aug 13 10:25:37 2023 Epoch: 4
Epoch 4/12 0/48 loss: 0.9745 time 7.68s
Epoch 4/12 1/48 loss: 0.8830 time 4.25s
Epoch 4/12 2/48 loss: 0.8941 time 4.24s
Epoch 4/12 3/48 loss: 0.8730 time 4.25s
Epoch 4/12 4/48 loss: 0.8464 time 4.25s
Epoch 4/12 5/48 loss: 0.8211 time 4.25s
Epoch 4/12 6/48 loss: 0.8354 time 4.25s
Epoch 4/12 7/48 loss: 0.8359 time 4.25s
Epoch 4/12 8/48 loss: 0.8443 time 4.26s
Epoch 4/12 9/48 loss: 0.8413 time 4.25s
Epoch 4/12 10/48 loss: 0.8452 time 4.25s
Epoch 4/12 11/48 loss: 0.8376 time 4.25s
Epoch 4/12 12/48 loss: 0.8276 time 4.25s
Epoch 4/12 13/48 loss: 0.8228 time 4.25s
Epoch 4/12 14/48 loss: 0.8301 time 4.25s
Epoch 4/12 15/48 loss: 0.8333 time 4.25s
Epoch 4/12 16/48 loss: 0.8431 time 4.24s
Epoch 4/12 17/48 loss: 0.8380 time 4.26s
Epoch 4/12 18/48 loss: 0.8353 time 4.25s
Epoch 4/12 19/48 loss: 0.8368 time 4.25s
Epoch 4/12 20/48 loss: 0.8420 time 4.25s
Epoch 4/12 21/48 loss: 0.8416 time 4.26s
Epoch 4/12 22/48 loss: 0.8401 time 4.26s
Epoch 4/12 23/48 loss: 0.8427 time 4.26s
Epoch 4/12 24/48 loss: 0.8460 time 4.26s
Epoch 4/12 25/48 loss: 0.8495 time 4.25s
Epoch 4/12 26/48 loss: 0.8529 time 4.25s
Epoch 4/12 27/48 loss: 0.8504 time 4.26s
Epoch 4/12 28/48 loss: 0.8545 time 4.25s
Epoch 4/12 29/48 loss: 0.8569 time 4.25s
Epoch 4/12 30/48 loss: 0.8548 time 4.25s
Epoch 4/12 31/48 loss: 0.8531 time 4.25s
Epoch 4/12 32/48 loss: 0.8542 time 4.25s
Epoch 4/12 33/48 loss: 0.8495 time 4.25s
Epoch 4/12 34/48 loss: 0.8496 time 4.25s
Epoch 4/12 35/48 loss: 0.8530 time 4.25s
Epoch 4/12 36/48 loss: 0.8545 time 4.25s
Epoch 4/12 37/48 loss: 0.8511 time 4.26s
Epoch 4/12 38/48 loss: 0.8525 time 4.25s
Epoch 4/12 39/48 loss: 0.8518 time 4.26s
Epoch 4/12 40/48 loss: 0.8527 time 4.26s
Epoch 4/12 41/48 loss: 0.8512 time 4.25s
Epoch 4/12 42/48 loss: 0.8535 time 4.25s
Epoch 4/12 43/48 loss: 0.8523 time 4.26s
Epoch 4/12 44/48 loss: 0.8518 time 4.25s
Epoch 4/12 45/48 loss: 0.8525 time 4.25s
Epoch 4/12 46/48 loss: 0.8509 time 4.25s
Epoch 4/12 47/48 loss: 0.8497 time 4.25s
Final training  4/11 loss: 0.8497 time 207.68s
Sun Aug 13 10:29:05 2023 Epoch: 5
Epoch 5/12 0/48 loss: 0.8341 time 7.67s
Epoch 5/12 1/48 loss: 0.8115 time 4.24s
Epoch 5/12 2/48 loss: 0.8436 time 4.24s
Epoch 5/12 3/48 loss: 0.8302 time 4.24s
Epoch 5/12 4/48 loss: 0.8539 time 4.25s
Epoch 5/12 5/48 loss: 0.8499 time 4.24s
Epoch 5/12 6/48 loss: 0.8410 time 4.25s
Epoch 5/12 7/48 loss: 0.8607 time 4.25s
Epoch 5/12 8/48 loss: 0.8573 time 4.25s
Epoch 5/12 9/48 loss: 0.8515 time 4.25s
Epoch 5/12 10/48 loss: 0.8421 time 4.25s
Epoch 5/12 11/48 loss: 0.8475 time 4.25s
Epoch 5/12 12/48 loss: 0.8497 time 4.25s
Epoch 5/12 13/48 loss: 0.8421 time 4.25s
Epoch 5/12 14/48 loss: 0.8402 time 4.25s
Epoch 5/12 15/48 loss: 0.8373 time 4.26s
Epoch 5/12 16/48 loss: 0.8423 time 4.25s
Epoch 5/12 17/48 loss: 0.8396 time 4.25s
Epoch 5/12 18/48 loss: 0.8465 time 4.25s
Epoch 5/12 19/48 loss: 0.8486 time 4.25s
Epoch 5/12 20/48 loss: 0.8504 time 4.26s
Epoch 5/12 21/48 loss: 0.8518 time 4.26s
Epoch 5/12 22/48 loss: 0.8474 time 4.25s
Epoch 5/12 23/48 loss: 0.8443 time 4.26s
Epoch 5/12 24/48 loss: 0.8383 time 4.25s
Epoch 5/12 25/48 loss: 0.8359 time 4.25s
Epoch 5/12 26/48 loss: 0.8392 time 4.25s
Epoch 5/12 27/48 loss: 0.8417 time 4.25s
Epoch 5/12 28/48 loss: 0.8453 time 4.25s
Epoch 5/12 29/48 loss: 0.8412 time 4.25s
Epoch 5/12 30/48 loss: 0.8444 time 4.25s
Epoch 5/12 31/48 loss: 0.8483 time 4.25s
Epoch 5/12 32/48 loss: 0.8498 time 4.25s
Epoch 5/12 33/48 loss: 0.8445 time 4.25s
Epoch 5/12 34/48 loss: 0.8407 time 4.25s
Epoch 5/12 35/48 loss: 0.8432 time 4.25s
Epoch 5/12 36/48 loss: 0.8441 time 4.26s
Epoch 5/12 37/48 loss: 0.8398 time 4.26s
Epoch 5/12 38/48 loss: 0.8384 time 4.26s
Epoch 5/12 39/48 loss: 0.8375 time 4.25s
Epoch 5/12 40/48 loss: 0.8393 time 4.26s
Epoch 5/12 41/48 loss: 0.8408 time 4.25s
Epoch 5/12 42/48 loss: 0.8426 time 4.25s
Epoch 5/12 43/48 loss: 0.8455 time 4.25s
Epoch 5/12 44/48 loss: 0.8438 time 4.25s
Epoch 5/12 45/48 loss: 0.8439 time 4.25s
Epoch 5/12 46/48 loss: 0.8431 time 4.25s
Epoch 5/12 47/48 loss: 0.8434 time 4.25s
Final training  5/11 loss: 0.8434 time 207.61s
Sun Aug 13 10:32:33 2023 Epoch: 6
Epoch 6/12 0/48 loss: 0.8469 time 7.25s
Epoch 6/12 1/48 loss: 0.8117 time 4.25s
Epoch 6/12 2/48 loss: 0.7980 time 4.24s
Epoch 6/12 3/48 loss: 0.8161 time 4.25s
Epoch 6/12 4/48 loss: 0.8294 time 4.25s
Epoch 6/12 5/48 loss: 0.8216 time 4.26s
Epoch 6/12 6/48 loss: 0.8429 time 4.25s
Epoch 6/12 7/48 loss: 0.8473 time 4.25s
Epoch 6/12 8/48 loss: 0.8386 time 4.25s
Epoch 6/12 9/48 loss: 0.8484 time 4.24s
Epoch 6/12 10/48 loss: 0.8445 time 4.25s
Epoch 6/12 11/48 loss: 0.8426 time 4.26s
Epoch 6/12 12/48 loss: 0.8505 time 4.25s
Epoch 6/12 13/48 loss: 0.8465 time 4.25s
Epoch 6/12 14/48 loss: 0.8546 time 4.25s
Epoch 6/12 15/48 loss: 0.8471 time 4.26s
Epoch 6/12 16/48 loss: 0.8485 time 4.25s
Epoch 6/12 17/48 loss: 0.8536 time 4.25s
Epoch 6/12 18/48 loss: 0.8477 time 4.26s
Epoch 6/12 19/48 loss: 0.8502 time 4.25s
Epoch 6/12 20/48 loss: 0.8471 time 4.26s
Epoch 6/12 21/48 loss: 0.8503 time 4.26s
Epoch 6/12 22/48 loss: 0.8529 time 4.26s
Epoch 6/12 23/48 loss: 0.8459 time 4.25s
Epoch 6/12 24/48 loss: 0.8450 time 4.25s
Epoch 6/12 25/48 loss: 0.8451 time 4.25s
Epoch 6/12 26/48 loss: 0.8424 time 4.25s
Epoch 6/12 27/48 loss: 0.8451 time 4.25s
Epoch 6/12 28/48 loss: 0.8476 time 4.25s
Epoch 6/12 29/48 loss: 0.8438 time 4.25s
Epoch 6/12 30/48 loss: 0.8416 time 4.25s
Epoch 6/12 31/48 loss: 0.8377 time 4.25s
Epoch 6/12 32/48 loss: 0.8405 time 4.25s
Epoch 6/12 33/48 loss: 0.8387 time 4.25s
Epoch 6/12 34/48 loss: 0.8423 time 4.25s
Epoch 6/12 35/48 loss: 0.8406 time 4.26s
Epoch 6/12 36/48 loss: 0.8417 time 4.25s
Epoch 6/12 37/48 loss: 0.8432 time 4.26s
Epoch 6/12 38/48 loss: 0.8416 time 4.25s
Epoch 6/12 39/48 loss: 0.8455 time 4.25s
Epoch 6/12 40/48 loss: 0.8441 time 4.26s
Epoch 6/12 41/48 loss: 0.8452 time 4.25s
Epoch 6/12 42/48 loss: 0.8465 time 4.25s
Epoch 6/12 43/48 loss: 0.8478 time 4.25s
Epoch 6/12 44/48 loss: 0.8444 time 4.25s
Epoch 6/12 45/48 loss: 0.8408 time 4.25s
Epoch 6/12 46/48 loss: 0.8403 time 4.25s
Epoch 6/12 47/48 loss: 0.8367 time 4.25s
Final training  6/11 loss: 0.8367 time 207.23s
Sun Aug 13 10:36:00 2023 Epoch: 7
Epoch 7/12 0/48 loss: 0.7732 time 7.13s
Epoch 7/12 1/48 loss: 0.8385 time 4.25s
Epoch 7/12 2/48 loss: 0.8466 time 4.26s
Epoch 7/12 3/48 loss: 0.8535 time 4.25s
Epoch 7/12 4/48 loss: 0.8663 time 4.25s
Epoch 7/12 5/48 loss: 0.8620 time 4.25s
Epoch 7/12 6/48 loss: 0.8442 time 4.25s
Epoch 7/12 7/48 loss: 0.8366 time 4.25s
Epoch 7/12 8/48 loss: 0.8546 time 4.25s
Epoch 7/12 9/48 loss: 0.8610 time 4.25s
Epoch 7/12 10/48 loss: 0.8540 time 4.26s
Epoch 7/12 11/48 loss: 0.8462 time 4.25s
Epoch 7/12 12/48 loss: 0.8344 time 4.25s
Epoch 7/12 13/48 loss: 0.8299 time 4.25s
Epoch 7/12 14/48 loss: 0.8331 time 4.25s
Epoch 7/12 15/48 loss: 0.8416 time 4.25s
Epoch 7/12 16/48 loss: 0.8403 time 4.25s
Epoch 7/12 17/48 loss: 0.8472 time 4.26s
Epoch 7/12 18/48 loss: 0.8403 time 4.25s
Epoch 7/12 19/48 loss: 0.8369 time 4.26s
Epoch 7/12 20/48 loss: 0.8288 time 4.25s
Epoch 7/12 21/48 loss: 0.8337 time 4.25s
Epoch 7/12 22/48 loss: 0.8330 time 4.25s
Epoch 7/12 23/48 loss: 0.8254 time 4.25s
Epoch 7/12 24/48 loss: 0.8283 time 4.25s
Epoch 7/12 25/48 loss: 0.8326 time 4.25s
Epoch 7/12 26/48 loss: 0.8304 time 4.26s
Epoch 7/12 27/48 loss: 0.8292 time 4.25s
Epoch 7/12 28/48 loss: 0.8256 time 4.25s
Epoch 7/12 29/48 loss: 0.8279 time 4.25s
Epoch 7/12 30/48 loss: 0.8312 time 4.25s
Epoch 7/12 31/48 loss: 0.8337 time 4.25s
Epoch 7/12 32/48 loss: 0.8367 time 4.25s
Epoch 7/12 33/48 loss: 0.8345 time 4.26s
Epoch 7/12 34/48 loss: 0.8330 time 4.26s
Epoch 7/12 35/48 loss: 0.8324 time 4.25s
Epoch 7/12 36/48 loss: 0.8336 time 4.26s
Epoch 7/12 37/48 loss: 0.8350 time 4.26s
Epoch 7/12 38/48 loss: 0.8332 time 4.25s
Epoch 7/12 39/48 loss: 0.8316 time 4.25s
Epoch 7/12 40/48 loss: 0.8334 time 4.25s
Epoch 7/12 41/48 loss: 0.8336 time 4.25s
Epoch 7/12 42/48 loss: 0.8299 time 4.26s
Epoch 7/12 43/48 loss: 0.8315 time 4.25s
Epoch 7/12 44/48 loss: 0.8287 time 4.25s
Epoch 7/12 45/48 loss: 0.8295 time 4.25s
Epoch 7/12 46/48 loss: 0.8280 time 4.25s
Epoch 7/12 47/48 loss: 0.8308 time 4.25s
Final training  7/11 loss: 0.8308 time 207.12s
Val 7/12 0/12 , dice_tc: 0.2013721 , dice_wt: 0.67834157 , dice_et: 0.09936083 , time 37.24s
Val 7/12 1/12 , dice_tc: 0.16721705 , dice_wt: 0.61181647 , dice_et: 0.073098585 , time 33.40s
Val 7/12 2/12 , dice_tc: 0.24871285 , dice_wt: 0.6267125 , dice_et: 0.09538401 , time 33.45s
Val 7/12 3/12 , dice_tc: 0.21291749 , dice_wt: 0.5854339 , dice_et: 0.085160315 , time 33.45s
Val 7/12 4/12 , dice_tc: 0.17775673 , dice_wt: 0.48384905 , dice_et: 0.07137588 , time 33.47s
Val 7/12 5/12 , dice_tc: 0.1495679 , dice_wt: 0.424266 , dice_et: 0.060111627 , time 33.47s
Val 7/12 6/12 , dice_tc: 0.13236596 , dice_wt: 0.37468103 , dice_et: 0.053697277 , time 33.49s
Val 7/12 7/12 , dice_tc: 0.1751764 , dice_wt: 0.40134948 , dice_et: 0.069061525 , time 33.49s
Val 7/12 8/12 , dice_tc: 0.18793027 , dice_wt: 0.43040028 , dice_et: 0.07205416 , time 33.50s
Val 7/12 9/12 , dice_tc: 0.21285728 , dice_wt: 0.45271644 , dice_et: 0.079847686 , time 33.50s
Val 7/12 10/12 , dice_tc: 0.2093413 , dice_wt: 0.45706388 , dice_et: 0.07755994 , time 33.52s
Val 7/12 11/12 , dice_tc: 0.19704543 , dice_wt: 0.43667722 , dice_et: 0.07323431 , time 33.46s
Final validation stats 7/11 , dice_tc: 0.19704543 , dice_wt: 0.43667722 , dice_et: 0.07323431 , Dice_Avg: 0.23565233 , time 406.21s
new best (0.180248 --> 0.235652). 
Saving checkpoint /tmp/tmp5i4_45a2/model.pt
Sun Aug 13 10:46:14 2023 Epoch: 8
Epoch 8/12 0/48 loss: 0.9644 time 10.67s
Epoch 8/12 1/48 loss: 0.9818 time 4.23s
Epoch 8/12 2/48 loss: 0.8749 time 4.24s
Epoch 8/12 3/48 loss: 0.8810 time 4.24s
Epoch 8/12 4/48 loss: 0.8732 time 4.24s
Epoch 8/12 5/48 loss: 0.8477 time 4.24s
Epoch 8/12 6/48 loss: 0.8344 time 4.23s
Epoch 8/12 7/48 loss: 0.8509 time 4.24s
Epoch 8/12 8/48 loss: 0.8417 time 4.25s
Epoch 8/12 9/48 loss: 0.8332 time 4.25s
Epoch 8/12 10/48 loss: 0.8408 time 4.25s
Epoch 8/12 11/48 loss: 0.8293 time 4.24s
Epoch 8/12 12/48 loss: 0.8256 time 4.25s
Epoch 8/12 13/48 loss: 0.8338 time 4.25s
Epoch 8/12 14/48 loss: 0.8291 time 4.24s
Epoch 8/12 15/48 loss: 0.8269 time 4.25s
Epoch 8/12 16/48 loss: 0.8242 time 4.26s
Epoch 8/12 17/48 loss: 0.8234 time 4.26s
Epoch 8/12 18/48 loss: 0.8227 time 4.25s
Epoch 8/12 19/48 loss: 0.8261 time 4.25s
Epoch 8/12 20/48 loss: 0.8214 time 4.25s
Epoch 8/12 21/48 loss: 0.8168 time 4.25s
Epoch 8/12 22/48 loss: 0.8191 time 4.25s
Epoch 8/12 23/48 loss: 0.8231 time 4.25s
Epoch 8/12 24/48 loss: 0.8247 time 4.25s
Epoch 8/12 25/48 loss: 0.8302 time 4.25s
Epoch 8/12 26/48 loss: 0.8232 time 4.26s
Epoch 8/12 27/48 loss: 0.8219 time 4.25s
Epoch 8/12 28/48 loss: 0.8170 time 4.25s
Epoch 8/12 29/48 loss: 0.8197 time 4.25s
Epoch 8/12 30/48 loss: 0.8180 time 4.26s
Epoch 8/12 31/48 loss: 0.8216 time 4.25s
Epoch 8/12 32/48 loss: 0.8248 time 4.26s
Epoch 8/12 33/48 loss: 0.8261 time 4.25s
Epoch 8/12 34/48 loss: 0.8257 time 4.25s
Epoch 8/12 35/48 loss: 0.8236 time 4.25s
Epoch 8/12 36/48 loss: 0.8252 time 4.25s
Epoch 8/12 37/48 loss: 0.8265 time 4.26s
Epoch 8/12 38/48 loss: 0.8284 time 4.25s
Epoch 8/12 39/48 loss: 0.8285 time 4.25s
Epoch 8/12 40/48 loss: 0.8310 time 4.25s
Epoch 8/12 41/48 loss: 0.8296 time 4.25s
Epoch 8/12 42/48 loss: 0.8306 time 4.25s
Epoch 8/12 43/48 loss: 0.8320 time 4.25s
Epoch 8/12 44/48 loss: 0.8303 time 4.25s
Epoch 8/12 45/48 loss: 0.8289 time 4.25s
Epoch 8/12 46/48 loss: 0.8306 time 4.25s
Epoch 8/12 47/48 loss: 0.8273 time 4.25s
Final training  8/11 loss: 0.8273 time 210.49s
Sun Aug 13 10:49:44 2023 Epoch: 9
Epoch 9/12 0/48 loss: 0.9140 time 7.84s
Epoch 9/12 1/48 loss: 0.8382 time 4.24s
Epoch 9/12 2/48 loss: 0.8128 time 4.25s
Epoch 9/12 3/48 loss: 0.7874 time 4.25s
Epoch 9/12 4/48 loss: 0.8017 time 4.25s
Epoch 9/12 5/48 loss: 0.7955 time 4.25s
Epoch 9/12 6/48 loss: 0.8202 time 4.25s
Epoch 9/12 7/48 loss: 0.8338 time 4.24s
Epoch 9/12 8/48 loss: 0.8166 time 4.25s
Epoch 9/12 9/48 loss: 0.8153 time 4.25s
Epoch 9/12 10/48 loss: 0.8174 time 4.25s
Epoch 9/12 11/48 loss: 0.8251 time 4.25s
Epoch 9/12 12/48 loss: 0.8121 time 4.26s
Epoch 9/12 13/48 loss: 0.8079 time 4.25s
Epoch 9/12 14/48 loss: 0.8019 time 4.25s
Epoch 9/12 15/48 loss: 0.8022 time 4.26s
Epoch 9/12 16/48 loss: 0.8007 time 4.26s
Epoch 9/12 17/48 loss: 0.7986 time 4.26s
Epoch 9/12 18/48 loss: 0.8074 time 4.25s
Epoch 9/12 19/48 loss: 0.8105 time 4.25s
Epoch 9/12 20/48 loss: 0.8194 time 4.25s
Epoch 9/12 21/48 loss: 0.8226 time 4.25s
Epoch 9/12 22/48 loss: 0.8247 time 4.25s
Epoch 9/12 23/48 loss: 0.8214 time 4.25s
Epoch 9/12 24/48 loss: 0.8190 time 4.25s
Epoch 9/12 25/48 loss: 0.8143 time 4.25s
Epoch 9/12 26/48 loss: 0.8188 time 4.25s
Epoch 9/12 27/48 loss: 0.8226 time 4.25s
Epoch 9/12 28/48 loss: 0.8229 time 4.25s
Epoch 9/12 29/48 loss: 0.8176 time 4.26s
Epoch 9/12 30/48 loss: 0.8159 time 4.25s
Epoch 9/12 31/48 loss: 0.8197 time 4.26s
Epoch 9/12 32/48 loss: 0.8215 time 4.25s
Epoch 9/12 33/48 loss: 0.8257 time 4.26s
Epoch 9/12 34/48 loss: 0.8241 time 4.25s
Epoch 9/12 35/48 loss: 0.8261 time 4.25s
Epoch 9/12 36/48 loss: 0.8268 time 4.25s
Epoch 9/12 37/48 loss: 0.8219 time 4.25s
Epoch 9/12 38/48 loss: 0.8238 time 4.25s
Epoch 9/12 39/48 loss: 0.8233 time 4.25s
Epoch 9/12 40/48 loss: 0.8255 time 4.25s
Epoch 9/12 41/48 loss: 0.8269 time 4.25s
Epoch 9/12 42/48 loss: 0.8278 time 4.25s
Epoch 9/12 43/48 loss: 0.8294 time 4.25s
Epoch 9/12 44/48 loss: 0.8284 time 4.25s
Epoch 9/12 45/48 loss: 0.8267 time 4.25s
Epoch 9/12 46/48 loss: 0.8245 time 4.26s
Epoch 9/12 47/48 loss: 0.8229 time 4.26s
Final training  9/11 loss: 0.8229 time 207.81s
Sun Aug 13 10:53:12 2023 Epoch: 10
Epoch 10/12 0/48 loss: 0.9617 time 8.06s
Epoch 10/12 1/48 loss: 0.8519 time 4.24s
Epoch 10/12 2/48 loss: 0.8178 time 4.24s
Epoch 10/12 3/48 loss: 0.8035 time 4.25s
Epoch 10/12 4/48 loss: 0.8037 time 4.25s
Epoch 10/12 5/48 loss: 0.7945 time 4.25s
Epoch 10/12 6/48 loss: 0.7892 time 4.25s
Epoch 10/12 7/48 loss: 0.7885 time 4.25s
Epoch 10/12 8/48 loss: 0.7951 time 4.25s
Epoch 10/12 9/48 loss: 0.7794 time 4.26s
Epoch 10/12 10/48 loss: 0.7766 time 4.25s
Epoch 10/12 11/48 loss: 0.7753 time 4.26s
Epoch 10/12 12/48 loss: 0.7824 time 4.26s
Epoch 10/12 13/48 loss: 0.7859 time 4.26s
Epoch 10/12 14/48 loss: 0.7798 time 4.26s
Epoch 10/12 15/48 loss: 0.7887 time 4.26s
Epoch 10/12 16/48 loss: 0.7932 time 4.25s
Epoch 10/12 17/48 loss: 0.8047 time 4.25s
Epoch 10/12 18/48 loss: 0.8088 time 4.26s
Epoch 10/12 19/48 loss: 0.8063 time 4.25s
Epoch 10/12 20/48 loss: 0.8047 time 4.25s
Epoch 10/12 21/48 loss: 0.8088 time 4.26s
Epoch 10/12 22/48 loss: 0.8143 time 4.25s
Epoch 10/12 23/48 loss: 0.8084 time 4.25s
Epoch 10/12 24/48 loss: 0.8123 time 4.25s
Epoch 10/12 25/48 loss: 0.8107 time 4.25s
Epoch 10/12 26/48 loss: 0.8135 time 4.25s
Epoch 10/12 27/48 loss: 0.8153 time 4.25s
Epoch 10/12 28/48 loss: 0.8205 time 4.25s
Epoch 10/12 29/48 loss: 0.8199 time 4.25s
Epoch 10/12 30/48 loss: 0.8145 time 4.25s
Epoch 10/12 31/48 loss: 0.8111 time 4.26s
Epoch 10/12 32/48 loss: 0.8136 time 4.25s
Epoch 10/12 33/48 loss: 0.8132 time 4.26s
Epoch 10/12 34/48 loss: 0.8164 time 4.25s
Epoch 10/12 35/48 loss: 0.8189 time 4.25s
Epoch 10/12 36/48 loss: 0.8147 time 4.25s
Epoch 10/12 37/48 loss: 0.8120 time 4.25s
Epoch 10/12 38/48 loss: 0.8151 time 4.25s
Epoch 10/12 39/48 loss: 0.8153 time 4.25s
Epoch 10/12 40/48 loss: 0.8138 time 4.25s
Epoch 10/12 41/48 loss: 0.8174 time 4.25s
Epoch 10/12 42/48 loss: 0.8196 time 4.25s
Epoch 10/12 43/48 loss: 0.8209 time 4.25s
Epoch 10/12 44/48 loss: 0.8216 time 4.25s
Epoch 10/12 45/48 loss: 0.8199 time 4.26s
Epoch 10/12 46/48 loss: 0.8214 time 4.26s
Epoch 10/12 47/48 loss: 0.8192 time 4.26s
Final training  10/11 loss: 0.8192 time 208.04s
Sun Aug 13 10:56:40 2023 Epoch: 11
Epoch 11/12 0/48 loss: 0.6962 time 7.56s
Epoch 11/12 1/48 loss: 0.7884 time 4.24s
Epoch 11/12 2/48 loss: 0.7643 time 4.25s
Epoch 11/12 3/48 loss: 0.7725 time 4.25s
Epoch 11/12 4/48 loss: 0.7686 time 4.24s
Epoch 11/12 5/48 loss: 0.7704 time 4.25s
Epoch 11/12 6/48 loss: 0.7854 time 4.25s
Epoch 11/12 7/48 loss: 0.7990 time 4.25s
Epoch 11/12 8/48 loss: 0.7923 time 4.26s
Epoch 11/12 9/48 loss: 0.7839 time 4.25s
Epoch 11/12 10/48 loss: 0.7811 time 4.25s
Epoch 11/12 11/48 loss: 0.7933 time 4.25s
Epoch 11/12 12/48 loss: 0.7822 time 4.26s
Epoch 11/12 13/48 loss: 0.7812 time 4.26s
Epoch 11/12 14/48 loss: 0.7859 time 4.25s
Epoch 11/12 15/48 loss: 0.7944 time 4.26s
Epoch 11/12 16/48 loss: 0.7961 time 4.25s
Epoch 11/12 17/48 loss: 0.7937 time 4.25s
Epoch 11/12 18/48 loss: 0.7988 time 4.25s
Epoch 11/12 19/48 loss: 0.7967 time 4.25s
Epoch 11/12 20/48 loss: 0.8046 time 4.26s
Epoch 11/12 21/48 loss: 0.8091 time 4.25s
Epoch 11/12 22/48 loss: 0.8174 time 4.24s
Epoch 11/12 23/48 loss: 0.8146 time 4.26s
Epoch 11/12 24/48 loss: 0.8165 time 4.25s
Epoch 11/12 25/48 loss: 0.8132 time 4.25s
Epoch 11/12 26/48 loss: 0.8107 time 4.25s
Epoch 11/12 27/48 loss: 0.8163 time 4.25s
Epoch 11/12 28/48 loss: 0.8146 time 4.26s
Epoch 11/12 29/48 loss: 0.8182 time 4.25s
Epoch 11/12 30/48 loss: 0.8205 time 4.25s
Epoch 11/12 31/48 loss: 0.8207 time 4.25s
Epoch 11/12 32/48 loss: 0.8249 time 4.25s
Epoch 11/12 33/48 loss: 0.8259 time 4.25s
Epoch 11/12 34/48 loss: 0.8264 time 4.25s
Epoch 11/12 35/48 loss: 0.8217 time 4.25s
Epoch 11/12 36/48 loss: 0.8210 time 4.25s
Epoch 11/12 37/48 loss: 0.8170 time 4.25s
Epoch 11/12 38/48 loss: 0.8152 time 4.26s
Epoch 11/12 39/48 loss: 0.8176 time 4.25s
Epoch 11/12 40/48 loss: 0.8196 time 4.25s
Epoch 11/12 41/48 loss: 0.8223 time 4.25s
Epoch 11/12 42/48 loss: 0.8179 time 4.25s
Epoch 11/12 43/48 loss: 0.8193 time 4.26s
Epoch 11/12 44/48 loss: 0.8176 time 4.26s
Epoch 11/12 45/48 loss: 0.8148 time 4.26s
Epoch 11/12 46/48 loss: 0.8144 time 4.26s
Epoch 11/12 47/48 loss: 0.8154 time 4.25s
Final training  11/11 loss: 0.8154 time 207.50s
Auto-removal of overlapping axes is deprecated since 3.6 and will be removed two minor releases later; explicitly call ax.remove() as needed.
Auto-removal of overlapping axes is deprecated since 3.6 and will be removed two minor releases later; explicitly call ax.remove() as needed.
Val 11/12 0/12 , dice_tc: 0.20404862 , dice_wt: 0.7313103 , dice_et: 0.10286045 , time 37.95s
Val 11/12 1/12 , dice_tc: 0.1616503 , dice_wt: 0.6654388 , dice_et: 0.07161051 , time 33.41s
Val 11/12 2/12 , dice_tc: 0.24449842 , dice_wt: 0.6802966 , dice_et: 0.09267517 , time 33.47s
Val 11/12 3/12 , dice_tc: 0.21415818 , dice_wt: 0.6563378 , dice_et: 0.083345965 , time 33.46s
Val 11/12 4/12 , dice_tc: 0.1785264 , dice_wt: 0.54362524 , dice_et: 0.07000133 , time 33.49s
Val 11/12 5/12 , dice_tc: 0.14992218 , dice_wt: 0.4754615 , dice_et: 0.058874 , time 33.50s
Val 11/12 6/12 , dice_tc: 0.13221323 , dice_wt: 0.42019656 , dice_et: 0.05237622 , time 33.53s
Val 11/12 7/12 , dice_tc: 0.17284928 , dice_wt: 0.44531938 , dice_et: 0.06756538 , time 33.52s
Val 11/12 8/12 , dice_tc: 0.18648471 , dice_wt: 0.47862858 , dice_et: 0.070916474 , time 33.51s
Val 11/12 9/12 , dice_tc: 0.20777719 , dice_wt: 0.49979797 , dice_et: 0.077354595 , time 33.51s
Val 11/12 10/12 , dice_tc: 0.2046522 , dice_wt: 0.5073232 , dice_et: 0.07551698 , time 33.49s
Val 11/12 11/12 , dice_tc: 0.19357073 , dice_wt: 0.49111354 , dice_et: 0.071369 , time 33.47s
Final validation stats 11/11 , dice_tc: 0.19357073 , dice_wt: 0.49111354 , dice_et: 0.071369 , Dice_Avg: 0.25201777 , time 407.11s
new best (0.235652 --> 0.252018). 
Saving checkpoint /tmp/tmp5i4_45a2/model.pt
Training Finished !, Best Accuracy:  0.25201777
