None

       optimizer = torch.optim.SGD(model.parameters(), lr=0.5, momentum=0.9)
        scheduler = torch.optim.lr_scheduler.CyclicLR(optimizer, base_lr=0.0001, max_lr=0.01)

        max_epoch = 120
        validation = 40

    
MONAI version: 1.2.0rc7+9.g84940298
Numpy version: 1.24.2
Pytorch version: 1.13.1
MONAI flags: HAS_EXT = False, USE_COMPILED = False, USE_META_DICT = False
MONAI rev id: 84940298bff9ff1f54845eb8ae7422c0092c09c1
MONAI __file__: /home/guest185/hackathon_38/lib/python3.8/site-packages/monai/__init__.py

Optional dependencies:
Pytorch Ignite version: 0.4.2
ITK version: NOT INSTALLED or UNKNOWN VERSION.
Nibabel version: 5.1.0
scikit-image version: 0.19.3
Pillow version: 9.5.0
Tensorboard version: 2.13.0
gdown version: 4.7.1
TorchVision version: 0.14.1
tqdm version: 4.65.0
lmdb version: 1.2.1
psutil version: 5.9.4
pandas version: 1.5.3
einops version: 0.6.1
transformers version: 4.21.3
mlflow version: NOT INSTALLED or UNKNOWN VERSION.
pynrrd version: 1.0.0

For details about installing the optional dependencies, please visit:
    https://docs.monai.io/en/latest/installation.html#installing-the-recommended-dependencies

/tmp/tmpidy2xz6e
image shape: (240, 240, 155), label shape: (240, 240, 155)
Sat Aug 12 06:53:16 2023 Epoch: 0
In the future `np.bool` will be defined as the corresponding NumPy scalar.
In the future `np.bool` will be defined as the corresponding NumPy scalar.
In the future `np.bool` will be defined as the corresponding NumPy scalar.
In the future `np.bool` will be defined as the corresponding NumPy scalar.
monai.transforms.io.dictionary LoadImaged.__init__:image_only: Current default value of argument `image_only=False` has been deprecated since version 1.1. It will be changed to `image_only=True` in version 1.3.
In the future `np.bool` will be defined as the corresponding NumPy scalar.
In the future `np.bool` will be defined as the corresponding NumPy scalar.
Epoch 0/120 0/48 loss: 0.8953 time 27.25s
Epoch 0/120 1/48 loss: 0.9254 time 4.23s
Epoch 0/120 2/48 loss: 0.9339 time 4.17s
Epoch 0/120 3/48 loss: 0.9243 time 4.19s
Epoch 0/120 4/48 loss: 0.9338 time 4.19s
Epoch 0/120 5/48 loss: 0.9226 time 4.20s
Epoch 0/120 6/48 loss: 0.9259 time 4.20s
Epoch 0/120 7/48 loss: 0.9310 time 4.23s
Epoch 0/120 8/48 loss: 0.9269 time 4.24s
Epoch 0/120 9/48 loss: 0.9311 time 4.23s
Epoch 0/120 10/48 loss: 0.9306 time 4.25s
Epoch 0/120 11/48 loss: 0.9327 time 4.25s
Epoch 0/120 12/48 loss: 0.9264 time 4.27s
Epoch 0/120 13/48 loss: 0.9219 time 4.29s
Epoch 0/120 14/48 loss: 0.9180 time 4.28s
Epoch 0/120 15/48 loss: 0.9187 time 4.28s
Epoch 0/120 16/48 loss: 0.9213 time 4.29s
Epoch 0/120 17/48 loss: 0.9257 time 4.29s
Epoch 0/120 18/48 loss: 0.9242 time 4.31s
Epoch 0/120 19/48 loss: 0.9241 time 4.31s
Epoch 0/120 20/48 loss: 0.9201 time 4.31s
Epoch 0/120 21/48 loss: 0.9231 time 4.32s
Epoch 0/120 22/48 loss: 0.9251 time 4.33s
Epoch 0/120 23/48 loss: 0.9241 time 4.34s
Epoch 0/120 24/48 loss: 0.9250 time 4.34s
Epoch 0/120 25/48 loss: 0.9241 time 4.35s
Epoch 0/120 26/48 loss: 0.9228 time 4.35s
Epoch 0/120 27/48 loss: 0.9222 time 4.35s
Epoch 0/120 28/48 loss: 0.9218 time 4.36s
Epoch 0/120 29/48 loss: 0.9208 time 4.36s
Epoch 0/120 30/48 loss: 0.9221 time 4.37s
Epoch 0/120 31/48 loss: 0.9241 time 4.36s
Epoch 0/120 32/48 loss: 0.9208 time 4.36s
Epoch 0/120 33/48 loss: 0.9224 time 4.36s
Epoch 0/120 34/48 loss: 0.9241 time 4.36s
Epoch 0/120 35/48 loss: 0.9211 time 4.37s
Epoch 0/120 36/48 loss: 0.9218 time 4.37s
Epoch 0/120 37/48 loss: 0.9213 time 4.36s
Epoch 0/120 38/48 loss: 0.9223 time 4.36s
Epoch 0/120 39/48 loss: 0.9214 time 4.36s
Epoch 0/120 40/48 loss: 0.9220 time 4.36s
Epoch 0/120 41/48 loss: 0.9202 time 4.37s
Epoch 0/120 42/48 loss: 0.9192 time 4.37s
Epoch 0/120 43/48 loss: 0.9197 time 4.35s
Epoch 0/120 44/48 loss: 0.9190 time 4.36s
Epoch 0/120 45/48 loss: 0.9196 time 4.36s
Epoch 0/120 46/48 loss: 0.9192 time 4.36s
Epoch 0/120 47/48 loss: 0.9184 time 4.35s
Final training  0/119 loss: 0.9184 time 229.98s
Val 0/120 0/12 , dice_tc: 0.07211648 , dice_wt: 0.056360293 , dice_et: 0.119437605 , time 47.58s
Val 0/120 1/12 , dice_tc: 0.051893912 , dice_wt: 0.0521552 , dice_et: 0.07963364 , time 33.58s
Val 0/120 2/12 , dice_tc: 0.07638735 , dice_wt: 0.05876087 , dice_et: 0.09872782 , time 33.57s
Val 0/120 3/12 , dice_tc: 0.06493107 , dice_wt: 0.05784864 , dice_et: 0.075705014 , time 33.51s
Val 0/120 4/12 , dice_tc: 0.05498009 , dice_wt: 0.047378592 , dice_et: 0.060770653 , time 33.54s
Val 0/120 5/12 , dice_tc: 0.046151448 , dice_wt: 0.0410207 , dice_et: 0.051174324 , time 33.54s
Val 0/120 6/12 , dice_tc: 0.041123357 , dice_wt: 0.0359718 , dice_et: 0.04398188 , time 33.55s
Val 0/120 7/12 , dice_tc: 0.05974962 , dice_wt: 0.03956749 , dice_et: 0.0566598 , time 33.54s
Val 0/120 8/12 , dice_tc: 0.06360495 , dice_wt: 0.041221622 , dice_et: 0.056742907 , time 33.55s
Val 0/120 9/12 , dice_tc: 0.07300816 , dice_wt: 0.042855747 , dice_et: 0.05346608 , time 33.54s
Val 0/120 10/12 , dice_tc: 0.07241434 , dice_wt: 0.043255992 , dice_et: 0.055660177 , time 33.53s
Val 0/120 11/12 , dice_tc: 0.06753551 , dice_wt: 0.041037705 , dice_et: 0.051130816 , time 33.47s
Final validation stats 0/119 , dice_tc: 0.06753551 , dice_wt: 0.041037705 , dice_et: 0.051130816 , Dice_Avg: 0.053234678 , time 416.60s
new best (0.000000 --> 0.053235). 
Saving checkpoint /tmp/tmpidy2xz6e/model.pt
Sat Aug 12 07:04:03 2023 Epoch: 1
None of the inputs have requires_grad=True. Gradients will be None
Epoch 1/120 0/48 loss: 0.8543 time 7.67s
Epoch 1/120 1/48 loss: 0.8760 time 4.31s
Epoch 1/120 2/48 loss: 0.8620 time 4.32s
Epoch 1/120 3/48 loss: 0.8760 time 4.32s
Epoch 1/120 4/48 loss: 0.8908 time 4.31s
Epoch 1/120 5/48 loss: 0.8925 time 4.31s
Epoch 1/120 6/48 loss: 0.8867 time 4.31s
Epoch 1/120 7/48 loss: 0.8854 time 4.31s
Epoch 1/120 8/48 loss: 0.8919 time 4.31s
Epoch 1/120 9/48 loss: 0.8990 time 4.31s
Epoch 1/120 10/48 loss: 0.8973 time 4.31s
Epoch 1/120 11/48 loss: 0.8899 time 4.33s
Epoch 1/120 12/48 loss: 0.8960 time 4.31s
Epoch 1/120 13/48 loss: 0.8953 time 4.31s
Epoch 1/120 14/48 loss: 0.8983 time 4.31s
Epoch 1/120 15/48 loss: 0.8987 time 4.31s
Epoch 1/120 16/48 loss: 0.9035 time 4.31s
Epoch 1/120 17/48 loss: 0.9023 time 4.32s
Epoch 1/120 18/48 loss: 0.9020 time 4.32s
Epoch 1/120 19/48 loss: 0.9009 time 4.31s
Epoch 1/120 20/48 loss: 0.9049 time 4.31s
Epoch 1/120 21/48 loss: 0.9038 time 4.31s
Epoch 1/120 22/48 loss: 0.9065 time 4.31s
Epoch 1/120 23/48 loss: 0.9073 time 4.32s
Epoch 1/120 24/48 loss: 0.9104 time 4.32s
Epoch 1/120 25/48 loss: 0.9116 time 4.31s
Epoch 1/120 26/48 loss: 0.9131 time 4.31s
Epoch 1/120 27/48 loss: 0.9120 time 4.31s
Epoch 1/120 28/48 loss: 0.9089 time 4.31s
Epoch 1/120 29/48 loss: 0.9102 time 4.31s
Epoch 1/120 30/48 loss: 0.9131 time 4.31s
Epoch 1/120 31/48 loss: 0.9147 time 4.31s
Epoch 1/120 32/48 loss: 0.9152 time 4.32s
Epoch 1/120 33/48 loss: 0.9165 time 4.32s
Epoch 1/120 34/48 loss: 0.9174 time 4.31s
Epoch 1/120 35/48 loss: 0.9173 time 4.32s
Epoch 1/120 36/48 loss: 0.9177 time 4.33s
Epoch 1/120 37/48 loss: 0.9166 time 4.32s
Epoch 1/120 38/48 loss: 0.9147 time 4.32s
Epoch 1/120 39/48 loss: 0.9137 time 4.31s
Epoch 1/120 40/48 loss: 0.9128 time 4.31s
Epoch 1/120 41/48 loss: 0.9101 time 4.32s
Epoch 1/120 42/48 loss: 0.9107 time 4.33s
Epoch 1/120 43/48 loss: 0.9099 time 4.31s
Epoch 1/120 44/48 loss: 0.9082 time 4.31s
Epoch 1/120 45/48 loss: 0.9095 time 4.31s
Epoch 1/120 46/48 loss: 0.9104 time 4.33s
Epoch 1/120 47/48 loss: 0.9095 time 4.32s
Final training  1/119 loss: 0.9095 time 210.60s
Sat Aug 12 07:07:34 2023 Epoch: 2
Epoch 2/120 0/48 loss: 0.9636 time 6.63s
Epoch 2/120 1/48 loss: 0.8812 time 4.31s
Epoch 2/120 2/48 loss: 0.8537 time 4.32s
Epoch 2/120 3/48 loss: 0.8727 time 4.31s
Epoch 2/120 4/48 loss: 0.8855 time 4.31s
Epoch 2/120 5/48 loss: 0.8781 time 4.31s
Epoch 2/120 6/48 loss: 0.8928 time 4.31s
Epoch 2/120 7/48 loss: 0.8951 time 4.31s
Epoch 2/120 8/48 loss: 0.9007 time 4.31s
Epoch 2/120 9/48 loss: 0.8975 time 4.32s
Epoch 2/120 10/48 loss: 0.8956 time 4.32s
Epoch 2/120 11/48 loss: 0.8891 time 4.31s
Epoch 2/120 12/48 loss: 0.8963 time 4.31s
Epoch 2/120 13/48 loss: 0.8994 time 4.31s
Epoch 2/120 14/48 loss: 0.9029 time 4.32s
Epoch 2/120 15/48 loss: 0.9023 time 4.32s
Epoch 2/120 16/48 loss: 0.9059 time 4.32s
Epoch 2/120 17/48 loss: 0.9050 time 4.32s
Epoch 2/120 18/48 loss: 0.9066 time 4.33s
Epoch 2/120 19/48 loss: 0.9097 time 4.31s
Epoch 2/120 20/48 loss: 0.9104 time 4.31s
Epoch 2/120 21/48 loss: 0.9064 time 4.32s
Epoch 2/120 22/48 loss: 0.9049 time 4.33s
Epoch 2/120 23/48 loss: 0.9035 time 4.31s
Epoch 2/120 24/48 loss: 0.9054 time 4.31s
Epoch 2/120 25/48 loss: 0.9039 time 4.31s
Epoch 2/120 26/48 loss: 0.9026 time 4.33s
Epoch 2/120 27/48 loss: 0.9013 time 4.31s
Epoch 2/120 28/48 loss: 0.8991 time 4.31s
Epoch 2/120 29/48 loss: 0.8981 time 4.32s
Epoch 2/120 30/48 loss: 0.8981 time 4.32s
Epoch 2/120 31/48 loss: 0.8989 time 4.32s
Epoch 2/120 32/48 loss: 0.8970 time 4.32s
Epoch 2/120 33/48 loss: 0.8946 time 4.31s
Epoch 2/120 34/48 loss: 0.8971 time 4.31s
Epoch 2/120 35/48 loss: 0.8961 time 4.31s
Epoch 2/120 36/48 loss: 0.8954 time 4.33s
Epoch 2/120 37/48 loss: 0.8971 time 4.31s
Epoch 2/120 38/48 loss: 0.8982 time 4.31s
Epoch 2/120 39/48 loss: 0.8984 time 4.32s
Epoch 2/120 40/48 loss: 0.8979 time 4.32s
Epoch 2/120 41/48 loss: 0.9003 time 4.31s
Epoch 2/120 42/48 loss: 0.8998 time 4.31s
Epoch 2/120 43/48 loss: 0.8990 time 4.31s
Epoch 2/120 44/48 loss: 0.8999 time 4.33s
Epoch 2/120 45/48 loss: 0.9009 time 4.32s
Epoch 2/120 46/48 loss: 0.9024 time 4.31s
Epoch 2/120 47/48 loss: 0.9035 time 4.32s
Final training  2/119 loss: 0.9035 time 209.57s
Sat Aug 12 07:11:03 2023 Epoch: 3
Epoch 3/120 0/48 loss: 0.9057 time 7.10s
Epoch 3/120 1/48 loss: 0.8872 time 4.31s
Epoch 3/120 2/48 loss: 0.8692 time 4.32s
Epoch 3/120 3/48 loss: 0.9017 time 4.31s
Epoch 3/120 4/48 loss: 0.8940 time 4.31s
Epoch 3/120 5/48 loss: 0.9047 time 4.31s
Epoch 3/120 6/48 loss: 0.9086 time 4.31s
Epoch 3/120 7/48 loss: 0.8969 time 4.31s
Epoch 3/120 8/48 loss: 0.9027 time 4.31s
Epoch 3/120 9/48 loss: 0.9048 time 4.31s
Epoch 3/120 10/48 loss: 0.9100 time 4.31s
Epoch 3/120 11/48 loss: 0.9110 time 4.31s
Epoch 3/120 12/48 loss: 0.9165 time 4.31s
Epoch 3/120 13/48 loss: 0.9128 time 4.32s
Epoch 3/120 14/48 loss: 0.9044 time 4.32s
Epoch 3/120 15/48 loss: 0.8984 time 4.32s
Epoch 3/120 16/48 loss: 0.9014 time 4.31s
Epoch 3/120 17/48 loss: 0.9036 time 4.31s
Epoch 3/120 18/48 loss: 0.8973 time 4.32s
Epoch 3/120 19/48 loss: 0.8953 time 4.33s
Epoch 3/120 20/48 loss: 0.8984 time 4.32s
Epoch 3/120 21/48 loss: 0.8982 time 4.32s
Epoch 3/120 22/48 loss: 0.8985 time 4.33s
Epoch 3/120 23/48 loss: 0.8971 time 4.31s
Epoch 3/120 24/48 loss: 0.8956 time 4.31s
Epoch 3/120 25/48 loss: 0.8952 time 4.31s
Epoch 3/120 26/48 loss: 0.8942 time 4.33s
Epoch 3/120 27/48 loss: 0.8952 time 4.31s
Epoch 3/120 28/48 loss: 0.8977 time 4.33s
Epoch 3/120 29/48 loss: 0.8995 time 4.32s
Epoch 3/120 30/48 loss: 0.9005 time 4.31s
Epoch 3/120 31/48 loss: 0.8997 time 4.32s
Epoch 3/120 32/48 loss: 0.8985 time 4.31s
Epoch 3/120 33/48 loss: 0.8997 time 4.32s
Epoch 3/120 34/48 loss: 0.9020 time 4.32s
Epoch 3/120 35/48 loss: 0.9010 time 4.32s
Epoch 3/120 36/48 loss: 0.9021 time 4.32s
Epoch 3/120 37/48 loss: 0.9017 time 4.33s
Epoch 3/120 38/48 loss: 0.9010 time 4.31s
Epoch 3/120 39/48 loss: 0.9021 time 4.32s
Epoch 3/120 40/48 loss: 0.9040 time 4.32s
Epoch 3/120 41/48 loss: 0.9029 time 4.33s
Epoch 3/120 42/48 loss: 0.9006 time 4.31s
Epoch 3/120 43/48 loss: 0.9021 time 4.31s
Epoch 3/120 44/48 loss: 0.9029 time 4.32s
Epoch 3/120 45/48 loss: 0.9012 time 4.32s
Epoch 3/120 46/48 loss: 0.9002 time 4.32s
Epoch 3/120 47/48 loss: 0.8986 time 4.32s
Final training  3/119 loss: 0.8986 time 210.11s
Sat Aug 12 07:14:33 2023 Epoch: 4
Epoch 4/120 0/48 loss: 0.8538 time 7.29s
Epoch 4/120 1/48 loss: 0.8984 time 4.31s
Epoch 4/120 2/48 loss: 0.8848 time 4.32s
Epoch 4/120 3/48 loss: 0.8974 time 4.31s
Epoch 4/120 4/48 loss: 0.9084 time 4.31s
Epoch 4/120 5/48 loss: 0.8994 time 4.31s
Epoch 4/120 6/48 loss: 0.8975 time 4.31s
Epoch 4/120 7/48 loss: 0.8923 time 4.31s
Epoch 4/120 8/48 loss: 0.8882 time 4.31s
Epoch 4/120 9/48 loss: 0.8912 time 4.31s
Epoch 4/120 10/48 loss: 0.8853 time 4.31s
Epoch 4/120 11/48 loss: 0.8843 time 4.32s
Epoch 4/120 12/48 loss: 0.8816 time 4.33s
Epoch 4/120 13/48 loss: 0.8802 time 4.32s
Epoch 4/120 14/48 loss: 0.8752 time 4.31s
Epoch 4/120 15/48 loss: 0.8785 time 4.32s
Epoch 4/120 16/48 loss: 0.8814 time 4.32s
Epoch 4/120 17/48 loss: 0.8858 time 4.31s
Epoch 4/120 18/48 loss: 0.8850 time 4.33s
Epoch 4/120 19/48 loss: 0.8880 time 4.31s
Epoch 4/120 20/48 loss: 0.8895 time 4.31s
Epoch 4/120 21/48 loss: 0.8882 time 4.31s
Epoch 4/120 22/48 loss: 0.8908 time 4.33s
Epoch 4/120 23/48 loss: 0.8939 time 4.31s
Epoch 4/120 24/48 loss: 0.8957 time 4.32s
Epoch 4/120 25/48 loss: 0.8966 time 4.33s
Epoch 4/120 26/48 loss: 0.8981 time 4.31s
Epoch 4/120 27/48 loss: 0.9003 time 4.32s
Epoch 4/120 28/48 loss: 0.9031 time 4.31s
Epoch 4/120 29/48 loss: 0.9026 time 4.32s
Epoch 4/120 30/48 loss: 0.8985 time 4.32s
Epoch 4/120 31/48 loss: 0.8980 time 4.33s
Epoch 4/120 32/48 loss: 0.8981 time 4.33s
Epoch 4/120 33/48 loss: 0.8945 time 4.31s
Epoch 4/120 34/48 loss: 0.8975 time 4.31s
Epoch 4/120 35/48 loss: 0.8987 time 4.31s
Epoch 4/120 36/48 loss: 0.8976 time 4.31s
Epoch 4/120 37/48 loss: 0.8976 time 4.31s
Epoch 4/120 38/48 loss: 0.8957 time 4.31s
Epoch 4/120 39/48 loss: 0.8947 time 4.31s
Epoch 4/120 40/48 loss: 0.8940 time 4.31s
Epoch 4/120 41/48 loss: 0.8916 time 4.33s
Epoch 4/120 42/48 loss: 0.8937 time 4.32s
Epoch 4/120 43/48 loss: 0.8953 time 4.32s
Epoch 4/120 44/48 loss: 0.8972 time 4.31s
Epoch 4/120 45/48 loss: 0.8956 time 4.32s
Epoch 4/120 46/48 loss: 0.8969 time 4.31s
Epoch 4/120 47/48 loss: 0.8949 time 4.31s
Final training  4/119 loss: 0.8949 time 210.24s
Sat Aug 12 07:18:04 2023 Epoch: 5
Epoch 5/120 0/48 loss: 0.9805 time 7.24s
Epoch 5/120 1/48 loss: 0.9213 time 4.30s
Epoch 5/120 2/48 loss: 0.9203 time 4.31s
Epoch 5/120 3/48 loss: 0.9219 time 4.31s
Epoch 5/120 4/48 loss: 0.9169 time 4.31s
Epoch 5/120 5/48 loss: 0.9139 time 4.31s
Epoch 5/120 6/48 loss: 0.9007 time 4.31s
Epoch 5/120 7/48 loss: 0.8985 time 4.31s
Epoch 5/120 8/48 loss: 0.9075 time 4.31s
Epoch 5/120 9/48 loss: 0.8960 time 4.32s
Epoch 5/120 10/48 loss: 0.8920 time 4.32s
Epoch 5/120 11/48 loss: 0.8948 time 4.31s
Epoch 5/120 12/48 loss: 0.8991 time 4.31s
Epoch 5/120 13/48 loss: 0.8918 time 4.32s
Epoch 5/120 14/48 loss: 0.8888 time 4.33s
Epoch 5/120 15/48 loss: 0.8936 time 4.31s
Epoch 5/120 16/48 loss: 0.8950 time 4.31s
Epoch 5/120 17/48 loss: 0.8984 time 4.31s
Epoch 5/120 18/48 loss: 0.8931 time 4.32s
Epoch 5/120 19/48 loss: 0.8919 time 4.33s
Epoch 5/120 20/48 loss: 0.8897 time 4.33s
Epoch 5/120 21/48 loss: 0.8886 time 4.32s
Epoch 5/120 22/48 loss: 0.8835 time 4.33s
Epoch 5/120 23/48 loss: 0.8876 time 4.31s
Epoch 5/120 24/48 loss: 0.8897 time 4.31s
Epoch 5/120 25/48 loss: 0.8870 time 4.31s
Epoch 5/120 26/48 loss: 0.8892 time 4.32s
Epoch 5/120 27/48 loss: 0.8919 time 4.32s
Epoch 5/120 28/48 loss: 0.8915 time 4.32s
Epoch 5/120 29/48 loss: 0.8903 time 4.33s
Epoch 5/120 30/48 loss: 0.8924 time 4.33s
Epoch 5/120 31/48 loss: 0.8940 time 4.31s
Epoch 5/120 32/48 loss: 0.8946 time 4.33s
Epoch 5/120 33/48 loss: 0.8933 time 4.31s
Epoch 5/120 34/48 loss: 0.8923 time 4.33s
Epoch 5/120 35/48 loss: 0.8913 time 4.31s
Epoch 5/120 36/48 loss: 0.8931 time 4.31s
Epoch 5/120 37/48 loss: 0.8942 time 4.31s
Epoch 5/120 38/48 loss: 0.8952 time 4.33s
Epoch 5/120 39/48 loss: 0.8940 time 4.31s
Epoch 5/120 40/48 loss: 0.8938 time 4.32s
Epoch 5/120 41/48 loss: 0.8908 time 4.32s
Epoch 5/120 42/48 loss: 0.8897 time 4.32s
Epoch 5/120 43/48 loss: 0.8888 time 4.32s
Epoch 5/120 44/48 loss: 0.8871 time 4.31s
Epoch 5/120 45/48 loss: 0.8882 time 4.33s
Epoch 5/120 46/48 loss: 0.8893 time 4.33s
Epoch 5/120 47/48 loss: 0.8916 time 4.33s
Final training  5/119 loss: 0.8916 time 210.26s
Sat Aug 12 07:21:34 2023 Epoch: 6
Epoch 6/120 0/48 loss: 0.9321 time 7.49s
Epoch 6/120 1/48 loss: 0.8932 time 4.29s
Epoch 6/120 2/48 loss: 0.9098 time 4.31s
Epoch 6/120 3/48 loss: 0.9237 time 4.29s
Epoch 6/120 4/48 loss: 0.9099 time 4.31s
Epoch 6/120 5/48 loss: 0.9146 time 4.31s
Epoch 6/120 6/48 loss: 0.9097 time 4.31s
Epoch 6/120 7/48 loss: 0.8978 time 4.32s
Epoch 6/120 8/48 loss: 0.8861 time 4.32s
Epoch 6/120 9/48 loss: 0.8899 time 4.32s
Epoch 6/120 10/48 loss: 0.8961 time 4.31s
Epoch 6/120 11/48 loss: 0.8978 time 4.31s
Epoch 6/120 12/48 loss: 0.9008 time 4.32s
Epoch 6/120 13/48 loss: 0.8913 time 4.32s
Epoch 6/120 14/48 loss: 0.8880 time 4.31s
Epoch 6/120 15/48 loss: 0.8909 time 4.31s
Epoch 6/120 16/48 loss: 0.8906 time 4.33s
Epoch 6/120 17/48 loss: 0.8909 time 4.31s
Epoch 6/120 18/48 loss: 0.8920 time 4.32s
Epoch 6/120 19/48 loss: 0.8883 time 4.32s
Epoch 6/120 20/48 loss: 0.8926 time 4.31s
Epoch 6/120 21/48 loss: 0.8868 time 4.31s
Epoch 6/120 22/48 loss: 0.8849 time 4.33s
Epoch 6/120 23/48 loss: 0.8845 time 4.32s
Epoch 6/120 24/48 loss: 0.8805 time 4.32s
Epoch 6/120 25/48 loss: 0.8771 time 4.32s
Epoch 6/120 26/48 loss: 0.8797 time 4.31s
Epoch 6/120 27/48 loss: 0.8828 time 4.31s
Epoch 6/120 28/48 loss: 0.8831 time 4.32s
Epoch 6/120 29/48 loss: 0.8819 time 4.32s
Epoch 6/120 30/48 loss: 0.8832 time 4.32s
Epoch 6/120 31/48 loss: 0.8862 time 4.32s
Epoch 6/120 32/48 loss: 0.8896 time 4.31s
Epoch 6/120 33/48 loss: 0.8915 time 4.31s
Epoch 6/120 34/48 loss: 0.8901 time 4.31s
Epoch 6/120 35/48 loss: 0.8891 time 4.31s
Epoch 6/120 36/48 loss: 0.8884 time 4.32s
Epoch 6/120 37/48 loss: 0.8872 time 4.32s
Epoch 6/120 38/48 loss: 0.8896 time 4.31s
Epoch 6/120 39/48 loss: 0.8885 time 4.32s
Epoch 6/120 40/48 loss: 0.8879 time 4.32s
Epoch 6/120 41/48 loss: 0.8892 time 4.32s
Epoch 6/120 42/48 loss: 0.8907 time 4.32s
Epoch 6/120 43/48 loss: 0.8890 time 4.31s
Epoch 6/120 44/48 loss: 0.8882 time 4.33s
Epoch 6/120 45/48 loss: 0.8887 time 4.32s
Epoch 6/120 46/48 loss: 0.8898 time 4.33s
Epoch 6/120 47/48 loss: 0.8888 time 4.32s
Final training  6/119 loss: 0.8888 time 210.44s
Sat Aug 12 07:25:04 2023 Epoch: 7
Epoch 7/120 0/48 loss: 0.9790 time 7.87s
Epoch 7/120 1/48 loss: 0.9720 time 4.30s
Epoch 7/120 2/48 loss: 0.9518 time 4.31s
Epoch 7/120 3/48 loss: 0.9427 time 4.31s
Epoch 7/120 4/48 loss: 0.9414 time 4.31s
Epoch 7/120 5/48 loss: 0.9453 time 4.32s
Epoch 7/120 6/48 loss: 0.9470 time 4.32s
Epoch 7/120 7/48 loss: 0.9464 time 4.31s
Epoch 7/120 8/48 loss: 0.9394 time 4.31s
Epoch 7/120 9/48 loss: 0.9304 time 4.31s
Epoch 7/120 10/48 loss: 0.9310 time 4.31s
Epoch 7/120 11/48 loss: 0.9294 time 4.31s
Epoch 7/120 12/48 loss: 0.9166 time 4.31s
Epoch 7/120 13/48 loss: 0.9225 time 4.31s
Epoch 7/120 14/48 loss: 0.9238 time 4.31s
Epoch 7/120 15/48 loss: 0.9186 time 4.31s
Epoch 7/120 16/48 loss: 0.9159 time 4.31s
Epoch 7/120 17/48 loss: 0.9088 time 4.31s
Epoch 7/120 18/48 loss: 0.9125 time 4.31s
Epoch 7/120 19/48 loss: 0.9088 time 4.31s
Epoch 7/120 20/48 loss: 0.9055 time 4.31s
Epoch 7/120 21/48 loss: 0.9031 time 4.31s
Epoch 7/120 22/48 loss: 0.9009 time 4.32s
Epoch 7/120 23/48 loss: 0.8957 time 4.32s
Epoch 7/120 24/48 loss: 0.8937 time 4.31s
Epoch 7/120 25/48 loss: 0.8922 time 4.31s
Epoch 7/120 26/48 loss: 0.8939 time 4.31s
Epoch 7/120 27/48 loss: 0.8960 time 4.31s
Epoch 7/120 28/48 loss: 0.8958 time 4.31s
Epoch 7/120 29/48 loss: 0.8940 time 4.31s
Epoch 7/120 30/48 loss: 0.8913 time 4.31s
Epoch 7/120 31/48 loss: 0.8909 time 4.31s
Epoch 7/120 32/48 loss: 0.8883 time 4.31s
Epoch 7/120 33/48 loss: 0.8895 time 4.33s
Epoch 7/120 34/48 loss: 0.8908 time 4.31s
Epoch 7/120 35/48 loss: 0.8886 time 4.31s
Epoch 7/120 36/48 loss: 0.8894 time 4.31s
Epoch 7/120 37/48 loss: 0.8903 time 4.31s
Epoch 7/120 38/48 loss: 0.8904 time 4.32s
Epoch 7/120 39/48 loss: 0.8919 time 4.32s
Epoch 7/120 40/48 loss: 0.8887 time 4.32s
Epoch 7/120 41/48 loss: 0.8863 time 4.33s
Epoch 7/120 42/48 loss: 0.8877 time 4.31s
Epoch 7/120 43/48 loss: 0.8870 time 4.33s
Epoch 7/120 44/48 loss: 0.8865 time 4.31s
Epoch 7/120 45/48 loss: 0.8855 time 4.32s
Epoch 7/120 46/48 loss: 0.8875 time 4.33s
Epoch 7/120 47/48 loss: 0.8864 time 4.31s
Final training  7/119 loss: 0.8864 time 210.73s
Sat Aug 12 07:28:35 2023 Epoch: 8
Epoch 8/120 0/48 loss: 0.8117 time 7.84s
Epoch 8/120 1/48 loss: 0.8367 time 4.31s
Epoch 8/120 2/48 loss: 0.8719 time 4.31s
Epoch 8/120 3/48 loss: 0.8509 time 4.31s
Epoch 8/120 4/48 loss: 0.8493 time 4.32s
Epoch 8/120 5/48 loss: 0.8600 time 4.32s
Epoch 8/120 6/48 loss: 0.8709 time 4.32s
Epoch 8/120 7/48 loss: 0.8710 time 4.32s
Epoch 8/120 8/48 loss: 0.8682 time 4.31s
Epoch 8/120 9/48 loss: 0.8622 time 4.31s
Epoch 8/120 10/48 loss: 0.8639 time 4.31s
Epoch 8/120 11/48 loss: 0.8734 time 4.31s
Epoch 8/120 12/48 loss: 0.8779 time 4.32s
Epoch 8/120 13/48 loss: 0.8694 time 4.31s
Epoch 8/120 14/48 loss: 0.8673 time 4.32s
Epoch 8/120 15/48 loss: 0.8743 time 4.32s
Epoch 8/120 16/48 loss: 0.8675 time 4.31s
Epoch 8/120 17/48 loss: 0.8658 time 4.31s
Epoch 8/120 18/48 loss: 0.8645 time 4.31s
Epoch 8/120 19/48 loss: 0.8712 time 4.31s
Epoch 8/120 20/48 loss: 0.8702 time 4.32s
Epoch 8/120 21/48 loss: 0.8704 time 4.32s
Epoch 8/120 22/48 loss: 0.8695 time 4.32s
Epoch 8/120 23/48 loss: 0.8711 time 4.31s
Epoch 8/120 24/48 loss: 0.8744 time 4.31s
Epoch 8/120 25/48 loss: 0.8771 time 4.33s
Epoch 8/120 26/48 loss: 0.8800 time 4.31s
Epoch 8/120 27/48 loss: 0.8814 time 4.31s
Epoch 8/120 28/48 loss: 0.8843 time 4.33s
Epoch 8/120 29/48 loss: 0.8808 time 4.31s
Epoch 8/120 30/48 loss: 0.8811 time 4.31s
Epoch 8/120 31/48 loss: 0.8796 time 4.32s
Epoch 8/120 32/48 loss: 0.8789 time 4.32s
Epoch 8/120 33/48 loss: 0.8805 time 4.33s
Epoch 8/120 34/48 loss: 0.8826 time 4.32s
Epoch 8/120 35/48 loss: 0.8804 time 4.32s
Epoch 8/120 36/48 loss: 0.8792 time 4.31s
Epoch 8/120 37/48 loss: 0.8802 time 4.32s
Epoch 8/120 38/48 loss: 0.8815 time 4.31s
Epoch 8/120 39/48 loss: 0.8822 time 4.33s
Epoch 8/120 40/48 loss: 0.8813 time 4.33s
Epoch 8/120 41/48 loss: 0.8836 time 4.31s
Epoch 8/120 42/48 loss: 0.8838 time 4.32s
Epoch 8/120 43/48 loss: 0.8827 time 4.33s
Epoch 8/120 44/48 loss: 0.8838 time 4.31s
Epoch 8/120 45/48 loss: 0.8856 time 4.33s
Epoch 8/120 46/48 loss: 0.8867 time 4.33s
Epoch 8/120 47/48 loss: 0.8843 time 4.32s
Final training  8/119 loss: 0.8843 time 210.87s
Sat Aug 12 07:32:06 2023 Epoch: 9
Epoch 9/120 0/48 loss: 0.8015 time 6.95s
Epoch 9/120 1/48 loss: 0.8826 time 4.30s
Epoch 9/120 2/48 loss: 0.8704 time 4.31s
Epoch 9/120 3/48 loss: 0.8972 time 4.32s
Epoch 9/120 4/48 loss: 0.9105 time 4.32s
Epoch 9/120 5/48 loss: 0.8979 time 4.32s
Epoch 9/120 6/48 loss: 0.8851 time 4.32s
Epoch 9/120 7/48 loss: 0.8913 time 4.32s
Epoch 9/120 8/48 loss: 0.8854 time 4.31s
Epoch 9/120 9/48 loss: 0.8818 time 4.32s
Epoch 9/120 10/48 loss: 0.8815 time 4.33s
Epoch 9/120 11/48 loss: 0.8855 time 4.31s
Epoch 9/120 12/48 loss: 0.8898 time 4.31s
Epoch 9/120 13/48 loss: 0.8876 time 4.31s
Epoch 9/120 14/48 loss: 0.8789 time 4.33s
Epoch 9/120 15/48 loss: 0.8793 time 4.31s
Epoch 9/120 16/48 loss: 0.8720 time 4.31s
Epoch 9/120 17/48 loss: 0.8704 time 4.31s
Epoch 9/120 18/48 loss: 0.8760 time 4.33s
Epoch 9/120 19/48 loss: 0.8768 time 4.32s
Epoch 9/120 20/48 loss: 0.8753 time 4.32s
Epoch 9/120 21/48 loss: 0.8790 time 4.31s
Epoch 9/120 22/48 loss: 0.8741 time 4.31s
Epoch 9/120 23/48 loss: 0.8727 time 4.31s
Epoch 9/120 24/48 loss: 0.8700 time 4.33s
Epoch 9/120 25/48 loss: 0.8741 time 4.32s
Epoch 9/120 26/48 loss: 0.8754 time 4.31s
Epoch 9/120 27/48 loss: 0.8738 time 4.32s
Epoch 9/120 28/48 loss: 0.8758 time 4.32s
Epoch 9/120 29/48 loss: 0.8745 time 4.32s
Epoch 9/120 30/48 loss: 0.8764 time 4.33s
Epoch 9/120 31/48 loss: 0.8775 time 4.31s
Epoch 9/120 32/48 loss: 0.8762 time 4.31s
Epoch 9/120 33/48 loss: 0.8771 time 4.32s
Epoch 9/120 34/48 loss: 0.8806 time 4.31s
Epoch 9/120 35/48 loss: 0.8817 time 4.32s
Epoch 9/120 36/48 loss: 0.8826 time 4.33s
Epoch 9/120 37/48 loss: 0.8842 time 4.32s
Epoch 9/120 38/48 loss: 0.8815 time 4.32s
Epoch 9/120 39/48 loss: 0.8812 time 4.33s
Epoch 9/120 40/48 loss: 0.8800 time 4.33s
Epoch 9/120 41/48 loss: 0.8797 time 4.31s
Epoch 9/120 42/48 loss: 0.8791 time 4.31s
Epoch 9/120 43/48 loss: 0.8805 time 4.31s
Epoch 9/120 44/48 loss: 0.8821 time 4.33s
Epoch 9/120 45/48 loss: 0.8836 time 4.31s
Epoch 9/120 46/48 loss: 0.8814 time 4.31s
Epoch 9/120 47/48 loss: 0.8823 time 4.32s
Final training  9/119 loss: 0.8823 time 209.97s
Sat Aug 12 07:35:36 2023 Epoch: 10
Epoch 10/120 0/48 loss: 0.9504 time 7.11s
Epoch 10/120 1/48 loss: 0.8632 time 4.32s
Epoch 10/120 2/48 loss: 0.8850 time 4.32s
Epoch 10/120 3/48 loss: 0.9085 time 4.31s
Epoch 10/120 4/48 loss: 0.8775 time 4.32s
Epoch 10/120 5/48 loss: 0.8569 time 4.31s
Epoch 10/120 6/48 loss: 0.8710 time 4.31s
Epoch 10/120 7/48 loss: 0.8754 time 4.31s
Epoch 10/120 8/48 loss: 0.8717 time 4.31s
Epoch 10/120 9/48 loss: 0.8779 time 4.31s
Epoch 10/120 10/48 loss: 0.8828 time 4.31s
Epoch 10/120 11/48 loss: 0.8852 time 4.31s
Epoch 10/120 12/48 loss: 0.8878 time 4.31s
Epoch 10/120 13/48 loss: 0.8911 time 4.31s
Epoch 10/120 14/48 loss: 0.8910 time 4.31s
Epoch 10/120 15/48 loss: 0.8919 time 4.31s
Epoch 10/120 16/48 loss: 0.8885 time 4.32s
Epoch 10/120 17/48 loss: 0.8858 time 4.32s
Epoch 10/120 18/48 loss: 0.8803 time 4.32s
Epoch 10/120 19/48 loss: 0.8801 time 4.31s
Epoch 10/120 20/48 loss: 0.8829 time 4.31s
Epoch 10/120 21/48 loss: 0.8816 time 4.33s
Epoch 10/120 22/48 loss: 0.8857 time 4.31s
Epoch 10/120 23/48 loss: 0.8851 time 4.32s
Epoch 10/120 24/48 loss: 0.8882 time 4.32s
Epoch 10/120 25/48 loss: 0.8865 time 4.31s
Epoch 10/120 26/48 loss: 0.8846 time 4.32s
Epoch 10/120 27/48 loss: 0.8857 time 4.32s
Epoch 10/120 28/48 loss: 0.8838 time 4.31s
Epoch 10/120 29/48 loss: 0.8829 time 4.33s
Epoch 10/120 30/48 loss: 0.8802 time 4.32s
Epoch 10/120 31/48 loss: 0.8787 time 4.32s
Epoch 10/120 32/48 loss: 0.8783 time 4.32s
Epoch 10/120 33/48 loss: 0.8749 time 4.32s
Epoch 10/120 34/48 loss: 0.8738 time 4.31s
Epoch 10/120 35/48 loss: 0.8725 time 4.33s
Epoch 10/120 36/48 loss: 0.8705 time 4.32s
Epoch 10/120 37/48 loss: 0.8729 time 4.31s
Epoch 10/120 38/48 loss: 0.8747 time 4.31s
Epoch 10/120 39/48 loss: 0.8765 time 4.33s
Epoch 10/120 40/48 loss: 0.8767 time 4.31s
Epoch 10/120 41/48 loss: 0.8757 time 4.32s
Epoch 10/120 42/48 loss: 0.8740 time 4.31s
Epoch 10/120 43/48 loss: 0.8755 time 4.32s
Epoch 10/120 44/48 loss: 0.8778 time 4.32s
Epoch 10/120 45/48 loss: 0.8788 time 4.31s
Epoch 10/120 46/48 loss: 0.8814 time 4.31s
Epoch 10/120 47/48 loss: 0.8806 time 4.32s
Final training  10/119 loss: 0.8806 time 210.09s
Sat Aug 12 07:39:06 2023 Epoch: 11
Epoch 11/120 0/48 loss: 0.7614 time 7.37s
Epoch 11/120 1/48 loss: 0.8583 time 4.30s
Epoch 11/120 2/48 loss: 0.8637 time 4.31s
Epoch 11/120 3/48 loss: 0.8606 time 4.31s
Epoch 11/120 4/48 loss: 0.8388 time 4.31s
Epoch 11/120 5/48 loss: 0.8432 time 4.31s
Epoch 11/120 6/48 loss: 0.8549 time 4.31s
Epoch 11/120 7/48 loss: 0.8684 time 4.31s
Epoch 11/120 8/48 loss: 0.8738 time 4.31s
Epoch 11/120 9/48 loss: 0.8813 time 4.31s
Epoch 11/120 10/48 loss: 0.8860 time 4.31s
Epoch 11/120 11/48 loss: 0.8876 time 4.31s
Epoch 11/120 12/48 loss: 0.8915 time 4.31s
Epoch 11/120 13/48 loss: 0.8909 time 4.31s
Epoch 11/120 14/48 loss: 0.8966 time 4.32s
Epoch 11/120 15/48 loss: 0.9030 time 4.32s
Epoch 11/120 16/48 loss: 0.9037 time 4.32s
Epoch 11/120 17/48 loss: 0.9038 time 4.31s
Epoch 11/120 18/48 loss: 0.9077 time 4.31s
Epoch 11/120 19/48 loss: 0.9023 time 4.31s
Epoch 11/120 20/48 loss: 0.9052 time 4.31s
Epoch 11/120 21/48 loss: 0.9015 time 4.32s
Epoch 11/120 22/48 loss: 0.9028 time 4.32s
Epoch 11/120 23/48 loss: 0.8999 time 4.33s
Epoch 11/120 24/48 loss: 0.8960 time 4.32s
Epoch 11/120 25/48 loss: 0.8957 time 4.33s
Epoch 11/120 26/48 loss: 0.8933 time 4.33s
Epoch 11/120 27/48 loss: 0.8919 time 4.32s
Epoch 11/120 28/48 loss: 0.8880 time 4.32s
Epoch 11/120 29/48 loss: 0.8841 time 4.33s
Epoch 11/120 30/48 loss: 0.8798 time 4.32s
Epoch 11/120 31/48 loss: 0.8813 time 4.32s
Epoch 11/120 32/48 loss: 0.8830 time 4.32s
Epoch 11/120 33/48 loss: 0.8817 time 4.31s
Epoch 11/120 34/48 loss: 0.8805 time 4.31s
Epoch 11/120 35/48 loss: 0.8795 time 4.33s
Epoch 11/120 36/48 loss: 0.8782 time 4.31s
Epoch 11/120 37/48 loss: 0.8808 time 4.31s
Epoch 11/120 38/48 loss: 0.8798 time 4.32s
Epoch 11/120 39/48 loss: 0.8784 time 4.32s
Epoch 11/120 40/48 loss: 0.8774 time 4.31s
Epoch 11/120 41/48 loss: 0.8789 time 4.31s
Epoch 11/120 42/48 loss: 0.8777 time 4.32s
Epoch 11/120 43/48 loss: 0.8784 time 4.32s
Epoch 11/120 44/48 loss: 0.8782 time 4.31s
Epoch 11/120 45/48 loss: 0.8764 time 4.32s
Epoch 11/120 46/48 loss: 0.8779 time 4.31s
Epoch 11/120 47/48 loss: 0.8790 time 4.32s
Final training  11/119 loss: 0.8790 time 210.32s
Sat Aug 12 07:42:36 2023 Epoch: 12
Epoch 12/120 0/48 loss: 0.9386 time 6.77s
Epoch 12/120 1/48 loss: 0.9217 time 4.31s
Epoch 12/120 2/48 loss: 0.9102 time 4.31s
Epoch 12/120 3/48 loss: 0.8985 time 4.31s
Epoch 12/120 4/48 loss: 0.8925 time 4.31s
Epoch 12/120 5/48 loss: 0.8989 time 4.31s
Epoch 12/120 6/48 loss: 0.8887 time 4.31s
Epoch 12/120 7/48 loss: 0.8711 time 4.31s
Epoch 12/120 8/48 loss: 0.8629 time 4.31s
Epoch 12/120 9/48 loss: 0.8743 time 4.31s
Epoch 12/120 10/48 loss: 0.8654 time 4.31s
Epoch 12/120 11/48 loss: 0.8728 time 4.32s
Epoch 12/120 12/48 loss: 0.8779 time 4.32s
Epoch 12/120 13/48 loss: 0.8817 time 4.31s
Epoch 12/120 14/48 loss: 0.8831 time 4.33s
Epoch 12/120 15/48 loss: 0.8774 time 4.32s
Epoch 12/120 16/48 loss: 0.8757 time 4.33s
Epoch 12/120 17/48 loss: 0.8785 time 4.31s
Epoch 12/120 18/48 loss: 0.8813 time 4.31s
Epoch 12/120 19/48 loss: 0.8792 time 4.31s
Epoch 12/120 20/48 loss: 0.8839 time 4.31s
Epoch 12/120 21/48 loss: 0.8818 time 4.31s
Epoch 12/120 22/48 loss: 0.8768 time 4.31s
Epoch 12/120 23/48 loss: 0.8784 time 4.31s
Epoch 12/120 24/48 loss: 0.8785 time 4.32s
Epoch 12/120 25/48 loss: 0.8764 time 4.32s
Epoch 12/120 26/48 loss: 0.8801 time 4.33s
Epoch 12/120 27/48 loss: 0.8785 time 4.31s
Epoch 12/120 28/48 loss: 0.8801 time 4.31s
Epoch 12/120 29/48 loss: 0.8828 time 4.31s
Epoch 12/120 30/48 loss: 0.8819 time 4.32s
Epoch 12/120 31/48 loss: 0.8843 time 4.32s
Epoch 12/120 32/48 loss: 0.8831 time 4.31s
Epoch 12/120 33/48 loss: 0.8793 time 4.32s
Epoch 12/120 34/48 loss: 0.8779 time 4.32s
Epoch 12/120 35/48 loss: 0.8764 time 4.31s
Epoch 12/120 36/48 loss: 0.8773 time 4.31s
Epoch 12/120 37/48 loss: 0.8761 time 4.31s
Epoch 12/120 38/48 loss: 0.8728 time 4.32s
Epoch 12/120 39/48 loss: 0.8745 time 4.32s
Epoch 12/120 40/48 loss: 0.8763 time 4.33s
Epoch 12/120 41/48 loss: 0.8751 time 4.31s
Epoch 12/120 42/48 loss: 0.8741 time 4.31s
Epoch 12/120 43/48 loss: 0.8724 time 4.33s
Epoch 12/120 44/48 loss: 0.8752 time 4.32s
Epoch 12/120 45/48 loss: 0.8760 time 4.32s
Epoch 12/120 46/48 loss: 0.8759 time 4.32s
Epoch 12/120 47/48 loss: 0.8774 time 4.31s
Final training  12/119 loss: 0.8774 time 209.71s
Sat Aug 12 07:46:06 2023 Epoch: 13
Epoch 13/120 0/48 loss: 0.8669 time 7.73s
Epoch 13/120 1/48 loss: 0.8691 time 4.31s
Epoch 13/120 2/48 loss: 0.8348 time 4.32s
Epoch 13/120 3/48 loss: 0.8257 time 4.31s
Epoch 13/120 4/48 loss: 0.8604 time 4.31s
Epoch 13/120 5/48 loss: 0.8720 time 4.31s
Epoch 13/120 6/48 loss: 0.8847 time 4.31s
Epoch 13/120 7/48 loss: 0.8735 time 4.31s
Epoch 13/120 8/48 loss: 0.8721 time 4.31s
Epoch 13/120 9/48 loss: 0.8827 time 4.31s
Epoch 13/120 10/48 loss: 0.8856 time 4.32s
Epoch 13/120 11/48 loss: 0.8856 time 4.32s
Epoch 13/120 12/48 loss: 0.8813 time 4.32s
Epoch 13/120 13/48 loss: 0.8781 time 4.32s
Epoch 13/120 14/48 loss: 0.8693 time 4.31s
Epoch 13/120 15/48 loss: 0.8731 time 4.31s
Epoch 13/120 16/48 loss: 0.8657 time 4.31s
Epoch 13/120 17/48 loss: 0.8689 time 4.31s
Epoch 13/120 18/48 loss: 0.8721 time 4.31s
Epoch 13/120 19/48 loss: 0.8701 time 4.31s
Epoch 13/120 20/48 loss: 0.8734 time 4.31s
Epoch 13/120 21/48 loss: 0.8780 time 4.31s
Epoch 13/120 22/48 loss: 0.8765 time 4.32s
Epoch 13/120 23/48 loss: 0.8727 time 4.33s
Epoch 13/120 24/48 loss: 0.8707 time 4.32s
Epoch 13/120 25/48 loss: 0.8693 time 4.31s
Epoch 13/120 26/48 loss: 0.8674 time 4.32s
Epoch 13/120 27/48 loss: 0.8689 time 4.31s
Epoch 13/120 28/48 loss: 0.8708 time 4.32s
Epoch 13/120 29/48 loss: 0.8697 time 4.31s
Epoch 13/120 30/48 loss: 0.8666 time 4.32s
Epoch 13/120 31/48 loss: 0.8630 time 4.33s
Epoch 13/120 32/48 loss: 0.8664 time 4.32s
Epoch 13/120 33/48 loss: 0.8652 time 4.31s
Epoch 13/120 34/48 loss: 0.8641 time 4.32s
Epoch 13/120 35/48 loss: 0.8661 time 4.32s
Epoch 13/120 36/48 loss: 0.8665 time 4.31s
Epoch 13/120 37/48 loss: 0.8683 time 4.32s
Epoch 13/120 38/48 loss: 0.8703 time 4.32s
Epoch 13/120 39/48 loss: 0.8724 time 4.31s
Epoch 13/120 40/48 loss: 0.8718 time 4.33s
Epoch 13/120 41/48 loss: 0.8725 time 4.32s
Epoch 13/120 42/48 loss: 0.8732 time 4.31s
Epoch 13/120 43/48 loss: 0.8727 time 4.32s
Epoch 13/120 44/48 loss: 0.8717 time 4.32s
Epoch 13/120 45/48 loss: 0.8726 time 4.32s
Epoch 13/120 46/48 loss: 0.8742 time 4.33s
Epoch 13/120 47/48 loss: 0.8760 time 4.31s
Final training  13/119 loss: 0.8760 time 210.70s
Sat Aug 12 07:49:37 2023 Epoch: 14
Epoch 14/120 0/48 loss: 0.7861 time 7.07s
Epoch 14/120 1/48 loss: 0.8700 time 4.31s
Epoch 14/120 2/48 loss: 0.9055 time 4.31s
Epoch 14/120 3/48 loss: 0.8877 time 4.31s
Epoch 14/120 4/48 loss: 0.8977 time 4.31s
Epoch 14/120 5/48 loss: 0.8872 time 4.31s
Epoch 14/120 6/48 loss: 0.8894 time 4.31s
Epoch 14/120 7/48 loss: 0.8916 time 4.31s
Epoch 14/120 8/48 loss: 0.8840 time 4.32s
Epoch 14/120 9/48 loss: 0.8775 time 4.32s
Epoch 14/120 10/48 loss: 0.8747 time 4.32s
Epoch 14/120 11/48 loss: 0.8818 time 4.32s
Epoch 14/120 12/48 loss: 0.8726 time 4.31s
Epoch 14/120 13/48 loss: 0.8761 time 4.32s
Epoch 14/120 14/48 loss: 0.8692 time 4.33s
Epoch 14/120 15/48 loss: 0.8734 time 4.31s
Epoch 14/120 16/48 loss: 0.8757 time 4.33s
Epoch 14/120 17/48 loss: 0.8826 time 4.31s
Epoch 14/120 18/48 loss: 0.8753 time 4.31s
Epoch 14/120 19/48 loss: 0.8687 time 4.33s
Epoch 14/120 20/48 loss: 0.8715 time 4.32s
Epoch 14/120 21/48 loss: 0.8706 time 4.31s
Epoch 14/120 22/48 loss: 0.8687 time 4.31s
Epoch 14/120 23/48 loss: 0.8720 time 4.31s
Epoch 14/120 24/48 loss: 0.8750 time 4.32s
Epoch 14/120 25/48 loss: 0.8751 time 4.32s
Epoch 14/120 26/48 loss: 0.8721 time 4.32s
Epoch 14/120 27/48 loss: 0.8677 time 4.31s
Epoch 14/120 28/48 loss: 0.8668 time 4.31s
Epoch 14/120 29/48 loss: 0.8687 time 4.31s
Epoch 14/120 30/48 loss: 0.8687 time 4.31s
Epoch 14/120 31/48 loss: 0.8706 time 4.31s
Epoch 14/120 32/48 loss: 0.8726 time 4.31s
Epoch 14/120 33/48 loss: 0.8714 time 4.31s
Epoch 14/120 34/48 loss: 0.8744 time 4.31s
Epoch 14/120 35/48 loss: 0.8768 time 4.31s
Epoch 14/120 36/48 loss: 0.8765 time 4.33s
Epoch 14/120 37/48 loss: 0.8751 time 4.31s
Epoch 14/120 38/48 loss: 0.8737 time 4.31s
Epoch 14/120 39/48 loss: 0.8751 time 4.32s
Epoch 14/120 40/48 loss: 0.8759 time 4.32s
Epoch 14/120 41/48 loss: 0.8739 time 4.32s
Epoch 14/120 42/48 loss: 0.8742 time 4.32s
Epoch 14/120 43/48 loss: 0.8730 time 4.31s
Epoch 14/120 44/48 loss: 0.8736 time 4.31s
Epoch 14/120 45/48 loss: 0.8733 time 4.31s
Epoch 14/120 46/48 loss: 0.8755 time 4.31s
Epoch 14/120 47/48 loss: 0.8746 time 4.31s
Final training  14/119 loss: 0.8746 time 209.95s
Sat Aug 12 07:53:07 2023 Epoch: 15
Epoch 15/120 0/48 loss: 0.9002 time 7.46s
Epoch 15/120 1/48 loss: 0.8917 time 4.30s
Epoch 15/120 2/48 loss: 0.8555 time 4.31s
Epoch 15/120 3/48 loss: 0.8465 time 4.31s
Epoch 15/120 4/48 loss: 0.8727 time 4.31s
Epoch 15/120 5/48 loss: 0.8540 time 4.32s
Epoch 15/120 6/48 loss: 0.8505 time 4.31s
Epoch 15/120 7/48 loss: 0.8614 time 4.31s
Epoch 15/120 8/48 loss: 0.8688 time 4.33s
Epoch 15/120 9/48 loss: 0.8732 time 4.32s
Epoch 15/120 10/48 loss: 0.8789 time 4.32s
Epoch 15/120 11/48 loss: 0.8824 time 4.31s
Epoch 15/120 12/48 loss: 0.8805 time 4.31s
Epoch 15/120 13/48 loss: 0.8706 time 4.31s
Epoch 15/120 14/48 loss: 0.8685 time 4.33s
Epoch 15/120 15/48 loss: 0.8653 time 4.32s
Epoch 15/120 16/48 loss: 0.8629 time 4.31s
Epoch 15/120 17/48 loss: 0.8577 time 4.31s
Epoch 15/120 18/48 loss: 0.8639 time 4.32s
Epoch 15/120 19/48 loss: 0.8619 time 4.32s
Epoch 15/120 20/48 loss: 0.8626 time 4.31s
Epoch 15/120 21/48 loss: 0.8646 time 4.31s
Epoch 15/120 22/48 loss: 0.8614 time 4.32s
Epoch 15/120 23/48 loss: 0.8662 time 4.32s
Epoch 15/120 24/48 loss: 0.8632 time 4.31s
Epoch 15/120 25/48 loss: 0.8625 time 4.32s
Epoch 15/120 26/48 loss: 0.8643 time 4.32s
Epoch 15/120 27/48 loss: 0.8666 time 4.32s
Epoch 15/120 28/48 loss: 0.8693 time 4.31s
Epoch 15/120 29/48 loss: 0.8737 time 4.31s
Epoch 15/120 30/48 loss: 0.8694 time 4.32s
Epoch 15/120 31/48 loss: 0.8679 time 4.33s
Epoch 15/120 32/48 loss: 0.8706 time 4.33s
Epoch 15/120 33/48 loss: 0.8731 time 4.31s
Epoch 15/120 34/48 loss: 0.8745 time 4.31s
Epoch 15/120 35/48 loss: 0.8733 time 4.31s
Epoch 15/120 36/48 loss: 0.8748 time 4.31s
Epoch 15/120 37/48 loss: 0.8766 time 4.31s
Epoch 15/120 38/48 loss: 0.8732 time 4.32s
Epoch 15/120 39/48 loss: 0.8720 time 4.32s
Epoch 15/120 40/48 loss: 0.8719 time 4.32s
Epoch 15/120 41/48 loss: 0.8726 time 4.31s
Epoch 15/120 42/48 loss: 0.8724 time 4.31s
Epoch 15/120 43/48 loss: 0.8744 time 4.31s
Epoch 15/120 44/48 loss: 0.8738 time 4.33s
Epoch 15/120 45/48 loss: 0.8752 time 4.31s
Epoch 15/120 46/48 loss: 0.8743 time 4.31s
Epoch 15/120 47/48 loss: 0.8733 time 4.33s
Final training  15/119 loss: 0.8733 time 210.40s
Sat Aug 12 07:56:37 2023 Epoch: 16
Epoch 16/120 0/48 loss: 0.9289 time 6.73s
Epoch 16/120 1/48 loss: 0.9639 time 4.31s
Epoch 16/120 2/48 loss: 0.9627 time 4.31s
Epoch 16/120 3/48 loss: 0.9378 time 4.31s
Epoch 16/120 4/48 loss: 0.9133 time 4.31s
Epoch 16/120 5/48 loss: 0.9145 time 4.32s
Epoch 16/120 6/48 loss: 0.9051 time 4.32s
Epoch 16/120 7/48 loss: 0.8957 time 4.32s
Epoch 16/120 8/48 loss: 0.8829 time 4.32s
Epoch 16/120 9/48 loss: 0.8765 time 4.31s
Epoch 16/120 10/48 loss: 0.8820 time 4.31s
Epoch 16/120 11/48 loss: 0.8775 time 4.31s
Epoch 16/120 12/48 loss: 0.8852 time 4.31s
Epoch 16/120 13/48 loss: 0.8812 time 4.31s
Epoch 16/120 14/48 loss: 0.8729 time 4.31s
Epoch 16/120 15/48 loss: 0.8793 time 4.31s
Epoch 16/120 16/48 loss: 0.8742 time 4.31s
Epoch 16/120 17/48 loss: 0.8713 time 4.31s
Epoch 16/120 18/48 loss: 0.8718 time 4.31s
Epoch 16/120 19/48 loss: 0.8751 time 4.33s
Epoch 16/120 20/48 loss: 0.8784 time 4.32s
Epoch 16/120 21/48 loss: 0.8743 time 4.32s
Epoch 16/120 22/48 loss: 0.8759 time 4.32s
Epoch 16/120 23/48 loss: 0.8750 time 4.32s
Epoch 16/120 24/48 loss: 0.8771 time 4.31s
Epoch 16/120 25/48 loss: 0.8718 time 4.31s
Epoch 16/120 26/48 loss: 0.8680 time 4.32s
Epoch 16/120 27/48 loss: 0.8635 time 4.33s
Epoch 16/120 28/48 loss: 0.8621 time 4.31s
Epoch 16/120 29/48 loss: 0.8606 time 4.31s
Epoch 16/120 30/48 loss: 0.8596 time 4.31s
Epoch 16/120 31/48 loss: 0.8632 time 4.31s
Epoch 16/120 32/48 loss: 0.8620 time 4.32s
Epoch 16/120 33/48 loss: 0.8649 time 4.32s
Epoch 16/120 34/48 loss: 0.8652 time 4.31s
Epoch 16/120 35/48 loss: 0.8669 time 4.31s
Epoch 16/120 36/48 loss: 0.8678 time 4.32s
Epoch 16/120 37/48 loss: 0.8686 time 4.31s
Epoch 16/120 38/48 loss: 0.8685 time 4.32s
Epoch 16/120 39/48 loss: 0.8701 time 4.32s
Epoch 16/120 40/48 loss: 0.8669 time 4.32s
Epoch 16/120 41/48 loss: 0.8683 time 4.31s
Epoch 16/120 42/48 loss: 0.8702 time 4.31s
Epoch 16/120 43/48 loss: 0.8696 time 4.32s
Epoch 16/120 44/48 loss: 0.8713 time 4.32s
Epoch 16/120 45/48 loss: 0.8720 time 4.31s
Epoch 16/120 46/48 loss: 0.8728 time 4.31s
Epoch 16/120 47/48 loss: 0.8721 time 4.31s
Final training  16/119 loss: 0.8721 time 209.63s
Sat Aug 12 08:00:07 2023 Epoch: 17
Epoch 17/120 0/48 loss: 0.7542 time 7.65s
Epoch 17/120 1/48 loss: 0.7708 time 4.31s
Epoch 17/120 2/48 loss: 0.7899 time 4.32s
Epoch 17/120 3/48 loss: 0.8367 time 4.30s
Epoch 17/120 4/48 loss: 0.8563 time 4.31s
Epoch 17/120 5/48 loss: 0.8800 time 4.30s
Epoch 17/120 6/48 loss: 0.8778 time 4.32s
Epoch 17/120 7/48 loss: 0.8782 time 4.31s
Epoch 17/120 8/48 loss: 0.8718 time 4.31s
Epoch 17/120 9/48 loss: 0.8805 time 4.31s
Epoch 17/120 10/48 loss: 0.8765 time 4.31s
Epoch 17/120 11/48 loss: 0.8747 time 4.31s
Epoch 17/120 12/48 loss: 0.8824 time 4.31s
Epoch 17/120 13/48 loss: 0.8851 time 4.31s
Epoch 17/120 14/48 loss: 0.8890 time 4.31s
Epoch 17/120 15/48 loss: 0.8930 time 4.31s
Epoch 17/120 16/48 loss: 0.8933 time 4.31s
Epoch 17/120 17/48 loss: 0.8952 time 4.31s
Epoch 17/120 18/48 loss: 0.8986 time 4.32s
Epoch 17/120 19/48 loss: 0.9004 time 4.32s
Epoch 17/120 20/48 loss: 0.8926 time 4.32s
Epoch 17/120 21/48 loss: 0.8934 time 4.32s
Epoch 17/120 22/48 loss: 0.8957 time 4.32s
Epoch 17/120 23/48 loss: 0.8990 time 4.32s
Epoch 17/120 24/48 loss: 0.8960 time 4.32s
Epoch 17/120 25/48 loss: 0.8934 time 4.32s
Epoch 17/120 26/48 loss: 0.8927 time 4.32s
Epoch 17/120 27/48 loss: 0.8890 time 4.31s
Epoch 17/120 28/48 loss: 0.8864 time 4.31s
Epoch 17/120 29/48 loss: 0.8841 time 4.31s
Epoch 17/120 30/48 loss: 0.8853 time 4.32s
Epoch 17/120 31/48 loss: 0.8861 time 4.32s
Epoch 17/120 32/48 loss: 0.8841 time 4.31s
Epoch 17/120 33/48 loss: 0.8830 time 4.31s
Epoch 17/120 34/48 loss: 0.8800 time 4.32s
Epoch 17/120 35/48 loss: 0.8812 time 4.32s
Epoch 17/120 36/48 loss: 0.8819 time 4.33s
Epoch 17/120 37/48 loss: 0.8808 time 4.32s
Epoch 17/120 38/48 loss: 0.8822 time 4.33s
Epoch 17/120 39/48 loss: 0.8804 time 4.33s
Epoch 17/120 40/48 loss: 0.8791 time 4.31s
Epoch 17/120 41/48 loss: 0.8786 time 4.31s
Epoch 17/120 42/48 loss: 0.8754 time 4.31s
Epoch 17/120 43/48 loss: 0.8759 time 4.33s
Epoch 17/120 44/48 loss: 0.8748 time 4.31s
Epoch 17/120 45/48 loss: 0.8719 time 4.33s
Epoch 17/120 46/48 loss: 0.8730 time 4.31s
Epoch 17/120 47/48 loss: 0.8708 time 4.31s
Final training  17/119 loss: 0.8708 time 210.61s
Sat Aug 12 08:03:37 2023 Epoch: 18
Epoch 18/120 0/48 loss: 0.9271 time 6.77s
Epoch 18/120 1/48 loss: 0.9229 time 4.32s
Epoch 18/120 2/48 loss: 0.9482 time 4.31s
Epoch 18/120 3/48 loss: 0.8995 time 4.31s
Epoch 18/120 4/48 loss: 0.8839 time 4.32s
Epoch 18/120 5/48 loss: 0.8872 time 4.31s
Epoch 18/120 6/48 loss: 0.8904 time 4.31s
Epoch 18/120 7/48 loss: 0.8827 time 4.31s
Epoch 18/120 8/48 loss: 0.8932 time 4.31s
Epoch 18/120 9/48 loss: 0.8857 time 4.31s
Epoch 18/120 10/48 loss: 0.8852 time 4.32s
Epoch 18/120 11/48 loss: 0.8751 time 4.32s
Epoch 18/120 12/48 loss: 0.8776 time 4.31s
Epoch 18/120 13/48 loss: 0.8772 time 4.31s
Epoch 18/120 14/48 loss: 0.8838 time 4.31s
Epoch 18/120 15/48 loss: 0.8885 time 4.31s
Epoch 18/120 16/48 loss: 0.8891 time 4.31s
Epoch 18/120 17/48 loss: 0.8855 time 4.32s
Epoch 18/120 18/48 loss: 0.8816 time 4.31s
Epoch 18/120 19/48 loss: 0.8806 time 4.32s
Epoch 18/120 20/48 loss: 0.8826 time 4.32s
Epoch 18/120 21/48 loss: 0.8845 time 4.31s
Epoch 18/120 22/48 loss: 0.8828 time 4.31s
Epoch 18/120 23/48 loss: 0.8850 time 4.32s
Epoch 18/120 24/48 loss: 0.8827 time 4.33s
Epoch 18/120 25/48 loss: 0.8770 time 4.31s
Epoch 18/120 26/48 loss: 0.8764 time 4.32s
Epoch 18/120 27/48 loss: 0.8751 time 4.32s
Epoch 18/120 28/48 loss: 0.8703 time 4.31s
Epoch 18/120 29/48 loss: 0.8732 time 4.31s
Epoch 18/120 30/48 loss: 0.8751 time 4.31s
Epoch 18/120 31/48 loss: 0.8744 time 4.31s
Epoch 18/120 32/48 loss: 0.8751 time 4.31s
Epoch 18/120 33/48 loss: 0.8724 time 4.32s
Epoch 18/120 34/48 loss: 0.8709 time 4.31s
Epoch 18/120 35/48 loss: 0.8693 time 4.32s
Epoch 18/120 36/48 loss: 0.8678 time 4.32s
Epoch 18/120 37/48 loss: 0.8698 time 4.33s
Epoch 18/120 38/48 loss: 0.8677 time 4.31s
Epoch 18/120 39/48 loss: 0.8694 time 4.31s
Epoch 18/120 40/48 loss: 0.8708 time 4.32s
Epoch 18/120 41/48 loss: 0.8727 time 4.32s
Epoch 18/120 42/48 loss: 0.8695 time 4.31s
Epoch 18/120 43/48 loss: 0.8673 time 4.31s
Epoch 18/120 44/48 loss: 0.8690 time 4.31s
Epoch 18/120 45/48 loss: 0.8713 time 4.31s
Epoch 18/120 46/48 loss: 0.8703 time 4.33s
Epoch 18/120 47/48 loss: 0.8696 time 4.32s
Final training  18/119 loss: 0.8696 time 209.67s
Sat Aug 12 08:07:07 2023 Epoch: 19
Epoch 19/120 0/48 loss: 0.8115 time 7.11s
Epoch 19/120 1/48 loss: 0.8194 time 4.31s
Epoch 19/120 2/48 loss: 0.8334 time 4.32s
Epoch 19/120 3/48 loss: 0.8310 time 4.32s
Epoch 19/120 4/48 loss: 0.8518 time 4.31s
Epoch 19/120 5/48 loss: 0.8592 time 4.31s
Epoch 19/120 6/48 loss: 0.8436 time 4.31s
Epoch 19/120 7/48 loss: 0.8602 time 4.31s
Epoch 19/120 8/48 loss: 0.8703 time 4.31s
Epoch 19/120 9/48 loss: 0.8711 time 4.31s
Epoch 19/120 10/48 loss: 0.8664 time 4.32s
Epoch 19/120 11/48 loss: 0.8775 time 4.32s
Epoch 19/120 12/48 loss: 0.8817 time 4.31s
Epoch 19/120 13/48 loss: 0.8769 time 4.33s
Epoch 19/120 14/48 loss: 0.8799 time 4.32s
Epoch 19/120 15/48 loss: 0.8740 time 4.32s
Epoch 19/120 16/48 loss: 0.8754 time 4.32s
Epoch 19/120 17/48 loss: 0.8703 time 4.33s
Epoch 19/120 18/48 loss: 0.8749 time 4.32s
Epoch 19/120 19/48 loss: 0.8799 time 4.31s
Epoch 19/120 20/48 loss: 0.8777 time 4.32s
Epoch 19/120 21/48 loss: 0.8821 time 4.33s
Epoch 19/120 22/48 loss: 0.8848 time 4.31s
Epoch 19/120 23/48 loss: 0.8865 time 4.31s
Epoch 19/120 24/48 loss: 0.8839 time 4.31s
Epoch 19/120 25/48 loss: 0.8797 time 4.31s
Epoch 19/120 26/48 loss: 0.8778 time 4.31s
Epoch 19/120 27/48 loss: 0.8794 time 4.33s
Epoch 19/120 28/48 loss: 0.8773 time 4.32s
Epoch 19/120 29/48 loss: 0.8767 time 4.32s
Epoch 19/120 30/48 loss: 0.8721 time 4.31s
Epoch 19/120 31/48 loss: 0.8735 time 4.31s
Epoch 19/120 32/48 loss: 0.8692 time 4.32s
Epoch 19/120 33/48 loss: 0.8714 time 4.33s
Epoch 19/120 34/48 loss: 0.8682 time 4.32s
Epoch 19/120 35/48 loss: 0.8708 time 4.31s
Epoch 19/120 36/48 loss: 0.8716 time 4.31s
Epoch 19/120 37/48 loss: 0.8699 time 4.33s
Epoch 19/120 38/48 loss: 0.8713 time 4.32s
Epoch 19/120 39/48 loss: 0.8722 time 4.33s
Epoch 19/120 40/48 loss: 0.8715 time 4.33s
Epoch 19/120 41/48 loss: 0.8710 time 4.33s
Epoch 19/120 42/48 loss: 0.8725 time 4.32s
Epoch 19/120 43/48 loss: 0.8732 time 4.32s
Epoch 19/120 44/48 loss: 0.8732 time 4.32s
Epoch 19/120 45/48 loss: 0.8724 time 4.33s
Epoch 19/120 46/48 loss: 0.8712 time 4.32s
Epoch 19/120 47/48 loss: 0.8684 time 4.32s
Final training  19/119 loss: 0.8684 time 210.20s
Sat Aug 12 08:10:37 2023 Epoch: 20
Epoch 20/120 0/48 loss: 0.8169 time 6.93s
Epoch 20/120 1/48 loss: 0.7751 time 4.32s
Epoch 20/120 2/48 loss: 0.7976 time 4.31s
Epoch 20/120 3/48 loss: 0.8239 time 4.31s
Epoch 20/120 4/48 loss: 0.8222 time 4.31s
Epoch 20/120 5/48 loss: 0.8201 time 4.31s
Epoch 20/120 6/48 loss: 0.8099 time 4.33s
Epoch 20/120 7/48 loss: 0.8000 time 4.31s
Epoch 20/120 8/48 loss: 0.8147 time 4.32s
Epoch 20/120 9/48 loss: 0.8154 time 4.32s
Epoch 20/120 10/48 loss: 0.8246 time 4.31s
Epoch 20/120 11/48 loss: 0.8256 time 4.32s
Epoch 20/120 12/48 loss: 0.8214 time 4.33s
Epoch 20/120 13/48 loss: 0.8214 time 4.31s
Epoch 20/120 14/48 loss: 0.8232 time 4.31s
Epoch 20/120 15/48 loss: 0.8283 time 4.32s
Epoch 20/120 16/48 loss: 0.8384 time 4.32s
Epoch 20/120 17/48 loss: 0.8376 time 4.31s
Epoch 20/120 18/48 loss: 0.8321 time 4.32s
Epoch 20/120 19/48 loss: 0.8365 time 4.33s
Epoch 20/120 20/48 loss: 0.8431 time 4.31s
Epoch 20/120 21/48 loss: 0.8468 time 4.31s
Epoch 20/120 22/48 loss: 0.8489 time 4.33s
Epoch 20/120 23/48 loss: 0.8483 time 4.32s
Epoch 20/120 24/48 loss: 0.8502 time 4.33s
Epoch 20/120 25/48 loss: 0.8550 time 4.31s
Epoch 20/120 26/48 loss: 0.8583 time 4.33s
Epoch 20/120 27/48 loss: 0.8587 time 4.33s
Epoch 20/120 28/48 loss: 0.8587 time 4.32s
Epoch 20/120 29/48 loss: 0.8619 time 4.32s
Epoch 20/120 30/48 loss: 0.8618 time 4.32s
Epoch 20/120 31/48 loss: 0.8604 time 4.32s
Epoch 20/120 32/48 loss: 0.8619 time 4.31s
Epoch 20/120 33/48 loss: 0.8645 time 4.31s
Epoch 20/120 34/48 loss: 0.8633 time 4.32s
Epoch 20/120 35/48 loss: 0.8617 time 4.32s
Epoch 20/120 36/48 loss: 0.8622 time 4.31s
Epoch 20/120 37/48 loss: 0.8600 time 4.31s
Epoch 20/120 38/48 loss: 0.8630 time 4.31s
Epoch 20/120 39/48 loss: 0.8610 time 4.31s
Epoch 20/120 40/48 loss: 0.8628 time 4.31s
Epoch 20/120 41/48 loss: 0.8642 time 4.31s
Epoch 20/120 42/48 loss: 0.8630 time 4.32s
Epoch 20/120 43/48 loss: 0.8646 time 4.32s
Epoch 20/120 44/48 loss: 0.8667 time 4.31s
Epoch 20/120 45/48 loss: 0.8683 time 4.31s
Epoch 20/120 46/48 loss: 0.8660 time 4.32s
Epoch 20/120 47/48 loss: 0.8672 time 4.32s
Final training  20/119 loss: 0.8672 time 209.94s
Sat Aug 12 08:14:07 2023 Epoch: 21
Epoch 21/120 0/48 loss: 0.7292 time 7.29s
Epoch 21/120 1/48 loss: 0.7684 time 4.30s
Epoch 21/120 2/48 loss: 0.8377 time 4.30s
Epoch 21/120 3/48 loss: 0.8535 time 4.32s
Epoch 21/120 4/48 loss: 0.8620 time 4.32s
Epoch 21/120 5/48 loss: 0.8487 time 4.31s
Epoch 21/120 6/48 loss: 0.8320 time 4.31s
Epoch 21/120 7/48 loss: 0.8436 time 4.31s
Epoch 21/120 8/48 loss: 0.8427 time 4.31s
Epoch 21/120 9/48 loss: 0.8453 time 4.31s
Epoch 21/120 10/48 loss: 0.8523 time 4.32s
Epoch 21/120 11/48 loss: 0.8420 time 4.32s
Epoch 21/120 12/48 loss: 0.8356 time 4.32s
Epoch 21/120 13/48 loss: 0.8353 time 4.32s
Epoch 21/120 14/48 loss: 0.8339 time 4.32s
Epoch 21/120 15/48 loss: 0.8383 time 4.32s
Epoch 21/120 16/48 loss: 0.8440 time 4.31s
Epoch 21/120 17/48 loss: 0.8426 time 4.33s
Epoch 21/120 18/48 loss: 0.8414 time 4.31s
Epoch 21/120 19/48 loss: 0.8493 time 4.31s
Epoch 21/120 20/48 loss: 0.8544 time 4.31s
Epoch 21/120 21/48 loss: 0.8599 time 4.31s
Epoch 21/120 22/48 loss: 0.8625 time 4.31s
Epoch 21/120 23/48 loss: 0.8630 time 4.31s
Epoch 21/120 24/48 loss: 0.8628 time 4.31s
Epoch 21/120 25/48 loss: 0.8608 time 4.32s
Epoch 21/120 26/48 loss: 0.8634 time 4.31s
Epoch 21/120 27/48 loss: 0.8674 time 4.31s
Epoch 21/120 28/48 loss: 0.8640 time 4.31s
Epoch 21/120 29/48 loss: 0.8666 time 4.32s
Epoch 21/120 30/48 loss: 0.8675 time 4.31s
Epoch 21/120 31/48 loss: 0.8636 time 4.31s
Epoch 21/120 32/48 loss: 0.8662 time 4.31s
Epoch 21/120 33/48 loss: 0.8677 time 4.31s
Epoch 21/120 34/48 loss: 0.8664 time 4.31s
Epoch 21/120 35/48 loss: 0.8659 time 4.32s
Epoch 21/120 36/48 loss: 0.8674 time 4.32s
Epoch 21/120 37/48 loss: 0.8660 time 4.33s
Epoch 21/120 38/48 loss: 0.8654 time 4.31s
Epoch 21/120 39/48 loss: 0.8641 time 4.31s
Epoch 21/120 40/48 loss: 0.8658 time 4.31s
Epoch 21/120 41/48 loss: 0.8638 time 4.31s
Epoch 21/120 42/48 loss: 0.8659 time 4.31s
Epoch 21/120 43/48 loss: 0.8645 time 4.32s
Epoch 21/120 44/48 loss: 0.8636 time 4.32s
Epoch 21/120 45/48 loss: 0.8634 time 4.31s
Epoch 21/120 46/48 loss: 0.8651 time 4.32s
Epoch 21/120 47/48 loss: 0.8660 time 4.31s
Final training  21/119 loss: 0.8660 time 210.18s
Sat Aug 12 08:17:37 2023 Epoch: 22
Epoch 22/120 0/48 loss: 0.7261 time 7.67s
Epoch 22/120 1/48 loss: 0.8417 time 4.29s
Epoch 22/120 2/48 loss: 0.8298 time 4.31s
Epoch 22/120 3/48 loss: 0.8269 time 4.31s
Epoch 22/120 4/48 loss: 0.8069 time 4.32s
Epoch 22/120 5/48 loss: 0.8115 time 4.31s
Epoch 22/120 6/48 loss: 0.8272 time 4.31s
Epoch 22/120 7/48 loss: 0.8365 time 4.31s
Epoch 22/120 8/48 loss: 0.8462 time 4.31s
Epoch 22/120 9/48 loss: 0.8472 time 4.31s
Epoch 22/120 10/48 loss: 0.8480 time 4.32s
Epoch 22/120 11/48 loss: 0.8559 time 4.32s
Epoch 22/120 12/48 loss: 0.8525 time 4.32s
Epoch 22/120 13/48 loss: 0.8612 time 4.32s
Epoch 22/120 14/48 loss: 0.8661 time 4.31s
Epoch 22/120 15/48 loss: 0.8694 time 4.31s
Epoch 22/120 16/48 loss: 0.8757 time 4.31s
Epoch 22/120 17/48 loss: 0.8702 time 4.31s
Epoch 22/120 18/48 loss: 0.8647 time 4.31s
Epoch 22/120 19/48 loss: 0.8676 time 4.31s
Epoch 22/120 20/48 loss: 0.8623 time 4.31s
Epoch 22/120 21/48 loss: 0.8658 time 4.31s
Epoch 22/120 22/48 loss: 0.8647 time 4.31s
Epoch 22/120 23/48 loss: 0.8590 time 4.31s
Epoch 22/120 24/48 loss: 0.8629 time 4.31s
Epoch 22/120 25/48 loss: 0.8610 time 4.32s
Epoch 22/120 26/48 loss: 0.8612 time 4.31s
Epoch 22/120 27/48 loss: 0.8596 time 4.32s
Epoch 22/120 28/48 loss: 0.8635 time 4.32s
Epoch 22/120 29/48 loss: 0.8657 time 4.31s
Epoch 22/120 30/48 loss: 0.8637 time 4.31s
Epoch 22/120 31/48 loss: 0.8646 time 4.31s
Epoch 22/120 32/48 loss: 0.8667 time 4.31s
Epoch 22/120 33/48 loss: 0.8706 time 4.31s
Epoch 22/120 34/48 loss: 0.8698 time 4.32s
Epoch 22/120 35/48 loss: 0.8688 time 4.31s
Epoch 22/120 36/48 loss: 0.8671 time 4.33s
Epoch 22/120 37/48 loss: 0.8648 time 4.32s
Epoch 22/120 38/48 loss: 0.8636 time 4.33s
Epoch 22/120 39/48 loss: 0.8626 time 4.32s
Epoch 22/120 40/48 loss: 0.8633 time 4.31s
Epoch 22/120 41/48 loss: 0.8623 time 4.32s
Epoch 22/120 42/48 loss: 0.8633 time 4.32s
Epoch 22/120 43/48 loss: 0.8635 time 4.32s
Epoch 22/120 44/48 loss: 0.8608 time 4.32s
Epoch 22/120 45/48 loss: 0.8620 time 4.31s
Epoch 22/120 46/48 loss: 0.8629 time 4.31s
Epoch 22/120 47/48 loss: 0.8647 time 4.31s
Final training  22/119 loss: 0.8647 time 210.51s
Sat Aug 12 08:21:08 2023 Epoch: 23
Epoch 23/120 0/48 loss: 0.7782 time 7.27s
Epoch 23/120 1/48 loss: 0.8405 time 4.30s
Epoch 23/120 2/48 loss: 0.8453 time 4.31s
Epoch 23/120 3/48 loss: 0.8648 time 4.31s
Epoch 23/120 4/48 loss: 0.8651 time 4.31s
Epoch 23/120 5/48 loss: 0.8608 time 4.31s
Epoch 23/120 6/48 loss: 0.8656 time 4.31s
Epoch 23/120 7/48 loss: 0.8822 time 4.30s
Epoch 23/120 8/48 loss: 0.8875 time 4.31s
Epoch 23/120 9/48 loss: 0.8804 time 4.31s
Epoch 23/120 10/48 loss: 0.8709 time 4.33s
Epoch 23/120 11/48 loss: 0.8660 time 4.32s
Epoch 23/120 12/48 loss: 0.8696 time 4.31s
Epoch 23/120 13/48 loss: 0.8758 time 4.31s
Epoch 23/120 14/48 loss: 0.8777 time 4.31s
Epoch 23/120 15/48 loss: 0.8803 time 4.31s
Epoch 23/120 16/48 loss: 0.8768 time 4.31s
Epoch 23/120 17/48 loss: 0.8793 time 4.31s
Epoch 23/120 18/48 loss: 0.8762 time 4.31s
Epoch 23/120 19/48 loss: 0.8802 time 4.31s
Epoch 23/120 20/48 loss: 0.8822 time 4.31s
Epoch 23/120 21/48 loss: 0.8829 time 4.31s
Epoch 23/120 22/48 loss: 0.8800 time 4.31s
Epoch 23/120 23/48 loss: 0.8743 time 4.31s
Epoch 23/120 24/48 loss: 0.8731 time 4.31s
Epoch 23/120 25/48 loss: 0.8703 time 4.31s
Epoch 23/120 26/48 loss: 0.8711 time 4.32s
Epoch 23/120 27/48 loss: 0.8733 time 4.32s
Epoch 23/120 28/48 loss: 0.8768 time 4.31s
Epoch 23/120 29/48 loss: 0.8718 time 4.31s
Epoch 23/120 30/48 loss: 0.8718 time 4.31s
Epoch 23/120 31/48 loss: 0.8672 time 4.32s
Epoch 23/120 32/48 loss: 0.8697 time 4.31s
Epoch 23/120 33/48 loss: 0.8686 time 4.33s
Epoch 23/120 34/48 loss: 0.8706 time 4.31s
Epoch 23/120 35/48 loss: 0.8735 time 4.31s
Epoch 23/120 36/48 loss: 0.8694 time 4.31s
Epoch 23/120 37/48 loss: 0.8680 time 4.31s
Epoch 23/120 38/48 loss: 0.8670 time 4.31s
Epoch 23/120 39/48 loss: 0.8686 time 4.31s
Epoch 23/120 40/48 loss: 0.8704 time 4.32s
Epoch 23/120 41/48 loss: 0.8700 time 4.32s
Epoch 23/120 42/48 loss: 0.8675 time 4.32s
Epoch 23/120 43/48 loss: 0.8660 time 4.31s
Epoch 23/120 44/48 loss: 0.8635 time 4.33s
Epoch 23/120 45/48 loss: 0.8623 time 4.31s
Epoch 23/120 46/48 loss: 0.8612 time 4.31s
Epoch 23/120 47/48 loss: 0.8636 time 4.31s
Final training  23/119 loss: 0.8636 time 210.06s
Sat Aug 12 08:24:38 2023 Epoch: 24
Epoch 24/120 0/48 loss: 0.8023 time 7.42s
Epoch 24/120 1/48 loss: 0.9006 time 4.29s
Epoch 24/120 2/48 loss: 0.9250 time 4.31s
Epoch 24/120 3/48 loss: 0.9100 time 4.31s
Epoch 24/120 4/48 loss: 0.9145 time 4.31s
Epoch 24/120 5/48 loss: 0.8894 time 4.31s
Epoch 24/120 6/48 loss: 0.8937 time 4.32s
Epoch 24/120 7/48 loss: 0.8788 time 4.32s
Epoch 24/120 8/48 loss: 0.8805 time 4.32s
Epoch 24/120 9/48 loss: 0.8826 time 4.32s
Epoch 24/120 10/48 loss: 0.8878 time 4.31s
Epoch 24/120 11/48 loss: 0.8935 time 4.31s
Epoch 24/120 12/48 loss: 0.8955 time 4.31s
Epoch 24/120 13/48 loss: 0.8961 time 4.31s
Epoch 24/120 14/48 loss: 0.8910 time 4.31s
Epoch 24/120 15/48 loss: 0.8962 time 4.31s
Epoch 24/120 16/48 loss: 0.8937 time 4.31s
Epoch 24/120 17/48 loss: 0.8952 time 4.31s
Epoch 24/120 18/48 loss: 0.8901 time 4.31s
Epoch 24/120 19/48 loss: 0.8819 time 4.31s
Epoch 24/120 20/48 loss: 0.8785 time 4.32s
Epoch 24/120 21/48 loss: 0.8782 time 4.31s
Epoch 24/120 22/48 loss: 0.8728 time 4.32s
Epoch 24/120 23/48 loss: 0.8713 time 4.32s
Epoch 24/120 24/48 loss: 0.8693 time 4.31s
Epoch 24/120 25/48 loss: 0.8712 time 4.32s
Epoch 24/120 26/48 loss: 0.8687 time 4.32s
Epoch 24/120 27/48 loss: 0.8674 time 4.32s
Epoch 24/120 28/48 loss: 0.8696 time 4.31s
Epoch 24/120 29/48 loss: 0.8725 time 4.31s
Epoch 24/120 30/48 loss: 0.8734 time 4.31s
Epoch 24/120 31/48 loss: 0.8724 time 4.31s
Epoch 24/120 32/48 loss: 0.8711 time 4.31s
Epoch 24/120 33/48 loss: 0.8672 time 4.33s
Epoch 24/120 34/48 loss: 0.8630 time 4.32s
Epoch 24/120 35/48 loss: 0.8590 time 4.31s
Epoch 24/120 36/48 loss: 0.8609 time 4.32s
Epoch 24/120 37/48 loss: 0.8607 time 4.33s
Epoch 24/120 38/48 loss: 0.8585 time 4.32s
Epoch 24/120 39/48 loss: 0.8574 time 4.31s
Epoch 24/120 40/48 loss: 0.8563 time 4.32s
Epoch 24/120 41/48 loss: 0.8576 time 4.32s
Epoch 24/120 42/48 loss: 0.8604 time 4.32s
Epoch 24/120 43/48 loss: 0.8611 time 4.33s
Epoch 24/120 44/48 loss: 0.8599 time 4.31s
Epoch 24/120 45/48 loss: 0.8618 time 4.31s
Epoch 24/120 46/48 loss: 0.8635 time 4.31s
Epoch 24/120 47/48 loss: 0.8624 time 4.31s
Final training  24/119 loss: 0.8624 time 210.30s
Sat Aug 12 08:28:08 2023 Epoch: 25
Epoch 25/120 0/48 loss: 0.9554 time 6.70s
Epoch 25/120 1/48 loss: 0.9473 time 4.31s
Epoch 25/120 2/48 loss: 0.8718 time 4.31s
Epoch 25/120 3/48 loss: 0.8764 time 4.31s
Epoch 25/120 4/48 loss: 0.8812 time 4.32s
Epoch 25/120 5/48 loss: 0.8891 time 4.32s
Epoch 25/120 6/48 loss: 0.8986 time 4.32s
Epoch 25/120 7/48 loss: 0.9009 time 4.32s
Epoch 25/120 8/48 loss: 0.8869 time 4.32s
Epoch 25/120 9/48 loss: 0.8823 time 4.31s
Epoch 25/120 10/48 loss: 0.8806 time 4.32s
Epoch 25/120 11/48 loss: 0.8686 time 4.32s
Epoch 25/120 12/48 loss: 0.8571 time 4.31s
Epoch 25/120 13/48 loss: 0.8672 time 4.31s
Epoch 25/120 14/48 loss: 0.8708 time 4.32s
Epoch 25/120 15/48 loss: 0.8696 time 4.31s
Epoch 25/120 16/48 loss: 0.8662 time 4.31s
Epoch 25/120 17/48 loss: 0.8698 time 4.31s
Epoch 25/120 18/48 loss: 0.8689 time 4.32s
Epoch 25/120 19/48 loss: 0.8729 time 4.32s
Epoch 25/120 20/48 loss: 0.8703 time 4.32s
Epoch 25/120 21/48 loss: 0.8721 time 4.32s
Epoch 25/120 22/48 loss: 0.8705 time 4.32s
Epoch 25/120 23/48 loss: 0.8749 time 4.32s
Epoch 25/120 24/48 loss: 0.8719 time 4.31s
Epoch 25/120 25/48 loss: 0.8742 time 4.31s
Epoch 25/120 26/48 loss: 0.8725 time 4.33s
Epoch 25/120 27/48 loss: 0.8725 time 4.31s
Epoch 25/120 28/48 loss: 0.8673 time 4.32s
Epoch 25/120 29/48 loss: 0.8661 time 4.33s
Epoch 25/120 30/48 loss: 0.8678 time 4.31s
Epoch 25/120 31/48 loss: 0.8711 time 4.31s
Epoch 25/120 32/48 loss: 0.8719 time 4.31s
Epoch 25/120 33/48 loss: 0.8699 time 4.33s
Epoch 25/120 34/48 loss: 0.8682 time 4.32s
Epoch 25/120 35/48 loss: 0.8649 time 4.31s
Epoch 25/120 36/48 loss: 0.8630 time 4.32s
Epoch 25/120 37/48 loss: 0.8619 time 4.32s
Epoch 25/120 38/48 loss: 0.8648 time 4.32s
Epoch 25/120 39/48 loss: 0.8633 time 4.31s
Epoch 25/120 40/48 loss: 0.8621 time 4.31s
Epoch 25/120 41/48 loss: 0.8600 time 4.32s
Epoch 25/120 42/48 loss: 0.8607 time 4.33s
Epoch 25/120 43/48 loss: 0.8616 time 4.31s
Epoch 25/120 44/48 loss: 0.8605 time 4.33s
Epoch 25/120 45/48 loss: 0.8622 time 4.32s
Epoch 25/120 46/48 loss: 0.8600 time 4.32s
Epoch 25/120 47/48 loss: 0.8612 time 4.32s
Final training  25/119 loss: 0.8612 time 209.68s
Sat Aug 12 08:31:38 2023 Epoch: 26
Epoch 26/120 0/48 loss: 0.9179 time 7.91s
Epoch 26/120 1/48 loss: 0.9144 time 4.30s
Epoch 26/120 2/48 loss: 0.8800 time 4.31s
Epoch 26/120 3/48 loss: 0.8920 time 4.31s
Epoch 26/120 4/48 loss: 0.8742 time 4.32s
Epoch 26/120 5/48 loss: 0.8877 time 4.30s
Epoch 26/120 6/48 loss: 0.8791 time 4.31s
Epoch 26/120 7/48 loss: 0.8856 time 4.31s
Epoch 26/120 8/48 loss: 0.8716 time 4.31s
Epoch 26/120 9/48 loss: 0.8783 time 4.31s
Epoch 26/120 10/48 loss: 0.8710 time 4.31s
Epoch 26/120 11/48 loss: 0.8657 time 4.31s
Epoch 26/120 12/48 loss: 0.8721 time 4.31s
Epoch 26/120 13/48 loss: 0.8752 time 4.31s
Epoch 26/120 14/48 loss: 0.8648 time 4.31s
Epoch 26/120 15/48 loss: 0.8604 time 4.31s
Epoch 26/120 16/48 loss: 0.8573 time 4.31s
Epoch 26/120 17/48 loss: 0.8553 time 4.31s
Epoch 26/120 18/48 loss: 0.8483 time 4.32s
Epoch 26/120 19/48 loss: 0.8465 time 4.32s
Epoch 26/120 20/48 loss: 0.8499 time 4.32s
Epoch 26/120 21/48 loss: 0.8483 time 4.32s
Epoch 26/120 22/48 loss: 0.8507 time 4.31s
Epoch 26/120 23/48 loss: 0.8527 time 4.31s
Epoch 26/120 24/48 loss: 0.8558 time 4.31s
Epoch 26/120 25/48 loss: 0.8603 time 4.31s
Epoch 26/120 26/48 loss: 0.8570 time 4.31s
Epoch 26/120 27/48 loss: 0.8561 time 4.31s
Epoch 26/120 28/48 loss: 0.8610 time 4.31s
Epoch 26/120 29/48 loss: 0.8600 time 4.31s
Epoch 26/120 30/48 loss: 0.8610 time 4.31s
Epoch 26/120 31/48 loss: 0.8634 time 4.31s
Epoch 26/120 32/48 loss: 0.8599 time 4.31s
Epoch 26/120 33/48 loss: 0.8608 time 4.31s
Epoch 26/120 34/48 loss: 0.8605 time 4.31s
Epoch 26/120 35/48 loss: 0.8565 time 4.32s
Epoch 26/120 36/48 loss: 0.8542 time 4.32s
Epoch 26/120 37/48 loss: 0.8573 time 4.32s
Epoch 26/120 38/48 loss: 0.8571 time 4.31s
Epoch 26/120 39/48 loss: 0.8559 time 4.31s
Epoch 26/120 40/48 loss: 0.8569 time 4.31s
Epoch 26/120 41/48 loss: 0.8597 time 4.31s
Epoch 26/120 42/48 loss: 0.8599 time 4.31s
Epoch 26/120 43/48 loss: 0.8613 time 4.31s
Epoch 26/120 44/48 loss: 0.8608 time 4.31s
Epoch 26/120 45/48 loss: 0.8608 time 4.31s
Epoch 26/120 46/48 loss: 0.8628 time 4.31s
Epoch 26/120 47/48 loss: 0.8601 time 4.31s
Final training  26/119 loss: 0.8601 time 210.70s
Sat Aug 12 08:35:08 2023 Epoch: 27
Epoch 27/120 0/48 loss: 0.8968 time 6.78s
Epoch 27/120 1/48 loss: 0.8978 time 4.30s
Epoch 27/120 2/48 loss: 0.8701 time 4.31s
Epoch 27/120 3/48 loss: 0.8608 time 4.31s
Epoch 27/120 4/48 loss: 0.8403 time 4.31s
Epoch 27/120 5/48 loss: 0.8349 time 4.32s
Epoch 27/120 6/48 loss: 0.8315 time 4.32s
Epoch 27/120 7/48 loss: 0.8300 time 4.31s
Epoch 27/120 8/48 loss: 0.8461 time 4.31s
Epoch 27/120 9/48 loss: 0.8563 time 4.31s
Epoch 27/120 10/48 loss: 0.8464 time 4.31s
Epoch 27/120 11/48 loss: 0.8457 time 4.31s
Epoch 27/120 12/48 loss: 0.8398 time 4.31s
Epoch 27/120 13/48 loss: 0.8348 time 4.31s
Epoch 27/120 14/48 loss: 0.8322 time 4.31s
Epoch 27/120 15/48 loss: 0.8334 time 4.31s
Epoch 27/120 16/48 loss: 0.8395 time 4.31s
Epoch 27/120 17/48 loss: 0.8429 time 4.32s
Epoch 27/120 18/48 loss: 0.8488 time 4.32s
Epoch 27/120 19/48 loss: 0.8529 time 4.32s
Epoch 27/120 20/48 loss: 0.8561 time 4.32s
Epoch 27/120 21/48 loss: 0.8499 time 4.31s
Epoch 27/120 22/48 loss: 0.8552 time 4.31s
Epoch 27/120 23/48 loss: 0.8566 time 4.31s
Epoch 27/120 24/48 loss: 0.8563 time 4.32s
Epoch 27/120 25/48 loss: 0.8586 time 4.32s
Epoch 27/120 26/48 loss: 0.8628 time 4.31s
Epoch 27/120 27/48 loss: 0.8575 time 4.31s
Epoch 27/120 28/48 loss: 0.8624 time 4.31s
Epoch 27/120 29/48 loss: 0.8606 time 4.31s
Epoch 27/120 30/48 loss: 0.8628 time 4.31s
Epoch 27/120 31/48 loss: 0.8606 time 4.31s
Epoch 27/120 32/48 loss: 0.8563 time 4.32s
Epoch 27/120 33/48 loss: 0.8580 time 4.31s
Epoch 27/120 34/48 loss: 0.8597 time 4.31s
Epoch 27/120 35/48 loss: 0.8588 time 4.32s
Epoch 27/120 36/48 loss: 0.8606 time 4.31s
Epoch 27/120 37/48 loss: 0.8591 time 4.31s
Epoch 27/120 38/48 loss: 0.8612 time 4.31s
Epoch 27/120 39/48 loss: 0.8624 time 4.31s
Epoch 27/120 40/48 loss: 0.8609 time 4.31s
Epoch 27/120 41/48 loss: 0.8609 time 4.31s
Epoch 27/120 42/48 loss: 0.8596 time 4.31s
Epoch 27/120 43/48 loss: 0.8618 time 4.31s
Epoch 27/120 44/48 loss: 0.8624 time 4.31s
Epoch 27/120 45/48 loss: 0.8616 time 4.33s
Epoch 27/120 46/48 loss: 0.8618 time 4.32s
Epoch 27/120 47/48 loss: 0.8591 time 4.33s
Final training  27/119 loss: 0.8591 time 209.62s
Sat Aug 12 08:38:38 2023 Epoch: 28
Epoch 28/120 0/48 loss: 0.9540 time 6.98s
Epoch 28/120 1/48 loss: 0.9420 time 4.30s
Epoch 28/120 2/48 loss: 0.8798 time 4.31s
Epoch 28/120 3/48 loss: 0.8897 time 4.32s
Epoch 28/120 4/48 loss: 0.8609 time 4.31s
Epoch 28/120 5/48 loss: 0.8674 time 4.31s
Epoch 28/120 6/48 loss: 0.8828 time 4.31s
Epoch 28/120 7/48 loss: 0.8783 time 4.31s
Epoch 28/120 8/48 loss: 0.8762 time 4.31s
Epoch 28/120 9/48 loss: 0.8885 time 4.31s
Epoch 28/120 10/48 loss: 0.8903 time 4.31s
Epoch 28/120 11/48 loss: 0.8754 time 4.31s
Epoch 28/120 12/48 loss: 0.8796 time 4.31s
Epoch 28/120 13/48 loss: 0.8844 time 4.31s
Epoch 28/120 14/48 loss: 0.8783 time 4.32s
Epoch 28/120 15/48 loss: 0.8680 time 4.32s
Epoch 28/120 16/48 loss: 0.8621 time 4.32s
Epoch 28/120 17/48 loss: 0.8601 time 4.31s
Epoch 28/120 18/48 loss: 0.8631 time 4.32s
Epoch 28/120 19/48 loss: 0.8603 time 4.31s
Epoch 28/120 20/48 loss: 0.8576 time 4.31s
Epoch 28/120 21/48 loss: 0.8594 time 4.31s
Epoch 28/120 22/48 loss: 0.8566 time 4.31s
Epoch 28/120 23/48 loss: 0.8590 time 4.31s
Epoch 28/120 24/48 loss: 0.8586 time 4.33s
Epoch 28/120 25/48 loss: 0.8563 time 4.31s
Epoch 28/120 26/48 loss: 0.8607 time 4.31s
Epoch 28/120 27/48 loss: 0.8630 time 4.31s
Epoch 28/120 28/48 loss: 0.8610 time 4.31s
Epoch 28/120 29/48 loss: 0.8641 time 4.31s
Epoch 28/120 30/48 loss: 0.8622 time 4.31s
Epoch 28/120 31/48 loss: 0.8605 time 4.31s
Epoch 28/120 32/48 loss: 0.8562 time 4.32s
Epoch 28/120 33/48 loss: 0.8553 time 4.31s
Epoch 28/120 34/48 loss: 0.8546 time 4.32s
Epoch 28/120 35/48 loss: 0.8550 time 4.31s
Epoch 28/120 36/48 loss: 0.8566 time 4.31s
Epoch 28/120 37/48 loss: 0.8533 time 4.31s
Epoch 28/120 38/48 loss: 0.8529 time 4.33s
Epoch 28/120 39/48 loss: 0.8538 time 4.31s
Epoch 28/120 40/48 loss: 0.8516 time 4.31s
Epoch 28/120 41/48 loss: 0.8527 time 4.33s
Epoch 28/120 42/48 loss: 0.8547 time 4.31s
Epoch 28/120 43/48 loss: 0.8539 time 4.32s
Epoch 28/120 44/48 loss: 0.8557 time 4.33s
Epoch 28/120 45/48 loss: 0.8548 time 4.32s
Epoch 28/120 46/48 loss: 0.8573 time 4.32s
Epoch 28/120 47/48 loss: 0.8579 time 4.32s
Final training  28/119 loss: 0.8579 time 209.89s
Sat Aug 12 08:42:08 2023 Epoch: 29
Epoch 29/120 0/48 loss: 0.9082 time 7.18s
Epoch 29/120 1/48 loss: 0.9274 time 4.29s
Epoch 29/120 2/48 loss: 0.9245 time 4.31s
Epoch 29/120 3/48 loss: 0.9106 time 4.31s
Epoch 29/120 4/48 loss: 0.8706 time 4.31s
Epoch 29/120 5/48 loss: 0.8511 time 4.31s
Epoch 29/120 6/48 loss: 0.8576 time 4.31s
Epoch 29/120 7/48 loss: 0.8502 time 4.31s
Epoch 29/120 8/48 loss: 0.8439 time 4.31s
Epoch 29/120 9/48 loss: 0.8510 time 4.31s
Epoch 29/120 10/48 loss: 0.8603 time 4.31s
Epoch 29/120 11/48 loss: 0.8525 time 4.31s
Epoch 29/120 12/48 loss: 0.8504 time 4.31s
Epoch 29/120 13/48 loss: 0.8409 time 4.31s
Epoch 29/120 14/48 loss: 0.8389 time 4.32s
Epoch 29/120 15/48 loss: 0.8384 time 4.32s
Epoch 29/120 16/48 loss: 0.8412 time 4.32s
Epoch 29/120 17/48 loss: 0.8370 time 4.31s
Epoch 29/120 18/48 loss: 0.8352 time 4.31s
Epoch 29/120 19/48 loss: 0.8363 time 4.31s
Epoch 29/120 20/48 loss: 0.8369 time 4.31s
Epoch 29/120 21/48 loss: 0.8392 time 4.31s
Epoch 29/120 22/48 loss: 0.8431 time 4.31s
Epoch 29/120 23/48 loss: 0.8432 time 4.31s
Epoch 29/120 24/48 loss: 0.8422 time 4.32s
Epoch 29/120 25/48 loss: 0.8459 time 4.32s
Epoch 29/120 26/48 loss: 0.8490 time 4.31s
Epoch 29/120 27/48 loss: 0.8527 time 4.31s
Epoch 29/120 28/48 loss: 0.8518 time 4.31s
Epoch 29/120 29/48 loss: 0.8539 time 4.32s
Epoch 29/120 30/48 loss: 0.8553 time 4.32s
Epoch 29/120 31/48 loss: 0.8547 time 4.32s
Epoch 29/120 32/48 loss: 0.8503 time 4.32s
Epoch 29/120 33/48 loss: 0.8522 time 4.31s
Epoch 29/120 34/48 loss: 0.8491 time 4.31s
Epoch 29/120 35/48 loss: 0.8479 time 4.31s
Epoch 29/120 36/48 loss: 0.8513 time 4.31s
Epoch 29/120 37/48 loss: 0.8500 time 4.31s
Epoch 29/120 38/48 loss: 0.8532 time 4.31s
Epoch 29/120 39/48 loss: 0.8516 time 4.32s
Epoch 29/120 40/48 loss: 0.8486 time 4.32s
Epoch 29/120 41/48 loss: 0.8497 time 4.31s
Epoch 29/120 42/48 loss: 0.8526 time 4.31s
Epoch 29/120 43/48 loss: 0.8542 time 4.31s
Epoch 29/120 44/48 loss: 0.8560 time 4.31s
Epoch 29/120 45/48 loss: 0.8591 time 4.32s
Epoch 29/120 46/48 loss: 0.8580 time 4.32s
Epoch 29/120 47/48 loss: 0.8568 time 4.32s
Final training  29/119 loss: 0.8568 time 209.99s
Sat Aug 12 08:45:38 2023 Epoch: 30
Epoch 30/120 0/48 loss: 0.8571 time 7.12s
Epoch 30/120 1/48 loss: 0.8295 time 4.31s
Epoch 30/120 2/48 loss: 0.8077 time 4.31s
Epoch 30/120 3/48 loss: 0.8555 time 4.31s
Epoch 30/120 4/48 loss: 0.8494 time 4.32s
Epoch 30/120 5/48 loss: 0.8423 time 4.31s
Epoch 30/120 6/48 loss: 0.8557 time 4.31s
Epoch 30/120 7/48 loss: 0.8517 time 4.31s
Epoch 30/120 8/48 loss: 0.8463 time 4.31s
Epoch 30/120 9/48 loss: 0.8358 time 4.31s
Epoch 30/120 10/48 loss: 0.8387 time 4.31s
Epoch 30/120 11/48 loss: 0.8353 time 4.32s
Epoch 30/120 12/48 loss: 0.8260 time 4.32s
Epoch 30/120 13/48 loss: 0.8365 time 4.32s
Epoch 30/120 14/48 loss: 0.8370 time 4.32s
Epoch 30/120 15/48 loss: 0.8408 time 4.32s
Epoch 30/120 16/48 loss: 0.8451 time 4.32s
Epoch 30/120 17/48 loss: 0.8502 time 4.32s
Epoch 30/120 18/48 loss: 0.8477 time 4.31s
Epoch 30/120 19/48 loss: 0.8409 time 4.31s
Epoch 30/120 20/48 loss: 0.8398 time 4.31s
Epoch 30/120 21/48 loss: 0.8432 time 4.31s
Epoch 30/120 22/48 loss: 0.8476 time 4.31s
Epoch 30/120 23/48 loss: 0.8426 time 4.31s
Epoch 30/120 24/48 loss: 0.8389 time 4.31s
Epoch 30/120 25/48 loss: 0.8419 time 4.33s
Epoch 30/120 26/48 loss: 0.8446 time 4.31s
Epoch 30/120 27/48 loss: 0.8433 time 4.31s
Epoch 30/120 28/48 loss: 0.8461 time 4.32s
Epoch 30/120 29/48 loss: 0.8461 time 4.31s
Epoch 30/120 30/48 loss: 0.8488 time 4.32s
Epoch 30/120 31/48 loss: 0.8526 time 4.31s
Epoch 30/120 32/48 loss: 0.8508 time 4.32s
Epoch 30/120 33/48 loss: 0.8524 time 4.32s
Epoch 30/120 34/48 loss: 0.8510 time 4.31s
Epoch 30/120 35/48 loss: 0.8522 time 4.32s
Epoch 30/120 36/48 loss: 0.8549 time 4.32s
Epoch 30/120 37/48 loss: 0.8569 time 4.31s
Epoch 30/120 38/48 loss: 0.8530 time 4.31s
Epoch 30/120 39/48 loss: 0.8541 time 4.32s
Epoch 30/120 40/48 loss: 0.8549 time 4.32s
Epoch 30/120 41/48 loss: 0.8542 time 4.31s
Epoch 30/120 42/48 loss: 0.8565 time 4.31s
Epoch 30/120 43/48 loss: 0.8549 time 4.32s
Epoch 30/120 44/48 loss: 0.8556 time 4.32s
Epoch 30/120 45/48 loss: 0.8582 time 4.32s
Epoch 30/120 46/48 loss: 0.8576 time 4.32s
Epoch 30/120 47/48 loss: 0.8556 time 4.31s
Final training  30/119 loss: 0.8556 time 210.04s
Sat Aug 12 08:49:08 2023 Epoch: 31
Epoch 31/120 0/48 loss: 0.7405 time 7.28s
Epoch 31/120 1/48 loss: 0.8347 time 4.30s
Epoch 31/120 2/48 loss: 0.8232 time 4.32s
Epoch 31/120 3/48 loss: 0.8313 time 4.31s
Epoch 31/120 4/48 loss: 0.8420 time 4.31s
Epoch 31/120 5/48 loss: 0.8540 time 4.31s
Epoch 31/120 6/48 loss: 0.8392 time 4.31s
Epoch 31/120 7/48 loss: 0.8534 time 4.31s
Epoch 31/120 8/48 loss: 0.8476 time 4.31s
Epoch 31/120 9/48 loss: 0.8470 time 4.31s
Epoch 31/120 10/48 loss: 0.8608 time 4.31s
Epoch 31/120 11/48 loss: 0.8613 time 4.32s
Epoch 31/120 12/48 loss: 0.8567 time 4.32s
Epoch 31/120 13/48 loss: 0.8618 time 4.32s
Epoch 31/120 14/48 loss: 0.8652 time 4.31s
Epoch 31/120 15/48 loss: 0.8689 time 4.32s
Epoch 31/120 16/48 loss: 0.8703 time 4.33s
Epoch 31/120 17/48 loss: 0.8665 time 4.31s
Epoch 31/120 18/48 loss: 0.8590 time 4.31s
Epoch 31/120 19/48 loss: 0.8563 time 4.31s
Epoch 31/120 20/48 loss: 0.8609 time 4.31s
Epoch 31/120 21/48 loss: 0.8592 time 4.31s
Epoch 31/120 22/48 loss: 0.8640 time 4.33s
Epoch 31/120 23/48 loss: 0.8654 time 4.31s
Epoch 31/120 24/48 loss: 0.8626 time 4.32s
Epoch 31/120 25/48 loss: 0.8598 time 4.33s
Epoch 31/120 26/48 loss: 0.8586 time 4.32s
Epoch 31/120 27/48 loss: 0.8627 time 4.32s
Epoch 31/120 28/48 loss: 0.8608 time 4.32s
Epoch 31/120 29/48 loss: 0.8556 time 4.33s
Epoch 31/120 30/48 loss: 0.8572 time 4.32s
Epoch 31/120 31/48 loss: 0.8581 time 4.33s
Epoch 31/120 32/48 loss: 0.8608 time 4.31s
Epoch 31/120 33/48 loss: 0.8630 time 4.31s
Epoch 31/120 34/48 loss: 0.8601 time 4.33s
Epoch 31/120 35/48 loss: 0.8560 time 4.32s
Epoch 31/120 36/48 loss: 0.8570 time 4.32s
Epoch 31/120 37/48 loss: 0.8591 time 4.33s
Epoch 31/120 38/48 loss: 0.8581 time 4.32s
Epoch 31/120 39/48 loss: 0.8610 time 4.32s
Epoch 31/120 40/48 loss: 0.8591 time 4.33s
Epoch 31/120 41/48 loss: 0.8555 time 4.32s
Epoch 31/120 42/48 loss: 0.8550 time 4.32s
Epoch 31/120 43/48 loss: 0.8547 time 4.32s
Epoch 31/120 44/48 loss: 0.8539 time 4.32s
Epoch 31/120 45/48 loss: 0.8551 time 4.31s
Epoch 31/120 46/48 loss: 0.8531 time 4.33s
Epoch 31/120 47/48 loss: 0.8545 time 4.32s
Final training  31/119 loss: 0.8545 time 210.31s
Sat Aug 12 08:52:38 2023 Epoch: 32
Epoch 32/120 0/48 loss: 0.7494 time 6.75s
Epoch 32/120 1/48 loss: 0.8273 time 4.31s
Epoch 32/120 2/48 loss: 0.8143 time 4.31s
Epoch 32/120 3/48 loss: 0.8536 time 4.31s
Epoch 32/120 4/48 loss: 0.8596 time 4.31s
Epoch 32/120 5/48 loss: 0.8738 time 4.31s
Epoch 32/120 6/48 loss: 0.8726 time 4.31s
Epoch 32/120 7/48 loss: 0.8644 time 4.31s
Epoch 32/120 8/48 loss: 0.8677 time 4.32s
Epoch 32/120 9/48 loss: 0.8761 time 4.32s
Epoch 32/120 10/48 loss: 0.8794 time 4.32s
Epoch 32/120 11/48 loss: 0.8746 time 4.32s
Epoch 32/120 12/48 loss: 0.8792 time 4.33s
Epoch 32/120 13/48 loss: 0.8804 time 4.31s
Epoch 32/120 14/48 loss: 0.8765 time 4.32s
Epoch 32/120 15/48 loss: 0.8714 time 4.32s
Epoch 32/120 16/48 loss: 0.8672 time 4.31s
Epoch 32/120 17/48 loss: 0.8650 time 4.31s
Epoch 32/120 18/48 loss: 0.8616 time 4.33s
Epoch 32/120 19/48 loss: 0.8577 time 4.31s
Epoch 32/120 20/48 loss: 0.8603 time 4.32s
Epoch 32/120 21/48 loss: 0.8533 time 4.32s
Epoch 32/120 22/48 loss: 0.8510 time 4.32s
Epoch 32/120 23/48 loss: 0.8511 time 4.33s
Epoch 32/120 24/48 loss: 0.8455 time 4.31s
Epoch 32/120 25/48 loss: 0.8437 time 4.32s
Epoch 32/120 26/48 loss: 0.8455 time 4.32s
Epoch 32/120 27/48 loss: 0.8493 time 4.31s
Epoch 32/120 28/48 loss: 0.8462 time 4.33s
Epoch 32/120 29/48 loss: 0.8433 time 4.32s
Epoch 32/120 30/48 loss: 0.8399 time 4.31s
Epoch 32/120 31/48 loss: 0.8388 time 4.32s
Epoch 32/120 32/48 loss: 0.8410 time 4.32s
Epoch 32/120 33/48 loss: 0.8436 time 4.31s
Epoch 32/120 34/48 loss: 0.8428 time 4.32s
Epoch 32/120 35/48 loss: 0.8448 time 4.32s
Epoch 32/120 36/48 loss: 0.8448 time 4.33s
Epoch 32/120 37/48 loss: 0.8488 time 4.31s
Epoch 32/120 38/48 loss: 0.8509 time 4.31s
Epoch 32/120 39/48 loss: 0.8539 time 4.32s
Epoch 32/120 40/48 loss: 0.8556 time 4.32s
Epoch 32/120 41/48 loss: 0.8575 time 4.32s
Epoch 32/120 42/48 loss: 0.8544 time 4.31s
Epoch 32/120 43/48 loss: 0.8541 time 4.31s
Epoch 32/120 44/48 loss: 0.8567 time 4.32s
Epoch 32/120 45/48 loss: 0.8561 time 4.32s
Epoch 32/120 46/48 loss: 0.8567 time 4.31s
Epoch 32/120 47/48 loss: 0.8534 time 4.31s
Final training  32/119 loss: 0.8534 time 209.75s
Sat Aug 12 08:56:08 2023 Epoch: 33
Epoch 33/120 0/48 loss: 0.7924 time 7.89s
Epoch 33/120 1/48 loss: 0.8822 time 4.29s
Epoch 33/120 2/48 loss: 0.8601 time 4.31s
Epoch 33/120 3/48 loss: 0.8711 time 4.31s
Epoch 33/120 4/48 loss: 0.8859 time 4.31s
Epoch 33/120 5/48 loss: 0.8853 time 4.31s
Epoch 33/120 6/48 loss: 0.8921 time 4.31s
Epoch 33/120 7/48 loss: 0.8693 time 4.32s
Epoch 33/120 8/48 loss: 0.8614 time 4.32s
Epoch 33/120 9/48 loss: 0.8551 time 4.32s
Epoch 33/120 10/48 loss: 0.8521 time 4.31s
Epoch 33/120 11/48 loss: 0.8604 time 4.31s
Epoch 33/120 12/48 loss: 0.8674 time 4.31s
Epoch 33/120 13/48 loss: 0.8768 time 4.31s
Epoch 33/120 14/48 loss: 0.8791 time 4.31s
Epoch 33/120 15/48 loss: 0.8781 time 4.31s
Epoch 33/120 16/48 loss: 0.8811 time 4.31s
Epoch 33/120 17/48 loss: 0.8813 time 4.31s
Epoch 33/120 18/48 loss: 0.8829 time 4.31s
Epoch 33/120 19/48 loss: 0.8856 time 4.31s
Epoch 33/120 20/48 loss: 0.8807 time 4.31s
Epoch 33/120 21/48 loss: 0.8826 time 4.31s
Epoch 33/120 22/48 loss: 0.8830 time 4.32s
Epoch 33/120 23/48 loss: 0.8795 time 4.31s
Epoch 33/120 24/48 loss: 0.8765 time 4.32s
Epoch 33/120 25/48 loss: 0.8730 time 4.31s
Epoch 33/120 26/48 loss: 0.8768 time 4.31s
Epoch 33/120 27/48 loss: 0.8773 time 4.31s
Epoch 33/120 28/48 loss: 0.8720 time 4.31s
Epoch 33/120 29/48 loss: 0.8733 time 4.31s
Epoch 33/120 30/48 loss: 0.8678 time 4.31s
Epoch 33/120 31/48 loss: 0.8665 time 4.31s
Epoch 33/120 32/48 loss: 0.8674 time 4.31s
Epoch 33/120 33/48 loss: 0.8666 time 4.31s
Epoch 33/120 34/48 loss: 0.8652 time 4.32s
Epoch 33/120 35/48 loss: 0.8622 time 4.32s
Epoch 33/120 36/48 loss: 0.8578 time 4.31s
Epoch 33/120 37/48 loss: 0.8562 time 4.31s
Epoch 33/120 38/48 loss: 0.8537 time 4.32s
Epoch 33/120 39/48 loss: 0.8534 time 4.32s
Epoch 33/120 40/48 loss: 0.8522 time 4.31s
Epoch 33/120 41/48 loss: 0.8539 time 4.31s
Epoch 33/120 42/48 loss: 0.8514 time 4.31s
Epoch 33/120 43/48 loss: 0.8509 time 4.31s
Epoch 33/120 44/48 loss: 0.8523 time 4.31s
Epoch 33/120 45/48 loss: 0.8498 time 4.31s
Epoch 33/120 46/48 loss: 0.8523 time 4.32s
Epoch 33/120 47/48 loss: 0.8523 time 4.32s
Final training  33/119 loss: 0.8523 time 210.72s
Sat Aug 12 08:59:39 2023 Epoch: 34
