None
MONAI version: 1.2.0rc7+9.g84940298
Numpy version: 1.24.2
Pytorch version: 1.13.1
MONAI flags: HAS_EXT = False, USE_COMPILED = False, USE_META_DICT = False
MONAI rev id: 84940298bff9ff1f54845eb8ae7422c0092c09c1
MONAI __file__: /home/guest185/hackathon_38/lib/python3.8/site-packages/monai/__init__.py

Optional dependencies:
Pytorch Ignite version: 0.4.2
ITK version: NOT INSTALLED or UNKNOWN VERSION.
Nibabel version: 5.1.0
scikit-image version: 0.19.3
Pillow version: 9.5.0
Tensorboard version: 2.13.0
gdown version: 4.7.1
TorchVision version: 0.14.1
tqdm version: 4.65.0
lmdb version: 1.2.1
psutil version: 5.9.4
pandas version: 1.5.3
einops version: 0.6.1
transformers version: 4.21.3
mlflow version: NOT INSTALLED or UNKNOWN VERSION.
pynrrd version: 1.0.0

For details about installing the optional dependencies, please visit:
    https://docs.monai.io/en/latest/installation.html#installing-the-recommended-dependencies

/tmp/tmp9hov5uhx
image shape: (240, 240, 155), label shape: (240, 240, 155)
Sat Aug  5 22:28:20 2023 Epoch: 0
In the future `np.bool` will be defined as the corresponding NumPy scalar.
In the future `np.bool` will be defined as the corresponding NumPy scalar.
In the future `np.bool` will be defined as the corresponding NumPy scalar.
In the future `np.bool` will be defined as the corresponding NumPy scalar.
monai.transforms.io.dictionary LoadImaged.__init__:image_only: Current default value of argument `image_only=False` has been deprecated since version 1.1. It will be changed to `image_only=True` in version 1.3.
In the future `np.bool` will be defined as the corresponding NumPy scalar.
In the future `np.bool` will be defined as the corresponding NumPy scalar.
Epoch 0/15 0/48 loss: 0.9553 time 46.35s
Epoch 0/15 1/48 loss: 0.9586 time 4.24s
Epoch 0/15 2/48 loss: 0.9599 time 4.56s
Epoch 0/15 3/48 loss: 0.9453 time 4.18s
Epoch 0/15 4/48 loss: 0.9452 time 4.15s
Epoch 0/15 5/48 loss: 0.9543 time 4.17s
Epoch 0/15 6/48 loss: 0.9533 time 4.19s
Epoch 0/15 7/48 loss: 0.9429 time 4.20s
Epoch 0/15 8/48 loss: 0.9444 time 4.20s
Epoch 0/15 9/48 loss: 0.9405 time 4.22s
Epoch 0/15 10/48 loss: 0.9432 time 4.21s
Epoch 0/15 11/48 loss: 0.9375 time 4.21s
Epoch 0/15 12/48 loss: 0.9363 time 4.24s
Epoch 0/15 13/48 loss: 0.9339 time 4.24s
Epoch 0/15 14/48 loss: 0.9298 time 4.25s
Epoch 0/15 15/48 loss: 0.9314 time 4.26s
Epoch 0/15 16/48 loss: 0.9299 time 4.26s
Epoch 0/15 17/48 loss: 0.9248 time 4.27s
Epoch 0/15 18/48 loss: 0.9197 time 4.29s
Epoch 0/15 19/48 loss: 0.9192 time 4.28s
Epoch 0/15 20/48 loss: 0.9172 time 4.30s
Epoch 0/15 21/48 loss: 0.9157 time 4.30s
Epoch 0/15 22/48 loss: 0.9170 time 4.30s
Epoch 0/15 23/48 loss: 0.9185 time 4.30s
Epoch 0/15 24/48 loss: 0.9166 time 4.32s
Epoch 0/15 25/48 loss: 0.9107 time 4.33s
Epoch 0/15 26/48 loss: 0.9075 time 4.34s
Epoch 0/15 27/48 loss: 0.9051 time 4.34s
Epoch 0/15 28/48 loss: 0.8977 time 4.30s
Epoch 0/15 29/48 loss: 0.8944 time 4.32s
Epoch 0/15 30/48 loss: 0.8935 time 4.32s
Epoch 0/15 31/48 loss: 0.8962 time 4.30s
Epoch 0/15 32/48 loss: 0.8985 time 4.32s
Epoch 0/15 33/48 loss: 0.9010 time 4.33s
Epoch 0/15 34/48 loss: 0.8994 time 4.33s
Epoch 0/15 35/48 loss: 0.9008 time 4.33s
Epoch 0/15 36/48 loss: 0.9002 time 4.33s
Epoch 0/15 37/48 loss: 0.8944 time 4.33s
Epoch 0/15 38/48 loss: 0.8928 time 4.33s
Epoch 0/15 39/48 loss: 0.8932 time 4.33s
Epoch 0/15 40/48 loss: 0.8927 time 4.35s
Epoch 0/15 41/48 loss: 0.8892 time 4.35s
Epoch 0/15 42/48 loss: 0.8857 time 4.34s
Epoch 0/15 43/48 loss: 0.8825 time 4.36s
Epoch 0/15 44/48 loss: 0.8814 time 4.36s
Epoch 0/15 45/48 loss: 0.8810 time 4.35s
Epoch 0/15 46/48 loss: 0.8826 time 4.36s
Epoch 0/15 47/48 loss: 0.8801 time 4.36s
Final training  0/14 loss: 0.8801 time 248.27s
Val 0/15 0/12 , dice_tc: 0.009887346 , dice_wt: 0.6378852 , dice_et: 0.0 , time 47.08s
Val 0/15 1/12 , dice_tc: 0.033624887 , dice_wt: 0.61792195 , dice_et: 0.0 , time 34.54s
Val 0/15 2/12 , dice_tc: 0.11132605 , dice_wt: 0.5941553 , dice_et: 0.0 , time 34.71s
Val 0/15 3/12 , dice_tc: 0.091109715 , dice_wt: 0.60236746 , dice_et: 0.0 , time 34.66s
Val 0/15 4/12 , dice_tc: 0.07416749 , dice_wt: 0.4904124 , dice_et: 0.0 , time 34.77s
Val 0/15 5/12 , dice_tc: 0.061897475 , dice_wt: 0.4291519 , dice_et: 0.0 , time 34.78s
Val 0/15 6/12 , dice_tc: 0.061897475 , dice_wt: 0.37453586 , dice_et: 0.0 , time 34.81s
Val 0/15 7/12 , dice_tc: 0.07665171 , dice_wt: 0.3568739 , dice_et: 0.0 , time 34.84s
Val 0/15 8/12 , dice_tc: 0.07422413 , dice_wt: 0.35123736 , dice_et: 0.0 , time 34.83s
Val 0/15 9/12 , dice_tc: 0.09726744 , dice_wt: 0.3672923 , dice_et: 0.0 , time 34.85s
Val 0/15 10/12 , dice_tc: 0.09464749 , dice_wt: 0.3696632 , dice_et: 0.0 , time 34.88s
Val 0/15 11/12 , dice_tc: 0.08739788 , dice_wt: 0.35940132 , dice_et: 0.0 , time 34.84s
Final validation stats 0/14 , dice_tc: 0.08739788 , dice_wt: 0.35940132 , dice_et: 0.0 , Dice_Avg: 0.14893307 , time 429.70s
new best (0.000000 --> 0.148933). 
Saving checkpoint /tmp/tmp9hov5uhx/model.pt
Sat Aug  5 22:39:39 2023 Epoch: 1
None of the inputs have requires_grad=True. Gradients will be None
invalid value encountered in divide
Epoch 1/15 0/48 loss: 0.8277 time 7.42s
Epoch 1/15 1/48 loss: 0.8402 time 4.39s
Epoch 1/15 2/48 loss: 0.8273 time 4.38s
Epoch 1/15 3/48 loss: 0.8263 time 4.39s
Epoch 1/15 4/48 loss: 0.8284 time 4.39s
Epoch 1/15 5/48 loss: 0.8196 time 4.38s
Epoch 1/15 6/48 loss: 0.8117 time 4.39s
Epoch 1/15 7/48 loss: 0.8196 time 4.39s
Epoch 1/15 8/48 loss: 0.8090 time 4.39s
Epoch 1/15 9/48 loss: 0.8246 time 4.39s
Epoch 1/15 10/48 loss: 0.8172 time 4.39s
Epoch 1/15 11/48 loss: 0.8173 time 4.40s
Epoch 1/15 12/48 loss: 0.8183 time 4.40s
Epoch 1/15 13/48 loss: 0.8296 time 4.39s
Epoch 1/15 14/48 loss: 0.8200 time 4.39s
Epoch 1/15 15/48 loss: 0.8312 time 4.39s
Epoch 1/15 16/48 loss: 0.8242 time 4.39s
Epoch 1/15 17/48 loss: 0.8305 time 4.40s
Epoch 1/15 18/48 loss: 0.8198 time 4.40s
Epoch 1/15 19/48 loss: 0.8276 time 4.40s
Epoch 1/15 20/48 loss: 0.8284 time 4.38s
Epoch 1/15 21/48 loss: 0.8240 time 4.40s
Epoch 1/15 22/48 loss: 0.8237 time 4.40s
Epoch 1/15 23/48 loss: 0.8225 time 4.39s
Epoch 1/15 24/48 loss: 0.8260 time 4.39s
Epoch 1/15 25/48 loss: 0.8229 time 4.39s
Epoch 1/15 26/48 loss: 0.8263 time 4.39s
Epoch 1/15 27/48 loss: 0.8277 time 4.40s
Epoch 1/15 28/48 loss: 0.8273 time 4.39s
Epoch 1/15 29/48 loss: 0.8290 time 4.39s
Epoch 1/15 30/48 loss: 0.8257 time 4.39s
Epoch 1/15 31/48 loss: 0.8218 time 4.40s
Epoch 1/15 32/48 loss: 0.8209 time 4.39s
Epoch 1/15 33/48 loss: 0.8187 time 4.40s
Epoch 1/15 34/48 loss: 0.8125 time 4.40s
Epoch 1/15 35/48 loss: 0.8106 time 4.40s
Epoch 1/15 36/48 loss: 0.8084 time 4.40s
Epoch 1/15 37/48 loss: 0.8077 time 4.40s
Epoch 1/15 38/48 loss: 0.8082 time 4.38s
Epoch 1/15 39/48 loss: 0.8093 time 4.40s
Epoch 1/15 40/48 loss: 0.8067 time 4.40s
Epoch 1/15 41/48 loss: 0.8098 time 4.39s
Epoch 1/15 42/48 loss: 0.8120 time 4.39s
Epoch 1/15 43/48 loss: 0.8144 time 4.39s
Epoch 1/15 44/48 loss: 0.8156 time 4.39s
Epoch 1/15 45/48 loss: 0.8150 time 4.39s
Epoch 1/15 46/48 loss: 0.8162 time 4.39s
Epoch 1/15 47/48 loss: 0.8115 time 4.40s
Final training  1/14 loss: 0.8115 time 214.01s
Sat Aug  5 22:43:13 2023 Epoch: 2
Epoch 2/15 0/48 loss: 0.9113 time 7.18s
Epoch 2/15 1/48 loss: 0.8225 time 4.38s
Epoch 2/15 2/48 loss: 0.8084 time 4.38s
Epoch 2/15 3/48 loss: 0.8031 time 4.38s
Epoch 2/15 4/48 loss: 0.8192 time 4.39s
Epoch 2/15 5/48 loss: 0.7993 time 4.38s
Epoch 2/15 6/48 loss: 0.7873 time 4.39s
Epoch 2/15 7/48 loss: 0.7903 time 4.38s
Epoch 2/15 8/48 loss: 0.7951 time 4.39s
Epoch 2/15 9/48 loss: 0.7882 time 4.38s
Epoch 2/15 10/48 loss: 0.7892 time 4.38s
Epoch 2/15 11/48 loss: 0.7808 time 4.39s
Epoch 2/15 12/48 loss: 0.7813 time 4.39s
Epoch 2/15 13/48 loss: 0.7946 time 4.38s
Epoch 2/15 14/48 loss: 0.7942 time 4.39s
Epoch 2/15 15/48 loss: 0.7970 time 4.38s
Epoch 2/15 16/48 loss: 0.7856 time 4.39s
Epoch 2/15 17/48 loss: 0.7939 time 4.37s
Epoch 2/15 18/48 loss: 0.7954 time 4.40s
Epoch 2/15 19/48 loss: 0.7962 time 4.39s
Epoch 2/15 20/48 loss: 0.7942 time 4.40s
Epoch 2/15 21/48 loss: 0.7990 time 4.39s
Epoch 2/15 22/48 loss: 0.8066 time 4.39s
Epoch 2/15 23/48 loss: 0.8054 time 4.39s
Epoch 2/15 24/48 loss: 0.8005 time 4.40s
Epoch 2/15 25/48 loss: 0.7977 time 4.40s
Epoch 2/15 26/48 loss: 0.7999 time 4.39s
Epoch 2/15 27/48 loss: 0.8022 time 4.39s
Epoch 2/15 28/48 loss: 0.7996 time 4.40s
Epoch 2/15 29/48 loss: 0.8002 time 4.39s
Epoch 2/15 30/48 loss: 0.7981 time 4.40s
Epoch 2/15 31/48 loss: 0.7956 time 4.40s
Epoch 2/15 32/48 loss: 0.7938 time 4.39s
Epoch 2/15 33/48 loss: 0.7937 time 4.40s
Epoch 2/15 34/48 loss: 0.7856 time 4.40s
Epoch 2/15 35/48 loss: 0.7893 time 4.39s
Epoch 2/15 36/48 loss: 0.7881 time 4.39s
Epoch 2/15 37/48 loss: 0.7937 time 4.38s
Epoch 2/15 38/48 loss: 0.7855 time 4.39s
Epoch 2/15 39/48 loss: 0.7799 time 4.39s
Epoch 2/15 40/48 loss: 0.7810 time 4.39s
Epoch 2/15 41/48 loss: 0.7778 time 4.39s
Epoch 2/15 42/48 loss: 0.7772 time 4.39s
Epoch 2/15 43/48 loss: 0.7755 time 4.40s
Epoch 2/15 44/48 loss: 0.7755 time 4.39s
Epoch 2/15 45/48 loss: 0.7744 time 4.40s
Epoch 2/15 46/48 loss: 0.7774 time 4.39s
Epoch 2/15 47/48 loss: 0.7745 time 4.40s
Final training  2/14 loss: 0.7745 time 213.60s
Sat Aug  5 22:46:46 2023 Epoch: 3
Epoch 3/15 0/48 loss: 0.8787 time 7.01s
Epoch 3/15 1/48 loss: 0.9391 time 4.36s
Epoch 3/15 2/48 loss: 0.9136 time 4.38s
Epoch 3/15 3/48 loss: 0.8707 time 4.37s
Epoch 3/15 4/48 loss: 0.8590 time 4.38s
Epoch 3/15 5/48 loss: 0.8296 time 4.38s
Epoch 3/15 6/48 loss: 0.8344 time 4.38s
Epoch 3/15 7/48 loss: 0.8127 time 4.39s
Epoch 3/15 8/48 loss: 0.8070 time 4.38s
Epoch 3/15 9/48 loss: 0.7946 time 4.39s
Epoch 3/15 10/48 loss: 0.7829 time 4.39s
Epoch 3/15 11/48 loss: 0.7593 time 4.38s
Epoch 3/15 12/48 loss: 0.7650 time 4.38s
Epoch 3/15 13/48 loss: 0.7624 time 4.38s
Epoch 3/15 14/48 loss: 0.7637 time 4.38s
Epoch 3/15 15/48 loss: 0.7701 time 4.37s
Epoch 3/15 16/48 loss: 0.7820 time 4.38s
Epoch 3/15 17/48 loss: 0.7725 time 4.39s
Epoch 3/15 18/48 loss: 0.7715 time 4.39s
Epoch 3/15 19/48 loss: 0.7679 time 4.39s
Epoch 3/15 20/48 loss: 0.7689 time 4.39s
Epoch 3/15 21/48 loss: 0.7694 time 4.38s
Epoch 3/15 22/48 loss: 0.7761 time 4.39s
Epoch 3/15 23/48 loss: 0.7775 time 4.39s
Epoch 3/15 24/48 loss: 0.7755 time 4.38s
Epoch 3/15 25/48 loss: 0.7643 time 4.39s
Epoch 3/15 26/48 loss: 0.7699 time 4.39s
Epoch 3/15 27/48 loss: 0.7698 time 4.38s
Epoch 3/15 28/48 loss: 0.7764 time 4.38s
Epoch 3/15 29/48 loss: 0.7743 time 4.38s
Epoch 3/15 30/48 loss: 0.7718 time 4.38s
Epoch 3/15 31/48 loss: 0.7754 time 4.38s
Epoch 3/15 32/48 loss: 0.7737 time 4.39s
Epoch 3/15 33/48 loss: 0.7722 time 4.39s
Epoch 3/15 34/48 loss: 0.7707 time 4.38s
Epoch 3/15 35/48 loss: 0.7641 time 4.39s
Epoch 3/15 36/48 loss: 0.7680 time 4.39s
Epoch 3/15 37/48 loss: 0.7668 time 4.39s
Epoch 3/15 38/48 loss: 0.7673 time 4.38s
Epoch 3/15 39/48 loss: 0.7670 time 4.39s
Epoch 3/15 40/48 loss: 0.7651 time 4.39s
Epoch 3/15 41/48 loss: 0.7681 time 4.39s
Epoch 3/15 42/48 loss: 0.7701 time 4.38s
Epoch 3/15 43/48 loss: 0.7688 time 4.38s
Epoch 3/15 44/48 loss: 0.7664 time 4.39s
Epoch 3/15 45/48 loss: 0.7650 time 4.38s
Epoch 3/15 46/48 loss: 0.7680 time 4.38s
Epoch 3/15 47/48 loss: 0.7667 time 4.39s
Final training  3/14 loss: 0.7667 time 213.14s
Sat Aug  5 22:50:19 2023 Epoch: 4
Epoch 4/15 0/48 loss: 0.4801 time 11.91s
Epoch 4/15 1/48 loss: 0.5680 time 4.34s
Epoch 4/15 2/48 loss: 0.6257 time 4.34s
Epoch 4/15 3/48 loss: 0.6784 time 4.35s
Epoch 4/15 4/48 loss: 0.6872 time 4.36s
Epoch 4/15 5/48 loss: 0.6946 time 4.37s
Epoch 4/15 6/48 loss: 0.7242 time 4.36s
Epoch 4/15 7/48 loss: 0.7081 time 4.35s
Epoch 4/15 8/48 loss: 0.6819 time 4.36s
Epoch 4/15 9/48 loss: 0.7136 time 4.37s
Epoch 4/15 10/48 loss: 0.7136 time 4.36s
Epoch 4/15 11/48 loss: 0.7180 time 4.36s
Epoch 4/15 12/48 loss: 0.7238 time 4.38s
Epoch 4/15 13/48 loss: 0.7233 time 4.38s
Epoch 4/15 14/48 loss: 0.7310 time 4.37s
Epoch 4/15 15/48 loss: 0.7291 time 4.37s
Epoch 4/15 16/48 loss: 0.7282 time 4.37s
Epoch 4/15 17/48 loss: 0.7197 time 4.38s
Epoch 4/15 18/48 loss: 0.7159 time 4.37s
Epoch 4/15 19/48 loss: 0.7206 time 4.37s
Epoch 4/15 20/48 loss: 0.7186 time 4.38s
Epoch 4/15 21/48 loss: 0.7267 time 4.36s
Epoch 4/15 22/48 loss: 0.7263 time 4.37s
Epoch 4/15 23/48 loss: 0.7323 time 4.39s
Epoch 4/15 24/48 loss: 0.7329 time 4.37s
Epoch 4/15 25/48 loss: 0.7299 time 4.38s
Epoch 4/15 26/48 loss: 0.7289 time 4.38s
Epoch 4/15 27/48 loss: 0.7304 time 4.39s
Epoch 4/15 28/48 loss: 0.7308 time 4.38s
Epoch 4/15 29/48 loss: 0.7301 time 4.38s
Epoch 4/15 30/48 loss: 0.7281 time 4.38s
Epoch 4/15 31/48 loss: 0.7293 time 4.39s
Epoch 4/15 32/48 loss: 0.7356 time 4.39s
Epoch 4/15 33/48 loss: 0.7326 time 4.39s
Epoch 4/15 34/48 loss: 0.7334 time 4.38s
Epoch 4/15 35/48 loss: 0.7401 time 4.37s
Epoch 4/15 36/48 loss: 0.7463 time 4.39s
Epoch 4/15 37/48 loss: 0.7474 time 4.38s
Epoch 4/15 38/48 loss: 0.7465 time 4.38s
Epoch 4/15 39/48 loss: 0.7416 time 4.39s
Epoch 4/15 40/48 loss: 0.7413 time 4.39s
Epoch 4/15 41/48 loss: 0.7429 time 4.39s
Epoch 4/15 42/48 loss: 0.7410 time 4.39s
Epoch 4/15 43/48 loss: 0.7429 time 4.38s
Epoch 4/15 44/48 loss: 0.7449 time 4.39s
Epoch 4/15 45/48 loss: 0.7482 time 4.38s
Epoch 4/15 46/48 loss: 0.7474 time 4.39s
Epoch 4/15 47/48 loss: 0.7431 time 4.39s
Final training  4/14 loss: 0.7431 time 217.63s
Val 4/15 0/12 , dice_tc: 0.007340227 , dice_wt: 0.6888217 , dice_et: 0.0 , time 37.53s
Val 4/15 1/12 , dice_tc: 0.07344826 , dice_wt: 0.6659374 , dice_et: 0.0 , time 34.68s
Val 4/15 2/12 , dice_tc: 0.26249024 , dice_wt: 0.62268656 , dice_et: 0.0 , time 34.79s
Val 4/15 3/12 , dice_tc: 0.20486979 , dice_wt: 0.61049247 , dice_et: 0.0 , time 34.74s
Val 4/15 4/12 , dice_tc: 0.16764279 , dice_wt: 0.4996419 , dice_et: 0.0 , time 34.83s
Val 4/15 5/12 , dice_tc: 0.13970232 , dice_wt: 0.45402327 , dice_et: 0.0 , time 34.82s
Val 4/15 6/12 , dice_tc: 0.13970232 , dice_wt: 0.40091464 , dice_et: 0.0 , time 34.83s
Val 4/15 7/12 , dice_tc: 0.19763029 , dice_wt: 0.4049906 , dice_et: 0.0 , time 34.84s
Val 4/15 8/12 , dice_tc: 0.17306437 , dice_wt: 0.42785183 , dice_et: 0.0 , time 34.86s
Val 4/15 9/12 , dice_tc: 0.18692681 , dice_wt: 0.42666474 , dice_et: 0.0 , time 34.87s
Val 4/15 10/12 , dice_tc: 0.19178097 , dice_wt: 0.4411114 , dice_et: 0.0 , time 34.86s
Val 4/15 11/12 , dice_tc: 0.17831747 , dice_wt: 0.43534866 , dice_et: 0.0 , time 34.78s
Final validation stats 4/14 , dice_tc: 0.17831747 , dice_wt: 0.43534866 , dice_et: 0.0 , Dice_Avg: 0.20455538 , time 420.49s
new best (0.148933 --> 0.204555). 
Saving checkpoint /tmp/tmp9hov5uhx/model.pt
Sat Aug  5 23:00:58 2023 Epoch: 5
Epoch 5/15 0/48 loss: 0.9547 time 6.45s
Epoch 5/15 1/48 loss: 0.8536 time 4.38s
Epoch 5/15 2/48 loss: 0.8277 time 4.37s
Epoch 5/15 3/48 loss: 0.8062 time 4.37s
Epoch 5/15 4/48 loss: 0.7560 time 4.38s
Epoch 5/15 5/48 loss: 0.7387 time 4.39s
Epoch 5/15 6/48 loss: 0.6987 time 4.39s
Epoch 5/15 7/48 loss: 0.6959 time 4.40s
Epoch 5/15 8/48 loss: 0.7158 time 4.39s
Epoch 5/15 9/48 loss: 0.7200 time 4.40s
Epoch 5/15 10/48 loss: 0.7375 time 4.39s
Epoch 5/15 11/48 loss: 0.7337 time 4.38s
Epoch 5/15 12/48 loss: 0.7309 time 4.39s
Epoch 5/15 13/48 loss: 0.7383 time 4.39s
Epoch 5/15 14/48 loss: 0.7500 time 4.39s
Epoch 5/15 15/48 loss: 0.7502 time 4.39s
Epoch 5/15 16/48 loss: 0.7460 time 4.38s
Epoch 5/15 17/48 loss: 0.7430 time 4.39s
Epoch 5/15 18/48 loss: 0.7417 time 4.38s
Epoch 5/15 19/48 loss: 0.7486 time 4.39s
Epoch 5/15 20/48 loss: 0.7505 time 4.38s
Epoch 5/15 21/48 loss: 0.7506 time 4.38s
Epoch 5/15 22/48 loss: 0.7468 time 4.40s
Epoch 5/15 23/48 loss: 0.7466 time 4.39s
Epoch 5/15 24/48 loss: 0.7445 time 4.39s
Epoch 5/15 25/48 loss: 0.7483 time 4.40s
Epoch 5/15 26/48 loss: 0.7529 time 4.39s
Epoch 5/15 27/48 loss: 0.7527 time 4.40s
Epoch 5/15 28/48 loss: 0.7513 time 4.39s
Epoch 5/15 29/48 loss: 0.7465 time 4.39s
Epoch 5/15 30/48 loss: 0.7459 time 4.39s
Epoch 5/15 31/48 loss: 0.7527 time 4.39s
Epoch 5/15 32/48 loss: 0.7540 time 4.39s
Epoch 5/15 33/48 loss: 0.7527 time 4.40s
Epoch 5/15 34/48 loss: 0.7431 time 4.39s
Epoch 5/15 35/48 loss: 0.7398 time 4.39s
Epoch 5/15 36/48 loss: 0.7391 time 4.40s
Epoch 5/15 37/48 loss: 0.7393 time 4.40s
Epoch 5/15 38/48 loss: 0.7401 time 4.40s
Epoch 5/15 39/48 loss: 0.7391 time 4.39s
Epoch 5/15 40/48 loss: 0.7346 time 4.39s
Epoch 5/15 41/48 loss: 0.7372 time 4.39s
Epoch 5/15 42/48 loss: 0.7323 time 4.39s
Epoch 5/15 43/48 loss: 0.7324 time 4.39s
Epoch 5/15 44/48 loss: 0.7383 time 4.39s
Epoch 5/15 45/48 loss: 0.7348 time 4.38s
Epoch 5/15 46/48 loss: 0.7329 time 4.39s
Epoch 5/15 47/48 loss: 0.7347 time 4.40s
Final training  5/14 loss: 0.7347 time 212.86s
Sat Aug  5 23:04:31 2023 Epoch: 6
Epoch 6/15 0/48 loss: 0.7765 time 6.74s
Epoch 6/15 1/48 loss: 0.6352 time 4.38s
Epoch 6/15 2/48 loss: 0.7217 time 4.38s
Epoch 6/15 3/48 loss: 0.7764 time 4.38s
Epoch 6/15 4/48 loss: 0.7530 time 4.38s
Epoch 6/15 5/48 loss: 0.7278 time 4.38s
Epoch 6/15 6/48 loss: 0.7454 time 4.37s
Epoch 6/15 7/48 loss: 0.7449 time 4.38s
Epoch 6/15 8/48 loss: 0.7363 time 4.38s
Epoch 6/15 9/48 loss: 0.7566 time 4.38s
Epoch 6/15 10/48 loss: 0.7636 time 4.39s
Epoch 6/15 11/48 loss: 0.7606 time 4.40s
Epoch 6/15 12/48 loss: 0.7530 time 4.38s
Epoch 6/15 13/48 loss: 0.7465 time 4.39s
Epoch 6/15 14/48 loss: 0.7532 time 4.39s
Epoch 6/15 15/48 loss: 0.7562 time 4.38s
Epoch 6/15 16/48 loss: 0.7705 time 4.38s
Epoch 6/15 17/48 loss: 0.7740 time 4.39s
Epoch 6/15 18/48 loss: 0.7842 time 4.38s
Epoch 6/15 19/48 loss: 0.7890 time 4.38s
Epoch 6/15 20/48 loss: 0.7845 time 4.38s
Epoch 6/15 21/48 loss: 0.7820 time 4.39s
Epoch 6/15 22/48 loss: 0.7785 time 4.38s
Epoch 6/15 23/48 loss: 0.7733 time 4.39s
Epoch 6/15 24/48 loss: 0.7712 time 4.38s
Epoch 6/15 25/48 loss: 0.7658 time 4.39s
Epoch 6/15 26/48 loss: 0.7692 time 4.38s
Epoch 6/15 27/48 loss: 0.7662 time 4.39s
Epoch 6/15 28/48 loss: 0.7584 time 4.39s
Epoch 6/15 29/48 loss: 0.7615 time 4.38s
Epoch 6/15 30/48 loss: 0.7631 time 4.39s
Epoch 6/15 31/48 loss: 0.7622 time 4.39s
Epoch 6/15 32/48 loss: 0.7660 time 4.39s
Epoch 6/15 33/48 loss: 0.7668 time 4.39s
Epoch 6/15 34/48 loss: 0.7598 time 4.38s
Epoch 6/15 35/48 loss: 0.7598 time 4.38s
Epoch 6/15 36/48 loss: 0.7520 time 4.40s
Epoch 6/15 37/48 loss: 0.7478 time 4.39s
Epoch 6/15 38/48 loss: 0.7445 time 4.40s
Epoch 6/15 39/48 loss: 0.7458 time 4.39s
Epoch 6/15 40/48 loss: 0.7380 time 4.38s
Epoch 6/15 41/48 loss: 0.7351 time 4.40s
Epoch 6/15 42/48 loss: 0.7362 time 4.39s
Epoch 6/15 43/48 loss: 0.7363 time 4.40s
Epoch 6/15 44/48 loss: 0.7367 time 4.39s
Epoch 6/15 45/48 loss: 0.7382 time 4.39s
Epoch 6/15 46/48 loss: 0.7348 time 4.39s
Epoch 6/15 47/48 loss: 0.7353 time 4.38s
Final training  6/14 loss: 0.7353 time 212.94s
Sat Aug  5 23:08:04 2023 Epoch: 7
Epoch 7/15 0/48 loss: 0.7394 time 7.27s
Epoch 7/15 1/48 loss: 0.7496 time 4.36s
Epoch 7/15 2/48 loss: 0.7053 time 4.38s
Epoch 7/15 3/48 loss: 0.7074 time 4.37s
Epoch 7/15 4/48 loss: 0.7094 time 4.37s
Epoch 7/15 5/48 loss: 0.7104 time 4.37s
Epoch 7/15 6/48 loss: 0.6888 time 4.37s
Epoch 7/15 7/48 loss: 0.6808 time 4.37s
Epoch 7/15 8/48 loss: 0.6868 time 4.39s
Epoch 7/15 9/48 loss: 0.7102 time 4.37s
Epoch 7/15 10/48 loss: 0.7148 time 4.38s
Epoch 7/15 11/48 loss: 0.7149 time 4.38s
Epoch 7/15 12/48 loss: 0.7320 time 4.38s
Epoch 7/15 13/48 loss: 0.7278 time 4.36s
Epoch 7/15 14/48 loss: 0.7398 time 4.38s
Epoch 7/15 15/48 loss: 0.7389 time 4.38s
Epoch 7/15 16/48 loss: 0.7542 time 4.38s
Epoch 7/15 17/48 loss: 0.7512 time 4.38s
Epoch 7/15 18/48 loss: 0.7487 time 4.39s
Epoch 7/15 19/48 loss: 0.7456 time 4.39s
Epoch 7/15 20/48 loss: 0.7386 time 4.38s
Epoch 7/15 21/48 loss: 0.7369 time 4.38s
Epoch 7/15 22/48 loss: 0.7437 time 4.38s
Epoch 7/15 23/48 loss: 0.7372 time 4.38s
Epoch 7/15 24/48 loss: 0.7373 time 4.37s
Epoch 7/15 25/48 loss: 0.7283 time 4.39s
Epoch 7/15 26/48 loss: 0.7176 time 4.38s
Epoch 7/15 27/48 loss: 0.7108 time 4.38s
Epoch 7/15 28/48 loss: 0.7161 time 4.39s
Epoch 7/15 29/48 loss: 0.7183 time 4.38s
Epoch 7/15 30/48 loss: 0.7192 time 4.39s
Epoch 7/15 31/48 loss: 0.7193 time 4.37s
Epoch 7/15 32/48 loss: 0.7199 time 4.38s
Epoch 7/15 33/48 loss: 0.7153 time 4.39s
Epoch 7/15 34/48 loss: 0.7167 time 4.39s
Epoch 7/15 35/48 loss: 0.7182 time 4.40s
Epoch 7/15 36/48 loss: 0.7194 time 4.39s
Epoch 7/15 37/48 loss: 0.7230 time 4.39s
Epoch 7/15 38/48 loss: 0.7209 time 4.38s
Epoch 7/15 39/48 loss: 0.7271 time 4.39s
Epoch 7/15 40/48 loss: 0.7308 time 4.38s
Epoch 7/15 41/48 loss: 0.7304 time 4.38s
Epoch 7/15 42/48 loss: 0.7254 time 4.40s
Epoch 7/15 43/48 loss: 0.7249 time 4.39s
Epoch 7/15 44/48 loss: 0.7233 time 4.38s
Epoch 7/15 45/48 loss: 0.7241 time 4.38s
Epoch 7/15 46/48 loss: 0.7224 time 4.38s
Epoch 7/15 47/48 loss: 0.7199 time 4.39s
Final training  7/14 loss: 0.7199 time 213.28s
Sat Aug  5 23:11:37 2023 Epoch: 8
Epoch 8/15 0/48 loss: 0.5441 time 7.39s
Epoch 8/15 1/48 loss: 0.7375 time 4.37s
Epoch 8/15 2/48 loss: 0.7489 time 4.37s
Epoch 8/15 3/48 loss: 0.7078 time 4.37s
Epoch 8/15 4/48 loss: 0.7331 time 4.37s
Epoch 8/15 5/48 loss: 0.6808 time 4.37s
Epoch 8/15 6/48 loss: 0.6856 time 4.38s
Epoch 8/15 7/48 loss: 0.6885 time 4.37s
Epoch 8/15 8/48 loss: 0.6788 time 4.37s
Epoch 8/15 9/48 loss: 0.6860 time 4.37s
Epoch 8/15 10/48 loss: 0.6819 time 4.38s
Epoch 8/15 11/48 loss: 0.7009 time 4.38s
Epoch 8/15 12/48 loss: 0.7144 time 4.38s
Epoch 8/15 13/48 loss: 0.7149 time 4.38s
Epoch 8/15 14/48 loss: 0.7095 time 4.38s
Epoch 8/15 15/48 loss: 0.6960 time 4.38s
Epoch 8/15 16/48 loss: 0.6868 time 4.38s
Epoch 8/15 17/48 loss: 0.6842 time 4.38s
Epoch 8/15 18/48 loss: 0.6964 time 4.39s
Epoch 8/15 19/48 loss: 0.6997 time 4.38s
Epoch 8/15 20/48 loss: 0.7035 time 4.38s
Epoch 8/15 21/48 loss: 0.7073 time 4.38s
Epoch 8/15 22/48 loss: 0.7005 time 4.39s
Epoch 8/15 23/48 loss: 0.6963 time 4.38s
Epoch 8/15 24/48 loss: 0.6957 time 4.38s
Epoch 8/15 25/48 loss: 0.6974 time 4.37s
Epoch 8/15 26/48 loss: 0.7030 time 4.39s
Epoch 8/15 27/48 loss: 0.7034 time 4.39s
Epoch 8/15 28/48 loss: 0.6947 time 4.39s
Epoch 8/15 29/48 loss: 0.6979 time 4.39s
Epoch 8/15 30/48 loss: 0.6985 time 4.38s
Epoch 8/15 31/48 loss: 0.6999 time 4.39s
Epoch 8/15 32/48 loss: 0.7029 time 4.39s
Epoch 8/15 33/48 loss: 0.7055 time 4.40s
Epoch 8/15 34/48 loss: 0.7058 time 4.39s
Epoch 8/15 35/48 loss: 0.7052 time 4.39s
Epoch 8/15 36/48 loss: 0.7024 time 4.39s
Epoch 8/15 37/48 loss: 0.7039 time 4.38s
Epoch 8/15 38/48 loss: 0.7028 time 4.40s
Epoch 8/15 39/48 loss: 0.7010 time 4.39s
Epoch 8/15 40/48 loss: 0.7006 time 4.39s
Epoch 8/15 41/48 loss: 0.7000 time 4.39s
Epoch 8/15 42/48 loss: 0.6964 time 4.38s
Epoch 8/15 43/48 loss: 0.6963 time 4.38s
Epoch 8/15 44/48 loss: 0.6961 time 4.39s
Epoch 8/15 45/48 loss: 0.7018 time 4.39s
Epoch 8/15 46/48 loss: 0.7018 time 4.40s
Epoch 8/15 47/48 loss: 0.7080 time 4.38s
Final training  8/14 loss: 0.7080 time 213.52s
Sat Aug  5 23:15:11 2023 Epoch: 9
Epoch 9/15 0/48 loss: 0.8253 time 6.44s
Epoch 9/15 1/48 loss: 0.7473 time 4.38s
Epoch 9/15 2/48 loss: 0.7284 time 4.37s
Epoch 9/15 3/48 loss: 0.6944 time 4.37s
Epoch 9/15 4/48 loss: 0.7234 time 4.39s
Epoch 9/15 5/48 loss: 0.7238 time 4.38s
Epoch 9/15 6/48 loss: 0.7131 time 4.39s
Epoch 9/15 7/48 loss: 0.7213 time 4.38s
Epoch 9/15 8/48 loss: 0.7348 time 4.37s
Epoch 9/15 9/48 loss: 0.7344 time 4.38s
Epoch 9/15 10/48 loss: 0.7402 time 4.39s
Epoch 9/15 11/48 loss: 0.7275 time 4.38s
Epoch 9/15 12/48 loss: 0.7315 time 4.38s
Epoch 9/15 13/48 loss: 0.7302 time 4.39s
Epoch 9/15 14/48 loss: 0.7304 time 4.39s
Epoch 9/15 15/48 loss: 0.7242 time 4.39s
Epoch 9/15 16/48 loss: 0.7240 time 4.38s
Epoch 9/15 17/48 loss: 0.7226 time 4.38s
Epoch 9/15 18/48 loss: 0.7099 time 4.38s
Epoch 9/15 19/48 loss: 0.6980 time 4.39s
Epoch 9/15 20/48 loss: 0.6945 time 4.39s
Epoch 9/15 21/48 loss: 0.6966 time 4.39s
Epoch 9/15 22/48 loss: 0.6974 time 4.39s
Epoch 9/15 23/48 loss: 0.6922 time 4.40s
Epoch 9/15 24/48 loss: 0.6961 time 4.39s
Epoch 9/15 25/48 loss: 0.7062 time 4.39s
Epoch 9/15 26/48 loss: 0.7065 time 4.39s
Epoch 9/15 27/48 loss: 0.7066 time 4.40s
Epoch 9/15 28/48 loss: 0.7076 time 4.40s
Epoch 9/15 29/48 loss: 0.7102 time 4.40s
Epoch 9/15 30/48 loss: 0.7122 time 4.39s
Epoch 9/15 31/48 loss: 0.7109 time 4.40s
Epoch 9/15 32/48 loss: 0.7161 time 4.39s
Epoch 9/15 33/48 loss: 0.7160 time 4.39s
Epoch 9/15 34/48 loss: 0.7107 time 4.39s
Epoch 9/15 35/48 loss: 0.7081 time 4.39s
Epoch 9/15 36/48 loss: 0.7079 time 4.40s
Epoch 9/15 37/48 loss: 0.7029 time 4.39s
Epoch 9/15 38/48 loss: 0.7089 time 4.39s
Epoch 9/15 39/48 loss: 0.7092 time 4.40s
Epoch 9/15 40/48 loss: 0.7051 time 4.40s
Epoch 9/15 41/48 loss: 0.7024 time 4.41s
Epoch 9/15 42/48 loss: 0.7093 time 4.39s
Epoch 9/15 43/48 loss: 0.7096 time 4.39s
Epoch 9/15 44/48 loss: 0.7068 time 4.40s
Epoch 9/15 45/48 loss: 0.7062 time 4.39s
Epoch 9/15 46/48 loss: 0.7045 time 4.39s
Epoch 9/15 47/48 loss: 0.7044 time 4.39s
Final training  9/14 loss: 0.7044 time 212.84s
Val 9/15 0/12 , dice_tc: 0.014215381 , dice_wt: 0.7296369 , dice_et: 0.0 , time 37.58s
Val 9/15 1/12 , dice_tc: 0.071709484 , dice_wt: 0.63247216 , dice_et: 0.0 , time 34.73s
Val 9/15 2/12 , dice_tc: 0.30775028 , dice_wt: 0.6004097 , dice_et: 0.0 , time 34.81s
Val 9/15 3/12 , dice_tc: 0.24927329 , dice_wt: 0.5989601 , dice_et: 0.0 , time 34.74s
Val 9/15 4/12 , dice_tc: 0.20480683 , dice_wt: 0.49138123 , dice_et: 0.0 , time 34.81s
Val 9/15 5/12 , dice_tc: 0.17085837 , dice_wt: 0.46905193 , dice_et: 0.0 , time 34.81s
Val 9/15 6/12 , dice_tc: 0.17085837 , dice_wt: 0.42256668 , dice_et: 0.0 , time 34.83s
Val 9/15 7/12 , dice_tc: 0.22950186 , dice_wt: 0.43895233 , dice_et: 0.0 , time 34.82s
Val 9/15 8/12 , dice_tc: 0.21991289 , dice_wt: 0.45161206 , dice_et: 0.0 , time 34.87s
Val 9/15 9/12 , dice_tc: 0.23835246 , dice_wt: 0.4499619 , dice_et: 0.0 , time 34.86s
Val 9/15 10/12 , dice_tc: 0.2480376 , dice_wt: 0.4723646 , dice_et: 0.0 , time 34.85s
Val 9/15 11/12 , dice_tc: 0.23215665 , dice_wt: 0.4764721 , dice_et: 0.0 , time 34.77s
Final validation stats 9/14 , dice_tc: 0.23215665 , dice_wt: 0.4764721 , dice_et: 0.0 , Dice_Avg: 0.23620959 , time 420.55s
new best (0.204555 --> 0.236210). 
Saving checkpoint /tmp/tmp9hov5uhx/model.pt
Sat Aug  5 23:25:44 2023 Epoch: 10
Epoch 10/15 0/48 loss: 0.6849 time 7.03s
Epoch 10/15 1/48 loss: 0.6874 time 4.37s
Epoch 10/15 2/48 loss: 0.7374 time 4.39s
Epoch 10/15 3/48 loss: 0.7285 time 4.38s
Epoch 10/15 4/48 loss: 0.6716 time 4.38s
Epoch 10/15 5/48 loss: 0.6477 time 4.38s
Epoch 10/15 6/48 loss: 0.6672 time 4.40s
Epoch 10/15 7/48 loss: 0.6707 time 4.39s
Epoch 10/15 8/48 loss: 0.6798 time 4.40s
Epoch 10/15 9/48 loss: 0.6980 time 4.39s
Epoch 10/15 10/48 loss: 0.6951 time 4.39s
Epoch 10/15 11/48 loss: 0.6844 time 4.40s
Epoch 10/15 12/48 loss: 0.6995 time 4.39s
Epoch 10/15 13/48 loss: 0.6953 time 4.39s
Epoch 10/15 14/48 loss: 0.6908 time 4.38s
Epoch 10/15 15/48 loss: 0.6922 time 4.37s
Epoch 10/15 16/48 loss: 0.6894 time 4.39s
Epoch 10/15 17/48 loss: 0.6920 time 4.40s
Epoch 10/15 18/48 loss: 0.6826 time 4.38s
Epoch 10/15 19/48 loss: 0.6842 time 4.38s
Epoch 10/15 20/48 loss: 0.6779 time 4.40s
Epoch 10/15 21/48 loss: 0.6756 time 4.40s
Epoch 10/15 22/48 loss: 0.6736 time 4.38s
Epoch 10/15 23/48 loss: 0.6750 time 4.39s
Epoch 10/15 24/48 loss: 0.6693 time 4.39s
Epoch 10/15 25/48 loss: 0.6709 time 4.39s
Epoch 10/15 26/48 loss: 0.6715 time 4.39s
Epoch 10/15 27/48 loss: 0.6702 time 4.40s
Epoch 10/15 28/48 loss: 0.6719 time 4.39s
Epoch 10/15 29/48 loss: 0.6725 time 4.40s
Epoch 10/15 30/48 loss: 0.6740 time 4.40s
Epoch 10/15 31/48 loss: 0.6764 time 4.39s
Epoch 10/15 32/48 loss: 0.6818 time 4.39s
Epoch 10/15 33/48 loss: 0.6760 time 4.40s
Epoch 10/15 34/48 loss: 0.6826 time 4.39s
Epoch 10/15 35/48 loss: 0.6799 time 4.40s
Epoch 10/15 36/48 loss: 0.6825 time 4.39s
Epoch 10/15 37/48 loss: 0.6814 time 4.39s
Epoch 10/15 38/48 loss: 0.6862 time 4.40s
Epoch 10/15 39/48 loss: 0.6867 time 4.39s
Epoch 10/15 40/48 loss: 0.6801 time 4.39s
Epoch 10/15 41/48 loss: 0.6859 time 4.38s
Epoch 10/15 42/48 loss: 0.6819 time 4.39s
Epoch 10/15 43/48 loss: 0.6834 time 4.39s
Epoch 10/15 44/48 loss: 0.6818 time 4.39s
Epoch 10/15 45/48 loss: 0.6811 time 4.39s
Epoch 10/15 46/48 loss: 0.6879 time 4.39s
Epoch 10/15 47/48 loss: 0.6899 time 4.39s
Final training  10/14 loss: 0.6899 time 213.46s
Sat Aug  5 23:29:18 2023 Epoch: 11
Epoch 11/15 0/48 loss: 0.7627 time 6.56s
Epoch 11/15 1/48 loss: 0.6399 time 4.38s
Epoch 11/15 2/48 loss: 0.5724 time 4.38s
Epoch 11/15 3/48 loss: 0.6058 time 4.38s
Epoch 11/15 4/48 loss: 0.6395 time 4.39s
Epoch 11/15 5/48 loss: 0.6474 time 4.38s
Epoch 11/15 6/48 loss: 0.6761 time 4.39s
Epoch 11/15 7/48 loss: 0.6855 time 4.39s
Epoch 11/15 8/48 loss: 0.6851 time 4.38s
Epoch 11/15 9/48 loss: 0.6823 time 4.39s
Epoch 11/15 10/48 loss: 0.6815 time 4.38s
Epoch 11/15 11/48 loss: 0.6924 time 4.39s
Epoch 11/15 12/48 loss: 0.6775 time 4.39s
Epoch 11/15 13/48 loss: 0.6783 time 4.40s
Epoch 11/15 14/48 loss: 0.6812 time 4.39s
Epoch 11/15 15/48 loss: 0.6854 time 4.39s
Epoch 11/15 16/48 loss: 0.6714 time 4.38s
Epoch 11/15 17/48 loss: 0.6582 time 4.38s
Epoch 11/15 18/48 loss: 0.6515 time 4.40s
Epoch 11/15 19/48 loss: 0.6531 time 4.40s
Epoch 11/15 20/48 loss: 0.6513 time 4.40s
Epoch 11/15 21/48 loss: 0.6474 time 4.39s
Epoch 11/15 22/48 loss: 0.6466 time 4.39s
Epoch 11/15 23/48 loss: 0.6500 time 4.39s
Epoch 11/15 24/48 loss: 0.6517 time 4.40s
Epoch 11/15 25/48 loss: 0.6486 time 4.39s
Epoch 11/15 26/48 loss: 0.6489 time 4.39s
Epoch 11/15 27/48 loss: 0.6469 time 4.39s
Epoch 11/15 28/48 loss: 0.6454 time 4.39s
Epoch 11/15 29/48 loss: 0.6572 time 4.38s
Epoch 11/15 30/48 loss: 0.6546 time 4.39s
Epoch 11/15 31/48 loss: 0.6564 time 4.39s
Epoch 11/15 32/48 loss: 0.6562 time 4.39s
Epoch 11/15 33/48 loss: 0.6509 time 4.39s
Epoch 11/15 34/48 loss: 0.6512 time 4.40s
Epoch 11/15 35/48 loss: 0.6483 time 4.39s
Epoch 11/15 36/48 loss: 0.6507 time 4.39s
Epoch 11/15 37/48 loss: 0.6552 time 4.39s
Epoch 11/15 38/48 loss: 0.6551 time 4.39s
Epoch 11/15 39/48 loss: 0.6563 time 4.38s
Epoch 11/15 40/48 loss: 0.6574 time 4.39s
Epoch 11/15 41/48 loss: 0.6576 time 4.39s
Epoch 11/15 42/48 loss: 0.6587 time 4.38s
Epoch 11/15 43/48 loss: 0.6623 time 4.39s
Epoch 11/15 44/48 loss: 0.6670 time 4.39s
Epoch 11/15 45/48 loss: 0.6702 time 4.38s
Epoch 11/15 46/48 loss: 0.6734 time 4.39s
Epoch 11/15 47/48 loss: 0.6741 time 4.38s
Final training  11/14 loss: 0.6741 time 212.91s
Sat Aug  5 23:32:51 2023 Epoch: 12
Epoch 12/15 0/48 loss: 0.4612 time 7.58s
Epoch 12/15 1/48 loss: 0.5259 time 4.38s
Epoch 12/15 2/48 loss: 0.5699 time 4.37s
Epoch 12/15 3/48 loss: 0.5800 time 4.37s
Epoch 12/15 4/48 loss: 0.5492 time 4.37s
Epoch 12/15 5/48 loss: 0.5610 time 4.37s
Epoch 12/15 6/48 loss: 0.5806 time 4.37s
Epoch 12/15 7/48 loss: 0.5596 time 4.37s
Epoch 12/15 8/48 loss: 0.5757 time 4.38s
Epoch 12/15 9/48 loss: 0.5650 time 4.37s
Epoch 12/15 10/48 loss: 0.5842 time 4.37s
Epoch 12/15 11/48 loss: 0.5940 time 4.38s
Epoch 12/15 12/48 loss: 0.6017 time 4.37s
Epoch 12/15 13/48 loss: 0.5937 time 4.39s
Epoch 12/15 14/48 loss: 0.6024 time 4.38s
Epoch 12/15 15/48 loss: 0.6154 time 4.38s
Epoch 12/15 16/48 loss: 0.6233 time 4.38s
Epoch 12/15 17/48 loss: 0.6287 time 4.38s
Epoch 12/15 18/48 loss: 0.6387 time 4.38s
Epoch 12/15 19/48 loss: 0.6386 time 4.38s
Epoch 12/15 20/48 loss: 0.6425 time 4.38s
Epoch 12/15 21/48 loss: 0.6528 time 4.38s
Epoch 12/15 22/48 loss: 0.6555 time 4.37s
Epoch 12/15 23/48 loss: 0.6584 time 4.39s
Epoch 12/15 24/48 loss: 0.6615 time 4.38s
Epoch 12/15 25/48 loss: 0.6574 time 4.39s
Epoch 12/15 26/48 loss: 0.6581 time 4.38s
Epoch 12/15 27/48 loss: 0.6703 time 4.37s
Epoch 12/15 28/48 loss: 0.6791 time 4.39s
Epoch 12/15 29/48 loss: 0.6797 time 4.38s
Epoch 12/15 30/48 loss: 0.6803 time 4.37s
Epoch 12/15 31/48 loss: 0.6769 time 4.40s
Epoch 12/15 32/48 loss: 0.6808 time 4.39s
Epoch 12/15 33/48 loss: 0.6887 time 4.38s
Epoch 12/15 34/48 loss: 0.6902 time 4.38s
Epoch 12/15 35/48 loss: 0.6851 time 4.39s
Epoch 12/15 36/48 loss: 0.6860 time 4.38s
Epoch 12/15 37/48 loss: 0.6898 time 4.39s
Epoch 12/15 38/48 loss: 0.6934 time 4.38s
Epoch 12/15 39/48 loss: 0.6942 time 4.37s
Epoch 12/15 40/48 loss: 0.6930 time 4.39s
Epoch 12/15 41/48 loss: 0.6924 time 4.39s
Epoch 12/15 42/48 loss: 0.6896 time 4.40s
Epoch 12/15 43/48 loss: 0.6897 time 4.38s
Epoch 12/15 44/48 loss: 0.6848 time 4.39s
Epoch 12/15 45/48 loss: 0.6876 time 4.38s
Epoch 12/15 46/48 loss: 0.6848 time 4.39s
Epoch 12/15 47/48 loss: 0.6867 time 4.38s
Final training  12/14 loss: 0.6867 time 213.56s
Sat Aug  5 23:36:24 2023 Epoch: 13
Epoch 13/15 0/48 loss: 0.8240 time 6.99s
Epoch 13/15 1/48 loss: 0.7416 time 4.37s
Epoch 13/15 2/48 loss: 0.7261 time 4.37s
Epoch 13/15 3/48 loss: 0.6799 time 4.37s
Epoch 13/15 4/48 loss: 0.6859 time 4.38s
Epoch 13/15 5/48 loss: 0.6563 time 4.37s
Epoch 13/15 6/48 loss: 0.6630 time 4.37s
Epoch 13/15 7/48 loss: 0.6740 time 4.37s
Epoch 13/15 8/48 loss: 0.6876 time 4.37s
Epoch 13/15 9/48 loss: 0.6902 time 4.37s
Epoch 13/15 10/48 loss: 0.6823 time 4.38s
Epoch 13/15 11/48 loss: 0.6858 time 4.38s
Epoch 13/15 12/48 loss: 0.6713 time 4.38s
Epoch 13/15 13/48 loss: 0.6570 time 4.38s
Epoch 13/15 14/48 loss: 0.6548 time 4.38s
Epoch 13/15 15/48 loss: 0.6664 time 4.37s
Epoch 13/15 16/48 loss: 0.6512 time 4.37s
Epoch 13/15 17/48 loss: 0.6609 time 4.39s
Epoch 13/15 18/48 loss: 0.6569 time 4.38s
Epoch 13/15 19/48 loss: 0.6685 time 4.39s
Epoch 13/15 20/48 loss: 0.6715 time 4.39s
Epoch 13/15 21/48 loss: 0.6741 time 4.38s
Epoch 13/15 22/48 loss: 0.6754 time 4.37s
Epoch 13/15 23/48 loss: 0.6777 time 4.38s
Epoch 13/15 24/48 loss: 0.6906 time 4.37s
Epoch 13/15 25/48 loss: 0.6843 time 4.40s
Epoch 13/15 26/48 loss: 0.6748 time 4.38s
Epoch 13/15 27/48 loss: 0.6786 time 4.38s
Epoch 13/15 28/48 loss: 0.6793 time 4.40s
Epoch 13/15 29/48 loss: 0.6808 time 4.39s
Epoch 13/15 30/48 loss: 0.6813 time 4.38s
Epoch 13/15 31/48 loss: 0.6821 time 4.38s
Epoch 13/15 32/48 loss: 0.6869 time 4.39s
Epoch 13/15 33/48 loss: 0.6943 time 4.39s
Epoch 13/15 34/48 loss: 0.6913 time 4.40s
Epoch 13/15 35/48 loss: 0.6867 time 4.39s
Epoch 13/15 36/48 loss: 0.6851 time 4.37s
Epoch 13/15 37/48 loss: 0.6908 time 4.38s
Epoch 13/15 38/48 loss: 0.6916 time 4.39s
Epoch 13/15 39/48 loss: 0.6913 time 4.38s
Epoch 13/15 40/48 loss: 0.6872 time 4.39s
Epoch 13/15 41/48 loss: 0.6825 time 4.38s
Epoch 13/15 42/48 loss: 0.6827 time 4.38s
Epoch 13/15 43/48 loss: 0.6850 time 4.38s
Epoch 13/15 44/48 loss: 0.6852 time 4.39s
Epoch 13/15 45/48 loss: 0.6866 time 4.38s
Epoch 13/15 46/48 loss: 0.6883 time 4.38s
Epoch 13/15 47/48 loss: 0.6854 time 4.39s
Final training  13/14 loss: 0.6854 time 212.98s
Sat Aug  5 23:39:57 2023 Epoch: 14
Epoch 14/15 0/48 loss: 0.6879 time 7.49s
Epoch 14/15 1/48 loss: 0.7206 time 4.37s
Epoch 14/15 2/48 loss: 0.7701 time 4.38s
Epoch 14/15 3/48 loss: 0.7191 time 4.37s
Epoch 14/15 4/48 loss: 0.7117 time 4.37s
Epoch 14/15 5/48 loss: 0.7349 time 4.38s
Epoch 14/15 6/48 loss: 0.7285 time 4.37s
Epoch 14/15 7/48 loss: 0.7143 time 4.38s
Epoch 14/15 8/48 loss: 0.7102 time 4.37s
Epoch 14/15 9/48 loss: 0.6832 time 4.38s
Epoch 14/15 10/48 loss: 0.6862 time 4.38s
Epoch 14/15 11/48 loss: 0.6865 time 4.38s
Epoch 14/15 12/48 loss: 0.6763 time 4.38s
Epoch 14/15 13/48 loss: 0.6791 time 4.38s
Epoch 14/15 14/48 loss: 0.6886 time 4.38s
Epoch 14/15 15/48 loss: 0.6893 time 4.38s
Epoch 14/15 16/48 loss: 0.6903 time 4.38s
Epoch 14/15 17/48 loss: 0.6941 time 4.38s
Epoch 14/15 18/48 loss: 0.6881 time 4.39s
Epoch 14/15 19/48 loss: 0.6808 time 4.38s
Epoch 14/15 20/48 loss: 0.6833 time 4.37s
Epoch 14/15 21/48 loss: 0.6791 time 4.38s
Epoch 14/15 22/48 loss: 0.6763 time 4.38s
Epoch 14/15 23/48 loss: 0.6783 time 4.38s
Epoch 14/15 24/48 loss: 0.6733 time 4.38s
Epoch 14/15 25/48 loss: 0.6749 time 4.38s
Epoch 14/15 26/48 loss: 0.6736 time 4.39s
Epoch 14/15 27/48 loss: 0.6763 time 4.38s
Epoch 14/15 28/48 loss: 0.6699 time 4.39s
Epoch 14/15 29/48 loss: 0.6675 time 4.38s
Epoch 14/15 30/48 loss: 0.6649 time 4.38s
Epoch 14/15 31/48 loss: 0.6680 time 4.39s
Epoch 14/15 32/48 loss: 0.6673 time 4.38s
Epoch 14/15 33/48 loss: 0.6710 time 4.39s
Epoch 14/15 34/48 loss: 0.6730 time 4.38s
Epoch 14/15 35/48 loss: 0.6726 time 4.39s
Epoch 14/15 36/48 loss: 0.6744 time 4.38s
Epoch 14/15 37/48 loss: 0.6702 time 4.39s
Epoch 14/15 38/48 loss: 0.6640 time 4.38s
Epoch 14/15 39/48 loss: 0.6650 time 4.38s
Epoch 14/15 40/48 loss: 0.6655 time 4.38s
Epoch 14/15 41/48 loss: 0.6631 time 4.38s
Epoch 14/15 42/48 loss: 0.6691 time 4.38s
Epoch 14/15 43/48 loss: 0.6695 time 4.39s
Epoch 14/15 44/48 loss: 0.6641 time 4.38s
Epoch 14/15 45/48 loss: 0.6714 time 4.37s
Epoch 14/15 46/48 loss: 0.6761 time 4.38s
Epoch 14/15 47/48 loss: 0.6765 time 4.37s
Final training  14/14 loss: 0.6765 time 213.43s
Val 14/15 0/12 , dice_tc: 0.00014650082 , dice_wt: 0.770859 , dice_et: 0.0 , time 37.40s
Val 14/15 1/12 , dice_tc: 0.15772483 , dice_wt: 0.76906484 , dice_et: 0.0 , time 34.62s
Val 14/15 2/12 , dice_tc: 0.38074216 , dice_wt: 0.71722174 , dice_et: 0.0 , time 34.72s
Val 14/15 3/12 , dice_tc: 0.31576276 , dice_wt: 0.70606595 , dice_et: 0.0 , time 34.68s
Val 14/15 4/12 , dice_tc: 0.25790563 , dice_wt: 0.5927093 , dice_et: 0.0 , time 34.78s
Val 14/15 5/12 , dice_tc: 0.21492136 , dice_wt: 0.5962408 , dice_et: 0.0 , time 34.77s
Val 14/15 6/12 , dice_tc: 0.21492136 , dice_wt: 0.5594676 , dice_et: 0.0 , time 34.78s
Val 14/15 7/12 , dice_tc: 0.26456323 , dice_wt: 0.55912703 , dice_et: 0.0 , time 34.84s
Val 14/15 8/12 , dice_tc: 0.28758642 , dice_wt: 0.576118 , dice_et: 0.0 , time 34.81s
Val 14/15 9/12 , dice_tc: 0.30822062 , dice_wt: 0.57376796 , dice_et: 0.0 , time 34.83s
Val 14/15 10/12 , dice_tc: 0.3070013 , dice_wt: 0.59708494 , dice_et: 0.0 , time 34.80s
Val 14/15 11/12 , dice_tc: 0.29284522 , dice_wt: 0.6086679 , dice_et: 0.0 , time 34.73s
Final validation stats 14/14 , dice_tc: 0.29284522 , dice_wt: 0.6086679 , dice_et: 0.0 , Dice_Avg: 0.30050436 , time 419.83s
new best (0.236210 --> 0.300504). 
Saving checkpoint /tmp/tmp9hov5uhx/model.pt
Training Finished !, Best Accuracy:  0.30050436
Traceback (most recent call last):
  File "ssa_swin_model.py", line 404, in <module>
    #save the model for evaluation
  File "/home/guest185/hackathon_38/lib/python3.8/site-packages/torch/nn/modules/module.py", line 1269, in __getattr__
    raise AttributeError("'{}' object has no attribute '{}'".format(
AttributeError: 'SwinUNETR' object has no attribute 'dict'
