None

       optimizer = torch.optim.Adadelta(model.parameters(), lr=0.97, rho=0.9, eps=1e-6, weight_decay=1e-5)
        scheduler = torch.optim.lr_scheduler.StepLR(optimizer, step_size=1, gamma=0.97)

        max_epoch = 120
        validation = 40

    
MONAI version: 1.2.0rc7+9.g84940298
Numpy version: 1.24.2
Pytorch version: 1.13.1
MONAI flags: HAS_EXT = False, USE_COMPILED = False, USE_META_DICT = False
MONAI rev id: 84940298bff9ff1f54845eb8ae7422c0092c09c1
MONAI __file__: /home/guest185/hackathon_38/lib/python3.8/site-packages/monai/__init__.py

Optional dependencies:
Pytorch Ignite version: 0.4.2
ITK version: NOT INSTALLED or UNKNOWN VERSION.
Nibabel version: 5.1.0
scikit-image version: 0.19.3
Pillow version: 9.5.0
Tensorboard version: 2.13.0
gdown version: 4.7.1
TorchVision version: 0.14.1
tqdm version: 4.65.0
lmdb version: 1.2.1
psutil version: 5.9.4
pandas version: 1.5.3
einops version: 0.6.1
transformers version: 4.21.3
mlflow version: NOT INSTALLED or UNKNOWN VERSION.
pynrrd version: 1.0.0

For details about installing the optional dependencies, please visit:
    https://docs.monai.io/en/latest/installation.html#installing-the-recommended-dependencies

/tmp/tmpqzs5561t
image shape: (240, 240, 155), label shape: (240, 240, 155)
Sat Aug 12 06:56:35 2023 Epoch: 0
In the future `np.bool` will be defined as the corresponding NumPy scalar.
In the future `np.bool` will be defined as the corresponding NumPy scalar.
In the future `np.bool` will be defined as the corresponding NumPy scalar.
In the future `np.bool` will be defined as the corresponding NumPy scalar.
monai.transforms.io.dictionary LoadImaged.__init__:image_only: Current default value of argument `image_only=False` has been deprecated since version 1.1. It will be changed to `image_only=True` in version 1.3.
In the future `np.bool` will be defined as the corresponding NumPy scalar.
In the future `np.bool` will be defined as the corresponding NumPy scalar.
Epoch 0/120 0/48 loss: 0.8462 time 26.78s
Epoch 0/120 1/48 loss: 0.8982 time 4.25s
Epoch 0/120 2/48 loss: 0.9271 time 4.52s
Epoch 0/120 3/48 loss: 0.9358 time 4.13s
Epoch 0/120 4/48 loss: 0.9317 time 4.13s
Epoch 0/120 5/48 loss: 0.9335 time 4.14s
Epoch 0/120 6/48 loss: 0.9368 time 4.14s
Epoch 0/120 7/48 loss: 0.9363 time 4.15s
Epoch 0/120 8/48 loss: 0.9378 time 4.15s
Epoch 0/120 9/48 loss: 0.9402 time 4.16s
Epoch 0/120 10/48 loss: 0.9359 time 4.16s
Epoch 0/120 11/48 loss: 0.9388 time 4.17s
Epoch 0/120 12/48 loss: 0.9398 time 4.17s
Epoch 0/120 13/48 loss: 0.9392 time 4.16s
Epoch 0/120 14/48 loss: 0.9402 time 4.17s
Epoch 0/120 15/48 loss: 0.9361 time 4.18s
Epoch 0/120 16/48 loss: 0.9332 time 4.19s
Epoch 0/120 17/48 loss: 0.9286 time 4.20s
Epoch 0/120 18/48 loss: 0.9256 time 4.19s
Epoch 0/120 19/48 loss: 0.9288 time 4.19s
Epoch 0/120 20/48 loss: 0.9313 time 4.19s
Epoch 0/120 21/48 loss: 0.9319 time 4.19s
Epoch 0/120 22/48 loss: 0.9288 time 4.20s
Epoch 0/120 23/48 loss: 0.9238 time 4.20s
Epoch 0/120 24/48 loss: 0.9234 time 4.21s
Epoch 0/120 25/48 loss: 0.9209 time 4.20s
Epoch 0/120 26/48 loss: 0.9238 time 4.21s
Epoch 0/120 27/48 loss: 0.9227 time 4.22s
Epoch 0/120 28/48 loss: 0.9190 time 4.22s
Epoch 0/120 29/48 loss: 0.9206 time 4.21s
Epoch 0/120 30/48 loss: 0.9193 time 4.22s
Epoch 0/120 31/48 loss: 0.9178 time 4.22s
Epoch 0/120 32/48 loss: 0.9160 time 4.22s
Epoch 0/120 33/48 loss: 0.9179 time 4.22s
Epoch 0/120 34/48 loss: 0.9170 time 4.22s
Epoch 0/120 35/48 loss: 0.9147 time 4.23s
Epoch 0/120 36/48 loss: 0.9117 time 4.23s
Epoch 0/120 37/48 loss: 0.9127 time 4.23s
Epoch 0/120 38/48 loss: 0.9118 time 4.23s
Epoch 0/120 39/48 loss: 0.9128 time 4.23s
Epoch 0/120 40/48 loss: 0.9103 time 4.24s
Epoch 0/120 41/48 loss: 0.9110 time 4.23s
Epoch 0/120 42/48 loss: 0.9096 time 4.24s
Epoch 0/120 43/48 loss: 0.9097 time 4.24s
Epoch 0/120 44/48 loss: 0.9088 time 4.24s
Epoch 0/120 45/48 loss: 0.9099 time 4.23s
Epoch 0/120 46/48 loss: 0.9110 time 4.23s
Epoch 0/120 47/48 loss: 0.9099 time 4.24s
Final training  0/119 loss: 0.9099 time 224.63s
Val 0/120 0/12 , dice_tc: 0.080135226 , dice_wt: 0.41217637 , dice_et: 0.014431305 , time 46.08s
Val 0/120 1/12 , dice_tc: 0.066786 , dice_wt: 0.37253785 , dice_et: 0.008511749 , time 32.96s
Val 0/120 2/12 , dice_tc: 0.109929405 , dice_wt: 0.3984518 , dice_et: 0.0093317 , time 33.06s
Val 0/120 3/12 , dice_tc: 0.09472936 , dice_wt: 0.40056953 , dice_et: 0.008486118 , time 33.04s
Val 0/120 4/12 , dice_tc: 0.07884149 , dice_wt: 0.32878622 , dice_et: 0.0068748645 , time 33.09s
Val 0/120 5/12 , dice_tc: 0.06623684 , dice_wt: 0.28313673 , dice_et: 0.0057461797 , time 33.11s
Val 0/120 6/12 , dice_tc: 0.058480386 , dice_wt: 0.2483512 , dice_et: 0.0049946457 , time 33.11s
Val 0/120 7/12 , dice_tc: 0.07881333 , dice_wt: 0.25790167 , dice_et: 0.0059741675 , time 33.13s
Val 0/120 8/12 , dice_tc: 0.08237524 , dice_wt: 0.26807746 , dice_et: 0.00682377 , time 33.12s
Val 0/120 9/12 , dice_tc: 0.09294856 , dice_wt: 0.27987772 , dice_et: 0.0075466544 , time 33.14s
Val 0/120 10/12 , dice_tc: 0.09139555 , dice_wt: 0.28025147 , dice_et: 0.007625125 , time 33.13s
Val 0/120 11/12 , dice_tc: 0.08525305 , dice_wt: 0.26582986 , dice_et: 0.007055849 , time 33.10s
Final validation stats 0/119 , dice_tc: 0.08525305 , dice_wt: 0.26582986 , dice_et: 0.007055849 , Dice_Avg: 0.11937959 , time 410.16s
new best (0.000000 --> 0.119380). 
Saving checkpoint /tmp/tmpqzs5561t/model.pt
Sat Aug 12 07:07:10 2023 Epoch: 1
None of the inputs have requires_grad=True. Gradients will be None
Epoch 1/120 0/48 loss: 0.8549 time 7.36s
Epoch 1/120 1/48 loss: 0.8150 time 4.26s
Epoch 1/120 2/48 loss: 0.8214 time 4.25s
Epoch 1/120 3/48 loss: 0.8412 time 4.25s
Epoch 1/120 4/48 loss: 0.8728 time 4.25s
Epoch 1/120 5/48 loss: 0.8755 time 4.25s
Epoch 1/120 6/48 loss: 0.8665 time 4.26s
Epoch 1/120 7/48 loss: 0.8661 time 4.26s
Epoch 1/120 8/48 loss: 0.8629 time 4.26s
Epoch 1/120 9/48 loss: 0.8674 time 4.26s
Epoch 1/120 10/48 loss: 0.8679 time 4.25s
Epoch 1/120 11/48 loss: 0.8736 time 4.25s
Epoch 1/120 12/48 loss: 0.8766 time 4.25s
Epoch 1/120 13/48 loss: 0.8737 time 4.25s
Epoch 1/120 14/48 loss: 0.8722 time 4.25s
Epoch 1/120 15/48 loss: 0.8697 time 4.25s
Epoch 1/120 16/48 loss: 0.8681 time 4.26s
Epoch 1/120 17/48 loss: 0.8712 time 4.26s
Epoch 1/120 18/48 loss: 0.8749 time 4.25s
Epoch 1/120 19/48 loss: 0.8791 time 4.25s
Epoch 1/120 20/48 loss: 0.8781 time 4.25s
Epoch 1/120 21/48 loss: 0.8802 time 4.26s
Epoch 1/120 22/48 loss: 0.8829 time 4.25s
Epoch 1/120 23/48 loss: 0.8849 time 4.25s
Epoch 1/120 24/48 loss: 0.8868 time 4.26s
Epoch 1/120 25/48 loss: 0.8851 time 4.26s
Epoch 1/120 26/48 loss: 0.8837 time 4.26s
Epoch 1/120 27/48 loss: 0.8859 time 4.26s
Epoch 1/120 28/48 loss: 0.8873 time 4.25s
Epoch 1/120 29/48 loss: 0.8902 time 4.25s
Epoch 1/120 30/48 loss: 0.8922 time 4.25s
Epoch 1/120 31/48 loss: 0.8894 time 4.25s
Epoch 1/120 32/48 loss: 0.8890 time 4.25s
Epoch 1/120 33/48 loss: 0.8916 time 4.27s
Epoch 1/120 34/48 loss: 0.8901 time 4.25s
Epoch 1/120 35/48 loss: 0.8917 time 4.25s
Epoch 1/120 36/48 loss: 0.8922 time 4.26s
Epoch 1/120 37/48 loss: 0.8893 time 4.25s
Epoch 1/120 38/48 loss: 0.8910 time 4.25s
Epoch 1/120 39/48 loss: 0.8897 time 4.25s
Epoch 1/120 40/48 loss: 0.8904 time 4.26s
Epoch 1/120 41/48 loss: 0.8896 time 4.25s
Epoch 1/120 42/48 loss: 0.8865 time 4.25s
Epoch 1/120 43/48 loss: 0.8839 time 4.25s
Epoch 1/120 44/48 loss: 0.8843 time 4.25s
Epoch 1/120 45/48 loss: 0.8825 time 4.26s
Epoch 1/120 46/48 loss: 0.8797 time 4.26s
Epoch 1/120 47/48 loss: 0.8818 time 4.26s
Final training  1/119 loss: 0.8818 time 207.45s
Sat Aug 12 07:10:37 2023 Epoch: 2
Epoch 2/120 0/48 loss: 0.8309 time 7.47s
Epoch 2/120 1/48 loss: 0.8677 time 4.25s
Epoch 2/120 2/48 loss: 0.8556 time 4.25s
Epoch 2/120 3/48 loss: 0.8470 time 4.25s
Epoch 2/120 4/48 loss: 0.8664 time 4.25s
Epoch 2/120 5/48 loss: 0.8578 time 4.25s
Epoch 2/120 6/48 loss: 0.8534 time 4.26s
Epoch 2/120 7/48 loss: 0.8590 time 4.25s
Epoch 2/120 8/48 loss: 0.8507 time 4.26s
Epoch 2/120 9/48 loss: 0.8495 time 4.26s
Epoch 2/120 10/48 loss: 0.8479 time 4.25s
Epoch 2/120 11/48 loss: 0.8552 time 4.25s
Epoch 2/120 12/48 loss: 0.8487 time 4.25s
Epoch 2/120 13/48 loss: 0.8536 time 4.25s
Epoch 2/120 14/48 loss: 0.8596 time 4.25s
Epoch 2/120 15/48 loss: 0.8637 time 4.25s
Epoch 2/120 16/48 loss: 0.8630 time 4.25s
Epoch 2/120 17/48 loss: 0.8680 time 4.25s
Epoch 2/120 18/48 loss: 0.8686 time 4.25s
Epoch 2/120 19/48 loss: 0.8644 time 4.26s
Epoch 2/120 20/48 loss: 0.8619 time 4.25s
Epoch 2/120 21/48 loss: 0.8648 time 4.26s
Epoch 2/120 22/48 loss: 0.8666 time 4.26s
Epoch 2/120 23/48 loss: 0.8623 time 4.26s
Epoch 2/120 24/48 loss: 0.8622 time 4.26s
Epoch 2/120 25/48 loss: 0.8637 time 4.25s
Epoch 2/120 26/48 loss: 0.8687 time 4.25s
Epoch 2/120 27/48 loss: 0.8704 time 4.25s
Epoch 2/120 28/48 loss: 0.8741 time 4.25s
Epoch 2/120 29/48 loss: 0.8767 time 4.25s
Epoch 2/120 30/48 loss: 0.8748 time 4.25s
Epoch 2/120 31/48 loss: 0.8737 time 4.25s
Epoch 2/120 32/48 loss: 0.8696 time 4.25s
Epoch 2/120 33/48 loss: 0.8690 time 4.25s
Epoch 2/120 34/48 loss: 0.8689 time 4.26s
Epoch 2/120 35/48 loss: 0.8666 time 4.27s
Epoch 2/120 36/48 loss: 0.8672 time 4.26s
Epoch 2/120 37/48 loss: 0.8656 time 4.26s
Epoch 2/120 38/48 loss: 0.8623 time 4.26s
Epoch 2/120 39/48 loss: 0.8644 time 4.25s
Epoch 2/120 40/48 loss: 0.8670 time 4.26s
Epoch 2/120 41/48 loss: 0.8685 time 4.25s
Epoch 2/120 42/48 loss: 0.8652 time 4.25s
Epoch 2/120 43/48 loss: 0.8665 time 4.25s
Epoch 2/120 44/48 loss: 0.8655 time 4.25s
Epoch 2/120 45/48 loss: 0.8678 time 4.25s
Epoch 2/120 46/48 loss: 0.8670 time 4.25s
Epoch 2/120 47/48 loss: 0.8678 time 4.26s
Final training  2/119 loss: 0.8678 time 207.51s
Sat Aug 12 07:14:05 2023 Epoch: 3
Epoch 3/120 0/48 loss: 0.9511 time 6.86s
Epoch 3/120 1/48 loss: 0.9415 time 4.25s
Epoch 3/120 2/48 loss: 0.8988 time 4.26s
Epoch 3/120 3/48 loss: 0.8558 time 4.25s
Epoch 3/120 4/48 loss: 0.8844 time 4.25s
Epoch 3/120 5/48 loss: 0.8849 time 4.26s
Epoch 3/120 6/48 loss: 0.8901 time 4.26s
Epoch 3/120 7/48 loss: 0.8832 time 4.25s
Epoch 3/120 8/48 loss: 0.8825 time 4.26s
Epoch 3/120 9/48 loss: 0.8663 time 4.25s
Epoch 3/120 10/48 loss: 0.8685 time 4.25s
Epoch 3/120 11/48 loss: 0.8751 time 4.25s
Epoch 3/120 12/48 loss: 0.8708 time 4.26s
Epoch 3/120 13/48 loss: 0.8657 time 4.26s
Epoch 3/120 14/48 loss: 0.8700 time 4.25s
Epoch 3/120 15/48 loss: 0.8747 time 4.25s
Epoch 3/120 16/48 loss: 0.8804 time 4.26s
Epoch 3/120 17/48 loss: 0.8733 time 4.25s
Epoch 3/120 18/48 loss: 0.8752 time 4.25s
Epoch 3/120 19/48 loss: 0.8766 time 4.26s
Epoch 3/120 20/48 loss: 0.8782 time 4.25s
Epoch 3/120 21/48 loss: 0.8735 time 4.26s
Epoch 3/120 22/48 loss: 0.8712 time 4.25s
Epoch 3/120 23/48 loss: 0.8740 time 4.25s
Epoch 3/120 24/48 loss: 0.8680 time 4.25s
Epoch 3/120 25/48 loss: 0.8654 time 4.25s
Epoch 3/120 26/48 loss: 0.8633 time 4.25s
Epoch 3/120 27/48 loss: 0.8609 time 4.25s
Epoch 3/120 28/48 loss: 0.8590 time 4.25s
Epoch 3/120 29/48 loss: 0.8579 time 4.25s
Epoch 3/120 30/48 loss: 0.8563 time 4.25s
Epoch 3/120 31/48 loss: 0.8549 time 4.25s
Epoch 3/120 32/48 loss: 0.8574 time 4.25s
Epoch 3/120 33/48 loss: 0.8570 time 4.25s
Epoch 3/120 34/48 loss: 0.8556 time 4.25s
Epoch 3/120 35/48 loss: 0.8566 time 4.25s
Epoch 3/120 36/48 loss: 0.8582 time 4.26s
Epoch 3/120 37/48 loss: 0.8556 time 4.26s
Epoch 3/120 38/48 loss: 0.8586 time 4.25s
Epoch 3/120 39/48 loss: 0.8581 time 4.26s
Epoch 3/120 40/48 loss: 0.8595 time 4.25s
Epoch 3/120 41/48 loss: 0.8573 time 4.25s
Epoch 3/120 42/48 loss: 0.8584 time 4.25s
Epoch 3/120 43/48 loss: 0.8592 time 4.25s
Epoch 3/120 44/48 loss: 0.8587 time 4.25s
Epoch 3/120 45/48 loss: 0.8566 time 4.25s
Epoch 3/120 46/48 loss: 0.8566 time 4.25s
Epoch 3/120 47/48 loss: 0.8589 time 4.25s
Final training  3/119 loss: 0.8589 time 206.91s
Sat Aug 12 07:17:32 2023 Epoch: 4
Epoch 4/120 0/48 loss: 0.9368 time 7.08s
Epoch 4/120 1/48 loss: 0.8275 time 4.25s
Epoch 4/120 2/48 loss: 0.8601 time 4.25s
Epoch 4/120 3/48 loss: 0.8429 time 4.25s
Epoch 4/120 4/48 loss: 0.8556 time 4.26s
Epoch 4/120 5/48 loss: 0.8655 time 4.26s
Epoch 4/120 6/48 loss: 0.8683 time 4.26s
Epoch 4/120 7/48 loss: 0.8710 time 4.25s
Epoch 4/120 8/48 loss: 0.8634 time 4.25s
Epoch 4/120 9/48 loss: 0.8507 time 4.25s
Epoch 4/120 10/48 loss: 0.8541 time 4.25s
Epoch 4/120 11/48 loss: 0.8617 time 4.25s
Epoch 4/120 12/48 loss: 0.8568 time 4.25s
Epoch 4/120 13/48 loss: 0.8486 time 4.25s
Epoch 4/120 14/48 loss: 0.8467 time 4.25s
Epoch 4/120 15/48 loss: 0.8450 time 4.25s
Epoch 4/120 16/48 loss: 0.8460 time 4.25s
Epoch 4/120 17/48 loss: 0.8433 time 4.26s
Epoch 4/120 18/48 loss: 0.8390 time 4.25s
Epoch 4/120 19/48 loss: 0.8363 time 4.26s
Epoch 4/120 20/48 loss: 0.8330 time 4.26s
Epoch 4/120 21/48 loss: 0.8382 time 4.26s
Epoch 4/120 22/48 loss: 0.8364 time 4.26s
Epoch 4/120 23/48 loss: 0.8347 time 4.25s
Epoch 4/120 24/48 loss: 0.8354 time 4.25s
Epoch 4/120 25/48 loss: 0.8377 time 4.25s
Epoch 4/120 26/48 loss: 0.8412 time 4.25s
Epoch 4/120 27/48 loss: 0.8398 time 4.25s
Epoch 4/120 28/48 loss: 0.8413 time 4.26s
Epoch 4/120 29/48 loss: 0.8446 time 4.25s
Epoch 4/120 30/48 loss: 0.8471 time 4.25s
Epoch 4/120 31/48 loss: 0.8465 time 4.26s
Epoch 4/120 32/48 loss: 0.8481 time 4.25s
Epoch 4/120 33/48 loss: 0.8500 time 4.25s
Epoch 4/120 34/48 loss: 0.8494 time 4.26s
Epoch 4/120 35/48 loss: 0.8536 time 4.25s
Epoch 4/120 36/48 loss: 0.8567 time 4.26s
Epoch 4/120 37/48 loss: 0.8525 time 4.26s
Epoch 4/120 38/48 loss: 0.8531 time 4.25s
Epoch 4/120 39/48 loss: 0.8561 time 4.25s
Epoch 4/120 40/48 loss: 0.8550 time 4.25s
Epoch 4/120 41/48 loss: 0.8538 time 4.25s
Epoch 4/120 42/48 loss: 0.8503 time 4.25s
Epoch 4/120 43/48 loss: 0.8500 time 4.25s
Epoch 4/120 44/48 loss: 0.8526 time 4.27s
Epoch 4/120 45/48 loss: 0.8538 time 4.25s
Epoch 4/120 46/48 loss: 0.8516 time 4.25s
Epoch 4/120 47/48 loss: 0.8502 time 4.25s
Final training  4/119 loss: 0.8502 time 207.13s
Sat Aug 12 07:20:59 2023 Epoch: 5
Epoch 5/120 0/48 loss: 0.7915 time 7.33s
Epoch 5/120 1/48 loss: 0.8386 time 4.25s
Epoch 5/120 2/48 loss: 0.8728 time 4.24s
Epoch 5/120 3/48 loss: 0.8817 time 4.25s
Epoch 5/120 4/48 loss: 0.8607 time 4.25s
Epoch 5/120 5/48 loss: 0.8630 time 4.26s
Epoch 5/120 6/48 loss: 0.8476 time 4.25s
Epoch 5/120 7/48 loss: 0.8518 time 4.25s
Epoch 5/120 8/48 loss: 0.8377 time 4.25s
Epoch 5/120 9/48 loss: 0.8329 time 4.25s
Epoch 5/120 10/48 loss: 0.8299 time 4.26s
Epoch 5/120 11/48 loss: 0.8294 time 4.25s
Epoch 5/120 12/48 loss: 0.8369 time 4.25s
Epoch 5/120 13/48 loss: 0.8362 time 4.26s
Epoch 5/120 14/48 loss: 0.8326 time 4.25s
Epoch 5/120 15/48 loss: 0.8301 time 4.25s
Epoch 5/120 16/48 loss: 0.8340 time 4.25s
Epoch 5/120 17/48 loss: 0.8347 time 4.25s
Epoch 5/120 18/48 loss: 0.8416 time 4.26s
Epoch 5/120 19/48 loss: 0.8442 time 4.25s
Epoch 5/120 20/48 loss: 0.8419 time 4.26s
Epoch 5/120 21/48 loss: 0.8426 time 4.25s
Epoch 5/120 22/48 loss: 0.8467 time 4.25s
Epoch 5/120 23/48 loss: 0.8485 time 4.25s
Epoch 5/120 24/48 loss: 0.8471 time 4.25s
Epoch 5/120 25/48 loss: 0.8456 time 4.25s
Epoch 5/120 26/48 loss: 0.8491 time 4.25s
Epoch 5/120 27/48 loss: 0.8521 time 4.25s
Epoch 5/120 28/48 loss: 0.8502 time 4.25s
Epoch 5/120 29/48 loss: 0.8478 time 4.25s
Epoch 5/120 30/48 loss: 0.8518 time 4.25s
Epoch 5/120 31/48 loss: 0.8472 time 4.25s
Epoch 5/120 32/48 loss: 0.8480 time 4.25s
Epoch 5/120 33/48 loss: 0.8515 time 4.26s
Epoch 5/120 34/48 loss: 0.8524 time 4.25s
Epoch 5/120 35/48 loss: 0.8494 time 4.26s
Epoch 5/120 36/48 loss: 0.8510 time 4.25s
Epoch 5/120 37/48 loss: 0.8527 time 4.25s
Epoch 5/120 38/48 loss: 0.8503 time 4.25s
Epoch 5/120 39/48 loss: 0.8488 time 4.26s
Epoch 5/120 40/48 loss: 0.8524 time 4.26s
Epoch 5/120 41/48 loss: 0.8537 time 4.26s
Epoch 5/120 42/48 loss: 0.8531 time 4.25s
Epoch 5/120 43/48 loss: 0.8503 time 4.25s
Epoch 5/120 44/48 loss: 0.8518 time 4.25s
Epoch 5/120 45/48 loss: 0.8484 time 4.25s
Epoch 5/120 46/48 loss: 0.8449 time 4.25s
Epoch 5/120 47/48 loss: 0.8436 time 4.25s
Final training  5/119 loss: 0.8436 time 207.32s
Sat Aug 12 07:24:26 2023 Epoch: 6
Epoch 6/120 0/48 loss: 0.9306 time 7.61s
Epoch 6/120 1/48 loss: 0.9491 time 4.24s
Epoch 6/120 2/48 loss: 0.9294 time 4.25s
Epoch 6/120 3/48 loss: 0.8980 time 4.25s
Epoch 6/120 4/48 loss: 0.8566 time 4.25s
Epoch 6/120 5/48 loss: 0.8345 time 4.25s
Epoch 6/120 6/48 loss: 0.8338 time 4.25s
Epoch 6/120 7/48 loss: 0.8469 time 4.25s
Epoch 6/120 8/48 loss: 0.8399 time 4.26s
Epoch 6/120 9/48 loss: 0.8338 time 4.26s
Epoch 6/120 10/48 loss: 0.8196 time 4.25s
Epoch 6/120 11/48 loss: 0.8257 time 4.25s
Epoch 6/120 12/48 loss: 0.8228 time 4.25s
Epoch 6/120 13/48 loss: 0.8207 time 4.25s
Epoch 6/120 14/48 loss: 0.8286 time 4.25s
Epoch 6/120 15/48 loss: 0.8332 time 4.25s
Epoch 6/120 16/48 loss: 0.8276 time 4.26s
Epoch 6/120 17/48 loss: 0.8269 time 4.26s
Epoch 6/120 18/48 loss: 0.8309 time 4.26s
Epoch 6/120 19/48 loss: 0.8302 time 4.25s
Epoch 6/120 20/48 loss: 0.8287 time 4.26s
Epoch 6/120 21/48 loss: 0.8326 time 4.25s
Epoch 6/120 22/48 loss: 0.8399 time 4.25s
Epoch 6/120 23/48 loss: 0.8414 time 4.26s
Epoch 6/120 24/48 loss: 0.8450 time 4.25s
Epoch 6/120 25/48 loss: 0.8392 time 4.25s
Epoch 6/120 26/48 loss: 0.8373 time 4.25s
Epoch 6/120 27/48 loss: 0.8403 time 4.25s
Epoch 6/120 28/48 loss: 0.8428 time 4.25s
Epoch 6/120 29/48 loss: 0.8468 time 4.25s
Epoch 6/120 30/48 loss: 0.8487 time 4.25s
Epoch 6/120 31/48 loss: 0.8466 time 4.25s
Epoch 6/120 32/48 loss: 0.8468 time 4.25s
Epoch 6/120 33/48 loss: 0.8447 time 4.26s
Epoch 6/120 34/48 loss: 0.8426 time 4.26s
Epoch 6/120 35/48 loss: 0.8462 time 4.26s
Epoch 6/120 36/48 loss: 0.8442 time 4.26s
Epoch 6/120 37/48 loss: 0.8450 time 4.25s
Epoch 6/120 38/48 loss: 0.8457 time 4.25s
Epoch 6/120 39/48 loss: 0.8438 time 4.25s
Epoch 6/120 40/48 loss: 0.8413 time 4.25s
Epoch 6/120 41/48 loss: 0.8423 time 4.25s
Epoch 6/120 42/48 loss: 0.8429 time 4.25s
Epoch 6/120 43/48 loss: 0.8434 time 4.25s
Epoch 6/120 44/48 loss: 0.8405 time 4.25s
Epoch 6/120 45/48 loss: 0.8384 time 4.25s
Epoch 6/120 46/48 loss: 0.8369 time 4.27s
Epoch 6/120 47/48 loss: 0.8369 time 4.25s
Final training  6/119 loss: 0.8369 time 207.59s
Sat Aug 12 07:27:54 2023 Epoch: 7
Epoch 7/120 0/48 loss: 0.7992 time 7.05s
Epoch 7/120 1/48 loss: 0.7420 time 4.24s
Epoch 7/120 2/48 loss: 0.7512 time 4.26s
Epoch 7/120 3/48 loss: 0.7941 time 4.25s
Epoch 7/120 4/48 loss: 0.8226 time 4.25s
Epoch 7/120 5/48 loss: 0.8158 time 4.25s
Epoch 7/120 6/48 loss: 0.8330 time 4.25s
Epoch 7/120 7/48 loss: 0.8455 time 4.25s
Epoch 7/120 8/48 loss: 0.8328 time 4.25s
Epoch 7/120 9/48 loss: 0.8307 time 4.26s
Epoch 7/120 10/48 loss: 0.8430 time 4.25s
Epoch 7/120 11/48 loss: 0.8418 time 4.26s
Epoch 7/120 12/48 loss: 0.8338 time 4.25s
Epoch 7/120 13/48 loss: 0.8394 time 4.25s
Epoch 7/120 14/48 loss: 0.8436 time 4.25s
Epoch 7/120 15/48 loss: 0.8447 time 4.25s
Epoch 7/120 16/48 loss: 0.8425 time 4.26s
Epoch 7/120 17/48 loss: 0.8381 time 4.26s
Epoch 7/120 18/48 loss: 0.8350 time 4.26s
Epoch 7/120 19/48 loss: 0.8291 time 4.26s
Epoch 7/120 20/48 loss: 0.8311 time 4.25s
Epoch 7/120 21/48 loss: 0.8280 time 4.25s
Epoch 7/120 22/48 loss: 0.8341 time 4.25s
Epoch 7/120 23/48 loss: 0.8321 time 4.26s
Epoch 7/120 24/48 loss: 0.8326 time 4.25s
Epoch 7/120 25/48 loss: 0.8351 time 4.25s
Epoch 7/120 26/48 loss: 0.8296 time 4.25s
Epoch 7/120 27/48 loss: 0.8261 time 4.25s
Epoch 7/120 28/48 loss: 0.8275 time 4.25s
Epoch 7/120 29/48 loss: 0.8292 time 4.25s
Epoch 7/120 30/48 loss: 0.8241 time 4.25s
Epoch 7/120 31/48 loss: 0.8264 time 4.25s
Epoch 7/120 32/48 loss: 0.8258 time 4.26s
Epoch 7/120 33/48 loss: 0.8308 time 4.25s
Epoch 7/120 34/48 loss: 0.8292 time 4.26s
Epoch 7/120 35/48 loss: 0.8319 time 4.25s
Epoch 7/120 36/48 loss: 0.8333 time 4.25s
Epoch 7/120 37/48 loss: 0.8315 time 4.25s
Epoch 7/120 38/48 loss: 0.8300 time 4.25s
Epoch 7/120 39/48 loss: 0.8332 time 4.25s
Epoch 7/120 40/48 loss: 0.8332 time 4.25s
Epoch 7/120 41/48 loss: 0.8342 time 4.26s
Epoch 7/120 42/48 loss: 0.8348 time 4.25s
Epoch 7/120 43/48 loss: 0.8333 time 4.25s
Epoch 7/120 44/48 loss: 0.8322 time 4.25s
Epoch 7/120 45/48 loss: 0.8339 time 4.25s
Epoch 7/120 46/48 loss: 0.8314 time 4.25s
Epoch 7/120 47/48 loss: 0.8325 time 4.25s
Final training  7/119 loss: 0.8325 time 207.04s
Sat Aug 12 07:31:21 2023 Epoch: 8
Epoch 8/120 0/48 loss: 0.9316 time 6.95s
Epoch 8/120 1/48 loss: 0.9001 time 4.25s
Epoch 8/120 2/48 loss: 0.8686 time 4.25s
Epoch 8/120 3/48 loss: 0.9011 time 4.25s
Epoch 8/120 4/48 loss: 0.9147 time 4.26s
Epoch 8/120 5/48 loss: 0.8928 time 4.25s
Epoch 8/120 6/48 loss: 0.8953 time 4.25s
Epoch 8/120 7/48 loss: 0.8807 time 4.25s
Epoch 8/120 8/48 loss: 0.8690 time 4.25s
Epoch 8/120 9/48 loss: 0.8589 time 4.25s
Epoch 8/120 10/48 loss: 0.8597 time 4.26s
Epoch 8/120 11/48 loss: 0.8487 time 4.25s
Epoch 8/120 12/48 loss: 0.8503 time 4.25s
Epoch 8/120 13/48 loss: 0.8557 time 4.25s
Epoch 8/120 14/48 loss: 0.8442 time 4.26s
Epoch 8/120 15/48 loss: 0.8395 time 4.26s
Epoch 8/120 16/48 loss: 0.8410 time 4.25s
Epoch 8/120 17/48 loss: 0.8387 time 4.25s
Epoch 8/120 18/48 loss: 0.8419 time 4.26s
Epoch 8/120 19/48 loss: 0.8435 time 4.25s
Epoch 8/120 20/48 loss: 0.8477 time 4.25s
Epoch 8/120 21/48 loss: 0.8436 time 4.25s
Epoch 8/120 22/48 loss: 0.8436 time 4.25s
Epoch 8/120 23/48 loss: 0.8398 time 4.25s
Epoch 8/120 24/48 loss: 0.8431 time 4.25s
Epoch 8/120 25/48 loss: 0.8374 time 4.25s
Epoch 8/120 26/48 loss: 0.8370 time 4.25s
Epoch 8/120 27/48 loss: 0.8390 time 4.25s
Epoch 8/120 28/48 loss: 0.8360 time 4.25s
Epoch 8/120 29/48 loss: 0.8379 time 4.25s
Epoch 8/120 30/48 loss: 0.8354 time 4.26s
Epoch 8/120 31/48 loss: 0.8335 time 4.25s
Epoch 8/120 32/48 loss: 0.8329 time 4.26s
Epoch 8/120 33/48 loss: 0.8311 time 4.25s
Epoch 8/120 34/48 loss: 0.8349 time 4.25s
Epoch 8/120 35/48 loss: 0.8301 time 4.25s
Epoch 8/120 36/48 loss: 0.8322 time 4.25s
Epoch 8/120 37/48 loss: 0.8328 time 4.25s
Epoch 8/120 38/48 loss: 0.8317 time 4.25s
Epoch 8/120 39/48 loss: 0.8287 time 4.25s
Epoch 8/120 40/48 loss: 0.8308 time 4.26s
Epoch 8/120 41/48 loss: 0.8271 time 4.26s
Epoch 8/120 42/48 loss: 0.8257 time 4.26s
Epoch 8/120 43/48 loss: 0.8269 time 4.25s
Epoch 8/120 44/48 loss: 0.8298 time 4.25s
Epoch 8/120 45/48 loss: 0.8275 time 4.25s
Epoch 8/120 46/48 loss: 0.8254 time 4.26s
Epoch 8/120 47/48 loss: 0.8265 time 4.25s
Final training  8/119 loss: 0.8265 time 206.96s
Sat Aug 12 07:34:48 2023 Epoch: 9
Epoch 9/120 0/48 loss: 0.8729 time 7.52s
Epoch 9/120 1/48 loss: 0.9007 time 4.24s
Epoch 9/120 2/48 loss: 0.8529 time 4.25s
Epoch 9/120 3/48 loss: 0.8663 time 4.25s
Epoch 9/120 4/48 loss: 0.8323 time 4.25s
Epoch 9/120 5/48 loss: 0.8214 time 4.25s
Epoch 9/120 6/48 loss: 0.8317 time 4.25s
Epoch 9/120 7/48 loss: 0.8108 time 4.25s
Epoch 9/120 8/48 loss: 0.8007 time 4.25s
Epoch 9/120 9/48 loss: 0.8170 time 4.25s
Epoch 9/120 10/48 loss: 0.8205 time 4.25s
Epoch 9/120 11/48 loss: 0.8297 time 4.25s
Epoch 9/120 12/48 loss: 0.8244 time 4.25s
Epoch 9/120 13/48 loss: 0.8194 time 4.25s
Epoch 9/120 14/48 loss: 0.8263 time 4.26s
Epoch 9/120 15/48 loss: 0.8251 time 4.26s
Epoch 9/120 16/48 loss: 0.8234 time 4.25s
Epoch 9/120 17/48 loss: 0.8177 time 4.25s
Epoch 9/120 18/48 loss: 0.8147 time 4.25s
Epoch 9/120 19/48 loss: 0.8172 time 4.25s
Epoch 9/120 20/48 loss: 0.8156 time 4.25s
Epoch 9/120 21/48 loss: 0.8177 time 4.25s
Epoch 9/120 22/48 loss: 0.8137 time 4.25s
Epoch 9/120 23/48 loss: 0.8115 time 4.25s
Epoch 9/120 24/48 loss: 0.8096 time 4.25s
Epoch 9/120 25/48 loss: 0.8074 time 4.25s
Epoch 9/120 26/48 loss: 0.8086 time 4.25s
Epoch 9/120 27/48 loss: 0.8142 time 4.25s
Epoch 9/120 28/48 loss: 0.8128 time 4.25s
Epoch 9/120 29/48 loss: 0.8116 time 4.26s
Epoch 9/120 30/48 loss: 0.8101 time 4.25s
Epoch 9/120 31/48 loss: 0.8059 time 4.26s
Epoch 9/120 32/48 loss: 0.8077 time 4.25s
Epoch 9/120 33/48 loss: 0.8074 time 4.25s
Epoch 9/120 34/48 loss: 0.8117 time 4.25s
Epoch 9/120 35/48 loss: 0.8134 time 4.25s
Epoch 9/120 36/48 loss: 0.8154 time 4.25s
Epoch 9/120 37/48 loss: 0.8202 time 4.25s
Epoch 9/120 38/48 loss: 0.8221 time 4.25s
Epoch 9/120 39/48 loss: 0.8201 time 4.25s
Epoch 9/120 40/48 loss: 0.8208 time 4.25s
Epoch 9/120 41/48 loss: 0.8221 time 4.25s
Epoch 9/120 42/48 loss: 0.8194 time 4.25s
Epoch 9/120 43/48 loss: 0.8194 time 4.25s
Epoch 9/120 44/48 loss: 0.8157 time 4.25s
Epoch 9/120 45/48 loss: 0.8178 time 4.26s
Epoch 9/120 46/48 loss: 0.8196 time 4.26s
Epoch 9/120 47/48 loss: 0.8217 time 4.25s
Final training  9/119 loss: 0.8217 time 207.49s
Sat Aug 12 07:38:15 2023 Epoch: 10
Epoch 10/120 0/48 loss: 0.9250 time 6.75s
Epoch 10/120 1/48 loss: 0.8960 time 4.25s
Epoch 10/120 2/48 loss: 0.8846 time 4.25s
Epoch 10/120 3/48 loss: 0.8566 time 4.25s
Epoch 10/120 4/48 loss: 0.8491 time 4.25s
Epoch 10/120 5/48 loss: 0.8331 time 4.25s
Epoch 10/120 6/48 loss: 0.8121 time 4.25s
Epoch 10/120 7/48 loss: 0.8263 time 4.25s
Epoch 10/120 8/48 loss: 0.8367 time 4.25s
Epoch 10/120 9/48 loss: 0.8442 time 4.25s
Epoch 10/120 10/48 loss: 0.8509 time 4.25s
Epoch 10/120 11/48 loss: 0.8528 time 4.25s
Epoch 10/120 12/48 loss: 0.8555 time 4.26s
Epoch 10/120 13/48 loss: 0.8444 time 4.26s
Epoch 10/120 14/48 loss: 0.8482 time 4.25s
Epoch 10/120 15/48 loss: 0.8487 time 4.25s
Epoch 10/120 16/48 loss: 0.8576 time 4.25s
Epoch 10/120 17/48 loss: 0.8591 time 4.26s
Epoch 10/120 18/48 loss: 0.8611 time 4.25s
Epoch 10/120 19/48 loss: 0.8513 time 4.25s
Epoch 10/120 20/48 loss: 0.8505 time 4.25s
Epoch 10/120 21/48 loss: 0.8552 time 4.25s
Epoch 10/120 22/48 loss: 0.8465 time 4.26s
Epoch 10/120 23/48 loss: 0.8433 time 4.25s
Epoch 10/120 24/48 loss: 0.8413 time 4.25s
Epoch 10/120 25/48 loss: 0.8378 time 4.25s
Epoch 10/120 26/48 loss: 0.8332 time 4.25s
Epoch 10/120 27/48 loss: 0.8338 time 4.25s
Epoch 10/120 28/48 loss: 0.8319 time 4.25s
Epoch 10/120 29/48 loss: 0.8329 time 4.26s
Epoch 10/120 30/48 loss: 0.8372 time 4.26s
Epoch 10/120 31/48 loss: 0.8357 time 4.26s
Epoch 10/120 32/48 loss: 0.8361 time 4.26s
Epoch 10/120 33/48 loss: 0.8326 time 4.25s
Epoch 10/120 34/48 loss: 0.8305 time 4.25s
Epoch 10/120 35/48 loss: 0.8297 time 4.25s
Epoch 10/120 36/48 loss: 0.8267 time 4.25s
Epoch 10/120 37/48 loss: 0.8247 time 4.25s
Epoch 10/120 38/48 loss: 0.8259 time 4.25s
Epoch 10/120 39/48 loss: 0.8293 time 4.25s
Epoch 10/120 40/48 loss: 0.8271 time 4.25s
Epoch 10/120 41/48 loss: 0.8258 time 4.25s
Epoch 10/120 42/48 loss: 0.8273 time 4.25s
Epoch 10/120 43/48 loss: 0.8257 time 4.25s
Epoch 10/120 44/48 loss: 0.8222 time 4.26s
Epoch 10/120 45/48 loss: 0.8207 time 4.26s
Epoch 10/120 46/48 loss: 0.8190 time 4.26s
Epoch 10/120 47/48 loss: 0.8177 time 4.25s
Final training  10/119 loss: 0.8177 time 206.75s
Sat Aug 12 07:41:42 2023 Epoch: 11
Epoch 11/120 0/48 loss: 0.9230 time 6.62s
Epoch 11/120 1/48 loss: 0.8176 time 4.25s
Epoch 11/120 2/48 loss: 0.7773 time 4.25s
Epoch 11/120 3/48 loss: 0.7624 time 4.25s
Epoch 11/120 4/48 loss: 0.7870 time 4.25s
Epoch 11/120 5/48 loss: 0.7810 time 4.26s
Epoch 11/120 6/48 loss: 0.7905 time 4.25s
Epoch 11/120 7/48 loss: 0.7868 time 4.25s
Epoch 11/120 8/48 loss: 0.7819 time 4.25s
Epoch 11/120 9/48 loss: 0.7713 time 4.25s
Epoch 11/120 10/48 loss: 0.7678 time 4.25s
Epoch 11/120 11/48 loss: 0.7774 time 4.25s
Epoch 11/120 12/48 loss: 0.7836 time 4.25s
Epoch 11/120 13/48 loss: 0.7825 time 4.25s
Epoch 11/120 14/48 loss: 0.7898 time 4.25s
Epoch 11/120 15/48 loss: 0.7939 time 4.25s
Epoch 11/120 16/48 loss: 0.8040 time 4.25s
Epoch 11/120 17/48 loss: 0.8047 time 4.25s
Epoch 11/120 18/48 loss: 0.8103 time 4.25s
Epoch 11/120 19/48 loss: 0.8085 time 4.26s
Epoch 11/120 20/48 loss: 0.8157 time 4.25s
Epoch 11/120 21/48 loss: 0.8240 time 4.25s
Epoch 11/120 22/48 loss: 0.8212 time 4.26s
Epoch 11/120 23/48 loss: 0.8231 time 4.25s
Epoch 11/120 24/48 loss: 0.8269 time 4.25s
Epoch 11/120 25/48 loss: 0.8296 time 4.25s
Epoch 11/120 26/48 loss: 0.8320 time 4.26s
Epoch 11/120 27/48 loss: 0.8255 time 4.26s
Epoch 11/120 28/48 loss: 0.8299 time 4.26s
Epoch 11/120 29/48 loss: 0.8306 time 4.26s
Epoch 11/120 30/48 loss: 0.8296 time 4.26s
Epoch 11/120 31/48 loss: 0.8266 time 4.25s
Epoch 11/120 32/48 loss: 0.8245 time 4.25s
Epoch 11/120 33/48 loss: 0.8234 time 4.25s
Epoch 11/120 34/48 loss: 0.8235 time 4.25s
Epoch 11/120 35/48 loss: 0.8188 time 4.25s
Epoch 11/120 36/48 loss: 0.8158 time 4.25s
Epoch 11/120 37/48 loss: 0.8173 time 4.25s
Epoch 11/120 38/48 loss: 0.8166 time 4.25s
Epoch 11/120 39/48 loss: 0.8128 time 4.25s
Epoch 11/120 40/48 loss: 0.8154 time 4.25s
Epoch 11/120 41/48 loss: 0.8139 time 4.25s
Epoch 11/120 42/48 loss: 0.8164 time 4.25s
Epoch 11/120 43/48 loss: 0.8170 time 4.25s
Epoch 11/120 44/48 loss: 0.8155 time 4.26s
Epoch 11/120 45/48 loss: 0.8139 time 4.26s
Epoch 11/120 46/48 loss: 0.8124 time 4.26s
Epoch 11/120 47/48 loss: 0.8134 time 4.25s
Final training  11/119 loss: 0.8134 time 206.61s
Sat Aug 12 07:45:09 2023 Epoch: 12
Epoch 12/120 0/48 loss: 0.9165 time 6.74s
Epoch 12/120 1/48 loss: 0.7814 time 4.25s
Epoch 12/120 2/48 loss: 0.7447 time 4.25s
Epoch 12/120 3/48 loss: 0.7985 time 4.25s
Epoch 12/120 4/48 loss: 0.8012 time 4.25s
Epoch 12/120 5/48 loss: 0.8284 time 4.25s
Epoch 12/120 6/48 loss: 0.8174 time 4.25s
Epoch 12/120 7/48 loss: 0.8096 time 4.25s
Epoch 12/120 8/48 loss: 0.8080 time 4.25s
Epoch 12/120 9/48 loss: 0.8008 time 4.25s
Epoch 12/120 10/48 loss: 0.8060 time 4.25s
Epoch 12/120 11/48 loss: 0.8040 time 4.25s
Epoch 12/120 12/48 loss: 0.8124 time 4.26s
Epoch 12/120 13/48 loss: 0.8182 time 4.26s
Epoch 12/120 14/48 loss: 0.8249 time 4.25s
Epoch 12/120 15/48 loss: 0.8217 time 4.25s
Epoch 12/120 16/48 loss: 0.8244 time 4.25s
Epoch 12/120 17/48 loss: 0.8205 time 4.25s
Epoch 12/120 18/48 loss: 0.8275 time 4.25s
Epoch 12/120 19/48 loss: 0.8288 time 4.25s
Epoch 12/120 20/48 loss: 0.8304 time 4.25s
Epoch 12/120 21/48 loss: 0.8305 time 4.25s
Epoch 12/120 22/48 loss: 0.8267 time 4.25s
Epoch 12/120 23/48 loss: 0.8277 time 4.25s
Epoch 12/120 24/48 loss: 0.8251 time 4.25s
Epoch 12/120 25/48 loss: 0.8257 time 4.25s
Epoch 12/120 26/48 loss: 0.8291 time 4.25s
Epoch 12/120 27/48 loss: 0.8289 time 4.26s
Epoch 12/120 28/48 loss: 0.8263 time 4.26s
Epoch 12/120 29/48 loss: 0.8282 time 4.26s
Epoch 12/120 30/48 loss: 0.8268 time 4.25s
Epoch 12/120 31/48 loss: 0.8293 time 4.25s
Epoch 12/120 32/48 loss: 0.8265 time 4.25s
Epoch 12/120 33/48 loss: 0.8231 time 4.25s
Epoch 12/120 34/48 loss: 0.8237 time 4.25s
Epoch 12/120 35/48 loss: 0.8252 time 4.25s
Epoch 12/120 36/48 loss: 0.8216 time 4.25s
Epoch 12/120 37/48 loss: 0.8198 time 4.25s
Epoch 12/120 38/48 loss: 0.8157 time 4.25s
Epoch 12/120 39/48 loss: 0.8140 time 4.25s
Epoch 12/120 40/48 loss: 0.8185 time 4.25s
Epoch 12/120 41/48 loss: 0.8158 time 4.26s
Epoch 12/120 42/48 loss: 0.8120 time 4.25s
Epoch 12/120 43/48 loss: 0.8135 time 4.26s
Epoch 12/120 44/48 loss: 0.8119 time 4.26s
Epoch 12/120 45/48 loss: 0.8103 time 4.26s
Epoch 12/120 46/48 loss: 0.8121 time 4.25s
Epoch 12/120 47/48 loss: 0.8099 time 4.25s
Final training  12/119 loss: 0.8099 time 206.73s
Sat Aug 12 07:48:35 2023 Epoch: 13
Epoch 13/120 0/48 loss: 0.8331 time 6.70s
Epoch 13/120 1/48 loss: 0.7513 time 4.25s
Epoch 13/120 2/48 loss: 0.7849 time 4.25s
Epoch 13/120 3/48 loss: 0.7733 time 4.25s
Epoch 13/120 4/48 loss: 0.7903 time 4.25s
Epoch 13/120 5/48 loss: 0.7654 time 4.25s
Epoch 13/120 6/48 loss: 0.7632 time 4.25s
Epoch 13/120 7/48 loss: 0.7608 time 4.25s
Epoch 13/120 8/48 loss: 0.7614 time 4.25s
Epoch 13/120 9/48 loss: 0.7714 time 4.25s
Epoch 13/120 10/48 loss: 0.7612 time 4.26s
Epoch 13/120 11/48 loss: 0.7699 time 4.25s
Epoch 13/120 12/48 loss: 0.7676 time 4.25s
Epoch 13/120 13/48 loss: 0.7756 time 4.25s
Epoch 13/120 14/48 loss: 0.7835 time 4.25s
Epoch 13/120 15/48 loss: 0.7811 time 4.26s
Epoch 13/120 16/48 loss: 0.7871 time 4.25s
Epoch 13/120 17/48 loss: 0.7927 time 4.25s
Epoch 13/120 18/48 loss: 0.7957 time 4.25s
Epoch 13/120 19/48 loss: 0.7950 time 4.25s
Epoch 13/120 20/48 loss: 0.7989 time 4.25s
Epoch 13/120 21/48 loss: 0.7969 time 4.25s
Epoch 13/120 22/48 loss: 0.8018 time 4.25s
Epoch 13/120 23/48 loss: 0.7996 time 4.26s
Epoch 13/120 24/48 loss: 0.8075 time 4.25s
Epoch 13/120 25/48 loss: 0.8032 time 4.26s
Epoch 13/120 26/48 loss: 0.8045 time 4.26s
Epoch 13/120 27/48 loss: 0.8059 time 4.26s
Epoch 13/120 28/48 loss: 0.8039 time 4.25s
Epoch 13/120 29/48 loss: 0.8092 time 4.25s
Epoch 13/120 30/48 loss: 0.8057 time 4.25s
Epoch 13/120 31/48 loss: 0.8104 time 4.25s
Epoch 13/120 32/48 loss: 0.8078 time 4.25s
Epoch 13/120 33/48 loss: 0.8082 time 4.25s
Epoch 13/120 34/48 loss: 0.8036 time 4.25s
Epoch 13/120 35/48 loss: 0.8028 time 4.25s
Epoch 13/120 36/48 loss: 0.8069 time 4.25s
Epoch 13/120 37/48 loss: 0.8096 time 4.25s
Epoch 13/120 38/48 loss: 0.8083 time 4.25s
Epoch 13/120 39/48 loss: 0.8065 time 4.25s
Epoch 13/120 40/48 loss: 0.8040 time 4.25s
Epoch 13/120 41/48 loss: 0.8012 time 4.26s
Epoch 13/120 42/48 loss: 0.8036 time 4.25s
Epoch 13/120 43/48 loss: 0.8061 time 4.26s
Epoch 13/120 44/48 loss: 0.8043 time 4.26s
Epoch 13/120 45/48 loss: 0.8067 time 4.25s
Epoch 13/120 46/48 loss: 0.8063 time 4.25s
Epoch 13/120 47/48 loss: 0.8063 time 4.25s
Final training  13/119 loss: 0.8063 time 206.72s
Sat Aug 12 07:52:02 2023 Epoch: 14
Epoch 14/120 0/48 loss: 0.7329 time 7.66s
Epoch 14/120 1/48 loss: 0.7538 time 4.24s
Epoch 14/120 2/48 loss: 0.7490 time 4.24s
Epoch 14/120 3/48 loss: 0.7504 time 4.25s
Epoch 14/120 4/48 loss: 0.7836 time 4.25s
Epoch 14/120 5/48 loss: 0.7779 time 4.26s
Epoch 14/120 6/48 loss: 0.7915 time 4.25s
Epoch 14/120 7/48 loss: 0.7856 time 4.25s
Epoch 14/120 8/48 loss: 0.7958 time 4.24s
Epoch 14/120 9/48 loss: 0.7986 time 4.25s
Epoch 14/120 10/48 loss: 0.8001 time 4.25s
Epoch 14/120 11/48 loss: 0.7937 time 4.25s
Epoch 14/120 12/48 loss: 0.7816 time 4.25s
Epoch 14/120 13/48 loss: 0.7831 time 4.25s
Epoch 14/120 14/48 loss: 0.7903 time 4.25s
Epoch 14/120 15/48 loss: 0.8003 time 4.25s
Epoch 14/120 16/48 loss: 0.7970 time 4.25s
Epoch 14/120 17/48 loss: 0.7940 time 4.26s
Epoch 14/120 18/48 loss: 0.7889 time 4.25s
Epoch 14/120 19/48 loss: 0.7976 time 4.25s
Epoch 14/120 20/48 loss: 0.7908 time 4.25s
Epoch 14/120 21/48 loss: 0.7859 time 4.25s
Epoch 14/120 22/48 loss: 0.7904 time 4.25s
Epoch 14/120 23/48 loss: 0.7882 time 4.25s
Epoch 14/120 24/48 loss: 0.7901 time 4.25s
Epoch 14/120 25/48 loss: 0.7867 time 4.26s
Epoch 14/120 26/48 loss: 0.7886 time 4.26s
Epoch 14/120 27/48 loss: 0.7866 time 4.26s
Epoch 14/120 28/48 loss: 0.7887 time 4.25s
Epoch 14/120 29/48 loss: 0.7943 time 4.25s
Epoch 14/120 30/48 loss: 0.7961 time 4.25s
Epoch 14/120 31/48 loss: 0.7942 time 4.25s
Epoch 14/120 32/48 loss: 0.7932 time 4.25s
Epoch 14/120 33/48 loss: 0.7955 time 4.25s
Epoch 14/120 34/48 loss: 0.7988 time 4.25s
Epoch 14/120 35/48 loss: 0.8021 time 4.25s
Epoch 14/120 36/48 loss: 0.8006 time 4.25s
Epoch 14/120 37/48 loss: 0.7970 time 4.25s
Epoch 14/120 38/48 loss: 0.7966 time 4.25s
Epoch 14/120 39/48 loss: 0.7927 time 4.25s
Epoch 14/120 40/48 loss: 0.7953 time 4.25s
Epoch 14/120 41/48 loss: 0.8001 time 4.25s
Epoch 14/120 42/48 loss: 0.8014 time 4.26s
Epoch 14/120 43/48 loss: 0.8028 time 4.26s
Epoch 14/120 44/48 loss: 0.8037 time 4.25s
Epoch 14/120 45/48 loss: 0.8033 time 4.26s
Epoch 14/120 46/48 loss: 0.8055 time 4.25s
Epoch 14/120 47/48 loss: 0.8032 time 4.25s
Final training  14/119 loss: 0.8032 time 207.61s
Sat Aug 12 07:55:30 2023 Epoch: 15
Epoch 15/120 0/48 loss: 0.8551 time 6.75s
Epoch 15/120 1/48 loss: 0.8010 time 4.24s
Epoch 15/120 2/48 loss: 0.7474 time 4.25s
Epoch 15/120 3/48 loss: 0.7179 time 4.25s
Epoch 15/120 4/48 loss: 0.7488 time 4.25s
Epoch 15/120 5/48 loss: 0.7764 time 4.25s
Epoch 15/120 6/48 loss: 0.8080 time 4.25s
Epoch 15/120 7/48 loss: 0.8001 time 4.26s
Epoch 15/120 8/48 loss: 0.7923 time 4.26s
Epoch 15/120 9/48 loss: 0.7965 time 4.26s
Epoch 15/120 10/48 loss: 0.7914 time 4.26s
Epoch 15/120 11/48 loss: 0.8046 time 4.25s
Epoch 15/120 12/48 loss: 0.7992 time 4.25s
Epoch 15/120 13/48 loss: 0.8028 time 4.25s
Epoch 15/120 14/48 loss: 0.8099 time 4.25s
Epoch 15/120 15/48 loss: 0.8042 time 4.25s
Epoch 15/120 16/48 loss: 0.8003 time 4.25s
Epoch 15/120 17/48 loss: 0.7923 time 4.25s
Epoch 15/120 18/48 loss: 0.7933 time 4.25s
Epoch 15/120 19/48 loss: 0.7929 time 4.25s
Epoch 15/120 20/48 loss: 0.7884 time 4.25s
Epoch 15/120 21/48 loss: 0.7924 time 4.25s
Epoch 15/120 22/48 loss: 0.7899 time 4.25s
Epoch 15/120 23/48 loss: 0.7932 time 4.25s
Epoch 15/120 24/48 loss: 0.7917 time 4.25s
Epoch 15/120 25/48 loss: 0.7881 time 4.25s
Epoch 15/120 26/48 loss: 0.7902 time 4.26s
Epoch 15/120 27/48 loss: 0.7879 time 4.25s
Epoch 15/120 28/48 loss: 0.7896 time 4.25s
Epoch 15/120 29/48 loss: 0.7915 time 4.25s
Epoch 15/120 30/48 loss: 0.7954 time 4.25s
Epoch 15/120 31/48 loss: 0.8004 time 4.25s
Epoch 15/120 32/48 loss: 0.7995 time 4.25s
Epoch 15/120 33/48 loss: 0.8027 time 4.25s
Epoch 15/120 34/48 loss: 0.8043 time 4.25s
Epoch 15/120 35/48 loss: 0.8065 time 4.25s
Epoch 15/120 36/48 loss: 0.8108 time 4.25s
Epoch 15/120 37/48 loss: 0.8110 time 4.25s
Epoch 15/120 38/48 loss: 0.8077 time 4.25s
Epoch 15/120 39/48 loss: 0.8097 time 4.25s
Epoch 15/120 40/48 loss: 0.8079 time 4.26s
Epoch 15/120 41/48 loss: 0.8052 time 4.26s
Epoch 15/120 42/48 loss: 0.8045 time 4.26s
Epoch 15/120 43/48 loss: 0.8032 time 4.25s
Epoch 15/120 44/48 loss: 0.8031 time 4.25s
Epoch 15/120 45/48 loss: 0.8014 time 4.26s
Epoch 15/120 46/48 loss: 0.7982 time 4.25s
Epoch 15/120 47/48 loss: 0.8004 time 4.25s
Final training  15/119 loss: 0.8004 time 206.70s
Sat Aug 12 07:58:56 2023 Epoch: 16
Epoch 16/120 0/48 loss: 0.8393 time 7.37s
Epoch 16/120 1/48 loss: 0.9188 time 4.24s
Epoch 16/120 2/48 loss: 0.8535 time 4.24s
Epoch 16/120 3/48 loss: 0.8257 time 4.24s
Epoch 16/120 4/48 loss: 0.8414 time 4.25s
Epoch 16/120 5/48 loss: 0.8417 time 4.25s
Epoch 16/120 6/48 loss: 0.8586 time 4.25s
Epoch 16/120 7/48 loss: 0.8433 time 4.24s
Epoch 16/120 8/48 loss: 0.8222 time 4.25s
Epoch 16/120 9/48 loss: 0.8134 time 4.25s
Epoch 16/120 10/48 loss: 0.8185 time 4.25s
Epoch 16/120 11/48 loss: 0.8254 time 4.25s
Epoch 16/120 12/48 loss: 0.8245 time 4.25s
Epoch 16/120 13/48 loss: 0.8106 time 4.25s
Epoch 16/120 14/48 loss: 0.8077 time 4.25s
Epoch 16/120 15/48 loss: 0.8091 time 4.25s
Epoch 16/120 16/48 loss: 0.8151 time 4.26s
Epoch 16/120 17/48 loss: 0.8102 time 4.25s
Epoch 16/120 18/48 loss: 0.8017 time 4.25s
Epoch 16/120 19/48 loss: 0.7936 time 4.25s
Epoch 16/120 20/48 loss: 0.7888 time 4.25s
Epoch 16/120 21/48 loss: 0.7944 time 4.25s
Epoch 16/120 22/48 loss: 0.7984 time 4.26s
Epoch 16/120 23/48 loss: 0.7989 time 4.26s
Epoch 16/120 24/48 loss: 0.7989 time 4.26s
Epoch 16/120 25/48 loss: 0.7961 time 4.26s
Epoch 16/120 26/48 loss: 0.7934 time 4.26s
Epoch 16/120 27/48 loss: 0.7930 time 4.25s
Epoch 16/120 28/48 loss: 0.7914 time 4.25s
Epoch 16/120 29/48 loss: 0.7929 time 4.25s
Epoch 16/120 30/48 loss: 0.7958 time 4.25s
Epoch 16/120 31/48 loss: 0.7975 time 4.25s
Epoch 16/120 32/48 loss: 0.7993 time 4.25s
Epoch 16/120 33/48 loss: 0.8037 time 4.25s
Epoch 16/120 34/48 loss: 0.8012 time 4.25s
Epoch 16/120 35/48 loss: 0.8004 time 4.25s
Epoch 16/120 36/48 loss: 0.7987 time 4.26s
Epoch 16/120 37/48 loss: 0.7954 time 4.26s
Epoch 16/120 38/48 loss: 0.7938 time 4.26s
Epoch 16/120 39/48 loss: 0.7913 time 4.26s
Epoch 16/120 40/48 loss: 0.7926 time 4.26s
Epoch 16/120 41/48 loss: 0.7912 time 4.25s
Epoch 16/120 42/48 loss: 0.7939 time 4.25s
Epoch 16/120 43/48 loss: 0.7930 time 4.25s
Epoch 16/120 44/48 loss: 0.7948 time 4.26s
Epoch 16/120 45/48 loss: 0.7925 time 4.25s
Epoch 16/120 46/48 loss: 0.7940 time 4.25s
Epoch 16/120 47/48 loss: 0.7973 time 4.25s
Final training  16/119 loss: 0.7973 time 207.30s
Sat Aug 12 08:02:24 2023 Epoch: 17
Epoch 17/120 0/48 loss: 0.9983 time 6.79s
Epoch 17/120 1/48 loss: 0.8885 time 4.25s
Epoch 17/120 2/48 loss: 0.8351 time 4.25s
Epoch 17/120 3/48 loss: 0.8649 time 4.25s
Epoch 17/120 4/48 loss: 0.8726 time 4.25s
Epoch 17/120 5/48 loss: 0.8696 time 4.25s
Epoch 17/120 6/48 loss: 0.8529 time 4.26s
Epoch 17/120 7/48 loss: 0.8599 time 4.26s
Epoch 17/120 8/48 loss: 0.8392 time 4.25s
Epoch 17/120 9/48 loss: 0.8186 time 4.26s
Epoch 17/120 10/48 loss: 0.8245 time 4.25s
Epoch 17/120 11/48 loss: 0.8151 time 4.25s
Epoch 17/120 12/48 loss: 0.8189 time 4.25s
Epoch 17/120 13/48 loss: 0.8223 time 4.25s
Epoch 17/120 14/48 loss: 0.8185 time 4.25s
Epoch 17/120 15/48 loss: 0.8223 time 4.25s
Epoch 17/120 16/48 loss: 0.8164 time 4.25s
Epoch 17/120 17/48 loss: 0.8111 time 4.25s
Epoch 17/120 18/48 loss: 0.8070 time 4.25s
Epoch 17/120 19/48 loss: 0.7979 time 4.25s
Epoch 17/120 20/48 loss: 0.7939 time 4.25s
Epoch 17/120 21/48 loss: 0.8008 time 4.25s
Epoch 17/120 22/48 loss: 0.8054 time 4.26s
Epoch 17/120 23/48 loss: 0.8039 time 4.25s
Epoch 17/120 24/48 loss: 0.8066 time 4.26s
Epoch 17/120 25/48 loss: 0.8125 time 4.25s
Epoch 17/120 26/48 loss: 0.8119 time 4.25s
Epoch 17/120 27/48 loss: 0.8119 time 4.26s
Epoch 17/120 28/48 loss: 0.8126 time 4.25s
Epoch 17/120 29/48 loss: 0.8123 time 4.25s
Epoch 17/120 30/48 loss: 0.8127 time 4.25s
Epoch 17/120 31/48 loss: 0.8077 time 4.25s
Epoch 17/120 32/48 loss: 0.8104 time 4.26s
Epoch 17/120 33/48 loss: 0.8068 time 4.25s
Epoch 17/120 34/48 loss: 0.8095 time 4.25s
Epoch 17/120 35/48 loss: 0.8077 time 4.25s
Epoch 17/120 36/48 loss: 0.8059 time 4.25s
Epoch 17/120 37/48 loss: 0.8026 time 4.26s
Epoch 17/120 38/48 loss: 0.8006 time 4.26s
Epoch 17/120 39/48 loss: 0.8016 time 4.26s
Epoch 17/120 40/48 loss: 0.8027 time 4.25s
Epoch 17/120 41/48 loss: 0.8010 time 4.26s
Epoch 17/120 42/48 loss: 0.7993 time 4.25s
Epoch 17/120 43/48 loss: 0.7981 time 4.25s
Epoch 17/120 44/48 loss: 0.7990 time 4.25s
Epoch 17/120 45/48 loss: 0.7957 time 4.25s
Epoch 17/120 46/48 loss: 0.7966 time 4.25s
Epoch 17/120 47/48 loss: 0.7944 time 4.25s
Final training  17/119 loss: 0.7944 time 206.80s
Sat Aug 12 08:05:50 2023 Epoch: 18
Epoch 18/120 0/48 loss: 0.7124 time 6.94s
Epoch 18/120 1/48 loss: 0.6963 time 4.24s
Epoch 18/120 2/48 loss: 0.7659 time 4.24s
Epoch 18/120 3/48 loss: 0.7599 time 4.25s
Epoch 18/120 4/48 loss: 0.7534 time 4.25s
Epoch 18/120 5/48 loss: 0.7330 time 4.25s
Epoch 18/120 6/48 loss: 0.7263 time 4.25s
Epoch 18/120 7/48 loss: 0.7554 time 4.25s
Epoch 18/120 8/48 loss: 0.7548 time 4.25s
Epoch 18/120 9/48 loss: 0.7690 time 4.25s
Epoch 18/120 10/48 loss: 0.7653 time 4.25s
Epoch 18/120 11/48 loss: 0.7574 time 4.25s
Epoch 18/120 12/48 loss: 0.7725 time 4.25s
Epoch 18/120 13/48 loss: 0.7641 time 4.25s
Epoch 18/120 14/48 loss: 0.7689 time 4.25s
Epoch 18/120 15/48 loss: 0.7775 time 4.25s
Epoch 18/120 16/48 loss: 0.7783 time 4.25s
Epoch 18/120 17/48 loss: 0.7838 time 4.25s
Epoch 18/120 18/48 loss: 0.7861 time 4.25s
Epoch 18/120 19/48 loss: 0.7902 time 4.25s
Epoch 18/120 20/48 loss: 0.7945 time 4.26s
Epoch 18/120 21/48 loss: 0.7966 time 4.25s
Epoch 18/120 22/48 loss: 0.7971 time 4.25s
Epoch 18/120 23/48 loss: 0.7998 time 4.26s
Epoch 18/120 24/48 loss: 0.7970 time 4.25s
Epoch 18/120 25/48 loss: 0.7940 time 4.25s
Epoch 18/120 26/48 loss: 0.7928 time 4.25s
Epoch 18/120 27/48 loss: 0.7919 time 4.25s
Epoch 18/120 28/48 loss: 0.7956 time 4.25s
Epoch 18/120 29/48 loss: 0.7930 time 4.25s
Epoch 18/120 30/48 loss: 0.7907 time 4.25s
Epoch 18/120 31/48 loss: 0.7920 time 4.25s
Epoch 18/120 32/48 loss: 0.7901 time 4.25s
Epoch 18/120 33/48 loss: 0.7922 time 4.25s
Epoch 18/120 34/48 loss: 0.7954 time 4.25s
Epoch 18/120 35/48 loss: 0.7969 time 4.25s
Epoch 18/120 36/48 loss: 0.7962 time 4.26s
Epoch 18/120 37/48 loss: 0.7922 time 4.26s
Epoch 18/120 38/48 loss: 0.7895 time 4.25s
Epoch 18/120 39/48 loss: 0.7898 time 4.25s
Epoch 18/120 40/48 loss: 0.7877 time 4.25s
Epoch 18/120 41/48 loss: 0.7865 time 4.25s
Epoch 18/120 42/48 loss: 0.7879 time 4.25s
Epoch 18/120 43/48 loss: 0.7840 time 4.25s
Epoch 18/120 44/48 loss: 0.7876 time 4.25s
Epoch 18/120 45/48 loss: 0.7865 time 4.25s
Epoch 18/120 46/48 loss: 0.7910 time 4.25s
Epoch 18/120 47/48 loss: 0.7917 time 4.25s
Final training  18/119 loss: 0.7917 time 206.87s
Sat Aug 12 08:09:17 2023 Epoch: 19
Epoch 19/120 0/48 loss: 0.8394 time 7.62s
Epoch 19/120 1/48 loss: 0.8449 time 4.24s
Epoch 19/120 2/48 loss: 0.8170 time 4.24s
Epoch 19/120 3/48 loss: 0.8142 time 4.24s
Epoch 19/120 4/48 loss: 0.8175 time 4.25s
Epoch 19/120 5/48 loss: 0.8320 time 4.25s
Epoch 19/120 6/48 loss: 0.8378 time 4.25s
Epoch 19/120 7/48 loss: 0.8452 time 4.25s
Epoch 19/120 8/48 loss: 0.8473 time 4.24s
Epoch 19/120 9/48 loss: 0.8345 time 4.25s
Epoch 19/120 10/48 loss: 0.8240 time 4.25s
Epoch 19/120 11/48 loss: 0.8270 time 4.25s
Epoch 19/120 12/48 loss: 0.8269 time 4.25s
Epoch 19/120 13/48 loss: 0.8206 time 4.25s
Epoch 19/120 14/48 loss: 0.8173 time 4.26s
Epoch 19/120 15/48 loss: 0.8199 time 4.25s
Epoch 19/120 16/48 loss: 0.8273 time 4.25s
Epoch 19/120 17/48 loss: 0.8157 time 4.25s
Epoch 19/120 18/48 loss: 0.8204 time 4.26s
Epoch 19/120 19/48 loss: 0.8136 time 4.26s
Epoch 19/120 20/48 loss: 0.8146 time 4.26s
Epoch 19/120 21/48 loss: 0.8105 time 4.26s
Epoch 19/120 22/48 loss: 0.8119 time 4.26s
Epoch 19/120 23/48 loss: 0.8062 time 4.25s
Epoch 19/120 24/48 loss: 0.8061 time 4.25s
Epoch 19/120 25/48 loss: 0.8029 time 4.25s
Epoch 19/120 26/48 loss: 0.8016 time 4.25s
Epoch 19/120 27/48 loss: 0.7981 time 4.25s
Epoch 19/120 28/48 loss: 0.7936 time 4.25s
Epoch 19/120 29/48 loss: 0.7880 time 4.25s
Epoch 19/120 30/48 loss: 0.7860 time 4.25s
Epoch 19/120 31/48 loss: 0.7870 time 4.25s
Epoch 19/120 32/48 loss: 0.7855 time 4.25s
Epoch 19/120 33/48 loss: 0.7917 time 4.25s
Epoch 19/120 34/48 loss: 0.7916 time 4.25s
Epoch 19/120 35/48 loss: 0.7945 time 4.26s
Epoch 19/120 36/48 loss: 0.7973 time 4.25s
Epoch 19/120 37/48 loss: 0.7995 time 4.25s
Epoch 19/120 38/48 loss: 0.8036 time 4.25s
Epoch 19/120 39/48 loss: 0.8014 time 4.26s
Epoch 19/120 40/48 loss: 0.8000 time 4.25s
Epoch 19/120 41/48 loss: 0.7963 time 4.25s
Epoch 19/120 42/48 loss: 0.7937 time 4.25s
Epoch 19/120 43/48 loss: 0.7925 time 4.25s
Epoch 19/120 44/48 loss: 0.7891 time 4.25s
Epoch 19/120 45/48 loss: 0.7926 time 4.25s
Epoch 19/120 46/48 loss: 0.7907 time 4.25s
Epoch 19/120 47/48 loss: 0.7893 time 4.26s
Final training  19/119 loss: 0.7893 time 207.55s
Sat Aug 12 08:12:45 2023 Epoch: 20
Epoch 20/120 0/48 loss: 0.7200 time 7.53s
Epoch 20/120 1/48 loss: 0.7700 time 4.24s
Epoch 20/120 2/48 loss: 0.7555 time 4.25s
Epoch 20/120 3/48 loss: 0.7667 time 4.25s
Epoch 20/120 4/48 loss: 0.8037 time 4.25s
Epoch 20/120 5/48 loss: 0.8294 time 4.24s
Epoch 20/120 6/48 loss: 0.8127 time 4.25s
Epoch 20/120 7/48 loss: 0.8031 time 4.25s
Epoch 20/120 8/48 loss: 0.8147 time 4.25s
Epoch 20/120 9/48 loss: 0.7969 time 4.25s
Epoch 20/120 10/48 loss: 0.7901 time 4.25s
Epoch 20/120 11/48 loss: 0.7930 time 4.25s
Epoch 20/120 12/48 loss: 0.7982 time 4.25s
Epoch 20/120 13/48 loss: 0.8006 time 4.25s
Epoch 20/120 14/48 loss: 0.7915 time 4.25s
Epoch 20/120 15/48 loss: 0.7859 time 4.25s
Epoch 20/120 16/48 loss: 0.7909 time 4.26s
Epoch 20/120 17/48 loss: 0.7971 time 4.25s
Epoch 20/120 18/48 loss: 0.7933 time 4.25s
Epoch 20/120 19/48 loss: 0.7843 time 4.26s
Epoch 20/120 20/48 loss: 0.7810 time 4.26s
Epoch 20/120 21/48 loss: 0.7783 time 4.26s
Epoch 20/120 22/48 loss: 0.7793 time 4.25s
Epoch 20/120 23/48 loss: 0.7796 time 4.25s
Epoch 20/120 24/48 loss: 0.7815 time 4.26s
Epoch 20/120 25/48 loss: 0.7805 time 4.25s
Epoch 20/120 26/48 loss: 0.7846 time 4.25s
Epoch 20/120 27/48 loss: 0.7903 time 4.25s
Epoch 20/120 28/48 loss: 0.7894 time 4.25s
Epoch 20/120 29/48 loss: 0.7875 time 4.25s
Epoch 20/120 30/48 loss: 0.7943 time 4.25s
Epoch 20/120 31/48 loss: 0.7914 time 4.26s
Epoch 20/120 32/48 loss: 0.7880 time 4.25s
Epoch 20/120 33/48 loss: 0.7873 time 4.26s
Epoch 20/120 34/48 loss: 0.7905 time 4.26s
Epoch 20/120 35/48 loss: 0.7863 time 4.26s
Epoch 20/120 36/48 loss: 0.7845 time 4.25s
Epoch 20/120 37/48 loss: 0.7864 time 4.25s
Epoch 20/120 38/48 loss: 0.7822 time 4.25s
Epoch 20/120 39/48 loss: 0.7837 time 4.25s
Epoch 20/120 40/48 loss: 0.7810 time 4.25s
Epoch 20/120 41/48 loss: 0.7829 time 4.25s
Epoch 20/120 42/48 loss: 0.7851 time 4.26s
Epoch 20/120 43/48 loss: 0.7865 time 4.25s
Epoch 20/120 44/48 loss: 0.7855 time 4.25s
Epoch 20/120 45/48 loss: 0.7866 time 4.25s
Epoch 20/120 46/48 loss: 0.7889 time 4.25s
Epoch 20/120 47/48 loss: 0.7866 time 4.25s
Final training  20/119 loss: 0.7866 time 207.48s
Sat Aug 12 08:16:12 2023 Epoch: 21
Epoch 21/120 0/48 loss: 0.8555 time 6.69s
Epoch 21/120 1/48 loss: 0.7774 time 4.24s
Epoch 21/120 2/48 loss: 0.7587 time 4.25s
Epoch 21/120 3/48 loss: 0.7688 time 4.25s
Epoch 21/120 4/48 loss: 0.7509 time 4.25s
Epoch 21/120 5/48 loss: 0.7294 time 4.25s
Epoch 21/120 6/48 loss: 0.7371 time 4.25s
Epoch 21/120 7/48 loss: 0.7346 time 4.25s
Epoch 21/120 8/48 loss: 0.7529 time 4.25s
Epoch 21/120 9/48 loss: 0.7453 time 4.25s
Epoch 21/120 10/48 loss: 0.7430 time 4.25s
Epoch 21/120 11/48 loss: 0.7607 time 4.25s
Epoch 21/120 12/48 loss: 0.7683 time 4.25s
Epoch 21/120 13/48 loss: 0.7644 time 4.25s
Epoch 21/120 14/48 loss: 0.7575 time 4.25s
Epoch 21/120 15/48 loss: 0.7551 time 4.25s
Epoch 21/120 16/48 loss: 0.7522 time 4.26s
Epoch 21/120 17/48 loss: 0.7528 time 4.26s
Epoch 21/120 18/48 loss: 0.7589 time 4.26s
Epoch 21/120 19/48 loss: 0.7527 time 4.26s
Epoch 21/120 20/48 loss: 0.7595 time 4.25s
Epoch 21/120 21/48 loss: 0.7611 time 4.25s
Epoch 21/120 22/48 loss: 0.7587 time 4.25s
Epoch 21/120 23/48 loss: 0.7687 time 4.25s
Epoch 21/120 24/48 loss: 0.7712 time 4.25s
Epoch 21/120 25/48 loss: 0.7729 time 4.25s
Epoch 21/120 26/48 loss: 0.7709 time 4.25s
Epoch 21/120 27/48 loss: 0.7755 time 4.25s
Epoch 21/120 28/48 loss: 0.7773 time 4.25s
Epoch 21/120 29/48 loss: 0.7812 time 4.25s
Epoch 21/120 30/48 loss: 0.7783 time 4.26s
Epoch 21/120 31/48 loss: 0.7808 time 4.26s
Epoch 21/120 32/48 loss: 0.7802 time 4.25s
Epoch 21/120 33/48 loss: 0.7769 time 4.25s
Epoch 21/120 34/48 loss: 0.7797 time 4.26s
Epoch 21/120 35/48 loss: 0.7790 time 4.26s
Epoch 21/120 36/48 loss: 0.7744 time 4.25s
Epoch 21/120 37/48 loss: 0.7757 time 4.26s
Epoch 21/120 38/48 loss: 0.7801 time 4.25s
Epoch 21/120 39/48 loss: 0.7791 time 4.25s
Epoch 21/120 40/48 loss: 0.7779 time 4.25s
Epoch 21/120 41/48 loss: 0.7789 time 4.25s
Epoch 21/120 42/48 loss: 0.7803 time 4.25s
Epoch 21/120 43/48 loss: 0.7816 time 4.25s
Epoch 21/120 44/48 loss: 0.7841 time 4.25s
Epoch 21/120 45/48 loss: 0.7808 time 4.25s
Epoch 21/120 46/48 loss: 0.7797 time 4.25s
Epoch 21/120 47/48 loss: 0.7830 time 4.25s
Final training  21/119 loss: 0.7830 time 206.68s
Sat Aug 12 08:19:39 2023 Epoch: 22
Epoch 22/120 0/48 loss: 0.7019 time 6.92s
Epoch 22/120 1/48 loss: 0.7097 time 4.25s
Epoch 22/120 2/48 loss: 0.7155 time 4.25s
Epoch 22/120 3/48 loss: 0.7154 time 4.24s
Epoch 22/120 4/48 loss: 0.7242 time 4.25s
Epoch 22/120 5/48 loss: 0.7412 time 4.25s
Epoch 22/120 6/48 loss: 0.7258 time 4.25s
Epoch 22/120 7/48 loss: 0.7598 time 4.25s
Epoch 22/120 8/48 loss: 0.7737 time 4.25s
Epoch 22/120 9/48 loss: 0.7656 time 4.25s
Epoch 22/120 10/48 loss: 0.7592 time 4.25s
Epoch 22/120 11/48 loss: 0.7547 time 4.25s
Epoch 22/120 12/48 loss: 0.7638 time 4.25s
Epoch 22/120 13/48 loss: 0.7562 time 4.26s
Epoch 22/120 14/48 loss: 0.7460 time 4.25s
Epoch 22/120 15/48 loss: 0.7464 time 4.25s
Epoch 22/120 16/48 loss: 0.7554 time 4.25s
Epoch 22/120 17/48 loss: 0.7477 time 4.25s
Epoch 22/120 18/48 loss: 0.7415 time 4.25s
Epoch 22/120 19/48 loss: 0.7472 time 4.25s
Epoch 22/120 20/48 loss: 0.7522 time 4.25s
Epoch 22/120 21/48 loss: 0.7507 time 4.25s
Epoch 22/120 22/48 loss: 0.7589 time 4.25s
Epoch 22/120 23/48 loss: 0.7576 time 4.25s
Epoch 22/120 24/48 loss: 0.7542 time 4.25s
Epoch 22/120 25/48 loss: 0.7597 time 4.25s
Epoch 22/120 26/48 loss: 0.7621 time 4.25s
Epoch 22/120 27/48 loss: 0.7650 time 4.25s
Epoch 22/120 28/48 loss: 0.7673 time 4.25s
Epoch 22/120 29/48 loss: 0.7653 time 4.25s
Epoch 22/120 30/48 loss: 0.7636 time 4.25s
Epoch 22/120 31/48 loss: 0.7696 time 4.25s
Epoch 22/120 32/48 loss: 0.7722 time 4.26s
Epoch 22/120 33/48 loss: 0.7693 time 4.26s
Epoch 22/120 34/48 loss: 0.7728 time 4.26s
Epoch 22/120 35/48 loss: 0.7713 time 4.25s
Epoch 22/120 36/48 loss: 0.7730 time 4.25s
Epoch 22/120 37/48 loss: 0.7735 time 4.25s
Epoch 22/120 38/48 loss: 0.7746 time 4.25s
Epoch 22/120 39/48 loss: 0.7737 time 4.25s
Epoch 22/120 40/48 loss: 0.7766 time 4.25s
Epoch 22/120 41/48 loss: 0.7766 time 4.25s
Epoch 22/120 42/48 loss: 0.7770 time 4.25s
Epoch 22/120 43/48 loss: 0.7766 time 4.26s
Epoch 22/120 44/48 loss: 0.7804 time 4.25s
Epoch 22/120 45/48 loss: 0.7822 time 4.25s
Epoch 22/120 46/48 loss: 0.7828 time 4.25s
Epoch 22/120 47/48 loss: 0.7804 time 4.25s
Final training  22/119 loss: 0.7804 time 206.87s
Sat Aug 12 08:23:06 2023 Epoch: 23
Epoch 23/120 0/48 loss: 0.7585 time 7.45s
Epoch 23/120 1/48 loss: 0.7410 time 4.24s
Epoch 23/120 2/48 loss: 0.7907 time 4.24s
Epoch 23/120 3/48 loss: 0.7505 time 4.24s
Epoch 23/120 4/48 loss: 0.7687 time 4.25s
Epoch 23/120 5/48 loss: 0.7659 time 4.25s
Epoch 23/120 6/48 loss: 0.7555 time 4.25s
Epoch 23/120 7/48 loss: 0.7598 time 4.25s
Epoch 23/120 8/48 loss: 0.7806 time 4.26s
Epoch 23/120 9/48 loss: 0.7737 time 4.25s
Epoch 23/120 10/48 loss: 0.7703 time 4.25s
Epoch 23/120 11/48 loss: 0.7665 time 4.25s
Epoch 23/120 12/48 loss: 0.7733 time 4.25s
Epoch 23/120 13/48 loss: 0.7787 time 4.25s
Epoch 23/120 14/48 loss: 0.7743 time 4.26s
Epoch 23/120 15/48 loss: 0.7792 time 4.26s
Epoch 23/120 16/48 loss: 0.7751 time 4.26s
Epoch 23/120 17/48 loss: 0.7777 time 4.26s
Epoch 23/120 18/48 loss: 0.7691 time 4.25s
Epoch 23/120 19/48 loss: 0.7660 time 4.25s
Epoch 23/120 20/48 loss: 0.7719 time 4.25s
Epoch 23/120 21/48 loss: 0.7667 time 4.25s
Epoch 23/120 22/48 loss: 0.7595 time 4.25s
Epoch 23/120 23/48 loss: 0.7608 time 4.25s
Epoch 23/120 24/48 loss: 0.7614 time 4.25s
Epoch 23/120 25/48 loss: 0.7639 time 4.25s
Epoch 23/120 26/48 loss: 0.7675 time 4.26s
Epoch 23/120 27/48 loss: 0.7690 time 4.25s
Epoch 23/120 28/48 loss: 0.7657 time 4.25s
Epoch 23/120 29/48 loss: 0.7719 time 4.25s
Epoch 23/120 30/48 loss: 0.7673 time 4.25s
Epoch 23/120 31/48 loss: 0.7637 time 4.26s
Epoch 23/120 32/48 loss: 0.7635 time 4.26s
Epoch 23/120 33/48 loss: 0.7670 time 4.26s
Epoch 23/120 34/48 loss: 0.7642 time 4.26s
Epoch 23/120 35/48 loss: 0.7679 time 4.25s
Epoch 23/120 36/48 loss: 0.7713 time 4.25s
Epoch 23/120 37/48 loss: 0.7694 time 4.25s
Epoch 23/120 38/48 loss: 0.7680 time 4.25s
Epoch 23/120 39/48 loss: 0.7706 time 4.25s
Epoch 23/120 40/48 loss: 0.7747 time 4.25s
Epoch 23/120 41/48 loss: 0.7759 time 4.25s
Epoch 23/120 42/48 loss: 0.7769 time 4.25s
Epoch 23/120 43/48 loss: 0.7781 time 4.25s
Epoch 23/120 44/48 loss: 0.7830 time 4.25s
Epoch 23/120 45/48 loss: 0.7809 time 4.26s
Epoch 23/120 46/48 loss: 0.7792 time 4.26s
Epoch 23/120 47/48 loss: 0.7778 time 4.26s
Final training  23/119 loss: 0.7778 time 207.41s
Sat Aug 12 08:26:33 2023 Epoch: 24
Epoch 24/120 0/48 loss: 0.6538 time 7.16s
Epoch 24/120 1/48 loss: 0.6834 time 4.24s
Epoch 24/120 2/48 loss: 0.7503 time 4.25s
Epoch 24/120 3/48 loss: 0.7597 time 4.25s
Epoch 24/120 4/48 loss: 0.7629 time 4.25s
Epoch 24/120 5/48 loss: 0.7508 time 4.25s
Epoch 24/120 6/48 loss: 0.7650 time 4.25s
Epoch 24/120 7/48 loss: 0.7741 time 4.25s
Epoch 24/120 8/48 loss: 0.7656 time 4.25s
Epoch 24/120 9/48 loss: 0.7703 time 4.25s
Epoch 24/120 10/48 loss: 0.7778 time 4.25s
Epoch 24/120 11/48 loss: 0.7870 time 4.25s
Epoch 24/120 12/48 loss: 0.7873 time 4.25s
Epoch 24/120 13/48 loss: 0.7849 time 4.25s
Epoch 24/120 14/48 loss: 0.7801 time 4.25s
Epoch 24/120 15/48 loss: 0.7686 time 4.26s
Epoch 24/120 16/48 loss: 0.7678 time 4.26s
Epoch 24/120 17/48 loss: 0.7648 time 4.25s
Epoch 24/120 18/48 loss: 0.7618 time 4.26s
Epoch 24/120 19/48 loss: 0.7671 time 4.25s
Epoch 24/120 20/48 loss: 0.7757 time 4.25s
Epoch 24/120 21/48 loss: 0.7727 time 4.25s
Epoch 24/120 22/48 loss: 0.7658 time 4.25s
Epoch 24/120 23/48 loss: 0.7617 time 4.25s
Epoch 24/120 24/48 loss: 0.7694 time 4.24s
Epoch 24/120 25/48 loss: 0.7679 time 4.26s
Epoch 24/120 26/48 loss: 0.7699 time 4.25s
Epoch 24/120 27/48 loss: 0.7780 time 4.25s
Epoch 24/120 28/48 loss: 0.7836 time 4.25s
Epoch 24/120 29/48 loss: 0.7810 time 4.26s
Epoch 24/120 30/48 loss: 0.7783 time 4.26s
Epoch 24/120 31/48 loss: 0.7773 time 4.26s
Epoch 24/120 32/48 loss: 0.7727 time 4.26s
Epoch 24/120 33/48 loss: 0.7749 time 4.25s
Epoch 24/120 34/48 loss: 0.7718 time 4.25s
Epoch 24/120 35/48 loss: 0.7693 time 4.25s
Epoch 24/120 36/48 loss: 0.7708 time 4.25s
Epoch 24/120 37/48 loss: 0.7695 time 4.25s
Epoch 24/120 38/48 loss: 0.7683 time 4.25s
Epoch 24/120 39/48 loss: 0.7706 time 4.25s
Epoch 24/120 40/48 loss: 0.7735 time 4.25s
Epoch 24/120 41/48 loss: 0.7764 time 4.25s
Epoch 24/120 42/48 loss: 0.7770 time 4.25s
Epoch 24/120 43/48 loss: 0.7736 time 4.25s
Epoch 24/120 44/48 loss: 0.7761 time 4.25s
Epoch 24/120 45/48 loss: 0.7771 time 4.26s
Epoch 24/120 46/48 loss: 0.7745 time 4.26s
Epoch 24/120 47/48 loss: 0.7757 time 4.26s
Final training  24/119 loss: 0.7757 time 207.15s
Sat Aug 12 08:30:00 2023 Epoch: 25
Epoch 25/120 0/48 loss: 0.7096 time 7.71s
Epoch 25/120 1/48 loss: 0.7610 time 4.24s
Epoch 25/120 2/48 loss: 0.7425 time 4.25s
Epoch 25/120 3/48 loss: 0.7131 time 4.25s
Epoch 25/120 4/48 loss: 0.7343 time 4.25s
Epoch 25/120 5/48 loss: 0.7460 time 4.25s
Epoch 25/120 6/48 loss: 0.7371 time 4.25s
Epoch 25/120 7/48 loss: 0.7521 time 4.25s
Epoch 25/120 8/48 loss: 0.7409 time 4.25s
Epoch 25/120 9/48 loss: 0.7485 time 4.25s
Epoch 25/120 10/48 loss: 0.7591 time 4.25s
Epoch 25/120 11/48 loss: 0.7697 time 4.25s
Epoch 25/120 12/48 loss: 0.7683 time 4.26s
Epoch 25/120 13/48 loss: 0.7762 time 4.25s
Epoch 25/120 14/48 loss: 0.7809 time 4.25s
Epoch 25/120 15/48 loss: 0.7693 time 4.26s
Epoch 25/120 16/48 loss: 0.7694 time 4.25s
Epoch 25/120 17/48 loss: 0.7653 time 4.25s
Epoch 25/120 18/48 loss: 0.7664 time 4.25s
Epoch 25/120 19/48 loss: 0.7636 time 4.25s
Epoch 25/120 20/48 loss: 0.7627 time 4.25s
Epoch 25/120 21/48 loss: 0.7687 time 4.25s
Epoch 25/120 22/48 loss: 0.7664 time 4.25s
Epoch 25/120 23/48 loss: 0.7672 time 4.25s
Epoch 25/120 24/48 loss: 0.7643 time 4.25s
Epoch 25/120 25/48 loss: 0.7637 time 4.25s
Epoch 25/120 26/48 loss: 0.7595 time 4.25s
Epoch 25/120 27/48 loss: 0.7620 time 4.25s
Epoch 25/120 28/48 loss: 0.7683 time 4.25s
Epoch 25/120 29/48 loss: 0.7760 time 4.26s
Epoch 25/120 30/48 loss: 0.7737 time 4.26s
Epoch 25/120 31/48 loss: 0.7793 time 4.25s
Epoch 25/120 32/48 loss: 0.7814 time 4.26s
Epoch 25/120 33/48 loss: 0.7844 time 4.25s
Epoch 25/120 34/48 loss: 0.7829 time 4.25s
Epoch 25/120 35/48 loss: 0.7796 time 4.26s
Epoch 25/120 36/48 loss: 0.7780 time 4.25s
Epoch 25/120 37/48 loss: 0.7797 time 4.25s
Epoch 25/120 38/48 loss: 0.7811 time 4.25s
Epoch 25/120 39/48 loss: 0.7787 time 4.25s
Epoch 25/120 40/48 loss: 0.7749 time 4.25s
Epoch 25/120 41/48 loss: 0.7787 time 4.25s
Epoch 25/120 42/48 loss: 0.7748 time 4.25s
Epoch 25/120 43/48 loss: 0.7723 time 4.25s
Epoch 25/120 44/48 loss: 0.7707 time 4.25s
Epoch 25/120 45/48 loss: 0.7692 time 4.26s
Epoch 25/120 46/48 loss: 0.7718 time 4.26s
Epoch 25/120 47/48 loss: 0.7729 time 4.26s
Final training  25/119 loss: 0.7729 time 207.67s
Sat Aug 12 08:33:28 2023 Epoch: 26
Epoch 26/120 0/48 loss: 0.8894 time 7.13s
Epoch 26/120 1/48 loss: 0.8040 time 4.25s
Epoch 26/120 2/48 loss: 0.8178 time 4.24s
Epoch 26/120 3/48 loss: 0.7953 time 4.25s
Epoch 26/120 4/48 loss: 0.8360 time 4.25s
Epoch 26/120 5/48 loss: 0.8526 time 4.25s
Epoch 26/120 6/48 loss: 0.8254 time 4.25s
Epoch 26/120 7/48 loss: 0.8294 time 4.25s
Epoch 26/120 8/48 loss: 0.8355 time 4.25s
Epoch 26/120 9/48 loss: 0.8140 time 4.25s
Epoch 26/120 10/48 loss: 0.8081 time 4.25s
Epoch 26/120 11/48 loss: 0.8089 time 4.25s
Epoch 26/120 12/48 loss: 0.8146 time 4.26s
Epoch 26/120 13/48 loss: 0.8061 time 4.26s
Epoch 26/120 14/48 loss: 0.8000 time 4.26s
Epoch 26/120 15/48 loss: 0.7927 time 4.25s
Epoch 26/120 16/48 loss: 0.7959 time 4.25s
Epoch 26/120 17/48 loss: 0.7984 time 4.25s
Epoch 26/120 18/48 loss: 0.8025 time 4.25s
Epoch 26/120 19/48 loss: 0.8100 time 4.25s
Epoch 26/120 20/48 loss: 0.7993 time 4.25s
Epoch 26/120 21/48 loss: 0.7924 time 4.25s
Epoch 26/120 22/48 loss: 0.7880 time 4.25s
Epoch 26/120 23/48 loss: 0.7945 time 4.26s
Epoch 26/120 24/48 loss: 0.7911 time 4.25s
Epoch 26/120 25/48 loss: 0.7908 time 4.25s
Epoch 26/120 26/48 loss: 0.7876 time 4.25s
Epoch 26/120 27/48 loss: 0.7881 time 4.26s
Epoch 26/120 28/48 loss: 0.7845 time 4.26s
Epoch 26/120 29/48 loss: 0.7853 time 4.26s
Epoch 26/120 30/48 loss: 0.7852 time 4.26s
Epoch 26/120 31/48 loss: 0.7863 time 4.25s
Epoch 26/120 32/48 loss: 0.7838 time 4.25s
Epoch 26/120 33/48 loss: 0.7802 time 4.25s
Epoch 26/120 34/48 loss: 0.7780 time 4.25s
Epoch 26/120 35/48 loss: 0.7744 time 4.25s
Epoch 26/120 36/48 loss: 0.7755 time 4.25s
Epoch 26/120 37/48 loss: 0.7769 time 4.25s
Epoch 26/120 38/48 loss: 0.7750 time 4.25s
Epoch 26/120 39/48 loss: 0.7708 time 4.25s
Epoch 26/120 40/48 loss: 0.7708 time 4.25s
Epoch 26/120 41/48 loss: 0.7702 time 4.25s
Epoch 26/120 42/48 loss: 0.7685 time 4.25s
Epoch 26/120 43/48 loss: 0.7651 time 4.26s
Epoch 26/120 44/48 loss: 0.7665 time 4.26s
Epoch 26/120 45/48 loss: 0.7692 time 4.25s
Epoch 26/120 46/48 loss: 0.7687 time 4.25s
Epoch 26/120 47/48 loss: 0.7706 time 4.25s
Final training  26/119 loss: 0.7706 time 207.13s
Sat Aug 12 08:36:55 2023 Epoch: 27
Epoch 27/120 0/48 loss: 0.7994 time 7.05s
Epoch 27/120 1/48 loss: 0.8048 time 4.25s
Epoch 27/120 2/48 loss: 0.7523 time 4.25s
Epoch 27/120 3/48 loss: 0.7392 time 4.25s
Epoch 27/120 4/48 loss: 0.7566 time 4.25s
Epoch 27/120 5/48 loss: 0.7550 time 4.25s
Epoch 27/120 6/48 loss: 0.7495 time 4.25s
Epoch 27/120 7/48 loss: 0.7728 time 4.25s
Epoch 27/120 8/48 loss: 0.7650 time 4.25s
Epoch 27/120 9/48 loss: 0.7532 time 4.25s
Epoch 27/120 10/48 loss: 0.7522 time 4.25s
Epoch 27/120 11/48 loss: 0.7598 time 4.25s
Epoch 27/120 12/48 loss: 0.7554 time 4.25s
Epoch 27/120 13/48 loss: 0.7514 time 4.25s
Epoch 27/120 14/48 loss: 0.7452 time 4.25s
Epoch 27/120 15/48 loss: 0.7417 time 4.25s
Epoch 27/120 16/48 loss: 0.7323 time 4.25s
Epoch 27/120 17/48 loss: 0.7284 time 4.25s
Epoch 27/120 18/48 loss: 0.7294 time 4.25s
Epoch 27/120 19/48 loss: 0.7405 time 4.25s
Epoch 27/120 20/48 loss: 0.7419 time 4.25s
Epoch 27/120 21/48 loss: 0.7405 time 4.25s
Epoch 27/120 22/48 loss: 0.7458 time 4.25s
Epoch 27/120 23/48 loss: 0.7450 time 4.25s
Epoch 27/120 24/48 loss: 0.7474 time 4.25s
Epoch 27/120 25/48 loss: 0.7500 time 4.25s
Epoch 27/120 26/48 loss: 0.7530 time 4.26s
Epoch 27/120 27/48 loss: 0.7598 time 4.26s
Epoch 27/120 28/48 loss: 0.7631 time 4.26s
Epoch 27/120 29/48 loss: 0.7670 time 4.26s
Epoch 27/120 30/48 loss: 0.7709 time 4.25s
Epoch 27/120 31/48 loss: 0.7661 time 4.25s
Epoch 27/120 32/48 loss: 0.7731 time 4.25s
Epoch 27/120 33/48 loss: 0.7733 time 4.26s
Epoch 27/120 34/48 loss: 0.7690 time 4.25s
Epoch 27/120 35/48 loss: 0.7644 time 4.26s
Epoch 27/120 36/48 loss: 0.7627 time 4.25s
Epoch 27/120 37/48 loss: 0.7612 time 4.25s
Epoch 27/120 38/48 loss: 0.7594 time 4.25s
Epoch 27/120 39/48 loss: 0.7614 time 4.25s
Epoch 27/120 40/48 loss: 0.7619 time 4.25s
Epoch 27/120 41/48 loss: 0.7633 time 4.26s
Epoch 27/120 42/48 loss: 0.7614 time 4.26s
Epoch 27/120 43/48 loss: 0.7642 time 4.26s
Epoch 27/120 44/48 loss: 0.7622 time 4.26s
Epoch 27/120 45/48 loss: 0.7649 time 4.25s
Epoch 27/120 46/48 loss: 0.7666 time 4.25s
Epoch 27/120 47/48 loss: 0.7688 time 4.25s
Final training  27/119 loss: 0.7688 time 207.03s
Sat Aug 12 08:40:22 2023 Epoch: 28
Epoch 28/120 0/48 loss: 0.8865 time 7.57s
Epoch 28/120 1/48 loss: 0.8134 time 4.24s
Epoch 28/120 2/48 loss: 0.8217 time 4.25s
Epoch 28/120 3/48 loss: 0.8171 time 4.25s
Epoch 28/120 4/48 loss: 0.8403 time 4.24s
Epoch 28/120 5/48 loss: 0.8253 time 4.25s
Epoch 28/120 6/48 loss: 0.8301 time 4.25s
Epoch 28/120 7/48 loss: 0.8032 time 4.25s
Epoch 28/120 8/48 loss: 0.8041 time 4.25s
Epoch 28/120 9/48 loss: 0.8090 time 4.25s
Epoch 28/120 10/48 loss: 0.8062 time 4.25s
Epoch 28/120 11/48 loss: 0.8077 time 4.26s
Epoch 28/120 12/48 loss: 0.7992 time 4.25s
Epoch 28/120 13/48 loss: 0.7907 time 4.25s
Epoch 28/120 14/48 loss: 0.8007 time 4.25s
Epoch 28/120 15/48 loss: 0.7917 time 4.25s
Epoch 28/120 16/48 loss: 0.7864 time 4.25s
Epoch 28/120 17/48 loss: 0.7852 time 4.25s
Epoch 28/120 18/48 loss: 0.7762 time 4.26s
Epoch 28/120 19/48 loss: 0.7746 time 4.25s
Epoch 28/120 20/48 loss: 0.7777 time 4.25s
Epoch 28/120 21/48 loss: 0.7735 time 4.25s
Epoch 28/120 22/48 loss: 0.7745 time 4.25s
Epoch 28/120 23/48 loss: 0.7696 time 4.25s
Epoch 28/120 24/48 loss: 0.7716 time 4.26s
Epoch 28/120 25/48 loss: 0.7760 time 4.25s
Epoch 28/120 26/48 loss: 0.7784 time 4.26s
Epoch 28/120 27/48 loss: 0.7761 time 4.26s
Epoch 28/120 28/48 loss: 0.7743 time 4.26s
Epoch 28/120 29/48 loss: 0.7677 time 4.25s
Epoch 28/120 30/48 loss: 0.7736 time 4.25s
Epoch 28/120 31/48 loss: 0.7713 time 4.25s
Epoch 28/120 32/48 loss: 0.7746 time 4.25s
Epoch 28/120 33/48 loss: 0.7724 time 4.25s
Epoch 28/120 34/48 loss: 0.7754 time 4.26s
Epoch 28/120 35/48 loss: 0.7736 time 4.25s
Epoch 28/120 36/48 loss: 0.7700 time 4.25s
Epoch 28/120 37/48 loss: 0.7666 time 4.25s
Epoch 28/120 38/48 loss: 0.7725 time 4.25s
Epoch 28/120 39/48 loss: 0.7708 time 4.25s
Epoch 28/120 40/48 loss: 0.7709 time 4.25s
Epoch 28/120 41/48 loss: 0.7691 time 4.26s
Epoch 28/120 42/48 loss: 0.7652 time 4.26s
Epoch 28/120 43/48 loss: 0.7634 time 4.26s
Epoch 28/120 44/48 loss: 0.7614 time 4.25s
Epoch 28/120 45/48 loss: 0.7638 time 4.25s
Epoch 28/120 46/48 loss: 0.7648 time 4.25s
Epoch 28/120 47/48 loss: 0.7661 time 4.25s
Final training  28/119 loss: 0.7661 time 207.53s
Sat Aug 12 08:43:50 2023 Epoch: 29
Epoch 29/120 0/48 loss: 0.8167 time 7.75s
Epoch 29/120 1/48 loss: 0.7146 time 4.24s
Epoch 29/120 2/48 loss: 0.7037 time 4.24s
Epoch 29/120 3/48 loss: 0.6875 time 4.25s
Epoch 29/120 4/48 loss: 0.6943 time 4.25s
Epoch 29/120 5/48 loss: 0.7025 time 4.26s
Epoch 29/120 6/48 loss: 0.7077 time 4.25s
Epoch 29/120 7/48 loss: 0.7037 time 4.25s
Epoch 29/120 8/48 loss: 0.7187 time 4.26s
Epoch 29/120 9/48 loss: 0.7339 time 4.25s
Epoch 29/120 10/48 loss: 0.7408 time 4.25s
Epoch 29/120 11/48 loss: 0.7408 time 4.25s
Epoch 29/120 12/48 loss: 0.7485 time 4.25s
Epoch 29/120 13/48 loss: 0.7448 time 4.25s
Epoch 29/120 14/48 loss: 0.7490 time 4.25s
Epoch 29/120 15/48 loss: 0.7575 time 4.25s
Epoch 29/120 16/48 loss: 0.7688 time 4.25s
Epoch 29/120 17/48 loss: 0.7748 time 4.25s
Epoch 29/120 18/48 loss: 0.7707 time 4.25s
Epoch 29/120 19/48 loss: 0.7643 time 4.25s
Epoch 29/120 20/48 loss: 0.7613 time 4.25s
Epoch 29/120 21/48 loss: 0.7721 time 4.25s
Epoch 29/120 22/48 loss: 0.7723 time 4.25s
Epoch 29/120 23/48 loss: 0.7734 time 4.26s
Epoch 29/120 24/48 loss: 0.7710 time 4.25s
Epoch 29/120 25/48 loss: 0.7731 time 4.26s
Epoch 29/120 26/48 loss: 0.7697 time 4.26s
Epoch 29/120 27/48 loss: 0.7716 time 4.25s
Epoch 29/120 28/48 loss: 0.7743 time 4.25s
Epoch 29/120 29/48 loss: 0.7743 time 4.25s
Epoch 29/120 30/48 loss: 0.7679 time 4.26s
Epoch 29/120 31/48 loss: 0.7644 time 4.25s
Epoch 29/120 32/48 loss: 0.7679 time 4.25s
Epoch 29/120 33/48 loss: 0.7645 time 4.26s
Epoch 29/120 34/48 loss: 0.7624 time 4.25s
Epoch 29/120 35/48 loss: 0.7599 time 4.25s
Epoch 29/120 36/48 loss: 0.7608 time 4.25s
Epoch 29/120 37/48 loss: 0.7591 time 4.25s
Epoch 29/120 38/48 loss: 0.7553 time 4.25s
Epoch 29/120 39/48 loss: 0.7554 time 4.25s
Epoch 29/120 40/48 loss: 0.7597 time 4.26s
Epoch 29/120 41/48 loss: 0.7620 time 4.26s
Epoch 29/120 42/48 loss: 0.7637 time 4.26s
Epoch 29/120 43/48 loss: 0.7624 time 4.26s
Epoch 29/120 44/48 loss: 0.7650 time 4.25s
Epoch 29/120 45/48 loss: 0.7688 time 4.25s
Epoch 29/120 46/48 loss: 0.7672 time 4.25s
Epoch 29/120 47/48 loss: 0.7637 time 4.25s
Final training  29/119 loss: 0.7637 time 207.74s
Sat Aug 12 08:47:17 2023 Epoch: 30
Epoch 30/120 0/48 loss: 0.8078 time 7.59s
Epoch 30/120 1/48 loss: 0.8422 time 4.24s
Epoch 30/120 2/48 loss: 0.7932 time 4.25s
Epoch 30/120 3/48 loss: 0.7803 time 4.24s
Epoch 30/120 4/48 loss: 0.7870 time 4.25s
Epoch 30/120 5/48 loss: 0.7972 time 4.25s
Epoch 30/120 6/48 loss: 0.7837 time 4.24s
Epoch 30/120 7/48 loss: 0.8106 time 4.25s
Epoch 30/120 8/48 loss: 0.7964 time 4.25s
Epoch 30/120 9/48 loss: 0.8098 time 4.25s
Epoch 30/120 10/48 loss: 0.8163 time 4.25s
Epoch 30/120 11/48 loss: 0.7982 time 4.25s
Epoch 30/120 12/48 loss: 0.7893 time 4.25s
Epoch 30/120 13/48 loss: 0.7739 time 4.25s
Epoch 30/120 14/48 loss: 0.7856 time 4.25s
Epoch 30/120 15/48 loss: 0.7810 time 4.25s
Epoch 30/120 16/48 loss: 0.7750 time 4.25s
Epoch 30/120 17/48 loss: 0.7749 time 4.25s
Epoch 30/120 18/48 loss: 0.7742 time 4.25s
Epoch 30/120 19/48 loss: 0.7674 time 4.25s
Epoch 30/120 20/48 loss: 0.7638 time 4.25s
Epoch 30/120 21/48 loss: 0.7690 time 4.25s
Epoch 30/120 22/48 loss: 0.7655 time 4.25s
Epoch 30/120 23/48 loss: 0.7683 time 4.26s
Epoch 30/120 24/48 loss: 0.7653 time 4.26s
Epoch 30/120 25/48 loss: 0.7624 time 4.25s
Epoch 30/120 26/48 loss: 0.7668 time 4.25s
Epoch 30/120 27/48 loss: 0.7622 time 4.25s
Epoch 30/120 28/48 loss: 0.7606 time 4.25s
Epoch 30/120 29/48 loss: 0.7631 time 4.25s
Epoch 30/120 30/48 loss: 0.7600 time 4.25s
Epoch 30/120 31/48 loss: 0.7630 time 4.25s
Epoch 30/120 32/48 loss: 0.7653 time 4.25s
Epoch 30/120 33/48 loss: 0.7665 time 4.25s
Epoch 30/120 34/48 loss: 0.7667 time 4.25s
Epoch 30/120 35/48 loss: 0.7673 time 4.25s
Epoch 30/120 36/48 loss: 0.7656 time 4.25s
Epoch 30/120 37/48 loss: 0.7683 time 4.25s
Epoch 30/120 38/48 loss: 0.7652 time 4.26s
Epoch 30/120 39/48 loss: 0.7625 time 4.26s
Epoch 30/120 40/48 loss: 0.7618 time 4.26s
Epoch 30/120 41/48 loss: 0.7633 time 4.26s
Epoch 30/120 42/48 loss: 0.7640 time 4.26s
Epoch 30/120 43/48 loss: 0.7653 time 4.25s
Epoch 30/120 44/48 loss: 0.7618 time 4.25s
Epoch 30/120 45/48 loss: 0.7656 time 4.26s
Epoch 30/120 46/48 loss: 0.7650 time 4.25s
Epoch 30/120 47/48 loss: 0.7617 time 4.25s
Final training  30/119 loss: 0.7617 time 207.55s
Sat Aug 12 08:50:45 2023 Epoch: 31
Epoch 31/120 0/48 loss: 0.5962 time 7.55s
Epoch 31/120 1/48 loss: 0.7634 time 4.24s
Epoch 31/120 2/48 loss: 0.7766 time 4.25s
Epoch 31/120 3/48 loss: 0.7837 time 4.25s
Epoch 31/120 4/48 loss: 0.8018 time 4.25s
Epoch 31/120 5/48 loss: 0.7802 time 4.25s
Epoch 31/120 6/48 loss: 0.7875 time 4.25s
Epoch 31/120 7/48 loss: 0.7816 time 4.25s
Epoch 31/120 8/48 loss: 0.7763 time 4.25s
Epoch 31/120 9/48 loss: 0.7865 time 4.25s
Epoch 31/120 10/48 loss: 0.7776 time 4.25s
Epoch 31/120 11/48 loss: 0.7636 time 4.25s
Epoch 31/120 12/48 loss: 0.7598 time 4.25s
Epoch 31/120 13/48 loss: 0.7520 time 4.25s
Epoch 31/120 14/48 loss: 0.7483 time 4.25s
Epoch 31/120 15/48 loss: 0.7556 time 4.25s
Epoch 31/120 16/48 loss: 0.7512 time 4.25s
Epoch 31/120 17/48 loss: 0.7478 time 4.25s
Epoch 31/120 18/48 loss: 0.7418 time 4.25s
Epoch 31/120 19/48 loss: 0.7365 time 4.25s
Epoch 31/120 20/48 loss: 0.7381 time 4.26s
Epoch 31/120 21/48 loss: 0.7320 time 4.25s
Epoch 31/120 22/48 loss: 0.7355 time 4.26s
Epoch 31/120 23/48 loss: 0.7440 time 4.26s
Epoch 31/120 24/48 loss: 0.7446 time 4.26s
Epoch 31/120 25/48 loss: 0.7465 time 4.25s
Epoch 31/120 26/48 loss: 0.7539 time 4.25s
Epoch 31/120 27/48 loss: 0.7472 time 4.25s
Epoch 31/120 28/48 loss: 0.7508 time 4.25s
Epoch 31/120 29/48 loss: 0.7514 time 4.26s
Epoch 31/120 30/48 loss: 0.7481 time 4.25s
Epoch 31/120 31/48 loss: 0.7461 time 4.25s
Epoch 31/120 32/48 loss: 0.7457 time 4.25s
Epoch 31/120 33/48 loss: 0.7436 time 4.25s
Epoch 31/120 34/48 loss: 0.7426 time 4.25s
Epoch 31/120 35/48 loss: 0.7462 time 4.25s
Epoch 31/120 36/48 loss: 0.7447 time 4.25s
Epoch 31/120 37/48 loss: 0.7467 time 4.26s
Epoch 31/120 38/48 loss: 0.7531 time 4.26s
Epoch 31/120 39/48 loss: 0.7563 time 4.26s
Epoch 31/120 40/48 loss: 0.7570 time 4.26s
Epoch 31/120 41/48 loss: 0.7589 time 4.25s
Epoch 31/120 42/48 loss: 0.7606 time 4.25s
Epoch 31/120 43/48 loss: 0.7625 time 4.25s
Epoch 31/120 44/48 loss: 0.7611 time 4.25s
Epoch 31/120 45/48 loss: 0.7623 time 4.25s
Epoch 31/120 46/48 loss: 0.7602 time 4.26s
Epoch 31/120 47/48 loss: 0.7587 time 4.25s
Final training  31/119 loss: 0.7587 time 207.52s
Sat Aug 12 08:54:13 2023 Epoch: 32
Epoch 32/120 0/48 loss: 0.6814 time 6.75s
Epoch 32/120 1/48 loss: 0.7188 time 4.25s
Epoch 32/120 2/48 loss: 0.7462 time 4.26s
Epoch 32/120 3/48 loss: 0.7759 time 4.25s
Epoch 32/120 4/48 loss: 0.7588 time 4.25s
Epoch 32/120 5/48 loss: 0.7405 time 4.26s
Epoch 32/120 6/48 loss: 0.7535 time 4.25s
Epoch 32/120 7/48 loss: 0.7650 time 4.26s
Epoch 32/120 8/48 loss: 0.7517 time 4.25s
Epoch 32/120 9/48 loss: 0.7638 time 4.25s
Epoch 32/120 10/48 loss: 0.7652 time 4.25s
Epoch 32/120 11/48 loss: 0.7796 time 4.25s
Epoch 32/120 12/48 loss: 0.7723 time 4.25s
Epoch 32/120 13/48 loss: 0.7720 time 4.25s
Epoch 32/120 14/48 loss: 0.7751 time 4.25s
Epoch 32/120 15/48 loss: 0.7763 time 4.25s
Epoch 32/120 16/48 loss: 0.7863 time 4.25s
Epoch 32/120 17/48 loss: 0.7834 time 4.25s
Epoch 32/120 18/48 loss: 0.7844 time 4.25s
Epoch 32/120 19/48 loss: 0.7822 time 4.25s
Epoch 32/120 20/48 loss: 0.7788 time 4.26s
Epoch 32/120 21/48 loss: 0.7704 time 4.26s
Epoch 32/120 22/48 loss: 0.7632 time 4.26s
Epoch 32/120 23/48 loss: 0.7730 time 4.26s
Epoch 32/120 24/48 loss: 0.7745 time 4.26s
Epoch 32/120 25/48 loss: 0.7721 time 4.25s
Epoch 32/120 26/48 loss: 0.7758 time 4.25s
Epoch 32/120 27/48 loss: 0.7720 time 4.25s
Epoch 32/120 28/48 loss: 0.7774 time 4.25s
Epoch 32/120 29/48 loss: 0.7792 time 4.25s
Epoch 32/120 30/48 loss: 0.7810 time 4.25s
Epoch 32/120 31/48 loss: 0.7763 time 4.25s
Epoch 32/120 32/48 loss: 0.7738 time 4.25s
Epoch 32/120 33/48 loss: 0.7713 time 4.25s
Epoch 32/120 34/48 loss: 0.7686 time 4.25s
Epoch 32/120 35/48 loss: 0.7664 time 4.25s
Epoch 32/120 36/48 loss: 0.7645 time 4.25s
Epoch 32/120 37/48 loss: 0.7637 time 4.26s
Epoch 32/120 38/48 loss: 0.7650 time 4.25s
Epoch 32/120 39/48 loss: 0.7678 time 4.26s
Epoch 32/120 40/48 loss: 0.7660 time 4.25s
Epoch 32/120 41/48 loss: 0.7638 time 4.26s
Epoch 32/120 42/48 loss: 0.7658 time 4.25s
Epoch 32/120 43/48 loss: 0.7613 time 4.25s
Epoch 32/120 44/48 loss: 0.7584 time 4.25s
Epoch 32/120 45/48 loss: 0.7590 time 4.25s
Epoch 32/120 46/48 loss: 0.7615 time 4.25s
Epoch 32/120 47/48 loss: 0.7582 time 4.25s
Final training  32/119 loss: 0.7582 time 206.76s
Sat Aug 12 08:57:39 2023 Epoch: 33
