None

       optimizer = torch.optim.AdamW(model.parameters(), lr=1e-5, weight_decay=1e-5)
       scheduler = torch.optim.lr_scheduler.CosineAnnealingLR(optimizer, T_max=max_epochs)

        max_epoch = 120
        validation = 40

    
MONAI version: 1.2.0rc7+9.g84940298
Numpy version: 1.24.2
Pytorch version: 1.13.1
MONAI flags: HAS_EXT = False, USE_COMPILED = False, USE_META_DICT = False
MONAI rev id: 84940298bff9ff1f54845eb8ae7422c0092c09c1
MONAI __file__: /home/guest185/hackathon_38/lib/python3.8/site-packages/monai/__init__.py

Optional dependencies:
Pytorch Ignite version: 0.4.2
ITK version: NOT INSTALLED or UNKNOWN VERSION.
Nibabel version: 5.1.0
scikit-image version: 0.19.3
Pillow version: 9.5.0
Tensorboard version: 2.13.0
gdown version: 4.7.1
TorchVision version: 0.14.1
tqdm version: 4.65.0
lmdb version: 1.2.1
psutil version: 5.9.4
pandas version: 1.5.3
einops version: 0.6.1
transformers version: 4.21.3
mlflow version: NOT INSTALLED or UNKNOWN VERSION.
pynrrd version: 1.0.0

For details about installing the optional dependencies, please visit:
    https://docs.monai.io/en/latest/installation.html#installing-the-recommended-dependencies

/tmp/tmpos_ovjef
image shape: (240, 240, 155), label shape: (240, 240, 155)
Sat Aug 12 06:59:53 2023 Epoch: 0
In the future `np.bool` will be defined as the corresponding NumPy scalar.
In the future `np.bool` will be defined as the corresponding NumPy scalar.
In the future `np.bool` will be defined as the corresponding NumPy scalar.
In the future `np.bool` will be defined as the corresponding NumPy scalar.
monai.transforms.io.dictionary LoadImaged.__init__:image_only: Current default value of argument `image_only=False` has been deprecated since version 1.1. It will be changed to `image_only=True` in version 1.3.
In the future `np.bool` will be defined as the corresponding NumPy scalar.
In the future `np.bool` will be defined as the corresponding NumPy scalar.
Epoch 0/120 0/48 loss: 0.9687 time 26.73s
Epoch 0/120 1/48 loss: 0.9347 time 4.22s
Epoch 0/120 2/48 loss: 0.9296 time 4.52s
Epoch 0/120 3/48 loss: 0.9306 time 4.13s
Epoch 0/120 4/48 loss: 0.9213 time 4.16s
Epoch 0/120 5/48 loss: 0.9277 time 4.16s
Epoch 0/120 6/48 loss: 0.9162 time 4.18s
Epoch 0/120 7/48 loss: 0.9069 time 4.16s
Epoch 0/120 8/48 loss: 0.9003 time 4.18s
Epoch 0/120 9/48 loss: 0.9015 time 4.18s
Epoch 0/120 10/48 loss: 0.9007 time 4.18s
Epoch 0/120 11/48 loss: 0.8979 time 4.20s
Epoch 0/120 12/48 loss: 0.9011 time 4.19s
Epoch 0/120 13/48 loss: 0.9027 time 4.19s
Epoch 0/120 14/48 loss: 0.9071 time 4.21s
Epoch 0/120 15/48 loss: 0.9107 time 4.21s
Epoch 0/120 16/48 loss: 0.9085 time 4.21s
Epoch 0/120 17/48 loss: 0.9111 time 4.22s
Epoch 0/120 18/48 loss: 0.9074 time 4.23s
Epoch 0/120 19/48 loss: 0.9080 time 4.23s
Epoch 0/120 20/48 loss: 0.9092 time 4.23s
Epoch 0/120 21/48 loss: 0.9079 time 4.24s
Epoch 0/120 22/48 loss: 0.9091 time 4.24s
Epoch 0/120 23/48 loss: 0.9109 time 4.25s
Epoch 0/120 24/48 loss: 0.9063 time 4.25s
Epoch 0/120 25/48 loss: 0.9048 time 4.26s
Epoch 0/120 26/48 loss: 0.9060 time 4.25s
Epoch 0/120 27/48 loss: 0.9058 time 4.25s
Epoch 0/120 28/48 loss: 0.9083 time 4.27s
Epoch 0/120 29/48 loss: 0.9095 time 4.27s
Epoch 0/120 30/48 loss: 0.9089 time 4.27s
Epoch 0/120 31/48 loss: 0.9076 time 4.27s
Epoch 0/120 32/48 loss: 0.9063 time 4.27s
Epoch 0/120 33/48 loss: 0.9047 time 4.27s
Epoch 0/120 34/48 loss: 0.9020 time 4.28s
Epoch 0/120 35/48 loss: 0.9041 time 4.27s
Epoch 0/120 36/48 loss: 0.9024 time 4.29s
Epoch 0/120 37/48 loss: 0.9045 time 4.28s
Epoch 0/120 38/48 loss: 0.9057 time 4.30s
Epoch 0/120 39/48 loss: 0.9043 time 4.27s
Epoch 0/120 40/48 loss: 0.9045 time 4.27s
Epoch 0/120 41/48 loss: 0.9030 time 4.27s
Epoch 0/120 42/48 loss: 0.9020 time 4.27s
Epoch 0/120 43/48 loss: 0.9042 time 4.27s
Epoch 0/120 44/48 loss: 0.9043 time 4.28s
Epoch 0/120 45/48 loss: 0.9051 time 4.28s
Epoch 0/120 46/48 loss: 0.9056 time 4.27s
Epoch 0/120 47/48 loss: 0.9042 time 4.29s
Final training  0/119 loss: 0.9042 time 226.30s
Val 0/120 0/12 , dice_tc: 0.013460737 , dice_wt: 0.58524287 , dice_et: 0.034893706 , time 45.84s
Val 0/120 1/12 , dice_tc: 0.010459855 , dice_wt: 0.47893578 , dice_et: 0.022729808 , time 33.12s
Val 0/120 2/12 , dice_tc: 0.017432744 , dice_wt: 0.5085374 , dice_et: 0.027472967 , time 33.22s
Val 0/120 3/12 , dice_tc: 0.015399808 , dice_wt: 0.51191425 , dice_et: 0.023895033 , time 33.20s
Val 0/120 4/12 , dice_tc: 0.0128565235 , dice_wt: 0.4208281 , dice_et: 0.020253297 , time 33.26s
Val 0/120 5/12 , dice_tc: 0.010807995 , dice_wt: 0.36326826 , dice_et: 0.017128246 , time 33.29s
Val 0/120 6/12 , dice_tc: 0.009571582 , dice_wt: 0.31938145 , dice_et: 0.015231855 , time 33.30s
Val 0/120 7/12 , dice_tc: 0.013291461 , dice_wt: 0.33578137 , dice_et: 0.01784721 , time 33.31s
Val 0/120 8/12 , dice_tc: 0.013935753 , dice_wt: 0.36041915 , dice_et: 0.019028733 , time 33.32s
Val 0/120 9/12 , dice_tc: 0.015957773 , dice_wt: 0.37236902 , dice_et: 0.022850115 , time 33.32s
Val 0/120 10/12 , dice_tc: 0.015679106 , dice_wt: 0.3730982 , dice_et: 0.02254274 , time 33.32s
Val 0/120 11/12 , dice_tc: 0.014686029 , dice_wt: 0.35453382 , dice_et: 0.02108319 , time 33.27s
Final validation stats 0/119 , dice_tc: 0.014686029 , dice_wt: 0.35453382 , dice_et: 0.02108319 , Dice_Avg: 0.13010101 , time 411.88s
new best (0.000000 --> 0.130101). 
Saving checkpoint /tmp/tmpos_ovjef/model.pt
Sat Aug 12 07:10:32 2023 Epoch: 1
None of the inputs have requires_grad=True. Gradients will be None
Epoch 1/120 0/48 loss: 0.9258 time 6.99s
Epoch 1/120 1/48 loss: 0.9044 time 4.30s
Epoch 1/120 2/48 loss: 0.8795 time 4.30s
Epoch 1/120 3/48 loss: 0.8685 time 4.30s
Epoch 1/120 4/48 loss: 0.8614 time 4.29s
Epoch 1/120 5/48 loss: 0.8519 time 4.29s
Epoch 1/120 6/48 loss: 0.8594 time 4.29s
Epoch 1/120 7/48 loss: 0.8499 time 4.29s
Epoch 1/120 8/48 loss: 0.8665 time 4.29s
Epoch 1/120 9/48 loss: 0.8772 time 4.29s
Epoch 1/120 10/48 loss: 0.8839 time 4.30s
Epoch 1/120 11/48 loss: 0.8851 time 4.29s
Epoch 1/120 12/48 loss: 0.8826 time 4.29s
Epoch 1/120 13/48 loss: 0.8737 time 4.29s
Epoch 1/120 14/48 loss: 0.8734 time 4.29s
Epoch 1/120 15/48 loss: 0.8706 time 4.29s
Epoch 1/120 16/48 loss: 0.8675 time 4.30s
Epoch 1/120 17/48 loss: 0.8700 time 4.30s
Epoch 1/120 18/48 loss: 0.8721 time 4.30s
Epoch 1/120 19/48 loss: 0.8699 time 4.29s
Epoch 1/120 20/48 loss: 0.8649 time 4.29s
Epoch 1/120 21/48 loss: 0.8646 time 4.29s
Epoch 1/120 22/48 loss: 0.8630 time 4.29s
Epoch 1/120 23/48 loss: 0.8609 time 4.29s
Epoch 1/120 24/48 loss: 0.8634 time 4.30s
Epoch 1/120 25/48 loss: 0.8645 time 4.31s
Epoch 1/120 26/48 loss: 0.8669 time 4.30s
Epoch 1/120 27/48 loss: 0.8660 time 4.30s
Epoch 1/120 28/48 loss: 0.8698 time 4.29s
Epoch 1/120 29/48 loss: 0.8696 time 4.29s
Epoch 1/120 30/48 loss: 0.8722 time 4.29s
Epoch 1/120 31/48 loss: 0.8727 time 4.30s
Epoch 1/120 32/48 loss: 0.8749 time 4.29s
Epoch 1/120 33/48 loss: 0.8757 time 4.30s
Epoch 1/120 34/48 loss: 0.8746 time 4.29s
Epoch 1/120 35/48 loss: 0.8717 time 4.30s
Epoch 1/120 36/48 loss: 0.8707 time 4.29s
Epoch 1/120 37/48 loss: 0.8684 time 4.30s
Epoch 1/120 38/48 loss: 0.8702 time 4.30s
Epoch 1/120 39/48 loss: 0.8676 time 4.29s
Epoch 1/120 40/48 loss: 0.8684 time 4.29s
Epoch 1/120 41/48 loss: 0.8696 time 4.29s
Epoch 1/120 42/48 loss: 0.8709 time 4.29s
Epoch 1/120 43/48 loss: 0.8724 time 4.29s
Epoch 1/120 44/48 loss: 0.8745 time 4.29s
Epoch 1/120 45/48 loss: 0.8732 time 4.30s
Epoch 1/120 46/48 loss: 0.8724 time 4.31s
Epoch 1/120 47/48 loss: 0.8693 time 4.29s
Final training  1/119 loss: 0.8693 time 208.96s
Sat Aug 12 07:14:01 2023 Epoch: 2
Epoch 2/120 0/48 loss: 0.9350 time 7.45s
Epoch 2/120 1/48 loss: 0.8472 time 4.30s
Epoch 2/120 2/48 loss: 0.8647 time 4.30s
Epoch 2/120 3/48 loss: 0.8542 time 4.29s
Epoch 2/120 4/48 loss: 0.8661 time 4.29s
Epoch 2/120 5/48 loss: 0.8552 time 4.29s
Epoch 2/120 6/48 loss: 0.8632 time 4.29s
Epoch 2/120 7/48 loss: 0.8456 time 4.29s
Epoch 2/120 8/48 loss: 0.8432 time 4.29s
Epoch 2/120 9/48 loss: 0.8350 time 4.29s
Epoch 2/120 10/48 loss: 0.8472 time 4.29s
Epoch 2/120 11/48 loss: 0.8430 time 4.29s
Epoch 2/120 12/48 loss: 0.8486 time 4.29s
Epoch 2/120 13/48 loss: 0.8407 time 4.29s
Epoch 2/120 14/48 loss: 0.8444 time 4.30s
Epoch 2/120 15/48 loss: 0.8398 time 4.30s
Epoch 2/120 16/48 loss: 0.8402 time 4.30s
Epoch 2/120 17/48 loss: 0.8395 time 4.30s
Epoch 2/120 18/48 loss: 0.8445 time 4.29s
Epoch 2/120 19/48 loss: 0.8399 time 4.29s
Epoch 2/120 20/48 loss: 0.8376 time 4.29s
Epoch 2/120 21/48 loss: 0.8413 time 4.31s
Epoch 2/120 22/48 loss: 0.8457 time 4.29s
Epoch 2/120 23/48 loss: 0.8435 time 4.29s
Epoch 2/120 24/48 loss: 0.8454 time 4.29s
Epoch 2/120 25/48 loss: 0.8454 time 4.29s
Epoch 2/120 26/48 loss: 0.8446 time 4.29s
Epoch 2/120 27/48 loss: 0.8459 time 4.29s
Epoch 2/120 28/48 loss: 0.8485 time 4.29s
Epoch 2/120 29/48 loss: 0.8498 time 4.29s
Epoch 2/120 30/48 loss: 0.8487 time 4.30s
Epoch 2/120 31/48 loss: 0.8498 time 4.30s
Epoch 2/120 32/48 loss: 0.8489 time 4.30s
Epoch 2/120 33/48 loss: 0.8499 time 4.29s
Epoch 2/120 34/48 loss: 0.8534 time 4.29s
Epoch 2/120 35/48 loss: 0.8565 time 4.30s
Epoch 2/120 36/48 loss: 0.8603 time 4.30s
Epoch 2/120 37/48 loss: 0.8566 time 4.29s
Epoch 2/120 38/48 loss: 0.8551 time 4.29s
Epoch 2/120 39/48 loss: 0.8557 time 4.29s
Epoch 2/120 40/48 loss: 0.8553 time 4.29s
Epoch 2/120 41/48 loss: 0.8539 time 4.29s
Epoch 2/120 42/48 loss: 0.8558 time 4.29s
Epoch 2/120 43/48 loss: 0.8545 time 4.29s
Epoch 2/120 44/48 loss: 0.8563 time 4.30s
Epoch 2/120 45/48 loss: 0.8551 time 4.30s
Epoch 2/120 46/48 loss: 0.8550 time 4.30s
Epoch 2/120 47/48 loss: 0.8529 time 4.30s
Final training  2/119 loss: 0.8529 time 209.36s
Sat Aug 12 07:17:30 2023 Epoch: 3
Epoch 3/120 0/48 loss: 0.8402 time 7.30s
Epoch 3/120 1/48 loss: 0.8882 time 4.29s
Epoch 3/120 2/48 loss: 0.8371 time 4.29s
Epoch 3/120 3/48 loss: 0.8141 time 4.29s
Epoch 3/120 4/48 loss: 0.8449 time 4.29s
Epoch 3/120 5/48 loss: 0.8345 time 4.29s
Epoch 3/120 6/48 loss: 0.8168 time 4.29s
Epoch 3/120 7/48 loss: 0.8165 time 4.29s
Epoch 3/120 8/48 loss: 0.8368 time 4.29s
Epoch 3/120 9/48 loss: 0.8403 time 4.29s
Epoch 3/120 10/48 loss: 0.8365 time 4.29s
Epoch 3/120 11/48 loss: 0.8283 time 4.29s
Epoch 3/120 12/48 loss: 0.8220 time 4.29s
Epoch 3/120 13/48 loss: 0.8201 time 4.30s
Epoch 3/120 14/48 loss: 0.8238 time 4.29s
Epoch 3/120 15/48 loss: 0.8256 time 4.30s
Epoch 3/120 16/48 loss: 0.8291 time 4.29s
Epoch 3/120 17/48 loss: 0.8317 time 4.29s
Epoch 3/120 18/48 loss: 0.8296 time 4.29s
Epoch 3/120 19/48 loss: 0.8257 time 4.29s
Epoch 3/120 20/48 loss: 0.8237 time 4.29s
Epoch 3/120 21/48 loss: 0.8284 time 4.29s
Epoch 3/120 22/48 loss: 0.8327 time 4.29s
Epoch 3/120 23/48 loss: 0.8345 time 4.29s
Epoch 3/120 24/48 loss: 0.8331 time 4.29s
Epoch 3/120 25/48 loss: 0.8326 time 4.29s
Epoch 3/120 26/48 loss: 0.8310 time 4.29s
Epoch 3/120 27/48 loss: 0.8261 time 4.29s
Epoch 3/120 28/48 loss: 0.8308 time 4.29s
Epoch 3/120 29/48 loss: 0.8299 time 4.30s
Epoch 3/120 30/48 loss: 0.8316 time 4.30s
Epoch 3/120 31/48 loss: 0.8297 time 4.30s
Epoch 3/120 32/48 loss: 0.8323 time 4.30s
Epoch 3/120 33/48 loss: 0.8364 time 4.31s
Epoch 3/120 34/48 loss: 0.8380 time 4.29s
Epoch 3/120 35/48 loss: 0.8407 time 4.29s
Epoch 3/120 36/48 loss: 0.8430 time 4.29s
Epoch 3/120 37/48 loss: 0.8412 time 4.29s
Epoch 3/120 38/48 loss: 0.8428 time 4.29s
Epoch 3/120 39/48 loss: 0.8419 time 4.29s
Epoch 3/120 40/48 loss: 0.8414 time 4.30s
Epoch 3/120 41/48 loss: 0.8426 time 4.30s
Epoch 3/120 42/48 loss: 0.8433 time 4.29s
Epoch 3/120 43/48 loss: 0.8401 time 4.29s
Epoch 3/120 44/48 loss: 0.8386 time 4.30s
Epoch 3/120 45/48 loss: 0.8375 time 4.30s
Epoch 3/120 46/48 loss: 0.8389 time 4.29s
Epoch 3/120 47/48 loss: 0.8403 time 4.30s
Final training  3/119 loss: 0.8403 time 209.22s
Sat Aug 12 07:20:59 2023 Epoch: 4
Epoch 4/120 0/48 loss: 0.9235 time 7.76s
Epoch 4/120 1/48 loss: 0.8524 time 4.29s
Epoch 4/120 2/48 loss: 0.8299 time 4.29s
Epoch 4/120 3/48 loss: 0.8160 time 4.29s
Epoch 4/120 4/48 loss: 0.7978 time 4.29s
Epoch 4/120 5/48 loss: 0.7986 time 4.29s
Epoch 4/120 6/48 loss: 0.7952 time 4.29s
Epoch 4/120 7/48 loss: 0.7956 time 4.29s
Epoch 4/120 8/48 loss: 0.8072 time 4.29s
Epoch 4/120 9/48 loss: 0.8101 time 4.29s
Epoch 4/120 10/48 loss: 0.8030 time 4.29s
Epoch 4/120 11/48 loss: 0.8081 time 4.30s
Epoch 4/120 12/48 loss: 0.8134 time 4.30s
Epoch 4/120 13/48 loss: 0.8099 time 4.30s
Epoch 4/120 14/48 loss: 0.8106 time 4.30s
Epoch 4/120 15/48 loss: 0.8156 time 4.29s
Epoch 4/120 16/48 loss: 0.8219 time 4.29s
Epoch 4/120 17/48 loss: 0.8214 time 4.29s
Epoch 4/120 18/48 loss: 0.8239 time 4.29s
Epoch 4/120 19/48 loss: 0.8254 time 4.29s
Epoch 4/120 20/48 loss: 0.8336 time 4.29s
Epoch 4/120 21/48 loss: 0.8320 time 4.29s
Epoch 4/120 22/48 loss: 0.8303 time 4.29s
Epoch 4/120 23/48 loss: 0.8341 time 4.29s
Epoch 4/120 24/48 loss: 0.8354 time 4.29s
Epoch 4/120 25/48 loss: 0.8325 time 4.29s
Epoch 4/120 26/48 loss: 0.8306 time 4.29s
Epoch 4/120 27/48 loss: 0.8272 time 4.29s
Epoch 4/120 28/48 loss: 0.8232 time 4.30s
Epoch 4/120 29/48 loss: 0.8184 time 4.30s
Epoch 4/120 30/48 loss: 0.8211 time 4.29s
Epoch 4/120 31/48 loss: 0.8244 time 4.29s
Epoch 4/120 32/48 loss: 0.8256 time 4.29s
Epoch 4/120 33/48 loss: 0.8288 time 4.29s
Epoch 4/120 34/48 loss: 0.8300 time 4.29s
Epoch 4/120 35/48 loss: 0.8323 time 4.31s
Epoch 4/120 36/48 loss: 0.8304 time 4.29s
Epoch 4/120 37/48 loss: 0.8286 time 4.29s
Epoch 4/120 38/48 loss: 0.8273 time 4.29s
Epoch 4/120 39/48 loss: 0.8306 time 4.29s
Epoch 4/120 40/48 loss: 0.8272 time 4.29s
Epoch 4/120 41/48 loss: 0.8304 time 4.29s
Epoch 4/120 42/48 loss: 0.8303 time 4.29s
Epoch 4/120 43/48 loss: 0.8278 time 4.30s
Epoch 4/120 44/48 loss: 0.8245 time 4.30s
Epoch 4/120 45/48 loss: 0.8258 time 4.30s
Epoch 4/120 46/48 loss: 0.8266 time 4.30s
Epoch 4/120 47/48 loss: 0.8296 time 4.30s
Final training  4/119 loss: 0.8296 time 209.68s
Sat Aug 12 07:24:29 2023 Epoch: 5
Epoch 5/120 0/48 loss: 0.7692 time 7.57s
Epoch 5/120 1/48 loss: 0.7498 time 4.29s
Epoch 5/120 2/48 loss: 0.7558 time 4.29s
Epoch 5/120 3/48 loss: 0.8165 time 4.29s
Epoch 5/120 4/48 loss: 0.7933 time 4.29s
Epoch 5/120 5/48 loss: 0.8215 time 4.29s
Epoch 5/120 6/48 loss: 0.8240 time 4.29s
Epoch 5/120 7/48 loss: 0.8286 time 4.29s
Epoch 5/120 8/48 loss: 0.8390 time 4.29s
Epoch 5/120 9/48 loss: 0.8232 time 4.29s
Epoch 5/120 10/48 loss: 0.8353 time 4.30s
Epoch 5/120 11/48 loss: 0.8432 time 4.30s
Epoch 5/120 12/48 loss: 0.8453 time 4.30s
Epoch 5/120 13/48 loss: 0.8401 time 4.30s
Epoch 5/120 14/48 loss: 0.8430 time 4.29s
Epoch 5/120 15/48 loss: 0.8398 time 4.29s
Epoch 5/120 16/48 loss: 0.8410 time 4.29s
Epoch 5/120 17/48 loss: 0.8354 time 4.29s
Epoch 5/120 18/48 loss: 0.8295 time 4.29s
Epoch 5/120 19/48 loss: 0.8257 time 4.29s
Epoch 5/120 20/48 loss: 0.8292 time 4.29s
Epoch 5/120 21/48 loss: 0.8316 time 4.29s
Epoch 5/120 22/48 loss: 0.8329 time 4.29s
Epoch 5/120 23/48 loss: 0.8338 time 4.29s
Epoch 5/120 24/48 loss: 0.8346 time 4.29s
Epoch 5/120 25/48 loss: 0.8323 time 4.30s
Epoch 5/120 26/48 loss: 0.8373 time 4.30s
Epoch 5/120 27/48 loss: 0.8393 time 4.30s
Epoch 5/120 28/48 loss: 0.8381 time 4.30s
Epoch 5/120 29/48 loss: 0.8356 time 4.29s
Epoch 5/120 30/48 loss: 0.8335 time 4.29s
Epoch 5/120 31/48 loss: 0.8353 time 4.29s
Epoch 5/120 32/48 loss: 0.8342 time 4.30s
Epoch 5/120 33/48 loss: 0.8346 time 4.31s
Epoch 5/120 34/48 loss: 0.8370 time 4.29s
Epoch 5/120 35/48 loss: 0.8348 time 4.30s
Epoch 5/120 36/48 loss: 0.8331 time 4.31s
Epoch 5/120 37/48 loss: 0.8287 time 4.29s
Epoch 5/120 38/48 loss: 0.8284 time 4.29s
Epoch 5/120 39/48 loss: 0.8306 time 4.29s
Epoch 5/120 40/48 loss: 0.8276 time 4.29s
Epoch 5/120 41/48 loss: 0.8284 time 4.30s
Epoch 5/120 42/48 loss: 0.8265 time 4.30s
Epoch 5/120 43/48 loss: 0.8285 time 4.29s
Epoch 5/120 44/48 loss: 0.8274 time 4.30s
Epoch 5/120 45/48 loss: 0.8264 time 4.30s
Epoch 5/120 46/48 loss: 0.8232 time 4.29s
Epoch 5/120 47/48 loss: 0.8225 time 4.29s
Final training  5/119 loss: 0.8225 time 209.51s
Sat Aug 12 07:27:59 2023 Epoch: 6
Epoch 6/120 0/48 loss: 0.8792 time 7.18s
Epoch 6/120 1/48 loss: 0.9167 time 4.29s
Epoch 6/120 2/48 loss: 0.9334 time 4.29s
Epoch 6/120 3/48 loss: 0.9205 time 4.29s
Epoch 6/120 4/48 loss: 0.8878 time 4.29s
Epoch 6/120 5/48 loss: 0.8664 time 4.29s
Epoch 6/120 6/48 loss: 0.8636 time 4.29s
Epoch 6/120 7/48 loss: 0.8629 time 4.29s
Epoch 6/120 8/48 loss: 0.8780 time 4.30s
Epoch 6/120 9/48 loss: 0.8820 time 4.30s
Epoch 6/120 10/48 loss: 0.8796 time 4.30s
Epoch 6/120 11/48 loss: 0.8693 time 4.30s
Epoch 6/120 12/48 loss: 0.8620 time 4.29s
Epoch 6/120 13/48 loss: 0.8609 time 4.29s
Epoch 6/120 14/48 loss: 0.8502 time 4.29s
Epoch 6/120 15/48 loss: 0.8484 time 4.29s
Epoch 6/120 16/48 loss: 0.8424 time 4.29s
Epoch 6/120 17/48 loss: 0.8464 time 4.29s
Epoch 6/120 18/48 loss: 0.8388 time 4.30s
Epoch 6/120 19/48 loss: 0.8344 time 4.29s
Epoch 6/120 20/48 loss: 0.8293 time 4.29s
Epoch 6/120 21/48 loss: 0.8264 time 4.29s
Epoch 6/120 22/48 loss: 0.8301 time 4.29s
Epoch 6/120 23/48 loss: 0.8327 time 4.29s
Epoch 6/120 24/48 loss: 0.8295 time 4.30s
Epoch 6/120 25/48 loss: 0.8288 time 4.30s
Epoch 6/120 26/48 loss: 0.8246 time 4.30s
Epoch 6/120 27/48 loss: 0.8222 time 4.29s
Epoch 6/120 28/48 loss: 0.8253 time 4.29s
Epoch 6/120 29/48 loss: 0.8263 time 4.29s
Epoch 6/120 30/48 loss: 0.8284 time 4.29s
Epoch 6/120 31/48 loss: 0.8312 time 4.29s
Epoch 6/120 32/48 loss: 0.8321 time 4.29s
Epoch 6/120 33/48 loss: 0.8311 time 4.29s
Epoch 6/120 34/48 loss: 0.8289 time 4.31s
Epoch 6/120 35/48 loss: 0.8276 time 4.31s
Epoch 6/120 36/48 loss: 0.8311 time 4.30s
Epoch 6/120 37/48 loss: 0.8313 time 4.31s
Epoch 6/120 38/48 loss: 0.8300 time 4.30s
Epoch 6/120 39/48 loss: 0.8306 time 4.29s
Epoch 6/120 40/48 loss: 0.8266 time 4.30s
Epoch 6/120 41/48 loss: 0.8240 time 4.30s
Epoch 6/120 42/48 loss: 0.8220 time 4.30s
Epoch 6/120 43/48 loss: 0.8184 time 4.30s
Epoch 6/120 44/48 loss: 0.8152 time 4.30s
Epoch 6/120 45/48 loss: 0.8168 time 4.29s
Epoch 6/120 46/48 loss: 0.8162 time 4.29s
Epoch 6/120 47/48 loss: 0.8151 time 4.29s
Final training  6/119 loss: 0.8151 time 209.13s
Sat Aug 12 07:31:28 2023 Epoch: 7
Epoch 7/120 0/48 loss: 0.8075 time 7.09s
Epoch 7/120 1/48 loss: 0.7800 time 4.29s
Epoch 7/120 2/48 loss: 0.7787 time 4.29s
Epoch 7/120 3/48 loss: 0.7765 time 4.29s
Epoch 7/120 4/48 loss: 0.7713 time 4.29s
Epoch 7/120 5/48 loss: 0.8014 time 4.29s
Epoch 7/120 6/48 loss: 0.8173 time 4.29s
Epoch 7/120 7/48 loss: 0.8217 time 4.30s
Epoch 7/120 8/48 loss: 0.8315 time 4.30s
Epoch 7/120 9/48 loss: 0.8148 time 4.30s
Epoch 7/120 10/48 loss: 0.8082 time 4.30s
Epoch 7/120 11/48 loss: 0.8111 time 4.29s
Epoch 7/120 12/48 loss: 0.8191 time 4.29s
Epoch 7/120 13/48 loss: 0.8215 time 4.29s
Epoch 7/120 14/48 loss: 0.8311 time 4.29s
Epoch 7/120 15/48 loss: 0.8349 time 4.29s
Epoch 7/120 16/48 loss: 0.8303 time 4.29s
Epoch 7/120 17/48 loss: 0.8256 time 4.29s
Epoch 7/120 18/48 loss: 0.8225 time 4.29s
Epoch 7/120 19/48 loss: 0.8313 time 4.29s
Epoch 7/120 20/48 loss: 0.8256 time 4.29s
Epoch 7/120 21/48 loss: 0.8182 time 4.30s
Epoch 7/120 22/48 loss: 0.8152 time 4.31s
Epoch 7/120 23/48 loss: 0.8122 time 4.30s
Epoch 7/120 24/48 loss: 0.8145 time 4.30s
Epoch 7/120 25/48 loss: 0.8154 time 4.30s
Epoch 7/120 26/48 loss: 0.8154 time 4.30s
Epoch 7/120 27/48 loss: 0.8111 time 4.30s
Epoch 7/120 28/48 loss: 0.8092 time 4.29s
Epoch 7/120 29/48 loss: 0.8049 time 4.31s
Epoch 7/120 30/48 loss: 0.8044 time 4.29s
Epoch 7/120 31/48 loss: 0.7995 time 4.29s
Epoch 7/120 32/48 loss: 0.7990 time 4.29s
Epoch 7/120 33/48 loss: 0.8005 time 4.29s
Epoch 7/120 34/48 loss: 0.7996 time 4.30s
Epoch 7/120 35/48 loss: 0.8040 time 4.29s
Epoch 7/120 36/48 loss: 0.8068 time 4.30s
Epoch 7/120 37/48 loss: 0.8077 time 4.31s
Epoch 7/120 38/48 loss: 0.8051 time 4.30s
Epoch 7/120 39/48 loss: 0.8071 time 4.30s
Epoch 7/120 40/48 loss: 0.8095 time 4.30s
Epoch 7/120 41/48 loss: 0.8103 time 4.30s
Epoch 7/120 42/48 loss: 0.8080 time 4.30s
Epoch 7/120 43/48 loss: 0.8094 time 4.29s
Epoch 7/120 44/48 loss: 0.8109 time 4.29s
Epoch 7/120 45/48 loss: 0.8096 time 4.29s
Epoch 7/120 46/48 loss: 0.8105 time 4.30s
Epoch 7/120 47/48 loss: 0.8091 time 4.30s
Final training  7/119 loss: 0.8091 time 209.08s
Sat Aug 12 07:34:57 2023 Epoch: 8
Epoch 8/120 0/48 loss: 0.8781 time 6.93s
Epoch 8/120 1/48 loss: 0.8712 time 4.29s
Epoch 8/120 2/48 loss: 0.8268 time 4.29s
Epoch 8/120 3/48 loss: 0.7858 time 4.29s
Epoch 8/120 4/48 loss: 0.7982 time 4.29s
Epoch 8/120 5/48 loss: 0.7804 time 4.30s
Epoch 8/120 6/48 loss: 0.7942 time 4.30s
Epoch 8/120 7/48 loss: 0.7884 time 4.30s
Epoch 8/120 8/48 loss: 0.7801 time 4.30s
Epoch 8/120 9/48 loss: 0.7983 time 4.29s
Epoch 8/120 10/48 loss: 0.8079 time 4.29s
Epoch 8/120 11/48 loss: 0.8051 time 4.29s
Epoch 8/120 12/48 loss: 0.8135 time 4.29s
Epoch 8/120 13/48 loss: 0.8119 time 4.29s
Epoch 8/120 14/48 loss: 0.8008 time 4.29s
Epoch 8/120 15/48 loss: 0.7985 time 4.29s
Epoch 8/120 16/48 loss: 0.7948 time 4.29s
Epoch 8/120 17/48 loss: 0.7919 time 4.29s
Epoch 8/120 18/48 loss: 0.7877 time 4.29s
Epoch 8/120 19/48 loss: 0.7905 time 4.29s
Epoch 8/120 20/48 loss: 0.7885 time 4.29s
Epoch 8/120 21/48 loss: 0.7962 time 4.29s
Epoch 8/120 22/48 loss: 0.8029 time 4.30s
Epoch 8/120 23/48 loss: 0.8005 time 4.30s
Epoch 8/120 24/48 loss: 0.8047 time 4.29s
Epoch 8/120 25/48 loss: 0.8086 time 4.29s
Epoch 8/120 26/48 loss: 0.8055 time 4.29s
Epoch 8/120 27/48 loss: 0.8064 time 4.29s
Epoch 8/120 28/48 loss: 0.8019 time 4.29s
Epoch 8/120 29/48 loss: 0.8000 time 4.29s
Epoch 8/120 30/48 loss: 0.8015 time 4.29s
Epoch 8/120 31/48 loss: 0.8077 time 4.29s
Epoch 8/120 32/48 loss: 0.8107 time 4.30s
Epoch 8/120 33/48 loss: 0.8120 time 4.31s
Epoch 8/120 34/48 loss: 0.8104 time 4.30s
Epoch 8/120 35/48 loss: 0.8061 time 4.31s
Epoch 8/120 36/48 loss: 0.8083 time 4.30s
Epoch 8/120 37/48 loss: 0.8066 time 4.31s
Epoch 8/120 38/48 loss: 0.8067 time 4.30s
Epoch 8/120 39/48 loss: 0.8073 time 4.30s
Epoch 8/120 40/48 loss: 0.8081 time 4.29s
Epoch 8/120 41/48 loss: 0.8079 time 4.29s
Epoch 8/120 42/48 loss: 0.8062 time 4.30s
Epoch 8/120 43/48 loss: 0.8053 time 4.30s
Epoch 8/120 44/48 loss: 0.8059 time 4.30s
Epoch 8/120 45/48 loss: 0.8072 time 4.29s
Epoch 8/120 46/48 loss: 0.8058 time 4.30s
Epoch 8/120 47/48 loss: 0.8036 time 4.30s
Final training  8/119 loss: 0.8036 time 208.92s
Sat Aug 12 07:38:26 2023 Epoch: 9
Epoch 9/120 0/48 loss: 0.8406 time 7.03s
Epoch 9/120 1/48 loss: 0.7465 time 4.29s
Epoch 9/120 2/48 loss: 0.7994 time 4.29s
Epoch 9/120 3/48 loss: 0.8095 time 4.29s
Epoch 9/120 4/48 loss: 0.7929 time 4.30s
Epoch 9/120 5/48 loss: 0.7837 time 4.30s
Epoch 9/120 6/48 loss: 0.7967 time 4.29s
Epoch 9/120 7/48 loss: 0.7808 time 4.29s
Epoch 9/120 8/48 loss: 0.7717 time 4.29s
Epoch 9/120 9/48 loss: 0.7703 time 4.29s
Epoch 9/120 10/48 loss: 0.7637 time 4.29s
Epoch 9/120 11/48 loss: 0.7663 time 4.29s
Epoch 9/120 12/48 loss: 0.7721 time 4.29s
Epoch 9/120 13/48 loss: 0.7637 time 4.29s
Epoch 9/120 14/48 loss: 0.7794 time 4.29s
Epoch 9/120 15/48 loss: 0.7796 time 4.29s
Epoch 9/120 16/48 loss: 0.7857 time 4.29s
Epoch 9/120 17/48 loss: 0.7900 time 4.29s
Epoch 9/120 18/48 loss: 0.7928 time 4.29s
Epoch 9/120 19/48 loss: 0.7982 time 4.29s
Epoch 9/120 20/48 loss: 0.7985 time 4.30s
Epoch 9/120 21/48 loss: 0.7961 time 4.30s
Epoch 9/120 22/48 loss: 0.8007 time 4.30s
Epoch 9/120 23/48 loss: 0.7983 time 4.29s
Epoch 9/120 24/48 loss: 0.7960 time 4.30s
Epoch 9/120 25/48 loss: 0.7990 time 4.30s
Epoch 9/120 26/48 loss: 0.8000 time 4.29s
Epoch 9/120 27/48 loss: 0.8022 time 4.29s
Epoch 9/120 28/48 loss: 0.8038 time 4.29s
Epoch 9/120 29/48 loss: 0.8072 time 4.29s
Epoch 9/120 30/48 loss: 0.8049 time 4.29s
Epoch 9/120 31/48 loss: 0.8026 time 4.29s
Epoch 9/120 32/48 loss: 0.7995 time 4.29s
Epoch 9/120 33/48 loss: 0.7972 time 4.29s
Epoch 9/120 34/48 loss: 0.7961 time 4.29s
Epoch 9/120 35/48 loss: 0.7965 time 4.30s
Epoch 9/120 36/48 loss: 0.8009 time 4.30s
Epoch 9/120 37/48 loss: 0.7994 time 4.30s
Epoch 9/120 38/48 loss: 0.7986 time 4.29s
Epoch 9/120 39/48 loss: 0.7957 time 4.29s
Epoch 9/120 40/48 loss: 0.7964 time 4.29s
Epoch 9/120 41/48 loss: 0.7927 time 4.29s
Epoch 9/120 42/48 loss: 0.7912 time 4.29s
Epoch 9/120 43/48 loss: 0.7938 time 4.29s
Epoch 9/120 44/48 loss: 0.7927 time 4.30s
Epoch 9/120 45/48 loss: 0.7921 time 4.31s
Epoch 9/120 46/48 loss: 0.7955 time 4.29s
Epoch 9/120 47/48 loss: 0.7986 time 4.29s
Final training  9/119 loss: 0.7986 time 208.94s
Sat Aug 12 07:41:55 2023 Epoch: 10
Epoch 10/120 0/48 loss: 0.8380 time 7.60s
Epoch 10/120 1/48 loss: 0.8317 time 4.30s
Epoch 10/120 2/48 loss: 0.7997 time 4.30s
Epoch 10/120 3/48 loss: 0.8145 time 4.30s
Epoch 10/120 4/48 loss: 0.7815 time 4.30s
Epoch 10/120 5/48 loss: 0.8021 time 4.29s
Epoch 10/120 6/48 loss: 0.7797 time 4.29s
Epoch 10/120 7/48 loss: 0.8013 time 4.29s
Epoch 10/120 8/48 loss: 0.7905 time 4.29s
Epoch 10/120 9/48 loss: 0.7954 time 4.29s
Epoch 10/120 10/48 loss: 0.7935 time 4.29s
Epoch 10/120 11/48 loss: 0.7912 time 4.29s
Epoch 10/120 12/48 loss: 0.7863 time 4.29s
Epoch 10/120 13/48 loss: 0.7825 time 4.29s
Epoch 10/120 14/48 loss: 0.7768 time 4.29s
Epoch 10/120 15/48 loss: 0.7707 time 4.29s
Epoch 10/120 16/48 loss: 0.7696 time 4.29s
Epoch 10/120 17/48 loss: 0.7675 time 4.29s
Epoch 10/120 18/48 loss: 0.7705 time 4.30s
Epoch 10/120 19/48 loss: 0.7681 time 4.30s
Epoch 10/120 20/48 loss: 0.7666 time 4.30s
Epoch 10/120 21/48 loss: 0.7755 time 4.29s
Epoch 10/120 22/48 loss: 0.7811 time 4.29s
Epoch 10/120 23/48 loss: 0.7802 time 4.29s
Epoch 10/120 24/48 loss: 0.7786 time 4.29s
Epoch 10/120 25/48 loss: 0.7812 time 4.29s
Epoch 10/120 26/48 loss: 0.7839 time 4.29s
Epoch 10/120 27/48 loss: 0.7881 time 4.29s
Epoch 10/120 28/48 loss: 0.7897 time 4.30s
Epoch 10/120 29/48 loss: 0.7854 time 4.30s
Epoch 10/120 30/48 loss: 0.7905 time 4.29s
Epoch 10/120 31/48 loss: 0.7882 time 4.29s
Epoch 10/120 32/48 loss: 0.7914 time 4.29s
Epoch 10/120 33/48 loss: 0.7936 time 4.30s
Epoch 10/120 34/48 loss: 0.7943 time 4.30s
Epoch 10/120 35/48 loss: 0.7965 time 4.30s
Epoch 10/120 36/48 loss: 0.7947 time 4.30s
Epoch 10/120 37/48 loss: 0.7932 time 4.29s
Epoch 10/120 38/48 loss: 0.7892 time 4.29s
Epoch 10/120 39/48 loss: 0.7879 time 4.29s
Epoch 10/120 40/48 loss: 0.7931 time 4.29s
Epoch 10/120 41/48 loss: 0.7955 time 4.29s
Epoch 10/120 42/48 loss: 0.7955 time 4.29s
Epoch 10/120 43/48 loss: 0.7954 time 4.29s
Epoch 10/120 44/48 loss: 0.7962 time 4.29s
Epoch 10/120 45/48 loss: 0.7940 time 4.29s
Epoch 10/120 46/48 loss: 0.7933 time 4.29s
Epoch 10/120 47/48 loss: 0.7949 time 4.29s
Final training  10/119 loss: 0.7949 time 209.52s
Sat Aug 12 07:45:24 2023 Epoch: 11
Epoch 11/120 0/48 loss: 0.6498 time 7.52s
Epoch 11/120 1/48 loss: 0.6641 time 4.30s
Epoch 11/120 2/48 loss: 0.6858 time 4.30s
Epoch 11/120 3/48 loss: 0.7116 time 4.30s
Epoch 11/120 4/48 loss: 0.7289 time 4.29s
Epoch 11/120 5/48 loss: 0.7443 time 4.29s
Epoch 11/120 6/48 loss: 0.7297 time 4.29s
Epoch 11/120 7/48 loss: 0.7303 time 4.29s
Epoch 11/120 8/48 loss: 0.7451 time 4.29s
Epoch 11/120 9/48 loss: 0.7705 time 4.30s
Epoch 11/120 10/48 loss: 0.7805 time 4.29s
Epoch 11/120 11/48 loss: 0.7771 time 4.29s
Epoch 11/120 12/48 loss: 0.7732 time 4.29s
Epoch 11/120 13/48 loss: 0.7854 time 4.29s
Epoch 11/120 14/48 loss: 0.7886 time 4.29s
Epoch 11/120 15/48 loss: 0.7826 time 4.29s
Epoch 11/120 16/48 loss: 0.7813 time 4.30s
Epoch 11/120 17/48 loss: 0.7831 time 4.30s
Epoch 11/120 18/48 loss: 0.7857 time 4.30s
Epoch 11/120 19/48 loss: 0.7874 time 4.29s
Epoch 11/120 20/48 loss: 0.7924 time 4.29s
Epoch 11/120 21/48 loss: 0.7970 time 4.29s
Epoch 11/120 22/48 loss: 0.7984 time 4.29s
Epoch 11/120 23/48 loss: 0.8025 time 4.29s
Epoch 11/120 24/48 loss: 0.7977 time 4.29s
Epoch 11/120 25/48 loss: 0.7936 time 4.29s
Epoch 11/120 26/48 loss: 0.7975 time 4.29s
Epoch 11/120 27/48 loss: 0.7951 time 4.29s
Epoch 11/120 28/48 loss: 0.7963 time 4.29s
Epoch 11/120 29/48 loss: 0.7946 time 4.29s
Epoch 11/120 30/48 loss: 0.7934 time 4.29s
Epoch 11/120 31/48 loss: 0.7901 time 4.29s
Epoch 11/120 32/48 loss: 0.7919 time 4.30s
Epoch 11/120 33/48 loss: 0.7933 time 4.30s
Epoch 11/120 34/48 loss: 0.7910 time 4.30s
Epoch 11/120 35/48 loss: 0.7896 time 4.29s
Epoch 11/120 36/48 loss: 0.7885 time 4.29s
Epoch 11/120 37/48 loss: 0.7906 time 4.29s
Epoch 11/120 38/48 loss: 0.7891 time 4.29s
Epoch 11/120 39/48 loss: 0.7876 time 4.29s
Epoch 11/120 40/48 loss: 0.7862 time 4.29s
Epoch 11/120 41/48 loss: 0.7903 time 4.29s
Epoch 11/120 42/48 loss: 0.7886 time 4.29s
Epoch 11/120 43/48 loss: 0.7911 time 4.30s
Epoch 11/120 44/48 loss: 0.7947 time 4.30s
Epoch 11/120 45/48 loss: 0.7964 time 4.29s
Epoch 11/120 46/48 loss: 0.7958 time 4.29s
Epoch 11/120 47/48 loss: 0.7924 time 4.30s
Final training  11/119 loss: 0.7924 time 209.42s
Sat Aug 12 07:48:54 2023 Epoch: 12
Epoch 12/120 0/48 loss: 0.8286 time 7.42s
Epoch 12/120 1/48 loss: 0.8105 time 4.28s
Epoch 12/120 2/48 loss: 0.8178 time 4.29s
Epoch 12/120 3/48 loss: 0.8255 time 4.29s
Epoch 12/120 4/48 loss: 0.8267 time 4.29s
Epoch 12/120 5/48 loss: 0.8028 time 4.29s
Epoch 12/120 6/48 loss: 0.7805 time 4.29s
Epoch 12/120 7/48 loss: 0.7755 time 4.29s
Epoch 12/120 8/48 loss: 0.7883 time 4.29s
Epoch 12/120 9/48 loss: 0.7815 time 4.29s
Epoch 12/120 10/48 loss: 0.7975 time 4.29s
Epoch 12/120 11/48 loss: 0.7949 time 4.29s
Epoch 12/120 12/48 loss: 0.8023 time 4.30s
Epoch 12/120 13/48 loss: 0.7976 time 4.29s
Epoch 12/120 14/48 loss: 0.7921 time 4.29s
Epoch 12/120 15/48 loss: 0.7879 time 4.30s
Epoch 12/120 16/48 loss: 0.7839 time 4.30s
Epoch 12/120 17/48 loss: 0.7806 time 4.30s
Epoch 12/120 18/48 loss: 0.7750 time 4.29s
Epoch 12/120 19/48 loss: 0.7799 time 4.29s
Epoch 12/120 20/48 loss: 0.7838 time 4.29s
Epoch 12/120 21/48 loss: 0.7891 time 4.29s
Epoch 12/120 22/48 loss: 0.7901 time 4.29s
Epoch 12/120 23/48 loss: 0.7887 time 4.29s
Epoch 12/120 24/48 loss: 0.7930 time 4.30s
Epoch 12/120 25/48 loss: 0.8009 time 4.28s
Epoch 12/120 26/48 loss: 0.8014 time 4.29s
Epoch 12/120 27/48 loss: 0.7985 time 4.29s
Epoch 12/120 28/48 loss: 0.8002 time 4.29s
Epoch 12/120 29/48 loss: 0.7979 time 4.30s
Epoch 12/120 30/48 loss: 0.7944 time 4.29s
Epoch 12/120 31/48 loss: 0.7921 time 4.30s
Epoch 12/120 32/48 loss: 0.7909 time 4.30s
Epoch 12/120 33/48 loss: 0.7890 time 4.30s
Epoch 12/120 34/48 loss: 0.7935 time 4.29s
Epoch 12/120 35/48 loss: 0.7918 time 4.29s
Epoch 12/120 36/48 loss: 0.7873 time 4.29s
Epoch 12/120 37/48 loss: 0.7834 time 4.29s
Epoch 12/120 38/48 loss: 0.7861 time 4.30s
Epoch 12/120 39/48 loss: 0.7900 time 4.29s
Epoch 12/120 40/48 loss: 0.7904 time 4.29s
Epoch 12/120 41/48 loss: 0.7922 time 4.29s
Epoch 12/120 42/48 loss: 0.7906 time 4.29s
Epoch 12/120 43/48 loss: 0.7917 time 4.29s
Epoch 12/120 44/48 loss: 0.7915 time 4.29s
Epoch 12/120 45/48 loss: 0.7892 time 4.29s
Epoch 12/120 46/48 loss: 0.7900 time 4.30s
Epoch 12/120 47/48 loss: 0.7873 time 4.30s
Final training  12/119 loss: 0.7873 time 209.27s
Sat Aug 12 07:52:23 2023 Epoch: 13
Epoch 13/120 0/48 loss: 0.6829 time 7.66s
Epoch 13/120 1/48 loss: 0.6994 time 4.29s
Epoch 13/120 2/48 loss: 0.7560 time 4.29s
Epoch 13/120 3/48 loss: 0.7889 time 4.29s
Epoch 13/120 4/48 loss: 0.8097 time 4.29s
Epoch 13/120 5/48 loss: 0.8122 time 4.29s
Epoch 13/120 6/48 loss: 0.8119 time 4.29s
Epoch 13/120 7/48 loss: 0.7895 time 4.29s
Epoch 13/120 8/48 loss: 0.7856 time 4.29s
Epoch 13/120 9/48 loss: 0.7848 time 4.29s
Epoch 13/120 10/48 loss: 0.8043 time 4.29s
Epoch 13/120 11/48 loss: 0.8154 time 4.29s
Epoch 13/120 12/48 loss: 0.8112 time 4.29s
Epoch 13/120 13/48 loss: 0.8144 time 4.30s
Epoch 13/120 14/48 loss: 0.8074 time 4.30s
Epoch 13/120 15/48 loss: 0.8025 time 4.30s
Epoch 13/120 16/48 loss: 0.7928 time 4.30s
Epoch 13/120 17/48 loss: 0.7890 time 4.29s
Epoch 13/120 18/48 loss: 0.7918 time 4.29s
Epoch 13/120 19/48 loss: 0.7882 time 4.29s
Epoch 13/120 20/48 loss: 0.7900 time 4.30s
Epoch 13/120 21/48 loss: 0.7866 time 4.30s
Epoch 13/120 22/48 loss: 0.7833 time 4.30s
Epoch 13/120 23/48 loss: 0.7810 time 4.29s
Epoch 13/120 24/48 loss: 0.7852 time 4.29s
Epoch 13/120 25/48 loss: 0.7834 time 4.29s
Epoch 13/120 26/48 loss: 0.7798 time 4.30s
Epoch 13/120 27/48 loss: 0.7800 time 4.29s
Epoch 13/120 28/48 loss: 0.7819 time 4.30s
Epoch 13/120 29/48 loss: 0.7773 time 4.30s
Epoch 13/120 30/48 loss: 0.7831 time 4.30s
Epoch 13/120 31/48 loss: 0.7854 time 4.30s
Epoch 13/120 32/48 loss: 0.7843 time 4.30s
Epoch 13/120 33/48 loss: 0.7861 time 4.30s
Epoch 13/120 34/48 loss: 0.7842 time 4.30s
Epoch 13/120 35/48 loss: 0.7850 time 4.29s
Epoch 13/120 36/48 loss: 0.7878 time 4.29s
Epoch 13/120 37/48 loss: 0.7880 time 4.29s
Epoch 13/120 38/48 loss: 0.7853 time 4.29s
Epoch 13/120 39/48 loss: 0.7893 time 4.29s
Epoch 13/120 40/48 loss: 0.7856 time 4.29s
Epoch 13/120 41/48 loss: 0.7864 time 4.29s
Epoch 13/120 42/48 loss: 0.7836 time 4.29s
Epoch 13/120 43/48 loss: 0.7821 time 4.30s
Epoch 13/120 44/48 loss: 0.7803 time 4.30s
Epoch 13/120 45/48 loss: 0.7812 time 4.29s
Epoch 13/120 46/48 loss: 0.7834 time 4.30s
Epoch 13/120 47/48 loss: 0.7819 time 4.30s
Final training  13/119 loss: 0.7819 time 209.61s
Sat Aug 12 07:55:53 2023 Epoch: 14
Epoch 14/120 0/48 loss: 0.6763 time 6.96s
Epoch 14/120 1/48 loss: 0.6785 time 4.29s
Epoch 14/120 2/48 loss: 0.7161 time 4.29s
Epoch 14/120 3/48 loss: 0.7161 time 4.29s
Epoch 14/120 4/48 loss: 0.7363 time 4.29s
Epoch 14/120 5/48 loss: 0.7378 time 4.29s
Epoch 14/120 6/48 loss: 0.7340 time 4.29s
Epoch 14/120 7/48 loss: 0.7492 time 4.29s
Epoch 14/120 8/48 loss: 0.7719 time 4.29s
Epoch 14/120 9/48 loss: 0.7702 time 4.29s
Epoch 14/120 10/48 loss: 0.7649 time 4.29s
Epoch 14/120 11/48 loss: 0.7684 time 4.29s
Epoch 14/120 12/48 loss: 0.7772 time 4.30s
Epoch 14/120 13/48 loss: 0.7701 time 4.29s
Epoch 14/120 14/48 loss: 0.7665 time 4.30s
Epoch 14/120 15/48 loss: 0.7638 time 4.29s
Epoch 14/120 16/48 loss: 0.7606 time 4.30s
Epoch 14/120 17/48 loss: 0.7539 time 4.29s
Epoch 14/120 18/48 loss: 0.7610 time 4.29s
Epoch 14/120 19/48 loss: 0.7544 time 4.29s
Epoch 14/120 20/48 loss: 0.7529 time 4.29s
Epoch 14/120 21/48 loss: 0.7539 time 4.29s
Epoch 14/120 22/48 loss: 0.7526 time 4.29s
Epoch 14/120 23/48 loss: 0.7512 time 4.29s
Epoch 14/120 24/48 loss: 0.7541 time 4.29s
Epoch 14/120 25/48 loss: 0.7540 time 4.29s
Epoch 14/120 26/48 loss: 0.7589 time 4.29s
Epoch 14/120 27/48 loss: 0.7554 time 4.30s
Epoch 14/120 28/48 loss: 0.7540 time 4.30s
Epoch 14/120 29/48 loss: 0.7601 time 4.30s
Epoch 14/120 30/48 loss: 0.7641 time 4.30s
Epoch 14/120 31/48 loss: 0.7714 time 4.28s
Epoch 14/120 32/48 loss: 0.7729 time 4.29s
Epoch 14/120 33/48 loss: 0.7753 time 4.29s
Epoch 14/120 34/48 loss: 0.7778 time 4.30s
Epoch 14/120 35/48 loss: 0.7794 time 4.29s
Epoch 14/120 36/48 loss: 0.7775 time 4.29s
Epoch 14/120 37/48 loss: 0.7803 time 4.29s
Epoch 14/120 38/48 loss: 0.7784 time 4.29s
Epoch 14/120 39/48 loss: 0.7745 time 4.29s
Epoch 14/120 40/48 loss: 0.7758 time 4.29s
Epoch 14/120 41/48 loss: 0.7747 time 4.29s
Epoch 14/120 42/48 loss: 0.7753 time 4.29s
Epoch 14/120 43/48 loss: 0.7791 time 4.30s
Epoch 14/120 44/48 loss: 0.7791 time 4.30s
Epoch 14/120 45/48 loss: 0.7761 time 4.30s
Epoch 14/120 46/48 loss: 0.7770 time 4.30s
Epoch 14/120 47/48 loss: 0.7782 time 4.30s
Final training  14/119 loss: 0.7782 time 208.86s
Sat Aug 12 07:59:21 2023 Epoch: 15
Epoch 15/120 0/48 loss: 0.9537 time 7.66s
Epoch 15/120 1/48 loss: 0.9181 time 4.29s
Epoch 15/120 2/48 loss: 0.8857 time 4.29s
Epoch 15/120 3/48 loss: 0.8321 time 4.29s
Epoch 15/120 4/48 loss: 0.8069 time 4.29s
Epoch 15/120 5/48 loss: 0.8388 time 4.29s
Epoch 15/120 6/48 loss: 0.8289 time 4.29s
Epoch 15/120 7/48 loss: 0.8238 time 4.29s
Epoch 15/120 8/48 loss: 0.8306 time 4.29s
Epoch 15/120 9/48 loss: 0.8312 time 4.29s
Epoch 15/120 10/48 loss: 0.8405 time 4.30s
Epoch 15/120 11/48 loss: 0.8380 time 4.30s
Epoch 15/120 12/48 loss: 0.8333 time 4.29s
Epoch 15/120 13/48 loss: 0.8366 time 4.29s
Epoch 15/120 14/48 loss: 0.8289 time 4.29s
Epoch 15/120 15/48 loss: 0.8286 time 4.29s
Epoch 15/120 16/48 loss: 0.8278 time 4.29s
Epoch 15/120 17/48 loss: 0.8341 time 4.29s
Epoch 15/120 18/48 loss: 0.8294 time 4.29s
Epoch 15/120 19/48 loss: 0.8303 time 4.29s
Epoch 15/120 20/48 loss: 0.8325 time 4.29s
Epoch 15/120 21/48 loss: 0.8254 time 4.29s
Epoch 15/120 22/48 loss: 0.8279 time 4.29s
Epoch 15/120 23/48 loss: 0.8281 time 4.29s
Epoch 15/120 24/48 loss: 0.8293 time 4.29s
Epoch 15/120 25/48 loss: 0.8229 time 4.30s
Epoch 15/120 26/48 loss: 0.8187 time 4.30s
Epoch 15/120 27/48 loss: 0.8154 time 4.29s
Epoch 15/120 28/48 loss: 0.8131 time 4.30s
Epoch 15/120 29/48 loss: 0.8102 time 4.29s
Epoch 15/120 30/48 loss: 0.8113 time 4.30s
Epoch 15/120 31/48 loss: 0.8076 time 4.29s
Epoch 15/120 32/48 loss: 0.8036 time 4.29s
Epoch 15/120 33/48 loss: 0.7986 time 4.29s
Epoch 15/120 34/48 loss: 0.7960 time 4.29s
Epoch 15/120 35/48 loss: 0.7937 time 4.29s
Epoch 15/120 36/48 loss: 0.7895 time 4.29s
Epoch 15/120 37/48 loss: 0.7902 time 4.29s
Epoch 15/120 38/48 loss: 0.7881 time 4.29s
Epoch 15/120 39/48 loss: 0.7885 time 4.29s
Epoch 15/120 40/48 loss: 0.7864 time 4.29s
Epoch 15/120 41/48 loss: 0.7868 time 4.30s
Epoch 15/120 42/48 loss: 0.7849 time 4.29s
Epoch 15/120 43/48 loss: 0.7813 time 4.30s
Epoch 15/120 44/48 loss: 0.7799 time 4.30s
Epoch 15/120 45/48 loss: 0.7785 time 4.29s
Epoch 15/120 46/48 loss: 0.7751 time 4.29s
Epoch 15/120 47/48 loss: 0.7746 time 4.29s
Final training  15/119 loss: 0.7746 time 209.55s
Sat Aug 12 08:02:51 2023 Epoch: 16
Epoch 16/120 0/48 loss: 0.8845 time 6.78s
Epoch 16/120 1/48 loss: 0.7785 time 4.29s
Epoch 16/120 2/48 loss: 0.8121 time 4.29s
Epoch 16/120 3/48 loss: 0.8280 time 4.29s
Epoch 16/120 4/48 loss: 0.7970 time 4.29s
Epoch 16/120 5/48 loss: 0.7997 time 4.29s
Epoch 16/120 6/48 loss: 0.7891 time 4.29s
Epoch 16/120 7/48 loss: 0.7839 time 4.29s
Epoch 16/120 8/48 loss: 0.7754 time 4.30s
Epoch 16/120 9/48 loss: 0.7786 time 4.30s
Epoch 16/120 10/48 loss: 0.7733 time 4.30s
Epoch 16/120 11/48 loss: 0.7664 time 4.30s
Epoch 16/120 12/48 loss: 0.7613 time 4.29s
Epoch 16/120 13/48 loss: 0.7571 time 4.29s
Epoch 16/120 14/48 loss: 0.7600 time 4.29s
Epoch 16/120 15/48 loss: 0.7592 time 4.29s
Epoch 16/120 16/48 loss: 0.7644 time 4.29s
Epoch 16/120 17/48 loss: 0.7748 time 4.29s
Epoch 16/120 18/48 loss: 0.7710 time 4.30s
Epoch 16/120 19/48 loss: 0.7673 time 4.29s
Epoch 16/120 20/48 loss: 0.7608 time 4.29s
Epoch 16/120 21/48 loss: 0.7648 time 4.29s
Epoch 16/120 22/48 loss: 0.7724 time 4.29s
Epoch 16/120 23/48 loss: 0.7676 time 4.29s
Epoch 16/120 24/48 loss: 0.7701 time 4.30s
Epoch 16/120 25/48 loss: 0.7677 time 4.30s
Epoch 16/120 26/48 loss: 0.7676 time 4.30s
Epoch 16/120 27/48 loss: 0.7655 time 4.30s
Epoch 16/120 28/48 loss: 0.7607 time 4.30s
Epoch 16/120 29/48 loss: 0.7625 time 4.30s
Epoch 16/120 30/48 loss: 0.7663 time 4.29s
Epoch 16/120 31/48 loss: 0.7621 time 4.31s
Epoch 16/120 32/48 loss: 0.7624 time 4.29s
Epoch 16/120 33/48 loss: 0.7630 time 4.29s
Epoch 16/120 34/48 loss: 0.7697 time 4.29s
Epoch 16/120 35/48 loss: 0.7742 time 4.29s
Epoch 16/120 36/48 loss: 0.7700 time 4.29s
Epoch 16/120 37/48 loss: 0.7686 time 4.29s
Epoch 16/120 38/48 loss: 0.7664 time 4.29s
Epoch 16/120 39/48 loss: 0.7671 time 4.29s
Epoch 16/120 40/48 loss: 0.7658 time 4.30s
Epoch 16/120 41/48 loss: 0.7687 time 4.30s
Epoch 16/120 42/48 loss: 0.7700 time 4.30s
Epoch 16/120 43/48 loss: 0.7709 time 4.29s
Epoch 16/120 44/48 loss: 0.7702 time 4.30s
Epoch 16/120 45/48 loss: 0.7691 time 4.30s
Epoch 16/120 46/48 loss: 0.7705 time 4.29s
Epoch 16/120 47/48 loss: 0.7723 time 4.29s
Final training  16/119 loss: 0.7723 time 208.74s
Sat Aug 12 08:06:20 2023 Epoch: 17
Epoch 17/120 0/48 loss: 0.9993 time 6.80s
Epoch 17/120 1/48 loss: 0.9650 time 4.29s
Epoch 17/120 2/48 loss: 0.9091 time 4.29s
Epoch 17/120 3/48 loss: 0.9166 time 4.29s
Epoch 17/120 4/48 loss: 0.8774 time 4.29s
Epoch 17/120 5/48 loss: 0.8480 time 4.30s
Epoch 17/120 6/48 loss: 0.8222 time 4.30s
Epoch 17/120 7/48 loss: 0.8129 time 4.30s
Epoch 17/120 8/48 loss: 0.8197 time 4.29s
Epoch 17/120 9/48 loss: 0.8008 time 4.30s
Epoch 17/120 10/48 loss: 0.7854 time 4.30s
Epoch 17/120 11/48 loss: 0.7813 time 4.29s
Epoch 17/120 12/48 loss: 0.7832 time 4.29s
Epoch 17/120 13/48 loss: 0.7818 time 4.29s
Epoch 17/120 14/48 loss: 0.7762 time 4.29s
Epoch 17/120 15/48 loss: 0.7718 time 4.29s
Epoch 17/120 16/48 loss: 0.7824 time 4.29s
Epoch 17/120 17/48 loss: 0.7839 time 4.29s
Epoch 17/120 18/48 loss: 0.7859 time 4.29s
Epoch 17/120 19/48 loss: 0.7906 time 4.29s
Epoch 17/120 20/48 loss: 0.7923 time 4.30s
Epoch 17/120 21/48 loss: 0.7880 time 4.30s
Epoch 17/120 22/48 loss: 0.7809 time 4.29s
Epoch 17/120 23/48 loss: 0.7775 time 4.30s
Epoch 17/120 24/48 loss: 0.7749 time 4.30s
Epoch 17/120 25/48 loss: 0.7707 time 4.30s
Epoch 17/120 26/48 loss: 0.7735 time 4.31s
Epoch 17/120 27/48 loss: 0.7677 time 4.29s
Epoch 17/120 28/48 loss: 0.7692 time 4.29s
Epoch 17/120 29/48 loss: 0.7700 time 4.30s
Epoch 17/120 30/48 loss: 0.7724 time 4.30s
Epoch 17/120 31/48 loss: 0.7756 time 4.29s
Epoch 17/120 32/48 loss: 0.7746 time 4.30s
Epoch 17/120 33/48 loss: 0.7777 time 4.31s
Epoch 17/120 34/48 loss: 0.7750 time 4.29s
Epoch 17/120 35/48 loss: 0.7749 time 4.29s
Epoch 17/120 36/48 loss: 0.7734 time 4.29s
Epoch 17/120 37/48 loss: 0.7717 time 4.30s
Epoch 17/120 38/48 loss: 0.7702 time 4.31s
Epoch 17/120 39/48 loss: 0.7711 time 4.30s
Epoch 17/120 40/48 loss: 0.7694 time 4.30s
Epoch 17/120 41/48 loss: 0.7670 time 4.30s
Epoch 17/120 42/48 loss: 0.7694 time 4.30s
Epoch 17/120 43/48 loss: 0.7679 time 4.31s
Epoch 17/120 44/48 loss: 0.7653 time 4.30s
Epoch 17/120 45/48 loss: 0.7666 time 4.29s
Epoch 17/120 46/48 loss: 0.7670 time 4.29s
Epoch 17/120 47/48 loss: 0.7687 time 4.29s
Final training  17/119 loss: 0.7687 time 208.84s
Sat Aug 12 08:09:49 2023 Epoch: 18
Epoch 18/120 0/48 loss: 0.8240 time 6.74s
Epoch 18/120 1/48 loss: 0.8138 time 4.29s
Epoch 18/120 2/48 loss: 0.7517 time 4.29s
Epoch 18/120 3/48 loss: 0.7416 time 4.29s
Epoch 18/120 4/48 loss: 0.7683 time 4.29s
Epoch 18/120 5/48 loss: 0.7631 time 4.29s
Epoch 18/120 6/48 loss: 0.7539 time 4.30s
Epoch 18/120 7/48 loss: 0.7845 time 4.30s
Epoch 18/120 8/48 loss: 0.7856 time 4.30s
Epoch 18/120 9/48 loss: 0.7810 time 4.29s
Epoch 18/120 10/48 loss: 0.7670 time 4.29s
Epoch 18/120 11/48 loss: 0.7671 time 4.29s
Epoch 18/120 12/48 loss: 0.7617 time 4.29s
Epoch 18/120 13/48 loss: 0.7600 time 4.29s
Epoch 18/120 14/48 loss: 0.7673 time 4.29s
Epoch 18/120 15/48 loss: 0.7620 time 4.29s
Epoch 18/120 16/48 loss: 0.7562 time 4.29s
Epoch 18/120 17/48 loss: 0.7572 time 4.29s
Epoch 18/120 18/48 loss: 0.7540 time 4.29s
Epoch 18/120 19/48 loss: 0.7513 time 4.29s
Epoch 18/120 20/48 loss: 0.7470 time 4.30s
Epoch 18/120 21/48 loss: 0.7526 time 4.29s
Epoch 18/120 22/48 loss: 0.7542 time 4.30s
Epoch 18/120 23/48 loss: 0.7615 time 4.30s
Epoch 18/120 24/48 loss: 0.7633 time 4.30s
Epoch 18/120 25/48 loss: 0.7612 time 4.30s
Epoch 18/120 26/48 loss: 0.7628 time 4.30s
Epoch 18/120 27/48 loss: 0.7669 time 4.29s
Epoch 18/120 28/48 loss: 0.7687 time 4.29s
Epoch 18/120 29/48 loss: 0.7744 time 4.29s
Epoch 18/120 30/48 loss: 0.7725 time 4.30s
Epoch 18/120 31/48 loss: 0.7708 time 4.30s
Epoch 18/120 32/48 loss: 0.7661 time 4.30s
Epoch 18/120 33/48 loss: 0.7691 time 4.30s
Epoch 18/120 34/48 loss: 0.7706 time 4.29s
Epoch 18/120 35/48 loss: 0.7716 time 4.29s
Epoch 18/120 36/48 loss: 0.7683 time 4.29s
Epoch 18/120 37/48 loss: 0.7664 time 4.30s
Epoch 18/120 38/48 loss: 0.7682 time 4.30s
Epoch 18/120 39/48 loss: 0.7727 time 4.30s
Epoch 18/120 40/48 loss: 0.7710 time 4.29s
Epoch 18/120 41/48 loss: 0.7684 time 4.30s
Epoch 18/120 42/48 loss: 0.7700 time 4.30s
Epoch 18/120 43/48 loss: 0.7662 time 4.29s
Epoch 18/120 44/48 loss: 0.7681 time 4.29s
Epoch 18/120 45/48 loss: 0.7666 time 4.29s
Epoch 18/120 46/48 loss: 0.7665 time 4.29s
Epoch 18/120 47/48 loss: 0.7649 time 4.30s
Final training  18/119 loss: 0.7649 time 208.71s
Sat Aug 12 08:13:17 2023 Epoch: 19
Epoch 19/120 0/48 loss: 0.6978 time 7.36s
Epoch 19/120 1/48 loss: 0.7313 time 4.29s
Epoch 19/120 2/48 loss: 0.7663 time 4.29s
Epoch 19/120 3/48 loss: 0.7932 time 4.29s
Epoch 19/120 4/48 loss: 0.7670 time 4.30s
Epoch 19/120 5/48 loss: 0.7550 time 4.30s
Epoch 19/120 6/48 loss: 0.7364 time 4.30s
Epoch 19/120 7/48 loss: 0.7449 time 4.29s
Epoch 19/120 8/48 loss: 0.7586 time 4.29s
Epoch 19/120 9/48 loss: 0.7563 time 4.29s
Epoch 19/120 10/48 loss: 0.7562 time 4.29s
Epoch 19/120 11/48 loss: 0.7654 time 4.29s
Epoch 19/120 12/48 loss: 0.7617 time 4.29s
Epoch 19/120 13/48 loss: 0.7572 time 4.29s
Epoch 19/120 14/48 loss: 0.7530 time 4.29s
Epoch 19/120 15/48 loss: 0.7571 time 4.29s
Epoch 19/120 16/48 loss: 0.7515 time 4.29s
Epoch 19/120 17/48 loss: 0.7544 time 4.29s
Epoch 19/120 18/48 loss: 0.7519 time 4.29s
Epoch 19/120 19/48 loss: 0.7468 time 4.30s
Epoch 19/120 20/48 loss: 0.7439 time 4.29s
Epoch 19/120 21/48 loss: 0.7498 time 4.29s
Epoch 19/120 22/48 loss: 0.7479 time 4.30s
Epoch 19/120 23/48 loss: 0.7493 time 4.29s
Epoch 19/120 24/48 loss: 0.7471 time 4.29s
Epoch 19/120 25/48 loss: 0.7420 time 4.29s
Epoch 19/120 26/48 loss: 0.7368 time 4.29s
Epoch 19/120 27/48 loss: 0.7390 time 4.29s
Epoch 19/120 28/48 loss: 0.7400 time 4.29s
Epoch 19/120 29/48 loss: 0.7384 time 4.29s
Epoch 19/120 30/48 loss: 0.7451 time 4.29s
Epoch 19/120 31/48 loss: 0.7440 time 4.29s
Epoch 19/120 32/48 loss: 0.7403 time 4.29s
Epoch 19/120 33/48 loss: 0.7479 time 4.29s
Epoch 19/120 34/48 loss: 0.7513 time 4.30s
Epoch 19/120 35/48 loss: 0.7533 time 4.30s
Epoch 19/120 36/48 loss: 0.7507 time 4.30s
Epoch 19/120 37/48 loss: 0.7520 time 4.30s
Epoch 19/120 38/48 loss: 0.7545 time 4.30s
Epoch 19/120 39/48 loss: 0.7531 time 4.29s
Epoch 19/120 40/48 loss: 0.7526 time 4.29s
Epoch 19/120 41/48 loss: 0.7570 time 4.29s
Epoch 19/120 42/48 loss: 0.7583 time 4.29s
Epoch 19/120 43/48 loss: 0.7568 time 4.29s
Epoch 19/120 44/48 loss: 0.7586 time 4.29s
Epoch 19/120 45/48 loss: 0.7593 time 4.29s
Epoch 19/120 46/48 loss: 0.7586 time 4.29s
Epoch 19/120 47/48 loss: 0.7621 time 4.29s
Final training  19/119 loss: 0.7621 time 209.22s
Sat Aug 12 08:16:46 2023 Epoch: 20
Epoch 20/120 0/48 loss: 0.8702 time 6.85s
Epoch 20/120 1/48 loss: 0.8264 time 4.29s
Epoch 20/120 2/48 loss: 0.7580 time 4.29s
Epoch 20/120 3/48 loss: 0.7760 time 4.30s
Epoch 20/120 4/48 loss: 0.7600 time 4.30s
Epoch 20/120 5/48 loss: 0.7515 time 4.30s
Epoch 20/120 6/48 loss: 0.7566 time 4.29s
Epoch 20/120 7/48 loss: 0.7867 time 4.29s
Epoch 20/120 8/48 loss: 0.7809 time 4.29s
Epoch 20/120 9/48 loss: 0.7731 time 4.29s
Epoch 20/120 10/48 loss: 0.7617 time 4.29s
Epoch 20/120 11/48 loss: 0.7555 time 4.29s
Epoch 20/120 12/48 loss: 0.7474 time 4.29s
Epoch 20/120 13/48 loss: 0.7510 time 4.29s
Epoch 20/120 14/48 loss: 0.7474 time 4.29s
Epoch 20/120 15/48 loss: 0.7389 time 4.29s
Epoch 20/120 16/48 loss: 0.7464 time 4.29s
Epoch 20/120 17/48 loss: 0.7472 time 4.29s
Epoch 20/120 18/48 loss: 0.7500 time 4.30s
Epoch 20/120 19/48 loss: 0.7556 time 4.29s
Epoch 20/120 20/48 loss: 0.7592 time 4.30s
Epoch 20/120 21/48 loss: 0.7565 time 4.30s
Epoch 20/120 22/48 loss: 0.7532 time 4.29s
Epoch 20/120 23/48 loss: 0.7531 time 4.29s
Epoch 20/120 24/48 loss: 0.7472 time 4.29s
Epoch 20/120 25/48 loss: 0.7540 time 4.29s
Epoch 20/120 26/48 loss: 0.7564 time 4.29s
Epoch 20/120 27/48 loss: 0.7595 time 4.29s
Epoch 20/120 28/48 loss: 0.7654 time 4.29s
Epoch 20/120 29/48 loss: 0.7636 time 4.29s
Epoch 20/120 30/48 loss: 0.7668 time 4.29s
Epoch 20/120 31/48 loss: 0.7643 time 4.29s
Epoch 20/120 32/48 loss: 0.7622 time 4.29s
Epoch 20/120 33/48 loss: 0.7638 time 4.29s
Epoch 20/120 34/48 loss: 0.7667 time 4.30s
Epoch 20/120 35/48 loss: 0.7677 time 4.30s
Epoch 20/120 36/48 loss: 0.7687 time 4.29s
Epoch 20/120 37/48 loss: 0.7734 time 4.29s
Epoch 20/120 38/48 loss: 0.7712 time 4.30s
Epoch 20/120 39/48 loss: 0.7690 time 4.29s
Epoch 20/120 40/48 loss: 0.7662 time 4.29s
Epoch 20/120 41/48 loss: 0.7653 time 4.29s
Epoch 20/120 42/48 loss: 0.7620 time 4.29s
Epoch 20/120 43/48 loss: 0.7606 time 4.29s
Epoch 20/120 44/48 loss: 0.7613 time 4.29s
Epoch 20/120 45/48 loss: 0.7606 time 4.29s
Epoch 20/120 46/48 loss: 0.7585 time 4.29s
Epoch 20/120 47/48 loss: 0.7587 time 4.29s
Final training  20/119 loss: 0.7587 time 208.75s
Sat Aug 12 08:20:15 2023 Epoch: 21
Epoch 21/120 0/48 loss: 0.8151 time 6.82s
Epoch 21/120 1/48 loss: 0.8742 time 4.30s
Epoch 21/120 2/48 loss: 0.8699 time 4.30s
Epoch 21/120 3/48 loss: 0.8132 time 4.30s
Epoch 21/120 4/48 loss: 0.8231 time 4.29s
Epoch 21/120 5/48 loss: 0.8045 time 4.29s
Epoch 21/120 6/48 loss: 0.7778 time 4.29s
Epoch 21/120 7/48 loss: 0.7780 time 4.29s
Epoch 21/120 8/48 loss: 0.7678 time 4.29s
Epoch 21/120 9/48 loss: 0.7738 time 4.29s
Epoch 21/120 10/48 loss: 0.7629 time 4.29s
Epoch 21/120 11/48 loss: 0.7566 time 4.29s
Epoch 21/120 12/48 loss: 0.7523 time 4.30s
Epoch 21/120 13/48 loss: 0.7481 time 4.29s
Epoch 21/120 14/48 loss: 0.7443 time 4.29s
Epoch 21/120 15/48 loss: 0.7451 time 4.29s
Epoch 21/120 16/48 loss: 0.7473 time 4.29s
Epoch 21/120 17/48 loss: 0.7536 time 4.30s
Epoch 21/120 18/48 loss: 0.7637 time 4.30s
Epoch 21/120 19/48 loss: 0.7637 time 4.30s
Epoch 21/120 20/48 loss: 0.7650 time 4.30s
Epoch 21/120 21/48 loss: 0.7600 time 4.30s
Epoch 21/120 22/48 loss: 0.7629 time 4.29s
Epoch 21/120 23/48 loss: 0.7594 time 4.29s
Epoch 21/120 24/48 loss: 0.7529 time 4.29s
Epoch 21/120 25/48 loss: 0.7509 time 4.29s
Epoch 21/120 26/48 loss: 0.7572 time 4.29s
Epoch 21/120 27/48 loss: 0.7562 time 4.29s
Epoch 21/120 28/48 loss: 0.7591 time 4.29s
Epoch 21/120 29/48 loss: 0.7604 time 4.29s
Epoch 21/120 30/48 loss: 0.7570 time 4.29s
Epoch 21/120 31/48 loss: 0.7523 time 4.29s
Epoch 21/120 32/48 loss: 0.7515 time 4.30s
Epoch 21/120 33/48 loss: 0.7588 time 4.30s
Epoch 21/120 34/48 loss: 0.7585 time 4.30s
Epoch 21/120 35/48 loss: 0.7546 time 4.30s
Epoch 21/120 36/48 loss: 0.7524 time 4.29s
Epoch 21/120 37/48 loss: 0.7536 time 4.29s
Epoch 21/120 38/48 loss: 0.7550 time 4.30s
Epoch 21/120 39/48 loss: 0.7538 time 4.30s
Epoch 21/120 40/48 loss: 0.7521 time 4.29s
Epoch 21/120 41/48 loss: 0.7531 time 4.29s
Epoch 21/120 42/48 loss: 0.7515 time 4.30s
Epoch 21/120 43/48 loss: 0.7511 time 4.30s
Epoch 21/120 44/48 loss: 0.7536 time 4.29s
Epoch 21/120 45/48 loss: 0.7562 time 4.29s
Epoch 21/120 46/48 loss: 0.7574 time 4.29s
Epoch 21/120 47/48 loss: 0.7561 time 4.29s
Final training  21/119 loss: 0.7561 time 208.75s
Sat Aug 12 08:23:44 2023 Epoch: 22
Epoch 22/120 0/48 loss: 0.7925 time 7.29s
Epoch 22/120 1/48 loss: 0.7553 time 4.30s
Epoch 22/120 2/48 loss: 0.7315 time 4.30s
Epoch 22/120 3/48 loss: 0.7634 time 4.29s
Epoch 22/120 4/48 loss: 0.7456 time 4.29s
Epoch 22/120 5/48 loss: 0.7654 time 4.29s
Epoch 22/120 6/48 loss: 0.7794 time 4.29s
Epoch 22/120 7/48 loss: 0.7675 time 4.29s
Epoch 22/120 8/48 loss: 0.7504 time 4.29s
Epoch 22/120 9/48 loss: 0.7439 time 4.29s
Epoch 22/120 10/48 loss: 0.7455 time 4.29s
Epoch 22/120 11/48 loss: 0.7522 time 4.29s
Epoch 22/120 12/48 loss: 0.7486 time 4.29s
Epoch 22/120 13/48 loss: 0.7530 time 4.29s
Epoch 22/120 14/48 loss: 0.7433 time 4.29s
Epoch 22/120 15/48 loss: 0.7400 time 4.30s
Epoch 22/120 16/48 loss: 0.7393 time 4.30s
Epoch 22/120 17/48 loss: 0.7416 time 4.30s
Epoch 22/120 18/48 loss: 0.7393 time 4.29s
Epoch 22/120 19/48 loss: 0.7377 time 4.29s
Epoch 22/120 20/48 loss: 0.7385 time 4.29s
Epoch 22/120 21/48 loss: 0.7378 time 4.29s
Epoch 22/120 22/48 loss: 0.7394 time 4.29s
Epoch 22/120 23/48 loss: 0.7357 time 4.29s
Epoch 22/120 24/48 loss: 0.7382 time 4.29s
Epoch 22/120 25/48 loss: 0.7335 time 4.29s
Epoch 22/120 26/48 loss: 0.7300 time 4.30s
Epoch 22/120 27/48 loss: 0.7396 time 4.29s
Epoch 22/120 28/48 loss: 0.7398 time 4.30s
Epoch 22/120 29/48 loss: 0.7428 time 4.30s
Epoch 22/120 30/48 loss: 0.7421 time 4.31s
Epoch 22/120 31/48 loss: 0.7457 time 4.30s
Epoch 22/120 32/48 loss: 0.7490 time 4.30s
Epoch 22/120 33/48 loss: 0.7547 time 4.30s
Epoch 22/120 34/48 loss: 0.7563 time 4.30s
Epoch 22/120 35/48 loss: 0.7611 time 4.29s
Epoch 22/120 36/48 loss: 0.7581 time 4.29s
Epoch 22/120 37/48 loss: 0.7601 time 4.29s
Epoch 22/120 38/48 loss: 0.7574 time 4.29s
Epoch 22/120 39/48 loss: 0.7581 time 4.30s
Epoch 22/120 40/48 loss: 0.7594 time 4.30s
Epoch 22/120 41/48 loss: 0.7579 time 4.29s
Epoch 22/120 42/48 loss: 0.7616 time 4.29s
Epoch 22/120 43/48 loss: 0.7601 time 4.29s
Epoch 22/120 44/48 loss: 0.7584 time 4.29s
Epoch 22/120 45/48 loss: 0.7549 time 4.29s
Epoch 22/120 46/48 loss: 0.7557 time 4.29s
Epoch 22/120 47/48 loss: 0.7542 time 4.30s
Final training  22/119 loss: 0.7542 time 209.21s
Sat Aug 12 08:27:13 2023 Epoch: 23
Epoch 23/120 0/48 loss: 0.6881 time 6.93s
Epoch 23/120 1/48 loss: 0.8173 time 4.30s
Epoch 23/120 2/48 loss: 0.8311 time 4.29s
Epoch 23/120 3/48 loss: 0.8209 time 4.29s
Epoch 23/120 4/48 loss: 0.8153 time 4.29s
Epoch 23/120 5/48 loss: 0.8038 time 4.29s
Epoch 23/120 6/48 loss: 0.7848 time 4.29s
Epoch 23/120 7/48 loss: 0.7905 time 4.29s
Epoch 23/120 8/48 loss: 0.7981 time 4.29s
Epoch 23/120 9/48 loss: 0.8016 time 4.29s
Epoch 23/120 10/48 loss: 0.7827 time 4.29s
Epoch 23/120 11/48 loss: 0.7706 time 4.29s
Epoch 23/120 12/48 loss: 0.7637 time 4.29s
Epoch 23/120 13/48 loss: 0.7702 time 4.30s
Epoch 23/120 14/48 loss: 0.7662 time 4.29s
Epoch 23/120 15/48 loss: 0.7567 time 4.30s
Epoch 23/120 16/48 loss: 0.7535 time 4.30s
Epoch 23/120 17/48 loss: 0.7508 time 4.29s
Epoch 23/120 18/48 loss: 0.7508 time 4.29s
Epoch 23/120 19/48 loss: 0.7437 time 4.29s
Epoch 23/120 20/48 loss: 0.7410 time 4.30s
Epoch 23/120 21/48 loss: 0.7453 time 4.31s
Epoch 23/120 22/48 loss: 0.7530 time 4.29s
Epoch 23/120 23/48 loss: 0.7553 time 4.29s
Epoch 23/120 24/48 loss: 0.7592 time 4.29s
Epoch 23/120 25/48 loss: 0.7631 time 4.29s
Epoch 23/120 26/48 loss: 0.7572 time 4.29s
Epoch 23/120 27/48 loss: 0.7573 time 4.30s
Epoch 23/120 28/48 loss: 0.7535 time 4.31s
Epoch 23/120 29/48 loss: 0.7501 time 4.30s
Epoch 23/120 30/48 loss: 0.7516 time 4.30s
Epoch 23/120 31/48 loss: 0.7593 time 4.29s
Epoch 23/120 32/48 loss: 0.7571 time 4.30s
Epoch 23/120 33/48 loss: 0.7548 time 4.29s
Epoch 23/120 34/48 loss: 0.7529 time 4.29s
Epoch 23/120 35/48 loss: 0.7539 time 4.29s
Epoch 23/120 36/48 loss: 0.7530 time 4.30s
Epoch 23/120 37/48 loss: 0.7537 time 4.31s
Epoch 23/120 38/48 loss: 0.7517 time 4.29s
Epoch 23/120 39/48 loss: 0.7531 time 4.29s
Epoch 23/120 40/48 loss: 0.7513 time 4.29s
Epoch 23/120 41/48 loss: 0.7555 time 4.29s
Epoch 23/120 42/48 loss: 0.7540 time 4.30s
Epoch 23/120 43/48 loss: 0.7533 time 4.31s
Epoch 23/120 44/48 loss: 0.7545 time 4.31s
Epoch 23/120 45/48 loss: 0.7521 time 4.30s
Epoch 23/120 46/48 loss: 0.7525 time 4.30s
Epoch 23/120 47/48 loss: 0.7520 time 4.30s
Final training  23/119 loss: 0.7520 time 208.90s
Sat Aug 12 08:30:42 2023 Epoch: 24
Epoch 24/120 0/48 loss: 0.6846 time 7.29s
Epoch 24/120 1/48 loss: 0.6814 time 4.29s
Epoch 24/120 2/48 loss: 0.7425 time 4.29s
Epoch 24/120 3/48 loss: 0.7295 time 4.29s
Epoch 24/120 4/48 loss: 0.7139 time 4.29s
Epoch 24/120 5/48 loss: 0.7082 time 4.29s
Epoch 24/120 6/48 loss: 0.7258 time 4.29s
Epoch 24/120 7/48 loss: 0.7511 time 4.29s
Epoch 24/120 8/48 loss: 0.7354 time 4.29s
Epoch 24/120 9/48 loss: 0.7470 time 4.29s
Epoch 24/120 10/48 loss: 0.7507 time 4.29s
Epoch 24/120 11/48 loss: 0.7505 time 4.29s
Epoch 24/120 12/48 loss: 0.7417 time 4.30s
Epoch 24/120 13/48 loss: 0.7391 time 4.30s
Epoch 24/120 14/48 loss: 0.7358 time 4.30s
Epoch 24/120 15/48 loss: 0.7433 time 4.29s
Epoch 24/120 16/48 loss: 0.7423 time 4.29s
Epoch 24/120 17/48 loss: 0.7370 time 4.29s
Epoch 24/120 18/48 loss: 0.7413 time 4.29s
Epoch 24/120 19/48 loss: 0.7434 time 4.29s
Epoch 24/120 20/48 loss: 0.7445 time 4.29s
Epoch 24/120 21/48 loss: 0.7375 time 4.29s
Epoch 24/120 22/48 loss: 0.7351 time 4.30s
Epoch 24/120 23/48 loss: 0.7313 time 4.29s
Epoch 24/120 24/48 loss: 0.7322 time 4.29s
Epoch 24/120 25/48 loss: 0.7272 time 4.29s
Epoch 24/120 26/48 loss: 0.7250 time 4.30s
Epoch 24/120 27/48 loss: 0.7277 time 4.31s
Epoch 24/120 28/48 loss: 0.7274 time 4.30s
Epoch 24/120 29/48 loss: 0.7304 time 4.30s
Epoch 24/120 30/48 loss: 0.7308 time 4.30s
Epoch 24/120 31/48 loss: 0.7349 time 4.29s
Epoch 24/120 32/48 loss: 0.7337 time 4.29s
Epoch 24/120 33/48 loss: 0.7371 time 4.29s
Epoch 24/120 34/48 loss: 0.7429 time 4.29s
Epoch 24/120 35/48 loss: 0.7446 time 4.29s
Epoch 24/120 36/48 loss: 0.7429 time 4.30s
Epoch 24/120 37/48 loss: 0.7445 time 4.31s
Epoch 24/120 38/48 loss: 0.7509 time 4.29s
Epoch 24/120 39/48 loss: 0.7551 time 4.29s
Epoch 24/120 40/48 loss: 0.7560 time 4.30s
Epoch 24/120 41/48 loss: 0.7542 time 4.30s
Epoch 24/120 42/48 loss: 0.7530 time 4.30s
Epoch 24/120 43/48 loss: 0.7513 time 4.29s
Epoch 24/120 44/48 loss: 0.7482 time 4.30s
Epoch 24/120 45/48 loss: 0.7488 time 4.30s
Epoch 24/120 46/48 loss: 0.7481 time 4.29s
Epoch 24/120 47/48 loss: 0.7489 time 4.29s
Final training  24/119 loss: 0.7489 time 209.22s
Sat Aug 12 08:34:11 2023 Epoch: 25
Epoch 25/120 0/48 loss: 0.6797 time 7.75s
Epoch 25/120 1/48 loss: 0.6569 time 4.29s
Epoch 25/120 2/48 loss: 0.6700 time 4.29s
Epoch 25/120 3/48 loss: 0.7149 time 4.29s
Epoch 25/120 4/48 loss: 0.7253 time 4.29s
Epoch 25/120 5/48 loss: 0.7240 time 4.29s
Epoch 25/120 6/48 loss: 0.7076 time 4.29s
Epoch 25/120 7/48 loss: 0.7028 time 4.29s
Epoch 25/120 8/48 loss: 0.7121 time 4.29s
Epoch 25/120 9/48 loss: 0.7047 time 4.29s
Epoch 25/120 10/48 loss: 0.7137 time 4.29s
Epoch 25/120 11/48 loss: 0.7096 time 4.30s
Epoch 25/120 12/48 loss: 0.7080 time 4.30s
Epoch 25/120 13/48 loss: 0.7158 time 4.30s
Epoch 25/120 14/48 loss: 0.7134 time 4.29s
Epoch 25/120 15/48 loss: 0.7187 time 4.29s
Epoch 25/120 16/48 loss: 0.7162 time 4.29s
Epoch 25/120 17/48 loss: 0.7123 time 4.29s
Epoch 25/120 18/48 loss: 0.7141 time 4.29s
Epoch 25/120 19/48 loss: 0.7125 time 4.29s
Epoch 25/120 20/48 loss: 0.7119 time 4.29s
Epoch 25/120 21/48 loss: 0.7224 time 4.29s
Epoch 25/120 22/48 loss: 0.7236 time 4.29s
Epoch 25/120 23/48 loss: 0.7217 time 4.29s
Epoch 25/120 24/48 loss: 0.7168 time 4.29s
Epoch 25/120 25/48 loss: 0.7210 time 4.29s
Epoch 25/120 26/48 loss: 0.7167 time 4.30s
Epoch 25/120 27/48 loss: 0.7169 time 4.30s
Epoch 25/120 28/48 loss: 0.7203 time 4.30s
Epoch 25/120 29/48 loss: 0.7190 time 4.29s
Epoch 25/120 30/48 loss: 0.7148 time 4.29s
Epoch 25/120 31/48 loss: 0.7154 time 4.29s
Epoch 25/120 32/48 loss: 0.7215 time 4.30s
Epoch 25/120 33/48 loss: 0.7230 time 4.30s
Epoch 25/120 34/48 loss: 0.7269 time 4.30s
Epoch 25/120 35/48 loss: 0.7302 time 4.29s
Epoch 25/120 36/48 loss: 0.7355 time 4.29s
Epoch 25/120 37/48 loss: 0.7368 time 4.29s
Epoch 25/120 38/48 loss: 0.7381 time 4.30s
Epoch 25/120 39/48 loss: 0.7375 time 4.30s
Epoch 25/120 40/48 loss: 0.7359 time 4.29s
Epoch 25/120 41/48 loss: 0.7351 time 4.30s
Epoch 25/120 42/48 loss: 0.7412 time 4.29s
Epoch 25/120 43/48 loss: 0.7425 time 4.30s
Epoch 25/120 44/48 loss: 0.7434 time 4.30s
Epoch 25/120 45/48 loss: 0.7458 time 4.30s
Epoch 25/120 46/48 loss: 0.7480 time 4.30s
Epoch 25/120 47/48 loss: 0.7458 time 4.29s
Final training  25/119 loss: 0.7458 time 209.69s
Sat Aug 12 08:37:41 2023 Epoch: 26
Epoch 26/120 0/48 loss: 0.9401 time 6.98s
Epoch 26/120 1/48 loss: 0.8549 time 4.29s
Epoch 26/120 2/48 loss: 0.7835 time 4.29s
Epoch 26/120 3/48 loss: 0.7547 time 4.29s
Epoch 26/120 4/48 loss: 0.7382 time 4.29s
Epoch 26/120 5/48 loss: 0.7158 time 4.29s
Epoch 26/120 6/48 loss: 0.6963 time 4.29s
Epoch 26/120 7/48 loss: 0.6838 time 4.29s
Epoch 26/120 8/48 loss: 0.6829 time 4.29s
Epoch 26/120 9/48 loss: 0.6993 time 4.30s
Epoch 26/120 10/48 loss: 0.7263 time 4.30s
Epoch 26/120 11/48 loss: 0.7373 time 4.30s
Epoch 26/120 12/48 loss: 0.7272 time 4.29s
Epoch 26/120 13/48 loss: 0.7313 time 4.29s
Epoch 26/120 14/48 loss: 0.7277 time 4.29s
Epoch 26/120 15/48 loss: 0.7242 time 4.29s
Epoch 26/120 16/48 loss: 0.7261 time 4.29s
Epoch 26/120 17/48 loss: 0.7295 time 4.29s
Epoch 26/120 18/48 loss: 0.7331 time 4.29s
Epoch 26/120 19/48 loss: 0.7323 time 4.29s
Epoch 26/120 20/48 loss: 0.7377 time 4.30s
Epoch 26/120 21/48 loss: 0.7413 time 4.30s
Epoch 26/120 22/48 loss: 0.7382 time 4.30s
Epoch 26/120 23/48 loss: 0.7455 time 4.29s
Epoch 26/120 24/48 loss: 0.7474 time 4.30s
Epoch 26/120 25/48 loss: 0.7436 time 4.30s
Epoch 26/120 26/48 loss: 0.7424 time 4.29s
Epoch 26/120 27/48 loss: 0.7398 time 4.30s
Epoch 26/120 28/48 loss: 0.7383 time 4.29s
Epoch 26/120 29/48 loss: 0.7354 time 4.29s
Epoch 26/120 30/48 loss: 0.7368 time 4.29s
Epoch 26/120 31/48 loss: 0.7349 time 4.29s
Epoch 26/120 32/48 loss: 0.7337 time 4.29s
Epoch 26/120 33/48 loss: 0.7346 time 4.29s
Epoch 26/120 34/48 loss: 0.7347 time 4.29s
Epoch 26/120 35/48 loss: 0.7318 time 4.29s
Epoch 26/120 36/48 loss: 0.7350 time 4.29s
Epoch 26/120 37/48 loss: 0.7353 time 4.29s
Epoch 26/120 38/48 loss: 0.7375 time 4.29s
Epoch 26/120 39/48 loss: 0.7361 time 4.29s
Epoch 26/120 40/48 loss: 0.7407 time 4.30s
Epoch 26/120 41/48 loss: 0.7436 time 4.30s
Epoch 26/120 42/48 loss: 0.7422 time 4.30s
Epoch 26/120 43/48 loss: 0.7417 time 4.30s
Epoch 26/120 44/48 loss: 0.7408 time 4.30s
Epoch 26/120 45/48 loss: 0.7416 time 4.30s
Epoch 26/120 46/48 loss: 0.7433 time 4.29s
Epoch 26/120 47/48 loss: 0.7444 time 4.29s
Final training  26/119 loss: 0.7444 time 208.90s
Sat Aug 12 08:41:10 2023 Epoch: 27
Epoch 27/120 0/48 loss: 0.5850 time 7.29s
Epoch 27/120 1/48 loss: 0.6151 time 4.29s
Epoch 27/120 2/48 loss: 0.6934 time 4.29s
Epoch 27/120 3/48 loss: 0.7313 time 4.29s
Epoch 27/120 4/48 loss: 0.7145 time 4.29s
Epoch 27/120 5/48 loss: 0.6958 time 4.29s
Epoch 27/120 6/48 loss: 0.7074 time 4.29s
Epoch 27/120 7/48 loss: 0.7116 time 4.30s
Epoch 27/120 8/48 loss: 0.7195 time 4.29s
Epoch 27/120 9/48 loss: 0.7244 time 4.30s
Epoch 27/120 10/48 loss: 0.7207 time 4.30s
Epoch 27/120 11/48 loss: 0.7376 time 4.29s
Epoch 27/120 12/48 loss: 0.7532 time 4.29s
Epoch 27/120 13/48 loss: 0.7492 time 4.29s
Epoch 27/120 14/48 loss: 0.7437 time 4.30s
Epoch 27/120 15/48 loss: 0.7485 time 4.31s
Epoch 27/120 16/48 loss: 0.7522 time 4.29s
Epoch 27/120 17/48 loss: 0.7519 time 4.29s
Epoch 27/120 18/48 loss: 0.7479 time 4.29s
Epoch 27/120 19/48 loss: 0.7485 time 4.29s
Epoch 27/120 20/48 loss: 0.7505 time 4.30s
Epoch 27/120 21/48 loss: 0.7532 time 4.31s
Epoch 27/120 22/48 loss: 0.7601 time 4.30s
Epoch 27/120 23/48 loss: 0.7574 time 4.31s
Epoch 27/120 24/48 loss: 0.7540 time 4.30s
Epoch 27/120 25/48 loss: 0.7575 time 4.30s
Epoch 27/120 26/48 loss: 0.7587 time 4.29s
Epoch 27/120 27/48 loss: 0.7616 time 4.29s
Epoch 27/120 28/48 loss: 0.7587 time 4.29s
Epoch 27/120 29/48 loss: 0.7618 time 4.30s
Epoch 27/120 30/48 loss: 0.7622 time 4.31s
Epoch 27/120 31/48 loss: 0.7583 time 4.30s
Epoch 27/120 32/48 loss: 0.7543 time 4.29s
Epoch 27/120 33/48 loss: 0.7500 time 4.29s
Epoch 27/120 34/48 loss: 0.7477 time 4.29s
Epoch 27/120 35/48 loss: 0.7472 time 4.29s
Epoch 27/120 36/48 loss: 0.7540 time 4.29s
Epoch 27/120 37/48 loss: 0.7515 time 4.29s
Epoch 27/120 38/48 loss: 0.7492 time 4.29s
Epoch 27/120 39/48 loss: 0.7485 time 4.30s
Epoch 27/120 40/48 loss: 0.7496 time 4.30s
Epoch 27/120 41/48 loss: 0.7487 time 4.29s
Epoch 27/120 42/48 loss: 0.7471 time 4.29s
Epoch 27/120 43/48 loss: 0.7458 time 4.30s
Epoch 27/120 44/48 loss: 0.7469 time 4.31s
Epoch 27/120 45/48 loss: 0.7453 time 4.29s
Epoch 27/120 46/48 loss: 0.7445 time 4.30s
Epoch 27/120 47/48 loss: 0.7413 time 4.30s
Final training  27/119 loss: 0.7413 time 209.31s
Sat Aug 12 08:44:39 2023 Epoch: 28
Epoch 28/120 0/48 loss: 0.6781 time 6.99s
Epoch 28/120 1/48 loss: 0.6855 time 4.29s
Epoch 28/120 2/48 loss: 0.7395 time 4.29s
Epoch 28/120 3/48 loss: 0.7481 time 4.29s
Epoch 28/120 4/48 loss: 0.7359 time 4.30s
Epoch 28/120 5/48 loss: 0.7328 time 4.29s
Epoch 28/120 6/48 loss: 0.7439 time 4.30s
Epoch 28/120 7/48 loss: 0.7755 time 4.29s
Epoch 28/120 8/48 loss: 0.7745 time 4.30s
Epoch 28/120 9/48 loss: 0.7714 time 4.29s
Epoch 28/120 10/48 loss: 0.7746 time 4.29s
Epoch 28/120 11/48 loss: 0.7803 time 4.29s
Epoch 28/120 12/48 loss: 0.7769 time 4.29s
Epoch 28/120 13/48 loss: 0.7710 time 4.29s
Epoch 28/120 14/48 loss: 0.7635 time 4.29s
Epoch 28/120 15/48 loss: 0.7600 time 4.29s
Epoch 28/120 16/48 loss: 0.7501 time 4.29s
Epoch 28/120 17/48 loss: 0.7514 time 4.29s
Epoch 28/120 18/48 loss: 0.7468 time 4.29s
Epoch 28/120 19/48 loss: 0.7424 time 4.29s
Epoch 28/120 20/48 loss: 0.7441 time 4.30s
Epoch 28/120 21/48 loss: 0.7464 time 4.30s
Epoch 28/120 22/48 loss: 0.7388 time 4.30s
Epoch 28/120 23/48 loss: 0.7431 time 4.30s
Epoch 28/120 24/48 loss: 0.7372 time 4.30s
Epoch 28/120 25/48 loss: 0.7448 time 4.29s
Epoch 28/120 26/48 loss: 0.7424 time 4.30s
Epoch 28/120 27/48 loss: 0.7429 time 4.30s
Epoch 28/120 28/48 loss: 0.7465 time 4.30s
Epoch 28/120 29/48 loss: 0.7418 time 4.29s
Epoch 28/120 30/48 loss: 0.7383 time 4.29s
Epoch 28/120 31/48 loss: 0.7361 time 4.29s
Epoch 28/120 32/48 loss: 0.7385 time 4.30s
Epoch 28/120 33/48 loss: 0.7401 time 4.31s
Epoch 28/120 34/48 loss: 0.7398 time 4.29s
Epoch 28/120 35/48 loss: 0.7377 time 4.30s
Epoch 28/120 36/48 loss: 0.7389 time 4.30s
Epoch 28/120 37/48 loss: 0.7382 time 4.30s
Epoch 28/120 38/48 loss: 0.7365 time 4.30s
Epoch 28/120 39/48 loss: 0.7349 time 4.30s
Epoch 28/120 40/48 loss: 0.7391 time 4.30s
Epoch 28/120 41/48 loss: 0.7415 time 4.29s
Epoch 28/120 42/48 loss: 0.7399 time 4.29s
Epoch 28/120 43/48 loss: 0.7411 time 4.29s
Epoch 28/120 44/48 loss: 0.7387 time 4.29s
Epoch 28/120 45/48 loss: 0.7362 time 4.29s
Epoch 28/120 46/48 loss: 0.7342 time 4.29s
Epoch 28/120 47/48 loss: 0.7380 time 4.30s
Final training  28/119 loss: 0.7380 time 208.98s
Sat Aug 12 08:48:08 2023 Epoch: 29
Epoch 29/120 0/48 loss: 0.8109 time 7.16s
Epoch 29/120 1/48 loss: 0.7982 time 4.29s
Epoch 29/120 2/48 loss: 0.7236 time 4.29s
Epoch 29/120 3/48 loss: 0.7405 time 4.29s
Epoch 29/120 4/48 loss: 0.7618 time 4.29s
Epoch 29/120 5/48 loss: 0.7707 time 4.30s
Epoch 29/120 6/48 loss: 0.7710 time 4.30s
Epoch 29/120 7/48 loss: 0.7534 time 4.30s
Epoch 29/120 8/48 loss: 0.7555 time 4.29s
Epoch 29/120 9/48 loss: 0.7512 time 4.29s
Epoch 29/120 10/48 loss: 0.7436 time 4.29s
Epoch 29/120 11/48 loss: 0.7363 time 4.29s
Epoch 29/120 12/48 loss: 0.7306 time 4.29s
Epoch 29/120 13/48 loss: 0.7388 time 4.29s
Epoch 29/120 14/48 loss: 0.7321 time 4.30s
Epoch 29/120 15/48 loss: 0.7238 time 4.30s
Epoch 29/120 16/48 loss: 0.7240 time 4.29s
Epoch 29/120 17/48 loss: 0.7357 time 4.29s
Epoch 29/120 18/48 loss: 0.7327 time 4.30s
Epoch 29/120 19/48 loss: 0.7330 time 4.29s
Epoch 29/120 20/48 loss: 0.7268 time 4.30s
Epoch 29/120 21/48 loss: 0.7263 time 4.30s
Epoch 29/120 22/48 loss: 0.7244 time 4.30s
Epoch 29/120 23/48 loss: 0.7292 time 4.29s
Epoch 29/120 24/48 loss: 0.7368 time 4.29s
Epoch 29/120 25/48 loss: 0.7394 time 4.29s
Epoch 29/120 26/48 loss: 0.7399 time 4.30s
Epoch 29/120 27/48 loss: 0.7418 time 4.31s
Epoch 29/120 28/48 loss: 0.7366 time 4.30s
Epoch 29/120 29/48 loss: 0.7343 time 4.29s
Epoch 29/120 30/48 loss: 0.7329 time 4.29s
Epoch 29/120 31/48 loss: 0.7320 time 4.29s
Epoch 29/120 32/48 loss: 0.7333 time 4.30s
Epoch 29/120 33/48 loss: 0.7312 time 4.31s
Epoch 29/120 34/48 loss: 0.7388 time 4.29s
Epoch 29/120 35/48 loss: 0.7369 time 4.30s
Epoch 29/120 36/48 loss: 0.7338 time 4.30s
Epoch 29/120 37/48 loss: 0.7367 time 4.30s
Epoch 29/120 38/48 loss: 0.7356 time 4.30s
Epoch 29/120 39/48 loss: 0.7368 time 4.30s
Epoch 29/120 40/48 loss: 0.7374 time 4.29s
Epoch 29/120 41/48 loss: 0.7413 time 4.31s
Epoch 29/120 42/48 loss: 0.7387 time 4.29s
Epoch 29/120 43/48 loss: 0.7371 time 4.29s
Epoch 29/120 44/48 loss: 0.7394 time 4.31s
Epoch 29/120 45/48 loss: 0.7393 time 4.29s
Epoch 29/120 46/48 loss: 0.7376 time 4.30s
Epoch 29/120 47/48 loss: 0.7362 time 4.31s
Final training  29/119 loss: 0.7362 time 209.19s
Sat Aug 12 08:51:37 2023 Epoch: 30
Epoch 30/120 0/48 loss: 0.9287 time 7.44s
Epoch 30/120 1/48 loss: 0.8012 time 4.30s
Epoch 30/120 2/48 loss: 0.7960 time 4.30s
Epoch 30/120 3/48 loss: 0.7972 time 4.30s
Epoch 30/120 4/48 loss: 0.8049 time 4.30s
Epoch 30/120 5/48 loss: 0.7757 time 4.30s
Epoch 30/120 6/48 loss: 0.8073 time 4.29s
Epoch 30/120 7/48 loss: 0.7908 time 4.29s
Epoch 30/120 8/48 loss: 0.7893 time 4.29s
Epoch 30/120 9/48 loss: 0.7877 time 4.29s
Epoch 30/120 10/48 loss: 0.7765 time 4.29s
Epoch 30/120 11/48 loss: 0.7712 time 4.29s
Epoch 30/120 12/48 loss: 0.7687 time 4.30s
Epoch 30/120 13/48 loss: 0.7612 time 4.29s
Epoch 30/120 14/48 loss: 0.7663 time 4.29s
Epoch 30/120 15/48 loss: 0.7592 time 4.29s
Epoch 30/120 16/48 loss: 0.7640 time 4.30s
Epoch 30/120 17/48 loss: 0.7595 time 4.31s
Epoch 30/120 18/48 loss: 0.7638 time 4.30s
Epoch 30/120 19/48 loss: 0.7641 time 4.30s
Epoch 30/120 20/48 loss: 0.7546 time 4.30s
Epoch 30/120 21/48 loss: 0.7572 time 4.30s
Epoch 30/120 22/48 loss: 0.7586 time 4.29s
Epoch 30/120 23/48 loss: 0.7545 time 4.30s
Epoch 30/120 24/48 loss: 0.7481 time 4.30s
Epoch 30/120 25/48 loss: 0.7445 time 4.30s
Epoch 30/120 26/48 loss: 0.7405 time 4.30s
Epoch 30/120 27/48 loss: 0.7416 time 4.30s
Epoch 30/120 28/48 loss: 0.7401 time 4.30s
Epoch 30/120 29/48 loss: 0.7460 time 4.29s
Epoch 30/120 30/48 loss: 0.7419 time 4.29s
Epoch 30/120 31/48 loss: 0.7371 time 4.30s
Epoch 30/120 32/48 loss: 0.7348 time 4.31s
Epoch 30/120 33/48 loss: 0.7335 time 4.29s
Epoch 30/120 34/48 loss: 0.7351 time 4.30s
Epoch 30/120 35/48 loss: 0.7348 time 4.30s
Epoch 30/120 36/48 loss: 0.7393 time 4.30s
Epoch 30/120 37/48 loss: 0.7356 time 4.30s
Epoch 30/120 38/48 loss: 0.7349 time 4.30s
Epoch 30/120 39/48 loss: 0.7356 time 4.30s
Epoch 30/120 40/48 loss: 0.7344 time 4.29s
Epoch 30/120 41/48 loss: 0.7328 time 4.29s
Epoch 30/120 42/48 loss: 0.7332 time 4.30s
Epoch 30/120 43/48 loss: 0.7355 time 4.30s
Epoch 30/120 44/48 loss: 0.7370 time 4.29s
Epoch 30/120 45/48 loss: 0.7353 time 4.30s
Epoch 30/120 46/48 loss: 0.7353 time 4.29s
Epoch 30/120 47/48 loss: 0.7329 time 4.29s
Final training  30/119 loss: 0.7329 time 209.46s
Sat Aug 12 08:55:07 2023 Epoch: 31
Epoch 31/120 0/48 loss: 0.7662 time 7.47s
Epoch 31/120 1/48 loss: 0.6967 time 4.30s
Epoch 31/120 2/48 loss: 0.6886 time 4.30s
Epoch 31/120 3/48 loss: 0.7111 time 4.30s
Epoch 31/120 4/48 loss: 0.7357 time 4.30s
Epoch 31/120 5/48 loss: 0.7379 time 4.29s
Epoch 31/120 6/48 loss: 0.7376 time 4.29s
Epoch 31/120 7/48 loss: 0.7438 time 4.29s
Epoch 31/120 8/48 loss: 0.7350 time 4.29s
Epoch 31/120 9/48 loss: 0.7233 time 4.29s
Epoch 31/120 10/48 loss: 0.7200 time 4.29s
Epoch 31/120 11/48 loss: 0.7147 time 4.29s
Epoch 31/120 12/48 loss: 0.7310 time 4.29s
Epoch 31/120 13/48 loss: 0.7235 time 4.29s
Epoch 31/120 14/48 loss: 0.7224 time 4.29s
Epoch 31/120 15/48 loss: 0.7230 time 4.29s
Epoch 31/120 16/48 loss: 0.7193 time 4.29s
Epoch 31/120 17/48 loss: 0.7257 time 4.30s
Epoch 31/120 18/48 loss: 0.7280 time 4.30s
Epoch 31/120 19/48 loss: 0.7336 time 4.30s
Epoch 31/120 20/48 loss: 0.7305 time 4.30s
Epoch 31/120 21/48 loss: 0.7238 time 4.30s
Epoch 31/120 22/48 loss: 0.7262 time 4.30s
Epoch 31/120 23/48 loss: 0.7244 time 4.30s
Epoch 31/120 24/48 loss: 0.7191 time 4.30s
Epoch 31/120 25/48 loss: 0.7167 time 4.29s
Epoch 31/120 26/48 loss: 0.7165 time 4.29s
Epoch 31/120 27/48 loss: 0.7142 time 4.29s
Epoch 31/120 28/48 loss: 0.7145 time 4.29s
Epoch 31/120 29/48 loss: 0.7128 time 4.29s
Epoch 31/120 30/48 loss: 0.7078 time 4.29s
Epoch 31/120 31/48 loss: 0.7168 time 4.29s
Epoch 31/120 32/48 loss: 0.7190 time 4.30s
Epoch 31/120 33/48 loss: 0.7213 time 4.30s
Epoch 31/120 34/48 loss: 0.7196 time 4.30s
Epoch 31/120 35/48 loss: 0.7250 time 4.30s
Epoch 31/120 36/48 loss: 0.7297 time 4.30s
Epoch 31/120 37/48 loss: 0.7318 time 4.31s
Epoch 31/120 38/48 loss: 0.7293 time 4.30s
Epoch 31/120 39/48 loss: 0.7311 time 4.30s
Epoch 31/120 40/48 loss: 0.7291 time 4.29s
Epoch 31/120 41/48 loss: 0.7298 time 4.29s
Epoch 31/120 42/48 loss: 0.7267 time 4.29s
Epoch 31/120 43/48 loss: 0.7259 time 4.29s
Epoch 31/120 44/48 loss: 0.7284 time 4.29s
Epoch 31/120 45/48 loss: 0.7306 time 4.29s
Epoch 31/120 46/48 loss: 0.7314 time 4.29s
Epoch 31/120 47/48 loss: 0.7306 time 4.30s
Final training  31/119 loss: 0.7306 time 209.45s
Sat Aug 12 08:58:36 2023 Epoch: 32
