None

    The model was run for 10 epoch.
    The validation was done at 10 epoch.
    Optimizer - Adadelta lr = 1, rho = 0.9 eps = 1e-6, max_weight = 1e-5
    Scheduler - LambdaLR
    drop_rate = 0.0
    infer_overlap = 0.7
    I use the softmax in Diceloss calculation

MONAI version: 1.2.0rc7+9.g84940298
Numpy version: 1.24.2
Pytorch version: 1.13.1
MONAI flags: HAS_EXT = False, USE_COMPILED = False, USE_META_DICT = False
MONAI rev id: 84940298bff9ff1f54845eb8ae7422c0092c09c1
MONAI __file__: /home/guest185/hackathon_38/lib/python3.8/site-packages/monai/__init__.py

Optional dependencies:
Pytorch Ignite version: 0.4.2
ITK version: NOT INSTALLED or UNKNOWN VERSION.
Nibabel version: 5.1.0
scikit-image version: 0.19.3
Pillow version: 9.5.0
Tensorboard version: 2.13.0
gdown version: 4.7.1
TorchVision version: 0.14.1
tqdm version: 4.65.0
lmdb version: 1.2.1
psutil version: 5.9.4
pandas version: 1.5.3
einops version: 0.6.1
transformers version: 4.21.3
mlflow version: NOT INSTALLED or UNKNOWN VERSION.
pynrrd version: 1.0.0

For details about installing the optional dependencies, please visit:
    https://docs.monai.io/en/latest/installation.html#installing-the-recommended-dependencies

/tmp/tmpq9z5lnaw
image shape: (240, 240, 155), label shape: (240, 240, 155)
Wed Aug  2 19:09:15 2023 Epoch: 0
In the future `np.bool` will be defined as the corresponding NumPy scalar.
In the future `np.bool` will be defined as the corresponding NumPy scalar.
In the future `np.bool` will be defined as the corresponding NumPy scalar.
In the future `np.bool` will be defined as the corresponding NumPy scalar.
monai.transforms.io.dictionary LoadImaged.__init__:image_only: Current default value of argument `image_only=False` has been deprecated since version 1.1. It will be changed to `image_only=True` in version 1.3.
In the future `np.bool` will be defined as the corresponding NumPy scalar.
In the future `np.bool` will be defined as the corresponding NumPy scalar.
Epoch 0/10 0/1000 loss: 0.9915 time 26.84s
Epoch 0/10 1/1000 loss: 0.9812 time 4.25s
Epoch 0/10 2/1000 loss: 0.9551 time 4.58s
Epoch 0/10 3/1000 loss: 0.9598 time 4.18s
Epoch 0/10 4/1000 loss: 0.9468 time 4.20s
Epoch 0/10 5/1000 loss: 0.9468 time 4.19s
Epoch 0/10 6/1000 loss: 0.9521 time 4.21s
Epoch 0/10 7/1000 loss: 0.9425 time 4.21s
Epoch 0/10 8/1000 loss: 0.9316 time 4.22s
Epoch 0/10 9/1000 loss: 0.9271 time 4.22s
Epoch 0/10 10/1000 loss: 0.9205 time 4.22s
Epoch 0/10 11/1000 loss: 0.9161 time 4.24s
Epoch 0/10 12/1000 loss: 0.9212 time 4.23s
Epoch 0/10 13/1000 loss: 0.9134 time 4.24s
Epoch 0/10 14/1000 loss: 0.9178 time 4.25s
Epoch 0/10 15/1000 loss: 0.9139 time 4.26s
Epoch 0/10 16/1000 loss: 0.9154 time 4.25s
Epoch 0/10 17/1000 loss: 0.9201 time 4.25s
Epoch 0/10 18/1000 loss: 0.9199 time 4.25s
Epoch 0/10 19/1000 loss: 0.9134 time 4.27s
Epoch 0/10 20/1000 loss: 0.9149 time 4.27s
Epoch 0/10 21/1000 loss: 0.9146 time 4.27s
Epoch 0/10 22/1000 loss: 0.9136 time 4.27s
Epoch 0/10 23/1000 loss: 0.9141 time 4.27s
Epoch 0/10 24/1000 loss: 0.9150 time 4.28s
Epoch 0/10 25/1000 loss: 0.9164 time 4.28s
Epoch 0/10 26/1000 loss: 0.9167 time 4.29s
Epoch 0/10 27/1000 loss: 0.9153 time 4.29s
Epoch 0/10 28/1000 loss: 0.9147 time 4.29s
Epoch 0/10 29/1000 loss: 0.9158 time 4.29s
Epoch 0/10 30/1000 loss: 0.9178 time 4.31s
Epoch 0/10 31/1000 loss: 0.9166 time 4.30s
Epoch 0/10 32/1000 loss: 0.9139 time 4.31s
Epoch 0/10 33/1000 loss: 0.9146 time 4.31s
Epoch 0/10 34/1000 loss: 0.9150 time 4.31s
Epoch 0/10 35/1000 loss: 0.9144 time 4.31s
Epoch 0/10 36/1000 loss: 0.9122 time 4.31s
Epoch 0/10 37/1000 loss: 0.9125 time 4.31s
Epoch 0/10 38/1000 loss: 0.9089 time 4.31s
Epoch 0/10 39/1000 loss: 0.9087 time 4.31s
Epoch 0/10 40/1000 loss: 0.9059 time 4.32s
Epoch 0/10 41/1000 loss: 0.9060 time 4.32s
Epoch 0/10 42/1000 loss: 0.9030 time 4.31s
Epoch 0/10 43/1000 loss: 0.9026 time 4.31s
Epoch 0/10 44/1000 loss: 0.9004 time 4.32s
Epoch 0/10 45/1000 loss: 0.9012 time 4.33s
Epoch 0/10 46/1000 loss: 0.9017 time 4.32s
Epoch 0/10 47/1000 loss: 0.8991 time 4.32s
Epoch 0/10 48/1000 loss: 0.9010 time 4.32s
Epoch 0/10 49/1000 loss: 0.8977 time 4.34s
Epoch 0/10 50/1000 loss: 0.8954 time 4.33s
Epoch 0/10 51/1000 loss: 0.8946 time 4.35s
Epoch 0/10 52/1000 loss: 0.8919 time 4.34s
Epoch 0/10 53/1000 loss: 0.8902 time 4.34s
Epoch 0/10 54/1000 loss: 0.8873 time 4.33s
Epoch 0/10 55/1000 loss: 0.8845 time 4.33s
Epoch 0/10 56/1000 loss: 0.8830 time 4.34s
Epoch 0/10 57/1000 loss: 0.8837 time 4.34s
Epoch 0/10 58/1000 loss: 0.8827 time 4.34s
Epoch 0/10 59/1000 loss: 0.8810 time 4.34s
Epoch 0/10 60/1000 loss: 0.8798 time 4.33s
Epoch 0/10 61/1000 loss: 0.8782 time 4.33s
Epoch 0/10 62/1000 loss: 0.8771 time 4.33s
Epoch 0/10 63/1000 loss: 0.8762 time 4.34s
Epoch 0/10 64/1000 loss: 0.8754 time 4.33s
Epoch 0/10 65/1000 loss: 0.8737 time 4.33s
Epoch 0/10 66/1000 loss: 0.8754 time 4.34s
Epoch 0/10 67/1000 loss: 0.8756 time 4.35s
Epoch 0/10 68/1000 loss: 0.8756 time 4.33s
Epoch 0/10 69/1000 loss: 0.8766 time 4.33s
Epoch 0/10 70/1000 loss: 0.8750 time 4.33s
Epoch 0/10 71/1000 loss: 0.8753 time 4.34s
Epoch 0/10 72/1000 loss: 0.8764 time 4.34s
Epoch 0/10 73/1000 loss: 0.8759 time 4.34s
Epoch 0/10 74/1000 loss: 0.8758 time 4.35s
Epoch 0/10 75/1000 loss: 0.8740 time 4.33s
Epoch 0/10 76/1000 loss: 0.8743 time 4.33s
Epoch 0/10 77/1000 loss: 0.8733 time 4.35s
Epoch 0/10 78/1000 loss: 0.8732 time 4.35s
Epoch 0/10 79/1000 loss: 0.8740 time 4.35s
Epoch 0/10 80/1000 loss: 0.8721 time 4.34s
Epoch 0/10 81/1000 loss: 0.8702 time 4.34s
Epoch 0/10 82/1000 loss: 0.8704 time 4.34s
Epoch 0/10 83/1000 loss: 0.8702 time 4.34s
Epoch 0/10 84/1000 loss: 0.8706 time 4.34s
Epoch 0/10 85/1000 loss: 0.8701 time 4.35s
Epoch 0/10 86/1000 loss: 0.8704 time 4.35s
Epoch 0/10 87/1000 loss: 0.8698 time 4.35s
Epoch 0/10 88/1000 loss: 0.8687 time 4.34s
Epoch 0/10 89/1000 loss: 0.8698 time 4.35s
Epoch 0/10 90/1000 loss: 0.8702 time 4.34s
Epoch 0/10 91/1000 loss: 0.8700 time 4.34s
Epoch 0/10 92/1000 loss: 0.8692 time 4.35s
Epoch 0/10 93/1000 loss: 0.8678 time 4.35s
Epoch 0/10 94/1000 loss: 0.8669 time 4.34s
Epoch 0/10 95/1000 loss: 0.8666 time 4.35s
Epoch 0/10 96/1000 loss: 0.8664 time 4.35s
Epoch 0/10 97/1000 loss: 0.8675 time 4.35s
Epoch 0/10 98/1000 loss: 0.8688 time 4.34s
Epoch 0/10 99/1000 loss: 0.8681 time 4.35s
Epoch 0/10 100/1000 loss: 0.8677 time 4.35s
Epoch 0/10 101/1000 loss: 0.8674 time 4.36s
Epoch 0/10 102/1000 loss: 0.8663 time 4.34s
Epoch 0/10 103/1000 loss: 0.8652 time 4.35s
Epoch 0/10 104/1000 loss: 0.8642 time 4.34s
Epoch 0/10 105/1000 loss: 0.8653 time 4.35s
Epoch 0/10 106/1000 loss: 0.8645 time 4.34s
Epoch 0/10 107/1000 loss: 0.8641 time 4.34s
Epoch 0/10 108/1000 loss: 0.8649 time 4.35s
Epoch 0/10 109/1000 loss: 0.8642 time 4.35s
Epoch 0/10 110/1000 loss: 0.8644 time 4.35s
Epoch 0/10 111/1000 loss: 0.8636 time 4.34s
Epoch 0/10 112/1000 loss: 0.8647 time 4.34s
Epoch 0/10 113/1000 loss: 0.8637 time 4.35s
Epoch 0/10 114/1000 loss: 0.8636 time 4.34s
Epoch 0/10 115/1000 loss: 0.8638 time 4.35s
Epoch 0/10 116/1000 loss: 0.8646 time 4.35s
Epoch 0/10 117/1000 loss: 0.8648 time 4.35s
Epoch 0/10 118/1000 loss: 0.8652 time 4.35s
Epoch 0/10 119/1000 loss: 0.8651 time 4.36s
Epoch 0/10 120/1000 loss: 0.8639 time 4.34s
Epoch 0/10 121/1000 loss: 0.8640 time 4.35s
Epoch 0/10 122/1000 loss: 0.8630 time 4.35s
Epoch 0/10 123/1000 loss: 0.8637 time 4.35s
Epoch 0/10 124/1000 loss: 0.8642 time 4.35s
Epoch 0/10 125/1000 loss: 0.8635 time 4.35s
Epoch 0/10 126/1000 loss: 0.8626 time 4.35s
Epoch 0/10 127/1000 loss: 0.8630 time 4.35s
Epoch 0/10 128/1000 loss: 0.8629 time 4.35s
Epoch 0/10 129/1000 loss: 0.8620 time 4.34s
Epoch 0/10 130/1000 loss: 0.8624 time 4.35s
Epoch 0/10 131/1000 loss: 0.8616 time 4.35s
Epoch 0/10 132/1000 loss: 0.8617 time 4.34s
Epoch 0/10 133/1000 loss: 0.8609 time 4.34s
Epoch 0/10 134/1000 loss: 0.8605 time 4.34s
Epoch 0/10 135/1000 loss: 0.8603 time 4.34s
Epoch 0/10 136/1000 loss: 0.8606 time 4.35s
Epoch 0/10 137/1000 loss: 0.8609 time 4.35s
Epoch 0/10 138/1000 loss: 0.8609 time 4.35s
Epoch 0/10 139/1000 loss: 0.8603 time 4.35s
Epoch 0/10 140/1000 loss: 0.8599 time 4.34s
Epoch 0/10 141/1000 loss: 0.8603 time 4.35s
Epoch 0/10 142/1000 loss: 0.8608 time 4.34s
Epoch 0/10 143/1000 loss: 0.8603 time 4.35s
Epoch 0/10 144/1000 loss: 0.8598 time 4.34s
Epoch 0/10 145/1000 loss: 0.8601 time 4.35s
Epoch 0/10 146/1000 loss: 0.8597 time 4.35s
Epoch 0/10 147/1000 loss: 0.8603 time 4.35s
Epoch 0/10 148/1000 loss: 0.8594 time 4.35s
Epoch 0/10 149/1000 loss: 0.8592 time 4.35s
Epoch 0/10 150/1000 loss: 0.8584 time 4.34s
Epoch 0/10 151/1000 loss: 0.8586 time 4.35s
Epoch 0/10 152/1000 loss: 0.8577 time 4.35s
Epoch 0/10 153/1000 loss: 0.8580 time 4.34s
Epoch 0/10 154/1000 loss: 0.8577 time 4.34s
Epoch 0/10 155/1000 loss: 0.8581 time 4.35s
Epoch 0/10 156/1000 loss: 0.8583 time 4.35s
Epoch 0/10 157/1000 loss: 0.8587 time 4.35s
Epoch 0/10 158/1000 loss: 0.8596 time 4.34s
Epoch 0/10 159/1000 loss: 0.8590 time 4.34s
Epoch 0/10 160/1000 loss: 0.8592 time 4.35s
Epoch 0/10 161/1000 loss: 0.8590 time 4.35s
Epoch 0/10 162/1000 loss: 0.8593 time 4.34s
Epoch 0/10 163/1000 loss: 0.8589 time 4.35s
Epoch 0/10 164/1000 loss: 0.8595 time 4.34s
Epoch 0/10 165/1000 loss: 0.8591 time 4.35s
Epoch 0/10 166/1000 loss: 0.8592 time 4.34s
Epoch 0/10 167/1000 loss: 0.8591 time 4.35s
Epoch 0/10 168/1000 loss: 0.8589 time 4.34s
Epoch 0/10 169/1000 loss: 0.8597 time 4.34s
Epoch 0/10 170/1000 loss: 0.8592 time 4.35s
Epoch 0/10 171/1000 loss: 0.8592 time 4.35s
Epoch 0/10 172/1000 loss: 0.8595 time 4.34s
Epoch 0/10 173/1000 loss: 0.8599 time 4.35s
Epoch 0/10 174/1000 loss: 0.8590 time 4.34s
Epoch 0/10 175/1000 loss: 0.8593 time 4.35s
Epoch 0/10 176/1000 loss: 0.8591 time 4.35s
Epoch 0/10 177/1000 loss: 0.8585 time 4.35s
Epoch 0/10 178/1000 loss: 0.8580 time 4.35s
Epoch 0/10 179/1000 loss: 0.8579 time 4.34s
Epoch 0/10 180/1000 loss: 0.8578 time 4.35s
Epoch 0/10 181/1000 loss: 0.8578 time 4.35s
Epoch 0/10 182/1000 loss: 0.8571 time 4.33s
Epoch 0/10 183/1000 loss: 0.8569 time 4.35s
Epoch 0/10 184/1000 loss: 0.8570 time 4.35s
Epoch 0/10 185/1000 loss: 0.8576 time 4.34s
Epoch 0/10 186/1000 loss: 0.8575 time 4.35s
Epoch 0/10 187/1000 loss: 0.8570 time 4.34s
Epoch 0/10 188/1000 loss: 0.8573 time 4.35s
Epoch 0/10 189/1000 loss: 0.8573 time 4.34s
Epoch 0/10 190/1000 loss: 0.8566 time 4.35s
Epoch 0/10 191/1000 loss: 0.8560 time 4.35s
Epoch 0/10 192/1000 loss: 0.8557 time 4.34s
Epoch 0/10 193/1000 loss: 0.8554 time 4.36s
Epoch 0/10 194/1000 loss: 0.8548 time 4.34s
Epoch 0/10 195/1000 loss: 0.8548 time 4.34s
Epoch 0/10 196/1000 loss: 0.8543 time 4.34s
Epoch 0/10 197/1000 loss: 0.8537 time 4.35s
Epoch 0/10 198/1000 loss: 0.8533 time 4.35s
Epoch 0/10 199/1000 loss: 0.8529 time 4.35s
Epoch 0/10 200/1000 loss: 0.8526 time 4.34s
Epoch 0/10 201/1000 loss: 0.8521 time 4.35s
Epoch 0/10 202/1000 loss: 0.8516 time 4.35s
Epoch 0/10 203/1000 loss: 0.8513 time 4.34s
Epoch 0/10 204/1000 loss: 0.8511 time 4.34s
Epoch 0/10 205/1000 loss: 0.8506 time 4.35s
Epoch 0/10 206/1000 loss: 0.8499 time 4.34s
Epoch 0/10 207/1000 loss: 0.8496 time 4.34s
Epoch 0/10 208/1000 loss: 0.8492 time 4.35s
Epoch 0/10 209/1000 loss: 0.8490 time 4.35s
Epoch 0/10 210/1000 loss: 0.8495 time 4.35s
Epoch 0/10 211/1000 loss: 0.8492 time 4.35s
Epoch 0/10 212/1000 loss: 0.8495 time 4.34s
Epoch 0/10 213/1000 loss: 0.8494 time 4.35s
Epoch 0/10 214/1000 loss: 0.8494 time 4.35s
Epoch 0/10 215/1000 loss: 0.8489 time 4.34s
Epoch 0/10 216/1000 loss: 0.8486 time 4.33s
Epoch 0/10 217/1000 loss: 0.8483 time 4.35s
Epoch 0/10 218/1000 loss: 0.8488 time 4.33s
Epoch 0/10 219/1000 loss: 0.8494 time 4.35s
Epoch 0/10 220/1000 loss: 0.8496 time 4.34s
Epoch 0/10 221/1000 loss: 0.8491 time 4.35s
Epoch 0/10 222/1000 loss: 0.8491 time 4.35s
Epoch 0/10 223/1000 loss: 0.8485 time 4.35s
Epoch 0/10 224/1000 loss: 0.8488 time 4.34s
Epoch 0/10 225/1000 loss: 0.8483 time 4.35s
Epoch 0/10 226/1000 loss: 0.8480 time 4.34s
Epoch 0/10 227/1000 loss: 0.8481 time 4.34s
Epoch 0/10 228/1000 loss: 0.8481 time 4.35s
Epoch 0/10 229/1000 loss: 0.8476 time 4.34s
Epoch 0/10 230/1000 loss: 0.8476 time 4.34s
Epoch 0/10 231/1000 loss: 0.8473 time 4.34s
Epoch 0/10 232/1000 loss: 0.8470 time 4.33s
Epoch 0/10 233/1000 loss: 0.8464 time 4.35s
Epoch 0/10 234/1000 loss: 0.8463 time 4.34s
Epoch 0/10 235/1000 loss: 0.8468 time 4.34s
Epoch 0/10 236/1000 loss: 0.8463 time 4.35s
Epoch 0/10 237/1000 loss: 0.8461 time 4.34s
Epoch 0/10 238/1000 loss: 0.8460 time 4.34s
Epoch 0/10 239/1000 loss: 0.8465 time 4.35s
Epoch 0/10 240/1000 loss: 0.8463 time 4.34s
Epoch 0/10 241/1000 loss: 0.8463 time 4.36s
Epoch 0/10 242/1000 loss: 0.8458 time 4.34s
Epoch 0/10 243/1000 loss: 0.8459 time 4.33s
Epoch 0/10 244/1000 loss: 0.8458 time 4.34s
Epoch 0/10 245/1000 loss: 0.8458 time 4.35s
Epoch 0/10 246/1000 loss: 0.8460 time 4.34s
Epoch 0/10 247/1000 loss: 0.8457 time 4.35s
Epoch 0/10 248/1000 loss: 0.8456 time 4.35s
Epoch 0/10 249/1000 loss: 0.8454 time 4.36s
Epoch 0/10 250/1000 loss: 0.8452 time 4.34s
Epoch 0/10 251/1000 loss: 0.8449 time 4.34s
Epoch 0/10 252/1000 loss: 0.8452 time 4.34s
Epoch 0/10 253/1000 loss: 0.8451 time 4.35s
Epoch 0/10 254/1000 loss: 0.8457 time 4.34s
Epoch 0/10 255/1000 loss: 0.8456 time 4.36s
Epoch 0/10 256/1000 loss: 0.8451 time 4.35s
Epoch 0/10 257/1000 loss: 0.8454 time 4.35s
Epoch 0/10 258/1000 loss: 0.8451 time 4.34s
Epoch 0/10 259/1000 loss: 0.8447 time 4.34s
Epoch 0/10 260/1000 loss: 0.8443 time 4.34s
Epoch 0/10 261/1000 loss: 0.8439 time 4.35s
Epoch 0/10 262/1000 loss: 0.8441 time 4.35s
Epoch 0/10 263/1000 loss: 0.8444 time 4.35s
Epoch 0/10 264/1000 loss: 0.8441 time 4.34s
Epoch 0/10 265/1000 loss: 0.8441 time 4.35s
Epoch 0/10 266/1000 loss: 0.8439 time 4.34s
Epoch 0/10 267/1000 loss: 0.8439 time 4.34s
Epoch 0/10 268/1000 loss: 0.8437 time 4.33s
Epoch 0/10 269/1000 loss: 0.8431 time 4.35s
Epoch 0/10 270/1000 loss: 0.8432 time 4.33s
Epoch 0/10 271/1000 loss: 0.8433 time 4.35s
Epoch 0/10 272/1000 loss: 0.8433 time 4.35s
Epoch 0/10 273/1000 loss: 0.8430 time 4.35s
Epoch 0/10 274/1000 loss: 0.8423 time 4.35s
Epoch 0/10 275/1000 loss: 0.8422 time 4.35s
Epoch 0/10 276/1000 loss: 0.8422 time 4.35s
Epoch 0/10 277/1000 loss: 0.8416 time 4.35s
Epoch 0/10 278/1000 loss: 0.8411 time 4.35s
Epoch 0/10 279/1000 loss: 0.8409 time 4.35s
Epoch 0/10 280/1000 loss: 0.8414 time 4.34s
Epoch 0/10 281/1000 loss: 0.8410 time 4.35s
Epoch 0/10 282/1000 loss: 0.8409 time 4.35s
Epoch 0/10 283/1000 loss: 0.8409 time 4.34s
Epoch 0/10 284/1000 loss: 0.8410 time 4.34s
Epoch 0/10 285/1000 loss: 0.8406 time 4.35s
Epoch 0/10 286/1000 loss: 0.8403 time 4.34s
Epoch 0/10 287/1000 loss: 0.8406 time 4.36s
Epoch 0/10 288/1000 loss: 0.8407 time 4.34s
Epoch 0/10 289/1000 loss: 0.8405 time 4.35s
Epoch 0/10 290/1000 loss: 0.8408 time 4.34s
Epoch 0/10 291/1000 loss: 0.8404 time 4.35s
Epoch 0/10 292/1000 loss: 0.8407 time 4.34s
Epoch 0/10 293/1000 loss: 0.8405 time 4.35s
Epoch 0/10 294/1000 loss: 0.8399 time 4.35s
Epoch 0/10 295/1000 loss: 0.8403 time 4.35s
Epoch 0/10 296/1000 loss: 0.8400 time 4.35s
Epoch 0/10 297/1000 loss: 0.8399 time 4.35s
Epoch 0/10 298/1000 loss: 0.8399 time 4.35s
Epoch 0/10 299/1000 loss: 0.8395 time 4.35s
Epoch 0/10 300/1000 loss: 0.8391 time 4.34s
Epoch 0/10 301/1000 loss: 0.8391 time 4.35s
Epoch 0/10 302/1000 loss: 0.8390 time 4.34s
Epoch 0/10 303/1000 loss: 0.8387 time 4.35s
Epoch 0/10 304/1000 loss: 0.8383 time 4.34s
Epoch 0/10 305/1000 loss: 0.8379 time 4.34s
Epoch 0/10 306/1000 loss: 0.8378 time 4.35s
Epoch 0/10 307/1000 loss: 0.8377 time 4.35s
Epoch 0/10 308/1000 loss: 0.8373 time 4.35s
Epoch 0/10 309/1000 loss: 0.8369 time 4.34s
Epoch 0/10 310/1000 loss: 0.8369 time 4.35s
Epoch 0/10 311/1000 loss: 0.8366 time 4.35s
Epoch 0/10 312/1000 loss: 0.8368 time 4.34s
Epoch 0/10 313/1000 loss: 0.8363 time 4.35s
Epoch 0/10 314/1000 loss: 0.8364 time 4.35s
Epoch 0/10 315/1000 loss: 0.8365 time 4.35s
Epoch 0/10 316/1000 loss: 0.8363 time 4.35s
Epoch 0/10 317/1000 loss: 0.8362 time 4.34s
Epoch 0/10 318/1000 loss: 0.8357 time 4.34s
Epoch 0/10 319/1000 loss: 0.8357 time 4.35s
Epoch 0/10 320/1000 loss: 0.8358 time 4.35s
Epoch 0/10 321/1000 loss: 0.8361 time 4.35s
Epoch 0/10 322/1000 loss: 0.8364 time 4.35s
Epoch 0/10 323/1000 loss: 0.8364 time 4.35s
Epoch 0/10 324/1000 loss: 0.8364 time 4.34s
Epoch 0/10 325/1000 loss: 0.8356 time 4.35s
Epoch 0/10 326/1000 loss: 0.8359 time 4.33s
Epoch 0/10 327/1000 loss: 0.8356 time 4.35s
Epoch 0/10 328/1000 loss: 0.8356 time 4.33s
Epoch 0/10 329/1000 loss: 0.8353 time 4.35s
Epoch 0/10 330/1000 loss: 0.8350 time 4.35s
Epoch 0/10 331/1000 loss: 0.8341 time 4.35s
Epoch 0/10 332/1000 loss: 0.8341 time 4.35s
Epoch 0/10 333/1000 loss: 0.8338 time 4.34s
Epoch 0/10 334/1000 loss: 0.8335 time 4.35s
Epoch 0/10 335/1000 loss: 0.8333 time 4.34s
Epoch 0/10 336/1000 loss: 0.8331 time 4.34s
Epoch 0/10 337/1000 loss: 0.8324 time 4.34s
Epoch 0/10 338/1000 loss: 0.8327 time 4.35s
Epoch 0/10 339/1000 loss: 0.8326 time 4.34s
Epoch 0/10 340/1000 loss: 0.8323 time 4.35s
Epoch 0/10 341/1000 loss: 0.8323 time 4.35s
Epoch 0/10 342/1000 loss: 0.8323 time 4.35s
Epoch 0/10 343/1000 loss: 0.8327 time 4.35s
Epoch 0/10 344/1000 loss: 0.8324 time 4.33s
Epoch 0/10 345/1000 loss: 0.8321 time 4.35s
Epoch 0/10 346/1000 loss: 0.8322 time 4.34s
Epoch 0/10 347/1000 loss: 0.8319 time 4.34s
Epoch 0/10 348/1000 loss: 0.8317 time 4.33s
Epoch 0/10 349/1000 loss: 0.8315 time 4.34s
Epoch 0/10 350/1000 loss: 0.8313 time 4.35s
Epoch 0/10 351/1000 loss: 0.8308 time 4.34s
Epoch 0/10 352/1000 loss: 0.8310 time 4.34s
Epoch 0/10 353/1000 loss: 0.8307 time 4.33s
Epoch 0/10 354/1000 loss: 0.8305 time 4.34s
Epoch 0/10 355/1000 loss: 0.8302 time 4.34s
Epoch 0/10 356/1000 loss: 0.8300 time 4.34s
Epoch 0/10 357/1000 loss: 0.8298 time 4.35s
Epoch 0/10 358/1000 loss: 0.8298 time 4.34s
Epoch 0/10 359/1000 loss: 0.8298 time 4.34s
Epoch 0/10 360/1000 loss: 0.8298 time 4.34s
Epoch 0/10 361/1000 loss: 0.8302 time 4.34s
Epoch 0/10 362/1000 loss: 0.8301 time 4.33s
Epoch 0/10 363/1000 loss: 0.8302 time 4.35s
Epoch 0/10 364/1000 loss: 0.8302 time 4.33s
Epoch 0/10 365/1000 loss: 0.8300 time 4.34s
Epoch 0/10 366/1000 loss: 0.8296 time 4.34s
Epoch 0/10 367/1000 loss: 0.8298 time 4.34s
Epoch 0/10 368/1000 loss: 0.8297 time 4.34s
Epoch 0/10 369/1000 loss: 0.8295 time 4.33s
Epoch 0/10 370/1000 loss: 0.8292 time 4.35s
Epoch 0/10 371/1000 loss: 0.8294 time 4.34s
Epoch 0/10 372/1000 loss: 0.8296 time 4.33s
Epoch 0/10 373/1000 loss: 0.8295 time 4.34s
Epoch 0/10 374/1000 loss: 0.8295 time 4.34s
Epoch 0/10 375/1000 loss: 0.8299 time 4.33s
Epoch 0/10 376/1000 loss: 0.8297 time 4.33s
Epoch 0/10 377/1000 loss: 0.8299 time 4.34s
Epoch 0/10 378/1000 loss: 0.8296 time 4.34s
Epoch 0/10 379/1000 loss: 0.8294 time 4.34s
Epoch 0/10 380/1000 loss: 0.8292 time 4.33s
Epoch 0/10 381/1000 loss: 0.8288 time 4.33s
Epoch 0/10 382/1000 loss: 0.8289 time 4.34s
Epoch 0/10 383/1000 loss: 0.8289 time 4.34s
Epoch 0/10 384/1000 loss: 0.8290 time 4.33s
Epoch 0/10 385/1000 loss: 0.8289 time 4.34s
Epoch 0/10 386/1000 loss: 0.8287 time 4.34s
Epoch 0/10 387/1000 loss: 0.8287 time 4.34s
Epoch 0/10 388/1000 loss: 0.8287 time 4.34s
Epoch 0/10 389/1000 loss: 0.8286 time 4.35s
Epoch 0/10 390/1000 loss: 0.8289 time 4.33s
Epoch 0/10 391/1000 loss: 0.8286 time 4.34s
Epoch 0/10 392/1000 loss: 0.8283 time 4.34s
Epoch 0/10 393/1000 loss: 0.8283 time 4.34s
Epoch 0/10 394/1000 loss: 0.8284 time 4.33s
Epoch 0/10 395/1000 loss: 0.8285 time 4.34s
Epoch 0/10 396/1000 loss: 0.8289 time 4.34s
Epoch 0/10 397/1000 loss: 0.8287 time 4.34s
Epoch 0/10 398/1000 loss: 0.8286 time 4.33s
Epoch 0/10 399/1000 loss: 0.8284 time 4.34s
Epoch 0/10 400/1000 loss: 0.8283 time 4.33s
Epoch 0/10 401/1000 loss: 0.8283 time 4.33s
Epoch 0/10 402/1000 loss: 0.8285 time 4.33s
Epoch 0/10 403/1000 loss: 0.8283 time 4.33s
Epoch 0/10 404/1000 loss: 0.8279 time 4.33s
Epoch 0/10 405/1000 loss: 0.8278 time 4.33s
Epoch 0/10 406/1000 loss: 0.8278 time 4.35s
Epoch 0/10 407/1000 loss: 0.8278 time 4.34s
Epoch 0/10 408/1000 loss: 0.8276 time 4.34s
Epoch 0/10 409/1000 loss: 0.8272 time 4.33s
Epoch 0/10 410/1000 loss: 0.8270 time 4.34s
Epoch 0/10 411/1000 loss: 0.8271 time 4.34s
Epoch 0/10 412/1000 loss: 0.8273 time 4.34s
Epoch 0/10 413/1000 loss: 0.8272 time 4.34s
Epoch 0/10 414/1000 loss: 0.8268 time 4.34s
Epoch 0/10 415/1000 loss: 0.8266 time 4.35s
Epoch 0/10 416/1000 loss: 0.8266 time 4.34s
Epoch 0/10 417/1000 loss: 0.8266 time 4.34s
Epoch 0/10 418/1000 loss: 0.8264 time 4.33s
Epoch 0/10 419/1000 loss: 0.8264 time 4.35s
Epoch 0/10 420/1000 loss: 0.8266 time 4.34s
Epoch 0/10 421/1000 loss: 0.8261 time 4.34s
Epoch 0/10 422/1000 loss: 0.8256 time 4.34s
Epoch 0/10 423/1000 loss: 0.8253 time 4.34s
Epoch 0/10 424/1000 loss: 0.8251 time 4.34s
Epoch 0/10 425/1000 loss: 0.8253 time 4.34s
Epoch 0/10 426/1000 loss: 0.8248 time 4.34s
Epoch 0/10 427/1000 loss: 0.8247 time 4.34s
Epoch 0/10 428/1000 loss: 0.8248 time 4.34s
Epoch 0/10 429/1000 loss: 0.8245 time 4.34s
Epoch 0/10 430/1000 loss: 0.8247 time 4.34s
Epoch 0/10 431/1000 loss: 0.8247 time 4.34s
Epoch 0/10 432/1000 loss: 0.8244 time 4.34s
Epoch 0/10 433/1000 loss: 0.8242 time 4.34s
Epoch 0/10 434/1000 loss: 0.8238 time 4.34s
Epoch 0/10 435/1000 loss: 0.8240 time 4.34s
Epoch 0/10 436/1000 loss: 0.8240 time 4.34s
Epoch 0/10 437/1000 loss: 0.8239 time 4.34s
Epoch 0/10 438/1000 loss: 0.8239 time 4.34s
Epoch 0/10 439/1000 loss: 0.8241 time 4.34s
Epoch 0/10 440/1000 loss: 0.8243 time 4.33s
Epoch 0/10 441/1000 loss: 0.8245 time 4.34s
Epoch 0/10 442/1000 loss: 0.8246 time 4.35s
Epoch 0/10 443/1000 loss: 0.8246 time 4.35s
Epoch 0/10 444/1000 loss: 0.8246 time 4.34s
Epoch 0/10 445/1000 loss: 0.8247 time 4.34s
Epoch 0/10 446/1000 loss: 0.8245 time 4.34s
Epoch 0/10 447/1000 loss: 0.8248 time 4.35s
Epoch 0/10 448/1000 loss: 0.8251 time 4.35s
Epoch 0/10 449/1000 loss: 0.8251 time 4.34s
Epoch 0/10 450/1000 loss: 0.8253 time 4.33s
Epoch 0/10 451/1000 loss: 0.8248 time 4.35s
Epoch 0/10 452/1000 loss: 0.8243 time 4.33s
Epoch 0/10 453/1000 loss: 0.8243 time 4.34s
Epoch 0/10 454/1000 loss: 0.8244 time 4.33s
Epoch 0/10 455/1000 loss: 0.8245 time 4.33s
Epoch 0/10 456/1000 loss: 0.8245 time 4.33s
Epoch 0/10 457/1000 loss: 0.8245 time 4.34s
Epoch 0/10 458/1000 loss: 0.8249 time 4.34s
Epoch 0/10 459/1000 loss: 0.8246 time 4.34s
Epoch 0/10 460/1000 loss: 0.8245 time 4.34s
Epoch 0/10 461/1000 loss: 0.8241 time 4.34s
Epoch 0/10 462/1000 loss: 0.8240 time 4.33s
Epoch 0/10 463/1000 loss: 0.8239 time 4.35s
Epoch 0/10 464/1000 loss: 0.8238 time 4.33s
Epoch 0/10 465/1000 loss: 0.8235 time 4.34s
Epoch 0/10 466/1000 loss: 0.8234 time 4.33s
Epoch 0/10 467/1000 loss: 0.8229 time 4.35s
Epoch 0/10 468/1000 loss: 0.8226 time 4.34s
Epoch 0/10 469/1000 loss: 0.8224 time 4.34s
Epoch 0/10 470/1000 loss: 0.8221 time 4.33s
Epoch 0/10 471/1000 loss: 0.8223 time 4.34s
Epoch 0/10 472/1000 loss: 0.8224 time 4.34s
Epoch 0/10 473/1000 loss: 0.8220 time 4.34s
Epoch 0/10 474/1000 loss: 0.8217 time 4.33s
Epoch 0/10 475/1000 loss: 0.8217 time 4.34s
Epoch 0/10 476/1000 loss: 0.8213 time 4.34s
Epoch 0/10 477/1000 loss: 0.8214 time 4.35s
Epoch 0/10 478/1000 loss: 0.8214 time 4.34s
Epoch 0/10 479/1000 loss: 0.8211 time 4.33s
Epoch 0/10 480/1000 loss: 0.8209 time 4.33s
Epoch 0/10 481/1000 loss: 0.8205 time 4.33s
Epoch 0/10 482/1000 loss: 0.8201 time 4.33s
Epoch 0/10 483/1000 loss: 0.8201 time 4.35s
Epoch 0/10 484/1000 loss: 0.8203 time 4.34s
Epoch 0/10 485/1000 loss: 0.8200 time 4.34s
Epoch 0/10 486/1000 loss: 0.8202 time 4.33s
Epoch 0/10 487/1000 loss: 0.8201 time 4.34s
Epoch 0/10 488/1000 loss: 0.8197 time 4.34s
Epoch 0/10 489/1000 loss: 0.8196 time 4.34s
Epoch 0/10 490/1000 loss: 0.8196 time 4.33s
Epoch 0/10 491/1000 loss: 0.8193 time 4.33s
Epoch 0/10 492/1000 loss: 0.8191 time 4.34s
Epoch 0/10 493/1000 loss: 0.8193 time 4.34s
Epoch 0/10 494/1000 loss: 0.8194 time 4.34s
Epoch 0/10 495/1000 loss: 0.8192 time 4.35s
Epoch 0/10 496/1000 loss: 0.8191 time 4.33s
Epoch 0/10 497/1000 loss: 0.8191 time 4.33s
Epoch 0/10 498/1000 loss: 0.8190 time 4.34s
Epoch 0/10 499/1000 loss: 0.8188 time 4.34s
Epoch 0/10 500/1000 loss: 0.8185 time 4.35s
Epoch 0/10 501/1000 loss: 0.8181 time 4.34s
Epoch 0/10 502/1000 loss: 0.8180 time 4.34s
Epoch 0/10 503/1000 loss: 0.8176 time 4.34s
Epoch 0/10 504/1000 loss: 0.8177 time 4.34s
Epoch 0/10 505/1000 loss: 0.8176 time 4.34s
Epoch 0/10 506/1000 loss: 0.8171 time 4.34s
Epoch 0/10 507/1000 loss: 0.8171 time 4.34s
Epoch 0/10 508/1000 loss: 0.8169 time 4.34s
Epoch 0/10 509/1000 loss: 0.8165 time 4.33s
Epoch 0/10 510/1000 loss: 0.8162 time 4.33s
Epoch 0/10 511/1000 loss: 0.8160 time 4.33s
Epoch 0/10 512/1000 loss: 0.8154 time 4.33s
Epoch 0/10 513/1000 loss: 0.8154 time 4.35s
Epoch 0/10 514/1000 loss: 0.8156 time 4.33s
Epoch 0/10 515/1000 loss: 0.8159 time 4.34s
Epoch 0/10 516/1000 loss: 0.8155 time 4.34s
Epoch 0/10 517/1000 loss: 0.8158 time 4.34s
Epoch 0/10 518/1000 loss: 0.8158 time 4.33s
Epoch 0/10 519/1000 loss: 0.8157 time 4.33s
Epoch 0/10 520/1000 loss: 0.8152 time 4.33s
Epoch 0/10 521/1000 loss: 0.8155 time 4.34s
Epoch 0/10 522/1000 loss: 0.8154 time 4.34s
Epoch 0/10 523/1000 loss: 0.8152 time 4.34s
Epoch 0/10 524/1000 loss: 0.8151 time 4.33s
Epoch 0/10 525/1000 loss: 0.8149 time 4.35s
Epoch 0/10 526/1000 loss: 0.8146 time 4.35s
Epoch 0/10 527/1000 loss: 0.8147 time 4.34s
Epoch 0/10 528/1000 loss: 0.8146 time 4.33s
Epoch 0/10 529/1000 loss: 0.8146 time 4.33s
Epoch 0/10 530/1000 loss: 0.8143 time 4.33s
Epoch 0/10 531/1000 loss: 0.8140 time 4.34s
Epoch 0/10 532/1000 loss: 0.8135 time 4.34s
Epoch 0/10 533/1000 loss: 0.8130 time 4.33s
Epoch 0/10 534/1000 loss: 0.8132 time 4.33s
Epoch 0/10 535/1000 loss: 0.8128 time 4.34s
Epoch 0/10 536/1000 loss: 0.8129 time 4.34s
Epoch 0/10 537/1000 loss: 0.8126 time 4.34s
Epoch 0/10 538/1000 loss: 0.8121 time 4.34s
Epoch 0/10 539/1000 loss: 0.8123 time 4.34s
Epoch 0/10 540/1000 loss: 0.8126 time 4.34s
Epoch 0/10 541/1000 loss: 0.8128 time 4.34s
Epoch 0/10 542/1000 loss: 0.8128 time 4.34s
Epoch 0/10 543/1000 loss: 0.8129 time 4.33s
Epoch 0/10 544/1000 loss: 0.8124 time 4.33s
Epoch 0/10 545/1000 loss: 0.8122 time 4.33s
Epoch 0/10 546/1000 loss: 0.8120 time 4.33s
Epoch 0/10 547/1000 loss: 0.8117 time 4.35s
Epoch 0/10 548/1000 loss: 0.8113 time 4.33s
Epoch 0/10 549/1000 loss: 0.8112 time 4.35s
Epoch 0/10 550/1000 loss: 0.8111 time 4.35s
Epoch 0/10 551/1000 loss: 0.8109 time 4.34s
Epoch 0/10 552/1000 loss: 0.8106 time 4.34s
Epoch 0/10 553/1000 loss: 0.8106 time 4.34s
Epoch 0/10 554/1000 loss: 0.8105 time 4.34s
Epoch 0/10 555/1000 loss: 0.8105 time 4.34s
Epoch 0/10 556/1000 loss: 0.8103 time 4.34s
Epoch 0/10 557/1000 loss: 0.8103 time 4.34s
Epoch 0/10 558/1000 loss: 0.8103 time 4.33s
Epoch 0/10 559/1000 loss: 0.8104 time 4.33s
Epoch 0/10 560/1000 loss: 0.8102 time 4.33s
Epoch 0/10 561/1000 loss: 0.8103 time 4.34s
Epoch 0/10 562/1000 loss: 0.8102 time 4.34s
Epoch 0/10 563/1000 loss: 0.8101 time 4.34s
Epoch 0/10 564/1000 loss: 0.8101 time 4.33s
Epoch 0/10 565/1000 loss: 0.8100 time 4.34s
Epoch 0/10 566/1000 loss: 0.8099 time 4.34s
Epoch 0/10 567/1000 loss: 0.8099 time 4.35s
Epoch 0/10 568/1000 loss: 0.8096 time 4.34s
Epoch 0/10 569/1000 loss: 0.8096 time 4.35s
Epoch 0/10 570/1000 loss: 0.8091 time 4.35s
Epoch 0/10 571/1000 loss: 0.8088 time 4.34s
Epoch 0/10 572/1000 loss: 0.8090 time 4.35s
Epoch 0/10 573/1000 loss: 0.8089 time 4.34s
Epoch 0/10 574/1000 loss: 0.8089 time 4.33s
Epoch 0/10 575/1000 loss: 0.8087 time 4.35s
Epoch 0/10 576/1000 loss: 0.8082 time 4.34s
Epoch 0/10 577/1000 loss: 0.8081 time 4.34s
Epoch 0/10 578/1000 loss: 0.8082 time 4.33s
Epoch 0/10 579/1000 loss: 0.8079 time 4.35s
Epoch 0/10 580/1000 loss: 0.8078 time 4.34s
Epoch 0/10 581/1000 loss: 0.8074 time 4.33s
Epoch 0/10 582/1000 loss: 0.8073 time 4.34s
Epoch 0/10 583/1000 loss: 0.8072 time 4.35s
Epoch 0/10 584/1000 loss: 0.8068 time 4.34s
Epoch 0/10 585/1000 loss: 0.8069 time 4.34s
Epoch 0/10 586/1000 loss: 0.8067 time 4.33s
Epoch 0/10 587/1000 loss: 0.8067 time 4.35s
Epoch 0/10 588/1000 loss: 0.8064 time 4.33s
Epoch 0/10 589/1000 loss: 0.8061 time 4.33s
Epoch 0/10 590/1000 loss: 0.8058 time 4.34s
Epoch 0/10 591/1000 loss: 0.8059 time 4.34s
Epoch 0/10 592/1000 loss: 0.8053 time 4.34s
Epoch 0/10 593/1000 loss: 0.8055 time 4.35s
Epoch 0/10 594/1000 loss: 0.8055 time 4.34s
Epoch 0/10 595/1000 loss: 0.8057 time 4.35s
Epoch 0/10 596/1000 loss: 0.8056 time 4.34s
Epoch 0/10 597/1000 loss: 0.8056 time 4.34s
Epoch 0/10 598/1000 loss: 0.8055 time 4.34s
Epoch 0/10 599/1000 loss: 0.8053 time 4.35s
Epoch 0/10 600/1000 loss: 0.8052 time 4.34s
Epoch 0/10 601/1000 loss: 0.8052 time 4.34s
Epoch 0/10 602/1000 loss: 0.8052 time 4.34s
Epoch 0/10 603/1000 loss: 0.8053 time 4.34s
Epoch 0/10 604/1000 loss: 0.8054 time 4.34s
Epoch 0/10 605/1000 loss: 0.8055 time 4.34s
Epoch 0/10 606/1000 loss: 0.8054 time 4.33s
Epoch 0/10 607/1000 loss: 0.8052 time 4.34s
Epoch 0/10 608/1000 loss: 0.8052 time 4.34s
Epoch 0/10 609/1000 loss: 0.8048 time 4.34s
Epoch 0/10 610/1000 loss: 0.8051 time 4.34s
Epoch 0/10 611/1000 loss: 0.8054 time 4.33s
Epoch 0/10 612/1000 loss: 0.8052 time 4.33s
Epoch 0/10 613/1000 loss: 0.8048 time 4.35s
Epoch 0/10 614/1000 loss: 0.8045 time 4.34s
Epoch 0/10 615/1000 loss: 0.8042 time 4.34s
Epoch 0/10 616/1000 loss: 0.8040 time 4.34s
Epoch 0/10 617/1000 loss: 0.8036 time 4.34s
Epoch 0/10 618/1000 loss: 0.8033 time 4.33s
Epoch 0/10 619/1000 loss: 0.8031 time 4.33s
Epoch 0/10 620/1000 loss: 0.8030 time 4.33s
Epoch 0/10 621/1000 loss: 0.8028 time 4.34s
Epoch 0/10 622/1000 loss: 0.8026 time 4.34s
Epoch 0/10 623/1000 loss: 0.8028 time 4.33s
Epoch 0/10 624/1000 loss: 0.8023 time 4.33s
Epoch 0/10 625/1000 loss: 0.8022 time 4.35s
Epoch 0/10 626/1000 loss: 0.8019 time 4.33s
Epoch 0/10 627/1000 loss: 0.8019 time 4.35s
Epoch 0/10 628/1000 loss: 0.8017 time 4.34s
Epoch 0/10 629/1000 loss: 0.8017 time 4.35s
Epoch 0/10 630/1000 loss: 0.8014 time 4.34s
Epoch 0/10 631/1000 loss: 0.8016 time 4.34s
Epoch 0/10 632/1000 loss: 0.8016 time 4.34s
Epoch 0/10 633/1000 loss: 0.8014 time 4.34s
Epoch 0/10 634/1000 loss: 0.8014 time 4.33s
Epoch 0/10 635/1000 loss: 0.8012 time 4.33s
Epoch 0/10 636/1000 loss: 0.8009 time 4.33s
Epoch 0/10 637/1000 loss: 0.8012 time 4.34s
Epoch 0/10 638/1000 loss: 0.8008 time 4.34s
Epoch 0/10 639/1000 loss: 0.8004 time 4.34s
Epoch 0/10 640/1000 loss: 0.8000 time 4.34s
Epoch 0/10 641/1000 loss: 0.8001 time 4.34s
Epoch 0/10 642/1000 loss: 0.8001 time 4.34s
Epoch 0/10 643/1000 loss: 0.7998 time 4.34s
Epoch 0/10 644/1000 loss: 0.7996 time 4.34s
Epoch 0/10 645/1000 loss: 0.7993 time 4.34s
Epoch 0/10 646/1000 loss: 0.7996 time 4.34s
Epoch 0/10 647/1000 loss: 0.7994 time 4.34s
Epoch 0/10 648/1000 loss: 0.7993 time 4.35s
Epoch 0/10 649/1000 loss: 0.7992 time 4.34s
Epoch 0/10 650/1000 loss: 0.7990 time 4.33s
Epoch 0/10 651/1000 loss: 0.7987 time 4.34s
Epoch 0/10 652/1000 loss: 0.7983 time 4.34s
Epoch 0/10 653/1000 loss: 0.7980 time 4.35s
Epoch 0/10 654/1000 loss: 0.7976 time 4.34s
Epoch 0/10 655/1000 loss: 0.7974 time 4.35s
Epoch 0/10 656/1000 loss: 0.7975 time 4.34s
Epoch 0/10 657/1000 loss: 0.7975 time 4.35s
Epoch 0/10 658/1000 loss: 0.7977 time 4.34s
Epoch 0/10 659/1000 loss: 0.7978 time 4.34s
Epoch 0/10 660/1000 loss: 0.7980 time 4.35s
Epoch 0/10 661/1000 loss: 0.7977 time 4.34s
Epoch 0/10 662/1000 loss: 0.7975 time 4.35s
Epoch 0/10 663/1000 loss: 0.7973 time 4.35s
Epoch 0/10 664/1000 loss: 0.7973 time 4.33s
Epoch 0/10 665/1000 loss: 0.7971 time 4.33s
Epoch 0/10 666/1000 loss: 0.7968 time 4.34s
Epoch 0/10 667/1000 loss: 0.7968 time 4.34s
Epoch 0/10 668/1000 loss: 0.7968 time 4.34s
Epoch 0/10 669/1000 loss: 0.7965 time 4.34s
Epoch 0/10 670/1000 loss: 0.7962 time 4.33s
Epoch 0/10 671/1000 loss: 0.7959 time 4.34s
Epoch 0/10 672/1000 loss: 0.7959 time 4.34s
Epoch 0/10 673/1000 loss: 0.7957 time 4.33s
Epoch 0/10 674/1000 loss: 0.7953 time 4.33s
Epoch 0/10 675/1000 loss: 0.7951 time 4.35s
Epoch 0/10 676/1000 loss: 0.7948 time 4.34s
Epoch 0/10 677/1000 loss: 0.7947 time 4.34s
Epoch 0/10 678/1000 loss: 0.7944 time 4.35s
Epoch 0/10 679/1000 loss: 0.7942 time 4.34s
Epoch 0/10 680/1000 loss: 0.7938 time 4.34s
Epoch 0/10 681/1000 loss: 0.7937 time 4.34s
Epoch 0/10 682/1000 loss: 0.7935 time 4.33s
Epoch 0/10 683/1000 loss: 0.7935 time 4.34s
Epoch 0/10 684/1000 loss: 0.7935 time 4.33s
Epoch 0/10 685/1000 loss: 0.7931 time 4.34s
Epoch 0/10 686/1000 loss: 0.7932 time 4.34s
Epoch 0/10 687/1000 loss: 0.7929 time 4.34s
Epoch 0/10 688/1000 loss: 0.7930 time 4.33s
Epoch 0/10 689/1000 loss: 0.7928 time 4.35s
Epoch 0/10 690/1000 loss: 0.7927 time 4.34s
Epoch 0/10 691/1000 loss: 0.7924 time 4.35s
Epoch 0/10 692/1000 loss: 0.7921 time 4.34s
Epoch 0/10 693/1000 loss: 0.7918 time 4.34s
Epoch 0/10 694/1000 loss: 0.7915 time 4.35s
Epoch 0/10 695/1000 loss: 0.7915 time 4.34s
Epoch 0/10 696/1000 loss: 0.7911 time 4.34s
Epoch 0/10 697/1000 loss: 0.7910 time 4.35s
Epoch 0/10 698/1000 loss: 0.7907 time 4.34s
Epoch 0/10 699/1000 loss: 0.7906 time 4.35s
Epoch 0/10 700/1000 loss: 0.7903 time 4.33s
Epoch 0/10 701/1000 loss: 0.7901 time 4.35s
Epoch 0/10 702/1000 loss: 0.7900 time 4.33s
Epoch 0/10 703/1000 loss: 0.7900 time 4.35s
Epoch 0/10 704/1000 loss: 0.7897 time 4.34s
Epoch 0/10 705/1000 loss: 0.7896 time 4.34s
Epoch 0/10 706/1000 loss: 0.7895 time 4.34s
Epoch 0/10 707/1000 loss: 0.7893 time 4.35s
Epoch 0/10 708/1000 loss: 0.7891 time 4.34s
Epoch 0/10 709/1000 loss: 0.7889 time 4.34s
Epoch 0/10 710/1000 loss: 0.7886 time 4.34s
Epoch 0/10 711/1000 loss: 0.7884 time 4.33s
Epoch 0/10 712/1000 loss: 0.7882 time 4.35s
Epoch 0/10 713/1000 loss: 0.7881 time 4.34s
Epoch 0/10 714/1000 loss: 0.7881 time 4.33s
Epoch 0/10 715/1000 loss: 0.7879 time 4.33s
Epoch 0/10 716/1000 loss: 0.7878 time 4.34s
Epoch 0/10 717/1000 loss: 0.7875 time 4.34s
Epoch 0/10 718/1000 loss: 0.7877 time 4.33s
Epoch 0/10 719/1000 loss: 0.7877 time 4.33s
Epoch 0/10 720/1000 loss: 0.7874 time 4.33s
Epoch 0/10 721/1000 loss: 0.7874 time 4.34s
Epoch 0/10 722/1000 loss: 0.7870 time 4.36s
Epoch 0/10 723/1000 loss: 0.7873 time 4.35s
Epoch 0/10 724/1000 loss: 0.7871 time 4.35s
Epoch 0/10 725/1000 loss: 0.7870 time 4.34s
Epoch 0/10 726/1000 loss: 0.7868 time 4.34s
Epoch 0/10 727/1000 loss: 0.7867 time 4.33s
Epoch 0/10 728/1000 loss: 0.7867 time 4.34s
Epoch 0/10 729/1000 loss: 0.7869 time 4.34s
Epoch 0/10 730/1000 loss: 0.7870 time 4.35s
Epoch 0/10 731/1000 loss: 0.7869 time 4.35s
Epoch 0/10 732/1000 loss: 0.7866 time 4.35s
Epoch 0/10 733/1000 loss: 0.7863 time 4.34s
Epoch 0/10 734/1000 loss: 0.7860 time 4.34s
Epoch 0/10 735/1000 loss: 0.7857 time 4.34s
Epoch 0/10 736/1000 loss: 0.7858 time 4.34s
Epoch 0/10 737/1000 loss: 0.7860 time 4.35s
Epoch 0/10 738/1000 loss: 0.7860 time 4.34s
Epoch 0/10 739/1000 loss: 0.7858 time 4.34s
Epoch 0/10 740/1000 loss: 0.7856 time 4.34s
Epoch 0/10 741/1000 loss: 0.7856 time 4.34s
Epoch 0/10 742/1000 loss: 0.7857 time 4.34s
Epoch 0/10 743/1000 loss: 0.7856 time 4.35s
Epoch 0/10 744/1000 loss: 0.7855 time 4.34s
Epoch 0/10 745/1000 loss: 0.7854 time 4.35s
Epoch 0/10 746/1000 loss: 0.7853 time 4.34s
Epoch 0/10 747/1000 loss: 0.7851 time 4.34s
Epoch 0/10 748/1000 loss: 0.7847 time 4.34s
Epoch 0/10 749/1000 loss: 0.7844 time 4.35s
Epoch 0/10 750/1000 loss: 0.7842 time 4.34s
Epoch 0/10 751/1000 loss: 0.7842 time 4.35s
Epoch 0/10 752/1000 loss: 0.7843 time 4.34s
Epoch 0/10 753/1000 loss: 0.7842 time 4.34s
Epoch 0/10 754/1000 loss: 0.7840 time 4.33s
Epoch 0/10 755/1000 loss: 0.7837 time 4.35s
Epoch 0/10 756/1000 loss: 0.7840 time 4.35s
Epoch 0/10 757/1000 loss: 0.7838 time 4.34s
Epoch 0/10 758/1000 loss: 0.7839 time 4.34s
Epoch 0/10 759/1000 loss: 0.7839 time 4.36s
Epoch 0/10 760/1000 loss: 0.7840 time 4.35s
Epoch 0/10 761/1000 loss: 0.7839 time 4.34s
Epoch 0/10 762/1000 loss: 0.7840 time 4.35s
Epoch 0/10 763/1000 loss: 0.7839 time 4.36s
Epoch 0/10 764/1000 loss: 0.7838 time 4.34s
Epoch 0/10 765/1000 loss: 0.7834 time 4.35s
Epoch 0/10 766/1000 loss: 0.7831 time 4.33s
Epoch 0/10 767/1000 loss: 0.7827 time 4.35s
Epoch 0/10 768/1000 loss: 0.7826 time 4.33s
Epoch 0/10 769/1000 loss: 0.7825 time 4.35s
Epoch 0/10 770/1000 loss: 0.7824 time 4.34s
Epoch 0/10 771/1000 loss: 0.7823 time 4.34s
Epoch 0/10 772/1000 loss: 0.7820 time 4.33s
Epoch 0/10 773/1000 loss: 0.7819 time 4.33s
Epoch 0/10 774/1000 loss: 0.7818 time 4.35s
Epoch 0/10 775/1000 loss: 0.7817 time 4.36s
Epoch 0/10 776/1000 loss: 0.7816 time 4.34s
Epoch 0/10 777/1000 loss: 0.7815 time 4.35s
Epoch 0/10 778/1000 loss: 0.7817 time 4.35s
Epoch 0/10 779/1000 loss: 0.7816 time 4.34s
Epoch 0/10 780/1000 loss: 0.7814 time 4.35s
Epoch 0/10 781/1000 loss: 0.7812 time 4.34s
Epoch 0/10 782/1000 loss: 0.7812 time 4.34s
Epoch 0/10 783/1000 loss: 0.7810 time 4.35s
Epoch 0/10 784/1000 loss: 0.7810 time 4.34s
Epoch 0/10 785/1000 loss: 0.7807 time 4.35s
Epoch 0/10 786/1000 loss: 0.7807 time 4.34s
Epoch 0/10 787/1000 loss: 0.7805 time 4.34s
Epoch 0/10 788/1000 loss: 0.7805 time 4.34s
Epoch 0/10 789/1000 loss: 0.7804 time 4.33s
Epoch 0/10 790/1000 loss: 0.7801 time 4.34s
Epoch 0/10 791/1000 loss: 0.7802 time 4.34s
Epoch 0/10 792/1000 loss: 0.7798 time 4.35s
Epoch 0/10 793/1000 loss: 0.7796 time 4.34s
Epoch 0/10 794/1000 loss: 0.7792 time 4.34s
Epoch 0/10 795/1000 loss: 0.7794 time 4.35s
Epoch 0/10 796/1000 loss: 0.7793 time 4.34s
Epoch 0/10 797/1000 loss: 0.7790 time 4.35s
Epoch 0/10 798/1000 loss: 0.7789 time 4.34s
Epoch 0/10 799/1000 loss: 0.7787 time 4.34s
Epoch 0/10 800/1000 loss: 0.7789 time 4.34s
Epoch 0/10 801/1000 loss: 0.7789 time 4.34s
Epoch 0/10 802/1000 loss: 0.7791 time 4.34s
Epoch 0/10 803/1000 loss: 0.7790 time 4.34s
Epoch 0/10 804/1000 loss: 0.7790 time 4.35s
Epoch 0/10 805/1000 loss: 0.7791 time 4.35s
Epoch 0/10 806/1000 loss: 0.7790 time 4.33s
Epoch 0/10 807/1000 loss: 0.7793 time 4.35s
Epoch 0/10 808/1000 loss: 0.7791 time 4.35s
Epoch 0/10 809/1000 loss: 0.7791 time 4.34s
Epoch 0/10 810/1000 loss: 0.7789 time 4.34s
Epoch 0/10 811/1000 loss: 0.7787 time 4.35s
Epoch 0/10 812/1000 loss: 0.7789 time 4.34s
Epoch 0/10 813/1000 loss: 0.7786 time 4.34s
Epoch 0/10 814/1000 loss: 0.7783 time 4.34s
Epoch 0/10 815/1000 loss: 0.7782 time 4.34s
Epoch 0/10 816/1000 loss: 0.7778 time 4.35s
Epoch 0/10 817/1000 loss: 0.7776 time 4.34s
Epoch 0/10 818/1000 loss: 0.7776 time 4.34s
Epoch 0/10 819/1000 loss: 0.7773 time 4.35s
Epoch 0/10 820/1000 loss: 0.7773 time 4.34s
Epoch 0/10 821/1000 loss: 0.7774 time 4.35s
Epoch 0/10 822/1000 loss: 0.7775 time 4.35s
Epoch 0/10 823/1000 loss: 0.7775 time 4.34s
Epoch 0/10 824/1000 loss: 0.7776 time 4.35s
Epoch 0/10 825/1000 loss: 0.7774 time 4.34s
Epoch 0/10 826/1000 loss: 0.7773 time 4.34s
Epoch 0/10 827/1000 loss: 0.7773 time 4.35s
Epoch 0/10 828/1000 loss: 0.7772 time 4.34s
Epoch 0/10 829/1000 loss: 0.7770 time 4.35s
Epoch 0/10 830/1000 loss: 0.7768 time 4.34s
Epoch 0/10 831/1000 loss: 0.7765 time 4.34s
Epoch 0/10 832/1000 loss: 0.7762 time 4.34s
Epoch 0/10 833/1000 loss: 0.7761 time 4.34s
Epoch 0/10 834/1000 loss: 0.7762 time 4.34s
Epoch 0/10 835/1000 loss: 0.7761 time 4.34s
Epoch 0/10 836/1000 loss: 0.7759 time 4.35s
Epoch 0/10 837/1000 loss: 0.7762 time 4.34s
Epoch 0/10 838/1000 loss: 0.7763 time 4.33s
Epoch 0/10 839/1000 loss: 0.7761 time 4.34s
Epoch 0/10 840/1000 loss: 0.7759 time 4.34s
Epoch 0/10 841/1000 loss: 0.7760 time 4.34s
Epoch 0/10 842/1000 loss: 0.7757 time 4.34s
Epoch 0/10 843/1000 loss: 0.7757 time 4.33s
Epoch 0/10 844/1000 loss: 0.7755 time 4.35s
Epoch 0/10 845/1000 loss: 0.7756 time 4.35s
Epoch 0/10 846/1000 loss: 0.7753 time 4.34s
Epoch 0/10 847/1000 loss: 0.7752 time 4.35s
Epoch 0/10 848/1000 loss: 0.7750 time 4.34s
Epoch 0/10 849/1000 loss: 0.7752 time 4.34s
Epoch 0/10 850/1000 loss: 0.7751 time 4.34s
Epoch 0/10 851/1000 loss: 0.7752 time 4.35s
Epoch 0/10 852/1000 loss: 0.7751 time 4.35s
Epoch 0/10 853/1000 loss: 0.7749 time 4.34s
Epoch 0/10 854/1000 loss: 0.7747 time 4.34s
Epoch 0/10 855/1000 loss: 0.7747 time 4.34s
Epoch 0/10 856/1000 loss: 0.7748 time 4.34s
Epoch 0/10 857/1000 loss: 0.7749 time 4.34s
Epoch 0/10 858/1000 loss: 0.7750 time 4.34s
Epoch 0/10 859/1000 loss: 0.7749 time 4.35s
Epoch 0/10 860/1000 loss: 0.7749 time 4.34s
Epoch 0/10 861/1000 loss: 0.7746 time 4.34s
Epoch 0/10 862/1000 loss: 0.7746 time 4.34s
Epoch 0/10 863/1000 loss: 0.7743 time 4.34s
Epoch 0/10 864/1000 loss: 0.7744 time 4.34s
Epoch 0/10 865/1000 loss: 0.7743 time 4.33s
Epoch 0/10 866/1000 loss: 0.7740 time 4.34s
Epoch 0/10 867/1000 loss: 0.7739 time 4.35s
Epoch 0/10 868/1000 loss: 0.7739 time 4.34s
Epoch 0/10 869/1000 loss: 0.7737 time 4.35s
Epoch 0/10 870/1000 loss: 0.7735 time 4.33s
Epoch 0/10 871/1000 loss: 0.7736 time 4.35s
Epoch 0/10 872/1000 loss: 0.7739 time 4.34s
Epoch 0/10 873/1000 loss: 0.7737 time 4.34s
Epoch 0/10 874/1000 loss: 0.7735 time 4.34s
Epoch 0/10 875/1000 loss: 0.7734 time 4.34s
Epoch 0/10 876/1000 loss: 0.7736 time 4.34s
Epoch 0/10 877/1000 loss: 0.7735 time 4.35s
Epoch 0/10 878/1000 loss: 0.7732 time 4.35s
Epoch 0/10 879/1000 loss: 0.7733 time 4.34s
Epoch 0/10 880/1000 loss: 0.7732 time 4.34s
Epoch 0/10 881/1000 loss: 0.7731 time 4.35s
Epoch 0/10 882/1000 loss: 0.7727 time 4.34s
Epoch 0/10 883/1000 loss: 0.7724 time 4.33s
Epoch 0/10 884/1000 loss: 0.7724 time 4.34s
Epoch 0/10 885/1000 loss: 0.7722 time 4.34s
Epoch 0/10 886/1000 loss: 0.7722 time 4.34s
Epoch 0/10 887/1000 loss: 0.7720 time 4.35s
Epoch 0/10 888/1000 loss: 0.7717 time 4.33s
Epoch 0/10 889/1000 loss: 0.7719 time 4.35s
Epoch 0/10 890/1000 loss: 0.7721 time 4.34s
Epoch 0/10 891/1000 loss: 0.7717 time 4.33s
Epoch 0/10 892/1000 loss: 0.7716 time 4.33s
Epoch 0/10 893/1000 loss: 0.7713 time 4.35s
Epoch 0/10 894/1000 loss: 0.7713 time 4.34s
Epoch 0/10 895/1000 loss: 0.7713 time 4.34s
Epoch 0/10 896/1000 loss: 0.7712 time 4.33s
Epoch 0/10 897/1000 loss: 0.7712 time 4.34s
Epoch 0/10 898/1000 loss: 0.7710 time 4.33s
Epoch 0/10 899/1000 loss: 0.7707 time 4.33s
Epoch 0/10 900/1000 loss: 0.7707 time 4.33s
Epoch 0/10 901/1000 loss: 0.7705 time 4.34s
Epoch 0/10 902/1000 loss: 0.7703 time 4.35s
Epoch 0/10 903/1000 loss: 0.7702 time 4.35s
Epoch 0/10 904/1000 loss: 0.7703 time 4.34s
Epoch 0/10 905/1000 loss: 0.7701 time 4.33s
Epoch 0/10 906/1000 loss: 0.7701 time 4.34s
Epoch 0/10 907/1000 loss: 0.7699 time 4.35s
Epoch 0/10 908/1000 loss: 0.7699 time 4.34s
Epoch 0/10 909/1000 loss: 0.7699 time 4.35s
Epoch 0/10 910/1000 loss: 0.7700 time 4.34s
Epoch 0/10 911/1000 loss: 0.7699 time 4.35s
Epoch 0/10 912/1000 loss: 0.7700 time 4.34s
Epoch 0/10 913/1000 loss: 0.7698 time 4.35s
Epoch 0/10 914/1000 loss: 0.7698 time 4.34s
Epoch 0/10 915/1000 loss: 0.7696 time 4.35s
Epoch 0/10 916/1000 loss: 0.7695 time 4.34s
Epoch 0/10 917/1000 loss: 0.7693 time 4.34s
Epoch 0/10 918/1000 loss: 0.7692 time 4.35s
Epoch 0/10 919/1000 loss: 0.7690 time 4.35s
Epoch 0/10 920/1000 loss: 0.7688 time 4.35s
Epoch 0/10 921/1000 loss: 0.7687 time 4.34s
Epoch 0/10 922/1000 loss: 0.7688 time 4.33s
Epoch 0/10 923/1000 loss: 0.7688 time 4.35s
Epoch 0/10 924/1000 loss: 0.7689 time 4.35s
Epoch 0/10 925/1000 loss: 0.7687 time 4.35s
Epoch 0/10 926/1000 loss: 0.7684 time 4.34s
Epoch 0/10 927/1000 loss: 0.7684 time 4.34s
Epoch 0/10 928/1000 loss: 0.7683 time 4.33s
Epoch 0/10 929/1000 loss: 0.7681 time 4.35s
Epoch 0/10 930/1000 loss: 0.7679 time 4.33s
Epoch 0/10 931/1000 loss: 0.7678 time 4.35s
Epoch 0/10 932/1000 loss: 0.7676 time 4.34s
Epoch 0/10 933/1000 loss: 0.7673 time 4.34s
Epoch 0/10 934/1000 loss: 0.7671 time 4.33s
Epoch 0/10 935/1000 loss: 0.7669 time 4.34s
Epoch 0/10 936/1000 loss: 0.7667 time 4.34s
Epoch 0/10 937/1000 loss: 0.7666 time 4.34s
Epoch 0/10 938/1000 loss: 0.7664 time 4.34s
Epoch 0/10 939/1000 loss: 0.7664 time 4.34s
Epoch 0/10 940/1000 loss: 0.7663 time 4.35s
Epoch 0/10 941/1000 loss: 0.7665 time 4.34s
Epoch 0/10 942/1000 loss: 0.7665 time 4.34s
Epoch 0/10 943/1000 loss: 0.7663 time 4.34s
Epoch 0/10 944/1000 loss: 0.7665 time 4.34s
Epoch 0/10 945/1000 loss: 0.7662 time 4.34s
Epoch 0/10 946/1000 loss: 0.7662 time 4.35s
Epoch 0/10 947/1000 loss: 0.7659 time 4.34s
Epoch 0/10 948/1000 loss: 0.7658 time 4.35s
Epoch 0/10 949/1000 loss: 0.7656 time 4.34s
Epoch 0/10 950/1000 loss: 0.7654 time 4.34s
Epoch 0/10 951/1000 loss: 0.7652 time 4.34s
Epoch 0/10 952/1000 loss: 0.7650 time 4.34s
Epoch 0/10 953/1000 loss: 0.7649 time 4.33s
Epoch 0/10 954/1000 loss: 0.7648 time 4.34s
Epoch 0/10 955/1000 loss: 0.7647 time 4.34s
Epoch 0/10 956/1000 loss: 0.7644 time 4.33s
Epoch 0/10 957/1000 loss: 0.7644 time 4.34s
Epoch 0/10 958/1000 loss: 0.7643 time 4.34s
Epoch 0/10 959/1000 loss: 0.7640 time 4.34s
Epoch 0/10 960/1000 loss: 0.7639 time 4.34s
Epoch 0/10 961/1000 loss: 0.7641 time 4.34s
Epoch 0/10 962/1000 loss: 0.7640 time 4.34s
Epoch 0/10 963/1000 loss: 0.7638 time 4.34s
Epoch 0/10 964/1000 loss: 0.7639 time 4.34s
Epoch 0/10 965/1000 loss: 0.7638 time 4.34s
Epoch 0/10 966/1000 loss: 0.7638 time 4.33s
Epoch 0/10 967/1000 loss: 0.7637 time 4.33s
Epoch 0/10 968/1000 loss: 0.7634 time 4.34s
Epoch 0/10 969/1000 loss: 0.7632 time 4.34s
Epoch 0/10 970/1000 loss: 0.7630 time 4.33s
Epoch 0/10 971/1000 loss: 0.7628 time 4.34s
Epoch 0/10 972/1000 loss: 0.7627 time 4.34s
Epoch 0/10 973/1000 loss: 0.7625 time 4.35s
Epoch 0/10 974/1000 loss: 0.7622 time 4.34s
Epoch 0/10 975/1000 loss: 0.7619 time 4.34s
Epoch 0/10 976/1000 loss: 0.7619 time 4.33s
Epoch 0/10 977/1000 loss: 0.7618 time 4.35s
Epoch 0/10 978/1000 loss: 0.7616 time 4.34s
Epoch 0/10 979/1000 loss: 0.7614 time 4.34s
Epoch 0/10 980/1000 loss: 0.7612 time 4.33s
Epoch 0/10 981/1000 loss: 0.7610 time 4.34s
Epoch 0/10 982/1000 loss: 0.7608 time 4.35s
Epoch 0/10 983/1000 loss: 0.7608 time 4.34s
Epoch 0/10 984/1000 loss: 0.7606 time 4.33s
Epoch 0/10 985/1000 loss: 0.7607 time 4.35s
Epoch 0/10 986/1000 loss: 0.7605 time 4.34s
Epoch 0/10 987/1000 loss: 0.7604 time 4.34s
Epoch 0/10 988/1000 loss: 0.7605 time 4.34s
Epoch 0/10 989/1000 loss: 0.7604 time 4.34s
Epoch 0/10 990/1000 loss: 0.7602 time 4.33s
Epoch 0/10 991/1000 loss: 0.7601 time 4.34s
Epoch 0/10 992/1000 loss: 0.7597 time 4.34s
Epoch 0/10 993/1000 loss: 0.7595 time 4.35s
Epoch 0/10 994/1000 loss: 0.7594 time 4.34s
Epoch 0/10 995/1000 loss: 0.7592 time 4.34s
Epoch 0/10 996/1000 loss: 0.7589 time 4.34s
Epoch 0/10 997/1000 loss: 0.7587 time 4.34s
Epoch 0/10 998/1000 loss: 0.7589 time 4.33s
Epoch 0/10 999/1000 loss: 0.7589 time 4.34s
Final training  0/9 loss: 0.7589 time 4361.43s
slurmstepd: error: *** JOB 9863599 ON gra1176 CANCELLED AT 2023-08-02T20:27:58 ***
