None
MONAI version: 1.2.0rc7+9.g84940298
Numpy version: 1.24.2
Pytorch version: 1.13.1
MONAI flags: HAS_EXT = False, USE_COMPILED = False, USE_META_DICT = False
MONAI rev id: 84940298bff9ff1f54845eb8ae7422c0092c09c1
MONAI __file__: /home/guest185/hackathon_38/lib/python3.8/site-packages/monai/__init__.py

Optional dependencies:
Pytorch Ignite version: 0.4.2
ITK version: NOT INSTALLED or UNKNOWN VERSION.
Nibabel version: 5.1.0
scikit-image version: 0.19.3
Pillow version: 9.5.0
Tensorboard version: 2.13.0
gdown version: 4.7.1
TorchVision version: 0.14.1
tqdm version: 4.65.0
lmdb version: 1.2.1
psutil version: 5.9.4
pandas version: 1.5.3
einops version: 0.6.1
transformers version: 4.21.3
mlflow version: NOT INSTALLED or UNKNOWN VERSION.
pynrrd version: 1.0.0

For details about installing the optional dependencies, please visit:
    https://docs.monai.io/en/latest/installation.html#installing-the-recommended-dependencies

/tmp/tmp3vmzc9cw
image shape: (240, 240, 155), label shape: (240, 240, 155)
Tue Jul 18 09:56:32 2023 Epoch: 0
In the future `np.bool` will be defined as the corresponding NumPy scalar.
In the future `np.bool` will be defined as the corresponding NumPy scalar.
In the future `np.bool` will be defined as the corresponding NumPy scalar.
In the future `np.bool` will be defined as the corresponding NumPy scalar.
monai.transforms.io.dictionary LoadImaged.__init__:image_only: Current default value of argument `image_only=False` has been deprecated since version 1.1. It will be changed to `image_only=True` in version 1.3.
In the future `np.bool` will be defined as the corresponding NumPy scalar.
In the future `np.bool` will be defined as the corresponding NumPy scalar.
Epoch 0/15 0/1000 loss: 0.9390 time 26.77s
Epoch 0/15 1/1000 loss: 0.9637 time 3.60s
Epoch 0/15 2/1000 loss: 0.9742 time 3.47s
Epoch 0/15 3/1000 loss: 0.9744 time 3.47s
Epoch 0/15 4/1000 loss: 0.9710 time 3.48s
Epoch 0/15 5/1000 loss: 0.9715 time 3.49s
Epoch 0/15 6/1000 loss: 0.9722 time 3.50s
Epoch 0/15 7/1000 loss: 0.9747 time 3.51s
Epoch 0/15 8/1000 loss: 0.9761 time 3.50s
Epoch 0/15 9/1000 loss: 0.9737 time 3.51s
Epoch 0/15 10/1000 loss: 0.9686 time 3.53s
Epoch 0/15 11/1000 loss: 0.9685 time 3.54s
Epoch 0/15 12/1000 loss: 0.9692 time 3.54s
Epoch 0/15 13/1000 loss: 0.9682 time 3.56s
Epoch 0/15 14/1000 loss: 0.9700 time 3.57s
Epoch 0/15 15/1000 loss: 0.9703 time 3.57s
Epoch 0/15 16/1000 loss: 0.9717 time 3.57s
Epoch 0/15 17/1000 loss: 0.9720 time 3.59s
Epoch 0/15 18/1000 loss: 0.9720 time 3.59s
Epoch 0/15 19/1000 loss: 0.9724 time 3.61s
Epoch 0/15 20/1000 loss: 0.9732 time 3.59s
Epoch 0/15 21/1000 loss: 0.9721 time 3.61s
Epoch 0/15 22/1000 loss: 0.9722 time 3.63s
Epoch 0/15 23/1000 loss: 0.9727 time 3.63s
Epoch 0/15 24/1000 loss: 0.9708 time 3.64s
Epoch 0/15 25/1000 loss: 0.9702 time 3.64s
Epoch 0/15 26/1000 loss: 0.9709 time 3.65s
Epoch 0/15 27/1000 loss: 0.9697 time 3.65s
Epoch 0/15 28/1000 loss: 0.9698 time 3.65s
Epoch 0/15 29/1000 loss: 0.9699 time 3.64s
Epoch 0/15 30/1000 loss: 0.9703 time 3.65s
Epoch 0/15 31/1000 loss: 0.9710 time 3.65s
Epoch 0/15 32/1000 loss: 0.9717 time 3.65s
Epoch 0/15 33/1000 loss: 0.9699 time 3.66s
Epoch 0/15 34/1000 loss: 0.9703 time 3.67s
Epoch 0/15 35/1000 loss: 0.9707 time 3.67s
Epoch 0/15 36/1000 loss: 0.9698 time 3.67s
Epoch 0/15 37/1000 loss: 0.9701 time 3.67s
Epoch 0/15 38/1000 loss: 0.9700 time 3.67s
Epoch 0/15 39/1000 loss: 0.9699 time 3.66s
Epoch 0/15 40/1000 loss: 0.9698 time 3.66s
Epoch 0/15 41/1000 loss: 0.9700 time 3.66s
Epoch 0/15 42/1000 loss: 0.9697 time 3.67s
Epoch 0/15 43/1000 loss: 0.9701 time 3.66s
Epoch 0/15 44/1000 loss: 0.9705 time 3.67s
Epoch 0/15 45/1000 loss: 0.9690 time 3.66s
Epoch 0/15 46/1000 loss: 0.9685 time 3.67s
Epoch 0/15 47/1000 loss: 0.9688 time 3.66s
Epoch 0/15 48/1000 loss: 0.9688 time 3.67s
Epoch 0/15 49/1000 loss: 0.9693 time 3.65s
Epoch 0/15 50/1000 loss: 0.9692 time 3.65s
Epoch 0/15 51/1000 loss: 0.9691 time 3.64s
Epoch 0/15 52/1000 loss: 0.9692 time 3.64s
Epoch 0/15 53/1000 loss: 0.9689 time 3.64s
Epoch 0/15 54/1000 loss: 0.9691 time 3.65s
Epoch 0/15 55/1000 loss: 0.9689 time 3.65s
Epoch 0/15 56/1000 loss: 0.9685 time 3.65s
Epoch 0/15 57/1000 loss: 0.9685 time 3.64s
Epoch 0/15 58/1000 loss: 0.9688 time 3.64s
Epoch 0/15 59/1000 loss: 0.9687 time 3.65s
Epoch 0/15 60/1000 loss: 0.9685 time 3.65s
Epoch 0/15 61/1000 loss: 0.9687 time 3.65s
Epoch 0/15 62/1000 loss: 0.9683 time 3.64s
Epoch 0/15 63/1000 loss: 0.9687 time 3.62s
Epoch 0/15 64/1000 loss: 0.9685 time 3.62s
Epoch 0/15 65/1000 loss: 0.9684 time 3.62s
Epoch 0/15 66/1000 loss: 0.9685 time 3.62s
Epoch 0/15 67/1000 loss: 0.9683 time 3.62s
Epoch 0/15 68/1000 loss: 0.9678 time 3.61s
Epoch 0/15 69/1000 loss: 0.9675 time 3.62s
Epoch 0/15 70/1000 loss: 0.9673 time 3.60s
Epoch 0/15 71/1000 loss: 0.9670 time 3.60s
Epoch 0/15 72/1000 loss: 0.9674 time 3.61s
Epoch 0/15 73/1000 loss: 0.9672 time 3.61s
Epoch 0/15 74/1000 loss: 0.9673 time 3.61s
Epoch 0/15 75/1000 loss: 0.9673 time 3.61s
Epoch 0/15 76/1000 loss: 0.9671 time 3.61s
Epoch 0/15 77/1000 loss: 0.9671 time 3.60s
Epoch 0/15 78/1000 loss: 0.9672 time 3.60s
Epoch 0/15 79/1000 loss: 0.9672 time 3.60s
Epoch 0/15 80/1000 loss: 0.9669 time 3.60s
Epoch 0/15 81/1000 loss: 0.9669 time 3.60s
Epoch 0/15 82/1000 loss: 0.9670 time 3.60s
Epoch 0/15 83/1000 loss: 0.9664 time 3.60s
Epoch 0/15 84/1000 loss: 0.9663 time 3.61s
Epoch 0/15 85/1000 loss: 0.9661 time 3.60s
Epoch 0/15 86/1000 loss: 0.9662 time 3.60s
Epoch 0/15 87/1000 loss: 0.9661 time 3.60s
Epoch 0/15 88/1000 loss: 0.9663 time 3.60s
Epoch 0/15 89/1000 loss: 0.9665 time 3.59s
Epoch 0/15 90/1000 loss: 0.9667 time 3.61s
Epoch 0/15 91/1000 loss: 0.9669 time 3.60s
Epoch 0/15 92/1000 loss: 0.9670 time 3.60s
Epoch 0/15 93/1000 loss: 0.9673 time 3.59s
Epoch 0/15 94/1000 loss: 0.9669 time 3.60s
Epoch 0/15 95/1000 loss: 0.9671 time 3.59s
Epoch 0/15 96/1000 loss: 0.9671 time 3.60s
Epoch 0/15 97/1000 loss: 0.9672 time 3.59s
Epoch 0/15 98/1000 loss: 0.9669 time 3.59s
Epoch 0/15 99/1000 loss: 0.9666 time 3.60s
Epoch 0/15 100/1000 loss: 0.9667 time 3.59s
Epoch 0/15 101/1000 loss: 0.9667 time 3.59s
Epoch 0/15 102/1000 loss: 0.9668 time 3.60s
Epoch 0/15 103/1000 loss: 0.9669 time 3.59s
Epoch 0/15 104/1000 loss: 0.9671 time 3.59s
Epoch 0/15 105/1000 loss: 0.9672 time 3.58s
Epoch 0/15 106/1000 loss: 0.9673 time 3.59s
Epoch 0/15 107/1000 loss: 0.9671 time 3.58s
Epoch 0/15 108/1000 loss: 0.9670 time 3.58s
Epoch 0/15 109/1000 loss: 0.9672 time 3.58s
Epoch 0/15 110/1000 loss: 0.9672 time 3.58s
Epoch 0/15 111/1000 loss: 0.9665 time 3.59s
Epoch 0/15 112/1000 loss: 0.9666 time 3.58s
Epoch 0/15 113/1000 loss: 0.9666 time 3.58s
Epoch 0/15 114/1000 loss: 0.9666 time 3.58s
Epoch 0/15 115/1000 loss: 0.9667 time 3.58s
Epoch 0/15 116/1000 loss: 0.9666 time 3.59s
Epoch 0/15 117/1000 loss: 0.9667 time 3.58s
Epoch 0/15 118/1000 loss: 0.9667 time 3.58s
Epoch 0/15 119/1000 loss: 0.9666 time 3.58s
Epoch 0/15 120/1000 loss: 0.9661 time 3.58s
Epoch 0/15 121/1000 loss: 0.9663 time 3.58s
Epoch 0/15 122/1000 loss: 0.9661 time 3.58s
Epoch 0/15 123/1000 loss: 0.9664 time 3.58s
Epoch 0/15 124/1000 loss: 0.9658 time 3.58s
Epoch 0/15 125/1000 loss: 0.9657 time 3.59s
Epoch 0/15 126/1000 loss: 0.9658 time 3.58s
Epoch 0/15 127/1000 loss: 0.9660 time 3.57s
Epoch 0/15 128/1000 loss: 0.9661 time 3.58s
Epoch 0/15 129/1000 loss: 0.9662 time 3.57s
Epoch 0/15 130/1000 loss: 0.9661 time 3.57s
Epoch 0/15 131/1000 loss: 0.9663 time 3.56s
Epoch 0/15 132/1000 loss: 0.9662 time 3.57s
Epoch 0/15 133/1000 loss: 0.9664 time 3.57s
Epoch 0/15 134/1000 loss: 0.9663 time 3.58s
Epoch 0/15 135/1000 loss: 0.9663 time 3.58s
Epoch 0/15 136/1000 loss: 0.9661 time 3.58s
Epoch 0/15 137/1000 loss: 0.9659 time 3.58s
Epoch 0/15 138/1000 loss: 0.9658 time 3.58s
Epoch 0/15 139/1000 loss: 0.9656 time 3.58s
Epoch 0/15 140/1000 loss: 0.9657 time 3.58s
Epoch 0/15 141/1000 loss: 0.9658 time 3.57s
Epoch 0/15 142/1000 loss: 0.9660 time 3.58s
Epoch 0/15 143/1000 loss: 0.9660 time 3.57s
Epoch 0/15 144/1000 loss: 0.9662 time 3.56s
Epoch 0/15 145/1000 loss: 0.9661 time 3.58s
Epoch 0/15 146/1000 loss: 0.9661 time 3.57s
Epoch 0/15 147/1000 loss: 0.9662 time 3.56s
Epoch 0/15 148/1000 loss: 0.9663 time 3.57s
Epoch 0/15 149/1000 loss: 0.9663 time 3.57s
Epoch 0/15 150/1000 loss: 0.9662 time 3.57s
Epoch 0/15 151/1000 loss: 0.9663 time 3.57s
Epoch 0/15 152/1000 loss: 0.9663 time 3.57s
Epoch 0/15 153/1000 loss: 0.9662 time 3.56s
Epoch 0/15 154/1000 loss: 0.9664 time 3.58s
Epoch 0/15 155/1000 loss: 0.9665 time 3.56s
Epoch 0/15 156/1000 loss: 0.9666 time 3.56s
Epoch 0/15 157/1000 loss: 0.9666 time 3.56s
Epoch 0/15 158/1000 loss: 0.9667 time 3.57s
Epoch 0/15 159/1000 loss: 0.9667 time 3.58s
Epoch 0/15 160/1000 loss: 0.9668 time 3.57s
Epoch 0/15 161/1000 loss: 0.9669 time 3.56s
Epoch 0/15 162/1000 loss: 0.9669 time 3.57s
Epoch 0/15 163/1000 loss: 0.9669 time 3.57s
Epoch 0/15 164/1000 loss: 0.9669 time 3.58s
Epoch 0/15 165/1000 loss: 0.9671 time 3.57s
Epoch 0/15 166/1000 loss: 0.9671 time 3.57s
Epoch 0/15 167/1000 loss: 0.9670 time 3.56s
Epoch 0/15 168/1000 loss: 0.9670 time 3.57s
Epoch 0/15 169/1000 loss: 0.9671 time 3.57s
Epoch 0/15 170/1000 loss: 0.9670 time 3.57s
Epoch 0/15 171/1000 loss: 0.9671 time 3.57s
Epoch 0/15 172/1000 loss: 0.9672 time 3.57s
Epoch 0/15 173/1000 loss: 0.9673 time 3.57s
Epoch 0/15 174/1000 loss: 0.9674 time 3.56s
Epoch 0/15 175/1000 loss: 0.9671 time 3.58s
Epoch 0/15 176/1000 loss: 0.9670 time 3.57s
Epoch 0/15 177/1000 loss: 0.9670 time 3.57s
Epoch 0/15 178/1000 loss: 0.9671 time 3.57s
Epoch 0/15 179/1000 loss: 0.9670 time 3.57s
Epoch 0/15 180/1000 loss: 0.9671 time 3.57s
Epoch 0/15 181/1000 loss: 0.9670 time 3.58s
Epoch 0/15 182/1000 loss: 0.9669 time 3.58s
Epoch 0/15 183/1000 loss: 0.9670 time 3.57s
Epoch 0/15 184/1000 loss: 0.9669 time 3.57s
Epoch 0/15 185/1000 loss: 0.9669 time 3.57s
Epoch 0/15 186/1000 loss: 0.9669 time 3.57s
Epoch 0/15 187/1000 loss: 0.9670 time 3.57s
Epoch 0/15 188/1000 loss: 0.9670 time 3.57s
Epoch 0/15 189/1000 loss: 0.9669 time 3.57s
Epoch 0/15 190/1000 loss: 0.9667 time 3.58s
Epoch 0/15 191/1000 loss: 0.9668 time 3.57s
Epoch 0/15 192/1000 loss: 0.9669 time 3.58s
Epoch 0/15 193/1000 loss: 0.9670 time 3.57s
Epoch 0/15 194/1000 loss: 0.9669 time 3.57s
Epoch 0/15 195/1000 loss: 0.9670 time 3.58s
Epoch 0/15 196/1000 loss: 0.9672 time 3.57s
Epoch 0/15 197/1000 loss: 0.9672 time 3.58s
Epoch 0/15 198/1000 loss: 0.9673 time 3.57s
Epoch 0/15 199/1000 loss: 0.9674 time 3.58s
Epoch 0/15 200/1000 loss: 0.9675 time 3.57s
Epoch 0/15 201/1000 loss: 0.9674 time 3.58s
Epoch 0/15 202/1000 loss: 0.9676 time 3.57s
Epoch 0/15 203/1000 loss: 0.9677 time 3.58s
Epoch 0/15 204/1000 loss: 0.9676 time 3.58s
Epoch 0/15 205/1000 loss: 0.9675 time 3.57s
Epoch 0/15 206/1000 loss: 0.9675 time 3.58s
Epoch 0/15 207/1000 loss: 0.9673 time 3.58s
Epoch 0/15 208/1000 loss: 0.9673 time 3.57s
Epoch 0/15 209/1000 loss: 0.9672 time 3.56s
Epoch 0/15 210/1000 loss: 0.9672 time 3.58s
Epoch 0/15 211/1000 loss: 0.9673 time 3.57s
Epoch 0/15 212/1000 loss: 0.9673 time 3.58s
Epoch 0/15 213/1000 loss: 0.9674 time 3.57s
Epoch 0/15 214/1000 loss: 0.9675 time 3.57s
Epoch 0/15 215/1000 loss: 0.9674 time 3.58s
Epoch 0/15 216/1000 loss: 0.9674 time 3.57s
Epoch 0/15 217/1000 loss: 0.9674 time 3.58s
Epoch 0/15 218/1000 loss: 0.9671 time 3.57s
Epoch 0/15 219/1000 loss: 0.9668 time 3.58s
Epoch 0/15 220/1000 loss: 0.9669 time 3.58s
Epoch 0/15 221/1000 loss: 0.9670 time 3.57s
Epoch 0/15 222/1000 loss: 0.9669 time 3.57s
Epoch 0/15 223/1000 loss: 0.9668 time 3.58s
Epoch 0/15 224/1000 loss: 0.9666 time 3.57s
Epoch 0/15 225/1000 loss: 0.9665 time 3.57s
Epoch 0/15 226/1000 loss: 0.9666 time 3.57s
Epoch 0/15 227/1000 loss: 0.9664 time 3.58s
Epoch 0/15 228/1000 loss: 0.9666 time 3.57s
Epoch 0/15 229/1000 loss: 0.9666 time 3.57s
Epoch 0/15 230/1000 loss: 0.9668 time 3.56s
Epoch 0/15 231/1000 loss: 0.9667 time 3.57s
Epoch 0/15 232/1000 loss: 0.9669 time 3.58s
Epoch 0/15 233/1000 loss: 0.9668 time 3.57s
Epoch 0/15 234/1000 loss: 0.9666 time 3.57s
Epoch 0/15 235/1000 loss: 0.9667 time 3.58s
Epoch 0/15 236/1000 loss: 0.9666 time 3.57s
Epoch 0/15 237/1000 loss: 0.9666 time 3.56s
Epoch 0/15 238/1000 loss: 0.9666 time 3.57s
Epoch 0/15 239/1000 loss: 0.9666 time 3.57s
Epoch 0/15 240/1000 loss: 0.9666 time 3.58s
Epoch 0/15 241/1000 loss: 0.9666 time 3.56s
Epoch 0/15 242/1000 loss: 0.9667 time 3.58s
Epoch 0/15 243/1000 loss: 0.9666 time 3.57s
Epoch 0/15 244/1000 loss: 0.9667 time 3.57s
Epoch 0/15 245/1000 loss: 0.9667 time 3.57s
Epoch 0/15 246/1000 loss: 0.9668 time 3.57s
Epoch 0/15 247/1000 loss: 0.9669 time 3.56s
Epoch 0/15 248/1000 loss: 0.9669 time 3.56s
Epoch 0/15 249/1000 loss: 0.9669 time 3.58s
Epoch 0/15 250/1000 loss: 0.9668 time 3.57s
Epoch 0/15 251/1000 loss: 0.9668 time 3.56s
Epoch 0/15 252/1000 loss: 0.9669 time 3.57s
Epoch 0/15 253/1000 loss: 0.9668 time 3.58s
Epoch 0/15 254/1000 loss: 0.9669 time 3.56s
Epoch 0/15 255/1000 loss: 0.9669 time 3.56s
Epoch 0/15 256/1000 loss: 0.9670 time 3.57s
Epoch 0/15 257/1000 loss: 0.9670 time 3.57s
Epoch 0/15 258/1000 loss: 0.9671 time 3.56s
Epoch 0/15 259/1000 loss: 0.9672 time 3.56s
Epoch 0/15 260/1000 loss: 0.9671 time 3.57s
Epoch 0/15 261/1000 loss: 0.9670 time 3.58s
Epoch 0/15 262/1000 loss: 0.9670 time 3.57s
Epoch 0/15 263/1000 loss: 0.9671 time 3.57s
Epoch 0/15 264/1000 loss: 0.9670 time 3.57s
Epoch 0/15 265/1000 loss: 0.9669 time 3.57s
Epoch 0/15 266/1000 loss: 0.9669 time 3.56s
Epoch 0/15 267/1000 loss: 0.9667 time 3.57s
Epoch 0/15 268/1000 loss: 0.9667 time 3.58s
Epoch 0/15 269/1000 loss: 0.9668 time 3.57s
Epoch 0/15 270/1000 loss: 0.9669 time 3.56s
Epoch 0/15 271/1000 loss: 0.9667 time 3.57s
Epoch 0/15 272/1000 loss: 0.9666 time 3.57s
Epoch 0/15 273/1000 loss: 0.9667 time 3.56s
Epoch 0/15 274/1000 loss: 0.9667 time 3.57s
Epoch 0/15 275/1000 loss: 0.9667 time 3.56s
Epoch 0/15 276/1000 loss: 0.9667 time 3.57s
Epoch 0/15 277/1000 loss: 0.9667 time 3.57s
Epoch 0/15 278/1000 loss: 0.9668 time 3.56s
Epoch 0/15 279/1000 loss: 0.9667 time 3.57s
Epoch 0/15 280/1000 loss: 0.9668 time 3.56s
Epoch 0/15 281/1000 loss: 0.9667 time 3.57s
Epoch 0/15 282/1000 loss: 0.9668 time 3.57s
Epoch 0/15 283/1000 loss: 0.9665 time 3.56s
Epoch 0/15 284/1000 loss: 0.9664 time 3.57s
Epoch 0/15 285/1000 loss: 0.9665 time 3.58s
Epoch 0/15 286/1000 loss: 0.9665 time 3.57s
Epoch 0/15 287/1000 loss: 0.9665 time 3.56s
Epoch 0/15 288/1000 loss: 0.9665 time 3.56s
Epoch 0/15 289/1000 loss: 0.9665 time 3.56s
Epoch 0/15 290/1000 loss: 0.9665 time 3.57s
Epoch 0/15 291/1000 loss: 0.9665 time 3.56s
Epoch 0/15 292/1000 loss: 0.9664 time 3.56s
Epoch 0/15 293/1000 loss: 0.9664 time 3.56s
Epoch 0/15 294/1000 loss: 0.9665 time 3.56s
Epoch 0/15 295/1000 loss: 0.9664 time 3.57s
Epoch 0/15 296/1000 loss: 0.9664 time 3.56s
Epoch 0/15 297/1000 loss: 0.9664 time 3.56s
Epoch 0/15 298/1000 loss: 0.9664 time 3.56s
Epoch 0/15 299/1000 loss: 0.9663 time 3.56s
Epoch 0/15 300/1000 loss: 0.9663 time 3.57s
Epoch 0/15 301/1000 loss: 0.9662 time 3.58s
Epoch 0/15 302/1000 loss: 0.9661 time 3.57s
Epoch 0/15 303/1000 loss: 0.9661 time 3.56s
Epoch 0/15 304/1000 loss: 0.9661 time 3.57s
Epoch 0/15 305/1000 loss: 0.9662 time 3.56s
Epoch 0/15 306/1000 loss: 0.9662 time 3.57s
Epoch 0/15 307/1000 loss: 0.9663 time 3.58s
Epoch 0/15 308/1000 loss: 0.9663 time 3.57s
Epoch 0/15 309/1000 loss: 0.9664 time 3.56s
Epoch 0/15 310/1000 loss: 0.9664 time 3.56s
Epoch 0/15 311/1000 loss: 0.9663 time 3.57s
Epoch 0/15 312/1000 loss: 0.9663 time 3.56s
Epoch 0/15 313/1000 loss: 0.9662 time 3.58s
Epoch 0/15 314/1000 loss: 0.9663 time 3.57s
Epoch 0/15 315/1000 loss: 0.9664 time 3.56s
Epoch 0/15 316/1000 loss: 0.9665 time 3.56s
Epoch 0/15 317/1000 loss: 0.9664 time 3.56s
Epoch 0/15 318/1000 loss: 0.9665 time 3.57s
Epoch 0/15 319/1000 loss: 0.9664 time 3.57s
Epoch 0/15 320/1000 loss: 0.9665 time 3.57s
Epoch 0/15 321/1000 loss: 0.9665 time 3.57s
Epoch 0/15 322/1000 loss: 0.9664 time 3.57s
Epoch 0/15 323/1000 loss: 0.9665 time 3.57s
Epoch 0/15 324/1000 loss: 0.9666 time 3.57s
Epoch 0/15 325/1000 loss: 0.9666 time 3.57s
Epoch 0/15 326/1000 loss: 0.9665 time 3.56s
Epoch 0/15 327/1000 loss: 0.9666 time 3.56s
Epoch 0/15 328/1000 loss: 0.9665 time 3.57s
Epoch 0/15 329/1000 loss: 0.9665 time 3.56s
Epoch 0/15 330/1000 loss: 0.9664 time 3.56s
Epoch 0/15 331/1000 loss: 0.9664 time 3.57s
Epoch 0/15 332/1000 loss: 0.9664 time 3.56s
Epoch 0/15 333/1000 loss: 0.9663 time 3.56s
Epoch 0/15 334/1000 loss: 0.9664 time 3.56s
Epoch 0/15 335/1000 loss: 0.9663 time 3.57s
Epoch 0/15 336/1000 loss: 0.9663 time 3.57s
Epoch 0/15 337/1000 loss: 0.9663 time 3.57s
Epoch 0/15 338/1000 loss: 0.9662 time 3.57s
Epoch 0/15 339/1000 loss: 0.9662 time 3.57s
Epoch 0/15 340/1000 loss: 0.9662 time 3.57s
Epoch 0/15 341/1000 loss: 0.9661 time 3.57s
Epoch 0/15 342/1000 loss: 0.9662 time 3.56s
Epoch 0/15 343/1000 loss: 0.9662 time 3.56s
Epoch 0/15 344/1000 loss: 0.9663 time 3.56s
Epoch 0/15 345/1000 loss: 0.9663 time 3.56s
Epoch 0/15 346/1000 loss: 0.9663 time 3.57s
Epoch 0/15 347/1000 loss: 0.9664 time 3.56s
Epoch 0/15 348/1000 loss: 0.9664 time 3.57s
Epoch 0/15 349/1000 loss: 0.9662 time 3.56s
Epoch 0/15 350/1000 loss: 0.9661 time 3.56s
Epoch 0/15 351/1000 loss: 0.9661 time 3.56s
Epoch 0/15 352/1000 loss: 0.9661 time 3.57s
Epoch 0/15 353/1000 loss: 0.9662 time 3.56s
Epoch 0/15 354/1000 loss: 0.9662 time 3.57s
Epoch 0/15 355/1000 loss: 0.9662 time 3.56s
Epoch 0/15 356/1000 loss: 0.9662 time 3.57s
Epoch 0/15 357/1000 loss: 0.9663 time 3.56s
Epoch 0/15 358/1000 loss: 0.9663 time 3.57s
Epoch 0/15 359/1000 loss: 0.9663 time 3.56s
Epoch 0/15 360/1000 loss: 0.9663 time 3.57s
Epoch 0/15 361/1000 loss: 0.9663 time 3.56s
Epoch 0/15 362/1000 loss: 0.9664 time 3.56s
Epoch 0/15 363/1000 loss: 0.9664 time 3.56s
Epoch 0/15 364/1000 loss: 0.9665 time 3.57s
Epoch 0/15 365/1000 loss: 0.9665 time 3.56s
Epoch 0/15 366/1000 loss: 0.9664 time 3.56s
Epoch 0/15 367/1000 loss: 0.9664 time 3.56s
Epoch 0/15 368/1000 loss: 0.9664 time 3.56s
Epoch 0/15 369/1000 loss: 0.9664 time 3.56s
Epoch 0/15 370/1000 loss: 0.9663 time 3.56s
Epoch 0/15 371/1000 loss: 0.9663 time 3.56s
Epoch 0/15 372/1000 loss: 0.9662 time 3.57s
Epoch 0/15 373/1000 loss: 0.9662 time 3.56s
Epoch 0/15 374/1000 loss: 0.9663 time 3.57s
Epoch 0/15 375/1000 loss: 0.9662 time 3.56s
Epoch 0/15 376/1000 loss: 0.9662 time 3.57s
Epoch 0/15 377/1000 loss: 0.9662 time 3.56s
Epoch 0/15 378/1000 loss: 0.9661 time 3.57s
Epoch 0/15 379/1000 loss: 0.9661 time 3.57s
Epoch 0/15 380/1000 loss: 0.9661 time 3.58s
Epoch 0/15 381/1000 loss: 0.9661 time 3.56s
Epoch 0/15 382/1000 loss: 0.9660 time 3.56s
Epoch 0/15 383/1000 loss: 0.9660 time 3.57s
Epoch 0/15 384/1000 loss: 0.9660 time 3.56s
Epoch 0/15 385/1000 loss: 0.9661 time 3.56s
Epoch 0/15 386/1000 loss: 0.9660 time 3.56s
Epoch 0/15 387/1000 loss: 0.9661 time 3.56s
Epoch 0/15 388/1000 loss: 0.9661 time 3.57s
Epoch 0/15 389/1000 loss: 0.9660 time 3.56s
Epoch 0/15 390/1000 loss: 0.9661 time 3.56s
Epoch 0/15 391/1000 loss: 0.9661 time 3.56s
Epoch 0/15 392/1000 loss: 0.9660 time 3.57s
Epoch 0/15 393/1000 loss: 0.9660 time 3.56s
Epoch 0/15 394/1000 loss: 0.9660 time 3.57s
Epoch 0/15 395/1000 loss: 0.9660 time 3.57s
Epoch 0/15 396/1000 loss: 0.9659 time 3.56s
Epoch 0/15 397/1000 loss: 0.9658 time 3.57s
Epoch 0/15 398/1000 loss: 0.9659 time 3.57s
Epoch 0/15 399/1000 loss: 0.9659 time 3.57s
Epoch 0/15 400/1000 loss: 0.9660 time 3.56s
Epoch 0/15 401/1000 loss: 0.9660 time 3.56s
Epoch 0/15 402/1000 loss: 0.9659 time 3.57s
Epoch 0/15 403/1000 loss: 0.9658 time 3.56s
Epoch 0/15 404/1000 loss: 0.9659 time 3.57s
Epoch 0/15 405/1000 loss: 0.9658 time 3.56s
Epoch 0/15 406/1000 loss: 0.9659 time 3.56s
Epoch 0/15 407/1000 loss: 0.9659 time 3.56s
Epoch 0/15 408/1000 loss: 0.9660 time 3.56s
Epoch 0/15 409/1000 loss: 0.9659 time 3.57s
Epoch 0/15 410/1000 loss: 0.9658 time 3.57s
Epoch 0/15 411/1000 loss: 0.9658 time 3.57s
Epoch 0/15 412/1000 loss: 0.9657 time 3.57s
Epoch 0/15 413/1000 loss: 0.9657 time 3.57s
Epoch 0/15 414/1000 loss: 0.9657 time 3.57s
Epoch 0/15 415/1000 loss: 0.9657 time 3.57s
Epoch 0/15 416/1000 loss: 0.9655 time 3.57s
Epoch 0/15 417/1000 loss: 0.9654 time 3.56s
Epoch 0/15 418/1000 loss: 0.9655 time 3.57s
Epoch 0/15 419/1000 loss: 0.9654 time 3.57s
Epoch 0/15 420/1000 loss: 0.9655 time 3.57s
Epoch 0/15 421/1000 loss: 0.9654 time 3.57s
Epoch 0/15 422/1000 loss: 0.9654 time 3.56s
Epoch 0/15 423/1000 loss: 0.9654 time 3.57s
Epoch 0/15 424/1000 loss: 0.9655 time 3.56s
Epoch 0/15 425/1000 loss: 0.9655 time 3.56s
Epoch 0/15 426/1000 loss: 0.9654 time 3.57s
Epoch 0/15 427/1000 loss: 0.9654 time 3.56s
Epoch 0/15 428/1000 loss: 0.9654 time 3.56s
Epoch 0/15 429/1000 loss: 0.9653 time 3.56s
Epoch 0/15 430/1000 loss: 0.9653 time 3.56s
Epoch 0/15 431/1000 loss: 0.9653 time 3.57s
Epoch 0/15 432/1000 loss: 0.9652 time 3.57s
Epoch 0/15 433/1000 loss: 0.9652 time 3.57s
Epoch 0/15 434/1000 loss: 0.9652 time 3.57s
Epoch 0/15 435/1000 loss: 0.9652 time 3.57s
Epoch 0/15 436/1000 loss: 0.9653 time 3.57s
Epoch 0/15 437/1000 loss: 0.9653 time 3.56s
Epoch 0/15 438/1000 loss: 0.9653 time 3.57s
Epoch 0/15 439/1000 loss: 0.9653 time 3.58s
Epoch 0/15 440/1000 loss: 0.9654 time 3.57s
Epoch 0/15 441/1000 loss: 0.9653 time 3.56s
Epoch 0/15 442/1000 loss: 0.9653 time 3.57s
Epoch 0/15 443/1000 loss: 0.9653 time 3.56s
Epoch 0/15 444/1000 loss: 0.9654 time 3.56s
Epoch 0/15 445/1000 loss: 0.9654 time 3.56s
Epoch 0/15 446/1000 loss: 0.9653 time 3.57s
Epoch 0/15 447/1000 loss: 0.9653 time 3.57s
Epoch 0/15 448/1000 loss: 0.9653 time 3.57s
Epoch 0/15 449/1000 loss: 0.9653 time 3.56s
Epoch 0/15 450/1000 loss: 0.9652 time 3.57s
Epoch 0/15 451/1000 loss: 0.9651 time 3.57s
Epoch 0/15 452/1000 loss: 0.9651 time 3.57s
Epoch 0/15 453/1000 loss: 0.9651 time 3.57s
Epoch 0/15 454/1000 loss: 0.9651 time 3.57s
Epoch 0/15 455/1000 loss: 0.9650 time 3.58s
Epoch 0/15 456/1000 loss: 0.9650 time 3.57s
Epoch 0/15 457/1000 loss: 0.9649 time 3.56s
Epoch 0/15 458/1000 loss: 0.9650 time 3.56s
Epoch 0/15 459/1000 loss: 0.9650 time 3.56s
Epoch 0/15 460/1000 loss: 0.9650 time 3.57s
Epoch 0/15 461/1000 loss: 0.9650 time 3.56s
Epoch 0/15 462/1000 loss: 0.9650 time 3.57s
Epoch 0/15 463/1000 loss: 0.9650 time 3.56s
Epoch 0/15 464/1000 loss: 0.9650 time 3.56s
Epoch 0/15 465/1000 loss: 0.9650 time 3.56s
Epoch 0/15 466/1000 loss: 0.9650 time 3.57s
Epoch 0/15 467/1000 loss: 0.9650 time 3.58s
Epoch 0/15 468/1000 loss: 0.9650 time 3.56s
Epoch 0/15 469/1000 loss: 0.9649 time 3.57s
Epoch 0/15 470/1000 loss: 0.9649 time 3.57s
Epoch 0/15 471/1000 loss: 0.9649 time 3.56s
Epoch 0/15 472/1000 loss: 0.9649 time 3.57s
Epoch 0/15 473/1000 loss: 0.9650 time 3.57s
Epoch 0/15 474/1000 loss: 0.9649 time 3.57s
Epoch 0/15 475/1000 loss: 0.9649 time 3.56s
Epoch 0/15 476/1000 loss: 0.9649 time 3.57s
Epoch 0/15 477/1000 loss: 0.9649 time 3.58s
Epoch 0/15 478/1000 loss: 0.9648 time 3.58s
Epoch 0/15 479/1000 loss: 0.9647 time 3.57s
Epoch 0/15 480/1000 loss: 0.9647 time 3.58s
Epoch 0/15 481/1000 loss: 0.9647 time 3.56s
Epoch 0/15 482/1000 loss: 0.9646 time 3.56s
Epoch 0/15 483/1000 loss: 0.9646 time 3.56s
Epoch 0/15 484/1000 loss: 0.9646 time 3.56s
Epoch 0/15 485/1000 loss: 0.9645 time 3.56s
Epoch 0/15 486/1000 loss: 0.9645 time 3.57s
Epoch 0/15 487/1000 loss: 0.9646 time 3.56s
Epoch 0/15 488/1000 loss: 0.9645 time 3.58s
Epoch 0/15 489/1000 loss: 0.9645 time 3.57s
Epoch 0/15 490/1000 loss: 0.9645 time 3.57s
Epoch 0/15 491/1000 loss: 0.9646 time 3.57s
Epoch 0/15 492/1000 loss: 0.9646 time 3.57s
Epoch 0/15 493/1000 loss: 0.9646 time 3.56s
Epoch 0/15 494/1000 loss: 0.9646 time 3.57s
Epoch 0/15 495/1000 loss: 0.9645 time 3.57s
Epoch 0/15 496/1000 loss: 0.9645 time 3.57s
Epoch 0/15 497/1000 loss: 0.9645 time 3.58s
Epoch 0/15 498/1000 loss: 0.9645 time 3.57s
Epoch 0/15 499/1000 loss: 0.9645 time 3.58s
Epoch 0/15 500/1000 loss: 0.9645 time 3.57s
Epoch 0/15 501/1000 loss: 0.9645 time 3.57s
Epoch 0/15 502/1000 loss: 0.9646 time 3.56s
Epoch 0/15 503/1000 loss: 0.9645 time 3.57s
Epoch 0/15 504/1000 loss: 0.9645 time 3.56s
Epoch 0/15 505/1000 loss: 0.9646 time 3.56s
Epoch 0/15 506/1000 loss: 0.9646 time 3.57s
Epoch 0/15 507/1000 loss: 0.9646 time 3.56s
Epoch 0/15 508/1000 loss: 0.9646 time 3.57s
Epoch 0/15 509/1000 loss: 0.9646 time 3.57s
Epoch 0/15 510/1000 loss: 0.9646 time 3.57s
Epoch 0/15 511/1000 loss: 0.9643 time 3.57s
Epoch 0/15 512/1000 loss: 0.9643 time 3.57s
Epoch 0/15 513/1000 loss: 0.9644 time 3.56s
Epoch 0/15 514/1000 loss: 0.9644 time 3.56s
Epoch 0/15 515/1000 loss: 0.9644 time 3.56s
Epoch 0/15 516/1000 loss: 0.9644 time 3.57s
Epoch 0/15 517/1000 loss: 0.9644 time 3.56s
Epoch 0/15 518/1000 loss: 0.9643 time 3.56s
Epoch 0/15 519/1000 loss: 0.9643 time 3.56s
Epoch 0/15 520/1000 loss: 0.9642 time 3.57s
Epoch 0/15 521/1000 loss: 0.9643 time 3.56s
Epoch 0/15 522/1000 loss: 0.9644 time 3.56s
Epoch 0/15 523/1000 loss: 0.9643 time 3.56s
Epoch 0/15 524/1000 loss: 0.9643 time 3.56s
Epoch 0/15 525/1000 loss: 0.9643 time 3.56s
Epoch 0/15 526/1000 loss: 0.9642 time 3.57s
Epoch 0/15 527/1000 loss: 0.9641 time 3.57s
Epoch 0/15 528/1000 loss: 0.9641 time 3.57s
Epoch 0/15 529/1000 loss: 0.9642 time 3.57s
Epoch 0/15 530/1000 loss: 0.9642 time 3.57s
Epoch 0/15 531/1000 loss: 0.9642 time 3.56s
Epoch 0/15 532/1000 loss: 0.9643 time 3.56s
Epoch 0/15 533/1000 loss: 0.9643 time 3.58s
Epoch 0/15 534/1000 loss: 0.9643 time 3.57s
Epoch 0/15 535/1000 loss: 0.9643 time 3.56s
Epoch 0/15 536/1000 loss: 0.9642 time 3.56s
Epoch 0/15 537/1000 loss: 0.9643 time 3.56s
Epoch 0/15 538/1000 loss: 0.9642 time 3.57s
Epoch 0/15 539/1000 loss: 0.9643 time 3.56s
Epoch 0/15 540/1000 loss: 0.9643 time 3.57s
Epoch 0/15 541/1000 loss: 0.9642 time 3.56s
Epoch 0/15 542/1000 loss: 0.9642 time 3.56s
Epoch 0/15 543/1000 loss: 0.9642 time 3.56s
Epoch 0/15 544/1000 loss: 0.9641 time 3.56s
Epoch 0/15 545/1000 loss: 0.9641 time 3.56s
Epoch 0/15 546/1000 loss: 0.9641 time 3.57s
Epoch 0/15 547/1000 loss: 0.9640 time 3.57s
Epoch 0/15 548/1000 loss: 0.9640 time 3.57s
Epoch 0/15 549/1000 loss: 0.9640 time 3.56s
Epoch 0/15 550/1000 loss: 0.9640 time 3.57s
Epoch 0/15 551/1000 loss: 0.9640 time 3.57s
Epoch 0/15 552/1000 loss: 0.9639 time 3.57s
Epoch 0/15 553/1000 loss: 0.9639 time 3.56s
Epoch 0/15 554/1000 loss: 0.9639 time 3.57s
Epoch 0/15 555/1000 loss: 0.9639 time 3.56s
Epoch 0/15 556/1000 loss: 0.9638 time 3.57s
Epoch 0/15 557/1000 loss: 0.9639 time 3.56s
Epoch 0/15 558/1000 loss: 0.9639 time 3.56s
Epoch 0/15 559/1000 loss: 0.9638 time 3.56s
Epoch 0/15 560/1000 loss: 0.9638 time 3.56s
Epoch 0/15 561/1000 loss: 0.9637 time 3.57s
Epoch 0/15 562/1000 loss: 0.9637 time 3.56s
Epoch 0/15 563/1000 loss: 0.9637 time 3.57s
Epoch 0/15 564/1000 loss: 0.9637 time 3.57s
Epoch 0/15 565/1000 loss: 0.9637 time 3.57s
Epoch 0/15 566/1000 loss: 0.9637 time 3.57s
Epoch 0/15 567/1000 loss: 0.9636 time 3.57s
Epoch 0/15 568/1000 loss: 0.9636 time 3.57s
Epoch 0/15 569/1000 loss: 0.9637 time 3.56s
Epoch 0/15 570/1000 loss: 0.9637 time 3.56s
Epoch 0/15 571/1000 loss: 0.9637 time 3.56s
Epoch 0/15 572/1000 loss: 0.9637 time 3.57s
Epoch 0/15 573/1000 loss: 0.9637 time 3.56s
Epoch 0/15 574/1000 loss: 0.9637 time 3.56s
Epoch 0/15 575/1000 loss: 0.9637 time 3.56s
Epoch 0/15 576/1000 loss: 0.9635 time 3.58s
Epoch 0/15 577/1000 loss: 0.9635 time 3.57s
Epoch 0/15 578/1000 loss: 0.9634 time 3.56s
Epoch 0/15 579/1000 loss: 0.9634 time 3.56s
Epoch 0/15 580/1000 loss: 0.9635 time 3.56s
Epoch 0/15 581/1000 loss: 0.9635 time 3.56s
Epoch 0/15 582/1000 loss: 0.9635 time 3.56s
Epoch 0/15 583/1000 loss: 0.9636 time 3.57s
Epoch 0/15 584/1000 loss: 0.9636 time 3.57s
Epoch 0/15 585/1000 loss: 0.9636 time 3.56s
Epoch 0/15 586/1000 loss: 0.9636 time 3.57s
Epoch 0/15 587/1000 loss: 0.9635 time 3.57s
Epoch 0/15 588/1000 loss: 0.9635 time 3.57s
Epoch 0/15 589/1000 loss: 0.9635 time 3.56s
Epoch 0/15 590/1000 loss: 0.9634 time 3.56s
Epoch 0/15 591/1000 loss: 0.9634 time 3.56s
Epoch 0/15 592/1000 loss: 0.9634 time 3.57s
Epoch 0/15 593/1000 loss: 0.9633 time 3.56s
Epoch 0/15 594/1000 loss: 0.9633 time 3.58s
Epoch 0/15 595/1000 loss: 0.9633 time 3.57s
Epoch 0/15 596/1000 loss: 0.9634 time 3.56s
Epoch 0/15 597/1000 loss: 0.9634 time 3.56s
Epoch 0/15 598/1000 loss: 0.9633 time 3.56s
Epoch 0/15 599/1000 loss: 0.9633 time 3.56s
Epoch 0/15 600/1000 loss: 0.9634 time 3.56s
Epoch 0/15 601/1000 loss: 0.9633 time 3.57s
Epoch 0/15 602/1000 loss: 0.9632 time 3.57s
Epoch 0/15 603/1000 loss: 0.9632 time 3.57s
Epoch 0/15 604/1000 loss: 0.9632 time 3.57s
Epoch 0/15 605/1000 loss: 0.9633 time 3.57s
Epoch 0/15 606/1000 loss: 0.9633 time 3.57s
Epoch 0/15 607/1000 loss: 0.9633 time 3.56s
Epoch 0/15 608/1000 loss: 0.9634 time 3.56s
Epoch 0/15 609/1000 loss: 0.9634 time 3.57s
Epoch 0/15 610/1000 loss: 0.9634 time 3.57s
Epoch 0/15 611/1000 loss: 0.9633 time 3.56s
Epoch 0/15 612/1000 loss: 0.9633 time 3.56s
Epoch 0/15 613/1000 loss: 0.9633 time 3.56s
Epoch 0/15 614/1000 loss: 0.9633 time 3.57s
Epoch 0/15 615/1000 loss: 0.9633 time 3.56s
Epoch 0/15 616/1000 loss: 0.9633 time 3.57s
Epoch 0/15 617/1000 loss: 0.9633 time 3.58s
Epoch 0/15 618/1000 loss: 0.9633 time 3.57s
Epoch 0/15 619/1000 loss: 0.9633 time 3.56s
Epoch 0/15 620/1000 loss: 0.9632 time 3.57s
Epoch 0/15 621/1000 loss: 0.9632 time 3.57s
Epoch 0/15 622/1000 loss: 0.9632 time 3.56s
Epoch 0/15 623/1000 loss: 0.9633 time 3.57s
Epoch 0/15 624/1000 loss: 0.9633 time 3.57s
Epoch 0/15 625/1000 loss: 0.9633 time 3.57s
Epoch 0/15 626/1000 loss: 0.9634 time 3.56s
Epoch 0/15 627/1000 loss: 0.9634 time 3.56s
Epoch 0/15 628/1000 loss: 0.9634 time 3.56s
Epoch 0/15 629/1000 loss: 0.9634 time 3.56s
Epoch 0/15 630/1000 loss: 0.9635 time 3.56s
Epoch 0/15 631/1000 loss: 0.9634 time 3.56s
Epoch 0/15 632/1000 loss: 0.9634 time 3.56s
Epoch 0/15 633/1000 loss: 0.9634 time 3.57s
Epoch 0/15 634/1000 loss: 0.9633 time 3.56s
Epoch 0/15 635/1000 loss: 0.9634 time 3.56s
Epoch 0/15 636/1000 loss: 0.9634 time 3.57s
Epoch 0/15 637/1000 loss: 0.9634 time 3.56s
Epoch 0/15 638/1000 loss: 0.9634 time 3.57s
Epoch 0/15 639/1000 loss: 0.9633 time 3.56s
Epoch 0/15 640/1000 loss: 0.9633 time 3.57s
Epoch 0/15 641/1000 loss: 0.9633 time 3.57s
Epoch 0/15 642/1000 loss: 0.9633 time 3.57s
Epoch 0/15 643/1000 loss: 0.9633 time 3.57s
Epoch 0/15 644/1000 loss: 0.9633 time 3.56s
Epoch 0/15 645/1000 loss: 0.9632 time 3.57s
Epoch 0/15 646/1000 loss: 0.9633 time 3.56s
Epoch 0/15 647/1000 loss: 0.9632 time 3.56s
Epoch 0/15 648/1000 loss: 0.9633 time 3.56s
Epoch 0/15 649/1000 loss: 0.9633 time 3.57s
Epoch 0/15 650/1000 loss: 0.9632 time 3.56s
Epoch 0/15 651/1000 loss: 0.9632 time 3.56s
Epoch 0/15 652/1000 loss: 0.9631 time 3.56s
Epoch 0/15 653/1000 loss: 0.9630 time 3.56s
Epoch 0/15 654/1000 loss: 0.9630 time 3.56s
Epoch 0/15 655/1000 loss: 0.9630 time 3.56s
Epoch 0/15 656/1000 loss: 0.9630 time 3.56s
Epoch 0/15 657/1000 loss: 0.9629 time 3.56s
Epoch 0/15 658/1000 loss: 0.9629 time 3.56s
Epoch 0/15 659/1000 loss: 0.9629 time 3.56s
Epoch 0/15 660/1000 loss: 0.9629 time 3.57s
Epoch 0/15 661/1000 loss: 0.9630 time 3.56s
Epoch 0/15 662/1000 loss: 0.9630 time 3.57s
Epoch 0/15 663/1000 loss: 0.9629 time 3.56s
Epoch 0/15 664/1000 loss: 0.9629 time 3.57s
Epoch 0/15 665/1000 loss: 0.9630 time 3.56s
Epoch 0/15 666/1000 loss: 0.9630 time 3.56s
Epoch 0/15 667/1000 loss: 0.9629 time 3.56s
Epoch 0/15 668/1000 loss: 0.9629 time 3.57s
Epoch 0/15 669/1000 loss: 0.9629 time 3.56s
Epoch 0/15 670/1000 loss: 0.9629 time 3.57s
Epoch 0/15 671/1000 loss: 0.9629 time 3.56s
Epoch 0/15 672/1000 loss: 0.9629 time 3.56s
Epoch 0/15 673/1000 loss: 0.9629 time 3.56s
Epoch 0/15 674/1000 loss: 0.9629 time 3.56s
Epoch 0/15 675/1000 loss: 0.9629 time 3.56s
Epoch 0/15 676/1000 loss: 0.9629 time 3.57s
Epoch 0/15 677/1000 loss: 0.9629 time 3.56s
Epoch 0/15 678/1000 loss: 0.9629 time 3.57s
Epoch 0/15 679/1000 loss: 0.9629 time 3.57s
Epoch 0/15 680/1000 loss: 0.9629 time 3.57s
Epoch 0/15 681/1000 loss: 0.9630 time 3.57s
Epoch 0/15 682/1000 loss: 0.9629 time 3.56s
Epoch 0/15 683/1000 loss: 0.9629 time 3.56s
Epoch 0/15 684/1000 loss: 0.9629 time 3.56s
Epoch 0/15 685/1000 loss: 0.9630 time 3.56s
Epoch 0/15 686/1000 loss: 0.9630 time 3.56s
Epoch 0/15 687/1000 loss: 0.9630 time 3.56s
Epoch 0/15 688/1000 loss: 0.9630 time 3.56s
Epoch 0/15 689/1000 loss: 0.9630 time 3.56s
Epoch 0/15 690/1000 loss: 0.9630 time 3.56s
Epoch 0/15 691/1000 loss: 0.9630 time 3.56s
Epoch 0/15 692/1000 loss: 0.9630 time 3.57s
Epoch 0/15 693/1000 loss: 0.9630 time 3.56s
Epoch 0/15 694/1000 loss: 0.9630 time 3.57s
Epoch 0/15 695/1000 loss: 0.9630 time 3.56s
Epoch 0/15 696/1000 loss: 0.9630 time 3.56s
Epoch 0/15 697/1000 loss: 0.9630 time 3.57s
Epoch 0/15 698/1000 loss: 0.9630 time 3.57s
Epoch 0/15 699/1000 loss: 0.9631 time 3.56s
Epoch 0/15 700/1000 loss: 0.9630 time 3.57s
Epoch 0/15 701/1000 loss: 0.9630 time 3.57s
Epoch 0/15 702/1000 loss: 0.9631 time 3.56s
Epoch 0/15 703/1000 loss: 0.9630 time 3.56s
Epoch 0/15 704/1000 loss: 0.9629 time 3.56s
Epoch 0/15 705/1000 loss: 0.9630 time 3.56s
Epoch 0/15 706/1000 loss: 0.9630 time 3.56s
Epoch 0/15 707/1000 loss: 0.9630 time 3.56s
Epoch 0/15 708/1000 loss: 0.9630 time 3.57s
Epoch 0/15 709/1000 loss: 0.9630 time 3.56s
Epoch 0/15 710/1000 loss: 0.9630 time 3.56s
Epoch 0/15 711/1000 loss: 0.9630 time 3.56s
Epoch 0/15 712/1000 loss: 0.9630 time 3.57s
Epoch 0/15 713/1000 loss: 0.9630 time 3.56s
Epoch 0/15 714/1000 loss: 0.9630 time 3.56s
Epoch 0/15 715/1000 loss: 0.9630 time 3.56s
Epoch 0/15 716/1000 loss: 0.9630 time 3.57s
Epoch 0/15 717/1000 loss: 0.9630 time 3.57s
Epoch 0/15 718/1000 loss: 0.9630 time 3.56s
Epoch 0/15 719/1000 loss: 0.9630 time 3.57s
Epoch 0/15 720/1000 loss: 0.9630 time 3.57s
Epoch 0/15 721/1000 loss: 0.9630 time 3.57s
Epoch 0/15 722/1000 loss: 0.9629 time 3.56s
Epoch 0/15 723/1000 loss: 0.9630 time 3.56s
Epoch 0/15 724/1000 loss: 0.9630 time 3.56s
Epoch 0/15 725/1000 loss: 0.9630 time 3.56s
Epoch 0/15 726/1000 loss: 0.9630 time 3.56s
Epoch 0/15 727/1000 loss: 0.9630 time 3.56s
Epoch 0/15 728/1000 loss: 0.9631 time 3.56s
Epoch 0/15 729/1000 loss: 0.9631 time 3.57s
Epoch 0/15 730/1000 loss: 0.9631 time 3.56s
Epoch 0/15 731/1000 loss: 0.9631 time 3.56s
Epoch 0/15 732/1000 loss: 0.9631 time 3.56s
Epoch 0/15 733/1000 loss: 0.9630 time 3.56s
Epoch 0/15 734/1000 loss: 0.9630 time 3.56s
Epoch 0/15 735/1000 loss: 0.9630 time 3.57s
Epoch 0/15 736/1000 loss: 0.9630 time 3.57s
Epoch 0/15 737/1000 loss: 0.9630 time 3.57s
Epoch 0/15 738/1000 loss: 0.9630 time 3.57s
Epoch 0/15 739/1000 loss: 0.9630 time 3.57s
Epoch 0/15 740/1000 loss: 0.9629 time 3.57s
Epoch 0/15 741/1000 loss: 0.9628 time 3.56s
Epoch 0/15 742/1000 loss: 0.9628 time 3.57s
Epoch 0/15 743/1000 loss: 0.9628 time 3.56s
Epoch 0/15 744/1000 loss: 0.9628 time 3.57s
Epoch 0/15 745/1000 loss: 0.9628 time 3.56s
Epoch 0/15 746/1000 loss: 0.9629 time 3.56s
Epoch 0/15 747/1000 loss: 0.9629 time 3.56s
Epoch 0/15 748/1000 loss: 0.9629 time 3.57s
Epoch 0/15 749/1000 loss: 0.9629 time 3.56s
Epoch 0/15 750/1000 loss: 0.9629 time 3.56s
Epoch 0/15 751/1000 loss: 0.9629 time 3.56s
Epoch 0/15 752/1000 loss: 0.9629 time 3.56s
Epoch 0/15 753/1000 loss: 0.9629 time 3.56s
Epoch 0/15 754/1000 loss: 0.9629 time 3.58s
Epoch 0/15 755/1000 loss: 0.9629 time 3.57s
Epoch 0/15 756/1000 loss: 0.9629 time 3.56s
Epoch 0/15 757/1000 loss: 0.9629 time 3.57s
Epoch 0/15 758/1000 loss: 0.9629 time 3.57s
Epoch 0/15 759/1000 loss: 0.9629 time 3.58s
Epoch 0/15 760/1000 loss: 0.9629 time 3.57s
Epoch 0/15 761/1000 loss: 0.9629 time 3.56s
Epoch 0/15 762/1000 loss: 0.9629 time 3.57s
Epoch 0/15 763/1000 loss: 0.9629 time 3.56s
Epoch 0/15 764/1000 loss: 0.9629 time 3.57s
Epoch 0/15 765/1000 loss: 0.9630 time 3.56s
Epoch 0/15 766/1000 loss: 0.9629 time 3.57s
Epoch 0/15 767/1000 loss: 0.9629 time 3.57s
Epoch 0/15 768/1000 loss: 0.9629 time 3.57s
Epoch 0/15 769/1000 loss: 0.9628 time 3.57s
Epoch 0/15 770/1000 loss: 0.9629 time 3.56s
Epoch 0/15 771/1000 loss: 0.9628 time 3.57s
Epoch 0/15 772/1000 loss: 0.9628 time 3.56s
Epoch 0/15 773/1000 loss: 0.9627 time 3.56s
Epoch 0/15 774/1000 loss: 0.9627 time 3.57s
Epoch 0/15 775/1000 loss: 0.9627 time 3.56s
Epoch 0/15 776/1000 loss: 0.9627 time 3.57s
Epoch 0/15 777/1000 loss: 0.9627 time 3.56s
Epoch 0/15 778/1000 loss: 0.9627 time 3.56s
Epoch 0/15 779/1000 loss: 0.9627 time 3.57s
Epoch 0/15 780/1000 loss: 0.9627 time 3.56s
Epoch 0/15 781/1000 loss: 0.9627 time 3.56s
Epoch 0/15 782/1000 loss: 0.9627 time 3.57s
Epoch 0/15 783/1000 loss: 0.9627 time 3.56s
Epoch 0/15 784/1000 loss: 0.9627 time 3.57s
Epoch 0/15 785/1000 loss: 0.9627 time 3.56s
Epoch 0/15 786/1000 loss: 0.9627 time 3.57s
Epoch 0/15 787/1000 loss: 0.9627 time 3.58s
Epoch 0/15 788/1000 loss: 0.9627 time 3.56s
Epoch 0/15 789/1000 loss: 0.9627 time 3.56s
Epoch 0/15 790/1000 loss: 0.9627 time 3.56s
Epoch 0/15 791/1000 loss: 0.9626 time 3.57s
Epoch 0/15 792/1000 loss: 0.9626 time 3.57s
Epoch 0/15 793/1000 loss: 0.9625 time 3.57s
Epoch 0/15 794/1000 loss: 0.9625 time 3.57s
Epoch 0/15 795/1000 loss: 0.9625 time 3.57s
Epoch 0/15 796/1000 loss: 0.9625 time 3.58s
Epoch 0/15 797/1000 loss: 0.9626 time 3.57s
Epoch 0/15 798/1000 loss: 0.9626 time 3.56s
Epoch 0/15 799/1000 loss: 0.9625 time 3.56s
Epoch 0/15 800/1000 loss: 0.9626 time 3.56s
Epoch 0/15 801/1000 loss: 0.9626 time 3.56s
Epoch 0/15 802/1000 loss: 0.9626 time 3.57s
Epoch 0/15 803/1000 loss: 0.9626 time 3.56s
Epoch 0/15 804/1000 loss: 0.9625 time 3.56s
Epoch 0/15 805/1000 loss: 0.9625 time 3.56s
Epoch 0/15 806/1000 loss: 0.9625 time 3.57s
Epoch 0/15 807/1000 loss: 0.9624 time 3.57s
Epoch 0/15 808/1000 loss: 0.9625 time 3.56s
Epoch 0/15 809/1000 loss: 0.9625 time 3.56s
Epoch 0/15 810/1000 loss: 0.9625 time 3.57s
Epoch 0/15 811/1000 loss: 0.9624 time 3.56s
Epoch 0/15 812/1000 loss: 0.9624 time 3.57s
Epoch 0/15 813/1000 loss: 0.9624 time 3.57s
Epoch 0/15 814/1000 loss: 0.9624 time 3.57s
Epoch 0/15 815/1000 loss: 0.9624 time 3.56s
Epoch 0/15 816/1000 loss: 0.9624 time 3.56s
Epoch 0/15 817/1000 loss: 0.9625 time 3.56s
Epoch 0/15 818/1000 loss: 0.9625 time 3.56s
Epoch 0/15 819/1000 loss: 0.9625 time 3.56s
Epoch 0/15 820/1000 loss: 0.9625 time 3.57s
Epoch 0/15 821/1000 loss: 0.9625 time 3.56s
Epoch 0/15 822/1000 loss: 0.9625 time 3.56s
Epoch 0/15 823/1000 loss: 0.9625 time 3.57s
Epoch 0/15 824/1000 loss: 0.9625 time 3.56s
Epoch 0/15 825/1000 loss: 0.9626 time 3.56s
Epoch 0/15 826/1000 loss: 0.9626 time 3.56s
Epoch 0/15 827/1000 loss: 0.9626 time 3.56s
Epoch 0/15 828/1000 loss: 0.9626 time 3.57s
Epoch 0/15 829/1000 loss: 0.9626 time 3.56s
Epoch 0/15 830/1000 loss: 0.9626 time 3.57s
Epoch 0/15 831/1000 loss: 0.9626 time 3.57s
Epoch 0/15 832/1000 loss: 0.9626 time 3.57s
Epoch 0/15 833/1000 loss: 0.9627 time 3.57s
Epoch 0/15 834/1000 loss: 0.9627 time 3.57s
Epoch 0/15 835/1000 loss: 0.9627 time 3.56s
Epoch 0/15 836/1000 loss: 0.9626 time 3.56s
Epoch 0/15 837/1000 loss: 0.9626 time 3.56s
Epoch 0/15 838/1000 loss: 0.9626 time 3.56s
Epoch 0/15 839/1000 loss: 0.9625 time 3.56s
Epoch 0/15 840/1000 loss: 0.9625 time 3.57s
Epoch 0/15 841/1000 loss: 0.9624 time 3.56s
Epoch 0/15 842/1000 loss: 0.9624 time 3.56s
Epoch 0/15 843/1000 loss: 0.9625 time 3.56s
Epoch 0/15 844/1000 loss: 0.9625 time 3.57s
Epoch 0/15 845/1000 loss: 0.9625 time 3.58s
Epoch 0/15 846/1000 loss: 0.9625 time 3.57s
Epoch 0/15 847/1000 loss: 0.9624 time 3.57s
Epoch 0/15 848/1000 loss: 0.9624 time 3.56s
Epoch 0/15 849/1000 loss: 0.9624 time 3.57s
Epoch 0/15 850/1000 loss: 0.9623 time 3.57s
Epoch 0/15 851/1000 loss: 0.9623 time 3.57s
Epoch 0/15 852/1000 loss: 0.9624 time 3.57s
Epoch 0/15 853/1000 loss: 0.9624 time 3.56s
Epoch 0/15 854/1000 loss: 0.9624 time 3.57s
Epoch 0/15 855/1000 loss: 0.9624 time 3.56s
Epoch 0/15 856/1000 loss: 0.9624 time 3.57s
Epoch 0/15 857/1000 loss: 0.9623 time 3.56s
Epoch 0/15 858/1000 loss: 0.9623 time 3.57s
Epoch 0/15 859/1000 loss: 0.9623 time 3.56s
Epoch 0/15 860/1000 loss: 0.9623 time 3.57s
Epoch 0/15 861/1000 loss: 0.9622 time 3.56s
Epoch 0/15 862/1000 loss: 0.9623 time 3.56s
Epoch 0/15 863/1000 loss: 0.9623 time 3.56s
Epoch 0/15 864/1000 loss: 0.9622 time 3.56s
Epoch 0/15 865/1000 loss: 0.9622 time 3.56s
Epoch 0/15 866/1000 loss: 0.9623 time 3.56s
Epoch 0/15 867/1000 loss: 0.9622 time 3.56s
Epoch 0/15 868/1000 loss: 0.9622 time 3.57s
Epoch 0/15 869/1000 loss: 0.9622 time 3.57s
Epoch 0/15 870/1000 loss: 0.9622 time 3.57s
Epoch 0/15 871/1000 loss: 0.9622 time 3.57s
Epoch 0/15 872/1000 loss: 0.9622 time 3.57s
Epoch 0/15 873/1000 loss: 0.9622 time 3.56s
Epoch 0/15 874/1000 loss: 0.9622 time 3.56s
Epoch 0/15 875/1000 loss: 0.9621 time 3.56s
Epoch 0/15 876/1000 loss: 0.9621 time 3.56s
Epoch 0/15 877/1000 loss: 0.9620 time 3.57s
Epoch 0/15 878/1000 loss: 0.9621 time 3.56s
Epoch 0/15 879/1000 loss: 0.9620 time 3.57s
Epoch 0/15 880/1000 loss: 0.9621 time 3.56s
Epoch 0/15 881/1000 loss: 0.9621 time 3.56s
Epoch 0/15 882/1000 loss: 0.9620 time 3.57s
Epoch 0/15 883/1000 loss: 0.9620 time 3.56s
Epoch 0/15 884/1000 loss: 0.9620 time 3.56s
Epoch 0/15 885/1000 loss: 0.9620 time 3.56s
Epoch 0/15 886/1000 loss: 0.9620 time 3.56s
Epoch 0/15 887/1000 loss: 0.9620 time 3.57s
Epoch 0/15 888/1000 loss: 0.9620 time 3.57s
Epoch 0/15 889/1000 loss: 0.9620 time 3.56s
Epoch 0/15 890/1000 loss: 0.9620 time 3.57s
Epoch 0/15 891/1000 loss: 0.9620 time 3.56s
Epoch 0/15 892/1000 loss: 0.9619 time 3.56s
Epoch 0/15 893/1000 loss: 0.9620 time 3.56s
Epoch 0/15 894/1000 loss: 0.9619 time 3.57s
Epoch 0/15 895/1000 loss: 0.9619 time 3.56s
Epoch 0/15 896/1000 loss: 0.9619 time 3.56s
Epoch 0/15 897/1000 loss: 0.9618 time 3.57s
Epoch 0/15 898/1000 loss: 0.9618 time 3.56s
Epoch 0/15 899/1000 loss: 0.9618 time 3.56s
Epoch 0/15 900/1000 loss: 0.9618 time 3.56s
Epoch 0/15 901/1000 loss: 0.9618 time 3.56s
Epoch 0/15 902/1000 loss: 0.9618 time 3.56s
Epoch 0/15 903/1000 loss: 0.9618 time 3.56s
Epoch 0/15 904/1000 loss: 0.9618 time 3.57s
Epoch 0/15 905/1000 loss: 0.9618 time 3.56s
Epoch 0/15 906/1000 loss: 0.9617 time 3.57s
Epoch 0/15 907/1000 loss: 0.9617 time 3.57s
Epoch 0/15 908/1000 loss: 0.9617 time 3.57s
Epoch 0/15 909/1000 loss: 0.9617 time 3.57s
Epoch 0/15 910/1000 loss: 0.9617 time 3.56s
Epoch 0/15 911/1000 loss: 0.9616 time 3.57s
Epoch 0/15 912/1000 loss: 0.9616 time 3.57s
Epoch 0/15 913/1000 loss: 0.9616 time 3.57s
Epoch 0/15 914/1000 loss: 0.9615 time 3.57s
Epoch 0/15 915/1000 loss: 0.9615 time 3.56s
Epoch 0/15 916/1000 loss: 0.9615 time 3.57s
Epoch 0/15 917/1000 loss: 0.9615 time 3.57s
Epoch 0/15 918/1000 loss: 0.9615 time 3.57s
Epoch 0/15 919/1000 loss: 0.9616 time 3.56s
Epoch 0/15 920/1000 loss: 0.9616 time 3.56s
Epoch 0/15 921/1000 loss: 0.9616 time 3.56s
Epoch 0/15 922/1000 loss: 0.9616 time 3.57s
Epoch 0/15 923/1000 loss: 0.9616 time 3.58s
Epoch 0/15 924/1000 loss: 0.9616 time 3.57s
Epoch 0/15 925/1000 loss: 0.9616 time 3.57s
Epoch 0/15 926/1000 loss: 0.9616 time 3.57s
Epoch 0/15 927/1000 loss: 0.9616 time 3.57s
Epoch 0/15 928/1000 loss: 0.9616 time 3.57s
Epoch 0/15 929/1000 loss: 0.9616 time 3.58s
Epoch 0/15 930/1000 loss: 0.9616 time 3.58s
Epoch 0/15 931/1000 loss: 0.9616 time 3.57s
Epoch 0/15 932/1000 loss: 0.9616 time 3.56s
Epoch 0/15 933/1000 loss: 0.9616 time 3.56s
Epoch 0/15 934/1000 loss: 0.9616 time 3.56s
Epoch 0/15 935/1000 loss: 0.9617 time 3.56s
Epoch 0/15 936/1000 loss: 0.9616 time 3.57s
Epoch 0/15 937/1000 loss: 0.9616 time 3.58s
Epoch 0/15 938/1000 loss: 0.9616 time 3.57s
Epoch 0/15 939/1000 loss: 0.9616 time 3.57s
Epoch 0/15 940/1000 loss: 0.9616 time 3.57s
Epoch 0/15 941/1000 loss: 0.9616 time 3.58s
Epoch 0/15 942/1000 loss: 0.9616 time 3.57s
Epoch 0/15 943/1000 loss: 0.9616 time 3.57s
Epoch 0/15 944/1000 loss: 0.9616 time 3.57s
Epoch 0/15 945/1000 loss: 0.9616 time 3.57s
Epoch 0/15 946/1000 loss: 0.9616 time 3.57s
Epoch 0/15 947/1000 loss: 0.9616 time 3.57s
Epoch 0/15 948/1000 loss: 0.9616 time 3.57s
Epoch 0/15 949/1000 loss: 0.9615 time 3.57s
Epoch 0/15 950/1000 loss: 0.9616 time 3.57s
Epoch 0/15 951/1000 loss: 0.9616 time 3.56s
Epoch 0/15 952/1000 loss: 0.9616 time 3.56s
Epoch 0/15 953/1000 loss: 0.9616 time 3.56s
Epoch 0/15 954/1000 loss: 0.9616 time 3.56s
Epoch 0/15 955/1000 loss: 0.9616 time 3.57s
Epoch 0/15 956/1000 loss: 0.9617 time 3.57s
Epoch 0/15 957/1000 loss: 0.9617 time 3.56s
Epoch 0/15 958/1000 loss: 0.9616 time 3.57s
Epoch 0/15 959/1000 loss: 0.9616 time 3.56s
Epoch 0/15 960/1000 loss: 0.9616 time 3.57s
Epoch 0/15 961/1000 loss: 0.9616 time 3.56s
Epoch 0/15 962/1000 loss: 0.9616 time 3.56s
Epoch 0/15 963/1000 loss: 0.9616 time 3.57s
Epoch 0/15 964/1000 loss: 0.9616 time 3.57s
Epoch 0/15 965/1000 loss: 0.9616 time 3.57s
Epoch 0/15 966/1000 loss: 0.9616 time 3.56s
Epoch 0/15 967/1000 loss: 0.9616 time 3.56s
Epoch 0/15 968/1000 loss: 0.9616 time 3.56s
Epoch 0/15 969/1000 loss: 0.9616 time 3.57s
Epoch 0/15 970/1000 loss: 0.9616 time 3.57s
Epoch 0/15 971/1000 loss: 0.9616 time 3.56s
Epoch 0/15 972/1000 loss: 0.9616 time 3.57s
Epoch 0/15 973/1000 loss: 0.9616 time 3.56s
Epoch 0/15 974/1000 loss: 0.9616 time 3.57s
Epoch 0/15 975/1000 loss: 0.9616 time 3.57s
Epoch 0/15 976/1000 loss: 0.9616 time 3.57s
Epoch 0/15 977/1000 loss: 0.9616 time 3.56s
Epoch 0/15 978/1000 loss: 0.9616 time 3.56s
Epoch 0/15 979/1000 loss: 0.9616 time 3.56s
Epoch 0/15 980/1000 loss: 0.9616 time 3.56s
Epoch 0/15 981/1000 loss: 0.9616 time 3.57s
Epoch 0/15 982/1000 loss: 0.9616 time 3.57s
Epoch 0/15 983/1000 loss: 0.9616 time 3.57s
Epoch 0/15 984/1000 loss: 0.9616 time 3.57s
Epoch 0/15 985/1000 loss: 0.9616 time 3.57s
Epoch 0/15 986/1000 loss: 0.9616 time 3.56s
Epoch 0/15 987/1000 loss: 0.9615 time 3.56s
Epoch 0/15 988/1000 loss: 0.9615 time 3.56s
Epoch 0/15 989/1000 loss: 0.9615 time 3.56s
Epoch 0/15 990/1000 loss: 0.9615 time 3.56s
Epoch 0/15 991/1000 loss: 0.9615 time 3053.45s
Epoch 0/15 992/1000 loss: 0.9615 time 3.55s
Epoch 0/15 993/1000 loss: 0.9615 time 3.55s
Epoch 0/15 994/1000 loss: 0.9615 time 3.58s
Epoch 0/15 995/1000 loss: 0.9615 time 3.58s
Epoch 0/15 996/1000 loss: 0.9615 time 3.61s
Epoch 0/15 997/1000 loss: 0.9615 time 3.61s
Epoch 0/15 998/1000 loss: 0.9615 time 3.64s
Epoch 0/15 999/1000 loss: 0.9615 time 3.64s
Final training  0/14 loss: 0.9615 time 6644.97s
slurmstepd: error: *** JOB 9519293 ON gra1184 CANCELLED AT 2023-07-18T12:15:18 ***
