None
MONAI version: 1.2.0rc7+9.g84940298
Numpy version: 1.24.2
Pytorch version: 1.13.1
MONAI flags: HAS_EXT = False, USE_COMPILED = False, USE_META_DICT = False
MONAI rev id: 84940298bff9ff1f54845eb8ae7422c0092c09c1
MONAI __file__: /home/guest185/hackathon_38/lib/python3.8/site-packages/monai/__init__.py

Optional dependencies:
Pytorch Ignite version: 0.4.2
ITK version: NOT INSTALLED or UNKNOWN VERSION.
Nibabel version: 5.1.0
scikit-image version: 0.19.3
Pillow version: 9.5.0
Tensorboard version: 2.13.0
gdown version: 4.7.1
TorchVision version: 0.14.1
tqdm version: 4.65.0
lmdb version: 1.2.1
psutil version: 5.9.4
pandas version: 1.5.3
einops version: 0.6.1
transformers version: 4.21.3
mlflow version: NOT INSTALLED or UNKNOWN VERSION.
pynrrd version: 1.0.0

For details about installing the optional dependencies, please visit:
    https://docs.monai.io/en/latest/installation.html#installing-the-recommended-dependencies

/tmp/tmpbf5d4402
image shape: (240, 240, 155), label shape: (240, 240, 155)
Tue Jul 18 02:22:24 2023 Epoch: 0
In the future `np.bool` will be defined as the corresponding NumPy scalar.
In the future `np.bool` will be defined as the corresponding NumPy scalar.
In the future `np.bool` will be defined as the corresponding NumPy scalar.
In the future `np.bool` will be defined as the corresponding NumPy scalar.
monai.transforms.io.dictionary LoadImaged.__init__:image_only: Current default value of argument `image_only=False` has been deprecated since version 1.1. It will be changed to `image_only=True` in version 1.3.
In the future `np.bool` will be defined as the corresponding NumPy scalar.
In the future `np.bool` will be defined as the corresponding NumPy scalar.
Epoch 0/20 0/1000 loss: 0.9900 time 23.06s
Epoch 0/20 1/1000 loss: 0.9822 time 3.54s
Epoch 0/20 2/1000 loss: 0.9831 time 3.46s
Epoch 0/20 3/1000 loss: 0.9752 time 3.47s
Epoch 0/20 4/1000 loss: 0.9762 time 3.46s
Epoch 0/20 5/1000 loss: 0.9715 time 3.47s
Epoch 0/20 6/1000 loss: 0.9668 time 3.48s
Epoch 0/20 7/1000 loss: 0.9668 time 3.49s
Epoch 0/20 8/1000 loss: 0.9668 time 3.48s
Epoch 0/20 9/1000 loss: 0.9674 time 3.50s
Epoch 0/20 10/1000 loss: 0.9680 time 3.51s
Epoch 0/20 11/1000 loss: 0.9678 time 3.52s
Epoch 0/20 12/1000 loss: 0.9674 time 3.51s
Epoch 0/20 13/1000 loss: 0.9651 time 3.52s
Epoch 0/20 14/1000 loss: 0.9661 time 3.54s
Epoch 0/20 15/1000 loss: 0.9674 time 3.54s
Epoch 0/20 16/1000 loss: 0.9659 time 3.55s
Epoch 0/20 17/1000 loss: 0.9671 time 3.56s
Epoch 0/20 18/1000 loss: 0.9664 time 3.57s
Epoch 0/20 19/1000 loss: 0.9656 time 3.57s
Epoch 0/20 20/1000 loss: 0.9640 time 3.57s
Epoch 0/20 21/1000 loss: 0.9627 time 3.58s
Epoch 0/20 22/1000 loss: 0.9636 time 3.59s
Epoch 0/20 23/1000 loss: 0.9637 time 3.57s
Epoch 0/20 24/1000 loss: 0.9618 time 3.58s
Epoch 0/20 25/1000 loss: 0.9627 time 3.59s
Epoch 0/20 26/1000 loss: 0.9614 time 3.59s
Epoch 0/20 27/1000 loss: 0.9608 time 3.60s
Epoch 0/20 28/1000 loss: 0.9617 time 3.59s
Epoch 0/20 29/1000 loss: 0.9612 time 3.60s
Epoch 0/20 30/1000 loss: 0.9600 time 3.60s
Epoch 0/20 31/1000 loss: 0.9581 time 3.60s
Epoch 0/20 32/1000 loss: 0.9556 time 3.61s
Epoch 0/20 33/1000 loss: 0.9557 time 3.61s
Epoch 0/20 34/1000 loss: 0.9559 time 3.62s
Epoch 0/20 35/1000 loss: 0.9561 time 3.61s
Epoch 0/20 36/1000 loss: 0.9560 time 3.62s
Epoch 0/20 37/1000 loss: 0.9549 time 3.61s
Epoch 0/20 38/1000 loss: 0.9555 time 3.61s
Epoch 0/20 39/1000 loss: 0.9549 time 3.61s
Epoch 0/20 40/1000 loss: 0.9543 time 3.62s
Epoch 0/20 41/1000 loss: 0.9537 time 3.61s
Epoch 0/20 42/1000 loss: 0.9532 time 3.60s
Epoch 0/20 43/1000 loss: 0.9531 time 3.62s
Epoch 0/20 44/1000 loss: 0.9516 time 3.61s
Epoch 0/20 45/1000 loss: 0.9512 time 3.60s
Epoch 0/20 46/1000 loss: 0.9521 time 3.59s
Epoch 0/20 47/1000 loss: 0.9520 time 3.60s
Epoch 0/20 48/1000 loss: 0.9515 time 3.60s
Epoch 0/20 49/1000 loss: 0.9515 time 3.60s
Epoch 0/20 50/1000 loss: 0.9510 time 3.60s
Epoch 0/20 51/1000 loss: 0.9515 time 3.59s
Epoch 0/20 52/1000 loss: 0.9509 time 3.60s
Epoch 0/20 53/1000 loss: 0.9503 time 3.59s
Epoch 0/20 54/1000 loss: 0.9498 time 3.58s
Epoch 0/20 55/1000 loss: 0.9504 time 3.58s
Epoch 0/20 56/1000 loss: 0.9510 time 3.59s
Epoch 0/20 57/1000 loss: 0.9518 time 3.59s
Epoch 0/20 58/1000 loss: 0.9525 time 3.59s
Epoch 0/20 59/1000 loss: 0.9525 time 3.59s
Epoch 0/20 60/1000 loss: 0.9529 time 3.58s
Epoch 0/20 61/1000 loss: 0.9522 time 3.59s
Epoch 0/20 62/1000 loss: 0.9509 time 3.58s
Epoch 0/20 63/1000 loss: 0.9495 time 3.58s
Epoch 0/20 64/1000 loss: 0.9476 time 3.58s
Epoch 0/20 65/1000 loss: 0.9479 time 3.58s
Epoch 0/20 66/1000 loss: 0.9479 time 3.58s
Epoch 0/20 67/1000 loss: 0.9485 time 3.57s
Epoch 0/20 68/1000 loss: 0.9492 time 3.57s
Epoch 0/20 69/1000 loss: 0.9485 time 3.57s
Epoch 0/20 70/1000 loss: 0.9479 time 3.58s
Epoch 0/20 71/1000 loss: 0.9461 time 3.56s
Epoch 0/20 72/1000 loss: 0.9467 time 3.56s
Epoch 0/20 73/1000 loss: 0.9470 time 3.57s
Epoch 0/20 74/1000 loss: 0.9472 time 3.56s
Epoch 0/20 75/1000 loss: 0.9475 time 3.56s
Epoch 0/20 76/1000 loss: 0.9471 time 3.56s
Epoch 0/20 77/1000 loss: 0.9476 time 3.56s
Epoch 0/20 78/1000 loss: 0.9477 time 3.56s
Epoch 0/20 79/1000 loss: 0.9473 time 3.56s
Epoch 0/20 80/1000 loss: 0.9472 time 3.56s
Epoch 0/20 81/1000 loss: 0.9462 time 3.56s
Epoch 0/20 82/1000 loss: 0.9463 time 3.56s
Epoch 0/20 83/1000 loss: 0.9461 time 3.56s
Epoch 0/20 84/1000 loss: 0.9457 time 3.55s
Epoch 0/20 85/1000 loss: 0.9451 time 3.56s
Epoch 0/20 86/1000 loss: 0.9451 time 3.56s
Epoch 0/20 87/1000 loss: 0.9451 time 3.55s
Epoch 0/20 88/1000 loss: 0.9446 time 3.56s
Epoch 0/20 89/1000 loss: 0.9449 time 3.55s
Epoch 0/20 90/1000 loss: 0.9454 time 3.55s
Epoch 0/20 91/1000 loss: 0.9452 time 3.54s
Epoch 0/20 92/1000 loss: 0.9450 time 3.55s
Epoch 0/20 93/1000 loss: 0.9452 time 3.55s
Epoch 0/20 94/1000 loss: 0.9446 time 3.55s
Epoch 0/20 95/1000 loss: 0.9445 time 3.55s
Epoch 0/20 96/1000 loss: 0.9442 time 3.55s
Epoch 0/20 97/1000 loss: 0.9441 time 3.55s
Epoch 0/20 98/1000 loss: 0.9444 time 3.54s
Epoch 0/20 99/1000 loss: 0.9444 time 3.54s
Epoch 0/20 100/1000 loss: 0.9444 time 3.54s
Epoch 0/20 101/1000 loss: 0.9443 time 3.55s
Epoch 0/20 102/1000 loss: 0.9441 time 3.55s
Epoch 0/20 103/1000 loss: 0.9441 time 3.54s
Epoch 0/20 104/1000 loss: 0.9443 time 3.54s
Epoch 0/20 105/1000 loss: 0.9438 time 3.55s
Epoch 0/20 106/1000 loss: 0.9441 time 3.54s
Epoch 0/20 107/1000 loss: 0.9440 time 3.55s
Epoch 0/20 108/1000 loss: 0.9442 time 3.54s
Epoch 0/20 109/1000 loss: 0.9437 time 3.55s
Epoch 0/20 110/1000 loss: 0.9437 time 3.54s
Epoch 0/20 111/1000 loss: 0.9436 time 3.54s
Epoch 0/20 112/1000 loss: 0.9431 time 3.55s
Epoch 0/20 113/1000 loss: 0.9426 time 3.55s
Epoch 0/20 114/1000 loss: 0.9423 time 3.55s
Epoch 0/20 115/1000 loss: 0.9425 time 3.54s
Epoch 0/20 116/1000 loss: 0.9422 time 3.55s
Epoch 0/20 117/1000 loss: 0.9423 time 3.55s
Epoch 0/20 118/1000 loss: 0.9420 time 3.54s
Epoch 0/20 119/1000 loss: 0.9417 time 3.54s
Epoch 0/20 120/1000 loss: 0.9420 time 3.54s
Epoch 0/20 121/1000 loss: 0.9424 time 3.54s
Epoch 0/20 122/1000 loss: 0.9425 time 3.55s
Epoch 0/20 123/1000 loss: 0.9423 time 3.54s
Epoch 0/20 124/1000 loss: 0.9423 time 3.54s
Epoch 0/20 125/1000 loss: 0.9418 time 3.55s
Epoch 0/20 126/1000 loss: 0.9421 time 3.54s
Epoch 0/20 127/1000 loss: 0.9421 time 3.54s
Epoch 0/20 128/1000 loss: 0.9425 time 3.54s
Epoch 0/20 129/1000 loss: 0.9413 time 3.54s
Epoch 0/20 130/1000 loss: 0.9408 time 3.54s
Epoch 0/20 131/1000 loss: 0.9405 time 3.55s
Epoch 0/20 132/1000 loss: 0.9407 time 3.55s
Epoch 0/20 133/1000 loss: 0.9408 time 3.55s
Epoch 0/20 134/1000 loss: 0.9408 time 3.55s
Epoch 0/20 135/1000 loss: 0.9405 time 3.55s
Epoch 0/20 136/1000 loss: 0.9404 time 3.54s
Epoch 0/20 137/1000 loss: 0.9403 time 3.54s
Epoch 0/20 138/1000 loss: 0.9400 time 3.55s
Epoch 0/20 139/1000 loss: 0.9402 time 3.55s
Epoch 0/20 140/1000 loss: 0.9406 time 3.54s
Epoch 0/20 141/1000 loss: 0.9403 time 3.55s
Epoch 0/20 142/1000 loss: 0.9406 time 3.54s
Epoch 0/20 143/1000 loss: 0.9407 time 3.54s
Epoch 0/20 144/1000 loss: 0.9406 time 3.54s
Epoch 0/20 145/1000 loss: 0.9401 time 3.55s
Epoch 0/20 146/1000 loss: 0.9404 time 3.54s
Epoch 0/20 147/1000 loss: 0.9399 time 3.54s
Epoch 0/20 148/1000 loss: 0.9401 time 3.54s
Epoch 0/20 149/1000 loss: 0.9399 time 3.54s
Epoch 0/20 150/1000 loss: 0.9400 time 3.54s
Epoch 0/20 151/1000 loss: 0.9398 time 3.54s
Epoch 0/20 152/1000 loss: 0.9398 time 3.55s
Epoch 0/20 153/1000 loss: 0.9396 time 3.55s
Epoch 0/20 154/1000 loss: 0.9397 time 3.55s
Epoch 0/20 155/1000 loss: 0.9398 time 3.54s
Epoch 0/20 156/1000 loss: 0.9394 time 3.54s
Epoch 0/20 157/1000 loss: 0.9391 time 3.54s
Epoch 0/20 158/1000 loss: 0.9392 time 3.55s
Epoch 0/20 159/1000 loss: 0.9391 time 3.54s
Epoch 0/20 160/1000 loss: 0.9389 time 3.55s
Epoch 0/20 161/1000 loss: 0.9385 time 3.55s
Epoch 0/20 162/1000 loss: 0.9383 time 3.55s
Epoch 0/20 163/1000 loss: 0.9381 time 3.54s
Epoch 0/20 164/1000 loss: 0.9379 time 3.54s
Epoch 0/20 165/1000 loss: 0.9380 time 3.54s
Epoch 0/20 166/1000 loss: 0.9378 time 3.54s
Epoch 0/20 167/1000 loss: 0.9382 time 3.54s
Epoch 0/20 168/1000 loss: 0.9383 time 3.54s
Epoch 0/20 169/1000 loss: 0.9378 time 3.55s
Epoch 0/20 170/1000 loss: 0.9379 time 3.54s
Epoch 0/20 171/1000 loss: 0.9383 time 3.54s
Epoch 0/20 172/1000 loss: 0.9384 time 3.55s
Epoch 0/20 173/1000 loss: 0.9386 time 3.54s
Epoch 0/20 174/1000 loss: 0.9384 time 3.54s
Epoch 0/20 175/1000 loss: 0.9386 time 3.54s
Epoch 0/20 176/1000 loss: 0.9382 time 3.54s
Epoch 0/20 177/1000 loss: 0.9386 time 3.54s
Epoch 0/20 178/1000 loss: 0.9381 time 3.54s
Epoch 0/20 179/1000 loss: 0.9380 time 3.55s
Epoch 0/20 180/1000 loss: 0.9374 time 3.54s
Epoch 0/20 181/1000 loss: 0.9377 time 3.54s
Epoch 0/20 182/1000 loss: 0.9373 time 3.55s
Epoch 0/20 183/1000 loss: 0.9369 time 3.55s
Epoch 0/20 184/1000 loss: 0.9369 time 3.54s
Epoch 0/20 185/1000 loss: 0.9370 time 3.54s
Epoch 0/20 186/1000 loss: 0.9369 time 3.54s
Epoch 0/20 187/1000 loss: 0.9369 time 3.54s
Epoch 0/20 188/1000 loss: 0.9367 time 3.55s
Epoch 0/20 189/1000 loss: 0.9363 time 3.54s
Epoch 0/20 190/1000 loss: 0.9356 time 3.55s
Epoch 0/20 191/1000 loss: 0.9353 time 3.54s
Epoch 0/20 192/1000 loss: 0.9350 time 3.55s
Epoch 0/20 193/1000 loss: 0.9350 time 3.55s
Epoch 0/20 194/1000 loss: 0.9346 time 3.54s
Epoch 0/20 195/1000 loss: 0.9344 time 3.54s
Epoch 0/20 196/1000 loss: 0.9344 time 3.55s
Epoch 0/20 197/1000 loss: 0.9346 time 3.54s
Epoch 0/20 198/1000 loss: 0.9348 time 3.55s
Epoch 0/20 199/1000 loss: 0.9349 time 3.54s
Epoch 0/20 200/1000 loss: 0.9344 time 3.55s
Epoch 0/20 201/1000 loss: 0.9346 time 3.54s
Epoch 0/20 202/1000 loss: 0.9345 time 3.54s
Epoch 0/20 203/1000 loss: 0.9342 time 3.54s
Epoch 0/20 204/1000 loss: 0.9343 time 3.54s
Epoch 0/20 205/1000 loss: 0.9345 time 3.54s
Epoch 0/20 206/1000 loss: 0.9347 time 3.54s
Epoch 0/20 207/1000 loss: 0.9344 time 3.54s
Epoch 0/20 208/1000 loss: 0.9340 time 3.55s
Epoch 0/20 209/1000 loss: 0.9342 time 3.54s
Epoch 0/20 210/1000 loss: 0.9339 time 3.55s
Epoch 0/20 211/1000 loss: 0.9335 time 3.55s
Epoch 0/20 212/1000 loss: 0.9332 time 3.54s
Epoch 0/20 213/1000 loss: 0.9329 time 3.54s
Epoch 0/20 214/1000 loss: 0.9331 time 3.54s
Epoch 0/20 215/1000 loss: 0.9327 time 3.55s
Epoch 0/20 216/1000 loss: 0.9328 time 3.54s
Epoch 0/20 217/1000 loss: 0.9322 time 3.54s
Epoch 0/20 218/1000 loss: 0.9323 time 3.54s
Epoch 0/20 219/1000 loss: 0.9323 time 3.54s
Epoch 0/20 220/1000 loss: 0.9322 time 3.54s
Epoch 0/20 221/1000 loss: 0.9323 time 3.55s
Epoch 0/20 222/1000 loss: 0.9323 time 3.54s
Epoch 0/20 223/1000 loss: 0.9320 time 3.54s
Epoch 0/20 224/1000 loss: 0.9318 time 3.54s
Epoch 0/20 225/1000 loss: 0.9314 time 3.55s
Epoch 0/20 226/1000 loss: 0.9311 time 3.54s
Epoch 0/20 227/1000 loss: 0.9309 time 3.54s
Epoch 0/20 228/1000 loss: 0.9310 time 3.54s
Epoch 0/20 229/1000 loss: 0.9305 time 3.55s
Epoch 0/20 230/1000 loss: 0.9307 time 3.54s
Epoch 0/20 231/1000 loss: 0.9304 time 3.54s
Epoch 0/20 232/1000 loss: 0.9299 time 3.54s
Epoch 0/20 233/1000 loss: 0.9299 time 3.54s
Epoch 0/20 234/1000 loss: 0.9297 time 3.54s
Epoch 0/20 235/1000 loss: 0.9299 time 3.54s
Epoch 0/20 236/1000 loss: 0.9301 time 3.54s
Epoch 0/20 237/1000 loss: 0.9300 time 3.54s
Epoch 0/20 238/1000 loss: 0.9297 time 3.54s
Epoch 0/20 239/1000 loss: 0.9299 time 3.54s
Epoch 0/20 240/1000 loss: 0.9301 time 3.54s
Epoch 0/20 241/1000 loss: 0.9297 time 3.55s
Epoch 0/20 242/1000 loss: 0.9293 time 3.54s
Epoch 0/20 243/1000 loss: 0.9293 time 3.54s
Epoch 0/20 244/1000 loss: 0.9289 time 3.54s
Epoch 0/20 245/1000 loss: 0.9286 time 3.55s
Epoch 0/20 246/1000 loss: 0.9285 time 3.54s
Epoch 0/20 247/1000 loss: 0.9281 time 3.55s
Epoch 0/20 248/1000 loss: 0.9279 time 3.55s
Epoch 0/20 249/1000 loss: 0.9275 time 3.55s
Epoch 0/20 250/1000 loss: 0.9273 time 3.55s
Epoch 0/20 251/1000 loss: 0.9273 time 3.54s
Epoch 0/20 252/1000 loss: 0.9270 time 3.54s
Epoch 0/20 253/1000 loss: 0.9268 time 3.55s
Epoch 0/20 254/1000 loss: 0.9265 time 3.54s
Epoch 0/20 255/1000 loss: 0.9263 time 3.54s
Epoch 0/20 256/1000 loss: 0.9261 time 3.54s
Epoch 0/20 257/1000 loss: 0.9257 time 3.55s
Epoch 0/20 258/1000 loss: 0.9257 time 3.54s
Epoch 0/20 259/1000 loss: 0.9259 time 3.54s
Epoch 0/20 260/1000 loss: 0.9252 time 3.54s
Epoch 0/20 261/1000 loss: 0.9253 time 3.55s
Epoch 0/20 262/1000 loss: 0.9253 time 3.55s
Epoch 0/20 263/1000 loss: 0.9250 time 3.54s
Epoch 0/20 264/1000 loss: 0.9252 time 3.54s
Epoch 0/20 265/1000 loss: 0.9253 time 3.54s
Epoch 0/20 266/1000 loss: 0.9248 time 3.55s
Epoch 0/20 267/1000 loss: 0.9246 time 3.55s
Epoch 0/20 268/1000 loss: 0.9243 time 3.55s
Epoch 0/20 269/1000 loss: 0.9244 time 3.55s
Epoch 0/20 270/1000 loss: 0.9246 time 3.54s
Epoch 0/20 271/1000 loss: 0.9244 time 3.54s
Epoch 0/20 272/1000 loss: 0.9243 time 3.54s
Epoch 0/20 273/1000 loss: 0.9239 time 3.55s
Epoch 0/20 274/1000 loss: 0.9239 time 3.54s
Epoch 0/20 275/1000 loss: 0.9238 time 3.54s
Epoch 0/20 276/1000 loss: 0.9239 time 3.54s
Epoch 0/20 277/1000 loss: 0.9241 time 3.54s
Epoch 0/20 278/1000 loss: 0.9242 time 3.54s
Epoch 0/20 279/1000 loss: 0.9239 time 3.54s
Epoch 0/20 280/1000 loss: 0.9235 time 3.54s
Epoch 0/20 281/1000 loss: 0.9236 time 3.54s
Epoch 0/20 282/1000 loss: 0.9238 time 3.54s
Epoch 0/20 283/1000 loss: 0.9233 time 3.54s
Epoch 0/20 284/1000 loss: 0.9229 time 3.54s
Epoch 0/20 285/1000 loss: 0.9229 time 3.54s
Epoch 0/20 286/1000 loss: 0.9227 time 3.55s
Epoch 0/20 287/1000 loss: 0.9226 time 3.54s
Epoch 0/20 288/1000 loss: 0.9228 time 3.54s
Epoch 0/20 289/1000 loss: 0.9225 time 3.54s
Epoch 0/20 290/1000 loss: 0.9221 time 3.54s
Epoch 0/20 291/1000 loss: 0.9220 time 3.54s
Epoch 0/20 292/1000 loss: 0.9217 time 3.54s
Epoch 0/20 293/1000 loss: 0.9214 time 3.54s
Epoch 0/20 294/1000 loss: 0.9214 time 3.54s
Epoch 0/20 295/1000 loss: 0.9216 time 3.54s
Epoch 0/20 296/1000 loss: 0.9212 time 3.54s
Epoch 0/20 297/1000 loss: 0.9211 time 3.55s
Epoch 0/20 298/1000 loss: 0.9211 time 3.55s
Epoch 0/20 299/1000 loss: 0.9208 time 3.54s
Epoch 0/20 300/1000 loss: 0.9207 time 3.54s
Epoch 0/20 301/1000 loss: 0.9204 time 3.54s
Epoch 0/20 302/1000 loss: 0.9200 time 3.54s
Epoch 0/20 303/1000 loss: 0.9198 time 3.55s
Epoch 0/20 304/1000 loss: 0.9196 time 3.54s
Epoch 0/20 305/1000 loss: 0.9195 time 3.54s
Epoch 0/20 306/1000 loss: 0.9195 time 3.55s
Epoch 0/20 307/1000 loss: 0.9192 time 3.55s
Epoch 0/20 308/1000 loss: 0.9191 time 3.54s
Epoch 0/20 309/1000 loss: 0.9188 time 3.54s
Epoch 0/20 310/1000 loss: 0.9189 time 3.55s
Epoch 0/20 311/1000 loss: 0.9186 time 3.55s
Epoch 0/20 312/1000 loss: 0.9187 time 3.54s
Epoch 0/20 313/1000 loss: 0.9186 time 3.54s
Epoch 0/20 314/1000 loss: 0.9184 time 3.54s
Epoch 0/20 315/1000 loss: 0.9183 time 3.54s
Epoch 0/20 316/1000 loss: 0.9181 time 3.54s
Epoch 0/20 317/1000 loss: 0.9184 time 3.54s
Epoch 0/20 318/1000 loss: 0.9184 time 3.55s
Epoch 0/20 319/1000 loss: 0.9186 time 3.54s
Epoch 0/20 320/1000 loss: 0.9188 time 3.54s
Epoch 0/20 321/1000 loss: 0.9186 time 3.54s
Epoch 0/20 322/1000 loss: 0.9185 time 3.54s
Epoch 0/20 323/1000 loss: 0.9186 time 3.54s
Epoch 0/20 324/1000 loss: 0.9183 time 3.54s
Epoch 0/20 325/1000 loss: 0.9178 time 3.54s
Epoch 0/20 326/1000 loss: 0.9176 time 3.54s
Epoch 0/20 327/1000 loss: 0.9178 time 3.55s
Epoch 0/20 328/1000 loss: 0.9176 time 3.54s
Epoch 0/20 329/1000 loss: 0.9175 time 3.54s
Epoch 0/20 330/1000 loss: 0.9173 time 3.54s
Epoch 0/20 331/1000 loss: 0.9172 time 3.54s
Epoch 0/20 332/1000 loss: 0.9172 time 3.54s
Epoch 0/20 333/1000 loss: 0.9173 time 3.54s
Epoch 0/20 334/1000 loss: 0.9173 time 3.54s
Epoch 0/20 335/1000 loss: 0.9170 time 3.54s
Epoch 0/20 336/1000 loss: 0.9171 time 3.54s
Epoch 0/20 337/1000 loss: 0.9170 time 3.55s
Epoch 0/20 338/1000 loss: 0.9168 time 3.54s
Epoch 0/20 339/1000 loss: 0.9168 time 3.54s
Epoch 0/20 340/1000 loss: 0.9166 time 3.54s
Epoch 0/20 341/1000 loss: 0.9164 time 3.55s
Epoch 0/20 342/1000 loss: 0.9164 time 3.55s
Epoch 0/20 343/1000 loss: 0.9164 time 3.55s
Epoch 0/20 344/1000 loss: 0.9163 time 3.55s
Epoch 0/20 345/1000 loss: 0.9163 time 3.54s
Epoch 0/20 346/1000 loss: 0.9160 time 3.54s
Epoch 0/20 347/1000 loss: 0.9158 time 3.54s
Epoch 0/20 348/1000 loss: 0.9155 time 3.55s
Epoch 0/20 349/1000 loss: 0.9152 time 3.54s
Epoch 0/20 350/1000 loss: 0.9149 time 3.55s
Epoch 0/20 351/1000 loss: 0.9148 time 3.54s
Epoch 0/20 352/1000 loss: 0.9145 time 3.55s
Epoch 0/20 353/1000 loss: 0.9145 time 3.54s
Epoch 0/20 354/1000 loss: 0.9145 time 3.54s
Epoch 0/20 355/1000 loss: 0.9147 time 3.54s
Epoch 0/20 356/1000 loss: 0.9144 time 3.55s
Epoch 0/20 357/1000 loss: 0.9145 time 3.54s
Epoch 0/20 358/1000 loss: 0.9146 time 3.54s
Epoch 0/20 359/1000 loss: 0.9145 time 3.54s
Epoch 0/20 360/1000 loss: 0.9144 time 3.54s
Epoch 0/20 361/1000 loss: 0.9144 time 3.55s
Epoch 0/20 362/1000 loss: 0.9141 time 3.55s
Epoch 0/20 363/1000 loss: 0.9139 time 3.55s
Epoch 0/20 364/1000 loss: 0.9139 time 3.54s
Epoch 0/20 365/1000 loss: 0.9137 time 3.55s
Epoch 0/20 366/1000 loss: 0.9135 time 3.54s
Epoch 0/20 367/1000 loss: 0.9135 time 3.54s
Epoch 0/20 368/1000 loss: 0.9134 time 3.55s
Epoch 0/20 369/1000 loss: 0.9135 time 3.54s
Epoch 0/20 370/1000 loss: 0.9134 time 3.54s
Epoch 0/20 371/1000 loss: 0.9129 time 3.54s
Epoch 0/20 372/1000 loss: 0.9126 time 3.55s
Epoch 0/20 373/1000 loss: 0.9127 time 3.54s
Epoch 0/20 374/1000 loss: 0.9128 time 3.54s
Epoch 0/20 375/1000 loss: 0.9129 time 3.54s
Epoch 0/20 376/1000 loss: 0.9129 time 3.54s
Epoch 0/20 377/1000 loss: 0.9128 time 3.54s
Epoch 0/20 378/1000 loss: 0.9129 time 3.55s
Epoch 0/20 379/1000 loss: 0.9129 time 3.54s
Epoch 0/20 380/1000 loss: 0.9128 time 3.54s
Epoch 0/20 381/1000 loss: 0.9125 time 3.55s
Epoch 0/20 382/1000 loss: 0.9127 time 3.54s
Epoch 0/20 383/1000 loss: 0.9126 time 3.54s
Epoch 0/20 384/1000 loss: 0.9127 time 3.55s
Epoch 0/20 385/1000 loss: 0.9125 time 3.54s
Epoch 0/20 386/1000 loss: 0.9124 time 3.54s
Epoch 0/20 387/1000 loss: 0.9124 time 3.54s
Epoch 0/20 388/1000 loss: 0.9125 time 3.54s
Epoch 0/20 389/1000 loss: 0.9127 time 3.54s
Epoch 0/20 390/1000 loss: 0.9124 time 3.54s
Epoch 0/20 391/1000 loss: 0.9124 time 3.54s
Epoch 0/20 392/1000 loss: 0.9126 time 3.54s
Epoch 0/20 393/1000 loss: 0.9127 time 3.54s
Epoch 0/20 394/1000 loss: 0.9128 time 3.54s
Epoch 0/20 395/1000 loss: 0.9127 time 3.54s
Epoch 0/20 396/1000 loss: 0.9124 time 3.55s
Epoch 0/20 397/1000 loss: 0.9121 time 3.54s
Epoch 0/20 398/1000 loss: 0.9120 time 3.55s
Epoch 0/20 399/1000 loss: 0.9120 time 3.55s
Epoch 0/20 400/1000 loss: 0.9119 time 3.55s
Epoch 0/20 401/1000 loss: 0.9120 time 3.54s
Epoch 0/20 402/1000 loss: 0.9118 time 3.55s
Epoch 0/20 403/1000 loss: 0.9118 time 3.55s
Epoch 0/20 404/1000 loss: 0.9116 time 3.55s
Epoch 0/20 405/1000 loss: 0.9117 time 3.55s
Epoch 0/20 406/1000 loss: 0.9117 time 3.54s
Epoch 0/20 407/1000 loss: 0.9118 time 3.54s
Epoch 0/20 408/1000 loss: 0.9116 time 3.54s
Epoch 0/20 409/1000 loss: 0.9114 time 3.54s
Epoch 0/20 410/1000 loss: 0.9113 time 3.54s
Epoch 0/20 411/1000 loss: 0.9111 time 3.54s
Epoch 0/20 412/1000 loss: 0.9112 time 3.54s
Epoch 0/20 413/1000 loss: 0.9111 time 3.55s
Epoch 0/20 414/1000 loss: 0.9112 time 3.55s
Epoch 0/20 415/1000 loss: 0.9114 time 3.54s
Epoch 0/20 416/1000 loss: 0.9114 time 3.54s
Epoch 0/20 417/1000 loss: 0.9113 time 3.55s
Epoch 0/20 418/1000 loss: 0.9112 time 3.55s
Epoch 0/20 419/1000 loss: 0.9110 time 3.55s
Epoch 0/20 420/1000 loss: 0.9110 time 3.54s
Epoch 0/20 421/1000 loss: 0.9107 time 3.55s
Epoch 0/20 422/1000 loss: 0.9106 time 3.54s
Epoch 0/20 423/1000 loss: 0.9107 time 3.54s
Epoch 0/20 424/1000 loss: 0.9105 time 3.54s
Epoch 0/20 425/1000 loss: 0.9103 time 3.54s
Epoch 0/20 426/1000 loss: 0.9103 time 3.54s
Epoch 0/20 427/1000 loss: 0.9100 time 3.54s
Epoch 0/20 428/1000 loss: 0.9101 time 3.54s
Epoch 0/20 429/1000 loss: 0.9099 time 3.54s
Epoch 0/20 430/1000 loss: 0.9098 time 3.54s
Epoch 0/20 431/1000 loss: 0.9099 time 3.54s
Epoch 0/20 432/1000 loss: 0.9099 time 3.54s
Epoch 0/20 433/1000 loss: 0.9099 time 3.55s
Epoch 0/20 434/1000 loss: 0.9100 time 3.54s
Epoch 0/20 435/1000 loss: 0.9098 time 3.54s
Epoch 0/20 436/1000 loss: 0.9095 time 3.54s
Epoch 0/20 437/1000 loss: 0.9093 time 3.55s
Epoch 0/20 438/1000 loss: 0.9092 time 3.55s
Epoch 0/20 439/1000 loss: 0.9090 time 3.54s
Epoch 0/20 440/1000 loss: 0.9088 time 3.54s
Epoch 0/20 441/1000 loss: 0.9089 time 3.54s
Epoch 0/20 442/1000 loss: 0.9088 time 3.54s
Epoch 0/20 443/1000 loss: 0.9086 time 3.54s
Epoch 0/20 444/1000 loss: 0.9088 time 3.54s
Epoch 0/20 445/1000 loss: 0.9089 time 3.54s
Epoch 0/20 446/1000 loss: 0.9087 time 3.54s
Epoch 0/20 447/1000 loss: 0.9088 time 3.54s
Epoch 0/20 448/1000 loss: 0.9086 time 3.54s
Epoch 0/20 449/1000 loss: 0.9086 time 3.55s
Epoch 0/20 450/1000 loss: 0.9084 time 3.54s
Epoch 0/20 451/1000 loss: 0.9083 time 3.54s
Epoch 0/20 452/1000 loss: 0.9082 time 3.54s
Epoch 0/20 453/1000 loss: 0.9081 time 3.54s
Epoch 0/20 454/1000 loss: 0.9078 time 3.54s
Epoch 0/20 455/1000 loss: 0.9075 time 3.54s
Epoch 0/20 456/1000 loss: 0.9075 time 3.54s
Epoch 0/20 457/1000 loss: 0.9075 time 3.54s
Epoch 0/20 458/1000 loss: 0.9075 time 3.54s
Epoch 0/20 459/1000 loss: 0.9073 time 3.54s
Epoch 0/20 460/1000 loss: 0.9073 time 3.54s
Epoch 0/20 461/1000 loss: 0.9072 time 3.55s
Epoch 0/20 462/1000 loss: 0.9070 time 3.54s
Epoch 0/20 463/1000 loss: 0.9070 time 3.54s
Epoch 0/20 464/1000 loss: 0.9068 time 3.54s
Epoch 0/20 465/1000 loss: 0.9066 time 3.55s
Epoch 0/20 466/1000 loss: 0.9065 time 3.54s
Epoch 0/20 467/1000 loss: 0.9063 time 3.54s
Epoch 0/20 468/1000 loss: 0.9063 time 3.55s
Epoch 0/20 469/1000 loss: 0.9062 time 3.54s
Epoch 0/20 470/1000 loss: 0.9059 time 3.54s
Epoch 0/20 471/1000 loss: 0.9061 time 3.54s
Epoch 0/20 472/1000 loss: 0.9061 time 3.54s
Epoch 0/20 473/1000 loss: 0.9062 time 3.54s
Epoch 0/20 474/1000 loss: 0.9059 time 3.55s
Epoch 0/20 475/1000 loss: 0.9058 time 3.54s
Epoch 0/20 476/1000 loss: 0.9058 time 3.54s
Epoch 0/20 477/1000 loss: 0.9060 time 3.54s
Epoch 0/20 478/1000 loss: 0.9060 time 3.54s
Epoch 0/20 479/1000 loss: 0.9058 time 3.54s
Epoch 0/20 480/1000 loss: 0.9059 time 3.54s
Epoch 0/20 481/1000 loss: 0.9060 time 3.54s
Epoch 0/20 482/1000 loss: 0.9060 time 3.54s
Epoch 0/20 483/1000 loss: 0.9060 time 3.54s
Epoch 0/20 484/1000 loss: 0.9059 time 3.55s
Epoch 0/20 485/1000 loss: 0.9059 time 3.54s
Epoch 0/20 486/1000 loss: 0.9061 time 3.54s
Epoch 0/20 487/1000 loss: 0.9061 time 3.54s
Epoch 0/20 488/1000 loss: 0.9061 time 3.54s
Epoch 0/20 489/1000 loss: 0.9059 time 3.54s
Epoch 0/20 490/1000 loss: 0.9061 time 3.54s
Epoch 0/20 491/1000 loss: 0.9059 time 3.54s
Epoch 0/20 492/1000 loss: 0.9058 time 3.54s
Epoch 0/20 493/1000 loss: 0.9051 time 3.54s
Epoch 0/20 494/1000 loss: 0.9052 time 3.54s
Epoch 0/20 495/1000 loss: 0.9049 time 3.54s
Epoch 0/20 496/1000 loss: 0.9047 time 3.54s
Epoch 0/20 497/1000 loss: 0.9047 time 3.54s
Epoch 0/20 498/1000 loss: 0.9046 time 3.54s
Epoch 0/20 499/1000 loss: 0.9046 time 3.54s
Epoch 0/20 500/1000 loss: 0.9042 time 3.54s
Epoch 0/20 501/1000 loss: 0.9042 time 3.54s
Epoch 0/20 502/1000 loss: 0.9040 time 3.54s
Epoch 0/20 503/1000 loss: 0.9038 time 3.54s
Epoch 0/20 504/1000 loss: 0.9037 time 3.54s
Epoch 0/20 505/1000 loss: 0.9036 time 3.54s
Epoch 0/20 506/1000 loss: 0.9037 time 3.54s
Epoch 0/20 507/1000 loss: 0.9036 time 3.54s
Epoch 0/20 508/1000 loss: 0.9035 time 3.54s
Epoch 0/20 509/1000 loss: 0.9035 time 3.54s
Epoch 0/20 510/1000 loss: 0.9034 time 3.54s
Epoch 0/20 511/1000 loss: 0.9034 time 3.54s
Epoch 0/20 512/1000 loss: 0.9033 time 3.54s
Epoch 0/20 513/1000 loss: 0.9031 time 3.54s
Epoch 0/20 514/1000 loss: 0.9032 time 3.54s
Epoch 0/20 515/1000 loss: 0.9034 time 3.54s
Epoch 0/20 516/1000 loss: 0.9033 time 3.54s
Epoch 0/20 517/1000 loss: 0.9033 time 3.54s
Epoch 0/20 518/1000 loss: 0.9031 time 3.54s
Epoch 0/20 519/1000 loss: 0.9031 time 3.54s
Epoch 0/20 520/1000 loss: 0.9028 time 3.55s
Epoch 0/20 521/1000 loss: 0.9028 time 3.54s
Epoch 0/20 522/1000 loss: 0.9026 time 3.54s
Epoch 0/20 523/1000 loss: 0.9024 time 3.54s
Epoch 0/20 524/1000 loss: 0.9022 time 3.54s
Epoch 0/20 525/1000 loss: 0.9019 time 3.55s
Epoch 0/20 526/1000 loss: 0.9020 time 3.55s
Epoch 0/20 527/1000 loss: 0.9017 time 3.54s
Epoch 0/20 528/1000 loss: 0.9016 time 3.54s
Epoch 0/20 529/1000 loss: 0.9017 time 3.54s
Epoch 0/20 530/1000 loss: 0.9014 time 3.54s
Epoch 0/20 531/1000 loss: 0.9012 time 3.54s
Epoch 0/20 532/1000 loss: 0.9013 time 3.54s
Epoch 0/20 533/1000 loss: 0.9014 time 3.54s
Epoch 0/20 534/1000 loss: 0.9012 time 3.54s
Epoch 0/20 535/1000 loss: 0.9010 time 3.54s
Epoch 0/20 536/1000 loss: 0.9007 time 3.55s
Epoch 0/20 537/1000 loss: 0.9008 time 3.54s
Epoch 0/20 538/1000 loss: 0.9010 time 3.54s
Epoch 0/20 539/1000 loss: 0.9010 time 3.54s
Epoch 0/20 540/1000 loss: 0.9008 time 3.54s
Epoch 0/20 541/1000 loss: 0.9007 time 3.54s
Epoch 0/20 542/1000 loss: 0.9007 time 3.54s
Epoch 0/20 543/1000 loss: 0.9003 time 3.54s
Epoch 0/20 544/1000 loss: 0.9002 time 3.55s
Epoch 0/20 545/1000 loss: 0.9000 time 3.54s
Epoch 0/20 546/1000 loss: 0.9000 time 3.54s
Epoch 0/20 547/1000 loss: 0.8999 time 3.54s
Epoch 0/20 548/1000 loss: 0.8999 time 3.54s
Epoch 0/20 549/1000 loss: 0.8999 time 3.54s
Epoch 0/20 550/1000 loss: 0.8999 time 3.54s
Epoch 0/20 551/1000 loss: 0.8998 time 3.55s
Epoch 0/20 552/1000 loss: 0.8999 time 3.54s
Epoch 0/20 553/1000 loss: 0.8999 time 3.54s
Epoch 0/20 554/1000 loss: 0.8996 time 3.54s
Epoch 0/20 555/1000 loss: 0.8998 time 3.54s
Epoch 0/20 556/1000 loss: 0.8996 time 3.54s
Epoch 0/20 557/1000 loss: 0.8996 time 3.54s
Epoch 0/20 558/1000 loss: 0.8996 time 3.55s
Epoch 0/20 559/1000 loss: 0.8996 time 3.54s
Epoch 0/20 560/1000 loss: 0.8995 time 3.54s
Epoch 0/20 561/1000 loss: 0.8996 time 3.54s
Epoch 0/20 562/1000 loss: 0.8995 time 3.54s
Epoch 0/20 563/1000 loss: 0.8993 time 3.54s
Epoch 0/20 564/1000 loss: 0.8992 time 3.54s
Epoch 0/20 565/1000 loss: 0.8990 time 3.54s
Epoch 0/20 566/1000 loss: 0.8988 time 3.54s
Epoch 0/20 567/1000 loss: 0.8988 time 3.54s
Epoch 0/20 568/1000 loss: 0.8985 time 3.54s
Epoch 0/20 569/1000 loss: 0.8986 time 3.55s
Epoch 0/20 570/1000 loss: 0.8984 time 3.54s
Epoch 0/20 571/1000 loss: 0.8982 time 3.54s
Epoch 0/20 572/1000 loss: 0.8982 time 3.54s
Epoch 0/20 573/1000 loss: 0.8981 time 3.53s
Epoch 0/20 574/1000 loss: 0.8980 time 3.54s
Epoch 0/20 575/1000 loss: 0.8977 time 3.54s
Epoch 0/20 576/1000 loss: 0.8979 time 3.53s
Epoch 0/20 577/1000 loss: 0.8977 time 3.54s
Epoch 0/20 578/1000 loss: 0.8978 time 3.54s
Epoch 0/20 579/1000 loss: 0.8980 time 3.54s
Epoch 0/20 580/1000 loss: 0.8978 time 3.54s
Epoch 0/20 581/1000 loss: 0.8978 time 3.54s
Epoch 0/20 582/1000 loss: 0.8976 time 3.54s
Epoch 0/20 583/1000 loss: 0.8974 time 3.54s
Epoch 0/20 584/1000 loss: 0.8973 time 3.54s
Epoch 0/20 585/1000 loss: 0.8970 time 3.54s
Epoch 0/20 586/1000 loss: 0.8971 time 3.54s
Epoch 0/20 587/1000 loss: 0.8969 time 3.54s
Epoch 0/20 588/1000 loss: 0.8967 time 3.54s
Epoch 0/20 589/1000 loss: 0.8968 time 3.54s
Epoch 0/20 590/1000 loss: 0.8967 time 3.54s
Epoch 0/20 591/1000 loss: 0.8968 time 3.54s
Epoch 0/20 592/1000 loss: 0.8966 time 3.54s
Epoch 0/20 593/1000 loss: 0.8964 time 3.55s
Epoch 0/20 594/1000 loss: 0.8963 time 3.54s
Epoch 0/20 595/1000 loss: 0.8963 time 3.54s
Epoch 0/20 596/1000 loss: 0.8961 time 3.54s
Epoch 0/20 597/1000 loss: 0.8959 time 3.54s
Epoch 0/20 598/1000 loss: 0.8960 time 3.54s
Epoch 0/20 599/1000 loss: 0.8958 time 3.54s
Epoch 0/20 600/1000 loss: 0.8957 time 3.54s
Epoch 0/20 601/1000 loss: 0.8956 time 3.54s
Epoch 0/20 602/1000 loss: 0.8954 time 3.54s
Epoch 0/20 603/1000 loss: 0.8953 time 3.54s
Epoch 0/20 604/1000 loss: 0.8953 time 3.54s
Epoch 0/20 605/1000 loss: 0.8952 time 3.54s
Epoch 0/20 606/1000 loss: 0.8951 time 3.54s
Epoch 0/20 607/1000 loss: 0.8949 time 3.55s
Epoch 0/20 608/1000 loss: 0.8945 time 3.54s
Epoch 0/20 609/1000 loss: 0.8941 time 3.54s
Epoch 0/20 610/1000 loss: 0.8942 time 3.55s
Epoch 0/20 611/1000 loss: 0.8941 time 3.55s
Epoch 0/20 612/1000 loss: 0.8937 time 3.54s
Epoch 0/20 613/1000 loss: 0.8936 time 3.54s
Epoch 0/20 614/1000 loss: 0.8934 time 3.54s
Epoch 0/20 615/1000 loss: 0.8933 time 3.54s
Epoch 0/20 616/1000 loss: 0.8931 time 3.54s
Epoch 0/20 617/1000 loss: 0.8928 time 3.54s
Epoch 0/20 618/1000 loss: 0.8929 time 3.54s
Epoch 0/20 619/1000 loss: 0.8927 time 3.54s
Epoch 0/20 620/1000 loss: 0.8927 time 3.54s
Epoch 0/20 621/1000 loss: 0.8925 time 3.54s
Epoch 0/20 622/1000 loss: 0.8924 time 3.54s
Epoch 0/20 623/1000 loss: 0.8922 time 3.54s
Epoch 0/20 624/1000 loss: 0.8921 time 3.54s
Epoch 0/20 625/1000 loss: 0.8921 time 3.54s
Epoch 0/20 626/1000 loss: 0.8920 time 3.54s
Epoch 0/20 627/1000 loss: 0.8918 time 3.54s
Epoch 0/20 628/1000 loss: 0.8918 time 3.54s
Epoch 0/20 629/1000 loss: 0.8917 time 3.54s
Epoch 0/20 630/1000 loss: 0.8916 time 3.54s
Epoch 0/20 631/1000 loss: 0.8914 time 3.54s
Epoch 0/20 632/1000 loss: 0.8912 time 3.54s
Epoch 0/20 633/1000 loss: 0.8912 time 3.54s
Epoch 0/20 634/1000 loss: 0.8912 time 3.54s
Epoch 0/20 635/1000 loss: 0.8911 time 3.54s
Epoch 0/20 636/1000 loss: 0.8909 time 3.54s
Epoch 0/20 637/1000 loss: 0.8907 time 3.54s
Epoch 0/20 638/1000 loss: 0.8906 time 3.54s
Epoch 0/20 639/1000 loss: 0.8904 time 3.54s
Epoch 0/20 640/1000 loss: 0.8902 time 3.54s
Epoch 0/20 641/1000 loss: 0.8902 time 3.54s
Epoch 0/20 642/1000 loss: 0.8900 time 3.54s
Epoch 0/20 643/1000 loss: 0.8899 time 3.54s
Epoch 0/20 644/1000 loss: 0.8899 time 3.54s
Epoch 0/20 645/1000 loss: 0.8898 time 3.54s
Epoch 0/20 646/1000 loss: 0.8896 time 3.54s
Epoch 0/20 647/1000 loss: 0.8894 time 3.54s
Epoch 0/20 648/1000 loss: 0.8896 time 3.54s
Epoch 0/20 649/1000 loss: 0.8897 time 3.54s
Epoch 0/20 650/1000 loss: 0.8896 time 3.54s
Epoch 0/20 651/1000 loss: 0.8895 time 3.54s
Epoch 0/20 652/1000 loss: 0.8895 time 3.54s
Epoch 0/20 653/1000 loss: 0.8894 time 3.54s
Epoch 0/20 654/1000 loss: 0.8896 time 3.54s
Epoch 0/20 655/1000 loss: 0.8895 time 3.54s
Epoch 0/20 656/1000 loss: 0.8896 time 3.54s
Epoch 0/20 657/1000 loss: 0.8896 time 3.54s
Epoch 0/20 658/1000 loss: 0.8894 time 3.54s
Epoch 0/20 659/1000 loss: 0.8892 time 3.54s
Epoch 0/20 660/1000 loss: 0.8891 time 3.54s
Epoch 0/20 661/1000 loss: 0.8891 time 3.54s
Epoch 0/20 662/1000 loss: 0.8890 time 3.54s
Epoch 0/20 663/1000 loss: 0.8891 time 3.54s
Epoch 0/20 664/1000 loss: 0.8890 time 3.54s
Epoch 0/20 665/1000 loss: 0.8890 time 3.54s
Epoch 0/20 666/1000 loss: 0.8889 time 3.54s
Epoch 0/20 667/1000 loss: 0.8888 time 3.54s
Epoch 0/20 668/1000 loss: 0.8889 time 3.54s
Epoch 0/20 669/1000 loss: 0.8888 time 3.54s
Epoch 0/20 670/1000 loss: 0.8887 time 3.54s
Epoch 0/20 671/1000 loss: 0.8885 time 3.54s
Epoch 0/20 672/1000 loss: 0.8885 time 3.55s
Epoch 0/20 673/1000 loss: 0.8884 time 3.54s
Epoch 0/20 674/1000 loss: 0.8884 time 3.54s
Epoch 0/20 675/1000 loss: 0.8882 time 3.54s
Epoch 0/20 676/1000 loss: 0.8881 time 3.54s
Epoch 0/20 677/1000 loss: 0.8880 time 3.54s
Epoch 0/20 678/1000 loss: 0.8878 time 3.54s
Epoch 0/20 679/1000 loss: 0.8876 time 3.54s
Epoch 0/20 680/1000 loss: 0.8874 time 3.54s
Epoch 0/20 681/1000 loss: 0.8874 time 3.54s
Epoch 0/20 682/1000 loss: 0.8872 time 3.54s
Epoch 0/20 683/1000 loss: 0.8871 time 3.54s
Epoch 0/20 684/1000 loss: 0.8870 time 3.54s
Epoch 0/20 685/1000 loss: 0.8869 time 3.54s
Epoch 0/20 686/1000 loss: 0.8869 time 3.54s
Epoch 0/20 687/1000 loss: 0.8867 time 3.54s
Epoch 0/20 688/1000 loss: 0.8865 time 3.54s
Epoch 0/20 689/1000 loss: 0.8864 time 3.54s
Epoch 0/20 690/1000 loss: 0.8862 time 3.55s
Epoch 0/20 691/1000 loss: 0.8861 time 3.54s
Epoch 0/20 692/1000 loss: 0.8861 time 3.54s
Epoch 0/20 693/1000 loss: 0.8859 time 3.54s
Epoch 0/20 694/1000 loss: 0.8858 time 3.54s
Epoch 0/20 695/1000 loss: 0.8858 time 3.54s
Epoch 0/20 696/1000 loss: 0.8856 time 3.54s
Epoch 0/20 697/1000 loss: 0.8857 time 3.54s
Epoch 0/20 698/1000 loss: 0.8856 time 3.54s
Epoch 0/20 699/1000 loss: 0.8854 time 3.54s
Epoch 0/20 700/1000 loss: 0.8854 time 3.54s
Epoch 0/20 701/1000 loss: 0.8852 time 3.54s
Epoch 0/20 702/1000 loss: 0.8851 time 3.54s
Epoch 0/20 703/1000 loss: 0.8850 time 3.54s
Epoch 0/20 704/1000 loss: 0.8848 time 3.54s
Epoch 0/20 705/1000 loss: 0.8847 time 3.54s
Epoch 0/20 706/1000 loss: 0.8846 time 3.54s
Epoch 0/20 707/1000 loss: 0.8843 time 3.54s
Epoch 0/20 708/1000 loss: 0.8843 time 3.54s
Epoch 0/20 709/1000 loss: 0.8841 time 3.54s
Epoch 0/20 710/1000 loss: 0.8840 time 3.54s
Epoch 0/20 711/1000 loss: 0.8838 time 3.54s
Epoch 0/20 712/1000 loss: 0.8836 time 3.54s
Epoch 0/20 713/1000 loss: 0.8834 time 3.54s
Epoch 0/20 714/1000 loss: 0.8833 time 3.54s
Epoch 0/20 715/1000 loss: 0.8833 time 3.54s
Epoch 0/20 716/1000 loss: 0.8832 time 3.54s
Epoch 0/20 717/1000 loss: 0.8831 time 3.54s
Epoch 0/20 718/1000 loss: 0.8829 time 3.54s
Epoch 0/20 719/1000 loss: 0.8827 time 3.54s
Epoch 0/20 720/1000 loss: 0.8826 time 3.54s
Epoch 0/20 721/1000 loss: 0.8825 time 3.55s
Epoch 0/20 722/1000 loss: 0.8824 time 3.54s
Epoch 0/20 723/1000 loss: 0.8822 time 3.54s
Epoch 0/20 724/1000 loss: 0.8823 time 3.54s
Epoch 0/20 725/1000 loss: 0.8821 time 3.54s
Epoch 0/20 726/1000 loss: 0.8819 time 3.55s
Epoch 0/20 727/1000 loss: 0.8819 time 3.54s
Epoch 0/20 728/1000 loss: 0.8819 time 3.54s
Epoch 0/20 729/1000 loss: 0.8817 time 3.55s
Epoch 0/20 730/1000 loss: 0.8817 time 3.54s
Epoch 0/20 731/1000 loss: 0.8818 time 3.55s
Epoch 0/20 732/1000 loss: 0.8816 time 3.54s
Epoch 0/20 733/1000 loss: 0.8817 time 3.54s
Epoch 0/20 734/1000 loss: 0.8814 time 3.54s
Epoch 0/20 735/1000 loss: 0.8814 time 3.54s
Epoch 0/20 736/1000 loss: 0.8813 time 3.54s
Epoch 0/20 737/1000 loss: 0.8810 time 3.54s
Epoch 0/20 738/1000 loss: 0.8810 time 3.54s
Epoch 0/20 739/1000 loss: 0.8811 time 3.54s
Epoch 0/20 740/1000 loss: 0.8810 time 3.54s
Epoch 0/20 741/1000 loss: 0.8810 time 3.55s
Epoch 0/20 742/1000 loss: 0.8809 time 3.54s
Epoch 0/20 743/1000 loss: 0.8809 time 3.54s
Epoch 0/20 744/1000 loss: 0.8808 time 3.54s
Epoch 0/20 745/1000 loss: 0.8808 time 3.55s
Epoch 0/20 746/1000 loss: 0.8808 time 3.55s
Epoch 0/20 747/1000 loss: 0.8807 time 3.54s
Epoch 0/20 748/1000 loss: 0.8805 time 3.55s
Epoch 0/20 749/1000 loss: 0.8805 time 3.54s
Epoch 0/20 750/1000 loss: 0.8804 time 3.54s
Epoch 0/20 751/1000 loss: 0.8804 time 3.54s
Epoch 0/20 752/1000 loss: 0.8802 time 3.54s
Epoch 0/20 753/1000 loss: 0.8801 time 3.54s
Epoch 0/20 754/1000 loss: 0.8799 time 3.54s
Epoch 0/20 755/1000 loss: 0.8799 time 3.54s
Epoch 0/20 756/1000 loss: 0.8798 time 3.54s
Epoch 0/20 757/1000 loss: 0.8798 time 3.55s
Epoch 0/20 758/1000 loss: 0.8797 time 3.54s
Epoch 0/20 759/1000 loss: 0.8797 time 3.54s
Epoch 0/20 760/1000 loss: 0.8797 time 3.54s
Epoch 0/20 761/1000 loss: 0.8798 time 3.54s
Epoch 0/20 762/1000 loss: 0.8796 time 3.54s
Epoch 0/20 763/1000 loss: 0.8797 time 3.54s
Epoch 0/20 764/1000 loss: 0.8796 time 3.54s
Epoch 0/20 765/1000 loss: 0.8795 time 3.54s
Epoch 0/20 766/1000 loss: 0.8794 time 3.54s
Epoch 0/20 767/1000 loss: 0.8793 time 3.54s
Epoch 0/20 768/1000 loss: 0.8792 time 3.54s
Epoch 0/20 769/1000 loss: 0.8791 time 3.55s
Epoch 0/20 770/1000 loss: 0.8790 time 3.54s
Epoch 0/20 771/1000 loss: 0.8788 time 3.54s
Epoch 0/20 772/1000 loss: 0.8787 time 3.54s
Epoch 0/20 773/1000 loss: 0.8785 time 3.54s
Epoch 0/20 774/1000 loss: 0.8785 time 3.54s
Epoch 0/20 775/1000 loss: 0.8784 time 3.54s
Epoch 0/20 776/1000 loss: 0.8782 time 3.54s
Epoch 0/20 777/1000 loss: 0.8783 time 3.54s
Epoch 0/20 778/1000 loss: 0.8782 time 3.54s
Epoch 0/20 779/1000 loss: 0.8780 time 3.54s
Epoch 0/20 780/1000 loss: 0.8780 time 3.54s
Epoch 0/20 781/1000 loss: 0.8777 time 3.54s
Epoch 0/20 782/1000 loss: 0.8776 time 3.54s
Epoch 0/20 783/1000 loss: 0.8776 time 3.54s
Epoch 0/20 784/1000 loss: 0.8776 time 3.53s
Epoch 0/20 785/1000 loss: 0.8774 time 3.54s
Epoch 0/20 786/1000 loss: 0.8772 time 3.54s
Epoch 0/20 787/1000 loss: 0.8769 time 3.54s
Epoch 0/20 788/1000 loss: 0.8767 time 3.54s
Epoch 0/20 789/1000 loss: 0.8767 time 3.54s
Epoch 0/20 790/1000 loss: 0.8766 time 3.54s
Epoch 0/20 791/1000 loss: 0.8765 time 3.54s
Epoch 0/20 792/1000 loss: 0.8766 time 3.54s
Epoch 0/20 793/1000 loss: 0.8766 time 3.55s
Epoch 0/20 794/1000 loss: 0.8765 time 3.54s
Epoch 0/20 795/1000 loss: 0.8764 time 3.54s
Epoch 0/20 796/1000 loss: 0.8763 time 3.54s
Epoch 0/20 797/1000 loss: 0.8761 time 3.54s
Epoch 0/20 798/1000 loss: 0.8760 time 3.54s
Epoch 0/20 799/1000 loss: 0.8760 time 3.54s
Epoch 0/20 800/1000 loss: 0.8757 time 3.54s
Epoch 0/20 801/1000 loss: 0.8755 time 3.54s
Epoch 0/20 802/1000 loss: 0.8757 time 3.54s
Epoch 0/20 803/1000 loss: 0.8754 time 3.54s
Epoch 0/20 804/1000 loss: 0.8756 time 3.54s
Epoch 0/20 805/1000 loss: 0.8755 time 3.54s
Epoch 0/20 806/1000 loss: 0.8754 time 3.54s
Epoch 0/20 807/1000 loss: 0.8753 time 3.54s
Epoch 0/20 808/1000 loss: 0.8753 time 3.54s
Epoch 0/20 809/1000 loss: 0.8751 time 3.54s
Epoch 0/20 810/1000 loss: 0.8749 time 3.53s
Epoch 0/20 811/1000 loss: 0.8748 time 3.54s
Epoch 0/20 812/1000 loss: 0.8747 time 3.55s
Epoch 0/20 813/1000 loss: 0.8745 time 3.54s
Epoch 0/20 814/1000 loss: 0.8746 time 3.54s
Epoch 0/20 815/1000 loss: 0.8745 time 3.54s
Epoch 0/20 816/1000 loss: 0.8743 time 3.54s
Epoch 0/20 817/1000 loss: 0.8743 time 3.54s
Epoch 0/20 818/1000 loss: 0.8740 time 3.54s
Epoch 0/20 819/1000 loss: 0.8740 time 3.54s
Epoch 0/20 820/1000 loss: 0.8739 time 3.54s
Epoch 0/20 821/1000 loss: 0.8738 time 3.54s
Epoch 0/20 822/1000 loss: 0.8734 time 3.54s
Epoch 0/20 823/1000 loss: 0.8734 time 3.54s
Epoch 0/20 824/1000 loss: 0.8733 time 3.54s
Epoch 0/20 825/1000 loss: 0.8732 time 3.54s
Epoch 0/20 826/1000 loss: 0.8731 time 3.54s
Epoch 0/20 827/1000 loss: 0.8730 time 3.54s
Epoch 0/20 828/1000 loss: 0.8729 time 3.54s
Epoch 0/20 829/1000 loss: 0.8729 time 3.55s
Epoch 0/20 830/1000 loss: 0.8730 time 3.54s
Epoch 0/20 831/1000 loss: 0.8728 time 3.54s
Epoch 0/20 832/1000 loss: 0.8726 time 3.54s
Epoch 0/20 833/1000 loss: 0.8726 time 3.54s
Epoch 0/20 834/1000 loss: 0.8724 time 3.54s
Epoch 0/20 835/1000 loss: 0.8722 time 3.54s
Epoch 0/20 836/1000 loss: 0.8723 time 3.54s
Epoch 0/20 837/1000 loss: 0.8724 time 3.54s
Epoch 0/20 838/1000 loss: 0.8722 time 3.55s
Epoch 0/20 839/1000 loss: 0.8722 time 3.54s
Epoch 0/20 840/1000 loss: 0.8721 time 3.54s
Epoch 0/20 841/1000 loss: 0.8721 time 3.54s
Epoch 0/20 842/1000 loss: 0.8720 time 3.54s
Epoch 0/20 843/1000 loss: 0.8719 time 3.53s
Epoch 0/20 844/1000 loss: 0.8720 time 3.54s
Epoch 0/20 845/1000 loss: 0.8717 time 3.54s
Epoch 0/20 846/1000 loss: 0.8715 time 3.54s
Epoch 0/20 847/1000 loss: 0.8713 time 3.54s
Epoch 0/20 848/1000 loss: 0.8712 time 3.55s
Epoch 0/20 849/1000 loss: 0.8711 time 3.54s
Epoch 0/20 850/1000 loss: 0.8711 time 3.54s
Epoch 0/20 851/1000 loss: 0.8712 time 3.54s
Epoch 0/20 852/1000 loss: 0.8711 time 3.54s
Epoch 0/20 853/1000 loss: 0.8709 time 3.54s
Epoch 0/20 854/1000 loss: 0.8708 time 3.54s
Epoch 0/20 855/1000 loss: 0.8710 time 3.54s
Epoch 0/20 856/1000 loss: 0.8710 time 3.54s
Epoch 0/20 857/1000 loss: 0.8710 time 3.54s
Epoch 0/20 858/1000 loss: 0.8711 time 3.54s
Epoch 0/20 859/1000 loss: 0.8710 time 3.54s
Epoch 0/20 860/1000 loss: 0.8708 time 3.54s
Epoch 0/20 861/1000 loss: 0.8708 time 3.54s
Epoch 0/20 862/1000 loss: 0.8707 time 3.54s
Epoch 0/20 863/1000 loss: 0.8707 time 3.54s
Epoch 0/20 864/1000 loss: 0.8705 time 3.54s
Epoch 0/20 865/1000 loss: 0.8705 time 3.54s
Epoch 0/20 866/1000 loss: 0.8703 time 3.54s
Epoch 0/20 867/1000 loss: 0.8703 time 3.54s
Epoch 0/20 868/1000 loss: 0.8702 time 3.54s
Epoch 0/20 869/1000 loss: 0.8701 time 3.54s
Epoch 0/20 870/1000 loss: 0.8699 time 3.54s
Epoch 0/20 871/1000 loss: 0.8698 time 3.54s
Epoch 0/20 872/1000 loss: 0.8699 time 3.54s
Epoch 0/20 873/1000 loss: 0.8698 time 3.54s
Epoch 0/20 874/1000 loss: 0.8696 time 3.54s
Epoch 0/20 875/1000 loss: 0.8696 time 3.54s
Epoch 0/20 876/1000 loss: 0.8696 time 3.54s
Epoch 0/20 877/1000 loss: 0.8695 time 3.54s
Epoch 0/20 878/1000 loss: 0.8695 time 3.55s
Epoch 0/20 879/1000 loss: 0.8695 time 3.54s
Epoch 0/20 880/1000 loss: 0.8695 time 3.54s
Epoch 0/20 881/1000 loss: 0.8694 time 3.54s
Epoch 0/20 882/1000 loss: 0.8693 time 3.54s
Epoch 0/20 883/1000 loss: 0.8691 time 3.54s
Epoch 0/20 884/1000 loss: 0.8689 time 3.55s
Epoch 0/20 885/1000 loss: 0.8688 time 3.54s
Epoch 0/20 886/1000 loss: 0.8688 time 3.54s
Epoch 0/20 887/1000 loss: 0.8686 time 3.54s
Epoch 0/20 888/1000 loss: 0.8687 time 3.54s
Epoch 0/20 889/1000 loss: 0.8686 time 3.54s
Epoch 0/20 890/1000 loss: 0.8685 time 3.54s
Epoch 0/20 891/1000 loss: 0.8684 time 3.54s
Epoch 0/20 892/1000 loss: 0.8683 time 3.54s
Epoch 0/20 893/1000 loss: 0.8682 time 3.54s
Epoch 0/20 894/1000 loss: 0.8681 time 3.54s
Epoch 0/20 895/1000 loss: 0.8679 time 3.54s
Epoch 0/20 896/1000 loss: 0.8679 time 3.54s
Epoch 0/20 897/1000 loss: 0.8678 time 3.54s
Epoch 0/20 898/1000 loss: 0.8675 time 3.54s
Epoch 0/20 899/1000 loss: 0.8673 time 3.54s
Epoch 0/20 900/1000 loss: 0.8672 time 3.54s
Epoch 0/20 901/1000 loss: 0.8670 time 3.54s
Epoch 0/20 902/1000 loss: 0.8670 time 3.54s
Epoch 0/20 903/1000 loss: 0.8669 time 3.54s
Epoch 0/20 904/1000 loss: 0.8668 time 3.54s
Epoch 0/20 905/1000 loss: 0.8668 time 3.54s
Epoch 0/20 906/1000 loss: 0.8666 time 3.54s
Epoch 0/20 907/1000 loss: 0.8666 time 3.54s
Epoch 0/20 908/1000 loss: 0.8664 time 3.54s
Epoch 0/20 909/1000 loss: 0.8663 time 3.54s
Epoch 0/20 910/1000 loss: 0.8661 time 3.54s
Epoch 0/20 911/1000 loss: 0.8658 time 3.54s
Epoch 0/20 912/1000 loss: 0.8656 time 3.54s
Epoch 0/20 913/1000 loss: 0.8657 time 3.54s
Epoch 0/20 914/1000 loss: 0.8656 time 3.55s
Epoch 0/20 915/1000 loss: 0.8657 time 3.54s
Epoch 0/20 916/1000 loss: 0.8656 time 3.54s
Epoch 0/20 917/1000 loss: 0.8655 time 3.54s
Epoch 0/20 918/1000 loss: 0.8653 time 3.54s
Epoch 0/20 919/1000 loss: 0.8653 time 3.54s
Epoch 0/20 920/1000 loss: 0.8652 time 3.54s
Epoch 0/20 921/1000 loss: 0.8651 time 3.54s
Epoch 0/20 922/1000 loss: 0.8649 time 3.54s
Epoch 0/20 923/1000 loss: 0.8648 time 3.54s
Epoch 0/20 924/1000 loss: 0.8647 time 3.54s
Epoch 0/20 925/1000 loss: 0.8646 time 3.54s
Epoch 0/20 926/1000 loss: 0.8647 time 3.54s
Epoch 0/20 927/1000 loss: 0.8644 time 3.54s
Epoch 0/20 928/1000 loss: 0.8645 time 3.54s
Epoch 0/20 929/1000 loss: 0.8643 time 3.55s
Epoch 0/20 930/1000 loss: 0.8641 time 3.54s
Epoch 0/20 931/1000 loss: 0.8639 time 3.54s
Epoch 0/20 932/1000 loss: 0.8638 time 3.54s
Epoch 0/20 933/1000 loss: 0.8636 time 3.54s
Epoch 0/20 934/1000 loss: 0.8634 time 3.54s
Epoch 0/20 935/1000 loss: 0.8633 time 3.55s
Epoch 0/20 936/1000 loss: 0.8631 time 3.54s
Epoch 0/20 937/1000 loss: 0.8630 time 3.55s
Epoch 0/20 938/1000 loss: 0.8631 time 3.54s
Epoch 0/20 939/1000 loss: 0.8630 time 3.54s
Epoch 0/20 940/1000 loss: 0.8627 time 3.54s
Epoch 0/20 941/1000 loss: 0.8625 time 3.54s
Epoch 0/20 942/1000 loss: 0.8624 time 3.54s
Epoch 0/20 943/1000 loss: 0.8620 time 3.54s
Epoch 0/20 944/1000 loss: 0.8618 time 3.54s
Epoch 0/20 945/1000 loss: 0.8618 time 3.55s
Epoch 0/20 946/1000 loss: 0.8618 time 3.54s
Epoch 0/20 947/1000 loss: 0.8618 time 3.54s
Epoch 0/20 948/1000 loss: 0.8617 time 3.54s
Epoch 0/20 949/1000 loss: 0.8615 time 3.54s
Epoch 0/20 950/1000 loss: 0.8616 time 3.54s
Epoch 0/20 951/1000 loss: 0.8614 time 3.55s
Epoch 0/20 952/1000 loss: 0.8613 time 3.54s
Epoch 0/20 953/1000 loss: 0.8613 time 3.54s
Epoch 0/20 954/1000 loss: 0.8611 time 3.54s
Epoch 0/20 955/1000 loss: 0.8609 time 3.54s
Epoch 0/20 956/1000 loss: 0.8609 time 3.55s
Epoch 0/20 957/1000 loss: 0.8607 time 3.54s
Epoch 0/20 958/1000 loss: 0.8607 time 3.54s
Epoch 0/20 959/1000 loss: 0.8606 time 3.54s
Epoch 0/20 960/1000 loss: 0.8605 time 3.54s
Epoch 0/20 961/1000 loss: 0.8606 time 3.54s
Epoch 0/20 962/1000 loss: 0.8604 time 3.54s
Epoch 0/20 963/1000 loss: 0.8602 time 3.54s
Epoch 0/20 964/1000 loss: 0.8602 time 3.54s
Epoch 0/20 965/1000 loss: 0.8600 time 3.54s
Epoch 0/20 966/1000 loss: 0.8599 time 3.53s
Epoch 0/20 967/1000 loss: 0.8598 time 3.54s
Epoch 0/20 968/1000 loss: 0.8597 time 3.55s
Epoch 0/20 969/1000 loss: 0.8593 time 3.54s
Epoch 0/20 970/1000 loss: 0.8592 time 3.54s
Epoch 0/20 971/1000 loss: 0.8591 time 3.54s
Epoch 0/20 972/1000 loss: 0.8590 time 3.54s
Epoch 0/20 973/1000 loss: 0.8590 time 3.54s
Epoch 0/20 974/1000 loss: 0.8588 time 3.55s
Epoch 0/20 975/1000 loss: 0.8584 time 3.54s
Epoch 0/20 976/1000 loss: 0.8582 time 3.54s
Epoch 0/20 977/1000 loss: 0.8581 time 3.54s
Epoch 0/20 978/1000 loss: 0.8582 time 3.54s
Epoch 0/20 979/1000 loss: 0.8582 time 3.55s
Epoch 0/20 980/1000 loss: 0.8582 time 3.54s
Epoch 0/20 981/1000 loss: 0.8580 time 3.54s
Epoch 0/20 982/1000 loss: 0.8579 time 3.54s
Epoch 0/20 983/1000 loss: 0.8578 time 3.54s
Epoch 0/20 984/1000 loss: 0.8576 time 3.54s
Epoch 0/20 985/1000 loss: 0.8574 time 3.54s
Epoch 0/20 986/1000 loss: 0.8573 time 3.54s
Epoch 0/20 987/1000 loss: 0.8572 time 3.54s
Epoch 0/20 988/1000 loss: 0.8572 time 3.54s
Epoch 0/20 989/1000 loss: 0.8573 time 3.55s
Epoch 0/20 990/1000 loss: 0.8572 time 3.55s
Epoch 0/20 991/1000 loss: 0.8570 time 3.55s
Epoch 0/20 992/1000 loss: 0.8570 time 3.54s
Epoch 0/20 993/1000 loss: 0.8568 time 3.55s
Epoch 0/20 994/1000 loss: 0.8567 time 3.54s
Epoch 0/20 995/1000 loss: 0.8565 time 3.54s
Epoch 0/20 996/1000 loss: 0.8565 time 3.54s
Epoch 0/20 997/1000 loss: 0.8565 time 3.54s
Epoch 0/20 998/1000 loss: 0.8565 time 3.54s
Epoch 0/20 999/1000 loss: 0.8564 time 3.54s
Final training  0/19 loss: 0.8564 time 3564.49s
Val 0/20 0/250 , dice_tc: 0.47764647 , dice_wt: 0.62293506 , dice_et: 0.0 , time 39.29s
Val 0/20 1/250 , dice_tc: 0.2421962 , dice_wt: 0.39491886 , dice_et: 0.0 , time 27.01s
Val 0/20 2/250 , dice_tc: 0.2966432 , dice_wt: 0.51119137 , dice_et: 0.0 , time 27.01s
Val 0/20 3/250 , dice_tc: 0.23706919 , dice_wt: 0.50196314 , dice_et: 0.0 , time 27.03s
Val 0/20 4/250 , dice_tc: 0.31208596 , dice_wt: 0.5322703 , dice_et: 0.0 , time 27.04s
Val 0/20 5/250 , dice_tc: 0.26280355 , dice_wt: 0.5441338 , dice_et: 0.0 , time 27.06s
Val 0/20 6/250 , dice_tc: 0.32829085 , dice_wt: 0.5807368 , dice_et: 0.0 , time 27.06s
Val 0/20 7/250 , dice_tc: 0.34315392 , dice_wt: 0.5657677 , dice_et: 0.0 , time 27.08s
Val 0/20 8/250 , dice_tc: 0.34315392 , dice_wt: 0.50598526 , dice_et: 0.0 , time 27.07s
Val 0/20 9/250 , dice_tc: 0.38174513 , dice_wt: 0.5195023 , dice_et: 0.0 , time 27.08s
Val 0/20 10/250 , dice_tc: 0.39470562 , dice_wt: 0.5187559 , dice_et: 0.0 , time 27.08s
Val 0/20 11/250 , dice_tc: 0.40352964 , dice_wt: 0.5397331 , dice_et: 0.0 , time 27.08s
Val 0/20 12/250 , dice_tc: 0.3745472 , dice_wt: 0.5513007 , dice_et: 0.0 , time 27.08s
Val 0/20 13/250 , dice_tc: 0.37386316 , dice_wt: 0.5391678 , dice_et: 0.0 , time 27.07s
Val 0/20 14/250 , dice_tc: 0.36765832 , dice_wt: 0.54098094 , dice_et: 0.0 , time 27.08s
Val 0/20 15/250 , dice_tc: 0.3512052 , dice_wt: 0.56116486 , dice_et: 0.0 , time 27.07s
Val 0/20 16/250 , dice_tc: 0.32960403 , dice_wt: 0.5368481 , dice_et: 0.0 , time 27.08s
Val 0/20 17/250 , dice_tc: 0.3115436 , dice_wt: 0.5477855 , dice_et: 0.0 , time 27.07s
Val 0/20 18/250 , dice_tc: 0.32709384 , dice_wt: 0.5591808 , dice_et: 0.0 , time 27.06s
Val 0/20 19/250 , dice_tc: 0.3220828 , dice_wt: 0.56367725 , dice_et: 0.0 , time 27.09s
Val 0/20 20/250 , dice_tc: 0.31466478 , dice_wt: 0.5595026 , dice_et: 0.0 , time 27.06s
Val 0/20 21/250 , dice_tc: 0.3121763 , dice_wt: 0.57048106 , dice_et: 0.0 , time 27.06s
Val 0/20 22/250 , dice_tc: 0.29845068 , dice_wt: 0.5708481 , dice_et: 0.0 , time 27.06s
Val 0/20 23/250 , dice_tc: 0.29600266 , dice_wt: 0.57635003 , dice_et: 0.0 , time 27.05s
Val 0/20 24/250 , dice_tc: 0.3021302 , dice_wt: 0.57694304 , dice_et: 0.0 , time 27.06s
Val 0/20 25/250 , dice_tc: 0.2929201 , dice_wt: 0.5806399 , dice_et: 0.0 , time 27.06s
Val 0/20 26/250 , dice_tc: 0.2954028 , dice_wt: 0.5825115 , dice_et: 0.0 , time 27.06s
Val 0/20 27/250 , dice_tc: 0.28447366 , dice_wt: 0.5903979 , dice_et: 0.0 , time 27.08s
Val 0/20 28/250 , dice_tc: 0.29240838 , dice_wt: 0.58806753 , dice_et: 0.0 , time 27.07s
Val 0/20 29/250 , dice_tc: 0.28831822 , dice_wt: 0.596723 , dice_et: 0.0 , time 27.06s
Val 0/20 30/250 , dice_tc: 0.28368846 , dice_wt: 0.59590477 , dice_et: 0.0 , time 27.08s
Val 0/20 31/250 , dice_tc: 0.27559784 , dice_wt: 0.5802763 , dice_et: 0.0 , time 27.06s
Val 0/20 32/250 , dice_tc: 0.27814296 , dice_wt: 0.57545274 , dice_et: 0.0 , time 27.06s
Val 0/20 33/250 , dice_tc: 0.28214923 , dice_wt: 0.58283114 , dice_et: 0.0 , time 27.07s
Val 0/20 34/250 , dice_tc: 0.3007212 , dice_wt: 0.5892742 , dice_et: 0.0 , time 27.05s
Val 0/20 35/250 , dice_tc: 0.29727885 , dice_wt: 0.5845051 , dice_et: 0.0 , time 27.07s
Val 0/20 36/250 , dice_tc: 0.294288 , dice_wt: 0.58062494 , dice_et: 0.0 , time 27.07s
Val 0/20 37/250 , dice_tc: 0.28633577 , dice_wt: 0.5727006 , dice_et: 0.0 , time 27.07s
Val 0/20 38/250 , dice_tc: 0.2946794 , dice_wt: 0.5735141 , dice_et: 0.0 , time 27.07s
Val 0/20 39/250 , dice_tc: 0.29605314 , dice_wt: 0.58126384 , dice_et: 0.0 , time 27.06s
Val 0/20 40/250 , dice_tc: 0.3075781 , dice_wt: 0.58852863 , dice_et: 0.0 , time 27.06s
Val 0/20 41/250 , dice_tc: 0.3002555 , dice_wt: 0.5961058 , dice_et: 0.0 , time 27.08s
Val 0/20 42/250 , dice_tc: 0.29320702 , dice_wt: 0.595341 , dice_et: 0.0 , time 27.04s
Val 0/20 43/250 , dice_tc: 0.29388234 , dice_wt: 0.5942499 , dice_et: 0.0 , time 27.04s
Val 0/20 44/250 , dice_tc: 0.29675624 , dice_wt: 0.5995719 , dice_et: 0.0 , time 27.06s
Val 0/20 45/250 , dice_tc: 0.29794836 , dice_wt: 0.6013716 , dice_et: 0.0 , time 27.04s
Val 0/20 46/250 , dice_tc: 0.3035442 , dice_wt: 0.60053337 , dice_et: 0.0 , time 27.04s
Val 0/20 47/250 , dice_tc: 0.29886135 , dice_wt: 0.5920947 , dice_et: 0.0 , time 27.05s
Val 0/20 48/250 , dice_tc: 0.29742435 , dice_wt: 0.59087634 , dice_et: 0.0 , time 27.05s
Val 0/20 49/250 , dice_tc: 0.29742435 , dice_wt: 0.587853 , dice_et: 0.0 , time 27.04s
Val 0/20 50/250 , dice_tc: 0.29479945 , dice_wt: 0.5933753 , dice_et: 0.0 , time 27.06s
Val 0/20 51/250 , dice_tc: 0.29020178 , dice_wt: 0.59526056 , dice_et: 0.0 , time 27.04s
Val 0/20 52/250 , dice_tc: 0.2891858 , dice_wt: 0.597402 , dice_et: 0.0 , time 27.05s
Val 0/20 53/250 , dice_tc: 0.28658867 , dice_wt: 0.5992499 , dice_et: 0.0 , time 27.04s
Val 0/20 54/250 , dice_tc: 0.28941816 , dice_wt: 0.5995726 , dice_et: 0.0 , time 27.06s
Val 0/20 55/250 , dice_tc: 0.29295543 , dice_wt: 0.6034211 , dice_et: 0.0 , time 27.06s
Val 0/20 56/250 , dice_tc: 0.28806442 , dice_wt: 0.6069602 , dice_et: 0.0 , time 27.06s
Val 0/20 57/250 , dice_tc: 0.28296408 , dice_wt: 0.6101687 , dice_et: 0.0 , time 27.06s
Val 0/20 58/250 , dice_tc: 0.28792304 , dice_wt: 0.6101636 , dice_et: 0.0 , time 27.03s
Val 0/20 59/250 , dice_tc: 0.28787717 , dice_wt: 0.60802937 , dice_et: 0.0 , time 27.04s
Val 0/20 60/250 , dice_tc: 0.2872199 , dice_wt: 0.6094118 , dice_et: 0.0 , time 27.04s
Val 0/20 61/250 , dice_tc: 0.29138437 , dice_wt: 0.60846376 , dice_et: 0.0 , time 27.05s
Val 0/20 62/250 , dice_tc: 0.28837162 , dice_wt: 0.6110076 , dice_et: 0.0 , time 27.05s
Val 0/20 63/250 , dice_tc: 0.2849054 , dice_wt: 0.6056504 , dice_et: 0.0 , time 27.04s
Val 0/20 64/250 , dice_tc: 0.28505936 , dice_wt: 0.60682106 , dice_et: 0.0 , time 27.04s
Val 0/20 65/250 , dice_tc: 0.29125765 , dice_wt: 0.6073151 , dice_et: 0.0 , time 27.05s
Val 0/20 66/250 , dice_tc: 0.28762552 , dice_wt: 0.6030282 , dice_et: 0.0 , time 27.06s
Val 0/20 67/250 , dice_tc: 0.28518543 , dice_wt: 0.6051461 , dice_et: 0.0 , time 27.07s
Val 0/20 68/250 , dice_tc: 0.29372948 , dice_wt: 0.6056735 , dice_et: 0.0 , time 27.04s
Val 0/20 69/250 , dice_tc: 0.2900438 , dice_wt: 0.6054242 , dice_et: 0.0 , time 27.05s
Val 0/20 70/250 , dice_tc: 0.2896616 , dice_wt: 0.6076998 , dice_et: 0.0 , time 27.07s
Val 0/20 71/250 , dice_tc: 0.293087 , dice_wt: 0.608797 , dice_et: 0.0 , time 27.06s
Val 0/20 72/250 , dice_tc: 0.29418677 , dice_wt: 0.6125159 , dice_et: 0.0 , time 27.04s
Val 0/20 73/250 , dice_tc: 0.29085183 , dice_wt: 0.61060286 , dice_et: 0.0 , time 27.07s
Val 0/20 74/250 , dice_tc: 0.2933058 , dice_wt: 0.61417276 , dice_et: 0.0 , time 27.05s
Val 0/20 75/250 , dice_tc: 0.2962007 , dice_wt: 0.6140148 , dice_et: 0.0 , time 27.05s
Val 0/20 76/250 , dice_tc: 0.2934612 , dice_wt: 0.60886955 , dice_et: 0.0 , time 27.06s
Val 0/20 77/250 , dice_tc: 0.2896964 , dice_wt: 0.6045264 , dice_et: 0.0 , time 27.08s
Val 0/20 78/250 , dice_tc: 0.28618234 , dice_wt: 0.6046059 , dice_et: 0.0 , time 27.07s
Val 0/20 79/250 , dice_tc: 0.28846687 , dice_wt: 0.6046649 , dice_et: 0.0 , time 27.05s
Val 0/20 80/250 , dice_tc: 0.28846687 , dice_wt: 0.60455483 , dice_et: 0.0 , time 27.05s
Val 0/20 81/250 , dice_tc: 0.28536353 , dice_wt: 0.60508406 , dice_et: 0.0 , time 27.06s
Val 0/20 82/250 , dice_tc: 0.28275457 , dice_wt: 0.5988687 , dice_et: 0.0 , time 27.05s
Val 0/20 83/250 , dice_tc: 0.28430733 , dice_wt: 0.5956345 , dice_et: 0.0 , time 27.05s
Val 0/20 84/250 , dice_tc: 0.2821389 , dice_wt: 0.5973333 , dice_et: 0.0 , time 27.05s
Val 0/20 85/250 , dice_tc: 0.2792766 , dice_wt: 0.59551436 , dice_et: 0.0 , time 27.06s
Val 0/20 86/250 , dice_tc: 0.27938685 , dice_wt: 0.59532684 , dice_et: 0.0 , time 27.04s
Val 0/20 87/250 , dice_tc: 0.28275958 , dice_wt: 0.5971232 , dice_et: 0.0 , time 27.06s
Val 0/20 88/250 , dice_tc: 0.28252143 , dice_wt: 0.59648186 , dice_et: 0.0 , time 27.05s
Val 0/20 89/250 , dice_tc: 0.2793605 , dice_wt: 0.5929758 , dice_et: 0.0 , time 27.03s
Val 0/20 90/250 , dice_tc: 0.27794883 , dice_wt: 0.594646 , dice_et: 0.0 , time 27.04s
Val 0/20 91/250 , dice_tc: 0.27788976 , dice_wt: 0.5959386 , dice_et: 0.0 , time 27.06s
Val 0/20 92/250 , dice_tc: 0.27600116 , dice_wt: 0.5935029 , dice_et: 0.0 , time 27.05s
Val 0/20 93/250 , dice_tc: 0.27317673 , dice_wt: 0.587318 , dice_et: 0.0 , time 27.05s
Val 0/20 94/250 , dice_tc: 0.27136755 , dice_wt: 0.5890128 , dice_et: 0.0 , time 27.03s
Val 0/20 95/250 , dice_tc: 0.2737664 , dice_wt: 0.59035254 , dice_et: 0.0 , time 27.06s
Val 0/20 96/250 , dice_tc: 0.2716751 , dice_wt: 0.5927512 , dice_et: 0.0 , time 27.05s
Val 0/20 97/250 , dice_tc: 0.2695045 , dice_wt: 0.5901657 , dice_et: 0.0 , time 27.06s
Val 0/20 98/250 , dice_tc: 0.26974544 , dice_wt: 0.5867977 , dice_et: 0.0 , time 27.05s
Val 0/20 99/250 , dice_tc: 0.26797175 , dice_wt: 0.5870407 , dice_et: 0.0 , time 27.04s
Val 0/20 100/250 , dice_tc: 0.26797175 , dice_wt: 0.5829844 , dice_et: 0.0 , time 27.04s
Val 0/20 101/250 , dice_tc: 0.26540345 , dice_wt: 0.5809416 , dice_et: 0.0 , time 27.03s
Val 0/20 102/250 , dice_tc: 0.26273367 , dice_wt: 0.5830041 , dice_et: 0.0 , time 27.05s
Val 0/20 103/250 , dice_tc: 0.26174402 , dice_wt: 0.57937074 , dice_et: 0.0 , time 27.04s
Val 0/20 104/250 , dice_tc: 0.26752397 , dice_wt: 0.58156043 , dice_et: 0.0 , time 27.04s
Val 0/20 105/250 , dice_tc: 0.2687584 , dice_wt: 0.5817924 , dice_et: 0.0 , time 27.04s
Val 0/20 106/250 , dice_tc: 0.2700537 , dice_wt: 0.5812254 , dice_et: 0.0 , time 27.05s
Val 0/20 107/250 , dice_tc: 0.27154225 , dice_wt: 0.57945395 , dice_et: 0.0 , time 27.04s
Val 0/20 108/250 , dice_tc: 0.27390155 , dice_wt: 0.580503 , dice_et: 0.0 , time 27.04s
Val 0/20 109/250 , dice_tc: 0.2720322 , dice_wt: 0.58119553 , dice_et: 0.0 , time 27.04s
Val 0/20 110/250 , dice_tc: 0.27368277 , dice_wt: 0.5815031 , dice_et: 0.0 , time 27.05s
Val 0/20 111/250 , dice_tc: 0.27159706 , dice_wt: 0.57992285 , dice_et: 0.0 , time 27.05s
Val 0/20 112/250 , dice_tc: 0.26911288 , dice_wt: 0.5828498 , dice_et: 0.0 , time 27.05s
Val 0/20 113/250 , dice_tc: 0.27348706 , dice_wt: 0.58444554 , dice_et: 0.0 , time 27.04s
Val 0/20 114/250 , dice_tc: 0.27240953 , dice_wt: 0.5824573 , dice_et: 0.0 , time 27.05s
Val 0/20 115/250 , dice_tc: 0.2700382 , dice_wt: 0.58404624 , dice_et: 0.0 , time 27.04s
Val 0/20 116/250 , dice_tc: 0.27033573 , dice_wt: 0.58509755 , dice_et: 0.0 , time 27.04s
Val 0/20 117/250 , dice_tc: 0.2681124 , dice_wt: 0.58512473 , dice_et: 0.0 , time 27.04s
Val 0/20 118/250 , dice_tc: 0.265781 , dice_wt: 0.5868378 , dice_et: 0.0 , time 27.03s
Val 0/20 119/250 , dice_tc: 0.2674715 , dice_wt: 0.58766586 , dice_et: 0.0 , time 27.05s
Val 0/20 120/250 , dice_tc: 0.26742843 , dice_wt: 0.58840024 , dice_et: 0.0 , time 27.05s
Val 0/20 121/250 , dice_tc: 0.26567775 , dice_wt: 0.58709455 , dice_et: 0.0 , time 27.03s
Val 0/20 122/250 , dice_tc: 0.26355946 , dice_wt: 0.58898735 , dice_et: 0.0 , time 27.05s
Val 0/20 123/250 , dice_tc: 0.26367864 , dice_wt: 0.58901805 , dice_et: 0.0 , time 27.07s
Val 0/20 124/250 , dice_tc: 0.2672398 , dice_wt: 0.5884258 , dice_et: 0.0 , time 27.06s
Val 0/20 125/250 , dice_tc: 0.2665249 , dice_wt: 0.5892574 , dice_et: 0.0 , time 27.05s
Val 0/20 126/250 , dice_tc: 0.27017528 , dice_wt: 0.58827424 , dice_et: 0.0 , time 27.04s
Val 0/20 127/250 , dice_tc: 0.27146327 , dice_wt: 0.5885439 , dice_et: 0.0 , time 27.03s
Val 0/20 128/250 , dice_tc: 0.27214915 , dice_wt: 0.5870155 , dice_et: 0.0 , time 27.05s
Val 0/20 129/250 , dice_tc: 0.27335572 , dice_wt: 0.58573395 , dice_et: 0.0 , time 27.05s
Val 0/20 130/250 , dice_tc: 0.2717618 , dice_wt: 0.5858232 , dice_et: 0.0 , time 27.04s
Val 0/20 131/250 , dice_tc: 0.27046612 , dice_wt: 0.5850706 , dice_et: 0.0 , time 27.05s
Val 0/20 132/250 , dice_tc: 0.27074862 , dice_wt: 0.5850681 , dice_et: 0.0 , time 27.06s
Val 0/20 133/250 , dice_tc: 0.26877466 , dice_wt: 0.5834029 , dice_et: 0.0 , time 27.06s
Val 0/20 134/250 , dice_tc: 0.26788384 , dice_wt: 0.5856424 , dice_et: 0.0 , time 27.05s
Val 0/20 135/250 , dice_tc: 0.26640984 , dice_wt: 0.5852288 , dice_et: 0.0 , time 27.05s
Val 0/20 136/250 , dice_tc: 0.26906693 , dice_wt: 0.5867302 , dice_et: 0.0 , time 27.05s
Val 0/20 137/250 , dice_tc: 0.26734874 , dice_wt: 0.5865028 , dice_et: 0.0 , time 27.03s
Val 0/20 138/250 , dice_tc: 0.2662644 , dice_wt: 0.5874499 , dice_et: 0.0 , time 27.05s
Val 0/20 139/250 , dice_tc: 0.2656821 , dice_wt: 0.5883893 , dice_et: 0.0 , time 27.03s
Val 0/20 140/250 , dice_tc: 0.26439527 , dice_wt: 0.58575016 , dice_et: 0.0 , time 27.04s
Val 0/20 141/250 , dice_tc: 0.26441142 , dice_wt: 0.5867853 , dice_et: 0.0 , time 27.04s
Val 0/20 142/250 , dice_tc: 0.26398513 , dice_wt: 0.58732885 , dice_et: 0.0 , time 27.04s
Val 0/20 143/250 , dice_tc: 0.26347688 , dice_wt: 0.5856039 , dice_et: 0.0 , time 27.06s
Val 0/20 144/250 , dice_tc: 0.2628112 , dice_wt: 0.5848687 , dice_et: 0.0 , time 27.04s
Val 0/20 145/250 , dice_tc: 0.26432323 , dice_wt: 0.58502555 , dice_et: 0.0 , time 27.05s
Val 0/20 146/250 , dice_tc: 0.26597798 , dice_wt: 0.5864192 , dice_et: 0.0 , time 27.04s
Val 0/20 147/250 , dice_tc: 0.2642582 , dice_wt: 0.5860854 , dice_et: 0.0 , time 27.05s
Val 0/20 148/250 , dice_tc: 0.2632023 , dice_wt: 0.5869533 , dice_et: 0.0 , time 27.03s
Val 0/20 149/250 , dice_tc: 0.26380163 , dice_wt: 0.5871118 , dice_et: 0.0 , time 27.04s
Val 0/20 150/250 , dice_tc: 0.26203018 , dice_wt: 0.5851952 , dice_et: 0.0 , time 27.03s
Val 0/20 151/250 , dice_tc: 0.26197127 , dice_wt: 0.5855536 , dice_et: 0.0 , time 27.04s
Val 0/20 152/250 , dice_tc: 0.26424822 , dice_wt: 0.58642644 , dice_et: 0.0 , time 27.04s
Val 0/20 153/250 , dice_tc: 0.26602736 , dice_wt: 0.58722883 , dice_et: 0.0 , time 27.03s
Val 0/20 154/250 , dice_tc: 0.264835 , dice_wt: 0.5884815 , dice_et: 0.0 , time 27.06s
Val 0/20 155/250 , dice_tc: 0.26722476 , dice_wt: 0.5894943 , dice_et: 0.0 , time 27.05s
Val 0/20 156/250 , dice_tc: 0.2657266 , dice_wt: 0.59079677 , dice_et: 0.0 , time 27.05s
Val 0/20 157/250 , dice_tc: 0.26484632 , dice_wt: 0.59207875 , dice_et: 0.0 , time 27.02s
Val 0/20 158/250 , dice_tc: 0.26414922 , dice_wt: 0.59277904 , dice_et: 0.0 , time 27.04s
Val 0/20 159/250 , dice_tc: 0.2672545 , dice_wt: 0.59382874 , dice_et: 0.0 , time 27.03s
Val 0/20 160/250 , dice_tc: 0.2672102 , dice_wt: 0.5952993 , dice_et: 0.0 , time 27.04s
Val 0/20 161/250 , dice_tc: 0.26756543 , dice_wt: 0.59615856 , dice_et: 0.0 , time 27.04s
Val 0/20 162/250 , dice_tc: 0.26740524 , dice_wt: 0.5974773 , dice_et: 0.0 , time 27.04s
Val 0/20 163/250 , dice_tc: 0.2692572 , dice_wt: 0.59707797 , dice_et: 0.0 , time 27.03s
Val 0/20 164/250 , dice_tc: 0.2692572 , dice_wt: 0.5941455 , dice_et: 0.0 , time 27.04s
Val 0/20 165/250 , dice_tc: 0.27008525 , dice_wt: 0.59424025 , dice_et: 0.0 , time 27.05s
Val 0/20 166/250 , dice_tc: 0.27003393 , dice_wt: 0.59429026 , dice_et: 0.0 , time 27.02s
Val 0/20 167/250 , dice_tc: 0.27332768 , dice_wt: 0.5951465 , dice_et: 0.0 , time 27.05s
Val 0/20 168/250 , dice_tc: 0.2731834 , dice_wt: 0.5950181 , dice_et: 0.0 , time 27.05s
Val 0/20 169/250 , dice_tc: 0.27420115 , dice_wt: 0.59663844 , dice_et: 0.0 , time 27.05s
Val 0/20 170/250 , dice_tc: 0.27487218 , dice_wt: 0.5959908 , dice_et: 0.0 , time 27.02s
Val 0/20 171/250 , dice_tc: 0.27322647 , dice_wt: 0.5941731 , dice_et: 0.0 , time 27.04s
Val 0/20 172/250 , dice_tc: 0.27370086 , dice_wt: 0.5951295 , dice_et: 0.0 , time 27.04s
Val 0/20 173/250 , dice_tc: 0.27269575 , dice_wt: 0.59227854 , dice_et: 0.0 , time 27.07s
Val 0/20 174/250 , dice_tc: 0.27192503 , dice_wt: 0.5915355 , dice_et: 0.0 , time 27.03s
Val 0/20 175/250 , dice_tc: 0.27394402 , dice_wt: 0.59264034 , dice_et: 0.0 , time 27.03s
Val 0/20 176/250 , dice_tc: 0.27327558 , dice_wt: 0.59131044 , dice_et: 0.0 , time 27.05s
Val 0/20 177/250 , dice_tc: 0.272559 , dice_wt: 0.590691 , dice_et: 0.0 , time 27.04s
Val 0/20 178/250 , dice_tc: 0.2710806 , dice_wt: 0.59210324 , dice_et: 0.0 , time 27.04s
Val 0/20 179/250 , dice_tc: 0.27055445 , dice_wt: 0.5923662 , dice_et: 0.0 , time 27.05s
Val 0/20 180/250 , dice_tc: 0.2727815 , dice_wt: 0.59368575 , dice_et: 0.0 , time 27.05s
Val 0/20 181/250 , dice_tc: 0.27147213 , dice_wt: 0.5930732 , dice_et: 0.0 , time 27.05s
Val 0/20 182/250 , dice_tc: 0.2719578 , dice_wt: 0.59363586 , dice_et: 0.0 , time 27.05s
Val 0/20 183/250 , dice_tc: 0.27283534 , dice_wt: 0.5928736 , dice_et: 0.0 , time 27.04s
Val 0/20 184/250 , dice_tc: 0.2720622 , dice_wt: 0.5926545 , dice_et: 0.0 , time 27.04s
Val 0/20 185/250 , dice_tc: 0.27286813 , dice_wt: 0.5939107 , dice_et: 0.0 , time 27.07s
Val 0/20 186/250 , dice_tc: 0.2723588 , dice_wt: 0.59463 , dice_et: 0.0 , time 27.04s
Val 0/20 187/250 , dice_tc: 0.27142295 , dice_wt: 0.59267384 , dice_et: 0.0 , time 27.06s
Val 0/20 188/250 , dice_tc: 0.27043763 , dice_wt: 0.5935805 , dice_et: 0.0 , time 27.06s
Val 0/20 189/250 , dice_tc: 0.26962274 , dice_wt: 0.59463525 , dice_et: 0.0 , time 27.05s
Val 0/20 190/250 , dice_tc: 0.27150235 , dice_wt: 0.5943462 , dice_et: 0.0 , time 27.06s
Val 0/20 191/250 , dice_tc: 0.2701692 , dice_wt: 0.5929561 , dice_et: 0.0 , time 27.05s
Val 0/20 192/250 , dice_tc: 0.2724316 , dice_wt: 0.59397835 , dice_et: 0.0 , time 27.06s
Val 0/20 193/250 , dice_tc: 0.2709906 , dice_wt: 0.5921495 , dice_et: 0.0 , time 27.05s
Val 0/20 194/250 , dice_tc: 0.2716234 , dice_wt: 0.59236646 , dice_et: 0.0 , time 27.05s
Val 0/20 195/250 , dice_tc: 0.2702013 , dice_wt: 0.59177107 , dice_et: 0.0 , time 27.04s
Val 0/20 196/250 , dice_tc: 0.26961157 , dice_wt: 0.5908336 , dice_et: 0.0 , time 27.05s
Val 0/20 197/250 , dice_tc: 0.2716805 , dice_wt: 0.59115314 , dice_et: 0.0 , time 27.03s
Val 0/20 198/250 , dice_tc: 0.27131626 , dice_wt: 0.59200245 , dice_et: 0.0 , time 27.05s
Val 0/20 199/250 , dice_tc: 0.27066934 , dice_wt: 0.5909662 , dice_et: 0.0 , time 27.05s
Val 0/20 200/250 , dice_tc: 0.26996908 , dice_wt: 0.5920517 , dice_et: 0.0 , time 27.05s
Val 0/20 201/250 , dice_tc: 0.26943532 , dice_wt: 0.59141356 , dice_et: 0.0 , time 27.04s
Val 0/20 202/250 , dice_tc: 0.26954332 , dice_wt: 0.59081143 , dice_et: 0.0 , time 27.06s
Val 0/20 203/250 , dice_tc: 0.26883474 , dice_wt: 0.59206045 , dice_et: 0.0 , time 27.04s
Val 0/20 204/250 , dice_tc: 0.2682706 , dice_wt: 0.59360427 , dice_et: 0.0 , time 27.04s
Val 0/20 205/250 , dice_tc: 0.26714864 , dice_wt: 0.5939929 , dice_et: 0.0 , time 27.02s
Val 0/20 206/250 , dice_tc: 0.2661127 , dice_wt: 0.5927079 , dice_et: 0.0 , time 27.05s
Val 0/20 207/250 , dice_tc: 0.26696837 , dice_wt: 0.5935768 , dice_et: 0.0 , time 27.06s
Val 0/20 208/250 , dice_tc: 0.26575884 , dice_wt: 0.59147286 , dice_et: 0.0 , time 27.05s
Val 0/20 209/250 , dice_tc: 0.26569563 , dice_wt: 0.58978486 , dice_et: 0.0 , time 27.05s
Val 0/20 210/250 , dice_tc: 0.26488763 , dice_wt: 0.58817315 , dice_et: 0.0 , time 27.05s
Val 0/20 211/250 , dice_tc: 0.26665333 , dice_wt: 0.5875659 , dice_et: 0.0 , time 27.05s
Val 0/20 212/250 , dice_tc: 0.26636565 , dice_wt: 0.58571434 , dice_et: 0.0 , time 27.05s
Val 0/20 213/250 , dice_tc: 0.2652597 , dice_wt: 0.58718854 , dice_et: 0.0 , time 27.06s
Val 0/20 214/250 , dice_tc: 0.26542336 , dice_wt: 0.5886309 , dice_et: 0.0 , time 27.08s
Val 0/20 215/250 , dice_tc: 0.26526222 , dice_wt: 0.58978224 , dice_et: 0.0 , time 27.04s
Val 0/20 216/250 , dice_tc: 0.26416993 , dice_wt: 0.5898085 , dice_et: 0.0 , time 27.06s
Val 0/20 217/250 , dice_tc: 0.2630019 , dice_wt: 0.58892417 , dice_et: 0.0 , time 27.07s
Val 0/20 218/250 , dice_tc: 0.26179048 , dice_wt: 0.5891125 , dice_et: 0.0 , time 27.07s
Val 0/20 219/250 , dice_tc: 0.2619474 , dice_wt: 0.5887901 , dice_et: 0.0 , time 27.08s
Val 0/20 220/250 , dice_tc: 0.26113456 , dice_wt: 0.5881647 , dice_et: 0.0 , time 27.05s
Val 0/20 221/250 , dice_tc: 0.26038978 , dice_wt: 0.5875911 , dice_et: 0.0 , time 27.05s
Val 0/20 222/250 , dice_tc: 0.25920174 , dice_wt: 0.5872558 , dice_et: 0.0 , time 27.07s
Val 0/20 223/250 , dice_tc: 0.261209 , dice_wt: 0.5876984 , dice_et: 0.0 , time 27.06s
Val 0/20 224/250 , dice_tc: 0.26124007 , dice_wt: 0.58861893 , dice_et: 0.0 , time 27.10s
Val 0/20 225/250 , dice_tc: 0.26118094 , dice_wt: 0.58790743 , dice_et: 0.0 , time 27.06s
Val 0/20 226/250 , dice_tc: 0.2611742 , dice_wt: 0.58815527 , dice_et: 0.0 , time 27.06s
Val 0/20 227/250 , dice_tc: 0.26155964 , dice_wt: 0.58838534 , dice_et: 0.0 , time 27.08s
Val 0/20 228/250 , dice_tc: 0.26239112 , dice_wt: 0.5884248 , dice_et: 0.0 , time 27.06s
Val 0/20 229/250 , dice_tc: 0.26276147 , dice_wt: 0.5886854 , dice_et: 0.0 , time 27.07s
Val 0/20 230/250 , dice_tc: 0.26183394 , dice_wt: 0.5871222 , dice_et: 0.0 , time 27.07s
Val 0/20 231/250 , dice_tc: 0.2622163 , dice_wt: 0.5857144 , dice_et: 0.0 , time 27.07s
Val 0/20 232/250 , dice_tc: 0.26230204 , dice_wt: 0.5860938 , dice_et: 0.0 , time 27.06s
Val 0/20 233/250 , dice_tc: 0.2611788 , dice_wt: 0.5865228 , dice_et: 0.0 , time 27.06s
Val 0/20 234/250 , dice_tc: 0.2626363 , dice_wt: 0.5872093 , dice_et: 0.0 , time 27.08s
Val 0/20 235/250 , dice_tc: 0.26199162 , dice_wt: 0.585951 , dice_et: 0.0 , time 27.06s
Val 0/20 236/250 , dice_tc: 0.26092643 , dice_wt: 0.5861968 , dice_et: 0.0 , time 27.06s
Val 0/20 237/250 , dice_tc: 0.26154122 , dice_wt: 0.58610076 , dice_et: 0.0 , time 27.04s
Val 0/20 238/250 , dice_tc: 0.2615937 , dice_wt: 0.5859249 , dice_et: 0.0 , time 27.06s
Val 0/20 239/250 , dice_tc: 0.26362616 , dice_wt: 0.5862103 , dice_et: 0.0 , time 27.04s
Val 0/20 240/250 , dice_tc: 0.26256698 , dice_wt: 0.5874932 , dice_et: 0.0 , time 27.05s
Val 0/20 241/250 , dice_tc: 0.2623649 , dice_wt: 0.58696264 , dice_et: 0.0 , time 27.04s
Val 0/20 242/250 , dice_tc: 0.26357478 , dice_wt: 0.5874911 , dice_et: 0.0 , time 27.06s
Val 0/20 243/250 , dice_tc: 0.26264542 , dice_wt: 0.58879745 , dice_et: 0.0 , time 27.04s
Val 0/20 244/250 , dice_tc: 0.2628613 , dice_wt: 0.5892966 , dice_et: 0.0 , time 27.05s
Val 0/20 245/250 , dice_tc: 0.26368025 , dice_wt: 0.59003717 , dice_et: 0.0 , time 27.06s
Val 0/20 246/250 , dice_tc: 0.26489934 , dice_wt: 0.5901306 , dice_et: 0.0 , time 27.03s
Val 0/20 247/250 , dice_tc: 0.26434663 , dice_wt: 0.58944315 , dice_et: 0.0 , time 27.05s
Val 0/20 248/250 , dice_tc: 0.26380754 , dice_wt: 0.5895463 , dice_et: 0.0 , time 27.03s
Val 0/20 249/250 , dice_tc: 0.26318717 , dice_wt: 0.5892114 , dice_et: 0.0 , time 27.04s
Final validation stats 0/19 , dice_tc: 0.26318717 , dice_wt: 0.5892114 , dice_et: 0.0 , Dice_Avg: 0.28413287 , time 6775.10s
new best (0.000000 --> 0.284133). 
Saving checkpoint /tmp/tmpbf5d4402/model.pt
Tue Jul 18 05:14:44 2023 Epoch: 1
None of the inputs have requires_grad=True. Gradients will be None
invalid value encountered in divide
slurmstepd: error: *** JOB 9510758 ON gra1181 CANCELLED AT 2023-07-18T06:03:58 ***
