None

    The model was run for 120 epoch.
    The validation was done at 30 60 epoch.
    Optimizer - Adadelta lr = 1, rho = 0.9 eps = 1e-6, max_weight = 1e-5
    Scheduler - StepLR
    drop_rate = 0.0
    infer_overlap = 0.7
    Loss function = DiceFocalLoss

MONAI version: 1.2.0rc7+9.g84940298
Numpy version: 1.24.2
Pytorch version: 1.13.1
MONAI flags: HAS_EXT = False, USE_COMPILED = False, USE_META_DICT = False
MONAI rev id: 84940298bff9ff1f54845eb8ae7422c0092c09c1
MONAI __file__: /home/guest185/hackathon_38/lib/python3.8/site-packages/monai/__init__.py

Optional dependencies:
Pytorch Ignite version: 0.4.2
ITK version: NOT INSTALLED or UNKNOWN VERSION.
Nibabel version: 5.1.0
scikit-image version: 0.19.3
Pillow version: 9.5.0
Tensorboard version: 2.13.0
gdown version: 4.7.1
TorchVision version: 0.14.1
tqdm version: 4.65.0
lmdb version: 1.2.1
psutil version: 5.9.4
pandas version: 1.5.3
einops version: 0.6.1
transformers version: 4.21.3
mlflow version: NOT INSTALLED or UNKNOWN VERSION.
pynrrd version: 1.0.0

For details about installing the optional dependencies, please visit:
    https://docs.monai.io/en/latest/installation.html#installing-the-recommended-dependencies

/tmp/tmpy5uex7g6
image shape: (240, 240, 155), label shape: (240, 240, 155)
Sat Aug  5 21:27:56 2023 Epoch: 0
In the future `np.bool` will be defined as the corresponding NumPy scalar.
In the future `np.bool` will be defined as the corresponding NumPy scalar.
In the future `np.bool` will be defined as the corresponding NumPy scalar.
In the future `np.bool` will be defined as the corresponding NumPy scalar.
monai.transforms.io.dictionary LoadImaged.__init__:image_only: Current default value of argument `image_only=False` has been deprecated since version 1.1. It will be changed to `image_only=True` in version 1.3.
In the future `np.bool` will be defined as the corresponding NumPy scalar.
In the future `np.bool` will be defined as the corresponding NumPy scalar.
Epoch 0/120 0/1000 loss: 1.3182 time 27.80s
Epoch 0/120 1/1000 loss: 1.2417 time 4.34s
Epoch 0/120 2/1000 loss: 1.2282 time 4.66s
Epoch 0/120 3/1000 loss: 1.1918 time 4.26s
Epoch 0/120 4/1000 loss: 1.1703 time 4.29s
Epoch 0/120 5/1000 loss: 1.1416 time 4.30s
Epoch 0/120 6/1000 loss: 1.1204 time 4.31s
Epoch 0/120 7/1000 loss: 1.1168 time 4.31s
Epoch 0/120 8/1000 loss: 1.1051 time 4.32s
Epoch 0/120 9/1000 loss: 1.1000 time 4.34s
Epoch 0/120 10/1000 loss: 1.0927 time 4.35s
Epoch 0/120 11/1000 loss: 1.0875 time 4.36s
Epoch 0/120 12/1000 loss: 1.0817 time 4.36s
Epoch 0/120 13/1000 loss: 1.0760 time 4.37s
Epoch 0/120 14/1000 loss: 1.0713 time 4.37s
Epoch 0/120 15/1000 loss: 1.0660 time 4.37s
Epoch 0/120 16/1000 loss: 1.0606 time 4.38s
Epoch 0/120 17/1000 loss: 1.0584 time 4.37s
Epoch 0/120 18/1000 loss: 1.0560 time 4.39s
Epoch 0/120 19/1000 loss: 1.0534 time 4.39s
Epoch 0/120 20/1000 loss: 1.0439 time 4.39s
Epoch 0/120 21/1000 loss: 1.0393 time 4.39s
Epoch 0/120 22/1000 loss: 1.0397 time 4.39s
Epoch 0/120 23/1000 loss: 1.0356 time 4.40s
Epoch 0/120 24/1000 loss: 1.0311 time 4.40s
Epoch 0/120 25/1000 loss: 1.0253 time 4.42s
Epoch 0/120 26/1000 loss: 1.0250 time 4.40s
Epoch 0/120 27/1000 loss: 1.0228 time 4.40s
Epoch 0/120 28/1000 loss: 1.0208 time 4.39s
Epoch 0/120 29/1000 loss: 1.0185 time 4.39s
Epoch 0/120 30/1000 loss: 1.0171 time 4.39s
Epoch 0/120 31/1000 loss: 1.0164 time 4.39s
Epoch 0/120 32/1000 loss: 1.0156 time 4.37s
Epoch 0/120 33/1000 loss: 1.0126 time 4.37s
Epoch 0/120 34/1000 loss: 1.0124 time 4.37s
Epoch 0/120 35/1000 loss: 1.0119 time 4.37s
Epoch 0/120 36/1000 loss: 1.0119 time 4.37s
Epoch 0/120 37/1000 loss: 1.0099 time 4.36s
Epoch 0/120 38/1000 loss: 1.0067 time 4.36s
Epoch 0/120 39/1000 loss: 1.0046 time 4.36s
Epoch 0/120 40/1000 loss: 1.0021 time 4.36s
Epoch 0/120 41/1000 loss: 1.0021 time 4.35s
Epoch 0/120 42/1000 loss: 1.0000 time 4.36s
Epoch 0/120 43/1000 loss: 0.9967 time 4.36s
Epoch 0/120 44/1000 loss: 0.9953 time 4.35s
Epoch 0/120 45/1000 loss: 0.9944 time 4.35s
Epoch 0/120 46/1000 loss: 0.9921 time 4.35s
Epoch 0/120 47/1000 loss: 0.9888 time 4.34s
Epoch 0/120 48/1000 loss: 0.9869 time 4.34s
Epoch 0/120 49/1000 loss: 0.9868 time 4.34s
Epoch 0/120 50/1000 loss: 0.9850 time 4.34s
Epoch 0/120 51/1000 loss: 0.9815 time 4.33s
Epoch 0/120 52/1000 loss: 0.9780 time 4.33s
Epoch 0/120 53/1000 loss: 0.9748 time 4.33s
Epoch 0/120 54/1000 loss: 0.9741 time 4.33s
Epoch 0/120 55/1000 loss: 0.9743 time 4.32s
Epoch 0/120 56/1000 loss: 0.9742 time 4.32s
Epoch 0/120 57/1000 loss: 0.9739 time 4.31s
Epoch 0/120 58/1000 loss: 0.9732 time 4.32s
Epoch 0/120 59/1000 loss: 0.9711 time 4.31s
Epoch 0/120 60/1000 loss: 0.9695 time 4.32s
Epoch 0/120 61/1000 loss: 0.9705 time 4.33s
Epoch 0/120 62/1000 loss: 0.9703 time 4.31s
Epoch 0/120 63/1000 loss: 0.9695 time 4.31s
Epoch 0/120 64/1000 loss: 0.9694 time 4.31s
Epoch 0/120 65/1000 loss: 0.9670 time 4.31s
Epoch 0/120 66/1000 loss: 0.9672 time 4.31s
Epoch 0/120 67/1000 loss: 0.9672 time 4.31s
Epoch 0/120 68/1000 loss: 0.9671 time 4.32s
Epoch 0/120 69/1000 loss: 0.9657 time 4.31s
Epoch 0/120 70/1000 loss: 0.9647 time 4.32s
Epoch 0/120 71/1000 loss: 0.9653 time 4.31s
Epoch 0/120 72/1000 loss: 0.9656 time 4.32s
Epoch 0/120 73/1000 loss: 0.9652 time 4.32s
Epoch 0/120 74/1000 loss: 0.9651 time 4.32s
Epoch 0/120 75/1000 loss: 0.9646 time 4.31s
Epoch 0/120 76/1000 loss: 0.9640 time 4.31s
Epoch 0/120 77/1000 loss: 0.9635 time 4.31s
Epoch 0/120 78/1000 loss: 0.9633 time 4.31s
Epoch 0/120 79/1000 loss: 0.9620 time 4.32s
Epoch 0/120 80/1000 loss: 0.9623 time 4.31s
Epoch 0/120 81/1000 loss: 0.9623 time 4.30s
Epoch 0/120 82/1000 loss: 0.9607 time 4.31s
Epoch 0/120 83/1000 loss: 0.9600 time 4.31s
Epoch 0/120 84/1000 loss: 0.9592 time 4.31s
Epoch 0/120 85/1000 loss: 0.9593 time 4.31s
Epoch 0/120 86/1000 loss: 0.9576 time 4.31s
Epoch 0/120 87/1000 loss: 0.9581 time 4.31s
Epoch 0/120 88/1000 loss: 0.9588 time 4.31s
Epoch 0/120 89/1000 loss: 0.9584 time 4.30s
Epoch 0/120 90/1000 loss: 0.9563 time 4.30s
Epoch 0/120 91/1000 loss: 0.9548 time 4.30s
Epoch 0/120 92/1000 loss: 0.9543 time 4.30s
Epoch 0/120 93/1000 loss: 0.9523 time 4.29s
Epoch 0/120 94/1000 loss: 0.9511 time 4.29s
Epoch 0/120 95/1000 loss: 0.9495 time 4.29s
Epoch 0/120 96/1000 loss: 0.9473 time 4.29s
Epoch 0/120 97/1000 loss: 0.9471 time 4.29s
Epoch 0/120 98/1000 loss: 0.9477 time 4.29s
Epoch 0/120 99/1000 loss: 0.9462 time 4.29s
Epoch 0/120 100/1000 loss: 0.9447 time 4.30s
Epoch 0/120 101/1000 loss: 0.9453 time 4.29s
Epoch 0/120 102/1000 loss: 0.9452 time 4.29s
Epoch 0/120 103/1000 loss: 0.9432 time 4.29s
Epoch 0/120 104/1000 loss: 0.9436 time 4.29s
Epoch 0/120 105/1000 loss: 0.9417 time 4.29s
Epoch 0/120 106/1000 loss: 0.9414 time 4.29s
Epoch 0/120 107/1000 loss: 0.9407 time 4.29s
Epoch 0/120 108/1000 loss: 0.9401 time 4.29s
Epoch 0/120 109/1000 loss: 0.9391 time 4.29s
Epoch 0/120 110/1000 loss: 0.9393 time 4.29s
Epoch 0/120 111/1000 loss: 0.9381 time 4.30s
Epoch 0/120 112/1000 loss: 0.9353 time 4.29s
Epoch 0/120 113/1000 loss: 0.9339 time 4.29s
Epoch 0/120 114/1000 loss: 0.9333 time 4.29s
Epoch 0/120 115/1000 loss: 0.9307 time 4.29s
Epoch 0/120 116/1000 loss: 0.9268 time 4.29s
Epoch 0/120 117/1000 loss: 0.9254 time 4.29s
Epoch 0/120 118/1000 loss: 0.9244 time 4.29s
Epoch 0/120 119/1000 loss: 0.9231 time 4.29s
Epoch 0/120 120/1000 loss: 0.9220 time 4.28s
Epoch 0/120 121/1000 loss: 0.9201 time 4.30s
Epoch 0/120 122/1000 loss: 0.9187 time 4.29s
Epoch 0/120 123/1000 loss: 0.9187 time 4.29s
Epoch 0/120 124/1000 loss: 0.9205 time 4.29s
Epoch 0/120 125/1000 loss: 0.9185 time 4.29s
Epoch 0/120 126/1000 loss: 0.9185 time 4.29s
Epoch 0/120 127/1000 loss: 0.9189 time 4.29s
Epoch 0/120 128/1000 loss: 0.9179 time 4.29s
Epoch 0/120 129/1000 loss: 0.9165 time 4.29s
Epoch 0/120 130/1000 loss: 0.9149 time 4.29s
Epoch 0/120 131/1000 loss: 0.9147 time 4.29s
Epoch 0/120 132/1000 loss: 0.9153 time 4.30s
Epoch 0/120 133/1000 loss: 0.9162 time 4.29s
Epoch 0/120 134/1000 loss: 0.9158 time 4.29s
Epoch 0/120 135/1000 loss: 0.9161 time 4.29s
Epoch 0/120 136/1000 loss: 0.9151 time 4.28s
Epoch 0/120 137/1000 loss: 0.9142 time 4.30s
Epoch 0/120 138/1000 loss: 0.9134 time 4.30s
Epoch 0/120 139/1000 loss: 0.9123 time 4.28s
Epoch 0/120 140/1000 loss: 0.9119 time 4.29s
Epoch 0/120 141/1000 loss: 0.9098 time 4.29s
Epoch 0/120 142/1000 loss: 0.9089 time 4.29s
Epoch 0/120 143/1000 loss: 0.9082 time 4.29s
Epoch 0/120 144/1000 loss: 0.9070 time 4.29s
Epoch 0/120 145/1000 loss: 0.9074 time 4.29s
Epoch 0/120 146/1000 loss: 0.9057 time 4.29s
Epoch 0/120 147/1000 loss: 0.9049 time 4.29s
Epoch 0/120 148/1000 loss: 0.9042 time 4.29s
Epoch 0/120 149/1000 loss: 0.9031 time 4.29s
Epoch 0/120 150/1000 loss: 0.9029 time 4.29s
Epoch 0/120 151/1000 loss: 0.9042 time 4.29s
Epoch 0/120 152/1000 loss: 0.9021 time 4.29s
Epoch 0/120 153/1000 loss: 0.9010 time 4.30s
Epoch 0/120 154/1000 loss: 0.9001 time 4.29s
Epoch 0/120 155/1000 loss: 0.8994 time 4.29s
Epoch 0/120 156/1000 loss: 0.8987 time 4.29s
Epoch 0/120 157/1000 loss: 0.8979 time 4.29s
Epoch 0/120 158/1000 loss: 0.8981 time 4.29s
Epoch 0/120 159/1000 loss: 0.8970 time 4.29s
Epoch 0/120 160/1000 loss: 0.8960 time 4.29s
Epoch 0/120 161/1000 loss: 0.8965 time 4.29s
Epoch 0/120 162/1000 loss: 0.8962 time 4.30s
Epoch 0/120 163/1000 loss: 0.8960 time 4.29s
Epoch 0/120 164/1000 loss: 0.8967 time 4.29s
Epoch 0/120 165/1000 loss: 0.8961 time 4.28s
Epoch 0/120 166/1000 loss: 0.8967 time 4.27s
Epoch 0/120 167/1000 loss: 0.8966 time 4.28s
Epoch 0/120 168/1000 loss: 0.8958 time 4.29s
Epoch 0/120 169/1000 loss: 0.8951 time 4.28s
Epoch 0/120 170/1000 loss: 0.8951 time 4.29s
Epoch 0/120 171/1000 loss: 0.8935 time 4.29s
Epoch 0/120 172/1000 loss: 0.8928 time 4.29s
Epoch 0/120 173/1000 loss: 0.8923 time 4.30s
Epoch 0/120 174/1000 loss: 0.8917 time 4.29s
Epoch 0/120 175/1000 loss: 0.8921 time 4.29s
Epoch 0/120 176/1000 loss: 0.8937 time 4.29s
Epoch 0/120 177/1000 loss: 0.8926 time 4.29s
Epoch 0/120 178/1000 loss: 0.8930 time 4.29s
Epoch 0/120 179/1000 loss: 0.8931 time 4.30s
Epoch 0/120 180/1000 loss: 0.8928 time 4.29s
Epoch 0/120 181/1000 loss: 0.8924 time 4.30s
Epoch 0/120 182/1000 loss: 0.8925 time 4.29s
Epoch 0/120 183/1000 loss: 0.8929 time 4.29s
Epoch 0/120 184/1000 loss: 0.8925 time 4.29s
Epoch 0/120 185/1000 loss: 0.8921 time 4.29s
Epoch 0/120 186/1000 loss: 0.8923 time 4.28s
Epoch 0/120 187/1000 loss: 0.8915 time 4.29s
Epoch 0/120 188/1000 loss: 0.8915 time 4.29s
Epoch 0/120 189/1000 loss: 0.8903 time 4.29s
Epoch 0/120 190/1000 loss: 0.8894 time 4.28s
Epoch 0/120 191/1000 loss: 0.8892 time 4.29s
Epoch 0/120 192/1000 loss: 0.8882 time 4.29s
Epoch 0/120 193/1000 loss: 0.8878 time 4.28s
Epoch 0/120 194/1000 loss: 0.8867 time 4.29s
Epoch 0/120 195/1000 loss: 0.8862 time 4.28s
Epoch 0/120 196/1000 loss: 0.8860 time 4.29s
Epoch 0/120 197/1000 loss: 0.8866 time 4.28s
Epoch 0/120 198/1000 loss: 0.8861 time 4.28s
Epoch 0/120 199/1000 loss: 0.8849 time 4.29s
Epoch 0/120 200/1000 loss: 0.8843 time 4.29s
Epoch 0/120 201/1000 loss: 0.8848 time 4.28s
Epoch 0/120 202/1000 loss: 0.8846 time 4.29s
Epoch 0/120 203/1000 loss: 0.8841 time 4.29s
Epoch 0/120 204/1000 loss: 0.8834 time 4.28s
Epoch 0/120 205/1000 loss: 0.8828 time 4.29s
Epoch 0/120 206/1000 loss: 0.8825 time 4.29s
Epoch 0/120 207/1000 loss: 0.8810 time 4.30s
Epoch 0/120 208/1000 loss: 0.8810 time 4.29s
Epoch 0/120 209/1000 loss: 0.8806 time 4.29s
Epoch 0/120 210/1000 loss: 0.8792 time 4.28s
Epoch 0/120 211/1000 loss: 0.8798 time 4.29s
Epoch 0/120 212/1000 loss: 0.8800 time 4.28s
Epoch 0/120 213/1000 loss: 0.8798 time 4.29s
Epoch 0/120 214/1000 loss: 0.8803 time 4.28s
Epoch 0/120 215/1000 loss: 0.8802 time 4.28s
Epoch 0/120 216/1000 loss: 0.8796 time 4.29s
Epoch 0/120 217/1000 loss: 0.8799 time 4.28s
Epoch 0/120 218/1000 loss: 0.8797 time 4.29s
Epoch 0/120 219/1000 loss: 0.8787 time 4.29s
Epoch 0/120 220/1000 loss: 0.8777 time 4.29s
Epoch 0/120 221/1000 loss: 0.8775 time 4.29s
Epoch 0/120 222/1000 loss: 0.8770 time 4.29s
Epoch 0/120 223/1000 loss: 0.8771 time 4.29s
Epoch 0/120 224/1000 loss: 0.8772 time 4.29s
Epoch 0/120 225/1000 loss: 0.8765 time 4.30s
Epoch 0/120 226/1000 loss: 0.8765 time 4.30s
Epoch 0/120 227/1000 loss: 0.8754 time 4.29s
Epoch 0/120 228/1000 loss: 0.8754 time 4.28s
Epoch 0/120 229/1000 loss: 0.8756 time 4.29s
Epoch 0/120 230/1000 loss: 0.8752 time 4.29s
Epoch 0/120 231/1000 loss: 0.8741 time 4.28s
Epoch 0/120 232/1000 loss: 0.8745 time 4.29s
Epoch 0/120 233/1000 loss: 0.8746 time 4.29s
Epoch 0/120 234/1000 loss: 0.8748 time 4.29s
Epoch 0/120 235/1000 loss: 0.8748 time 4.30s
Epoch 0/120 236/1000 loss: 0.8739 time 4.29s
Epoch 0/120 237/1000 loss: 0.8742 time 4.29s
Epoch 0/120 238/1000 loss: 0.8742 time 4.29s
Epoch 0/120 239/1000 loss: 0.8731 time 4.29s
Epoch 0/120 240/1000 loss: 0.8717 time 4.29s
Epoch 0/120 241/1000 loss: 0.8712 time 4.29s
Epoch 0/120 242/1000 loss: 0.8706 time 4.29s
Epoch 0/120 243/1000 loss: 0.8696 time 4.29s
Epoch 0/120 244/1000 loss: 0.8695 time 4.29s
Epoch 0/120 245/1000 loss: 0.8698 time 4.29s
Epoch 0/120 246/1000 loss: 0.8700 time 4.29s
Epoch 0/120 247/1000 loss: 0.8701 time 4.29s
Epoch 0/120 248/1000 loss: 0.8700 time 4.29s
Epoch 0/120 249/1000 loss: 0.8696 time 4.28s
Epoch 0/120 250/1000 loss: 0.8697 time 4.29s
Epoch 0/120 251/1000 loss: 0.8691 time 4.29s
Epoch 0/120 252/1000 loss: 0.8690 time 4.29s
Epoch 0/120 253/1000 loss: 0.8686 time 4.28s
Epoch 0/120 254/1000 loss: 0.8691 time 4.29s
Epoch 0/120 255/1000 loss: 0.8695 time 4.29s
Epoch 0/120 256/1000 loss: 0.8688 time 4.29s
Epoch 0/120 257/1000 loss: 0.8685 time 4.29s
Epoch 0/120 258/1000 loss: 0.8674 time 4.28s
Epoch 0/120 259/1000 loss: 0.8675 time 4.29s
Epoch 0/120 260/1000 loss: 0.8664 time 4.29s
Epoch 0/120 261/1000 loss: 0.8672 time 4.29s
Epoch 0/120 262/1000 loss: 0.8672 time 4.29s
Epoch 0/120 263/1000 loss: 0.8672 time 4.29s
Epoch 0/120 264/1000 loss: 0.8672 time 4.28s
Epoch 0/120 265/1000 loss: 0.8677 time 4.28s
Epoch 0/120 266/1000 loss: 0.8673 time 4.29s
Epoch 0/120 267/1000 loss: 0.8669 time 4.29s
Epoch 0/120 268/1000 loss: 0.8667 time 4.29s
Epoch 0/120 269/1000 loss: 0.8667 time 4.29s
Epoch 0/120 270/1000 loss: 0.8663 time 4.29s
Epoch 0/120 271/1000 loss: 0.8667 time 4.28s
Epoch 0/120 272/1000 loss: 0.8664 time 4.29s
Epoch 0/120 273/1000 loss: 0.8663 time 4.29s
Epoch 0/120 274/1000 loss: 0.8665 time 4.28s
Epoch 0/120 275/1000 loss: 0.8661 time 4.29s
Epoch 0/120 276/1000 loss: 0.8661 time 4.29s
Epoch 0/120 277/1000 loss: 0.8662 time 4.30s
Epoch 0/120 278/1000 loss: 0.8659 time 4.28s
Epoch 0/120 279/1000 loss: 0.8654 time 4.30s
Epoch 0/120 280/1000 loss: 0.8652 time 4.30s
Epoch 0/120 281/1000 loss: 0.8646 time 4.29s
Epoch 0/120 282/1000 loss: 0.8644 time 4.29s
Epoch 0/120 283/1000 loss: 0.8643 time 4.29s
Epoch 0/120 284/1000 loss: 0.8640 time 4.29s
Epoch 0/120 285/1000 loss: 0.8643 time 4.29s
Epoch 0/120 286/1000 loss: 0.8637 time 4.30s
Epoch 0/120 287/1000 loss: 0.8632 time 4.29s
Epoch 0/120 288/1000 loss: 0.8634 time 4.29s
Epoch 0/120 289/1000 loss: 0.8632 time 4.30s
Epoch 0/120 290/1000 loss: 0.8630 time 4.30s
Epoch 0/120 291/1000 loss: 0.8622 time 4.30s
Epoch 0/120 292/1000 loss: 0.8617 time 4.29s
Epoch 0/120 293/1000 loss: 0.8617 time 4.28s
Epoch 0/120 294/1000 loss: 0.8613 time 4.29s
Epoch 0/120 295/1000 loss: 0.8604 time 4.28s
Epoch 0/120 296/1000 loss: 0.8593 time 4.29s
Epoch 0/120 297/1000 loss: 0.8598 time 4.29s
Epoch 0/120 298/1000 loss: 0.8598 time 4.30s
Epoch 0/120 299/1000 loss: 0.8595 time 4.29s
Epoch 0/120 300/1000 loss: 0.8598 time 4.28s
Epoch 0/120 301/1000 loss: 0.8593 time 4.29s
Epoch 0/120 302/1000 loss: 0.8587 time 4.30s
Epoch 0/120 303/1000 loss: 0.8589 time 4.29s
Epoch 0/120 304/1000 loss: 0.8582 time 4.30s
Epoch 0/120 305/1000 loss: 0.8585 time 4.28s
Epoch 0/120 306/1000 loss: 0.8583 time 4.29s
Epoch 0/120 307/1000 loss: 0.8581 time 4.29s
Epoch 0/120 308/1000 loss: 0.8586 time 4.28s
Epoch 0/120 309/1000 loss: 0.8583 time 4.30s
Epoch 0/120 310/1000 loss: 0.8581 time 4.29s
Epoch 0/120 311/1000 loss: 0.8585 time 4.29s
Epoch 0/120 312/1000 loss: 0.8585 time 4.29s
Epoch 0/120 313/1000 loss: 0.8589 time 4.29s
Epoch 0/120 314/1000 loss: 0.8579 time 4.30s
Epoch 0/120 315/1000 loss: 0.8579 time 4.29s
Epoch 0/120 316/1000 loss: 0.8572 time 4.29s
Epoch 0/120 317/1000 loss: 0.8570 time 4.29s
Epoch 0/120 318/1000 loss: 0.8571 time 4.30s
Epoch 0/120 319/1000 loss: 0.8568 time 4.29s
Epoch 0/120 320/1000 loss: 0.8562 time 4.29s
Epoch 0/120 321/1000 loss: 0.8556 time 4.29s
Epoch 0/120 322/1000 loss: 0.8552 time 4.30s
Epoch 0/120 323/1000 loss: 0.8550 time 4.30s
Epoch 0/120 324/1000 loss: 0.8546 time 4.30s
Epoch 0/120 325/1000 loss: 0.8548 time 4.29s
Epoch 0/120 326/1000 loss: 0.8542 time 4.29s
Epoch 0/120 327/1000 loss: 0.8545 time 4.28s
Epoch 0/120 328/1000 loss: 0.8535 time 4.29s
Epoch 0/120 329/1000 loss: 0.8530 time 4.30s
Epoch 0/120 330/1000 loss: 0.8523 time 4.29s
Epoch 0/120 331/1000 loss: 0.8520 time 4.29s
Epoch 0/120 332/1000 loss: 0.8517 time 4.30s
Epoch 0/120 333/1000 loss: 0.8522 time 4.29s
Epoch 0/120 334/1000 loss: 0.8519 time 4.29s
Epoch 0/120 335/1000 loss: 0.8522 time 4.29s
Epoch 0/120 336/1000 loss: 0.8521 time 4.29s
Epoch 0/120 337/1000 loss: 0.8513 time 4.30s
Epoch 0/120 338/1000 loss: 0.8511 time 4.28s
Epoch 0/120 339/1000 loss: 0.8509 time 4.30s
Epoch 0/120 340/1000 loss: 0.8503 time 4.29s
Epoch 0/120 341/1000 loss: 0.8498 time 4.29s
Epoch 0/120 342/1000 loss: 0.8496 time 4.30s
Epoch 0/120 343/1000 loss: 0.8498 time 4.29s
Epoch 0/120 344/1000 loss: 0.8490 time 4.28s
Epoch 0/120 345/1000 loss: 0.8485 time 4.30s
Epoch 0/120 346/1000 loss: 0.8484 time 4.30s
Epoch 0/120 347/1000 loss: 0.8486 time 4.28s
Epoch 0/120 348/1000 loss: 0.8484 time 4.29s
Epoch 0/120 349/1000 loss: 0.8480 time 4.30s
Epoch 0/120 350/1000 loss: 0.8479 time 4.28s
Epoch 0/120 351/1000 loss: 0.8473 time 4.30s
Epoch 0/120 352/1000 loss: 0.8469 time 4.29s
Epoch 0/120 353/1000 loss: 0.8467 time 4.29s
Epoch 0/120 354/1000 loss: 0.8471 time 4.30s
Epoch 0/120 355/1000 loss: 0.8468 time 4.30s
Epoch 0/120 356/1000 loss: 0.8466 time 4.30s
Epoch 0/120 357/1000 loss: 0.8461 time 4.30s
Epoch 0/120 358/1000 loss: 0.8454 time 4.29s
Epoch 0/120 359/1000 loss: 0.8453 time 4.28s
Epoch 0/120 360/1000 loss: 0.8448 time 4.30s
Epoch 0/120 361/1000 loss: 0.8443 time 4.29s
Epoch 0/120 362/1000 loss: 0.8439 time 4.29s
Epoch 0/120 363/1000 loss: 0.8444 time 4.29s
Epoch 0/120 364/1000 loss: 0.8443 time 4.30s
Epoch 0/120 365/1000 loss: 0.8437 time 4.28s
Epoch 0/120 366/1000 loss: 0.8436 time 4.30s
Epoch 0/120 367/1000 loss: 0.8439 time 4.29s
Epoch 0/120 368/1000 loss: 0.8439 time 4.30s
Epoch 0/120 369/1000 loss: 0.8439 time 4.30s
Epoch 0/120 370/1000 loss: 0.8431 time 4.29s
Epoch 0/120 371/1000 loss: 0.8431 time 4.30s
Epoch 0/120 372/1000 loss: 0.8428 time 4.29s
Epoch 0/120 373/1000 loss: 0.8427 time 4.29s
Epoch 0/120 374/1000 loss: 0.8429 time 4.29s
Epoch 0/120 375/1000 loss: 0.8424 time 4.29s
Epoch 0/120 376/1000 loss: 0.8428 time 4.29s
Epoch 0/120 377/1000 loss: 0.8421 time 4.30s
Epoch 0/120 378/1000 loss: 0.8413 time 4.28s
Epoch 0/120 379/1000 loss: 0.8416 time 4.30s
Epoch 0/120 380/1000 loss: 0.8421 time 4.29s
Epoch 0/120 381/1000 loss: 0.8418 time 4.29s
Epoch 0/120 382/1000 loss: 0.8415 time 4.29s
Epoch 0/120 383/1000 loss: 0.8412 time 4.30s
Epoch 0/120 384/1000 loss: 0.8404 time 4.29s
Epoch 0/120 385/1000 loss: 0.8400 time 4.28s
Epoch 0/120 386/1000 loss: 0.8396 time 4.29s
Epoch 0/120 387/1000 loss: 0.8393 time 4.29s
Epoch 0/120 388/1000 loss: 0.8389 time 4.30s
Epoch 0/120 389/1000 loss: 0.8387 time 4.29s
Epoch 0/120 390/1000 loss: 0.8383 time 4.30s
Epoch 0/120 391/1000 loss: 0.8384 time 4.29s
Epoch 0/120 392/1000 loss: 0.8378 time 4.30s
Epoch 0/120 393/1000 loss: 0.8374 time 4.29s
Epoch 0/120 394/1000 loss: 0.8377 time 4.29s
Epoch 0/120 395/1000 loss: 0.8375 time 4.30s
Epoch 0/120 396/1000 loss: 0.8376 time 4.29s
Epoch 0/120 397/1000 loss: 0.8371 time 4.29s
Epoch 0/120 398/1000 loss: 0.8367 time 4.29s
Epoch 0/120 399/1000 loss: 0.8361 time 4.30s
Epoch 0/120 400/1000 loss: 0.8360 time 4.29s
Epoch 0/120 401/1000 loss: 0.8356 time 4.30s
Epoch 0/120 402/1000 loss: 0.8354 time 4.30s
Epoch 0/120 403/1000 loss: 0.8347 time 4.29s
Epoch 0/120 404/1000 loss: 0.8342 time 4.29s
Epoch 0/120 405/1000 loss: 0.8336 time 4.29s
Epoch 0/120 406/1000 loss: 0.8334 time 4.30s
Epoch 0/120 407/1000 loss: 0.8329 time 4.29s
Epoch 0/120 408/1000 loss: 0.8331 time 4.30s
Epoch 0/120 409/1000 loss: 0.8328 time 4.29s
Epoch 0/120 410/1000 loss: 0.8323 time 4.30s
Epoch 0/120 411/1000 loss: 0.8320 time 4.28s
Epoch 0/120 412/1000 loss: 0.8313 time 4.30s
Epoch 0/120 413/1000 loss: 0.8310 time 4.29s
Epoch 0/120 414/1000 loss: 0.8307 time 4.29s
Epoch 0/120 415/1000 loss: 0.8304 time 4.29s
Epoch 0/120 416/1000 loss: 0.8302 time 4.29s
Epoch 0/120 417/1000 loss: 0.8301 time 4.30s
Epoch 0/120 418/1000 loss: 0.8303 time 4.30s
Epoch 0/120 419/1000 loss: 0.8298 time 4.30s
Epoch 0/120 420/1000 loss: 0.8293 time 4.30s
Epoch 0/120 421/1000 loss: 0.8289 time 4.29s
Epoch 0/120 422/1000 loss: 0.8282 time 4.28s
Epoch 0/120 423/1000 loss: 0.8277 time 4.30s
Epoch 0/120 424/1000 loss: 0.8268 time 4.29s
Epoch 0/120 425/1000 loss: 0.8264 time 4.30s
Epoch 0/120 426/1000 loss: 0.8259 time 4.29s
Epoch 0/120 427/1000 loss: 0.8255 time 4.30s
Epoch 0/120 428/1000 loss: 0.8250 time 4.28s
Epoch 0/120 429/1000 loss: 0.8246 time 4.30s
Epoch 0/120 430/1000 loss: 0.8245 time 4.29s
Epoch 0/120 431/1000 loss: 0.8241 time 4.29s
Epoch 0/120 432/1000 loss: 0.8240 time 4.29s
Epoch 0/120 433/1000 loss: 0.8236 time 4.30s
Epoch 0/120 434/1000 loss: 0.8230 time 4.29s
Epoch 0/120 435/1000 loss: 0.8226 time 4.29s
Epoch 0/120 436/1000 loss: 0.8229 time 4.30s
Epoch 0/120 437/1000 loss: 0.8226 time 4.30s
Epoch 0/120 438/1000 loss: 0.8221 time 4.30s
Epoch 0/120 439/1000 loss: 0.8218 time 4.29s
Epoch 0/120 440/1000 loss: 0.8219 time 4.29s
Epoch 0/120 441/1000 loss: 0.8221 time 4.29s
Epoch 0/120 442/1000 loss: 0.8217 time 4.29s
Epoch 0/120 443/1000 loss: 0.8216 time 4.29s
Epoch 0/120 444/1000 loss: 0.8216 time 4.29s
Epoch 0/120 445/1000 loss: 0.8215 time 4.29s
Epoch 0/120 446/1000 loss: 0.8214 time 4.30s
Epoch 0/120 447/1000 loss: 0.8211 time 4.29s
Epoch 0/120 448/1000 loss: 0.8211 time 4.29s
Epoch 0/120 449/1000 loss: 0.8214 time 4.30s
Epoch 0/120 450/1000 loss: 0.8211 time 4.30s
Epoch 0/120 451/1000 loss: 0.8209 time 4.31s
Epoch 0/120 452/1000 loss: 0.8210 time 4.30s
Epoch 0/120 453/1000 loss: 0.8209 time 4.29s
Epoch 0/120 454/1000 loss: 0.8205 time 4.29s
Epoch 0/120 455/1000 loss: 0.8201 time 4.29s
Epoch 0/120 456/1000 loss: 0.8198 time 4.29s
Epoch 0/120 457/1000 loss: 0.8194 time 4.29s
Epoch 0/120 458/1000 loss: 0.8192 time 4.30s
Epoch 0/120 459/1000 loss: 0.8190 time 4.29s
Epoch 0/120 460/1000 loss: 0.8190 time 4.29s
Epoch 0/120 461/1000 loss: 0.8186 time 4.30s
Epoch 0/120 462/1000 loss: 0.8182 time 4.29s
Epoch 0/120 463/1000 loss: 0.8181 time 4.29s
Epoch 0/120 464/1000 loss: 0.8175 time 4.30s
Epoch 0/120 465/1000 loss: 0.8172 time 4.29s
Epoch 0/120 466/1000 loss: 0.8175 time 4.30s
Epoch 0/120 467/1000 loss: 0.8176 time 4.29s
Epoch 0/120 468/1000 loss: 0.8172 time 4.30s
Epoch 0/120 469/1000 loss: 0.8170 time 4.29s
Epoch 0/120 470/1000 loss: 0.8169 time 4.30s
Epoch 0/120 471/1000 loss: 0.8168 time 4.29s
Epoch 0/120 472/1000 loss: 0.8166 time 4.29s
Epoch 0/120 473/1000 loss: 0.8165 time 4.30s
Epoch 0/120 474/1000 loss: 0.8167 time 4.29s
Epoch 0/120 475/1000 loss: 0.8168 time 4.29s
Epoch 0/120 476/1000 loss: 0.8165 time 4.30s
Epoch 0/120 477/1000 loss: 0.8159 time 4.29s
Epoch 0/120 478/1000 loss: 0.8154 time 4.29s
Epoch 0/120 479/1000 loss: 0.8146 time 4.29s
Epoch 0/120 480/1000 loss: 0.8145 time 4.30s
Epoch 0/120 481/1000 loss: 0.8140 time 4.30s
Epoch 0/120 482/1000 loss: 0.8141 time 4.30s
Epoch 0/120 483/1000 loss: 0.8137 time 4.29s
Epoch 0/120 484/1000 loss: 0.8135 time 4.30s
Epoch 0/120 485/1000 loss: 0.8133 time 4.29s
Epoch 0/120 486/1000 loss: 0.8132 time 4.29s
Epoch 0/120 487/1000 loss: 0.8134 time 4.29s
Epoch 0/120 488/1000 loss: 0.8132 time 4.28s
Epoch 0/120 489/1000 loss: 0.8131 time 4.30s
Epoch 0/120 490/1000 loss: 0.8131 time 4.30s
Epoch 0/120 491/1000 loss: 0.8132 time 4.29s
Epoch 0/120 492/1000 loss: 0.8128 time 4.30s
Epoch 0/120 493/1000 loss: 0.8129 time 4.29s
Epoch 0/120 494/1000 loss: 0.8126 time 4.29s
Epoch 0/120 495/1000 loss: 0.8119 time 4.29s
Epoch 0/120 496/1000 loss: 0.8118 time 4.30s
Epoch 0/120 497/1000 loss: 0.8114 time 4.31s
Epoch 0/120 498/1000 loss: 0.8107 time 4.29s
Epoch 0/120 499/1000 loss: 0.8104 time 4.30s
Epoch 0/120 500/1000 loss: 0.8101 time 4.29s
Epoch 0/120 501/1000 loss: 0.8095 time 4.29s
Epoch 0/120 502/1000 loss: 0.8094 time 4.30s
Epoch 0/120 503/1000 loss: 0.8092 time 4.29s
Epoch 0/120 504/1000 loss: 0.8089 time 4.29s
Epoch 0/120 505/1000 loss: 0.8088 time 4.29s
Epoch 0/120 506/1000 loss: 0.8085 time 4.29s
Epoch 0/120 507/1000 loss: 0.8080 time 4.29s
Epoch 0/120 508/1000 loss: 0.8078 time 4.29s
Epoch 0/120 509/1000 loss: 0.8074 time 4.29s
Epoch 0/120 510/1000 loss: 0.8074 time 4.29s
Epoch 0/120 511/1000 loss: 0.8070 time 4.30s
Epoch 0/120 512/1000 loss: 0.8064 time 4.30s
Epoch 0/120 513/1000 loss: 0.8061 time 4.30s
Epoch 0/120 514/1000 loss: 0.8058 time 4.31s
Epoch 0/120 515/1000 loss: 0.8057 time 4.29s
Epoch 0/120 516/1000 loss: 0.8054 time 4.29s
Epoch 0/120 517/1000 loss: 0.8052 time 4.29s
Epoch 0/120 518/1000 loss: 0.8053 time 4.29s
Epoch 0/120 519/1000 loss: 0.8055 time 4.29s
Epoch 0/120 520/1000 loss: 0.8055 time 4.29s
Epoch 0/120 521/1000 loss: 0.8053 time 4.29s
Epoch 0/120 522/1000 loss: 0.8054 time 4.29s
Epoch 0/120 523/1000 loss: 0.8051 time 4.29s
Epoch 0/120 524/1000 loss: 0.8048 time 4.30s
Epoch 0/120 525/1000 loss: 0.8049 time 4.30s
Epoch 0/120 526/1000 loss: 0.8044 time 4.29s
Epoch 0/120 527/1000 loss: 0.8039 time 4.30s
Epoch 0/120 528/1000 loss: 0.8037 time 4.29s
Epoch 0/120 529/1000 loss: 0.8032 time 4.30s
Epoch 0/120 530/1000 loss: 0.8031 time 4.29s
Epoch 0/120 531/1000 loss: 0.8031 time 4.30s
Epoch 0/120 532/1000 loss: 0.8027 time 4.30s
Epoch 0/120 533/1000 loss: 0.8022 time 4.30s
Epoch 0/120 534/1000 loss: 0.8021 time 4.30s
Epoch 0/120 535/1000 loss: 0.8014 time 4.29s
Epoch 0/120 536/1000 loss: 0.8011 time 4.29s
Epoch 0/120 537/1000 loss: 0.8012 time 4.29s
Epoch 0/120 538/1000 loss: 0.8011 time 4.29s
Epoch 0/120 539/1000 loss: 0.8004 time 4.29s
Epoch 0/120 540/1000 loss: 0.8000 time 4.29s
Epoch 0/120 541/1000 loss: 0.8003 time 4.29s
Epoch 0/120 542/1000 loss: 0.7999 time 4.29s
Epoch 0/120 543/1000 loss: 0.7994 time 4.30s
Epoch 0/120 544/1000 loss: 0.7996 time 4.30s
Epoch 0/120 545/1000 loss: 0.7995 time 4.29s
Epoch 0/120 546/1000 loss: 0.7990 time 4.29s
Epoch 0/120 547/1000 loss: 0.7984 time 4.29s
Epoch 0/120 548/1000 loss: 0.7982 time 4.29s
Epoch 0/120 549/1000 loss: 0.7980 time 4.29s
Epoch 0/120 550/1000 loss: 0.7977 time 4.30s
Epoch 0/120 551/1000 loss: 0.7978 time 4.29s
Epoch 0/120 552/1000 loss: 0.7972 time 4.29s
Epoch 0/120 553/1000 loss: 0.7969 time 4.30s
Epoch 0/120 554/1000 loss: 0.7963 time 4.29s
Epoch 0/120 555/1000 loss: 0.7964 time 4.30s
Epoch 0/120 556/1000 loss: 0.7961 time 4.29s
Epoch 0/120 557/1000 loss: 0.7957 time 4.29s
Epoch 0/120 558/1000 loss: 0.7953 time 4.29s
Epoch 0/120 559/1000 loss: 0.7954 time 4.30s
Epoch 0/120 560/1000 loss: 0.7953 time 4.29s
Epoch 0/120 561/1000 loss: 0.7951 time 4.29s
Epoch 0/120 562/1000 loss: 0.7945 time 4.30s
Epoch 0/120 563/1000 loss: 0.7949 time 4.30s
Epoch 0/120 564/1000 loss: 0.7949 time 4.28s
Epoch 0/120 565/1000 loss: 0.7942 time 4.29s
Epoch 0/120 566/1000 loss: 0.7944 time 4.30s
Epoch 0/120 567/1000 loss: 0.7947 time 4.29s
Epoch 0/120 568/1000 loss: 0.7941 time 4.29s
Epoch 0/120 569/1000 loss: 0.7938 time 4.30s
Epoch 0/120 570/1000 loss: 0.7933 time 4.29s
Epoch 0/120 571/1000 loss: 0.7928 time 4.29s
Epoch 0/120 572/1000 loss: 0.7926 time 4.29s
Epoch 0/120 573/1000 loss: 0.7929 time 4.30s
Epoch 0/120 574/1000 loss: 0.7928 time 4.30s
Epoch 0/120 575/1000 loss: 0.7928 time 4.30s
Epoch 0/120 576/1000 loss: 0.7926 time 4.29s
Epoch 0/120 577/1000 loss: 0.7923 time 4.30s
Epoch 0/120 578/1000 loss: 0.7921 time 4.29s
Epoch 0/120 579/1000 loss: 0.7915 time 4.28s
Epoch 0/120 580/1000 loss: 0.7913 time 4.29s
Epoch 0/120 581/1000 loss: 0.7911 time 4.29s
Epoch 0/120 582/1000 loss: 0.7911 time 4.29s
Epoch 0/120 583/1000 loss: 0.7913 time 4.29s
Epoch 0/120 584/1000 loss: 0.7909 time 4.29s
Epoch 0/120 585/1000 loss: 0.7910 time 4.29s
Epoch 0/120 586/1000 loss: 0.7907 time 4.30s
Epoch 0/120 587/1000 loss: 0.7904 time 4.29s
Epoch 0/120 588/1000 loss: 0.7903 time 4.30s
Epoch 0/120 589/1000 loss: 0.7907 time 4.29s
Epoch 0/120 590/1000 loss: 0.7908 time 4.30s
Epoch 0/120 591/1000 loss: 0.7908 time 4.29s
Epoch 0/120 592/1000 loss: 0.7906 time 4.29s
Epoch 0/120 593/1000 loss: 0.7906 time 4.29s
Epoch 0/120 594/1000 loss: 0.7906 time 4.29s
Epoch 0/120 595/1000 loss: 0.7905 time 4.28s
Epoch 0/120 596/1000 loss: 0.7902 time 4.30s
Epoch 0/120 597/1000 loss: 0.7903 time 4.29s
Epoch 0/120 598/1000 loss: 0.7901 time 4.29s
Epoch 0/120 599/1000 loss: 0.7900 time 4.29s
Epoch 0/120 600/1000 loss: 0.7897 time 4.29s
Epoch 0/120 601/1000 loss: 0.7897 time 4.29s
Epoch 0/120 602/1000 loss: 0.7893 time 4.29s
Epoch 0/120 603/1000 loss: 0.7892 time 4.29s
Epoch 0/120 604/1000 loss: 0.7893 time 4.29s
Epoch 0/120 605/1000 loss: 0.7893 time 4.29s
Epoch 0/120 606/1000 loss: 0.7891 time 4.29s
Epoch 0/120 607/1000 loss: 0.7893 time 4.29s
Epoch 0/120 608/1000 loss: 0.7896 time 4.29s
Epoch 0/120 609/1000 loss: 0.7896 time 4.29s
Epoch 0/120 610/1000 loss: 0.7897 time 4.30s
Epoch 0/120 611/1000 loss: 0.7897 time 4.29s
Epoch 0/120 612/1000 loss: 0.7896 time 4.29s
Epoch 0/120 613/1000 loss: 0.7898 time 4.29s
Epoch 0/120 614/1000 loss: 0.7899 time 4.29s
Epoch 0/120 615/1000 loss: 0.7895 time 4.30s
Epoch 0/120 616/1000 loss: 0.7898 time 4.29s
Epoch 0/120 617/1000 loss: 0.7897 time 4.29s
Epoch 0/120 618/1000 loss: 0.7900 time 4.30s
Epoch 0/120 619/1000 loss: 0.7899 time 4.29s
Epoch 0/120 620/1000 loss: 0.7895 time 4.29s
Epoch 0/120 621/1000 loss: 0.7893 time 4.30s
Epoch 0/120 622/1000 loss: 0.7891 time 4.28s
Epoch 0/120 623/1000 loss: 0.7888 time 4.30s
Epoch 0/120 624/1000 loss: 0.7887 time 4.30s
Epoch 0/120 625/1000 loss: 0.7884 time 4.28s
Epoch 0/120 626/1000 loss: 0.7882 time 4.29s
Epoch 0/120 627/1000 loss: 0.7886 time 4.29s
Epoch 0/120 628/1000 loss: 0.7887 time 4.30s
Epoch 0/120 629/1000 loss: 0.7884 time 4.29s
Epoch 0/120 630/1000 loss: 0.7883 time 4.29s
Epoch 0/120 631/1000 loss: 0.7879 time 4.29s
Epoch 0/120 632/1000 loss: 0.7877 time 4.29s
Epoch 0/120 633/1000 loss: 0.7876 time 4.29s
Epoch 0/120 634/1000 loss: 0.7878 time 4.30s
Epoch 0/120 635/1000 loss: 0.7877 time 4.29s
Epoch 0/120 636/1000 loss: 0.7872 time 4.29s
Epoch 0/120 637/1000 loss: 0.7871 time 4.30s
Epoch 0/120 638/1000 loss: 0.7869 time 4.29s
Epoch 0/120 639/1000 loss: 0.7867 time 4.29s
Epoch 0/120 640/1000 loss: 0.7867 time 4.29s
Epoch 0/120 641/1000 loss: 0.7867 time 4.29s
Epoch 0/120 642/1000 loss: 0.7866 time 4.29s
Epoch 0/120 643/1000 loss: 0.7865 time 4.29s
Epoch 0/120 644/1000 loss: 0.7866 time 4.29s
Epoch 0/120 645/1000 loss: 0.7863 time 4.28s
Epoch 0/120 646/1000 loss: 0.7862 time 4.29s
Epoch 0/120 647/1000 loss: 0.7865 time 4.30s
Epoch 0/120 648/1000 loss: 0.7864 time 4.29s
Epoch 0/120 649/1000 loss: 0.7865 time 4.29s
Epoch 0/120 650/1000 loss: 0.7864 time 4.30s
Epoch 0/120 651/1000 loss: 0.7864 time 4.29s
Epoch 0/120 652/1000 loss: 0.7863 time 4.30s
Epoch 0/120 653/1000 loss: 0.7860 time 4.29s
Epoch 0/120 654/1000 loss: 0.7857 time 4.29s
Epoch 0/120 655/1000 loss: 0.7858 time 4.29s
Epoch 0/120 656/1000 loss: 0.7859 time 4.28s
Epoch 0/120 657/1000 loss: 0.7858 time 4.30s
Epoch 0/120 658/1000 loss: 0.7853 time 4.30s
Epoch 0/120 659/1000 loss: 0.7851 time 4.29s
Epoch 0/120 660/1000 loss: 0.7849 time 4.29s
Epoch 0/120 661/1000 loss: 0.7848 time 4.30s
Epoch 0/120 662/1000 loss: 0.7847 time 4.28s
Epoch 0/120 663/1000 loss: 0.7847 time 4.30s
Epoch 0/120 664/1000 loss: 0.7844 time 4.29s
Epoch 0/120 665/1000 loss: 0.7846 time 4.29s
Epoch 0/120 666/1000 loss: 0.7847 time 4.29s
Epoch 0/120 667/1000 loss: 0.7849 time 4.30s
Epoch 0/120 668/1000 loss: 0.7848 time 4.29s
Epoch 0/120 669/1000 loss: 0.7844 time 4.30s
Epoch 0/120 670/1000 loss: 0.7839 time 4.30s
Epoch 0/120 671/1000 loss: 0.7834 time 4.29s
Epoch 0/120 672/1000 loss: 0.7834 time 4.28s
Epoch 0/120 673/1000 loss: 0.7833 time 4.30s
Epoch 0/120 674/1000 loss: 0.7836 time 4.29s
Epoch 0/120 675/1000 loss: 0.7831 time 4.29s
Epoch 0/120 676/1000 loss: 0.7829 time 4.29s
Epoch 0/120 677/1000 loss: 0.7831 time 4.30s
Epoch 0/120 678/1000 loss: 0.7832 time 4.29s
Epoch 0/120 679/1000 loss: 0.7831 time 4.30s
Epoch 0/120 680/1000 loss: 0.7835 time 4.29s
Epoch 0/120 681/1000 loss: 0.7835 time 4.30s
Epoch 0/120 682/1000 loss: 0.7836 time 4.29s
Epoch 0/120 683/1000 loss: 0.7836 time 4.29s
Epoch 0/120 684/1000 loss: 0.7835 time 4.30s
Epoch 0/120 685/1000 loss: 0.7830 time 4.29s
Epoch 0/120 686/1000 loss: 0.7829 time 4.29s
Epoch 0/120 687/1000 loss: 0.7827 time 4.29s
Epoch 0/120 688/1000 loss: 0.7825 time 4.30s
Epoch 0/120 689/1000 loss: 0.7821 time 4.29s
Epoch 0/120 690/1000 loss: 0.7816 time 4.29s
Epoch 0/120 691/1000 loss: 0.7817 time 4.30s
Epoch 0/120 692/1000 loss: 0.7817 time 4.29s
Epoch 0/120 693/1000 loss: 0.7815 time 4.29s
Epoch 0/120 694/1000 loss: 0.7815 time 4.30s
Epoch 0/120 695/1000 loss: 0.7817 time 4.29s
Epoch 0/120 696/1000 loss: 0.7816 time 4.29s
Epoch 0/120 697/1000 loss: 0.7811 time 4.29s
Epoch 0/120 698/1000 loss: 0.7809 time 4.30s
Epoch 0/120 699/1000 loss: 0.7809 time 4.29s
Epoch 0/120 700/1000 loss: 0.7808 time 4.30s
Epoch 0/120 701/1000 loss: 0.7807 time 4.30s
Epoch 0/120 702/1000 loss: 0.7809 time 4.30s
Epoch 0/120 703/1000 loss: 0.7809 time 4.30s
Epoch 0/120 704/1000 loss: 0.7808 time 4.29s
Epoch 0/120 705/1000 loss: 0.7806 time 4.30s
Epoch 0/120 706/1000 loss: 0.7805 time 4.29s
Epoch 0/120 707/1000 loss: 0.7804 time 4.30s
Epoch 0/120 708/1000 loss: 0.7806 time 4.29s
Epoch 0/120 709/1000 loss: 0.7807 time 4.29s
Epoch 0/120 710/1000 loss: 0.7806 time 4.29s
Epoch 0/120 711/1000 loss: 0.7805 time 4.30s
Epoch 0/120 712/1000 loss: 0.7804 time 4.29s
Epoch 0/120 713/1000 loss: 0.7805 time 4.29s
Epoch 0/120 714/1000 loss: 0.7807 time 4.29s
Epoch 0/120 715/1000 loss: 0.7805 time 4.29s
Epoch 0/120 716/1000 loss: 0.7804 time 4.30s
Epoch 0/120 717/1000 loss: 0.7800 time 4.30s
Epoch 0/120 718/1000 loss: 0.7800 time 4.30s
Epoch 0/120 719/1000 loss: 0.7798 time 4.28s
Epoch 0/120 720/1000 loss: 0.7794 time 4.30s
Epoch 0/120 721/1000 loss: 0.7793 time 4.29s
Epoch 0/120 722/1000 loss: 0.7789 time 4.30s
Epoch 0/120 723/1000 loss: 0.7786 time 4.29s
Epoch 0/120 724/1000 loss: 0.7789 time 4.29s
Epoch 0/120 725/1000 loss: 0.7788 time 4.29s
Epoch 0/120 726/1000 loss: 0.7788 time 4.29s
Epoch 0/120 727/1000 loss: 0.7785 time 4.30s
Epoch 0/120 728/1000 loss: 0.7783 time 4.29s
Epoch 0/120 729/1000 loss: 0.7782 time 4.30s
Epoch 0/120 730/1000 loss: 0.7782 time 4.29s
Epoch 0/120 731/1000 loss: 0.7777 time 4.29s
Epoch 0/120 732/1000 loss: 0.7773 time 4.30s
Epoch 0/120 733/1000 loss: 0.7770 time 4.30s
Epoch 0/120 734/1000 loss: 0.7767 time 4.28s
Epoch 0/120 735/1000 loss: 0.7766 time 4.30s
Epoch 0/120 736/1000 loss: 0.7766 time 4.29s
Epoch 0/120 737/1000 loss: 0.7763 time 4.30s
Epoch 0/120 738/1000 loss: 0.7763 time 4.29s
Epoch 0/120 739/1000 loss: 0.7760 time 4.29s
Epoch 0/120 740/1000 loss: 0.7763 time 4.29s
Epoch 0/120 741/1000 loss: 0.7763 time 4.29s
Epoch 0/120 742/1000 loss: 0.7761 time 4.29s
Epoch 0/120 743/1000 loss: 0.7758 time 4.29s
Epoch 0/120 744/1000 loss: 0.7757 time 4.28s
Epoch 0/120 745/1000 loss: 0.7756 time 4.29s
Epoch 0/120 746/1000 loss: 0.7756 time 4.30s
Epoch 0/120 747/1000 loss: 0.7753 time 4.29s
Epoch 0/120 748/1000 loss: 0.7752 time 4.30s
Epoch 0/120 749/1000 loss: 0.7754 time 4.30s
Epoch 0/120 750/1000 loss: 0.7751 time 4.30s
Epoch 0/120 751/1000 loss: 0.7749 time 4.30s
Epoch 0/120 752/1000 loss: 0.7746 time 4.29s
Epoch 0/120 753/1000 loss: 0.7742 time 4.30s
Epoch 0/120 754/1000 loss: 0.7743 time 4.29s
Epoch 0/120 755/1000 loss: 0.7741 time 4.29s
Epoch 0/120 756/1000 loss: 0.7742 time 4.29s
Epoch 0/120 757/1000 loss: 0.7743 time 4.29s
Epoch 0/120 758/1000 loss: 0.7739 time 4.29s
Epoch 0/120 759/1000 loss: 0.7737 time 4.29s
Epoch 0/120 760/1000 loss: 0.7737 time 4.29s
Epoch 0/120 761/1000 loss: 0.7739 time 4.28s
Epoch 0/120 762/1000 loss: 0.7734 time 4.28s
Epoch 0/120 763/1000 loss: 0.7732 time 4.29s
Epoch 0/120 764/1000 loss: 0.7731 time 4.29s
Epoch 0/120 765/1000 loss: 0.7731 time 4.29s
Epoch 0/120 766/1000 loss: 0.7735 time 4.29s
Epoch 0/120 767/1000 loss: 0.7733 time 4.29s
Epoch 0/120 768/1000 loss: 0.7731 time 4.29s
Epoch 0/120 769/1000 loss: 0.7729 time 4.29s
Epoch 0/120 770/1000 loss: 0.7726 time 4.28s
Epoch 0/120 771/1000 loss: 0.7727 time 4.29s
Epoch 0/120 772/1000 loss: 0.7733 time 4.29s
Epoch 0/120 773/1000 loss: 0.7735 time 4.29s
Epoch 0/120 774/1000 loss: 0.7734 time 4.30s
Epoch 0/120 775/1000 loss: 0.7733 time 4.29s
Epoch 0/120 776/1000 loss: 0.7732 time 4.29s
Epoch 0/120 777/1000 loss: 0.7731 time 4.29s
Epoch 0/120 778/1000 loss: 0.7731 time 4.29s
Epoch 0/120 779/1000 loss: 0.7728 time 4.29s
Epoch 0/120 780/1000 loss: 0.7725 time 4.29s
Epoch 0/120 781/1000 loss: 0.7725 time 4.30s
Epoch 0/120 782/1000 loss: 0.7721 time 4.29s
Epoch 0/120 783/1000 loss: 0.7722 time 4.29s
Epoch 0/120 784/1000 loss: 0.7721 time 4.30s
Epoch 0/120 785/1000 loss: 0.7720 time 4.29s
Epoch 0/120 786/1000 loss: 0.7718 time 4.29s
Epoch 0/120 787/1000 loss: 0.7719 time 4.29s
Epoch 0/120 788/1000 loss: 0.7718 time 4.30s
Epoch 0/120 789/1000 loss: 0.7717 time 4.29s
Epoch 0/120 790/1000 loss: 0.7715 time 4.30s
Epoch 0/120 791/1000 loss: 0.7712 time 4.29s
Epoch 0/120 792/1000 loss: 0.7714 time 4.30s
Epoch 0/120 793/1000 loss: 0.7715 time 4.29s
Epoch 0/120 794/1000 loss: 0.7713 time 4.29s
Epoch 0/120 795/1000 loss: 0.7709 time 4.30s
Epoch 0/120 796/1000 loss: 0.7707 time 4.30s
Epoch 0/120 797/1000 loss: 0.7705 time 4.29s
Epoch 0/120 798/1000 loss: 0.7703 time 4.29s
Epoch 0/120 799/1000 loss: 0.7703 time 4.28s
Epoch 0/120 800/1000 loss: 0.7702 time 4.30s
Epoch 0/120 801/1000 loss: 0.7699 time 4.29s
Epoch 0/120 802/1000 loss: 0.7699 time 4.29s
Epoch 0/120 803/1000 loss: 0.7699 time 4.29s
Epoch 0/120 804/1000 loss: 0.7695 time 4.29s
Epoch 0/120 805/1000 loss: 0.7696 time 4.30s
Epoch 0/120 806/1000 loss: 0.7693 time 4.29s
Epoch 0/120 807/1000 loss: 0.7692 time 4.29s
Epoch 0/120 808/1000 loss: 0.7692 time 4.29s
Epoch 0/120 809/1000 loss: 0.7692 time 4.29s
Epoch 0/120 810/1000 loss: 0.7692 time 4.28s
Epoch 0/120 811/1000 loss: 0.7691 time 4.30s
Epoch 0/120 812/1000 loss: 0.7688 time 4.29s
Epoch 0/120 813/1000 loss: 0.7686 time 4.29s
Epoch 0/120 814/1000 loss: 0.7685 time 4.29s
Epoch 0/120 815/1000 loss: 0.7685 time 4.29s
Epoch 0/120 816/1000 loss: 0.7687 time 4.30s
Epoch 0/120 817/1000 loss: 0.7687 time 4.29s
Epoch 0/120 818/1000 loss: 0.7684 time 4.29s
Epoch 0/120 819/1000 loss: 0.7683 time 4.29s
Epoch 0/120 820/1000 loss: 0.7684 time 4.29s
Epoch 0/120 821/1000 loss: 0.7687 time 4.30s
Epoch 0/120 822/1000 loss: 0.7684 time 4.29s
Epoch 0/120 823/1000 loss: 0.7684 time 4.29s
Epoch 0/120 824/1000 loss: 0.7683 time 4.30s
Epoch 0/120 825/1000 loss: 0.7679 time 4.29s
Epoch 0/120 826/1000 loss: 0.7678 time 4.30s
Epoch 0/120 827/1000 loss: 0.7679 time 4.28s
Epoch 0/120 828/1000 loss: 0.7678 time 4.30s
Epoch 0/120 829/1000 loss: 0.7678 time 4.29s
Epoch 0/120 830/1000 loss: 0.7677 time 4.30s
Epoch 0/120 831/1000 loss: 0.7680 time 4.30s
Epoch 0/120 832/1000 loss: 0.7678 time 4.29s
Epoch 0/120 833/1000 loss: 0.7675 time 4.29s
Epoch 0/120 834/1000 loss: 0.7675 time 4.29s
Epoch 0/120 835/1000 loss: 0.7672 time 4.29s
Epoch 0/120 836/1000 loss: 0.7671 time 4.30s
Epoch 0/120 837/1000 loss: 0.7669 time 4.29s
Epoch 0/120 838/1000 loss: 0.7670 time 4.29s
Epoch 0/120 839/1000 loss: 0.7669 time 4.30s
Epoch 0/120 840/1000 loss: 0.7666 time 4.29s
Epoch 0/120 841/1000 loss: 0.7665 time 4.29s
Epoch 0/120 842/1000 loss: 0.7668 time 4.30s
Epoch 0/120 843/1000 loss: 0.7671 time 4.30s
Epoch 0/120 844/1000 loss: 0.7668 time 4.29s
Epoch 0/120 845/1000 loss: 0.7667 time 4.29s
Epoch 0/120 846/1000 loss: 0.7665 time 4.30s
Epoch 0/120 847/1000 loss: 0.7664 time 4.29s
Epoch 0/120 848/1000 loss: 0.7661 time 4.30s
Epoch 0/120 849/1000 loss: 0.7660 time 4.29s
Epoch 0/120 850/1000 loss: 0.7663 time 4.29s
Epoch 0/120 851/1000 loss: 0.7662 time 4.29s
Epoch 0/120 852/1000 loss: 0.7661 time 4.30s
Epoch 0/120 853/1000 loss: 0.7660 time 4.29s
Epoch 0/120 854/1000 loss: 0.7659 time 4.29s
Epoch 0/120 855/1000 loss: 0.7656 time 4.29s
Epoch 0/120 856/1000 loss: 0.7654 time 4.29s
Epoch 0/120 857/1000 loss: 0.7653 time 4.28s
Epoch 0/120 858/1000 loss: 0.7651 time 4.30s
Epoch 0/120 859/1000 loss: 0.7650 time 4.29s
Epoch 0/120 860/1000 loss: 0.7649 time 4.29s
Epoch 0/120 861/1000 loss: 0.7647 time 4.28s
Epoch 0/120 862/1000 loss: 0.7647 time 4.29s
Epoch 0/120 863/1000 loss: 0.7648 time 4.29s
Epoch 0/120 864/1000 loss: 0.7649 time 4.29s
Epoch 0/120 865/1000 loss: 0.7646 time 4.30s
Epoch 0/120 866/1000 loss: 0.7643 time 4.30s
Epoch 0/120 867/1000 loss: 0.7642 time 4.29s
Epoch 0/120 868/1000 loss: 0.7642 time 4.29s
Epoch 0/120 869/1000 loss: 0.7640 time 4.29s
Epoch 0/120 870/1000 loss: 0.7640 time 4.28s
Epoch 0/120 871/1000 loss: 0.7639 time 4.28s
Epoch 0/120 872/1000 loss: 0.7637 time 4.29s
Epoch 0/120 873/1000 loss: 0.7635 time 4.28s
Epoch 0/120 874/1000 loss: 0.7633 time 4.29s
Epoch 0/120 875/1000 loss: 0.7631 time 4.28s
Epoch 0/120 876/1000 loss: 0.7632 time 4.28s
Epoch 0/120 877/1000 loss: 0.7631 time 4.29s
Epoch 0/120 878/1000 loss: 0.7630 time 4.29s
Epoch 0/120 879/1000 loss: 0.7629 time 4.29s
Epoch 0/120 880/1000 loss: 0.7626 time 4.29s
Epoch 0/120 881/1000 loss: 0.7626 time 4.28s
Epoch 0/120 882/1000 loss: 0.7626 time 4.30s
Epoch 0/120 883/1000 loss: 0.7625 time 4.29s
Epoch 0/120 884/1000 loss: 0.7623 time 4.29s
Epoch 0/120 885/1000 loss: 0.7620 time 4.29s
Epoch 0/120 886/1000 loss: 0.7617 time 4.29s
Epoch 0/120 887/1000 loss: 0.7618 time 4.29s
Epoch 0/120 888/1000 loss: 0.7616 time 4.28s
Epoch 0/120 889/1000 loss: 0.7617 time 4.30s
Epoch 0/120 890/1000 loss: 0.7616 time 4.29s
Epoch 0/120 891/1000 loss: 0.7614 time 4.29s
Epoch 0/120 892/1000 loss: 0.7613 time 4.30s
Epoch 0/120 893/1000 loss: 0.7611 time 4.29s
Epoch 0/120 894/1000 loss: 0.7612 time 4.29s
Epoch 0/120 895/1000 loss: 0.7610 time 4.29s
Epoch 0/120 896/1000 loss: 0.7608 time 4.29s
Epoch 0/120 897/1000 loss: 0.7607 time 4.29s
Epoch 0/120 898/1000 loss: 0.7604 time 4.29s
Epoch 0/120 899/1000 loss: 0.7602 time 4.28s
Epoch 0/120 900/1000 loss: 0.7604 time 4.28s
Epoch 0/120 901/1000 loss: 0.7601 time 4.29s
Epoch 0/120 902/1000 loss: 0.7601 time 4.28s
Epoch 0/120 903/1000 loss: 0.7598 time 4.29s
Epoch 0/120 904/1000 loss: 0.7595 time 4.30s
Epoch 0/120 905/1000 loss: 0.7594 time 4.28s
Epoch 0/120 906/1000 loss: 0.7595 time 4.29s
Epoch 0/120 907/1000 loss: 0.7595 time 4.28s
Epoch 0/120 908/1000 loss: 0.7594 time 4.28s
Epoch 0/120 909/1000 loss: 0.7594 time 4.29s
Epoch 0/120 910/1000 loss: 0.7597 time 4.28s
Epoch 0/120 911/1000 loss: 0.7599 time 4.29s
Epoch 0/120 912/1000 loss: 0.7597 time 4.29s
Epoch 0/120 913/1000 loss: 0.7596 time 4.29s
Epoch 0/120 914/1000 loss: 0.7595 time 4.30s
Epoch 0/120 915/1000 loss: 0.7594 time 4.29s
Epoch 0/120 916/1000 loss: 0.7591 time 4.29s
Epoch 0/120 917/1000 loss: 0.7590 time 4.28s
Epoch 0/120 918/1000 loss: 0.7591 time 4.29s
Epoch 0/120 919/1000 loss: 0.7588 time 4.28s
Epoch 0/120 920/1000 loss: 0.7585 time 4.29s
Epoch 0/120 921/1000 loss: 0.7586 time 4.28s
Epoch 0/120 922/1000 loss: 0.7584 time 4.29s
Epoch 0/120 923/1000 loss: 0.7582 time 4.28s
Epoch 0/120 924/1000 loss: 0.7582 time 4.28s
Epoch 0/120 925/1000 loss: 0.7579 time 4.29s
Epoch 0/120 926/1000 loss: 0.7578 time 4.30s
Epoch 0/120 927/1000 loss: 0.7575 time 4.28s
Epoch 0/120 928/1000 loss: 0.7573 time 4.29s
Epoch 0/120 929/1000 loss: 0.7573 time 4.29s
Epoch 0/120 930/1000 loss: 0.7572 time 4.29s
Epoch 0/120 931/1000 loss: 0.7574 time 4.29s
Epoch 0/120 932/1000 loss: 0.7573 time 4.29s
Epoch 0/120 933/1000 loss: 0.7573 time 4.29s
Epoch 0/120 934/1000 loss: 0.7572 time 4.30s
Epoch 0/120 935/1000 loss: 0.7574 time 4.29s
Epoch 0/120 936/1000 loss: 0.7576 time 4.30s
Epoch 0/120 937/1000 loss: 0.7573 time 4.30s
Epoch 0/120 938/1000 loss: 0.7573 time 4.30s
Epoch 0/120 939/1000 loss: 0.7573 time 4.30s
Epoch 0/120 940/1000 loss: 0.7572 time 4.29s
Epoch 0/120 941/1000 loss: 0.7574 time 4.30s
Epoch 0/120 942/1000 loss: 0.7575 time 4.29s
Epoch 0/120 943/1000 loss: 0.7576 time 4.30s
Epoch 0/120 944/1000 loss: 0.7576 time 4.29s
Epoch 0/120 945/1000 loss: 0.7573 time 4.30s
Epoch 0/120 946/1000 loss: 0.7576 time 4.29s
Epoch 0/120 947/1000 loss: 0.7577 time 4.29s
Epoch 0/120 948/1000 loss: 0.7576 time 4.29s
Epoch 0/120 949/1000 loss: 0.7575 time 4.29s
Epoch 0/120 950/1000 loss: 0.7573 time 4.30s
Epoch 0/120 951/1000 loss: 0.7576 time 4.29s
Epoch 0/120 952/1000 loss: 0.7576 time 4.29s
Epoch 0/120 953/1000 loss: 0.7575 time 4.29s
Epoch 0/120 954/1000 loss: 0.7573 time 4.29s
Epoch 0/120 955/1000 loss: 0.7572 time 4.28s
Epoch 0/120 956/1000 loss: 0.7571 time 4.29s
Epoch 0/120 957/1000 loss: 0.7570 time 4.29s
Epoch 0/120 958/1000 loss: 0.7567 time 4.29s
Epoch 0/120 959/1000 loss: 0.7568 time 4.29s
Epoch 0/120 960/1000 loss: 0.7567 time 4.30s
Epoch 0/120 961/1000 loss: 0.7569 time 4.29s
Epoch 0/120 962/1000 loss: 0.7570 time 4.29s
Epoch 0/120 963/1000 loss: 0.7569 time 4.28s
Epoch 0/120 964/1000 loss: 0.7570 time 4.28s
Epoch 0/120 965/1000 loss: 0.7567 time 4.29s
Epoch 0/120 966/1000 loss: 0.7569 time 4.29s
Epoch 0/120 967/1000 loss: 0.7568 time 4.29s
Epoch 0/120 968/1000 loss: 0.7566 time 4.29s
Epoch 0/120 969/1000 loss: 0.7566 time 4.29s
Epoch 0/120 970/1000 loss: 0.7566 time 4.29s
Epoch 0/120 971/1000 loss: 0.7568 time 4.28s
Epoch 0/120 972/1000 loss: 0.7566 time 4.30s
Epoch 0/120 973/1000 loss: 0.7567 time 4.29s
Epoch 0/120 974/1000 loss: 0.7566 time 4.30s
Epoch 0/120 975/1000 loss: 0.7566 time 4.29s
Epoch 0/120 976/1000 loss: 0.7567 time 4.29s
Epoch 0/120 977/1000 loss: 0.7566 time 4.29s
Epoch 0/120 978/1000 loss: 0.7567 time 4.29s
Epoch 0/120 979/1000 loss: 0.7567 time 4.28s
Epoch 0/120 980/1000 loss: 0.7565 time 4.30s
Epoch 0/120 981/1000 loss: 0.7564 time 4.28s
Epoch 0/120 982/1000 loss: 0.7564 time 4.30s
Epoch 0/120 983/1000 loss: 0.7563 time 4.29s
Epoch 0/120 984/1000 loss: 0.7561 time 4.30s
Epoch 0/120 985/1000 loss: 0.7561 time 4.29s
Epoch 0/120 986/1000 loss: 0.7560 time 4.28s
Epoch 0/120 987/1000 loss: 0.7556 time 4.29s
Epoch 0/120 988/1000 loss: 0.7557 time 4.30s
Epoch 0/120 989/1000 loss: 0.7559 time 4.30s
Epoch 0/120 990/1000 loss: 0.7558 time 4.30s
Epoch 0/120 991/1000 loss: 0.7556 time 4.29s
Epoch 0/120 992/1000 loss: 0.7556 time 4.29s
Epoch 0/120 993/1000 loss: 0.7556 time 4.29s
Epoch 0/120 994/1000 loss: 0.7554 time 4.29s
Epoch 0/120 995/1000 loss: 0.7553 time 4.30s
Epoch 0/120 996/1000 loss: 0.7553 time 4.29s
Epoch 0/120 997/1000 loss: 0.7552 time 4.30s
Epoch 0/120 998/1000 loss: 0.7549 time 4.28s
Epoch 0/120 999/1000 loss: 0.7548 time 4.30s
Final training  0/119 loss: 0.7548 time 4320.09s
slurmstepd: error: *** JOB 9879452 ON gra1186 CANCELLED AT 2023-08-05T23:59:16 ***
