None
MONAI version: 1.2.0rc7+9.g84940298
Numpy version: 1.24.2
Pytorch version: 1.13.1
MONAI flags: HAS_EXT = False, USE_COMPILED = False, USE_META_DICT = False
MONAI rev id: 84940298bff9ff1f54845eb8ae7422c0092c09c1
MONAI __file__: /home/guest185/hackathon_38/lib/python3.8/site-packages/monai/__init__.py

Optional dependencies:
Pytorch Ignite version: 0.4.2
ITK version: NOT INSTALLED or UNKNOWN VERSION.
Nibabel version: 5.1.0
scikit-image version: 0.19.3
Pillow version: 9.5.0
Tensorboard version: 2.13.0
gdown version: 4.7.1
TorchVision version: 0.14.1
tqdm version: 4.65.0
lmdb version: 1.2.1
psutil version: 5.9.4
pandas version: 1.5.3
einops version: 0.6.1
transformers version: 4.21.3
mlflow version: NOT INSTALLED or UNKNOWN VERSION.
pynrrd version: 1.0.0

For details about installing the optional dependencies, please visit:
    https://docs.monai.io/en/latest/installation.html#installing-the-recommended-dependencies

/tmp/tmpwswg_7dv
image shape: (240, 240, 155), label shape: (240, 240, 155)
Mon Jul 24 02:19:56 2023 Epoch: 0
In the future `np.bool` will be defined as the corresponding NumPy scalar.
In the future `np.bool` will be defined as the corresponding NumPy scalar.
In the future `np.bool` will be defined as the corresponding NumPy scalar.
In the future `np.bool` will be defined as the corresponding NumPy scalar.
monai.transforms.io.dictionary LoadImaged.__init__:image_only: Current default value of argument `image_only=False` has been deprecated since version 1.1. It will be changed to `image_only=True` in version 1.3.
In the future `np.bool` will be defined as the corresponding NumPy scalar.
In the future `np.bool` will be defined as the corresponding NumPy scalar.
Epoch 0/20 0/1000 loss: 0.9777 time 53.19s
Epoch 0/20 1/1000 loss: 0.9514 time 4.28s
Epoch 0/20 2/1000 loss: 0.9556 time 4.60s
Epoch 0/20 3/1000 loss: 0.9486 time 4.20s
Epoch 0/20 4/1000 loss: 0.9471 time 4.22s
Epoch 0/20 5/1000 loss: 0.9434 time 4.24s
Epoch 0/20 6/1000 loss: 0.9483 time 4.24s
Epoch 0/20 7/1000 loss: 0.9529 time 4.26s
Epoch 0/20 8/1000 loss: 0.9528 time 4.29s
Epoch 0/20 9/1000 loss: 0.9529 time 4.28s
Epoch 0/20 10/1000 loss: 0.9533 time 4.30s
Epoch 0/20 11/1000 loss: 0.9484 time 4.31s
Epoch 0/20 12/1000 loss: 0.9519 time 4.32s
Epoch 0/20 13/1000 loss: 0.9527 time 4.34s
Epoch 0/20 14/1000 loss: 0.9556 time 4.36s
Epoch 0/20 15/1000 loss: 0.9537 time 4.36s
Epoch 0/20 16/1000 loss: 0.9533 time 4.37s
Epoch 0/20 17/1000 loss: 0.9504 time 4.39s
Epoch 0/20 18/1000 loss: 0.9450 time 4.40s
Epoch 0/20 19/1000 loss: 0.9408 time 4.42s
Epoch 0/20 20/1000 loss: 0.9400 time 4.43s
Epoch 0/20 21/1000 loss: 0.9419 time 4.44s
Epoch 0/20 22/1000 loss: 0.9430 time 4.46s
Epoch 0/20 23/1000 loss: 0.9423 time 4.45s
Epoch 0/20 24/1000 loss: 0.9425 time 4.46s
Epoch 0/20 25/1000 loss: 0.9389 time 4.46s
Epoch 0/20 26/1000 loss: 0.9353 time 4.47s
Epoch 0/20 27/1000 loss: 0.9359 time 4.47s
Epoch 0/20 28/1000 loss: 0.9374 time 4.47s
Epoch 0/20 29/1000 loss: 0.9326 time 4.45s
Epoch 0/20 30/1000 loss: 0.9345 time 4.48s
Epoch 0/20 31/1000 loss: 0.9364 time 4.47s
Epoch 0/20 32/1000 loss: 0.9329 time 4.48s
Epoch 0/20 33/1000 loss: 0.9325 time 4.48s
Epoch 0/20 34/1000 loss: 0.9295 time 4.48s
Epoch 0/20 35/1000 loss: 0.9250 time 4.47s
Epoch 0/20 36/1000 loss: 0.9262 time 4.48s
Epoch 0/20 37/1000 loss: 0.9277 time 4.48s
Epoch 0/20 38/1000 loss: 0.9217 time 4.48s
Epoch 0/20 39/1000 loss: 0.9224 time 4.47s
Epoch 0/20 40/1000 loss: 0.9202 time 4.47s
Epoch 0/20 41/1000 loss: 0.9162 time 4.47s
Epoch 0/20 42/1000 loss: 0.9140 time 4.46s
Epoch 0/20 43/1000 loss: 0.9117 time 4.47s
Epoch 0/20 44/1000 loss: 0.9137 time 4.46s
Epoch 0/20 45/1000 loss: 0.9141 time 4.46s
Epoch 0/20 46/1000 loss: 0.9158 time 4.45s
Epoch 0/20 47/1000 loss: 0.9156 time 4.45s
Epoch 0/20 48/1000 loss: 0.9119 time 4.45s
Epoch 0/20 49/1000 loss: 0.9136 time 4.45s
Epoch 0/20 50/1000 loss: 0.9149 time 4.44s
Epoch 0/20 51/1000 loss: 0.9141 time 4.44s
Epoch 0/20 52/1000 loss: 0.9123 time 4.45s
Epoch 0/20 53/1000 loss: 0.9107 time 4.44s
Epoch 0/20 54/1000 loss: 0.9108 time 4.43s
Epoch 0/20 55/1000 loss: 0.9124 time 4.43s
Epoch 0/20 56/1000 loss: 0.9124 time 4.43s
Epoch 0/20 57/1000 loss: 0.9109 time 4.41s
Epoch 0/20 58/1000 loss: 0.9080 time 4.42s
Epoch 0/20 59/1000 loss: 0.9087 time 4.40s
Epoch 0/20 60/1000 loss: 0.9088 time 4.41s
Epoch 0/20 61/1000 loss: 0.9074 time 4.41s
Epoch 0/20 62/1000 loss: 0.9074 time 4.40s
Epoch 0/20 63/1000 loss: 0.9058 time 4.41s
Epoch 0/20 64/1000 loss: 0.9035 time 4.40s
Epoch 0/20 65/1000 loss: 0.9011 time 4.40s
Epoch 0/20 66/1000 loss: 0.9002 time 4.40s
Epoch 0/20 67/1000 loss: 0.9011 time 4.39s
Epoch 0/20 68/1000 loss: 0.8995 time 4.40s
Epoch 0/20 69/1000 loss: 0.8998 time 4.39s
Epoch 0/20 70/1000 loss: 0.8992 time 4.38s
Epoch 0/20 71/1000 loss: 0.9000 time 4.38s
Epoch 0/20 72/1000 loss: 0.8992 time 4.40s
Epoch 0/20 73/1000 loss: 0.8979 time 4.39s
Epoch 0/20 74/1000 loss: 0.8986 time 4.39s
Epoch 0/20 75/1000 loss: 0.8979 time 4.39s
Epoch 0/20 76/1000 loss: 0.8975 time 4.40s
Epoch 0/20 77/1000 loss: 0.8976 time 4.39s
Epoch 0/20 78/1000 loss: 0.8980 time 4.38s
Epoch 0/20 79/1000 loss: 0.8984 time 4.39s
Epoch 0/20 80/1000 loss: 0.8968 time 4.39s
Epoch 0/20 81/1000 loss: 0.8965 time 4.38s
Epoch 0/20 82/1000 loss: 0.8963 time 4.38s
Epoch 0/20 83/1000 loss: 0.8954 time 4.38s
Epoch 0/20 84/1000 loss: 0.8930 time 4.38s
Epoch 0/20 85/1000 loss: 0.8915 time 4.37s
Epoch 0/20 86/1000 loss: 0.8917 time 4.37s
Epoch 0/20 87/1000 loss: 0.8910 time 4.37s
Epoch 0/20 88/1000 loss: 0.8895 time 4.37s
Epoch 0/20 89/1000 loss: 0.8902 time 4.37s
Epoch 0/20 90/1000 loss: 0.8906 time 4.35s
Epoch 0/20 91/1000 loss: 0.8881 time 4.35s
Epoch 0/20 92/1000 loss: 0.8892 time 4.36s
Epoch 0/20 93/1000 loss: 0.8891 time 4.35s
Epoch 0/20 94/1000 loss: 0.8870 time 4.35s
Epoch 0/20 95/1000 loss: 0.8864 time 4.35s
Epoch 0/20 96/1000 loss: 0.8863 time 4.36s
Epoch 0/20 97/1000 loss: 0.8865 time 4.35s
Epoch 0/20 98/1000 loss: 0.8862 time 4.36s
Epoch 0/20 99/1000 loss: 0.8850 time 4.35s
Epoch 0/20 100/1000 loss: 0.8836 time 4.35s
Epoch 0/20 101/1000 loss: 0.8814 time 4.35s
Epoch 0/20 102/1000 loss: 0.8803 time 4.35s
Epoch 0/20 103/1000 loss: 0.8786 time 4.35s
Epoch 0/20 104/1000 loss: 0.8760 time 4.35s
Epoch 0/20 105/1000 loss: 0.8756 time 4.35s
Epoch 0/20 106/1000 loss: 0.8721 time 4.36s
Epoch 0/20 107/1000 loss: 0.8701 time 4.35s
Epoch 0/20 108/1000 loss: 0.8691 time 4.35s
Epoch 0/20 109/1000 loss: 0.8675 time 4.35s
Epoch 0/20 110/1000 loss: 0.8681 time 4.35s
Epoch 0/20 111/1000 loss: 0.8690 time 4.34s
Epoch 0/20 112/1000 loss: 0.8685 time 4.35s
Epoch 0/20 113/1000 loss: 0.8671 time 4.34s
Epoch 0/20 114/1000 loss: 0.8680 time 4.35s
Epoch 0/20 115/1000 loss: 0.8685 time 4.35s
Epoch 0/20 116/1000 loss: 0.8678 time 4.34s
Epoch 0/20 117/1000 loss: 0.8676 time 4.35s
Epoch 0/20 118/1000 loss: 0.8670 time 4.35s
Epoch 0/20 119/1000 loss: 0.8670 time 4.34s
Epoch 0/20 120/1000 loss: 0.8676 time 4.35s
Epoch 0/20 121/1000 loss: 0.8680 time 4.33s
Epoch 0/20 122/1000 loss: 0.8673 time 4.35s
Epoch 0/20 123/1000 loss: 0.8653 time 4.33s
Epoch 0/20 124/1000 loss: 0.8653 time 4.35s
Epoch 0/20 125/1000 loss: 0.8647 time 4.34s
Epoch 0/20 126/1000 loss: 0.8658 time 4.34s
Epoch 0/20 127/1000 loss: 0.8643 time 4.34s
Epoch 0/20 128/1000 loss: 0.8645 time 4.34s
Epoch 0/20 129/1000 loss: 0.8648 time 4.34s
Epoch 0/20 130/1000 loss: 0.8635 time 4.33s
Epoch 0/20 131/1000 loss: 0.8614 time 4.35s
Epoch 0/20 132/1000 loss: 0.8599 time 4.34s
Epoch 0/20 133/1000 loss: 0.8595 time 4.35s
Epoch 0/20 134/1000 loss: 0.8594 time 4.34s
Epoch 0/20 135/1000 loss: 0.8591 time 4.34s
Epoch 0/20 136/1000 loss: 0.8583 time 4.35s
Epoch 0/20 137/1000 loss: 0.8579 time 4.33s
Epoch 0/20 138/1000 loss: 0.8585 time 4.35s
Epoch 0/20 139/1000 loss: 0.8575 time 4.34s
Epoch 0/20 140/1000 loss: 0.8566 time 4.35s
Epoch 0/20 141/1000 loss: 0.8561 time 4.34s
Epoch 0/20 142/1000 loss: 0.8571 time 4.33s
Epoch 0/20 143/1000 loss: 0.8571 time 4.34s
Epoch 0/20 144/1000 loss: 0.8559 time 4.33s
Epoch 0/20 145/1000 loss: 0.8560 time 4.34s
Epoch 0/20 146/1000 loss: 0.8566 time 4.36s
Epoch 0/20 147/1000 loss: 0.8557 time 4.34s
Epoch 0/20 148/1000 loss: 0.8547 time 4.34s
Epoch 0/20 149/1000 loss: 0.8533 time 4.34s
Epoch 0/20 150/1000 loss: 0.8536 time 4.33s
Epoch 0/20 151/1000 loss: 0.8522 time 4.35s
Epoch 0/20 152/1000 loss: 0.8520 time 4.33s
Epoch 0/20 153/1000 loss: 0.8514 time 4.35s
Epoch 0/20 154/1000 loss: 0.8506 time 4.34s
Epoch 0/20 155/1000 loss: 0.8504 time 4.34s
Epoch 0/20 156/1000 loss: 0.8497 time 4.33s
Epoch 0/20 157/1000 loss: 0.8469 time 4.34s
Epoch 0/20 158/1000 loss: 0.8460 time 4.34s
Epoch 0/20 159/1000 loss: 0.8459 time 4.34s
Epoch 0/20 160/1000 loss: 0.8453 time 4.34s
Epoch 0/20 161/1000 loss: 0.8446 time 4.33s
Epoch 0/20 162/1000 loss: 0.8438 time 4.35s
Epoch 0/20 163/1000 loss: 0.8427 time 4.33s
Epoch 0/20 164/1000 loss: 0.8422 time 4.33s
Epoch 0/20 165/1000 loss: 0.8416 time 4.33s
Epoch 0/20 166/1000 loss: 0.8411 time 4.34s
Epoch 0/20 167/1000 loss: 0.8401 time 4.33s
Epoch 0/20 168/1000 loss: 0.8404 time 4.34s
Epoch 0/20 169/1000 loss: 0.8397 time 4.34s
Epoch 0/20 170/1000 loss: 0.8391 time 4.33s
Epoch 0/20 171/1000 loss: 0.8386 time 4.33s
Epoch 0/20 172/1000 loss: 0.8383 time 4.35s
Epoch 0/20 173/1000 loss: 0.8372 time 4.33s
Epoch 0/20 174/1000 loss: 0.8376 time 4.34s
Epoch 0/20 175/1000 loss: 0.8372 time 4.33s
Epoch 0/20 176/1000 loss: 0.8376 time 4.34s
Epoch 0/20 177/1000 loss: 0.8384 time 4.33s
Epoch 0/20 178/1000 loss: 0.8382 time 4.33s
Epoch 0/20 179/1000 loss: 0.8380 time 4.34s
Epoch 0/20 180/1000 loss: 0.8378 time 4.34s
Epoch 0/20 181/1000 loss: 0.8381 time 4.34s
Epoch 0/20 182/1000 loss: 0.8378 time 4.33s
Epoch 0/20 183/1000 loss: 0.8366 time 4.33s
Epoch 0/20 184/1000 loss: 0.8356 time 4.35s
Epoch 0/20 185/1000 loss: 0.8352 time 4.33s
Epoch 0/20 186/1000 loss: 0.8339 time 4.35s
Epoch 0/20 187/1000 loss: 0.8335 time 4.33s
Epoch 0/20 188/1000 loss: 0.8339 time 4.34s
Epoch 0/20 189/1000 loss: 0.8333 time 4.33s
Epoch 0/20 190/1000 loss: 0.8320 time 4.35s
Epoch 0/20 191/1000 loss: 0.8326 time 4.32s
Epoch 0/20 192/1000 loss: 0.8322 time 4.34s
Epoch 0/20 193/1000 loss: 0.8319 time 4.34s
Epoch 0/20 194/1000 loss: 0.8321 time 4.33s
Epoch 0/20 195/1000 loss: 0.8310 time 4.33s
Epoch 0/20 196/1000 loss: 0.8316 time 4.34s
Epoch 0/20 197/1000 loss: 0.8310 time 4.33s
Epoch 0/20 198/1000 loss: 0.8298 time 4.33s
Epoch 0/20 199/1000 loss: 0.8298 time 4.33s
Epoch 0/20 200/1000 loss: 0.8305 time 4.34s
Epoch 0/20 201/1000 loss: 0.8302 time 4.34s
Epoch 0/20 202/1000 loss: 0.8309 time 4.34s
Epoch 0/20 203/1000 loss: 0.8312 time 4.33s
Epoch 0/20 204/1000 loss: 0.8312 time 4.33s
Epoch 0/20 205/1000 loss: 0.8302 time 4.33s
Epoch 0/20 206/1000 loss: 0.8292 time 4.34s
Epoch 0/20 207/1000 loss: 0.8295 time 4.34s
Epoch 0/20 208/1000 loss: 0.8302 time 4.33s
Epoch 0/20 209/1000 loss: 0.8300 time 4.33s
Epoch 0/20 210/1000 loss: 0.8298 time 4.34s
Epoch 0/20 211/1000 loss: 0.8296 time 4.33s
Epoch 0/20 212/1000 loss: 0.8295 time 4.33s
Epoch 0/20 213/1000 loss: 0.8296 time 4.33s
Epoch 0/20 214/1000 loss: 0.8283 time 4.33s
Epoch 0/20 215/1000 loss: 0.8281 time 4.34s
Epoch 0/20 216/1000 loss: 0.8270 time 4.34s
Epoch 0/20 217/1000 loss: 0.8276 time 4.33s
Epoch 0/20 218/1000 loss: 0.8273 time 4.33s
Epoch 0/20 219/1000 loss: 0.8268 time 4.34s
Epoch 0/20 220/1000 loss: 0.8264 time 4.33s
Epoch 0/20 221/1000 loss: 0.8269 time 4.33s
Epoch 0/20 222/1000 loss: 0.8270 time 4.33s
Epoch 0/20 223/1000 loss: 0.8264 time 4.34s
Epoch 0/20 224/1000 loss: 0.8264 time 4.33s
Epoch 0/20 225/1000 loss: 0.8256 time 4.33s
Epoch 0/20 226/1000 loss: 0.8259 time 4.34s
Epoch 0/20 227/1000 loss: 0.8263 time 4.34s
Epoch 0/20 228/1000 loss: 0.8253 time 4.34s
Epoch 0/20 229/1000 loss: 0.8257 time 4.33s
Epoch 0/20 230/1000 loss: 0.8261 time 4.33s
Epoch 0/20 231/1000 loss: 0.8259 time 4.33s
Epoch 0/20 232/1000 loss: 0.8257 time 4.33s
Epoch 0/20 233/1000 loss: 0.8259 time 4.33s
Epoch 0/20 234/1000 loss: 0.8260 time 4.35s
Epoch 0/20 235/1000 loss: 0.8262 time 4.33s
Epoch 0/20 236/1000 loss: 0.8265 time 4.34s
Epoch 0/20 237/1000 loss: 0.8266 time 4.33s
Epoch 0/20 238/1000 loss: 0.8272 time 4.33s
Epoch 0/20 239/1000 loss: 0.8273 time 4.33s
Epoch 0/20 240/1000 loss: 0.8278 time 4.33s
Epoch 0/20 241/1000 loss: 0.8281 time 4.33s
Epoch 0/20 242/1000 loss: 0.8284 time 4.35s
Epoch 0/20 243/1000 loss: 0.8288 time 4.33s
Epoch 0/20 244/1000 loss: 0.8291 time 4.34s
Epoch 0/20 245/1000 loss: 0.8291 time 4.33s
Epoch 0/20 246/1000 loss: 0.8289 time 4.33s
Epoch 0/20 247/1000 loss: 0.8285 time 4.33s
Epoch 0/20 248/1000 loss: 0.8283 time 4.33s
Epoch 0/20 249/1000 loss: 0.8277 time 4.34s
Epoch 0/20 250/1000 loss: 0.8271 time 4.34s
Epoch 0/20 251/1000 loss: 0.8271 time 4.33s
Epoch 0/20 252/1000 loss: 0.8264 time 4.34s
Epoch 0/20 253/1000 loss: 0.8253 time 4.33s
Epoch 0/20 254/1000 loss: 0.8256 time 4.34s
Epoch 0/20 255/1000 loss: 0.8250 time 4.33s
Epoch 0/20 256/1000 loss: 0.8249 time 4.33s
Epoch 0/20 257/1000 loss: 0.8245 time 4.33s
Epoch 0/20 258/1000 loss: 0.8242 time 4.33s
Epoch 0/20 259/1000 loss: 0.8241 time 4.33s
Epoch 0/20 260/1000 loss: 0.8231 time 4.33s
Epoch 0/20 261/1000 loss: 0.8225 time 4.33s
Epoch 0/20 262/1000 loss: 0.8215 time 4.33s
Epoch 0/20 263/1000 loss: 0.8211 time 4.32s
Epoch 0/20 264/1000 loss: 0.8203 time 4.33s
Epoch 0/20 265/1000 loss: 0.8205 time 4.33s
Epoch 0/20 266/1000 loss: 0.8202 time 4.33s
Epoch 0/20 267/1000 loss: 0.8204 time 4.33s
Epoch 0/20 268/1000 loss: 0.8200 time 4.34s
Epoch 0/20 269/1000 loss: 0.8195 time 4.33s
Epoch 0/20 270/1000 loss: 0.8188 time 4.34s
Epoch 0/20 271/1000 loss: 0.8187 time 4.33s
Epoch 0/20 272/1000 loss: 0.8175 time 4.33s
Epoch 0/20 273/1000 loss: 0.8178 time 4.34s
Epoch 0/20 274/1000 loss: 0.8175 time 4.33s
Epoch 0/20 275/1000 loss: 0.8164 time 4.33s
Epoch 0/20 276/1000 loss: 0.8161 time 4.34s
Epoch 0/20 277/1000 loss: 0.8161 time 4.33s
Epoch 0/20 278/1000 loss: 0.8159 time 4.34s
Epoch 0/20 279/1000 loss: 0.8157 time 4.33s
Epoch 0/20 280/1000 loss: 0.8155 time 4.33s
Epoch 0/20 281/1000 loss: 0.8159 time 4.33s
Epoch 0/20 282/1000 loss: 0.8157 time 4.33s
Epoch 0/20 283/1000 loss: 0.8157 time 4.34s
Epoch 0/20 284/1000 loss: 0.8159 time 4.34s
Epoch 0/20 285/1000 loss: 0.8156 time 4.32s
Epoch 0/20 286/1000 loss: 0.8156 time 4.34s
Epoch 0/20 287/1000 loss: 0.8156 time 4.32s
Epoch 0/20 288/1000 loss: 0.8153 time 4.33s
Epoch 0/20 289/1000 loss: 0.8151 time 4.33s
Epoch 0/20 290/1000 loss: 0.8151 time 4.34s
Epoch 0/20 291/1000 loss: 0.8148 time 4.33s
Epoch 0/20 292/1000 loss: 0.8152 time 4.35s
Epoch 0/20 293/1000 loss: 0.8155 time 4.34s
Epoch 0/20 294/1000 loss: 0.8153 time 4.35s
Epoch 0/20 295/1000 loss: 0.8151 time 4.33s
Epoch 0/20 296/1000 loss: 0.8144 time 4.33s
Epoch 0/20 297/1000 loss: 0.8143 time 4.33s
Epoch 0/20 298/1000 loss: 0.8149 time 4.33s
Epoch 0/20 299/1000 loss: 0.8145 time 4.34s
Epoch 0/20 300/1000 loss: 0.8144 time 4.34s
Epoch 0/20 301/1000 loss: 0.8140 time 4.33s
Epoch 0/20 302/1000 loss: 0.8139 time 4.34s
Epoch 0/20 303/1000 loss: 0.8137 time 4.33s
Epoch 0/20 304/1000 loss: 0.8140 time 4.33s
Epoch 0/20 305/1000 loss: 0.8142 time 4.33s
Epoch 0/20 306/1000 loss: 0.8140 time 4.33s
Epoch 0/20 307/1000 loss: 0.8141 time 4.33s
Epoch 0/20 308/1000 loss: 0.8139 time 4.34s
Epoch 0/20 309/1000 loss: 0.8143 time 4.33s
Epoch 0/20 310/1000 loss: 0.8132 time 4.33s
Epoch 0/20 311/1000 loss: 0.8131 time 4.33s
Epoch 0/20 312/1000 loss: 0.8135 time 4.34s
Epoch 0/20 313/1000 loss: 0.8132 time 4.33s
Epoch 0/20 314/1000 loss: 0.8129 time 4.33s
Epoch 0/20 315/1000 loss: 0.8121 time 4.33s
Epoch 0/20 316/1000 loss: 0.8122 time 4.33s
Epoch 0/20 317/1000 loss: 0.8122 time 4.34s
Epoch 0/20 318/1000 loss: 0.8118 time 4.33s
Epoch 0/20 319/1000 loss: 0.8111 time 4.33s
Epoch 0/20 320/1000 loss: 0.8110 time 4.35s
Epoch 0/20 321/1000 loss: 0.8103 time 4.33s
Epoch 0/20 322/1000 loss: 0.8104 time 4.33s
Epoch 0/20 323/1000 loss: 0.8104 time 4.33s
Epoch 0/20 324/1000 loss: 0.8102 time 4.33s
Epoch 0/20 325/1000 loss: 0.8097 time 4.33s
Epoch 0/20 326/1000 loss: 0.8095 time 4.34s
Epoch 0/20 327/1000 loss: 0.8092 time 4.33s
Epoch 0/20 328/1000 loss: 0.8088 time 4.33s
Epoch 0/20 329/1000 loss: 0.8094 time 4.32s
Epoch 0/20 330/1000 loss: 0.8092 time 4.33s
Epoch 0/20 331/1000 loss: 0.8095 time 4.32s
Epoch 0/20 332/1000 loss: 0.8092 time 4.33s
Epoch 0/20 333/1000 loss: 0.8088 time 4.33s
Epoch 0/20 334/1000 loss: 0.8081 time 4.33s
Epoch 0/20 335/1000 loss: 0.8077 time 4.32s
Epoch 0/20 336/1000 loss: 0.8072 time 4.33s
Epoch 0/20 337/1000 loss: 0.8071 time 4.32s
Epoch 0/20 338/1000 loss: 0.8068 time 4.33s
Epoch 0/20 339/1000 loss: 0.8064 time 4.33s
Epoch 0/20 340/1000 loss: 0.8064 time 4.33s
Epoch 0/20 341/1000 loss: 0.8059 time 4.33s
Epoch 0/20 342/1000 loss: 0.8058 time 4.33s
Epoch 0/20 343/1000 loss: 0.8051 time 4.33s
Epoch 0/20 344/1000 loss: 0.8055 time 4.33s
Epoch 0/20 345/1000 loss: 0.8052 time 4.32s
Epoch 0/20 346/1000 loss: 0.8051 time 4.34s
Epoch 0/20 347/1000 loss: 0.8045 time 4.32s
Epoch 0/20 348/1000 loss: 0.8044 time 4.33s
Epoch 0/20 349/1000 loss: 0.8044 time 4.33s
Epoch 0/20 350/1000 loss: 0.8047 time 4.33s
Epoch 0/20 351/1000 loss: 0.8042 time 4.33s
Epoch 0/20 352/1000 loss: 0.8046 time 4.34s
Epoch 0/20 353/1000 loss: 0.8044 time 4.33s
Epoch 0/20 354/1000 loss: 0.8047 time 4.33s
Epoch 0/20 355/1000 loss: 0.8042 time 4.33s
Epoch 0/20 356/1000 loss: 0.8039 time 4.33s
Epoch 0/20 357/1000 loss: 0.8037 time 4.33s
Epoch 0/20 358/1000 loss: 0.8040 time 4.33s
Epoch 0/20 359/1000 loss: 0.8042 time 4.33s
Epoch 0/20 360/1000 loss: 0.8042 time 4.33s
Epoch 0/20 361/1000 loss: 0.8040 time 4.33s
Epoch 0/20 362/1000 loss: 0.8039 time 4.33s
Epoch 0/20 363/1000 loss: 0.8038 time 4.33s
Epoch 0/20 364/1000 loss: 0.8037 time 4.34s
Epoch 0/20 365/1000 loss: 0.8039 time 4.33s
Epoch 0/20 366/1000 loss: 0.8038 time 4.33s
Epoch 0/20 367/1000 loss: 0.8036 time 4.33s
Epoch 0/20 368/1000 loss: 0.8037 time 4.33s
Epoch 0/20 369/1000 loss: 0.8041 time 4.33s
Epoch 0/20 370/1000 loss: 0.8039 time 4.33s
Epoch 0/20 371/1000 loss: 0.8038 time 4.33s
Epoch 0/20 372/1000 loss: 0.8036 time 4.33s
Epoch 0/20 373/1000 loss: 0.8033 time 4.32s
Epoch 0/20 374/1000 loss: 0.8030 time 4.33s
Epoch 0/20 375/1000 loss: 0.8028 time 4.33s
Epoch 0/20 376/1000 loss: 0.8030 time 4.32s
Epoch 0/20 377/1000 loss: 0.8025 time 4.33s
Epoch 0/20 378/1000 loss: 0.8030 time 4.33s
Epoch 0/20 379/1000 loss: 0.8027 time 4.33s
Epoch 0/20 380/1000 loss: 0.8028 time 4.33s
Epoch 0/20 381/1000 loss: 0.8026 time 4.33s
Epoch 0/20 382/1000 loss: 0.8019 time 4.32s
Epoch 0/20 383/1000 loss: 0.8017 time 4.33s
Epoch 0/20 384/1000 loss: 0.8016 time 4.34s
Epoch 0/20 385/1000 loss: 0.8013 time 4.33s
Epoch 0/20 386/1000 loss: 0.8009 time 4.33s
Epoch 0/20 387/1000 loss: 0.8006 time 4.33s
Epoch 0/20 388/1000 loss: 0.8010 time 4.34s
Epoch 0/20 389/1000 loss: 0.8009 time 4.33s
Epoch 0/20 390/1000 loss: 0.8007 time 4.33s
Epoch 0/20 391/1000 loss: 0.8004 time 4.34s
Epoch 0/20 392/1000 loss: 0.8003 time 4.34s
Epoch 0/20 393/1000 loss: 0.8001 time 4.33s
Epoch 0/20 394/1000 loss: 0.7996 time 4.34s
Epoch 0/20 395/1000 loss: 0.7997 time 4.33s
Epoch 0/20 396/1000 loss: 0.7997 time 4.34s
Epoch 0/20 397/1000 loss: 0.7997 time 4.33s
Epoch 0/20 398/1000 loss: 0.7999 time 4.33s
Epoch 0/20 399/1000 loss: 0.7997 time 4.33s
Epoch 0/20 400/1000 loss: 0.7996 time 4.33s
Epoch 0/20 401/1000 loss: 0.7989 time 4.33s
Epoch 0/20 402/1000 loss: 0.7985 time 4.33s
Epoch 0/20 403/1000 loss: 0.7985 time 4.33s
Epoch 0/20 404/1000 loss: 0.7983 time 4.33s
Epoch 0/20 405/1000 loss: 0.7981 time 4.33s
Epoch 0/20 406/1000 loss: 0.7977 time 4.33s
Epoch 0/20 407/1000 loss: 0.7981 time 4.33s
Epoch 0/20 408/1000 loss: 0.7986 time 4.33s
Epoch 0/20 409/1000 loss: 0.7982 time 4.33s
Epoch 0/20 410/1000 loss: 0.7979 time 4.34s
Epoch 0/20 411/1000 loss: 0.7972 time 4.33s
Epoch 0/20 412/1000 loss: 0.7972 time 4.33s
Epoch 0/20 413/1000 loss: 0.7972 time 4.33s
Epoch 0/20 414/1000 loss: 0.7969 time 4.34s
Epoch 0/20 415/1000 loss: 0.7966 time 4.32s
Epoch 0/20 416/1000 loss: 0.7964 time 4.34s
Epoch 0/20 417/1000 loss: 0.7961 time 4.33s
Epoch 0/20 418/1000 loss: 0.7961 time 4.33s
Epoch 0/20 419/1000 loss: 0.7961 time 4.34s
Epoch 0/20 420/1000 loss: 0.7963 time 4.34s
Epoch 0/20 421/1000 loss: 0.7962 time 4.33s
Epoch 0/20 422/1000 loss: 0.7959 time 4.33s
Epoch 0/20 423/1000 loss: 0.7955 time 4.33s
Epoch 0/20 424/1000 loss: 0.7958 time 4.33s
Epoch 0/20 425/1000 loss: 0.7953 time 4.33s
Epoch 0/20 426/1000 loss: 0.7951 time 4.34s
Epoch 0/20 427/1000 loss: 0.7946 time 4.33s
Epoch 0/20 428/1000 loss: 0.7944 time 4.33s
Epoch 0/20 429/1000 loss: 0.7945 time 4.33s
Epoch 0/20 430/1000 loss: 0.7949 time 4.34s
Epoch 0/20 431/1000 loss: 0.7941 time 4.33s
Epoch 0/20 432/1000 loss: 0.7944 time 4.33s
Epoch 0/20 433/1000 loss: 0.7938 time 4.33s
Epoch 0/20 434/1000 loss: 0.7933 time 4.33s
Epoch 0/20 435/1000 loss: 0.7931 time 4.32s
Epoch 0/20 436/1000 loss: 0.7931 time 4.33s
Epoch 0/20 437/1000 loss: 0.7932 time 4.34s
Epoch 0/20 438/1000 loss: 0.7930 time 4.32s
Epoch 0/20 439/1000 loss: 0.7928 time 4.33s
Epoch 0/20 440/1000 loss: 0.7928 time 4.33s
Epoch 0/20 441/1000 loss: 0.7933 time 4.33s
Epoch 0/20 442/1000 loss: 0.7934 time 4.34s
Epoch 0/20 443/1000 loss: 0.7933 time 4.33s
Epoch 0/20 444/1000 loss: 0.7929 time 4.34s
Epoch 0/20 445/1000 loss: 0.7923 time 4.33s
Epoch 0/20 446/1000 loss: 0.7919 time 4.34s
Epoch 0/20 447/1000 loss: 0.7922 time 4.33s
Epoch 0/20 448/1000 loss: 0.7920 time 4.33s
Epoch 0/20 449/1000 loss: 0.7922 time 4.34s
Epoch 0/20 450/1000 loss: 0.7914 time 4.34s
Epoch 0/20 451/1000 loss: 0.7913 time 4.32s
Epoch 0/20 452/1000 loss: 0.7916 time 4.33s
Epoch 0/20 453/1000 loss: 0.7909 time 4.33s
Epoch 0/20 454/1000 loss: 0.7902 time 4.32s
Epoch 0/20 455/1000 loss: 0.7898 time 4.33s
Epoch 0/20 456/1000 loss: 0.7896 time 4.33s
Epoch 0/20 457/1000 loss: 0.7897 time 4.33s
Epoch 0/20 458/1000 loss: 0.7889 time 4.33s
Epoch 0/20 459/1000 loss: 0.7887 time 4.32s
Epoch 0/20 460/1000 loss: 0.7887 time 4.33s
Epoch 0/20 461/1000 loss: 0.7888 time 4.33s
Epoch 0/20 462/1000 loss: 0.7885 time 4.33s
Epoch 0/20 463/1000 loss: 0.7887 time 4.33s
Epoch 0/20 464/1000 loss: 0.7887 time 4.33s
Epoch 0/20 465/1000 loss: 0.7882 time 4.33s
Epoch 0/20 466/1000 loss: 0.7879 time 4.34s
Epoch 0/20 467/1000 loss: 0.7875 time 4.33s
Epoch 0/20 468/1000 loss: 0.7871 time 4.33s
Epoch 0/20 469/1000 loss: 0.7871 time 4.33s
Epoch 0/20 470/1000 loss: 0.7869 time 4.34s
Epoch 0/20 471/1000 loss: 0.7872 time 4.33s
Epoch 0/20 472/1000 loss: 0.7870 time 4.33s
Epoch 0/20 473/1000 loss: 0.7865 time 4.33s
Epoch 0/20 474/1000 loss: 0.7869 time 4.33s
Epoch 0/20 475/1000 loss: 0.7867 time 4.34s
Epoch 0/20 476/1000 loss: 0.7865 time 4.32s
Epoch 0/20 477/1000 loss: 0.7868 time 4.33s
Epoch 0/20 478/1000 loss: 0.7864 time 4.33s
Epoch 0/20 479/1000 loss: 0.7864 time 4.33s
Epoch 0/20 480/1000 loss: 0.7865 time 4.33s
Epoch 0/20 481/1000 loss: 0.7865 time 4.33s
Epoch 0/20 482/1000 loss: 0.7860 time 4.33s
Epoch 0/20 483/1000 loss: 0.7857 time 4.32s
Epoch 0/20 484/1000 loss: 0.7855 time 4.33s
Epoch 0/20 485/1000 loss: 0.7851 time 4.32s
Epoch 0/20 486/1000 loss: 0.7850 time 4.34s
Epoch 0/20 487/1000 loss: 0.7852 time 4.32s
Epoch 0/20 488/1000 loss: 0.7852 time 4.33s
Epoch 0/20 489/1000 loss: 0.7850 time 4.33s
Epoch 0/20 490/1000 loss: 0.7853 time 4.33s
Epoch 0/20 491/1000 loss: 0.7851 time 4.33s
Epoch 0/20 492/1000 loss: 0.7849 time 4.33s
Epoch 0/20 493/1000 loss: 0.7847 time 4.32s
Epoch 0/20 494/1000 loss: 0.7846 time 4.33s
Epoch 0/20 495/1000 loss: 0.7843 time 4.33s
Epoch 0/20 496/1000 loss: 0.7845 time 4.33s
Epoch 0/20 497/1000 loss: 0.7848 time 4.33s
Epoch 0/20 498/1000 loss: 0.7847 time 4.33s
Epoch 0/20 499/1000 loss: 0.7851 time 4.32s
Epoch 0/20 500/1000 loss: 0.7849 time 4.33s
Epoch 0/20 501/1000 loss: 0.7849 time 4.33s
Epoch 0/20 502/1000 loss: 0.7849 time 4.33s
Epoch 0/20 503/1000 loss: 0.7848 time 4.32s
Epoch 0/20 504/1000 loss: 0.7846 time 4.33s
Epoch 0/20 505/1000 loss: 0.7847 time 4.33s
Epoch 0/20 506/1000 loss: 0.7842 time 4.33s
Epoch 0/20 507/1000 loss: 0.7842 time 4.33s
Epoch 0/20 508/1000 loss: 0.7842 time 4.33s
Epoch 0/20 509/1000 loss: 0.7840 time 4.33s
Epoch 0/20 510/1000 loss: 0.7838 time 4.33s
Epoch 0/20 511/1000 loss: 0.7835 time 4.33s
Epoch 0/20 512/1000 loss: 0.7834 time 4.33s
Epoch 0/20 513/1000 loss: 0.7830 time 4.33s
Epoch 0/20 514/1000 loss: 0.7829 time 4.33s
Epoch 0/20 515/1000 loss: 0.7828 time 4.32s
Epoch 0/20 516/1000 loss: 0.7828 time 4.33s
Epoch 0/20 517/1000 loss: 0.7823 time 4.32s
Epoch 0/20 518/1000 loss: 0.7824 time 4.34s
Epoch 0/20 519/1000 loss: 0.7824 time 4.32s
Epoch 0/20 520/1000 loss: 0.7825 time 4.33s
Epoch 0/20 521/1000 loss: 0.7823 time 4.33s
Epoch 0/20 522/1000 loss: 0.7821 time 4.33s
Epoch 0/20 523/1000 loss: 0.7823 time 4.33s
Epoch 0/20 524/1000 loss: 0.7822 time 4.33s
Epoch 0/20 525/1000 loss: 0.7824 time 4.33s
Epoch 0/20 526/1000 loss: 0.7823 time 4.33s
Epoch 0/20 527/1000 loss: 0.7821 time 4.34s
Epoch 0/20 528/1000 loss: 0.7817 time 4.33s
Epoch 0/20 529/1000 loss: 0.7814 time 4.33s
Epoch 0/20 530/1000 loss: 0.7814 time 4.32s
Epoch 0/20 531/1000 loss: 0.7814 time 4.33s
Epoch 0/20 532/1000 loss: 0.7811 time 4.33s
Epoch 0/20 533/1000 loss: 0.7811 time 4.33s
Epoch 0/20 534/1000 loss: 0.7806 time 4.33s
Epoch 0/20 535/1000 loss: 0.7804 time 4.34s
Epoch 0/20 536/1000 loss: 0.7799 time 4.34s
Epoch 0/20 537/1000 loss: 0.7799 time 4.33s
Epoch 0/20 538/1000 loss: 0.7799 time 4.32s
Epoch 0/20 539/1000 loss: 0.7800 time 4.33s
Epoch 0/20 540/1000 loss: 0.7799 time 4.33s
Epoch 0/20 541/1000 loss: 0.7797 time 4.33s
Epoch 0/20 542/1000 loss: 0.7798 time 4.33s
Epoch 0/20 543/1000 loss: 0.7798 time 4.33s
Epoch 0/20 544/1000 loss: 0.7797 time 4.33s
Epoch 0/20 545/1000 loss: 0.7798 time 4.33s
Epoch 0/20 546/1000 loss: 0.7798 time 4.32s
Epoch 0/20 547/1000 loss: 0.7793 time 4.33s
Epoch 0/20 548/1000 loss: 0.7794 time 4.34s
Epoch 0/20 549/1000 loss: 0.7794 time 4.32s
Epoch 0/20 550/1000 loss: 0.7794 time 4.34s
Epoch 0/20 551/1000 loss: 0.7791 time 4.33s
Epoch 0/20 552/1000 loss: 0.7793 time 4.34s
Epoch 0/20 553/1000 loss: 0.7791 time 4.33s
Epoch 0/20 554/1000 loss: 0.7792 time 4.33s
Epoch 0/20 555/1000 loss: 0.7790 time 4.33s
Epoch 0/20 556/1000 loss: 0.7793 time 4.34s
Epoch 0/20 557/1000 loss: 0.7791 time 4.33s
Epoch 0/20 558/1000 loss: 0.7789 time 4.33s
Epoch 0/20 559/1000 loss: 0.7790 time 4.33s
Epoch 0/20 560/1000 loss: 0.7787 time 4.33s
Epoch 0/20 561/1000 loss: 0.7786 time 4.33s
Epoch 0/20 562/1000 loss: 0.7782 time 4.34s
Epoch 0/20 563/1000 loss: 0.7781 time 4.33s
Epoch 0/20 564/1000 loss: 0.7779 time 4.33s
Epoch 0/20 565/1000 loss: 0.7778 time 4.33s
Epoch 0/20 566/1000 loss: 0.7780 time 4.35s
Epoch 0/20 567/1000 loss: 0.7782 time 4.33s
Epoch 0/20 568/1000 loss: 0.7783 time 4.33s
Epoch 0/20 569/1000 loss: 0.7784 time 4.33s
Epoch 0/20 570/1000 loss: 0.7786 time 4.34s
Epoch 0/20 571/1000 loss: 0.7780 time 4.33s
Epoch 0/20 572/1000 loss: 0.7775 time 4.33s
Epoch 0/20 573/1000 loss: 0.7775 time 4.34s
Epoch 0/20 574/1000 loss: 0.7771 time 4.33s
Epoch 0/20 575/1000 loss: 0.7772 time 4.33s
Epoch 0/20 576/1000 loss: 0.7776 time 4.33s
Epoch 0/20 577/1000 loss: 0.7776 time 4.34s
Epoch 0/20 578/1000 loss: 0.7773 time 4.34s
Epoch 0/20 579/1000 loss: 0.7775 time 4.34s
Epoch 0/20 580/1000 loss: 0.7773 time 4.33s
Epoch 0/20 581/1000 loss: 0.7773 time 4.33s
Epoch 0/20 582/1000 loss: 0.7772 time 4.32s
Epoch 0/20 583/1000 loss: 0.7775 time 4.34s
Epoch 0/20 584/1000 loss: 0.7773 time 4.34s
Epoch 0/20 585/1000 loss: 0.7772 time 4.33s
Epoch 0/20 586/1000 loss: 0.7772 time 4.33s
Epoch 0/20 587/1000 loss: 0.7774 time 4.33s
Epoch 0/20 588/1000 loss: 0.7774 time 4.33s
Epoch 0/20 589/1000 loss: 0.7772 time 4.35s
Epoch 0/20 590/1000 loss: 0.7770 time 4.33s
Epoch 0/20 591/1000 loss: 0.7770 time 4.33s
Epoch 0/20 592/1000 loss: 0.7769 time 4.34s
Epoch 0/20 593/1000 loss: 0.7770 time 4.34s
Epoch 0/20 594/1000 loss: 0.7773 time 4.34s
Epoch 0/20 595/1000 loss: 0.7772 time 4.34s
Epoch 0/20 596/1000 loss: 0.7769 time 4.33s
Epoch 0/20 597/1000 loss: 0.7768 time 4.34s
Epoch 0/20 598/1000 loss: 0.7768 time 4.33s
Epoch 0/20 599/1000 loss: 0.7766 time 4.33s
Epoch 0/20 600/1000 loss: 0.7762 time 4.34s
Epoch 0/20 601/1000 loss: 0.7759 time 4.34s
Epoch 0/20 602/1000 loss: 0.7757 time 4.33s
Epoch 0/20 603/1000 loss: 0.7755 time 4.33s
Epoch 0/20 604/1000 loss: 0.7750 time 4.33s
Epoch 0/20 605/1000 loss: 0.7747 time 4.33s
Epoch 0/20 606/1000 loss: 0.7741 time 4.33s
Epoch 0/20 607/1000 loss: 0.7740 time 4.33s
Epoch 0/20 608/1000 loss: 0.7739 time 4.33s
Epoch 0/20 609/1000 loss: 0.7738 time 4.33s
Epoch 0/20 610/1000 loss: 0.7732 time 4.32s
Epoch 0/20 611/1000 loss: 0.7731 time 4.33s
Epoch 0/20 612/1000 loss: 0.7730 time 4.34s
Epoch 0/20 613/1000 loss: 0.7728 time 4.33s
Epoch 0/20 614/1000 loss: 0.7725 time 4.34s
Epoch 0/20 615/1000 loss: 0.7722 time 4.33s
Epoch 0/20 616/1000 loss: 0.7721 time 4.33s
Epoch 0/20 617/1000 loss: 0.7723 time 4.33s
Epoch 0/20 618/1000 loss: 0.7724 time 4.33s
Epoch 0/20 619/1000 loss: 0.7725 time 4.33s
Epoch 0/20 620/1000 loss: 0.7727 time 4.33s
Epoch 0/20 621/1000 loss: 0.7726 time 4.34s
Epoch 0/20 622/1000 loss: 0.7730 time 4.33s
Epoch 0/20 623/1000 loss: 0.7728 time 4.33s
Epoch 0/20 624/1000 loss: 0.7726 time 4.33s
Epoch 0/20 625/1000 loss: 0.7722 time 4.32s
Epoch 0/20 626/1000 loss: 0.7721 time 4.33s
Epoch 0/20 627/1000 loss: 0.7717 time 4.33s
Epoch 0/20 628/1000 loss: 0.7716 time 4.33s
Epoch 0/20 629/1000 loss: 0.7714 time 4.33s
Epoch 0/20 630/1000 loss: 0.7714 time 4.33s
Epoch 0/20 631/1000 loss: 0.7714 time 4.33s
Epoch 0/20 632/1000 loss: 0.7710 time 4.33s
Epoch 0/20 633/1000 loss: 0.7714 time 4.33s
Epoch 0/20 634/1000 loss: 0.7714 time 4.33s
Epoch 0/20 635/1000 loss: 0.7713 time 4.33s
Epoch 0/20 636/1000 loss: 0.7712 time 4.33s
Epoch 0/20 637/1000 loss: 0.7712 time 4.33s
Epoch 0/20 638/1000 loss: 0.7711 time 4.34s
Epoch 0/20 639/1000 loss: 0.7710 time 4.33s
Epoch 0/20 640/1000 loss: 0.7709 time 4.33s
Epoch 0/20 641/1000 loss: 0.7711 time 4.32s
Epoch 0/20 642/1000 loss: 0.7711 time 4.33s
Epoch 0/20 643/1000 loss: 0.7711 time 4.32s
Epoch 0/20 644/1000 loss: 0.7710 time 4.33s
Epoch 0/20 645/1000 loss: 0.7706 time 4.33s
Epoch 0/20 646/1000 loss: 0.7705 time 4.33s
Epoch 0/20 647/1000 loss: 0.7703 time 4.32s
Epoch 0/20 648/1000 loss: 0.7701 time 4.33s
Epoch 0/20 649/1000 loss: 0.7699 time 4.33s
Epoch 0/20 650/1000 loss: 0.7695 time 4.33s
Epoch 0/20 651/1000 loss: 0.7694 time 4.33s
Epoch 0/20 652/1000 loss: 0.7692 time 4.33s
Epoch 0/20 653/1000 loss: 0.7689 time 4.33s
Epoch 0/20 654/1000 loss: 0.7688 time 4.33s
Epoch 0/20 655/1000 loss: 0.7689 time 4.33s
Epoch 0/20 656/1000 loss: 0.7690 time 4.34s
Epoch 0/20 657/1000 loss: 0.7689 time 4.32s
Epoch 0/20 658/1000 loss: 0.7688 time 4.33s
Epoch 0/20 659/1000 loss: 0.7688 time 4.32s
Epoch 0/20 660/1000 loss: 0.7689 time 4.33s
Epoch 0/20 661/1000 loss: 0.7690 time 4.33s
Epoch 0/20 662/1000 loss: 0.7689 time 4.33s
Epoch 0/20 663/1000 loss: 0.7689 time 4.33s
Epoch 0/20 664/1000 loss: 0.7689 time 4.33s
Epoch 0/20 665/1000 loss: 0.7688 time 4.33s
Epoch 0/20 666/1000 loss: 0.7685 time 4.32s
Epoch 0/20 667/1000 loss: 0.7688 time 4.33s
Epoch 0/20 668/1000 loss: 0.7688 time 4.33s
Epoch 0/20 669/1000 loss: 0.7684 time 4.33s
Epoch 0/20 670/1000 loss: 0.7683 time 4.33s
Epoch 0/20 671/1000 loss: 0.7678 time 4.33s
Epoch 0/20 672/1000 loss: 0.7674 time 4.33s
Epoch 0/20 673/1000 loss: 0.7673 time 4.34s
Epoch 0/20 674/1000 loss: 0.7671 time 4.33s
Epoch 0/20 675/1000 loss: 0.7670 time 4.33s
Epoch 0/20 676/1000 loss: 0.7668 time 4.33s
Epoch 0/20 677/1000 loss: 0.7667 time 4.33s
Epoch 0/20 678/1000 loss: 0.7666 time 4.33s
Epoch 0/20 679/1000 loss: 0.7665 time 4.33s
Epoch 0/20 680/1000 loss: 0.7667 time 4.33s
Epoch 0/20 681/1000 loss: 0.7665 time 4.33s
Epoch 0/20 682/1000 loss: 0.7663 time 4.34s
Epoch 0/20 683/1000 loss: 0.7662 time 4.33s
Epoch 0/20 684/1000 loss: 0.7662 time 4.32s
Epoch 0/20 685/1000 loss: 0.7661 time 4.33s
Epoch 0/20 686/1000 loss: 0.7661 time 4.33s
Epoch 0/20 687/1000 loss: 0.7663 time 4.33s
Epoch 0/20 688/1000 loss: 0.7662 time 4.33s
Epoch 0/20 689/1000 loss: 0.7659 time 4.33s
Epoch 0/20 690/1000 loss: 0.7658 time 4.34s
Epoch 0/20 691/1000 loss: 0.7655 time 4.33s
Epoch 0/20 692/1000 loss: 0.7655 time 4.33s
Epoch 0/20 693/1000 loss: 0.7654 time 4.33s
Epoch 0/20 694/1000 loss: 0.7655 time 4.33s
Epoch 0/20 695/1000 loss: 0.7657 time 4.33s
Epoch 0/20 696/1000 loss: 0.7653 time 4.34s
Epoch 0/20 697/1000 loss: 0.7652 time 4.34s
Epoch 0/20 698/1000 loss: 0.7651 time 4.33s
Epoch 0/20 699/1000 loss: 0.7651 time 4.33s
Epoch 0/20 700/1000 loss: 0.7650 time 4.33s
Epoch 0/20 701/1000 loss: 0.7653 time 4.33s
Epoch 0/20 702/1000 loss: 0.7651 time 4.33s
Epoch 0/20 703/1000 loss: 0.7653 time 4.32s
Epoch 0/20 704/1000 loss: 0.7652 time 4.33s
Epoch 0/20 705/1000 loss: 0.7651 time 4.33s
Epoch 0/20 706/1000 loss: 0.7650 time 4.33s
Epoch 0/20 707/1000 loss: 0.7650 time 4.32s
Epoch 0/20 708/1000 loss: 0.7650 time 4.33s
Epoch 0/20 709/1000 loss: 0.7647 time 4.33s
Epoch 0/20 710/1000 loss: 0.7645 time 4.33s
Epoch 0/20 711/1000 loss: 0.7644 time 4.33s
Epoch 0/20 712/1000 loss: 0.7642 time 4.33s
Epoch 0/20 713/1000 loss: 0.7641 time 4.33s
Epoch 0/20 714/1000 loss: 0.7643 time 4.33s
Epoch 0/20 715/1000 loss: 0.7641 time 4.33s
Epoch 0/20 716/1000 loss: 0.7641 time 4.34s
Epoch 0/20 717/1000 loss: 0.7639 time 4.33s
Epoch 0/20 718/1000 loss: 0.7638 time 4.34s
Epoch 0/20 719/1000 loss: 0.7640 time 4.32s
Epoch 0/20 720/1000 loss: 0.7640 time 4.33s
Epoch 0/20 721/1000 loss: 0.7641 time 4.33s
Epoch 0/20 722/1000 loss: 0.7640 time 4.33s
Epoch 0/20 723/1000 loss: 0.7637 time 4.33s
Epoch 0/20 724/1000 loss: 0.7635 time 4.33s
Epoch 0/20 725/1000 loss: 0.7637 time 4.33s
Epoch 0/20 726/1000 loss: 0.7638 time 4.33s
Epoch 0/20 727/1000 loss: 0.7638 time 4.33s
Epoch 0/20 728/1000 loss: 0.7639 time 4.33s
Epoch 0/20 729/1000 loss: 0.7636 time 4.33s
Epoch 0/20 730/1000 loss: 0.7635 time 4.33s
Epoch 0/20 731/1000 loss: 0.7635 time 4.33s
Epoch 0/20 732/1000 loss: 0.7632 time 4.33s
Epoch 0/20 733/1000 loss: 0.7630 time 4.32s
Epoch 0/20 734/1000 loss: 0.7630 time 4.34s
Epoch 0/20 735/1000 loss: 0.7628 time 4.33s
Epoch 0/20 736/1000 loss: 0.7626 time 4.34s
Epoch 0/20 737/1000 loss: 0.7622 time 4.32s
Epoch 0/20 738/1000 loss: 0.7619 time 4.33s
Epoch 0/20 739/1000 loss: 0.7620 time 4.33s
Epoch 0/20 740/1000 loss: 0.7620 time 4.33s
Epoch 0/20 741/1000 loss: 0.7621 time 4.32s
Epoch 0/20 742/1000 loss: 0.7618 time 4.33s
Epoch 0/20 743/1000 loss: 0.7616 time 4.34s
Epoch 0/20 744/1000 loss: 0.7614 time 4.34s
Epoch 0/20 745/1000 loss: 0.7614 time 4.33s
Epoch 0/20 746/1000 loss: 0.7612 time 4.33s
Epoch 0/20 747/1000 loss: 0.7610 time 4.32s
Epoch 0/20 748/1000 loss: 0.7609 time 4.33s
Epoch 0/20 749/1000 loss: 0.7605 time 4.33s
Epoch 0/20 750/1000 loss: 0.7606 time 4.34s
Epoch 0/20 751/1000 loss: 0.7608 time 4.32s
Epoch 0/20 752/1000 loss: 0.7608 time 4.33s
Epoch 0/20 753/1000 loss: 0.7605 time 4.33s
Epoch 0/20 754/1000 loss: 0.7601 time 4.34s
Epoch 0/20 755/1000 loss: 0.7600 time 4.33s
Epoch 0/20 756/1000 loss: 0.7598 time 4.34s
Epoch 0/20 757/1000 loss: 0.7595 time 4.33s
Epoch 0/20 758/1000 loss: 0.7594 time 4.34s
Epoch 0/20 759/1000 loss: 0.7594 time 4.32s
Epoch 0/20 760/1000 loss: 0.7590 time 4.33s
Epoch 0/20 761/1000 loss: 0.7593 time 4.32s
Epoch 0/20 762/1000 loss: 0.7589 time 4.33s
Epoch 0/20 763/1000 loss: 0.7587 time 4.33s
Epoch 0/20 764/1000 loss: 0.7583 time 4.33s
Epoch 0/20 765/1000 loss: 0.7582 time 4.33s
Epoch 0/20 766/1000 loss: 0.7579 time 4.33s
Epoch 0/20 767/1000 loss: 0.7576 time 4.33s
Epoch 0/20 768/1000 loss: 0.7577 time 4.33s
Epoch 0/20 769/1000 loss: 0.7577 time 4.33s
Epoch 0/20 770/1000 loss: 0.7576 time 4.34s
Epoch 0/20 771/1000 loss: 0.7577 time 4.33s
Epoch 0/20 772/1000 loss: 0.7577 time 4.33s
Epoch 0/20 773/1000 loss: 0.7577 time 4.32s
Epoch 0/20 774/1000 loss: 0.7577 time 4.34s
Epoch 0/20 775/1000 loss: 0.7577 time 4.33s
Epoch 0/20 776/1000 loss: 0.7575 time 4.33s
Epoch 0/20 777/1000 loss: 0.7573 time 4.34s
Epoch 0/20 778/1000 loss: 0.7576 time 4.32s
Epoch 0/20 779/1000 loss: 0.7575 time 4.33s
Epoch 0/20 780/1000 loss: 0.7572 time 4.34s
Epoch 0/20 781/1000 loss: 0.7572 time 4.34s
Epoch 0/20 782/1000 loss: 0.7573 time 4.33s
Epoch 0/20 783/1000 loss: 0.7570 time 4.33s
Epoch 0/20 784/1000 loss: 0.7569 time 4.33s
Epoch 0/20 785/1000 loss: 0.7566 time 4.32s
Epoch 0/20 786/1000 loss: 0.7563 time 4.33s
Epoch 0/20 787/1000 loss: 0.7561 time 4.33s
Epoch 0/20 788/1000 loss: 0.7560 time 4.34s
Epoch 0/20 789/1000 loss: 0.7560 time 4.34s
Epoch 0/20 790/1000 loss: 0.7559 time 4.34s
Epoch 0/20 791/1000 loss: 0.7558 time 4.32s
Epoch 0/20 792/1000 loss: 0.7557 time 4.33s
Epoch 0/20 793/1000 loss: 0.7557 time 4.33s
Epoch 0/20 794/1000 loss: 0.7556 time 4.33s
Epoch 0/20 795/1000 loss: 0.7553 time 4.33s
Epoch 0/20 796/1000 loss: 0.7552 time 4.34s
Epoch 0/20 797/1000 loss: 0.7552 time 4.33s
Epoch 0/20 798/1000 loss: 0.7551 time 4.33s
Epoch 0/20 799/1000 loss: 0.7550 time 4.33s
Epoch 0/20 800/1000 loss: 0.7550 time 4.33s
Epoch 0/20 801/1000 loss: 0.7550 time 4.33s
Epoch 0/20 802/1000 loss: 0.7547 time 4.33s
Epoch 0/20 803/1000 loss: 0.7544 time 4.33s
Epoch 0/20 804/1000 loss: 0.7543 time 4.33s
Epoch 0/20 805/1000 loss: 0.7542 time 4.32s
Epoch 0/20 806/1000 loss: 0.7540 time 4.34s
Epoch 0/20 807/1000 loss: 0.7539 time 4.32s
Epoch 0/20 808/1000 loss: 0.7539 time 4.33s
Epoch 0/20 809/1000 loss: 0.7538 time 4.33s
Epoch 0/20 810/1000 loss: 0.7534 time 4.33s
Epoch 0/20 811/1000 loss: 0.7534 time 4.34s
Epoch 0/20 812/1000 loss: 0.7534 time 4.33s
Epoch 0/20 813/1000 loss: 0.7533 time 4.33s
Epoch 0/20 814/1000 loss: 0.7532 time 4.33s
Epoch 0/20 815/1000 loss: 0.7531 time 4.33s
Epoch 0/20 816/1000 loss: 0.7527 time 4.33s
Epoch 0/20 817/1000 loss: 0.7528 time 4.33s
Epoch 0/20 818/1000 loss: 0.7527 time 4.33s
Epoch 0/20 819/1000 loss: 0.7524 time 4.32s
Epoch 0/20 820/1000 loss: 0.7522 time 4.33s
Epoch 0/20 821/1000 loss: 0.7520 time 4.33s
Epoch 0/20 822/1000 loss: 0.7518 time 4.34s
Epoch 0/20 823/1000 loss: 0.7516 time 4.33s
Epoch 0/20 824/1000 loss: 0.7514 time 4.34s
Epoch 0/20 825/1000 loss: 0.7513 time 4.32s
Epoch 0/20 826/1000 loss: 0.7513 time 4.34s
Epoch 0/20 827/1000 loss: 0.7512 time 4.33s
Epoch 0/20 828/1000 loss: 0.7511 time 4.34s
Epoch 0/20 829/1000 loss: 0.7510 time 4.34s
Epoch 0/20 830/1000 loss: 0.7508 time 4.33s
Epoch 0/20 831/1000 loss: 0.7505 time 4.33s
Epoch 0/20 832/1000 loss: 0.7505 time 4.34s
Epoch 0/20 833/1000 loss: 0.7505 time 4.33s
Epoch 0/20 834/1000 loss: 0.7504 time 4.33s
Epoch 0/20 835/1000 loss: 0.7503 time 4.33s
Epoch 0/20 836/1000 loss: 0.7504 time 4.33s
Epoch 0/20 837/1000 loss: 0.7501 time 4.33s
Epoch 0/20 838/1000 loss: 0.7500 time 4.33s
Epoch 0/20 839/1000 loss: 0.7499 time 4.33s
Epoch 0/20 840/1000 loss: 0.7500 time 4.34s
Epoch 0/20 841/1000 loss: 0.7500 time 4.33s
Epoch 0/20 842/1000 loss: 0.7497 time 4.33s
Epoch 0/20 843/1000 loss: 0.7497 time 4.34s
Epoch 0/20 844/1000 loss: 0.7496 time 4.33s
Epoch 0/20 845/1000 loss: 0.7499 time 4.33s
Epoch 0/20 846/1000 loss: 0.7496 time 4.34s
Epoch 0/20 847/1000 loss: 0.7495 time 4.33s
Epoch 0/20 848/1000 loss: 0.7494 time 4.33s
Epoch 0/20 849/1000 loss: 0.7494 time 4.33s
Epoch 0/20 850/1000 loss: 0.7494 time 4.33s
Epoch 0/20 851/1000 loss: 0.7492 time 4.33s
Epoch 0/20 852/1000 loss: 0.7492 time 4.33s
Epoch 0/20 853/1000 loss: 0.7489 time 4.33s
Epoch 0/20 854/1000 loss: 0.7492 time 4.33s
Epoch 0/20 855/1000 loss: 0.7491 time 4.33s
Epoch 0/20 856/1000 loss: 0.7489 time 4.33s
Epoch 0/20 857/1000 loss: 0.7487 time 4.33s
Epoch 0/20 858/1000 loss: 0.7485 time 4.33s
Epoch 0/20 859/1000 loss: 0.7483 time 4.32s
Epoch 0/20 860/1000 loss: 0.7481 time 4.33s
Epoch 0/20 861/1000 loss: 0.7481 time 4.34s
Epoch 0/20 862/1000 loss: 0.7481 time 4.34s
Epoch 0/20 863/1000 loss: 0.7481 time 4.32s
Epoch 0/20 864/1000 loss: 0.7478 time 4.33s
Epoch 0/20 865/1000 loss: 0.7475 time 4.34s
Epoch 0/20 866/1000 loss: 0.7477 time 4.34s
Epoch 0/20 867/1000 loss: 0.7474 time 4.32s
Epoch 0/20 868/1000 loss: 0.7471 time 4.34s
Epoch 0/20 869/1000 loss: 0.7470 time 4.33s
Epoch 0/20 870/1000 loss: 0.7471 time 4.34s
Epoch 0/20 871/1000 loss: 0.7472 time 4.33s
Epoch 0/20 872/1000 loss: 0.7470 time 4.33s
Epoch 0/20 873/1000 loss: 0.7469 time 4.33s
Epoch 0/20 874/1000 loss: 0.7468 time 4.33s
Epoch 0/20 875/1000 loss: 0.7468 time 4.33s
Epoch 0/20 876/1000 loss: 0.7468 time 4.32s
Epoch 0/20 877/1000 loss: 0.7466 time 4.34s
Epoch 0/20 878/1000 loss: 0.7462 time 4.33s
Epoch 0/20 879/1000 loss: 0.7462 time 4.33s
Epoch 0/20 880/1000 loss: 0.7460 time 4.33s
Epoch 0/20 881/1000 loss: 0.7459 time 4.34s
Epoch 0/20 882/1000 loss: 0.7459 time 4.33s
Epoch 0/20 883/1000 loss: 0.7460 time 4.33s
Epoch 0/20 884/1000 loss: 0.7459 time 4.33s
Epoch 0/20 885/1000 loss: 0.7461 time 4.33s
Epoch 0/20 886/1000 loss: 0.7464 time 4.33s
Epoch 0/20 887/1000 loss: 0.7463 time 4.33s
Epoch 0/20 888/1000 loss: 0.7460 time 4.33s
Epoch 0/20 889/1000 loss: 0.7459 time 4.32s
Epoch 0/20 890/1000 loss: 0.7456 time 4.34s
Epoch 0/20 891/1000 loss: 0.7456 time 4.33s
Epoch 0/20 892/1000 loss: 0.7453 time 4.33s
Epoch 0/20 893/1000 loss: 0.7451 time 4.33s
Epoch 0/20 894/1000 loss: 0.7449 time 4.33s
Epoch 0/20 895/1000 loss: 0.7448 time 4.33s
Epoch 0/20 896/1000 loss: 0.7447 time 4.33s
Epoch 0/20 897/1000 loss: 0.7444 time 4.33s
Epoch 0/20 898/1000 loss: 0.7445 time 4.33s
Epoch 0/20 899/1000 loss: 0.7445 time 4.33s
Epoch 0/20 900/1000 loss: 0.7443 time 4.33s
Epoch 0/20 901/1000 loss: 0.7442 time 4.33s
Epoch 0/20 902/1000 loss: 0.7443 time 4.33s
Epoch 0/20 903/1000 loss: 0.7444 time 4.33s
Epoch 0/20 904/1000 loss: 0.7441 time 4.33s
Epoch 0/20 905/1000 loss: 0.7438 time 4.33s
Epoch 0/20 906/1000 loss: 0.7438 time 4.34s
Epoch 0/20 907/1000 loss: 0.7438 time 4.33s
Epoch 0/20 908/1000 loss: 0.7437 time 4.33s
Epoch 0/20 909/1000 loss: 0.7436 time 4.33s
Epoch 0/20 910/1000 loss: 0.7436 time 4.34s
Epoch 0/20 911/1000 loss: 0.7434 time 4.32s
Epoch 0/20 912/1000 loss: 0.7432 time 4.33s
Epoch 0/20 913/1000 loss: 0.7432 time 4.32s
Epoch 0/20 914/1000 loss: 0.7432 time 4.33s
Epoch 0/20 915/1000 loss: 0.7430 time 4.33s
Epoch 0/20 916/1000 loss: 0.7429 time 4.33s
Epoch 0/20 917/1000 loss: 0.7429 time 4.33s
Epoch 0/20 918/1000 loss: 0.7428 time 4.33s
Epoch 0/20 919/1000 loss: 0.7426 time 4.33s
Epoch 0/20 920/1000 loss: 0.7425 time 4.33s
Epoch 0/20 921/1000 loss: 0.7424 time 4.33s
Epoch 0/20 922/1000 loss: 0.7426 time 4.33s
Epoch 0/20 923/1000 loss: 0.7427 time 4.33s
Epoch 0/20 924/1000 loss: 0.7427 time 4.33s
Epoch 0/20 925/1000 loss: 0.7426 time 4.33s
Epoch 0/20 926/1000 loss: 0.7426 time 4.34s
Epoch 0/20 927/1000 loss: 0.7427 time 4.33s
Epoch 0/20 928/1000 loss: 0.7424 time 4.34s
Epoch 0/20 929/1000 loss: 0.7424 time 4.32s
Epoch 0/20 930/1000 loss: 0.7424 time 4.35s
Epoch 0/20 931/1000 loss: 0.7425 time 4.32s
Epoch 0/20 932/1000 loss: 0.7423 time 4.35s
Epoch 0/20 933/1000 loss: 0.7424 time 4.33s
Epoch 0/20 934/1000 loss: 0.7424 time 4.33s
Epoch 0/20 935/1000 loss: 0.7423 time 4.33s
Epoch 0/20 936/1000 loss: 0.7422 time 4.33s
Epoch 0/20 937/1000 loss: 0.7421 time 4.32s
Epoch 0/20 938/1000 loss: 0.7422 time 4.34s
Epoch 0/20 939/1000 loss: 0.7425 time 4.33s
Epoch 0/20 940/1000 loss: 0.7424 time 4.33s
Epoch 0/20 941/1000 loss: 0.7426 time 4.32s
Epoch 0/20 942/1000 loss: 0.7426 time 4.34s
Epoch 0/20 943/1000 loss: 0.7424 time 4.35s
Epoch 0/20 944/1000 loss: 0.7423 time 4.33s
Epoch 0/20 945/1000 loss: 0.7422 time 4.32s
Epoch 0/20 946/1000 loss: 0.7424 time 4.34s
Epoch 0/20 947/1000 loss: 0.7425 time 4.33s
Epoch 0/20 948/1000 loss: 0.7426 time 4.33s
Epoch 0/20 949/1000 loss: 0.7427 time 4.33s
Epoch 0/20 950/1000 loss: 0.7428 time 4.33s
Epoch 0/20 951/1000 loss: 0.7426 time 4.33s
Epoch 0/20 952/1000 loss: 0.7425 time 4.34s
Epoch 0/20 953/1000 loss: 0.7425 time 4.32s
Epoch 0/20 954/1000 loss: 0.7424 time 4.33s
Epoch 0/20 955/1000 loss: 0.7427 time 4.33s
Epoch 0/20 956/1000 loss: 0.7424 time 4.33s
Epoch 0/20 957/1000 loss: 0.7424 time 4.33s
Epoch 0/20 958/1000 loss: 0.7423 time 4.33s
Epoch 0/20 959/1000 loss: 0.7421 time 4.33s
Epoch 0/20 960/1000 loss: 0.7421 time 4.33s
Epoch 0/20 961/1000 loss: 0.7420 time 4.33s
Epoch 0/20 962/1000 loss: 0.7419 time 4.34s
Epoch 0/20 963/1000 loss: 0.7419 time 4.33s
Epoch 0/20 964/1000 loss: 0.7418 time 4.33s
Epoch 0/20 965/1000 loss: 0.7421 time 4.33s
Epoch 0/20 966/1000 loss: 0.7419 time 4.34s
Epoch 0/20 967/1000 loss: 0.7419 time 4.34s
Epoch 0/20 968/1000 loss: 0.7419 time 4.33s
Epoch 0/20 969/1000 loss: 0.7420 time 4.32s
Epoch 0/20 970/1000 loss: 0.7422 time 4.33s
Epoch 0/20 971/1000 loss: 0.7419 time 4.33s
Epoch 0/20 972/1000 loss: 0.7419 time 4.32s
Epoch 0/20 973/1000 loss: 0.7418 time 4.33s
Epoch 0/20 974/1000 loss: 0.7418 time 4.33s
Epoch 0/20 975/1000 loss: 0.7416 time 4.33s
Epoch 0/20 976/1000 loss: 0.7417 time 4.33s
Epoch 0/20 977/1000 loss: 0.7415 time 4.33s
Epoch 0/20 978/1000 loss: 0.7412 time 4.33s
Epoch 0/20 979/1000 loss: 0.7410 time 4.33s
Epoch 0/20 980/1000 loss: 0.7408 time 4.33s
Epoch 0/20 981/1000 loss: 0.7407 time 4.33s
Epoch 0/20 982/1000 loss: 0.7406 time 4.33s
Epoch 0/20 983/1000 loss: 0.7404 time 4.33s
Epoch 0/20 984/1000 loss: 0.7403 time 4.35s
Epoch 0/20 985/1000 loss: 0.7402 time 4.33s
Epoch 0/20 986/1000 loss: 0.7402 time 4.33s
Epoch 0/20 987/1000 loss: 0.7404 time 4.34s
Epoch 0/20 988/1000 loss: 0.7406 time 4.34s
Epoch 0/20 989/1000 loss: 0.7405 time 4.33s
Epoch 0/20 990/1000 loss: 0.7404 time 4.33s
Epoch 0/20 991/1000 loss: 0.7403 time 4.33s
Epoch 0/20 992/1000 loss: 0.7403 time 4.33s
Epoch 0/20 993/1000 loss: 0.7401 time 4.33s
Epoch 0/20 994/1000 loss: 0.7401 time 4.33s
Epoch 0/20 995/1000 loss: 0.7401 time 4.33s
Epoch 0/20 996/1000 loss: 0.7399 time 4.33s
Epoch 0/20 997/1000 loss: 0.7400 time 4.33s
Epoch 0/20 998/1000 loss: 0.7400 time 4.33s
Epoch 0/20 999/1000 loss: 0.7401 time 4.32s
Final training  0/19 loss: 0.7401 time 4388.33s
slurmstepd: error: *** JOB 9665121 ON gra1183 CANCELLED AT 2023-07-24T08:19:50 DUE TO TIME LIMIT ***
