None
MONAI version: 1.2.0rc7+9.g84940298
Numpy version: 1.24.2
Pytorch version: 1.13.1
MONAI flags: HAS_EXT = False, USE_COMPILED = False, USE_META_DICT = False
MONAI rev id: 84940298bff9ff1f54845eb8ae7422c0092c09c1
MONAI __file__: /home/guest185/hackathon_38/lib/python3.8/site-packages/monai/__init__.py

Optional dependencies:
Pytorch Ignite version: 0.4.2
ITK version: NOT INSTALLED or UNKNOWN VERSION.
Nibabel version: 5.1.0
scikit-image version: 0.19.3
Pillow version: 9.5.0
Tensorboard version: 2.13.0
gdown version: 4.7.1
TorchVision version: 0.14.1
tqdm version: 4.65.0
lmdb version: 1.2.1
psutil version: 5.9.4
pandas version: 1.5.3
einops version: 0.6.1
transformers version: 4.21.3
mlflow version: NOT INSTALLED or UNKNOWN VERSION.
pynrrd version: 1.0.0

For details about installing the optional dependencies, please visit:
    https://docs.monai.io/en/latest/installation.html#installing-the-recommended-dependencies

/tmp/tmpqbc5vmpt
image shape: (240, 240, 155), label shape: (240, 240, 155)
Tue Jul 18 07:13:35 2023 Epoch: 0
In the future `np.bool` will be defined as the corresponding NumPy scalar.
In the future `np.bool` will be defined as the corresponding NumPy scalar.
In the future `np.bool` will be defined as the corresponding NumPy scalar.
In the future `np.bool` will be defined as the corresponding NumPy scalar.
monai.transforms.io.dictionary LoadImaged.__init__:image_only: Current default value of argument `image_only=False` has been deprecated since version 1.1. It will be changed to `image_only=True` in version 1.3.
In the future `np.bool` will be defined as the corresponding NumPy scalar.
In the future `np.bool` will be defined as the corresponding NumPy scalar.
Epoch 0/20 0/1000 loss: 0.9477 time 23.19s
Epoch 0/20 1/1000 loss: 0.9685 time 3.58s
Epoch 0/20 2/1000 loss: 0.9585 time 3.46s
Epoch 0/20 3/1000 loss: 0.9609 time 3.47s
Epoch 0/20 4/1000 loss: 0.9681 time 3.48s
Epoch 0/20 5/1000 loss: 0.9682 time 3.51s
Epoch 0/20 6/1000 loss: 0.9722 time 3.50s
Epoch 0/20 7/1000 loss: 0.9750 time 3.50s
Epoch 0/20 8/1000 loss: 0.9754 time 3.52s
Epoch 0/20 9/1000 loss: 0.9753 time 3.51s
Epoch 0/20 10/1000 loss: 0.9752 time 3.54s
Epoch 0/20 11/1000 loss: 0.9754 time 3.55s
Epoch 0/20 12/1000 loss: 0.9769 time 3.53s
Epoch 0/20 13/1000 loss: 0.9782 time 3.54s
Epoch 0/20 14/1000 loss: 0.9775 time 3.54s
Epoch 0/20 15/1000 loss: 0.9773 time 3.56s
Epoch 0/20 16/1000 loss: 0.9784 time 3.57s
Epoch 0/20 17/1000 loss: 0.9772 time 3.58s
Epoch 0/20 18/1000 loss: 0.9780 time 3.58s
Epoch 0/20 19/1000 loss: 0.9772 time 3.60s
Epoch 0/20 20/1000 loss: 0.9759 time 3.58s
Epoch 0/20 21/1000 loss: 0.9761 time 3.59s
Epoch 0/20 22/1000 loss: 0.9759 time 3.59s
Epoch 0/20 23/1000 loss: 0.9761 time 3.61s
Epoch 0/20 24/1000 loss: 0.9761 time 3.61s
Epoch 0/20 25/1000 loss: 0.9770 time 3.61s
Epoch 0/20 26/1000 loss: 0.9758 time 3.61s
Epoch 0/20 27/1000 loss: 0.9764 time 3.62s
Epoch 0/20 28/1000 loss: 0.9770 time 3.62s
Epoch 0/20 29/1000 loss: 0.9774 time 3.63s
Epoch 0/20 30/1000 loss: 0.9766 time 3.63s
Epoch 0/20 31/1000 loss: 0.9763 time 3.62s
Epoch 0/20 32/1000 loss: 0.9755 time 3.63s
Epoch 0/20 33/1000 loss: 0.9757 time 3.62s
Epoch 0/20 34/1000 loss: 0.9762 time 3.62s
Epoch 0/20 35/1000 loss: 0.9752 time 3.63s
Epoch 0/20 36/1000 loss: 0.9749 time 3.62s
Epoch 0/20 37/1000 loss: 0.9751 time 3.63s
Epoch 0/20 38/1000 loss: 0.9751 time 3.63s
Epoch 0/20 39/1000 loss: 0.9748 time 3.63s
Epoch 0/20 40/1000 loss: 0.9746 time 3.63s
Epoch 0/20 41/1000 loss: 0.9751 time 3.62s
Epoch 0/20 42/1000 loss: 0.9748 time 3.63s
Epoch 0/20 43/1000 loss: 0.9747 time 3.65s
Epoch 0/20 44/1000 loss: 0.9743 time 3.64s
Epoch 0/20 45/1000 loss: 0.9748 time 3.63s
Epoch 0/20 46/1000 loss: 0.9749 time 3.63s
Epoch 0/20 47/1000 loss: 0.9748 time 3.63s
Epoch 0/20 48/1000 loss: 0.9747 time 3.63s
Epoch 0/20 49/1000 loss: 0.9742 time 3.62s
Epoch 0/20 50/1000 loss: 0.9729 time 3.63s
Epoch 0/20 51/1000 loss: 0.9731 time 3.62s
Epoch 0/20 52/1000 loss: 0.9731 time 3.63s
Epoch 0/20 53/1000 loss: 0.9728 time 3.62s
Epoch 0/20 54/1000 loss: 0.9720 time 3.62s
Epoch 0/20 55/1000 loss: 0.9710 time 3.62s
Epoch 0/20 56/1000 loss: 0.9710 time 3.62s
Epoch 0/20 57/1000 loss: 0.9715 time 3.61s
Epoch 0/20 58/1000 loss: 0.9717 time 3.61s
Epoch 0/20 59/1000 loss: 0.9713 time 3.61s
Epoch 0/20 60/1000 loss: 0.9711 time 3.60s
Epoch 0/20 61/1000 loss: 0.9713 time 3.61s
Epoch 0/20 62/1000 loss: 0.9701 time 3.61s
Epoch 0/20 63/1000 loss: 0.9699 time 3.60s
Epoch 0/20 64/1000 loss: 0.9693 time 3.60s
Epoch 0/20 65/1000 loss: 0.9696 time 3.60s
Epoch 0/20 66/1000 loss: 0.9698 time 3.59s
Epoch 0/20 67/1000 loss: 0.9698 time 3.60s
Epoch 0/20 68/1000 loss: 0.9693 time 3.60s
Epoch 0/20 69/1000 loss: 0.9694 time 3.60s
Epoch 0/20 70/1000 loss: 0.9693 time 3.59s
Epoch 0/20 71/1000 loss: 0.9693 time 3.59s
Epoch 0/20 72/1000 loss: 0.9688 time 3.59s
Epoch 0/20 73/1000 loss: 0.9681 time 3.58s
Epoch 0/20 74/1000 loss: 0.9683 time 3.58s
Epoch 0/20 75/1000 loss: 0.9681 time 3.58s
Epoch 0/20 76/1000 loss: 0.9683 time 3.58s
Epoch 0/20 77/1000 loss: 0.9682 time 3.59s
Epoch 0/20 78/1000 loss: 0.9677 time 3.58s
Epoch 0/20 79/1000 loss: 0.9676 time 3.59s
Epoch 0/20 80/1000 loss: 0.9674 time 3.59s
Epoch 0/20 81/1000 loss: 0.9672 time 3.59s
Epoch 0/20 82/1000 loss: 0.9669 time 3.59s
Epoch 0/20 83/1000 loss: 0.9670 time 3.58s
Epoch 0/20 84/1000 loss: 0.9665 time 3.59s
Epoch 0/20 85/1000 loss: 0.9661 time 3.59s
Epoch 0/20 86/1000 loss: 0.9657 time 3.58s
Epoch 0/20 87/1000 loss: 0.9657 time 3.58s
Epoch 0/20 88/1000 loss: 0.9657 time 3.56s
Epoch 0/20 89/1000 loss: 0.9651 time 3.57s
Epoch 0/20 90/1000 loss: 0.9652 time 3.57s
Epoch 0/20 91/1000 loss: 0.9652 time 3.57s
Epoch 0/20 92/1000 loss: 0.9647 time 3.57s
Epoch 0/20 93/1000 loss: 0.9642 time 3.58s
Epoch 0/20 94/1000 loss: 0.9644 time 3.57s
Epoch 0/20 95/1000 loss: 0.9645 time 3.56s
Epoch 0/20 96/1000 loss: 0.9641 time 3.57s
Epoch 0/20 97/1000 loss: 0.9641 time 3.57s
Epoch 0/20 98/1000 loss: 0.9640 time 3.56s
Epoch 0/20 99/1000 loss: 0.9641 time 3.57s
Epoch 0/20 100/1000 loss: 0.9639 time 3.56s
Epoch 0/20 101/1000 loss: 0.9638 time 3.56s
Epoch 0/20 102/1000 loss: 0.9636 time 3.57s
Epoch 0/20 103/1000 loss: 0.9633 time 3.57s
Epoch 0/20 104/1000 loss: 0.9633 time 3.55s
Epoch 0/20 105/1000 loss: 0.9632 time 3.56s
Epoch 0/20 106/1000 loss: 0.9630 time 3.56s
Epoch 0/20 107/1000 loss: 0.9621 time 3.56s
Epoch 0/20 108/1000 loss: 0.9620 time 3.56s
Epoch 0/20 109/1000 loss: 0.9620 time 3.56s
Epoch 0/20 110/1000 loss: 0.9618 time 3.56s
Epoch 0/20 111/1000 loss: 0.9617 time 3.56s
Epoch 0/20 112/1000 loss: 0.9613 time 3.58s
Epoch 0/20 113/1000 loss: 0.9609 time 3.57s
Epoch 0/20 114/1000 loss: 0.9609 time 3.56s
Epoch 0/20 115/1000 loss: 0.9610 time 3.55s
Epoch 0/20 116/1000 loss: 0.9609 time 3.56s
Epoch 0/20 117/1000 loss: 0.9604 time 3.55s
Epoch 0/20 118/1000 loss: 0.9596 time 3.55s
Epoch 0/20 119/1000 loss: 0.9597 time 3.56s
Epoch 0/20 120/1000 loss: 0.9595 time 3.56s
Epoch 0/20 121/1000 loss: 0.9587 time 3.55s
Epoch 0/20 122/1000 loss: 0.9584 time 3.56s
Epoch 0/20 123/1000 loss: 0.9586 time 3.55s
Epoch 0/20 124/1000 loss: 0.9589 time 3.56s
Epoch 0/20 125/1000 loss: 0.9588 time 3.55s
Epoch 0/20 126/1000 loss: 0.9587 time 3.56s
Epoch 0/20 127/1000 loss: 0.9587 time 3.56s
Epoch 0/20 128/1000 loss: 0.9586 time 3.55s
Epoch 0/20 129/1000 loss: 0.9582 time 3.55s
Epoch 0/20 130/1000 loss: 0.9580 time 3.55s
Epoch 0/20 131/1000 loss: 0.9577 time 3.56s
Epoch 0/20 132/1000 loss: 0.9577 time 3.56s
Epoch 0/20 133/1000 loss: 0.9574 time 3.55s
Epoch 0/20 134/1000 loss: 0.9576 time 3.55s
Epoch 0/20 135/1000 loss: 0.9577 time 3.55s
Epoch 0/20 136/1000 loss: 0.9575 time 3.55s
Epoch 0/20 137/1000 loss: 0.9576 time 3.56s
Epoch 0/20 138/1000 loss: 0.9574 time 3.56s
Epoch 0/20 139/1000 loss: 0.9576 time 3.56s
Epoch 0/20 140/1000 loss: 0.9572 time 3.55s
Epoch 0/20 141/1000 loss: 0.9572 time 3.55s
Epoch 0/20 142/1000 loss: 0.9569 time 3.56s
Epoch 0/20 143/1000 loss: 0.9566 time 3.55s
Epoch 0/20 144/1000 loss: 0.9567 time 3.55s
Epoch 0/20 145/1000 loss: 0.9567 time 3.55s
Epoch 0/20 146/1000 loss: 0.9568 time 3.55s
Epoch 0/20 147/1000 loss: 0.9570 time 3.55s
Epoch 0/20 148/1000 loss: 0.9565 time 3.55s
Epoch 0/20 149/1000 loss: 0.9563 time 3.55s
Epoch 0/20 150/1000 loss: 0.9564 time 3.55s
Epoch 0/20 151/1000 loss: 0.9562 time 3.55s
Epoch 0/20 152/1000 loss: 0.9564 time 3.55s
Epoch 0/20 153/1000 loss: 0.9563 time 3.55s
Epoch 0/20 154/1000 loss: 0.9564 time 3.55s
Epoch 0/20 155/1000 loss: 0.9565 time 3.55s
Epoch 0/20 156/1000 loss: 0.9564 time 3.56s
Epoch 0/20 157/1000 loss: 0.9562 time 3.55s
Epoch 0/20 158/1000 loss: 0.9559 time 3.54s
Epoch 0/20 159/1000 loss: 0.9559 time 3.55s
Epoch 0/20 160/1000 loss: 0.9557 time 3.55s
Epoch 0/20 161/1000 loss: 0.9559 time 3.54s
Epoch 0/20 162/1000 loss: 0.9558 time 3.54s
Epoch 0/20 163/1000 loss: 0.9559 time 3.55s
Epoch 0/20 164/1000 loss: 0.9561 time 3.55s
Epoch 0/20 165/1000 loss: 0.9557 time 3.55s
Epoch 0/20 166/1000 loss: 0.9553 time 3.56s
Epoch 0/20 167/1000 loss: 0.9553 time 3.55s
Epoch 0/20 168/1000 loss: 0.9551 time 3.55s
Epoch 0/20 169/1000 loss: 0.9552 time 3.55s
Epoch 0/20 170/1000 loss: 0.9554 time 3.55s
Epoch 0/20 171/1000 loss: 0.9548 time 3.55s
Epoch 0/20 172/1000 loss: 0.9546 time 3.55s
Epoch 0/20 173/1000 loss: 0.9547 time 3.55s
Epoch 0/20 174/1000 loss: 0.9546 time 3.54s
Epoch 0/20 175/1000 loss: 0.9546 time 3.54s
Epoch 0/20 176/1000 loss: 0.9538 time 3.55s
Epoch 0/20 177/1000 loss: 0.9539 time 3.54s
Epoch 0/20 178/1000 loss: 0.9537 time 3.55s
Epoch 0/20 179/1000 loss: 0.9537 time 3.55s
Epoch 0/20 180/1000 loss: 0.9533 time 3.54s
Epoch 0/20 181/1000 loss: 0.9525 time 3.55s
Epoch 0/20 182/1000 loss: 0.9525 time 3.57s
Epoch 0/20 183/1000 loss: 0.9520 time 3.55s
Epoch 0/20 184/1000 loss: 0.9518 time 3.55s
Epoch 0/20 185/1000 loss: 0.9515 time 3.55s
Epoch 0/20 186/1000 loss: 0.9516 time 3.55s
Epoch 0/20 187/1000 loss: 0.9514 time 3.55s
Epoch 0/20 188/1000 loss: 0.9515 time 3.55s
Epoch 0/20 189/1000 loss: 0.9515 time 3.55s
Epoch 0/20 190/1000 loss: 0.9512 time 3.55s
Epoch 0/20 191/1000 loss: 0.9513 time 3.55s
Epoch 0/20 192/1000 loss: 0.9511 time 3.55s
Epoch 0/20 193/1000 loss: 0.9511 time 3.55s
Epoch 0/20 194/1000 loss: 0.9510 time 3.55s
Epoch 0/20 195/1000 loss: 0.9513 time 3.54s
Epoch 0/20 196/1000 loss: 0.9515 time 3.55s
Epoch 0/20 197/1000 loss: 0.9514 time 3.54s
Epoch 0/20 198/1000 loss: 0.9515 time 3.55s
Epoch 0/20 199/1000 loss: 0.9513 time 3.55s
Epoch 0/20 200/1000 loss: 0.9511 time 3.55s
Epoch 0/20 201/1000 loss: 0.9512 time 3.55s
Epoch 0/20 202/1000 loss: 0.9512 time 3.55s
Epoch 0/20 203/1000 loss: 0.9513 time 3.55s
Epoch 0/20 204/1000 loss: 0.9514 time 3.55s
Epoch 0/20 205/1000 loss: 0.9512 time 3.55s
Epoch 0/20 206/1000 loss: 0.9510 time 3.55s
Epoch 0/20 207/1000 loss: 0.9507 time 3.55s
Epoch 0/20 208/1000 loss: 0.9506 time 3.55s
Epoch 0/20 209/1000 loss: 0.9505 time 3.55s
Epoch 0/20 210/1000 loss: 0.9501 time 3.55s
Epoch 0/20 211/1000 loss: 0.9500 time 3.54s
Epoch 0/20 212/1000 loss: 0.9500 time 3.55s
Epoch 0/20 213/1000 loss: 0.9501 time 3.55s
Epoch 0/20 214/1000 loss: 0.9499 time 3.55s
Epoch 0/20 215/1000 loss: 0.9499 time 3.54s
Epoch 0/20 216/1000 loss: 0.9501 time 3.55s
Epoch 0/20 217/1000 loss: 0.9501 time 3.55s
Epoch 0/20 218/1000 loss: 0.9497 time 3.55s
Epoch 0/20 219/1000 loss: 0.9496 time 3.55s
Epoch 0/20 220/1000 loss: 0.9495 time 3.54s
Epoch 0/20 221/1000 loss: 0.9493 time 3.54s
Epoch 0/20 222/1000 loss: 0.9492 time 3.55s
Epoch 0/20 223/1000 loss: 0.9488 time 3.55s
Epoch 0/20 224/1000 loss: 0.9487 time 3.54s
Epoch 0/20 225/1000 loss: 0.9485 time 3.54s
Epoch 0/20 226/1000 loss: 0.9483 time 3.55s
Epoch 0/20 227/1000 loss: 0.9483 time 3.55s
Epoch 0/20 228/1000 loss: 0.9481 time 3.54s
Epoch 0/20 229/1000 loss: 0.9482 time 3.54s
Epoch 0/20 230/1000 loss: 0.9481 time 3.55s
Epoch 0/20 231/1000 loss: 0.9479 time 3.55s
Epoch 0/20 232/1000 loss: 0.9481 time 3.55s
Epoch 0/20 233/1000 loss: 0.9481 time 3.55s
Epoch 0/20 234/1000 loss: 0.9479 time 3.54s
Epoch 0/20 235/1000 loss: 0.9480 time 3.54s
Epoch 0/20 236/1000 loss: 0.9479 time 3.55s
Epoch 0/20 237/1000 loss: 0.9480 time 3.55s
Epoch 0/20 238/1000 loss: 0.9483 time 3.54s
Epoch 0/20 239/1000 loss: 0.9480 time 3.54s
Epoch 0/20 240/1000 loss: 0.9482 time 3.54s
Epoch 0/20 241/1000 loss: 0.9482 time 3.54s
Epoch 0/20 242/1000 loss: 0.9482 time 3.54s
Epoch 0/20 243/1000 loss: 0.9481 time 3.54s
Epoch 0/20 244/1000 loss: 0.9480 time 3.54s
Epoch 0/20 245/1000 loss: 0.9481 time 3.54s
Epoch 0/20 246/1000 loss: 0.9480 time 3.55s
Epoch 0/20 247/1000 loss: 0.9481 time 3.55s
Epoch 0/20 248/1000 loss: 0.9481 time 3.55s
Epoch 0/20 249/1000 loss: 0.9481 time 3.55s
Epoch 0/20 250/1000 loss: 0.9481 time 3.54s
Epoch 0/20 251/1000 loss: 0.9481 time 3.55s
Epoch 0/20 252/1000 loss: 0.9482 time 3.55s
Epoch 0/20 253/1000 loss: 0.9476 time 3.54s
Epoch 0/20 254/1000 loss: 0.9477 time 3.55s
Epoch 0/20 255/1000 loss: 0.9476 time 3.55s
Epoch 0/20 256/1000 loss: 0.9478 time 3.54s
Epoch 0/20 257/1000 loss: 0.9477 time 3.55s
Epoch 0/20 258/1000 loss: 0.9477 time 3.54s
Epoch 0/20 259/1000 loss: 0.9474 time 3.55s
Epoch 0/20 260/1000 loss: 0.9472 time 3.55s
Epoch 0/20 261/1000 loss: 0.9473 time 3.55s
Epoch 0/20 262/1000 loss: 0.9471 time 3.55s
Epoch 0/20 263/1000 loss: 0.9469 time 3.55s
Epoch 0/20 264/1000 loss: 0.9469 time 3.54s
Epoch 0/20 265/1000 loss: 0.9467 time 3.55s
Epoch 0/20 266/1000 loss: 0.9468 time 3.55s
Epoch 0/20 267/1000 loss: 0.9465 time 3.55s
Epoch 0/20 268/1000 loss: 0.9463 time 3.55s
Epoch 0/20 269/1000 loss: 0.9462 time 3.55s
Epoch 0/20 270/1000 loss: 0.9461 time 3.55s
Epoch 0/20 271/1000 loss: 0.9462 time 3.54s
Epoch 0/20 272/1000 loss: 0.9462 time 3.55s
Epoch 0/20 273/1000 loss: 0.9460 time 3.55s
Epoch 0/20 274/1000 loss: 0.9459 time 3.55s
Epoch 0/20 275/1000 loss: 0.9460 time 3.55s
Epoch 0/20 276/1000 loss: 0.9458 time 3.54s
Epoch 0/20 277/1000 loss: 0.9459 time 3.54s
Epoch 0/20 278/1000 loss: 0.9460 time 3.54s
Epoch 0/20 279/1000 loss: 0.9459 time 3.54s
Epoch 0/20 280/1000 loss: 0.9457 time 3.54s
Epoch 0/20 281/1000 loss: 0.9454 time 3.55s
Epoch 0/20 282/1000 loss: 0.9456 time 3.55s
Epoch 0/20 283/1000 loss: 0.9454 time 3.55s
Epoch 0/20 284/1000 loss: 0.9455 time 3.55s
Epoch 0/20 285/1000 loss: 0.9454 time 3.54s
Epoch 0/20 286/1000 loss: 0.9454 time 3.55s
Epoch 0/20 287/1000 loss: 0.9453 time 3.55s
Epoch 0/20 288/1000 loss: 0.9450 time 3.54s
Epoch 0/20 289/1000 loss: 0.9449 time 3.55s
Epoch 0/20 290/1000 loss: 0.9451 time 3.54s
Epoch 0/20 291/1000 loss: 0.9448 time 3.55s
Epoch 0/20 292/1000 loss: 0.9449 time 3.56s
Epoch 0/20 293/1000 loss: 0.9447 time 3.57s
Epoch 0/20 294/1000 loss: 0.9445 time 3.55s
Epoch 0/20 295/1000 loss: 0.9446 time 3.54s
Epoch 0/20 296/1000 loss: 0.9447 time 3.54s
Epoch 0/20 297/1000 loss: 0.9446 time 3.55s
Epoch 0/20 298/1000 loss: 0.9444 time 3.54s
Epoch 0/20 299/1000 loss: 0.9444 time 3.55s
Epoch 0/20 300/1000 loss: 0.9442 time 3.55s
Epoch 0/20 301/1000 loss: 0.9440 time 3.55s
Epoch 0/20 302/1000 loss: 0.9440 time 3.54s
Epoch 0/20 303/1000 loss: 0.9440 time 3.55s
Epoch 0/20 304/1000 loss: 0.9440 time 3.54s
Epoch 0/20 305/1000 loss: 0.9439 time 3.54s
Epoch 0/20 306/1000 loss: 0.9435 time 3.54s
Epoch 0/20 307/1000 loss: 0.9434 time 3.55s
Epoch 0/20 308/1000 loss: 0.9431 time 3.54s
Epoch 0/20 309/1000 loss: 0.9431 time 3.55s
Epoch 0/20 310/1000 loss: 0.9432 time 3.54s
Epoch 0/20 311/1000 loss: 0.9432 time 3.54s
Epoch 0/20 312/1000 loss: 0.9428 time 3.54s
Epoch 0/20 313/1000 loss: 0.9429 time 3.54s
Epoch 0/20 314/1000 loss: 0.9426 time 3.55s
Epoch 0/20 315/1000 loss: 0.9425 time 3.55s
Epoch 0/20 316/1000 loss: 0.9422 time 3.55s
Epoch 0/20 317/1000 loss: 0.9421 time 3.54s
Epoch 0/20 318/1000 loss: 0.9418 time 3.54s
Epoch 0/20 319/1000 loss: 0.9417 time 3.54s
Epoch 0/20 320/1000 loss: 0.9417 time 3.55s
Epoch 0/20 321/1000 loss: 0.9416 time 3.55s
Epoch 0/20 322/1000 loss: 0.9417 time 3.54s
Epoch 0/20 323/1000 loss: 0.9416 time 3.54s
Epoch 0/20 324/1000 loss: 0.9417 time 3.55s
Epoch 0/20 325/1000 loss: 0.9416 time 3.55s
Epoch 0/20 326/1000 loss: 0.9417 time 3.55s
Epoch 0/20 327/1000 loss: 0.9413 time 3.55s
Epoch 0/20 328/1000 loss: 0.9411 time 3.55s
Epoch 0/20 329/1000 loss: 0.9410 time 3.54s
Epoch 0/20 330/1000 loss: 0.9410 time 3.55s
Epoch 0/20 331/1000 loss: 0.9408 time 3.55s
Epoch 0/20 332/1000 loss: 0.9408 time 3.55s
Epoch 0/20 333/1000 loss: 0.9406 time 3.55s
Epoch 0/20 334/1000 loss: 0.9403 time 3.55s
Epoch 0/20 335/1000 loss: 0.9402 time 3.55s
Epoch 0/20 336/1000 loss: 0.9403 time 3.54s
Epoch 0/20 337/1000 loss: 0.9402 time 3.55s
Epoch 0/20 338/1000 loss: 0.9402 time 3.55s
Epoch 0/20 339/1000 loss: 0.9400 time 3.55s
Epoch 0/20 340/1000 loss: 0.9399 time 3.54s
Epoch 0/20 341/1000 loss: 0.9396 time 3.54s
Epoch 0/20 342/1000 loss: 0.9395 time 3.55s
Epoch 0/20 343/1000 loss: 0.9395 time 3.56s
Epoch 0/20 344/1000 loss: 0.9395 time 3.55s
Epoch 0/20 345/1000 loss: 0.9395 time 3.54s
Epoch 0/20 346/1000 loss: 0.9396 time 3.55s
Epoch 0/20 347/1000 loss: 0.9395 time 3.55s
Epoch 0/20 348/1000 loss: 0.9392 time 3.54s
Epoch 0/20 349/1000 loss: 0.9390 time 3.54s
Epoch 0/20 350/1000 loss: 0.9388 time 3.54s
Epoch 0/20 351/1000 loss: 0.9385 time 3.55s
Epoch 0/20 352/1000 loss: 0.9384 time 3.54s
Epoch 0/20 353/1000 loss: 0.9382 time 3.54s
Epoch 0/20 354/1000 loss: 0.9382 time 3.55s
Epoch 0/20 355/1000 loss: 0.9382 time 3.56s
Epoch 0/20 356/1000 loss: 0.9382 time 3.55s
Epoch 0/20 357/1000 loss: 0.9383 time 3.54s
Epoch 0/20 358/1000 loss: 0.9381 time 3.54s
Epoch 0/20 359/1000 loss: 0.9380 time 3.54s
Epoch 0/20 360/1000 loss: 0.9380 time 3.54s
Epoch 0/20 361/1000 loss: 0.9379 time 3.54s
Epoch 0/20 362/1000 loss: 0.9378 time 3.55s
Epoch 0/20 363/1000 loss: 0.9378 time 3.55s
Epoch 0/20 364/1000 loss: 0.9380 time 3.55s
Epoch 0/20 365/1000 loss: 0.9381 time 3.54s
Epoch 0/20 366/1000 loss: 0.9379 time 3.55s
Epoch 0/20 367/1000 loss: 0.9378 time 3.56s
Epoch 0/20 368/1000 loss: 0.9378 time 3.54s
Epoch 0/20 369/1000 loss: 0.9378 time 3.55s
Epoch 0/20 370/1000 loss: 0.9379 time 3.54s
Epoch 0/20 371/1000 loss: 0.9377 time 3.54s
Epoch 0/20 372/1000 loss: 0.9376 time 3.54s
Epoch 0/20 373/1000 loss: 0.9377 time 3.54s
Epoch 0/20 374/1000 loss: 0.9376 time 3.54s
Epoch 0/20 375/1000 loss: 0.9374 time 3.54s
Epoch 0/20 376/1000 loss: 0.9371 time 3.55s
Epoch 0/20 377/1000 loss: 0.9369 time 3.54s
Epoch 0/20 378/1000 loss: 0.9366 time 3.54s
Epoch 0/20 379/1000 loss: 0.9365 time 3.54s
Epoch 0/20 380/1000 loss: 0.9364 time 3.54s
Epoch 0/20 381/1000 loss: 0.9365 time 3.54s
Epoch 0/20 382/1000 loss: 0.9365 time 3.55s
Epoch 0/20 383/1000 loss: 0.9363 time 3.55s
Epoch 0/20 384/1000 loss: 0.9362 time 3.55s
Epoch 0/20 385/1000 loss: 0.9362 time 3.55s
Epoch 0/20 386/1000 loss: 0.9363 time 3.54s
Epoch 0/20 387/1000 loss: 0.9359 time 3.54s
Epoch 0/20 388/1000 loss: 0.9359 time 3.54s
Epoch 0/20 389/1000 loss: 0.9359 time 3.54s
Epoch 0/20 390/1000 loss: 0.9360 time 3.54s
Epoch 0/20 391/1000 loss: 0.9358 time 3.54s
Epoch 0/20 392/1000 loss: 0.9357 time 3.55s
Epoch 0/20 393/1000 loss: 0.9354 time 3.54s
Epoch 0/20 394/1000 loss: 0.9352 time 3.54s
Epoch 0/20 395/1000 loss: 0.9353 time 3.54s
Epoch 0/20 396/1000 loss: 0.9353 time 3.54s
Epoch 0/20 397/1000 loss: 0.9353 time 3.54s
Epoch 0/20 398/1000 loss: 0.9350 time 3.54s
Epoch 0/20 399/1000 loss: 0.9351 time 3.54s
Epoch 0/20 400/1000 loss: 0.9351 time 3.55s
Epoch 0/20 401/1000 loss: 0.9350 time 3.54s
Epoch 0/20 402/1000 loss: 0.9349 time 3.55s
Epoch 0/20 403/1000 loss: 0.9347 time 3.55s
Epoch 0/20 404/1000 loss: 0.9346 time 3.54s
Epoch 0/20 405/1000 loss: 0.9343 time 3.54s
Epoch 0/20 406/1000 loss: 0.9341 time 3.54s
Epoch 0/20 407/1000 loss: 0.9341 time 3.55s
Epoch 0/20 408/1000 loss: 0.9341 time 3.54s
Epoch 0/20 409/1000 loss: 0.9340 time 3.55s
Epoch 0/20 410/1000 loss: 0.9337 time 3.56s
Epoch 0/20 411/1000 loss: 0.9335 time 3.55s
Epoch 0/20 412/1000 loss: 0.9336 time 3.54s
Epoch 0/20 413/1000 loss: 0.9334 time 3.54s
Epoch 0/20 414/1000 loss: 0.9332 time 3.56s
Epoch 0/20 415/1000 loss: 0.9330 time 3.55s
Epoch 0/20 416/1000 loss: 0.9331 time 3.55s
Epoch 0/20 417/1000 loss: 0.9332 time 3.55s
Epoch 0/20 418/1000 loss: 0.9330 time 3.54s
Epoch 0/20 419/1000 loss: 0.9330 time 3.54s
Epoch 0/20 420/1000 loss: 0.9331 time 3.54s
Epoch 0/20 421/1000 loss: 0.9329 time 3.55s
Epoch 0/20 422/1000 loss: 0.9325 time 3.55s
Epoch 0/20 423/1000 loss: 0.9326 time 3.55s
Epoch 0/20 424/1000 loss: 0.9324 time 3.54s
Epoch 0/20 425/1000 loss: 0.9324 time 3.55s
Epoch 0/20 426/1000 loss: 0.9322 time 3.55s
Epoch 0/20 427/1000 loss: 0.9323 time 3.55s
Epoch 0/20 428/1000 loss: 0.9322 time 3.54s
Epoch 0/20 429/1000 loss: 0.9320 time 3.54s
Epoch 0/20 430/1000 loss: 0.9321 time 3.54s
Epoch 0/20 431/1000 loss: 0.9322 time 3.54s
Epoch 0/20 432/1000 loss: 0.9323 time 3.54s
Epoch 0/20 433/1000 loss: 0.9321 time 3.54s
Epoch 0/20 434/1000 loss: 0.9321 time 3.55s
Epoch 0/20 435/1000 loss: 0.9319 time 3.55s
Epoch 0/20 436/1000 loss: 0.9318 time 3.55s
Epoch 0/20 437/1000 loss: 0.9318 time 3.54s
Epoch 0/20 438/1000 loss: 0.9317 time 3.54s
Epoch 0/20 439/1000 loss: 0.9316 time 3.54s
Epoch 0/20 440/1000 loss: 0.9313 time 3.55s
Epoch 0/20 441/1000 loss: 0.9313 time 3.54s
Epoch 0/20 442/1000 loss: 0.9312 time 3.55s
Epoch 0/20 443/1000 loss: 0.9309 time 3.56s
Epoch 0/20 444/1000 loss: 0.9308 time 3.54s
Epoch 0/20 445/1000 loss: 0.9307 time 3.54s
Epoch 0/20 446/1000 loss: 0.9308 time 3.54s
Epoch 0/20 447/1000 loss: 0.9308 time 3.55s
Epoch 0/20 448/1000 loss: 0.9309 time 3.54s
Epoch 0/20 449/1000 loss: 0.9308 time 3.54s
Epoch 0/20 450/1000 loss: 0.9309 time 3.54s
Epoch 0/20 451/1000 loss: 0.9307 time 3.55s
Epoch 0/20 452/1000 loss: 0.9305 time 3.54s
Epoch 0/20 453/1000 loss: 0.9306 time 3.54s
Epoch 0/20 454/1000 loss: 0.9307 time 3.54s
Epoch 0/20 455/1000 loss: 0.9305 time 3.54s
Epoch 0/20 456/1000 loss: 0.9304 time 3.54s
Epoch 0/20 457/1000 loss: 0.9303 time 3.54s
Epoch 0/20 458/1000 loss: 0.9301 time 3.54s
Epoch 0/20 459/1000 loss: 0.9299 time 3.55s
Epoch 0/20 460/1000 loss: 0.9299 time 3.55s
Epoch 0/20 461/1000 loss: 0.9300 time 3.54s
Epoch 0/20 462/1000 loss: 0.9297 time 3.55s
Epoch 0/20 463/1000 loss: 0.9296 time 3.54s
Epoch 0/20 464/1000 loss: 0.9295 time 3.55s
Epoch 0/20 465/1000 loss: 0.9295 time 3.54s
Epoch 0/20 466/1000 loss: 0.9294 time 3.54s
Epoch 0/20 467/1000 loss: 0.9292 time 3.55s
Epoch 0/20 468/1000 loss: 0.9292 time 3.54s
Epoch 0/20 469/1000 loss: 0.9291 time 3.54s
Epoch 0/20 470/1000 loss: 0.9290 time 3.55s
Epoch 0/20 471/1000 loss: 0.9289 time 3.54s
Epoch 0/20 472/1000 loss: 0.9290 time 3.54s
Epoch 0/20 473/1000 loss: 0.9289 time 3.54s
Epoch 0/20 474/1000 loss: 0.9287 time 3.54s
Epoch 0/20 475/1000 loss: 0.9288 time 3.54s
Epoch 0/20 476/1000 loss: 0.9286 time 3.54s
Epoch 0/20 477/1000 loss: 0.9287 time 3.55s
Epoch 0/20 478/1000 loss: 0.9284 time 3.55s
Epoch 0/20 479/1000 loss: 0.9283 time 3.54s
Epoch 0/20 480/1000 loss: 0.9283 time 3.55s
Epoch 0/20 481/1000 loss: 0.9284 time 3.54s
Epoch 0/20 482/1000 loss: 0.9283 time 3.54s
Epoch 0/20 483/1000 loss: 0.9281 time 3.54s
Epoch 0/20 484/1000 loss: 0.9280 time 3.54s
Epoch 0/20 485/1000 loss: 0.9278 time 3.54s
Epoch 0/20 486/1000 loss: 0.9277 time 3.54s
Epoch 0/20 487/1000 loss: 0.9276 time 3.54s
Epoch 0/20 488/1000 loss: 0.9277 time 3.54s
Epoch 0/20 489/1000 loss: 0.9278 time 3.54s
Epoch 0/20 490/1000 loss: 0.9278 time 3.54s
Epoch 0/20 491/1000 loss: 0.9280 time 3.54s
Epoch 0/20 492/1000 loss: 0.9278 time 3.54s
Epoch 0/20 493/1000 loss: 0.9277 time 3.54s
Epoch 0/20 494/1000 loss: 0.9276 time 3.55s
Epoch 0/20 495/1000 loss: 0.9277 time 3.54s
Epoch 0/20 496/1000 loss: 0.9276 time 3.55s
Epoch 0/20 497/1000 loss: 0.9274 time 3.54s
Epoch 0/20 498/1000 loss: 0.9275 time 3.54s
Epoch 0/20 499/1000 loss: 0.9274 time 3.55s
Epoch 0/20 500/1000 loss: 0.9273 time 3.54s
Epoch 0/20 501/1000 loss: 0.9274 time 3.54s
Epoch 0/20 502/1000 loss: 0.9272 time 3.55s
Epoch 0/20 503/1000 loss: 0.9272 time 3.54s
Epoch 0/20 504/1000 loss: 0.9270 time 3.54s
Epoch 0/20 505/1000 loss: 0.9269 time 3.54s
Epoch 0/20 506/1000 loss: 0.9266 time 3.55s
Epoch 0/20 507/1000 loss: 0.9265 time 3.55s
Epoch 0/20 508/1000 loss: 0.9263 time 3.54s
Epoch 0/20 509/1000 loss: 0.9261 time 3.55s
Epoch 0/20 510/1000 loss: 0.9260 time 3.55s
Epoch 0/20 511/1000 loss: 0.9259 time 3.54s
Epoch 0/20 512/1000 loss: 0.9257 time 3.54s
Epoch 0/20 513/1000 loss: 0.9258 time 3.54s
Epoch 0/20 514/1000 loss: 0.9258 time 3.54s
Epoch 0/20 515/1000 loss: 0.9258 time 3.55s
Epoch 0/20 516/1000 loss: 0.9257 time 3.55s
Epoch 0/20 517/1000 loss: 0.9258 time 3.55s
Epoch 0/20 518/1000 loss: 0.9257 time 3.55s
Epoch 0/20 519/1000 loss: 0.9255 time 3.54s
Epoch 0/20 520/1000 loss: 0.9254 time 3.54s
Epoch 0/20 521/1000 loss: 0.9255 time 3.54s
Epoch 0/20 522/1000 loss: 0.9256 time 3.54s
Epoch 0/20 523/1000 loss: 0.9254 time 3.54s
Epoch 0/20 524/1000 loss: 0.9255 time 3.54s
Epoch 0/20 525/1000 loss: 0.9254 time 3.54s
Epoch 0/20 526/1000 loss: 0.9255 time 3.55s
Epoch 0/20 527/1000 loss: 0.9254 time 3.54s
Epoch 0/20 528/1000 loss: 0.9254 time 3.54s
Epoch 0/20 529/1000 loss: 0.9251 time 3.54s
Epoch 0/20 530/1000 loss: 0.9251 time 3.54s
Epoch 0/20 531/1000 loss: 0.9251 time 3.54s
Epoch 0/20 532/1000 loss: 0.9250 time 3.55s
Epoch 0/20 533/1000 loss: 0.9248 time 3.54s
Epoch 0/20 534/1000 loss: 0.9247 time 3.55s
Epoch 0/20 535/1000 loss: 0.9247 time 3.54s
Epoch 0/20 536/1000 loss: 0.9247 time 3.55s
Epoch 0/20 537/1000 loss: 0.9247 time 3.55s
Epoch 0/20 538/1000 loss: 0.9246 time 3.54s
Epoch 0/20 539/1000 loss: 0.9244 time 3.54s
Epoch 0/20 540/1000 loss: 0.9245 time 3.55s
Epoch 0/20 541/1000 loss: 0.9244 time 3.54s
Epoch 0/20 542/1000 loss: 0.9242 time 3.55s
Epoch 0/20 543/1000 loss: 0.9241 time 3.55s
Epoch 0/20 544/1000 loss: 0.9241 time 3.55s
Epoch 0/20 545/1000 loss: 0.9242 time 3.55s
Epoch 0/20 546/1000 loss: 0.9240 time 3.54s
Epoch 0/20 547/1000 loss: 0.9241 time 3.54s
Epoch 0/20 548/1000 loss: 0.9240 time 3.54s
Epoch 0/20 549/1000 loss: 0.9239 time 3.54s
Epoch 0/20 550/1000 loss: 0.9237 time 3.55s
Epoch 0/20 551/1000 loss: 0.9238 time 3.55s
Epoch 0/20 552/1000 loss: 0.9236 time 3.55s
Epoch 0/20 553/1000 loss: 0.9234 time 3.55s
Epoch 0/20 554/1000 loss: 0.9234 time 3.55s
Epoch 0/20 555/1000 loss: 0.9233 time 3.56s
Epoch 0/20 556/1000 loss: 0.9232 time 3.55s
Epoch 0/20 557/1000 loss: 0.9231 time 3.55s
Epoch 0/20 558/1000 loss: 0.9231 time 3.55s
Epoch 0/20 559/1000 loss: 0.9231 time 3.55s
Epoch 0/20 560/1000 loss: 0.9230 time 3.54s
Epoch 0/20 561/1000 loss: 0.9226 time 3.55s
Epoch 0/20 562/1000 loss: 0.9225 time 3.55s
Epoch 0/20 563/1000 loss: 0.9224 time 3.54s
Epoch 0/20 564/1000 loss: 0.9224 time 3.55s
Epoch 0/20 565/1000 loss: 0.9224 time 3.54s
Epoch 0/20 566/1000 loss: 0.9224 time 3.55s
Epoch 0/20 567/1000 loss: 0.9222 time 3.54s
Epoch 0/20 568/1000 loss: 0.9221 time 3.54s
Epoch 0/20 569/1000 loss: 0.9218 time 3.55s
Epoch 0/20 570/1000 loss: 0.9218 time 3.55s
Epoch 0/20 571/1000 loss: 0.9218 time 3.55s
Epoch 0/20 572/1000 loss: 0.9217 time 3.54s
Epoch 0/20 573/1000 loss: 0.9215 time 3.54s
Epoch 0/20 574/1000 loss: 0.9214 time 3.55s
Epoch 0/20 575/1000 loss: 0.9212 time 3.54s
Epoch 0/20 576/1000 loss: 0.9212 time 3.55s
Epoch 0/20 577/1000 loss: 0.9212 time 3.55s
Epoch 0/20 578/1000 loss: 0.9210 time 3.55s
Epoch 0/20 579/1000 loss: 0.9210 time 3.54s
Epoch 0/20 580/1000 loss: 0.9209 time 3.55s
Epoch 0/20 581/1000 loss: 0.9209 time 3.54s
Epoch 0/20 582/1000 loss: 0.9207 time 3.54s
Epoch 0/20 583/1000 loss: 0.9207 time 3.54s
Epoch 0/20 584/1000 loss: 0.9208 time 3.54s
Epoch 0/20 585/1000 loss: 0.9207 time 3.54s
Epoch 0/20 586/1000 loss: 0.9208 time 3.54s
Epoch 0/20 587/1000 loss: 0.9209 time 3.54s
Epoch 0/20 588/1000 loss: 0.9210 time 3.55s
Epoch 0/20 589/1000 loss: 0.9208 time 3.55s
Epoch 0/20 590/1000 loss: 0.9209 time 3.55s
Epoch 0/20 591/1000 loss: 0.9208 time 3.55s
Epoch 0/20 592/1000 loss: 0.9207 time 3.55s
Epoch 0/20 593/1000 loss: 0.9207 time 3.56s
Epoch 0/20 594/1000 loss: 0.9206 time 3.55s
Epoch 0/20 595/1000 loss: 0.9205 time 3.54s
Epoch 0/20 596/1000 loss: 0.9203 time 3.54s
Epoch 0/20 597/1000 loss: 0.9202 time 3.54s
Epoch 0/20 598/1000 loss: 0.9201 time 3.54s
Epoch 0/20 599/1000 loss: 0.9200 time 3.54s
Epoch 0/20 600/1000 loss: 0.9199 time 3.55s
Epoch 0/20 601/1000 loss: 0.9198 time 3.54s
Epoch 0/20 602/1000 loss: 0.9197 time 3.54s
Epoch 0/20 603/1000 loss: 0.9196 time 3.55s
Epoch 0/20 604/1000 loss: 0.9195 time 3.55s
Epoch 0/20 605/1000 loss: 0.9194 time 3.54s
Epoch 0/20 606/1000 loss: 0.9193 time 3.54s
Epoch 0/20 607/1000 loss: 0.9193 time 3.54s
Epoch 0/20 608/1000 loss: 0.9192 time 3.54s
Epoch 0/20 609/1000 loss: 0.9190 time 3.54s
Epoch 0/20 610/1000 loss: 0.9190 time 3.54s
Epoch 0/20 611/1000 loss: 0.9190 time 3.55s
Epoch 0/20 612/1000 loss: 0.9188 time 3.54s
Epoch 0/20 613/1000 loss: 0.9187 time 3.54s
Epoch 0/20 614/1000 loss: 0.9187 time 3.54s
Epoch 0/20 615/1000 loss: 0.9188 time 3.54s
Epoch 0/20 616/1000 loss: 0.9186 time 3.55s
Epoch 0/20 617/1000 loss: 0.9185 time 3.54s
Epoch 0/20 618/1000 loss: 0.9185 time 3.55s
Epoch 0/20 619/1000 loss: 0.9185 time 3.55s
Epoch 0/20 620/1000 loss: 0.9184 time 3.55s
Epoch 0/20 621/1000 loss: 0.9184 time 3.54s
Epoch 0/20 622/1000 loss: 0.9184 time 3.54s
Epoch 0/20 623/1000 loss: 0.9183 time 3.55s
Epoch 0/20 624/1000 loss: 0.9181 time 3.55s
Epoch 0/20 625/1000 loss: 0.9180 time 3.54s
Epoch 0/20 626/1000 loss: 0.9178 time 3.54s
Epoch 0/20 627/1000 loss: 0.9178 time 3.54s
Epoch 0/20 628/1000 loss: 0.9178 time 3.54s
Epoch 0/20 629/1000 loss: 0.9176 time 3.54s
Epoch 0/20 630/1000 loss: 0.9176 time 3.55s
Epoch 0/20 631/1000 loss: 0.9175 time 3.55s
Epoch 0/20 632/1000 loss: 0.9173 time 3.55s
Epoch 0/20 633/1000 loss: 0.9173 time 3.56s
Epoch 0/20 634/1000 loss: 0.9172 time 3.55s
Epoch 0/20 635/1000 loss: 0.9172 time 3.54s
Epoch 0/20 636/1000 loss: 0.9171 time 3.55s
Epoch 0/20 637/1000 loss: 0.9171 time 3.54s
Epoch 0/20 638/1000 loss: 0.9171 time 3.54s
Epoch 0/20 639/1000 loss: 0.9168 time 3.55s
Epoch 0/20 640/1000 loss: 0.9167 time 3.54s
Epoch 0/20 641/1000 loss: 0.9166 time 3.54s
Epoch 0/20 642/1000 loss: 0.9164 time 3.55s
Epoch 0/20 643/1000 loss: 0.9165 time 3.54s
Epoch 0/20 644/1000 loss: 0.9163 time 3.54s
Epoch 0/20 645/1000 loss: 0.9163 time 3.54s
Epoch 0/20 646/1000 loss: 0.9162 time 3.54s
Epoch 0/20 647/1000 loss: 0.9159 time 3.54s
Epoch 0/20 648/1000 loss: 0.9158 time 3.55s
Epoch 0/20 649/1000 loss: 0.9158 time 3.55s
Epoch 0/20 650/1000 loss: 0.9157 time 3.55s
Epoch 0/20 651/1000 loss: 0.9156 time 3.55s
Epoch 0/20 652/1000 loss: 0.9156 time 3.55s
Epoch 0/20 653/1000 loss: 0.9154 time 3.54s
Epoch 0/20 654/1000 loss: 0.9154 time 3.54s
Epoch 0/20 655/1000 loss: 0.9155 time 3.54s
Epoch 0/20 656/1000 loss: 0.9153 time 3.54s
Epoch 0/20 657/1000 loss: 0.9152 time 3.55s
Epoch 0/20 658/1000 loss: 0.9151 time 3.54s
Epoch 0/20 659/1000 loss: 0.9150 time 3.55s
Epoch 0/20 660/1000 loss: 0.9149 time 3.55s
Epoch 0/20 661/1000 loss: 0.9148 time 3.54s
Epoch 0/20 662/1000 loss: 0.9149 time 3.54s
Epoch 0/20 663/1000 loss: 0.9146 time 3.54s
Epoch 0/20 664/1000 loss: 0.9147 time 3.54s
Epoch 0/20 665/1000 loss: 0.9147 time 3.54s
Epoch 0/20 666/1000 loss: 0.9147 time 3.55s
Epoch 0/20 667/1000 loss: 0.9146 time 3.55s
Epoch 0/20 668/1000 loss: 0.9145 time 3.54s
Epoch 0/20 669/1000 loss: 0.9143 time 3.55s
Epoch 0/20 670/1000 loss: 0.9143 time 3.55s
Epoch 0/20 671/1000 loss: 0.9142 time 3.55s
Epoch 0/20 672/1000 loss: 0.9142 time 3.54s
Epoch 0/20 673/1000 loss: 0.9142 time 3.54s
Epoch 0/20 674/1000 loss: 0.9142 time 3.54s
Epoch 0/20 675/1000 loss: 0.9140 time 3.54s
Epoch 0/20 676/1000 loss: 0.9138 time 3.54s
Epoch 0/20 677/1000 loss: 0.9138 time 3.54s
Epoch 0/20 678/1000 loss: 0.9137 time 3.54s
Epoch 0/20 679/1000 loss: 0.9136 time 3.54s
Epoch 0/20 680/1000 loss: 0.9135 time 3.54s
Epoch 0/20 681/1000 loss: 0.9133 time 3.54s
Epoch 0/20 682/1000 loss: 0.9132 time 3.55s
Epoch 0/20 683/1000 loss: 0.9131 time 3.54s
Epoch 0/20 684/1000 loss: 0.9128 time 3.54s
Epoch 0/20 685/1000 loss: 0.9126 time 3.54s
Epoch 0/20 686/1000 loss: 0.9125 time 3.55s
Epoch 0/20 687/1000 loss: 0.9124 time 3.54s
Epoch 0/20 688/1000 loss: 0.9125 time 3.54s
Epoch 0/20 689/1000 loss: 0.9124 time 3.55s
Epoch 0/20 690/1000 loss: 0.9121 time 3.55s
Epoch 0/20 691/1000 loss: 0.9119 time 3.55s
Epoch 0/20 692/1000 loss: 0.9118 time 3.54s
Epoch 0/20 693/1000 loss: 0.9116 time 3.54s
Epoch 0/20 694/1000 loss: 0.9117 time 3.54s
Epoch 0/20 695/1000 loss: 0.9116 time 3.54s
Epoch 0/20 696/1000 loss: 0.9115 time 3.54s
Epoch 0/20 697/1000 loss: 0.9115 time 3.54s
Epoch 0/20 698/1000 loss: 0.9114 time 3.54s
Epoch 0/20 699/1000 loss: 0.9113 time 3.54s
Epoch 0/20 700/1000 loss: 0.9112 time 3.54s
Epoch 0/20 701/1000 loss: 0.9113 time 3.54s
Epoch 0/20 702/1000 loss: 0.9112 time 3.55s
Epoch 0/20 703/1000 loss: 0.9113 time 3.54s
Epoch 0/20 704/1000 loss: 0.9114 time 3.56s
Epoch 0/20 705/1000 loss: 0.9114 time 3.55s
Epoch 0/20 706/1000 loss: 0.9112 time 3.55s
Epoch 0/20 707/1000 loss: 0.9111 time 3.54s
Epoch 0/20 708/1000 loss: 0.9111 time 3.54s
Epoch 0/20 709/1000 loss: 0.9110 time 3.55s
Epoch 0/20 710/1000 loss: 0.9108 time 3.54s
Epoch 0/20 711/1000 loss: 0.9107 time 3.54s
Epoch 0/20 712/1000 loss: 0.9106 time 3.54s
Epoch 0/20 713/1000 loss: 0.9105 time 3.54s
Epoch 0/20 714/1000 loss: 0.9106 time 3.54s
Epoch 0/20 715/1000 loss: 0.9104 time 3.54s
Epoch 0/20 716/1000 loss: 0.9104 time 3.55s
Epoch 0/20 717/1000 loss: 0.9102 time 3.55s
Epoch 0/20 718/1000 loss: 0.9102 time 3.54s
Epoch 0/20 719/1000 loss: 0.9101 time 3.55s
Epoch 0/20 720/1000 loss: 0.9101 time 3.54s
Epoch 0/20 721/1000 loss: 0.9099 time 3.54s
Epoch 0/20 722/1000 loss: 0.9100 time 3.54s
Epoch 0/20 723/1000 loss: 0.9101 time 3.54s
Epoch 0/20 724/1000 loss: 0.9099 time 3.54s
Epoch 0/20 725/1000 loss: 0.9098 time 3.54s
Epoch 0/20 726/1000 loss: 0.9098 time 3.55s
Epoch 0/20 727/1000 loss: 0.9097 time 3.55s
Epoch 0/20 728/1000 loss: 0.9098 time 3.54s
Epoch 0/20 729/1000 loss: 0.9098 time 3.54s
Epoch 0/20 730/1000 loss: 0.9098 time 3.54s
Epoch 0/20 731/1000 loss: 0.9099 time 3.54s
Epoch 0/20 732/1000 loss: 0.9098 time 3.55s
Epoch 0/20 733/1000 loss: 0.9097 time 3.54s
Epoch 0/20 734/1000 loss: 0.9098 time 3.54s
Epoch 0/20 735/1000 loss: 0.9098 time 3.54s
Epoch 0/20 736/1000 loss: 0.9097 time 3.54s
Epoch 0/20 737/1000 loss: 0.9096 time 3.55s
Epoch 0/20 738/1000 loss: 0.9096 time 3.54s
Epoch 0/20 739/1000 loss: 0.9097 time 3.54s
Epoch 0/20 740/1000 loss: 0.9095 time 3.54s
Epoch 0/20 741/1000 loss: 0.9095 time 3.54s
Epoch 0/20 742/1000 loss: 0.9094 time 3.54s
Epoch 0/20 743/1000 loss: 0.9092 time 3.55s
Epoch 0/20 744/1000 loss: 0.9091 time 3.55s
Epoch 0/20 745/1000 loss: 0.9091 time 3.54s
Epoch 0/20 746/1000 loss: 0.9091 time 3.55s
Epoch 0/20 747/1000 loss: 0.9090 time 3.55s
Epoch 0/20 748/1000 loss: 0.9089 time 3.54s
Epoch 0/20 749/1000 loss: 0.9087 time 3.54s
Epoch 0/20 750/1000 loss: 0.9086 time 3.54s
Epoch 0/20 751/1000 loss: 0.9085 time 3.54s
Epoch 0/20 752/1000 loss: 0.9085 time 3.54s
Epoch 0/20 753/1000 loss: 0.9085 time 3.54s
Epoch 0/20 754/1000 loss: 0.9085 time 3.55s
Epoch 0/20 755/1000 loss: 0.9083 time 3.54s
Epoch 0/20 756/1000 loss: 0.9083 time 3.54s
Epoch 0/20 757/1000 loss: 0.9082 time 3.55s
Epoch 0/20 758/1000 loss: 0.9080 time 3.54s
Epoch 0/20 759/1000 loss: 0.9081 time 3.54s
Epoch 0/20 760/1000 loss: 0.9079 time 3.54s
Epoch 0/20 761/1000 loss: 0.9080 time 3.55s
Epoch 0/20 762/1000 loss: 0.9079 time 3.54s
Epoch 0/20 763/1000 loss: 0.9078 time 3.55s
Epoch 0/20 764/1000 loss: 0.9077 time 3.55s
Epoch 0/20 765/1000 loss: 0.9076 time 3.54s
Epoch 0/20 766/1000 loss: 0.9076 time 3.54s
Epoch 0/20 767/1000 loss: 0.9074 time 3.54s
Epoch 0/20 768/1000 loss: 0.9072 time 3.54s
Epoch 0/20 769/1000 loss: 0.9072 time 3.54s
Epoch 0/20 770/1000 loss: 0.9072 time 3.54s
Epoch 0/20 771/1000 loss: 0.9071 time 3.55s
Epoch 0/20 772/1000 loss: 0.9070 time 3.55s
Epoch 0/20 773/1000 loss: 0.9069 time 3.54s
Epoch 0/20 774/1000 loss: 0.9069 time 3.54s
Epoch 0/20 775/1000 loss: 0.9067 time 3.54s
Epoch 0/20 776/1000 loss: 0.9066 time 3.54s
Epoch 0/20 777/1000 loss: 0.9064 time 3.54s
Epoch 0/20 778/1000 loss: 0.9064 time 3.54s
Epoch 0/20 779/1000 loss: 0.9060 time 3.54s
Epoch 0/20 780/1000 loss: 0.9059 time 3.54s
Epoch 0/20 781/1000 loss: 0.9058 time 3.55s
Epoch 0/20 782/1000 loss: 0.9058 time 3.55s
Epoch 0/20 783/1000 loss: 0.9058 time 3.54s
Epoch 0/20 784/1000 loss: 0.9056 time 3.55s
Epoch 0/20 785/1000 loss: 0.9054 time 3.55s
Epoch 0/20 786/1000 loss: 0.9053 time 3.54s
Epoch 0/20 787/1000 loss: 0.9051 time 3.54s
Epoch 0/20 788/1000 loss: 0.9050 time 3.54s
Epoch 0/20 789/1000 loss: 0.9049 time 3.54s
Epoch 0/20 790/1000 loss: 0.9047 time 3.54s
Epoch 0/20 791/1000 loss: 0.9046 time 3.54s
Epoch 0/20 792/1000 loss: 0.9046 time 3.54s
Epoch 0/20 793/1000 loss: 0.9045 time 3.54s
Epoch 0/20 794/1000 loss: 0.9045 time 3.54s
Epoch 0/20 795/1000 loss: 0.9045 time 3.54s
Epoch 0/20 796/1000 loss: 0.9046 time 3.55s
Epoch 0/20 797/1000 loss: 0.9045 time 3.54s
Epoch 0/20 798/1000 loss: 0.9045 time 3.54s
Epoch 0/20 799/1000 loss: 0.9045 time 3.54s
Epoch 0/20 800/1000 loss: 0.9044 time 3.55s
Epoch 0/20 801/1000 loss: 0.9044 time 3.54s
Epoch 0/20 802/1000 loss: 0.9044 time 3.54s
Epoch 0/20 803/1000 loss: 0.9043 time 3.55s
Epoch 0/20 804/1000 loss: 0.9042 time 3.56s
Epoch 0/20 805/1000 loss: 0.9040 time 3.55s
Epoch 0/20 806/1000 loss: 0.9039 time 3.55s
Epoch 0/20 807/1000 loss: 0.9039 time 3.54s
Epoch 0/20 808/1000 loss: 0.9038 time 3.54s
Epoch 0/20 809/1000 loss: 0.9037 time 3.54s
Epoch 0/20 810/1000 loss: 0.9035 time 3.54s
Epoch 0/20 811/1000 loss: 0.9034 time 3.54s
Epoch 0/20 812/1000 loss: 0.9034 time 3.54s
Epoch 0/20 813/1000 loss: 0.9031 time 3.54s
Epoch 0/20 814/1000 loss: 0.9029 time 3.54s
Epoch 0/20 815/1000 loss: 0.9028 time 3.54s
Epoch 0/20 816/1000 loss: 0.9028 time 3.55s
Epoch 0/20 817/1000 loss: 0.9028 time 3.54s
Epoch 0/20 818/1000 loss: 0.9028 time 3.55s
Epoch 0/20 819/1000 loss: 0.9027 time 3.55s
Epoch 0/20 820/1000 loss: 0.9026 time 3.55s
Epoch 0/20 821/1000 loss: 0.9026 time 3.55s
Epoch 0/20 822/1000 loss: 0.9025 time 3.55s
Epoch 0/20 823/1000 loss: 0.9023 time 3.55s
Epoch 0/20 824/1000 loss: 0.9022 time 3.54s
Epoch 0/20 825/1000 loss: 0.9022 time 3.54s
Epoch 0/20 826/1000 loss: 0.9022 time 3.54s
Epoch 0/20 827/1000 loss: 0.9022 time 3.54s
Epoch 0/20 828/1000 loss: 0.9021 time 3.54s
Epoch 0/20 829/1000 loss: 0.9020 time 3.55s
Epoch 0/20 830/1000 loss: 0.9020 time 3.56s
Epoch 0/20 831/1000 loss: 0.9019 time 3.55s
Epoch 0/20 832/1000 loss: 0.9018 time 3.55s
Epoch 0/20 833/1000 loss: 0.9016 time 3.54s
Epoch 0/20 834/1000 loss: 0.9015 time 3.54s
Epoch 0/20 835/1000 loss: 0.9014 time 3.54s
Epoch 0/20 836/1000 loss: 0.9013 time 3.54s
Epoch 0/20 837/1000 loss: 0.9012 time 3.54s
Epoch 0/20 838/1000 loss: 0.9013 time 3.54s
Epoch 0/20 839/1000 loss: 0.9013 time 3.54s
Epoch 0/20 840/1000 loss: 0.9011 time 3.55s
Epoch 0/20 841/1000 loss: 0.9012 time 3.55s
Epoch 0/20 842/1000 loss: 0.9011 time 3.55s
Epoch 0/20 843/1000 loss: 0.9011 time 3.55s
Epoch 0/20 844/1000 loss: 0.9009 time 3.54s
Epoch 0/20 845/1000 loss: 0.9009 time 3.54s
Epoch 0/20 846/1000 loss: 0.9007 time 3.54s
Epoch 0/20 847/1000 loss: 0.9006 time 3.55s
Epoch 0/20 848/1000 loss: 0.9004 time 3.54s
Epoch 0/20 849/1000 loss: 0.9003 time 3.54s
Epoch 0/20 850/1000 loss: 0.9002 time 3.54s
Epoch 0/20 851/1000 loss: 0.9002 time 3.55s
Epoch 0/20 852/1000 loss: 0.9002 time 3.55s
Epoch 0/20 853/1000 loss: 0.9001 time 3.55s
Epoch 0/20 854/1000 loss: 0.9000 time 3.55s
Epoch 0/20 855/1000 loss: 0.8998 time 3.54s
Epoch 0/20 856/1000 loss: 0.8998 time 3.54s
Epoch 0/20 857/1000 loss: 0.8997 time 3.55s
Epoch 0/20 858/1000 loss: 0.8996 time 3.55s
Epoch 0/20 859/1000 loss: 0.8996 time 3.55s
Epoch 0/20 860/1000 loss: 0.8996 time 3.54s
Epoch 0/20 861/1000 loss: 0.8996 time 3.54s
Epoch 0/20 862/1000 loss: 0.8995 time 3.54s
Epoch 0/20 863/1000 loss: 0.8995 time 3.54s
Epoch 0/20 864/1000 loss: 0.8995 time 3.55s
Epoch 0/20 865/1000 loss: 0.8994 time 3.54s
Epoch 0/20 866/1000 loss: 0.8994 time 3.54s
Epoch 0/20 867/1000 loss: 0.8995 time 3.54s
Epoch 0/20 868/1000 loss: 0.8995 time 3.54s
Epoch 0/20 869/1000 loss: 0.8994 time 3.54s
Epoch 0/20 870/1000 loss: 0.8995 time 3.54s
Epoch 0/20 871/1000 loss: 0.8993 time 3.54s
Epoch 0/20 872/1000 loss: 0.8992 time 3.55s
Epoch 0/20 873/1000 loss: 0.8993 time 3.54s
Epoch 0/20 874/1000 loss: 0.8991 time 3.54s
Epoch 0/20 875/1000 loss: 0.8992 time 3.54s
Epoch 0/20 876/1000 loss: 0.8991 time 3.54s
Epoch 0/20 877/1000 loss: 0.8990 time 3.55s
Epoch 0/20 878/1000 loss: 0.8989 time 3.55s
Epoch 0/20 879/1000 loss: 0.8989 time 3.55s
Epoch 0/20 880/1000 loss: 0.8988 time 3.54s
Epoch 0/20 881/1000 loss: 0.8987 time 3.54s
Epoch 0/20 882/1000 loss: 0.8986 time 3.55s
Epoch 0/20 883/1000 loss: 0.8985 time 3.54s
Epoch 0/20 884/1000 loss: 0.8985 time 3.54s
Epoch 0/20 885/1000 loss: 0.8985 time 3.54s
Epoch 0/20 886/1000 loss: 0.8984 time 3.55s
Epoch 0/20 887/1000 loss: 0.8982 time 3.54s
Epoch 0/20 888/1000 loss: 0.8983 time 3.54s
Epoch 0/20 889/1000 loss: 0.8983 time 3.54s
Epoch 0/20 890/1000 loss: 0.8983 time 3.54s
Epoch 0/20 891/1000 loss: 0.8984 time 3.54s
Epoch 0/20 892/1000 loss: 0.8982 time 3.55s
Epoch 0/20 893/1000 loss: 0.8981 time 3.55s
Epoch 0/20 894/1000 loss: 0.8980 time 3.55s
Epoch 0/20 895/1000 loss: 0.8978 time 3.54s
Epoch 0/20 896/1000 loss: 0.8977 time 3.55s
Epoch 0/20 897/1000 loss: 0.8976 time 3.55s
Epoch 0/20 898/1000 loss: 0.8977 time 3.55s
Epoch 0/20 899/1000 loss: 0.8976 time 3.55s
Epoch 0/20 900/1000 loss: 0.8976 time 3.54s
Epoch 0/20 901/1000 loss: 0.8975 time 3.54s
Epoch 0/20 902/1000 loss: 0.8974 time 3.55s
Epoch 0/20 903/1000 loss: 0.8973 time 3.55s
Epoch 0/20 904/1000 loss: 0.8973 time 3.55s
Epoch 0/20 905/1000 loss: 0.8972 time 3.54s
Epoch 0/20 906/1000 loss: 0.8972 time 3.55s
Epoch 0/20 907/1000 loss: 0.8973 time 3.54s
Epoch 0/20 908/1000 loss: 0.8973 time 3.54s
Epoch 0/20 909/1000 loss: 0.8972 time 3.54s
Epoch 0/20 910/1000 loss: 0.8973 time 3.54s
Epoch 0/20 911/1000 loss: 0.8971 time 3.54s
Epoch 0/20 912/1000 loss: 0.8970 time 3.54s
Epoch 0/20 913/1000 loss: 0.8970 time 3.54s
Epoch 0/20 914/1000 loss: 0.8969 time 3.55s
Epoch 0/20 915/1000 loss: 0.8969 time 3.54s
Epoch 0/20 916/1000 loss: 0.8968 time 3.55s
Epoch 0/20 917/1000 loss: 0.8967 time 3.54s
Epoch 0/20 918/1000 loss: 0.8966 time 3.55s
Epoch 0/20 919/1000 loss: 0.8966 time 3.54s
Epoch 0/20 920/1000 loss: 0.8965 time 3.54s
Epoch 0/20 921/1000 loss: 0.8966 time 3.54s
Epoch 0/20 922/1000 loss: 0.8965 time 3.55s
Epoch 0/20 923/1000 loss: 0.8965 time 3.54s
Epoch 0/20 924/1000 loss: 0.8964 time 3.55s
Epoch 0/20 925/1000 loss: 0.8965 time 3.54s
Epoch 0/20 926/1000 loss: 0.8965 time 3.54s
Epoch 0/20 927/1000 loss: 0.8963 time 3.54s
Epoch 0/20 928/1000 loss: 0.8963 time 3.54s
Epoch 0/20 929/1000 loss: 0.8960 time 3.54s
Epoch 0/20 930/1000 loss: 0.8961 time 3.54s
Epoch 0/20 931/1000 loss: 0.8961 time 3.54s
Epoch 0/20 932/1000 loss: 0.8960 time 3.54s
Epoch 0/20 933/1000 loss: 0.8959 time 3.54s
Epoch 0/20 934/1000 loss: 0.8958 time 3.55s
Epoch 0/20 935/1000 loss: 0.8958 time 3.55s
Epoch 0/20 936/1000 loss: 0.8958 time 3.55s
Epoch 0/20 937/1000 loss: 0.8958 time 3.55s
Epoch 0/20 938/1000 loss: 0.8956 time 3.55s
Epoch 0/20 939/1000 loss: 0.8955 time 3.54s
Epoch 0/20 940/1000 loss: 0.8954 time 3.54s
Epoch 0/20 941/1000 loss: 0.8953 time 3.54s
Epoch 0/20 942/1000 loss: 0.8952 time 3.54s
Epoch 0/20 943/1000 loss: 0.8951 time 3.54s
Epoch 0/20 944/1000 loss: 0.8952 time 3.54s
Epoch 0/20 945/1000 loss: 0.8952 time 3.54s
Epoch 0/20 946/1000 loss: 0.8952 time 3.55s
Epoch 0/20 947/1000 loss: 0.8952 time 3.54s
Epoch 0/20 948/1000 loss: 0.8951 time 3.54s
Epoch 0/20 949/1000 loss: 0.8950 time 3.54s
Epoch 0/20 950/1000 loss: 0.8950 time 3.54s
Epoch 0/20 951/1000 loss: 0.8950 time 3.55s
Epoch 0/20 952/1000 loss: 0.8949 time 3.54s
Epoch 0/20 953/1000 loss: 0.8948 time 3.55s
Epoch 0/20 954/1000 loss: 0.8947 time 3.54s
Epoch 0/20 955/1000 loss: 0.8946 time 3.55s
Epoch 0/20 956/1000 loss: 0.8946 time 3.55s
Epoch 0/20 957/1000 loss: 0.8946 time 3.55s
Epoch 0/20 958/1000 loss: 0.8945 time 3.54s
Epoch 0/20 959/1000 loss: 0.8943 time 3.54s
Epoch 0/20 960/1000 loss: 0.8943 time 3.54s
Epoch 0/20 961/1000 loss: 0.8943 time 3.55s
Epoch 0/20 962/1000 loss: 0.8942 time 3.54s
Epoch 0/20 963/1000 loss: 0.8941 time 3.54s
Epoch 0/20 964/1000 loss: 0.8941 time 3.54s
Epoch 0/20 965/1000 loss: 0.8942 time 3.54s
Epoch 0/20 966/1000 loss: 0.8941 time 3.54s
Epoch 0/20 967/1000 loss: 0.8940 time 3.54s
Epoch 0/20 968/1000 loss: 0.8940 time 3.54s
Epoch 0/20 969/1000 loss: 0.8938 time 3.54s
Epoch 0/20 970/1000 loss: 0.8938 time 3.54s
Epoch 0/20 971/1000 loss: 0.8939 time 3.54s
Epoch 0/20 972/1000 loss: 0.8937 time 3.54s
Epoch 0/20 973/1000 loss: 0.8937 time 3.55s
Epoch 0/20 974/1000 loss: 0.8936 time 3.55s
Epoch 0/20 975/1000 loss: 0.8935 time 3.55s
Epoch 0/20 976/1000 loss: 0.8934 time 3.55s
Epoch 0/20 977/1000 loss: 0.8933 time 3.54s
Epoch 0/20 978/1000 loss: 0.8932 time 3.54s
Epoch 0/20 979/1000 loss: 0.8931 time 3.54s
Epoch 0/20 980/1000 loss: 0.8931 time 3.54s
Epoch 0/20 981/1000 loss: 0.8931 time 3.54s
Epoch 0/20 982/1000 loss: 0.8930 time 3.54s
Epoch 0/20 983/1000 loss: 0.8930 time 3.54s
Epoch 0/20 984/1000 loss: 0.8928 time 3.55s
Epoch 0/20 985/1000 loss: 0.8929 time 3.54s
Epoch 0/20 986/1000 loss: 0.8928 time 3.55s
Epoch 0/20 987/1000 loss: 0.8928 time 3.54s
Epoch 0/20 988/1000 loss: 0.8928 time 3.54s
Epoch 0/20 989/1000 loss: 0.8927 time 3.54s
Epoch 0/20 990/1000 loss: 0.8927 time 3.55s
Epoch 0/20 991/1000 loss: 0.8927 time 3.54s
Epoch 0/20 992/1000 loss: 0.8926 time 3.55s
Epoch 0/20 993/1000 loss: 0.8925 time 3.54s
Epoch 0/20 994/1000 loss: 0.8924 time 3.55s
Epoch 0/20 995/1000 loss: 0.8923 time 3.55s
Epoch 0/20 996/1000 loss: 0.8922 time 3.54s
Epoch 0/20 997/1000 loss: 0.8922 time 3.55s
Epoch 0/20 998/1000 loss: 0.8921 time 3.54s
Epoch 0/20 999/1000 loss: 0.8922 time 3.54s
Final training  0/19 loss: 0.8922 time 3569.67s
slurmstepd: error: *** JOB 9515348 ON gra1174 CANCELLED AT 2023-07-18T08:55:46 ***
