None

        optimizer = torch.optim.Adadelta(model.parameters(), lr=1.0, rho=0.9, eps=1e-6, weight_decay=1e-5)
        scheduler = torch.optim.lr_scheduler.StepLR(optimizer, step_size=1, gamma=0.97)

        max_epochs = 12
        validation = 6

    
MONAI version: 1.2.0rc7+9.g84940298
Numpy version: 1.24.2
Pytorch version: 1.13.1
MONAI flags: HAS_EXT = False, USE_COMPILED = False, USE_META_DICT = False
MONAI rev id: 84940298bff9ff1f54845eb8ae7422c0092c09c1
MONAI __file__: /home/guest185/hackathon_38/lib/python3.8/site-packages/monai/__init__.py

Optional dependencies:
Pytorch Ignite version: 0.4.2
ITK version: NOT INSTALLED or UNKNOWN VERSION.
Nibabel version: 5.1.0
scikit-image version: 0.19.3
Pillow version: 9.5.0
Tensorboard version: 2.13.0
gdown version: 4.7.1
TorchVision version: 0.14.1
tqdm version: 4.65.0
lmdb version: 1.2.1
psutil version: 5.9.4
pandas version: 1.5.3
einops version: 0.6.1
transformers version: 4.21.3
mlflow version: NOT INSTALLED or UNKNOWN VERSION.
pynrrd version: 1.0.0

For details about installing the optional dependencies, please visit:
    https://docs.monai.io/en/latest/installation.html#installing-the-recommended-dependencies

/tmp/tmpedk6rgyy
image shape: (240, 240, 155), label shape: (240, 240, 155)
Sat Aug 12 20:23:26 2023 Epoch: 0
In the future `np.bool` will be defined as the corresponding NumPy scalar.
In the future `np.bool` will be defined as the corresponding NumPy scalar.
In the future `np.bool` will be defined as the corresponding NumPy scalar.
In the future `np.bool` will be defined as the corresponding NumPy scalar.
monai.transforms.io.dictionary LoadImaged.__init__:image_only: Current default value of argument `image_only=False` has been deprecated since version 1.1. It will be changed to `image_only=True` in version 1.3.
In the future `np.bool` will be defined as the corresponding NumPy scalar.
In the future `np.bool` will be defined as the corresponding NumPy scalar.
Epoch 0/12 0/1000 loss: 0.9563 time 26.22s
Epoch 0/12 1/1000 loss: 0.9516 time 4.26s
Epoch 0/12 2/1000 loss: 0.9287 time 4.59s
Epoch 0/12 3/1000 loss: 0.9314 time 4.20s
Epoch 0/12 4/1000 loss: 0.9248 time 4.21s
Epoch 0/12 5/1000 loss: 0.9355 time 4.22s
Epoch 0/12 6/1000 loss: 0.9405 time 4.23s
Epoch 0/12 7/1000 loss: 0.9380 time 4.23s
Epoch 0/12 8/1000 loss: 0.9350 time 4.24s
Epoch 0/12 9/1000 loss: 0.9350 time 4.24s
Epoch 0/12 10/1000 loss: 0.9353 time 4.25s
Epoch 0/12 11/1000 loss: 0.9365 time 4.26s
Epoch 0/12 12/1000 loss: 0.9347 time 4.27s
Epoch 0/12 13/1000 loss: 0.9287 time 4.27s
Epoch 0/12 14/1000 loss: 0.9273 time 4.27s
Epoch 0/12 15/1000 loss: 0.9234 time 4.28s
Epoch 0/12 16/1000 loss: 0.9240 time 4.28s
Epoch 0/12 17/1000 loss: 0.9246 time 4.29s
Epoch 0/12 18/1000 loss: 0.9258 time 4.27s
Epoch 0/12 19/1000 loss: 0.9249 time 4.29s
Epoch 0/12 20/1000 loss: 0.9193 time 4.30s
Epoch 0/12 21/1000 loss: 0.9213 time 4.29s
Epoch 0/12 22/1000 loss: 0.9175 time 4.30s
Epoch 0/12 23/1000 loss: 0.9192 time 4.30s
Epoch 0/12 24/1000 loss: 0.9193 time 4.30s
Epoch 0/12 25/1000 loss: 0.9176 time 4.30s
Epoch 0/12 26/1000 loss: 0.9179 time 4.31s
Epoch 0/12 27/1000 loss: 0.9148 time 4.32s
Epoch 0/12 28/1000 loss: 0.9124 time 4.31s
Epoch 0/12 29/1000 loss: 0.9098 time 4.33s
Epoch 0/12 30/1000 loss: 0.9059 time 4.32s
Epoch 0/12 31/1000 loss: 0.9073 time 4.33s
Epoch 0/12 32/1000 loss: 0.9075 time 4.33s
Epoch 0/12 33/1000 loss: 0.9050 time 4.33s
Epoch 0/12 34/1000 loss: 0.9065 time 4.33s
Epoch 0/12 35/1000 loss: 0.9058 time 4.33s
Epoch 0/12 36/1000 loss: 0.9075 time 4.33s
Epoch 0/12 37/1000 loss: 0.9091 time 4.33s
Epoch 0/12 38/1000 loss: 0.9099 time 4.34s
Epoch 0/12 39/1000 loss: 0.9118 time 4.34s
Epoch 0/12 40/1000 loss: 0.9127 time 4.34s
Epoch 0/12 41/1000 loss: 0.9123 time 4.35s
Epoch 0/12 42/1000 loss: 0.9102 time 4.34s
Epoch 0/12 43/1000 loss: 0.9102 time 4.36s
Epoch 0/12 44/1000 loss: 0.9118 time 4.35s
Epoch 0/12 45/1000 loss: 0.9109 time 4.35s
Epoch 0/12 46/1000 loss: 0.9104 time 4.36s
Epoch 0/12 47/1000 loss: 0.9101 time 4.35s
Epoch 0/12 48/1000 loss: 0.9102 time 4.35s
Epoch 0/12 49/1000 loss: 0.9108 time 4.35s
Epoch 0/12 50/1000 loss: 0.9096 time 4.35s
Epoch 0/12 51/1000 loss: 0.9096 time 4.36s
Epoch 0/12 52/1000 loss: 0.9111 time 4.37s
Epoch 0/12 53/1000 loss: 0.9121 time 4.35s
Epoch 0/12 54/1000 loss: 0.9132 time 4.36s
Epoch 0/12 55/1000 loss: 0.9129 time 4.36s
Epoch 0/12 56/1000 loss: 0.9128 time 4.36s
Epoch 0/12 57/1000 loss: 0.9127 time 4.37s
Epoch 0/12 58/1000 loss: 0.9139 time 4.36s
Epoch 0/12 59/1000 loss: 0.9145 time 4.37s
Epoch 0/12 60/1000 loss: 0.9133 time 4.36s
Epoch 0/12 61/1000 loss: 0.9116 time 4.36s
Epoch 0/12 62/1000 loss: 0.9108 time 4.36s
Epoch 0/12 63/1000 loss: 0.9102 time 4.38s
Epoch 0/12 64/1000 loss: 0.9100 time 4.37s
Epoch 0/12 65/1000 loss: 0.9108 time 4.37s
Epoch 0/12 66/1000 loss: 0.9112 time 4.38s
Epoch 0/12 67/1000 loss: 0.9118 time 4.37s
Epoch 0/12 68/1000 loss: 0.9110 time 4.38s
Epoch 0/12 69/1000 loss: 0.9103 time 4.37s
Epoch 0/12 70/1000 loss: 0.9109 time 4.38s
Epoch 0/12 71/1000 loss: 0.9103 time 4.38s
Epoch 0/12 72/1000 loss: 0.9113 time 4.37s
Epoch 0/12 73/1000 loss: 0.9110 time 4.38s
Epoch 0/12 74/1000 loss: 0.9110 time 4.37s
Epoch 0/12 75/1000 loss: 0.9106 time 4.37s
Epoch 0/12 76/1000 loss: 0.9092 time 4.37s
Epoch 0/12 77/1000 loss: 0.9091 time 4.37s
Epoch 0/12 78/1000 loss: 0.9077 time 4.37s
Epoch 0/12 79/1000 loss: 0.9064 time 4.37s
Epoch 0/12 80/1000 loss: 0.9050 time 4.37s
Epoch 0/12 81/1000 loss: 0.9045 time 4.37s
Epoch 0/12 82/1000 loss: 0.9035 time 4.37s
Epoch 0/12 83/1000 loss: 0.9027 time 4.37s
Epoch 0/12 84/1000 loss: 0.9010 time 4.37s
Epoch 0/12 85/1000 loss: 0.9001 time 4.38s
Epoch 0/12 86/1000 loss: 0.9008 time 4.37s
Epoch 0/12 87/1000 loss: 0.9013 time 4.38s
Epoch 0/12 88/1000 loss: 0.9005 time 4.38s
Epoch 0/12 89/1000 loss: 0.9006 time 4.37s
Epoch 0/12 90/1000 loss: 0.8998 time 4.37s
Epoch 0/12 91/1000 loss: 0.8995 time 4.37s
Epoch 0/12 92/1000 loss: 0.8989 time 4.37s
Epoch 0/12 93/1000 loss: 0.8973 time 4.37s
Epoch 0/12 94/1000 loss: 0.8975 time 4.37s
Epoch 0/12 95/1000 loss: 0.8968 time 4.37s
Epoch 0/12 96/1000 loss: 0.8972 time 4.38s
Epoch 0/12 97/1000 loss: 0.8964 time 4.37s
Epoch 0/12 98/1000 loss: 0.8969 time 4.37s
Epoch 0/12 99/1000 loss: 0.8959 time 4.37s
Epoch 0/12 100/1000 loss: 0.8940 time 4.37s
Epoch 0/12 101/1000 loss: 0.8929 time 4.37s
Epoch 0/12 102/1000 loss: 0.8924 time 4.38s
Epoch 0/12 103/1000 loss: 0.8921 time 4.38s
Epoch 0/12 104/1000 loss: 0.8922 time 4.38s
Epoch 0/12 105/1000 loss: 0.8917 time 4.37s
Epoch 0/12 106/1000 loss: 0.8918 time 4.37s
Epoch 0/12 107/1000 loss: 0.8904 time 4.37s
Epoch 0/12 108/1000 loss: 0.8913 time 4.37s
Epoch 0/12 109/1000 loss: 0.8904 time 4.37s
Epoch 0/12 110/1000 loss: 0.8898 time 4.38s
Epoch 0/12 111/1000 loss: 0.8901 time 4.37s
Epoch 0/12 112/1000 loss: 0.8897 time 4.37s
Epoch 0/12 113/1000 loss: 0.8892 time 4.37s
Epoch 0/12 114/1000 loss: 0.8900 time 4.37s
Epoch 0/12 115/1000 loss: 0.8897 time 4.37s
Epoch 0/12 116/1000 loss: 0.8900 time 4.37s
Epoch 0/12 117/1000 loss: 0.8907 time 4.37s
Epoch 0/12 118/1000 loss: 0.8895 time 4.37s
Epoch 0/12 119/1000 loss: 0.8887 time 4.38s
Epoch 0/12 120/1000 loss: 0.8889 time 4.37s
Epoch 0/12 121/1000 loss: 0.8895 time 4.37s
Epoch 0/12 122/1000 loss: 0.8887 time 4.37s
Epoch 0/12 123/1000 loss: 0.8883 time 4.37s
Epoch 0/12 124/1000 loss: 0.8878 time 4.37s
Epoch 0/12 125/1000 loss: 0.8881 time 4.37s
Epoch 0/12 126/1000 loss: 0.8883 time 4.37s
Epoch 0/12 127/1000 loss: 0.8885 time 4.38s
Epoch 0/12 128/1000 loss: 0.8882 time 4.37s
Epoch 0/12 129/1000 loss: 0.8883 time 4.37s
Epoch 0/12 130/1000 loss: 0.8890 time 4.37s
Epoch 0/12 131/1000 loss: 0.8879 time 4.37s
Epoch 0/12 132/1000 loss: 0.8871 time 4.36s
Epoch 0/12 133/1000 loss: 0.8870 time 4.38s
Epoch 0/12 134/1000 loss: 0.8864 time 4.38s
Epoch 0/12 135/1000 loss: 0.8858 time 4.38s
Epoch 0/12 136/1000 loss: 0.8866 time 4.37s
Epoch 0/12 137/1000 loss: 0.8860 time 4.38s
Epoch 0/12 138/1000 loss: 0.8853 time 4.37s
Epoch 0/12 139/1000 loss: 0.8852 time 4.38s
Epoch 0/12 140/1000 loss: 0.8843 time 4.37s
Epoch 0/12 141/1000 loss: 0.8850 time 4.37s
Epoch 0/12 142/1000 loss: 0.8849 time 4.37s
Epoch 0/12 143/1000 loss: 0.8851 time 4.37s
Epoch 0/12 144/1000 loss: 0.8853 time 4.37s
Epoch 0/12 145/1000 loss: 0.8852 time 4.37s
Epoch 0/12 146/1000 loss: 0.8857 time 4.38s
Epoch 0/12 147/1000 loss: 0.8847 time 4.38s
Epoch 0/12 148/1000 loss: 0.8852 time 4.37s
Epoch 0/12 149/1000 loss: 0.8850 time 4.38s
Epoch 0/12 150/1000 loss: 0.8851 time 4.38s
Epoch 0/12 151/1000 loss: 0.8849 time 4.37s
Epoch 0/12 152/1000 loss: 0.8852 time 4.37s
Epoch 0/12 153/1000 loss: 0.8851 time 4.37s
Epoch 0/12 154/1000 loss: 0.8858 time 4.38s
Epoch 0/12 155/1000 loss: 0.8856 time 4.37s
Epoch 0/12 156/1000 loss: 0.8852 time 4.37s
Epoch 0/12 157/1000 loss: 0.8854 time 4.37s
Epoch 0/12 158/1000 loss: 0.8847 time 4.37s
Epoch 0/12 159/1000 loss: 0.8850 time 4.37s
Epoch 0/12 160/1000 loss: 0.8850 time 4.38s
Epoch 0/12 161/1000 loss: 0.8838 time 4.37s
Epoch 0/12 162/1000 loss: 0.8839 time 4.37s
Epoch 0/12 163/1000 loss: 0.8831 time 4.38s
Epoch 0/12 164/1000 loss: 0.8827 time 4.38s
Epoch 0/12 165/1000 loss: 0.8832 time 4.37s
Epoch 0/12 166/1000 loss: 0.8824 time 4.38s
Epoch 0/12 167/1000 loss: 0.8823 time 4.37s
Epoch 0/12 168/1000 loss: 0.8818 time 4.38s
Epoch 0/12 169/1000 loss: 0.8809 time 4.37s
Epoch 0/12 170/1000 loss: 0.8803 time 4.37s
Epoch 0/12 171/1000 loss: 0.8803 time 4.37s
Epoch 0/12 172/1000 loss: 0.8803 time 4.37s
Epoch 0/12 173/1000 loss: 0.8799 time 4.37s
Epoch 0/12 174/1000 loss: 0.8805 time 4.37s
Epoch 0/12 175/1000 loss: 0.8809 time 4.37s
Epoch 0/12 176/1000 loss: 0.8812 time 4.37s
Epoch 0/12 177/1000 loss: 0.8807 time 4.37s
Epoch 0/12 178/1000 loss: 0.8803 time 4.38s
Epoch 0/12 179/1000 loss: 0.8792 time 4.38s
Epoch 0/12 180/1000 loss: 0.8795 time 4.38s
Epoch 0/12 181/1000 loss: 0.8797 time 4.38s
Epoch 0/12 182/1000 loss: 0.8793 time 4.37s
Epoch 0/12 183/1000 loss: 0.8794 time 4.37s
Epoch 0/12 184/1000 loss: 0.8793 time 4.37s
Epoch 0/12 185/1000 loss: 0.8798 time 4.37s
Epoch 0/12 186/1000 loss: 0.8791 time 4.37s
Epoch 0/12 187/1000 loss: 0.8795 time 4.37s
Epoch 0/12 188/1000 loss: 0.8788 time 4.37s
Epoch 0/12 189/1000 loss: 0.8790 time 4.37s
Epoch 0/12 190/1000 loss: 0.8795 time 4.37s
Epoch 0/12 191/1000 loss: 0.8795 time 4.37s
Epoch 0/12 192/1000 loss: 0.8794 time 4.37s
Epoch 0/12 193/1000 loss: 0.8791 time 4.37s
Epoch 0/12 194/1000 loss: 0.8791 time 4.36s
Epoch 0/12 195/1000 loss: 0.8786 time 4.37s
Epoch 0/12 196/1000 loss: 0.8782 time 4.38s
Epoch 0/12 197/1000 loss: 0.8776 time 4.38s
Epoch 0/12 198/1000 loss: 0.8774 time 4.37s
Epoch 0/12 199/1000 loss: 0.8777 time 4.37s
Epoch 0/12 200/1000 loss: 0.8781 time 4.37s
Epoch 0/12 201/1000 loss: 0.8779 time 4.38s
Epoch 0/12 202/1000 loss: 0.8779 time 4.37s
Epoch 0/12 203/1000 loss: 0.8778 time 4.37s
Epoch 0/12 204/1000 loss: 0.8777 time 4.37s
Epoch 0/12 205/1000 loss: 0.8777 time 4.37s
Epoch 0/12 206/1000 loss: 0.8770 time 4.37s
Epoch 0/12 207/1000 loss: 0.8769 time 4.37s
Epoch 0/12 208/1000 loss: 0.8765 time 4.37s
Epoch 0/12 209/1000 loss: 0.8761 time 4.36s
Epoch 0/12 210/1000 loss: 0.8765 time 4.36s
Epoch 0/12 211/1000 loss: 0.8763 time 4.38s
Epoch 0/12 212/1000 loss: 0.8758 time 4.38s
Epoch 0/12 213/1000 loss: 0.8761 time 4.38s
Epoch 0/12 214/1000 loss: 0.8757 time 4.37s
Epoch 0/12 215/1000 loss: 0.8751 time 4.37s
Epoch 0/12 216/1000 loss: 0.8748 time 4.37s
Epoch 0/12 217/1000 loss: 0.8753 time 4.37s
Epoch 0/12 218/1000 loss: 0.8755 time 4.37s
Epoch 0/12 219/1000 loss: 0.8760 time 4.38s
Epoch 0/12 220/1000 loss: 0.8755 time 4.38s
Epoch 0/12 221/1000 loss: 0.8749 time 4.37s
Epoch 0/12 222/1000 loss: 0.8746 time 4.37s
Epoch 0/12 223/1000 loss: 0.8750 time 4.38s
Epoch 0/12 224/1000 loss: 0.8746 time 4.37s
Epoch 0/12 225/1000 loss: 0.8739 time 4.38s
Epoch 0/12 226/1000 loss: 0.8736 time 4.38s
Epoch 0/12 227/1000 loss: 0.8738 time 4.37s
Epoch 0/12 228/1000 loss: 0.8738 time 4.38s
Epoch 0/12 229/1000 loss: 0.8734 time 4.37s
Epoch 0/12 230/1000 loss: 0.8735 time 4.38s
Epoch 0/12 231/1000 loss: 0.8731 time 4.37s
Epoch 0/12 232/1000 loss: 0.8728 time 4.37s
Epoch 0/12 233/1000 loss: 0.8721 time 4.37s
Epoch 0/12 234/1000 loss: 0.8719 time 4.37s
Epoch 0/12 235/1000 loss: 0.8723 time 4.37s
Epoch 0/12 236/1000 loss: 0.8717 time 4.37s
Epoch 0/12 237/1000 loss: 0.8716 time 4.37s
Epoch 0/12 238/1000 loss: 0.8709 time 4.38s
Epoch 0/12 239/1000 loss: 0.8713 time 4.37s
Epoch 0/12 240/1000 loss: 0.8708 time 4.38s
Epoch 0/12 241/1000 loss: 0.8709 time 4.37s
Epoch 0/12 242/1000 loss: 0.8708 time 4.37s
Epoch 0/12 243/1000 loss: 0.8707 time 4.37s
Epoch 0/12 244/1000 loss: 0.8708 time 4.37s
Epoch 0/12 245/1000 loss: 0.8711 time 4.37s
Epoch 0/12 246/1000 loss: 0.8707 time 4.37s
Epoch 0/12 247/1000 loss: 0.8703 time 4.37s
Epoch 0/12 248/1000 loss: 0.8698 time 4.37s
Epoch 0/12 249/1000 loss: 0.8700 time 4.37s
Epoch 0/12 250/1000 loss: 0.8701 time 4.37s
Epoch 0/12 251/1000 loss: 0.8703 time 4.37s
Epoch 0/12 252/1000 loss: 0.8701 time 4.37s
Epoch 0/12 253/1000 loss: 0.8702 time 4.37s
Epoch 0/12 254/1000 loss: 0.8707 time 4.38s
Epoch 0/12 255/1000 loss: 0.8706 time 4.37s
Epoch 0/12 256/1000 loss: 0.8701 time 4.38s
Epoch 0/12 257/1000 loss: 0.8695 time 4.38s
Epoch 0/12 258/1000 loss: 0.8694 time 4.38s
Epoch 0/12 259/1000 loss: 0.8691 time 4.37s
Epoch 0/12 260/1000 loss: 0.8695 time 4.38s
Epoch 0/12 261/1000 loss: 0.8690 time 4.37s
Epoch 0/12 262/1000 loss: 0.8690 time 4.37s
Epoch 0/12 263/1000 loss: 0.8686 time 4.38s
Epoch 0/12 264/1000 loss: 0.8686 time 4.37s
Epoch 0/12 265/1000 loss: 0.8685 time 4.37s
Epoch 0/12 266/1000 loss: 0.8682 time 4.37s
Epoch 0/12 267/1000 loss: 0.8679 time 4.37s
Epoch 0/12 268/1000 loss: 0.8681 time 4.37s
Epoch 0/12 269/1000 loss: 0.8673 time 4.37s
Epoch 0/12 270/1000 loss: 0.8677 time 4.37s
Epoch 0/12 271/1000 loss: 0.8679 time 4.37s
Epoch 0/12 272/1000 loss: 0.8673 time 4.37s
Epoch 0/12 273/1000 loss: 0.8672 time 4.38s
Epoch 0/12 274/1000 loss: 0.8671 time 4.37s
Epoch 0/12 275/1000 loss: 0.8669 time 4.37s
Epoch 0/12 276/1000 loss: 0.8670 time 4.37s
Epoch 0/12 277/1000 loss: 0.8673 time 4.37s
Epoch 0/12 278/1000 loss: 0.8676 time 4.37s
Epoch 0/12 279/1000 loss: 0.8668 time 4.38s
Epoch 0/12 280/1000 loss: 0.8670 time 4.37s
Epoch 0/12 281/1000 loss: 0.8668 time 4.38s
Epoch 0/12 282/1000 loss: 0.8667 time 4.37s
Epoch 0/12 283/1000 loss: 0.8664 time 4.38s
Epoch 0/12 284/1000 loss: 0.8658 time 4.37s
Epoch 0/12 285/1000 loss: 0.8652 time 4.37s
Epoch 0/12 286/1000 loss: 0.8650 time 4.38s
Epoch 0/12 287/1000 loss: 0.8647 time 4.37s
Epoch 0/12 288/1000 loss: 0.8640 time 4.38s
Epoch 0/12 289/1000 loss: 0.8642 time 4.37s
Epoch 0/12 290/1000 loss: 0.8640 time 4.37s
Epoch 0/12 291/1000 loss: 0.8634 time 4.37s
Epoch 0/12 292/1000 loss: 0.8629 time 4.37s
Epoch 0/12 293/1000 loss: 0.8627 time 4.37s
Epoch 0/12 294/1000 loss: 0.8618 time 4.37s
Epoch 0/12 295/1000 loss: 0.8619 time 4.38s
Epoch 0/12 296/1000 loss: 0.8618 time 4.37s
Epoch 0/12 297/1000 loss: 0.8620 time 4.37s
Epoch 0/12 298/1000 loss: 0.8614 time 4.38s
Epoch 0/12 299/1000 loss: 0.8608 time 4.37s
Epoch 0/12 300/1000 loss: 0.8608 time 4.37s
Epoch 0/12 301/1000 loss: 0.8600 time 4.38s
Epoch 0/12 302/1000 loss: 0.8592 time 4.37s
Epoch 0/12 303/1000 loss: 0.8595 time 4.37s
Epoch 0/12 304/1000 loss: 0.8586 time 4.38s
Epoch 0/12 305/1000 loss: 0.8581 time 4.38s
Epoch 0/12 306/1000 loss: 0.8577 time 4.37s
Epoch 0/12 307/1000 loss: 0.8568 time 4.37s
Epoch 0/12 308/1000 loss: 0.8568 time 4.37s
Epoch 0/12 309/1000 loss: 0.8563 time 4.37s
Epoch 0/12 310/1000 loss: 0.8566 time 4.37s
Epoch 0/12 311/1000 loss: 0.8563 time 4.38s
Epoch 0/12 312/1000 loss: 0.8558 time 4.37s
Epoch 0/12 313/1000 loss: 0.8551 time 4.37s
Epoch 0/12 314/1000 loss: 0.8546 time 4.37s
Epoch 0/12 315/1000 loss: 0.8548 time 4.37s
Epoch 0/12 316/1000 loss: 0.8545 time 4.37s
Epoch 0/12 317/1000 loss: 0.8541 time 4.37s
Epoch 0/12 318/1000 loss: 0.8541 time 4.37s
Epoch 0/12 319/1000 loss: 0.8539 time 4.37s
Epoch 0/12 320/1000 loss: 0.8538 time 4.37s
Epoch 0/12 321/1000 loss: 0.8541 time 4.38s
Epoch 0/12 322/1000 loss: 0.8543 time 4.37s
Epoch 0/12 323/1000 loss: 0.8540 time 4.37s
Epoch 0/12 324/1000 loss: 0.8543 time 4.37s
Epoch 0/12 325/1000 loss: 0.8542 time 4.37s
Epoch 0/12 326/1000 loss: 0.8543 time 4.37s
Epoch 0/12 327/1000 loss: 0.8538 time 4.37s
Epoch 0/12 328/1000 loss: 0.8535 time 4.37s
Epoch 0/12 329/1000 loss: 0.8537 time 4.37s
Epoch 0/12 330/1000 loss: 0.8535 time 4.37s
Epoch 0/12 331/1000 loss: 0.8531 time 4.37s
Epoch 0/12 332/1000 loss: 0.8524 time 4.37s
Epoch 0/12 333/1000 loss: 0.8524 time 4.39s
Epoch 0/12 334/1000 loss: 0.8524 time 4.38s
Epoch 0/12 335/1000 loss: 0.8526 time 4.37s
Epoch 0/12 336/1000 loss: 0.8517 time 4.37s
Epoch 0/12 337/1000 loss: 0.8516 time 4.37s
Epoch 0/12 338/1000 loss: 0.8512 time 4.37s
Epoch 0/12 339/1000 loss: 0.8510 time 4.37s
Epoch 0/12 340/1000 loss: 0.8509 time 4.37s
Epoch 0/12 341/1000 loss: 0.8513 time 4.37s
Epoch 0/12 342/1000 loss: 0.8510 time 4.37s
Epoch 0/12 343/1000 loss: 0.8504 time 4.37s
Epoch 0/12 344/1000 loss: 0.8498 time 4.37s
Epoch 0/12 345/1000 loss: 0.8490 time 4.37s
Epoch 0/12 346/1000 loss: 0.8488 time 4.37s
Epoch 0/12 347/1000 loss: 0.8487 time 4.38s
Epoch 0/12 348/1000 loss: 0.8486 time 4.38s
Epoch 0/12 349/1000 loss: 0.8486 time 4.38s
Epoch 0/12 350/1000 loss: 0.8481 time 4.38s
Epoch 0/12 351/1000 loss: 0.8479 time 4.37s
Epoch 0/12 352/1000 loss: 0.8471 time 4.37s
Epoch 0/12 353/1000 loss: 0.8470 time 4.37s
Epoch 0/12 354/1000 loss: 0.8467 time 4.37s
Epoch 0/12 355/1000 loss: 0.8462 time 4.37s
Epoch 0/12 356/1000 loss: 0.8455 time 4.37s
Epoch 0/12 357/1000 loss: 0.8452 time 4.37s
Epoch 0/12 358/1000 loss: 0.8456 time 4.37s
Epoch 0/12 359/1000 loss: 0.8459 time 4.37s
Epoch 0/12 360/1000 loss: 0.8452 time 4.37s
Epoch 0/12 361/1000 loss: 0.8448 time 4.38s
Epoch 0/12 362/1000 loss: 0.8446 time 4.37s
Epoch 0/12 363/1000 loss: 0.8445 time 4.38s
Epoch 0/12 364/1000 loss: 0.8445 time 4.38s
Epoch 0/12 365/1000 loss: 0.8445 time 4.38s
Epoch 0/12 366/1000 loss: 0.8445 time 4.38s
Epoch 0/12 367/1000 loss: 0.8441 time 4.37s
Epoch 0/12 368/1000 loss: 0.8437 time 4.37s
Epoch 0/12 369/1000 loss: 0.8433 time 4.37s
Epoch 0/12 370/1000 loss: 0.8427 time 4.37s
Epoch 0/12 371/1000 loss: 0.8422 time 4.37s
Epoch 0/12 372/1000 loss: 0.8416 time 4.37s
Epoch 0/12 373/1000 loss: 0.8414 time 4.37s
Epoch 0/12 374/1000 loss: 0.8409 time 4.38s
Epoch 0/12 375/1000 loss: 0.8408 time 4.37s
Epoch 0/12 376/1000 loss: 0.8406 time 4.37s
Epoch 0/12 377/1000 loss: 0.8406 time 4.37s
Epoch 0/12 378/1000 loss: 0.8405 time 4.37s
Epoch 0/12 379/1000 loss: 0.8402 time 4.38s
Epoch 0/12 380/1000 loss: 0.8405 time 4.37s
Epoch 0/12 381/1000 loss: 0.8404 time 4.38s
Epoch 0/12 382/1000 loss: 0.8401 time 4.37s
Epoch 0/12 383/1000 loss: 0.8399 time 4.37s
Epoch 0/12 384/1000 loss: 0.8396 time 4.37s
Epoch 0/12 385/1000 loss: 0.8392 time 4.37s
Epoch 0/12 386/1000 loss: 0.8389 time 4.37s
Epoch 0/12 387/1000 loss: 0.8384 time 4.37s
Epoch 0/12 388/1000 loss: 0.8385 time 4.37s
Epoch 0/12 389/1000 loss: 0.8382 time 4.37s
Epoch 0/12 390/1000 loss: 0.8377 time 4.37s
Epoch 0/12 391/1000 loss: 0.8380 time 4.37s
Epoch 0/12 392/1000 loss: 0.8380 time 4.38s
Epoch 0/12 393/1000 loss: 0.8384 time 4.37s
Epoch 0/12 394/1000 loss: 0.8386 time 4.38s
Epoch 0/12 395/1000 loss: 0.8388 time 4.38s
Epoch 0/12 396/1000 loss: 0.8388 time 4.38s
Epoch 0/12 397/1000 loss: 0.8385 time 4.38s
Epoch 0/12 398/1000 loss: 0.8383 time 4.37s
Epoch 0/12 399/1000 loss: 0.8384 time 4.37s
Epoch 0/12 400/1000 loss: 0.8386 time 4.37s
Epoch 0/12 401/1000 loss: 0.8388 time 4.37s
Epoch 0/12 402/1000 loss: 0.8387 time 4.37s
Epoch 0/12 403/1000 loss: 0.8382 time 4.37s
Epoch 0/12 404/1000 loss: 0.8384 time 4.37s
Epoch 0/12 405/1000 loss: 0.8381 time 4.38s
Epoch 0/12 406/1000 loss: 0.8378 time 4.37s
Epoch 0/12 407/1000 loss: 0.8379 time 4.37s
Epoch 0/12 408/1000 loss: 0.8375 time 4.37s
Epoch 0/12 409/1000 loss: 0.8370 time 4.37s
Epoch 0/12 410/1000 loss: 0.8369 time 4.38s
Epoch 0/12 411/1000 loss: 0.8363 time 4.38s
Epoch 0/12 412/1000 loss: 0.8365 time 4.37s
Epoch 0/12 413/1000 loss: 0.8357 time 4.37s
Epoch 0/12 414/1000 loss: 0.8351 time 4.38s
Epoch 0/12 415/1000 loss: 0.8346 time 4.37s
Epoch 0/12 416/1000 loss: 0.8344 time 4.37s
Epoch 0/12 417/1000 loss: 0.8341 time 4.37s
Epoch 0/12 418/1000 loss: 0.8335 time 4.37s
Epoch 0/12 419/1000 loss: 0.8329 time 4.37s
Epoch 0/12 420/1000 loss: 0.8323 time 4.37s
Epoch 0/12 421/1000 loss: 0.8319 time 4.37s
Epoch 0/12 422/1000 loss: 0.8318 time 4.37s
Epoch 0/12 423/1000 loss: 0.8315 time 4.37s
Epoch 0/12 424/1000 loss: 0.8309 time 4.38s
Epoch 0/12 425/1000 loss: 0.8303 time 4.38s
Epoch 0/12 426/1000 loss: 0.8297 time 4.37s
Epoch 0/12 427/1000 loss: 0.8291 time 4.38s
Epoch 0/12 428/1000 loss: 0.8294 time 4.37s
Epoch 0/12 429/1000 loss: 0.8292 time 4.37s
Epoch 0/12 430/1000 loss: 0.8286 time 4.37s
Epoch 0/12 431/1000 loss: 0.8284 time 4.37s
Epoch 0/12 432/1000 loss: 0.8286 time 4.37s
Epoch 0/12 433/1000 loss: 0.8281 time 4.37s
Epoch 0/12 434/1000 loss: 0.8280 time 4.37s
Epoch 0/12 435/1000 loss: 0.8280 time 4.37s
Epoch 0/12 436/1000 loss: 0.8276 time 4.37s
Epoch 0/12 437/1000 loss: 0.8276 time 4.37s
Epoch 0/12 438/1000 loss: 0.8277 time 4.37s
Epoch 0/12 439/1000 loss: 0.8277 time 4.38s
Epoch 0/12 440/1000 loss: 0.8274 time 4.37s
Epoch 0/12 441/1000 loss: 0.8270 time 4.38s
Epoch 0/12 442/1000 loss: 0.8274 time 4.37s
Epoch 0/12 443/1000 loss: 0.8266 time 4.37s
Epoch 0/12 444/1000 loss: 0.8263 time 4.37s
Epoch 0/12 445/1000 loss: 0.8256 time 4.37s
Epoch 0/12 446/1000 loss: 0.8257 time 4.37s
Epoch 0/12 447/1000 loss: 0.8255 time 4.37s
Epoch 0/12 448/1000 loss: 0.8255 time 4.37s
Epoch 0/12 449/1000 loss: 0.8250 time 4.37s
Epoch 0/12 450/1000 loss: 0.8249 time 4.37s
Epoch 0/12 451/1000 loss: 0.8245 time 4.37s
Epoch 0/12 452/1000 loss: 0.8249 time 4.37s
Epoch 0/12 453/1000 loss: 0.8245 time 4.37s
Epoch 0/12 454/1000 loss: 0.8241 time 4.38s
Epoch 0/12 455/1000 loss: 0.8239 time 4.37s
Epoch 0/12 456/1000 loss: 0.8234 time 4.38s
Epoch 0/12 457/1000 loss: 0.8236 time 4.38s
Epoch 0/12 458/1000 loss: 0.8236 time 4.37s
Epoch 0/12 459/1000 loss: 0.8234 time 4.38s
Epoch 0/12 460/1000 loss: 0.8226 time 4.37s
Epoch 0/12 461/1000 loss: 0.8223 time 4.37s
Epoch 0/12 462/1000 loss: 0.8221 time 4.37s
Epoch 0/12 463/1000 loss: 0.8217 time 4.37s
Epoch 0/12 464/1000 loss: 0.8210 time 4.37s
Epoch 0/12 465/1000 loss: 0.8204 time 4.37s
Epoch 0/12 466/1000 loss: 0.8204 time 4.37s
Epoch 0/12 467/1000 loss: 0.8206 time 4.37s
Epoch 0/12 468/1000 loss: 0.8209 time 4.38s
Epoch 0/12 469/1000 loss: 0.8211 time 4.37s
Epoch 0/12 470/1000 loss: 0.8212 time 4.37s
Epoch 0/12 471/1000 loss: 0.8211 time 4.38s
Epoch 0/12 472/1000 loss: 0.8208 time 4.38s
Epoch 0/12 473/1000 loss: 0.8208 time 4.38s
Epoch 0/12 474/1000 loss: 0.8208 time 4.38s
Epoch 0/12 475/1000 loss: 0.8205 time 4.37s
Epoch 0/12 476/1000 loss: 0.8206 time 4.37s
Epoch 0/12 477/1000 loss: 0.8203 time 4.38s
Epoch 0/12 478/1000 loss: 0.8204 time 4.37s
Epoch 0/12 479/1000 loss: 0.8202 time 4.37s
Epoch 0/12 480/1000 loss: 0.8199 time 4.38s
Epoch 0/12 481/1000 loss: 0.8198 time 4.37s
Epoch 0/12 482/1000 loss: 0.8197 time 4.37s
Epoch 0/12 483/1000 loss: 0.8194 time 4.37s
Epoch 0/12 484/1000 loss: 0.8192 time 4.37s
Epoch 0/12 485/1000 loss: 0.8190 time 4.37s
Epoch 0/12 486/1000 loss: 0.8186 time 4.37s
Epoch 0/12 487/1000 loss: 0.8180 time 4.39s
Epoch 0/12 488/1000 loss: 0.8175 time 4.38s
Epoch 0/12 489/1000 loss: 0.8172 time 4.38s
Epoch 0/12 490/1000 loss: 0.8168 time 4.37s
Epoch 0/12 491/1000 loss: 0.8168 time 4.37s
Epoch 0/12 492/1000 loss: 0.8170 time 4.37s
Epoch 0/12 493/1000 loss: 0.8164 time 4.37s
Epoch 0/12 494/1000 loss: 0.8160 time 4.37s
Epoch 0/12 495/1000 loss: 0.8156 time 4.37s
Epoch 0/12 496/1000 loss: 0.8153 time 4.37s
Epoch 0/12 497/1000 loss: 0.8147 time 4.37s
Epoch 0/12 498/1000 loss: 0.8147 time 4.38s
Epoch 0/12 499/1000 loss: 0.8145 time 4.37s
Epoch 0/12 500/1000 loss: 0.8144 time 4.37s
Epoch 0/12 501/1000 loss: 0.8141 time 4.38s
Epoch 0/12 502/1000 loss: 0.8138 time 4.38s
Epoch 0/12 503/1000 loss: 0.8138 time 4.38s
Epoch 0/12 504/1000 loss: 0.8141 time 4.38s
Epoch 0/12 505/1000 loss: 0.8137 time 4.37s
Epoch 0/12 506/1000 loss: 0.8139 time 4.38s
Epoch 0/12 507/1000 loss: 0.8136 time 4.37s
Epoch 0/12 508/1000 loss: 0.8130 time 4.37s
Epoch 0/12 509/1000 loss: 0.8131 time 4.37s
Epoch 0/12 510/1000 loss: 0.8131 time 4.37s
Epoch 0/12 511/1000 loss: 0.8129 time 4.37s
Epoch 0/12 512/1000 loss: 0.8122 time 4.37s
Epoch 0/12 513/1000 loss: 0.8114 time 4.37s
Epoch 0/12 514/1000 loss: 0.8115 time 4.37s
Epoch 0/12 515/1000 loss: 0.8114 time 4.38s
Epoch 0/12 516/1000 loss: 0.8117 time 4.37s
Epoch 0/12 517/1000 loss: 0.8114 time 4.37s
Epoch 0/12 518/1000 loss: 0.8115 time 4.38s
Epoch 0/12 519/1000 loss: 0.8113 time 4.38s
Epoch 0/12 520/1000 loss: 0.8110 time 4.37s
Epoch 0/12 521/1000 loss: 0.8108 time 4.38s
Epoch 0/12 522/1000 loss: 0.8108 time 4.37s
Epoch 0/12 523/1000 loss: 0.8110 time 4.37s
Epoch 0/12 524/1000 loss: 0.8106 time 4.37s
Epoch 0/12 525/1000 loss: 0.8103 time 4.37s
Epoch 0/12 526/1000 loss: 0.8099 time 4.37s
Epoch 0/12 527/1000 loss: 0.8097 time 4.37s
Epoch 0/12 528/1000 loss: 0.8095 time 4.37s
Epoch 0/12 529/1000 loss: 0.8094 time 4.38s
Epoch 0/12 530/1000 loss: 0.8092 time 4.37s
Epoch 0/12 531/1000 loss: 0.8090 time 4.37s
Epoch 0/12 532/1000 loss: 0.8088 time 4.37s
Epoch 0/12 533/1000 loss: 0.8085 time 4.38s
Epoch 0/12 534/1000 loss: 0.8082 time 4.38s
Epoch 0/12 535/1000 loss: 0.8082 time 4.37s
Epoch 0/12 536/1000 loss: 0.8080 time 4.38s
Epoch 0/12 537/1000 loss: 0.8075 time 4.37s
Epoch 0/12 538/1000 loss: 0.8079 time 4.37s
Epoch 0/12 539/1000 loss: 0.8077 time 4.37s
Epoch 0/12 540/1000 loss: 0.8074 time 4.37s
Epoch 0/12 541/1000 loss: 0.8073 time 4.37s
Epoch 0/12 542/1000 loss: 0.8074 time 4.37s
Epoch 0/12 543/1000 loss: 0.8070 time 4.37s
Epoch 0/12 544/1000 loss: 0.8066 time 4.37s
Epoch 0/12 545/1000 loss: 0.8063 time 4.37s
Epoch 0/12 546/1000 loss: 0.8060 time 4.37s
Epoch 0/12 547/1000 loss: 0.8060 time 4.38s
Epoch 0/12 548/1000 loss: 0.8058 time 4.38s
Epoch 0/12 549/1000 loss: 0.8053 time 4.37s
Epoch 0/12 550/1000 loss: 0.8051 time 4.38s
Epoch 0/12 551/1000 loss: 0.8050 time 4.38s
Epoch 0/12 552/1000 loss: 0.8050 time 4.37s
Epoch 0/12 553/1000 loss: 0.8048 time 4.37s
Epoch 0/12 554/1000 loss: 0.8048 time 4.37s
Epoch 0/12 555/1000 loss: 0.8048 time 4.37s
Epoch 0/12 556/1000 loss: 0.8044 time 4.37s
Epoch 0/12 557/1000 loss: 0.8046 time 4.37s
Epoch 0/12 558/1000 loss: 0.8041 time 4.38s
Epoch 0/12 559/1000 loss: 0.8038 time 4.37s
Epoch 0/12 560/1000 loss: 0.8034 time 4.38s
Epoch 0/12 561/1000 loss: 0.8032 time 4.37s
Epoch 0/12 562/1000 loss: 0.8028 time 4.37s
Epoch 0/12 563/1000 loss: 0.8025 time 4.37s
Epoch 0/12 564/1000 loss: 0.8022 time 4.38s
Epoch 0/12 565/1000 loss: 0.8016 time 4.38s
Epoch 0/12 566/1000 loss: 0.8014 time 4.38s
Epoch 0/12 567/1000 loss: 0.8012 time 4.37s
Epoch 0/12 568/1000 loss: 0.8006 time 4.37s
Epoch 0/12 569/1000 loss: 0.8004 time 4.37s
Epoch 0/12 570/1000 loss: 0.8000 time 4.37s
Epoch 0/12 571/1000 loss: 0.7996 time 4.37s
Epoch 0/12 572/1000 loss: 0.7996 time 4.37s
Epoch 0/12 573/1000 loss: 0.7997 time 4.37s
Epoch 0/12 574/1000 loss: 0.8000 time 4.37s
Epoch 0/12 575/1000 loss: 0.7997 time 4.38s
Epoch 0/12 576/1000 loss: 0.7994 time 4.37s
Epoch 0/12 577/1000 loss: 0.7990 time 4.37s
Epoch 0/12 578/1000 loss: 0.7987 time 4.38s
Epoch 0/12 579/1000 loss: 0.7984 time 4.37s
Epoch 0/12 580/1000 loss: 0.7979 time 4.37s
Epoch 0/12 581/1000 loss: 0.7979 time 4.38s
Epoch 0/12 582/1000 loss: 0.7980 time 4.38s
Epoch 0/12 583/1000 loss: 0.7976 time 4.37s
Epoch 0/12 584/1000 loss: 0.7971 time 4.37s
Epoch 0/12 585/1000 loss: 0.7970 time 4.37s
Epoch 0/12 586/1000 loss: 0.7972 time 4.37s
Epoch 0/12 587/1000 loss: 0.7973 time 4.37s
Epoch 0/12 588/1000 loss: 0.7971 time 4.37s
Epoch 0/12 589/1000 loss: 0.7969 time 4.38s
Epoch 0/12 590/1000 loss: 0.7965 time 4.37s
Epoch 0/12 591/1000 loss: 0.7966 time 4.37s
Epoch 0/12 592/1000 loss: 0.7961 time 4.37s
Epoch 0/12 593/1000 loss: 0.7956 time 4.38s
Epoch 0/12 594/1000 loss: 0.7951 time 4.37s
Epoch 0/12 595/1000 loss: 0.7945 time 4.38s
Epoch 0/12 596/1000 loss: 0.7947 time 4.38s
Epoch 0/12 597/1000 loss: 0.7947 time 4.37s
Epoch 0/12 598/1000 loss: 0.7945 time 4.38s
Epoch 0/12 599/1000 loss: 0.7940 time 4.37s
Epoch 0/12 600/1000 loss: 0.7940 time 4.37s
Epoch 0/12 601/1000 loss: 0.7939 time 4.37s
Epoch 0/12 602/1000 loss: 0.7934 time 4.37s
Epoch 0/12 603/1000 loss: 0.7930 time 4.38s
Epoch 0/12 604/1000 loss: 0.7930 time 4.37s
Epoch 0/12 605/1000 loss: 0.7927 time 4.37s
Epoch 0/12 606/1000 loss: 0.7923 time 4.37s
Epoch 0/12 607/1000 loss: 0.7917 time 4.37s
Epoch 0/12 608/1000 loss: 0.7918 time 4.37s
Epoch 0/12 609/1000 loss: 0.7915 time 4.37s
Epoch 0/12 610/1000 loss: 0.7910 time 4.38s
Epoch 0/12 611/1000 loss: 0.7911 time 4.37s
Epoch 0/12 612/1000 loss: 0.7907 time 4.37s
Epoch 0/12 613/1000 loss: 0.7906 time 4.37s
Epoch 0/12 614/1000 loss: 0.7902 time 4.37s
Epoch 0/12 615/1000 loss: 0.7898 time 4.37s
Epoch 0/12 616/1000 loss: 0.7895 time 4.37s
Epoch 0/12 617/1000 loss: 0.7891 time 4.37s
Epoch 0/12 618/1000 loss: 0.7895 time 4.36s
Epoch 0/12 619/1000 loss: 0.7893 time 4.36s
Epoch 0/12 620/1000 loss: 0.7893 time 4.37s
Epoch 0/12 621/1000 loss: 0.7888 time 4.37s
Epoch 0/12 622/1000 loss: 0.7887 time 4.37s
Epoch 0/12 623/1000 loss: 0.7884 time 4.37s
Epoch 0/12 624/1000 loss: 0.7885 time 4.37s
Epoch 0/12 625/1000 loss: 0.7879 time 4.38s
Epoch 0/12 626/1000 loss: 0.7875 time 4.39s
Epoch 0/12 627/1000 loss: 0.7873 time 4.37s
Epoch 0/12 628/1000 loss: 0.7870 time 4.37s
Epoch 0/12 629/1000 loss: 0.7866 time 4.37s
Epoch 0/12 630/1000 loss: 0.7867 time 4.37s
Epoch 0/12 631/1000 loss: 0.7867 time 4.37s
Epoch 0/12 632/1000 loss: 0.7864 time 4.37s
Epoch 0/12 633/1000 loss: 0.7862 time 4.37s
Epoch 0/12 634/1000 loss: 0.7862 time 4.38s
Epoch 0/12 635/1000 loss: 0.7863 time 4.37s
Epoch 0/12 636/1000 loss: 0.7860 time 4.37s
Epoch 0/12 637/1000 loss: 0.7855 time 4.37s
Epoch 0/12 638/1000 loss: 0.7854 time 4.37s
Epoch 0/12 639/1000 loss: 0.7853 time 4.37s
Epoch 0/12 640/1000 loss: 0.7848 time 4.37s
Epoch 0/12 641/1000 loss: 0.7845 time 4.37s
Epoch 0/12 642/1000 loss: 0.7843 time 4.38s
Epoch 0/12 643/1000 loss: 0.7839 time 4.38s
Epoch 0/12 644/1000 loss: 0.7838 time 4.36s
Epoch 0/12 645/1000 loss: 0.7835 time 4.38s
Epoch 0/12 646/1000 loss: 0.7836 time 4.37s
Epoch 0/12 647/1000 loss: 0.7832 time 4.37s
Epoch 0/12 648/1000 loss: 0.7830 time 4.37s
Epoch 0/12 649/1000 loss: 0.7827 time 4.37s
Epoch 0/12 650/1000 loss: 0.7824 time 4.38s
Epoch 0/12 651/1000 loss: 0.7822 time 4.37s
Epoch 0/12 652/1000 loss: 0.7818 time 4.38s
Epoch 0/12 653/1000 loss: 0.7820 time 4.37s
Epoch 0/12 654/1000 loss: 0.7815 time 4.37s
Epoch 0/12 655/1000 loss: 0.7813 time 4.37s
Epoch 0/12 656/1000 loss: 0.7811 time 4.38s
Epoch 0/12 657/1000 loss: 0.7810 time 4.37s
Epoch 0/12 658/1000 loss: 0.7808 time 4.38s
Epoch 0/12 659/1000 loss: 0.7810 time 4.38s
Epoch 0/12 660/1000 loss: 0.7806 time 4.37s
Epoch 0/12 661/1000 loss: 0.7805 time 4.38s
Epoch 0/12 662/1000 loss: 0.7803 time 4.37s
Epoch 0/12 663/1000 loss: 0.7800 time 4.37s
Epoch 0/12 664/1000 loss: 0.7798 time 4.37s
Epoch 0/12 665/1000 loss: 0.7798 time 4.37s
Epoch 0/12 666/1000 loss: 0.7795 time 4.38s
Epoch 0/12 667/1000 loss: 0.7791 time 4.37s
Epoch 0/12 668/1000 loss: 0.7792 time 4.37s
Epoch 0/12 669/1000 loss: 0.7787 time 4.37s
Epoch 0/12 670/1000 loss: 0.7785 time 4.37s
Epoch 0/12 671/1000 loss: 0.7784 time 4.37s
Epoch 0/12 672/1000 loss: 0.7778 time 4.37s
Epoch 0/12 673/1000 loss: 0.7780 time 4.37s
Epoch 0/12 674/1000 loss: 0.7779 time 4.37s
Epoch 0/12 675/1000 loss: 0.7777 time 4.36s
Epoch 0/12 676/1000 loss: 0.7773 time 4.38s
Epoch 0/12 677/1000 loss: 0.7771 time 4.37s
Epoch 0/12 678/1000 loss: 0.7769 time 4.37s
Epoch 0/12 679/1000 loss: 0.7766 time 4.37s
Epoch 0/12 680/1000 loss: 0.7767 time 4.38s
Epoch 0/12 681/1000 loss: 0.7764 time 4.37s
Epoch 0/12 682/1000 loss: 0.7759 time 4.37s
Epoch 0/12 683/1000 loss: 0.7759 time 4.38s
Epoch 0/12 684/1000 loss: 0.7756 time 4.37s
Epoch 0/12 685/1000 loss: 0.7756 time 4.37s
Epoch 0/12 686/1000 loss: 0.7755 time 4.38s
Epoch 0/12 687/1000 loss: 0.7753 time 4.37s
Epoch 0/12 688/1000 loss: 0.7749 time 4.38s
Epoch 0/12 689/1000 loss: 0.7746 time 4.37s
Epoch 0/12 690/1000 loss: 0.7742 time 4.38s
Epoch 0/12 691/1000 loss: 0.7738 time 4.37s
Epoch 0/12 692/1000 loss: 0.7737 time 4.37s
Epoch 0/12 693/1000 loss: 0.7736 time 4.37s
Epoch 0/12 694/1000 loss: 0.7732 time 4.37s
Epoch 0/12 695/1000 loss: 0.7728 time 4.37s
Epoch 0/12 696/1000 loss: 0.7725 time 4.37s
Epoch 0/12 697/1000 loss: 0.7724 time 4.37s
Epoch 0/12 698/1000 loss: 0.7720 time 4.38s
Epoch 0/12 699/1000 loss: 0.7714 time 4.37s
Epoch 0/12 700/1000 loss: 0.7710 time 4.37s
Epoch 0/12 701/1000 loss: 0.7707 time 4.37s
Epoch 0/12 702/1000 loss: 0.7702 time 4.37s
Epoch 0/12 703/1000 loss: 0.7697 time 4.38s
Epoch 0/12 704/1000 loss: 0.7694 time 4.37s
Epoch 0/12 705/1000 loss: 0.7689 time 4.37s
Epoch 0/12 706/1000 loss: 0.7692 time 4.37s
Epoch 0/12 707/1000 loss: 0.7688 time 4.37s
Epoch 0/12 708/1000 loss: 0.7685 time 4.37s
Epoch 0/12 709/1000 loss: 0.7681 time 4.38s
Epoch 0/12 710/1000 loss: 0.7676 time 4.37s
Epoch 0/12 711/1000 loss: 0.7673 time 4.37s
Epoch 0/12 712/1000 loss: 0.7671 time 4.37s
Epoch 0/12 713/1000 loss: 0.7668 time 4.38s
Epoch 0/12 714/1000 loss: 0.7665 time 4.37s
Epoch 0/12 715/1000 loss: 0.7664 time 4.37s
Epoch 0/12 716/1000 loss: 0.7661 time 4.37s
Epoch 0/12 717/1000 loss: 0.7658 time 4.38s
Epoch 0/12 718/1000 loss: 0.7655 time 4.37s
Epoch 0/12 719/1000 loss: 0.7655 time 4.37s
Epoch 0/12 720/1000 loss: 0.7657 time 4.37s
Epoch 0/12 721/1000 loss: 0.7653 time 4.38s
Epoch 0/12 722/1000 loss: 0.7651 time 4.38s
Epoch 0/12 723/1000 loss: 0.7647 time 4.37s
Epoch 0/12 724/1000 loss: 0.7643 time 4.37s
Epoch 0/12 725/1000 loss: 0.7643 time 4.37s
Epoch 0/12 726/1000 loss: 0.7641 time 4.37s
Epoch 0/12 727/1000 loss: 0.7638 time 4.37s
Epoch 0/12 728/1000 loss: 0.7633 time 4.37s
Epoch 0/12 729/1000 loss: 0.7632 time 4.37s
Epoch 0/12 730/1000 loss: 0.7631 time 4.37s
Epoch 0/12 731/1000 loss: 0.7630 time 4.37s
Epoch 0/12 732/1000 loss: 0.7628 time 4.37s
Epoch 0/12 733/1000 loss: 0.7626 time 4.38s
Epoch 0/12 734/1000 loss: 0.7621 time 4.38s
Epoch 0/12 735/1000 loss: 0.7621 time 4.37s
Epoch 0/12 736/1000 loss: 0.7622 time 4.37s
Epoch 0/12 737/1000 loss: 0.7620 time 4.37s
Epoch 0/12 738/1000 loss: 0.7618 time 4.37s
Epoch 0/12 739/1000 loss: 0.7614 time 4.38s
Epoch 0/12 740/1000 loss: 0.7610 time 4.37s
Epoch 0/12 741/1000 loss: 0.7607 time 4.37s
Epoch 0/12 742/1000 loss: 0.7603 time 4.37s
Epoch 0/12 743/1000 loss: 0.7602 time 4.38s
Epoch 0/12 744/1000 loss: 0.7600 time 4.37s
Epoch 0/12 745/1000 loss: 0.7597 time 4.37s
Epoch 0/12 746/1000 loss: 0.7594 time 4.36s
Epoch 0/12 747/1000 loss: 0.7594 time 4.36s
Epoch 0/12 748/1000 loss: 0.7591 time 4.37s
Epoch 0/12 749/1000 loss: 0.7593 time 4.37s
Epoch 0/12 750/1000 loss: 0.7591 time 4.37s
Epoch 0/12 751/1000 loss: 0.7589 time 4.37s
Epoch 0/12 752/1000 loss: 0.7585 time 4.37s
Epoch 0/12 753/1000 loss: 0.7581 time 4.38s
Epoch 0/12 754/1000 loss: 0.7580 time 4.37s
Epoch 0/12 755/1000 loss: 0.7579 time 4.37s
Epoch 0/12 756/1000 loss: 0.7579 time 4.37s
Epoch 0/12 757/1000 loss: 0.7579 time 4.37s
Epoch 0/12 758/1000 loss: 0.7581 time 4.37s
Epoch 0/12 759/1000 loss: 0.7576 time 4.37s
Epoch 0/12 760/1000 loss: 0.7577 time 4.38s
Epoch 0/12 761/1000 loss: 0.7574 time 4.37s
Epoch 0/12 762/1000 loss: 0.7570 time 4.37s
Epoch 0/12 763/1000 loss: 0.7568 time 4.37s
Epoch 0/12 764/1000 loss: 0.7566 time 4.38s
Epoch 0/12 765/1000 loss: 0.7563 time 4.38s
Epoch 0/12 766/1000 loss: 0.7560 time 4.38s
Epoch 0/12 767/1000 loss: 0.7556 time 4.38s
Epoch 0/12 768/1000 loss: 0.7555 time 4.37s
Epoch 0/12 769/1000 loss: 0.7551 time 4.37s
Epoch 0/12 770/1000 loss: 0.7551 time 4.37s
Epoch 0/12 771/1000 loss: 0.7549 time 4.37s
Epoch 0/12 772/1000 loss: 0.7550 time 4.37s
Epoch 0/12 773/1000 loss: 0.7547 time 4.37s
Epoch 0/12 774/1000 loss: 0.7545 time 4.38s
Epoch 0/12 775/1000 loss: 0.7547 time 4.37s
Epoch 0/12 776/1000 loss: 0.7547 time 4.38s
Epoch 0/12 777/1000 loss: 0.7549 time 4.37s
Epoch 0/12 778/1000 loss: 0.7547 time 4.37s
Epoch 0/12 779/1000 loss: 0.7546 time 4.38s
Epoch 0/12 780/1000 loss: 0.7545 time 4.37s
Epoch 0/12 781/1000 loss: 0.7542 time 4.37s
Epoch 0/12 782/1000 loss: 0.7542 time 4.38s
Epoch 0/12 783/1000 loss: 0.7539 time 4.38s
Epoch 0/12 784/1000 loss: 0.7534 time 4.37s
Epoch 0/12 785/1000 loss: 0.7536 time 4.37s
Epoch 0/12 786/1000 loss: 0.7536 time 4.37s
Epoch 0/12 787/1000 loss: 0.7533 time 4.37s
Epoch 0/12 788/1000 loss: 0.7533 time 4.37s
Epoch 0/12 789/1000 loss: 0.7530 time 4.37s
Epoch 0/12 790/1000 loss: 0.7531 time 4.37s
Epoch 0/12 791/1000 loss: 0.7531 time 4.37s
Epoch 0/12 792/1000 loss: 0.7525 time 4.37s
Epoch 0/12 793/1000 loss: 0.7521 time 4.38s
Epoch 0/12 794/1000 loss: 0.7521 time 4.37s
Epoch 0/12 795/1000 loss: 0.7516 time 4.37s
Epoch 0/12 796/1000 loss: 0.7513 time 4.37s
Epoch 0/12 797/1000 loss: 0.7511 time 4.38s
Epoch 0/12 798/1000 loss: 0.7511 time 4.38s
Epoch 0/12 799/1000 loss: 0.7507 time 4.37s
Epoch 0/12 800/1000 loss: 0.7504 time 4.37s
Epoch 0/12 801/1000 loss: 0.7507 time 4.37s
Epoch 0/12 802/1000 loss: 0.7502 time 4.37s
Epoch 0/12 803/1000 loss: 0.7501 time 4.37s
Epoch 0/12 804/1000 loss: 0.7498 time 4.37s
Epoch 0/12 805/1000 loss: 0.7500 time 4.37s
Epoch 0/12 806/1000 loss: 0.7501 time 4.37s
Epoch 0/12 807/1000 loss: 0.7497 time 4.37s
Epoch 0/12 808/1000 loss: 0.7498 time 4.37s
Epoch 0/12 809/1000 loss: 0.7494 time 4.37s
Epoch 0/12 810/1000 loss: 0.7492 time 4.37s
Epoch 0/12 811/1000 loss: 0.7490 time 4.38s
Epoch 0/12 812/1000 loss: 0.7493 time 4.38s
Epoch 0/12 813/1000 loss: 0.7488 time 4.38s
Epoch 0/12 814/1000 loss: 0.7487 time 4.37s
Epoch 0/12 815/1000 loss: 0.7487 time 4.38s
Epoch 0/12 816/1000 loss: 0.7485 time 4.37s
Epoch 0/12 817/1000 loss: 0.7480 time 4.37s
Epoch 0/12 818/1000 loss: 0.7477 time 4.37s
Epoch 0/12 819/1000 loss: 0.7476 time 4.38s
Epoch 0/12 820/1000 loss: 0.7474 time 4.37s
Epoch 0/12 821/1000 loss: 0.7471 time 4.37s
Epoch 0/12 822/1000 loss: 0.7473 time 4.38s
Epoch 0/12 823/1000 loss: 0.7472 time 4.37s
Epoch 0/12 824/1000 loss: 0.7468 time 4.37s
Epoch 0/12 825/1000 loss: 0.7464 time 4.37s
Epoch 0/12 826/1000 loss: 0.7461 time 4.38s
Epoch 0/12 827/1000 loss: 0.7460 time 4.38s
Epoch 0/12 828/1000 loss: 0.7457 time 4.38s
Epoch 0/12 829/1000 loss: 0.7455 time 4.38s
Epoch 0/12 830/1000 loss: 0.7453 time 4.37s
Epoch 0/12 831/1000 loss: 0.7451 time 4.37s
Epoch 0/12 832/1000 loss: 0.7447 time 4.37s
Epoch 0/12 833/1000 loss: 0.7448 time 4.37s
Epoch 0/12 834/1000 loss: 0.7449 time 4.37s
Epoch 0/12 835/1000 loss: 0.7446 time 4.37s
Epoch 0/12 836/1000 loss: 0.7441 time 4.37s
Epoch 0/12 837/1000 loss: 0.7441 time 4.37s
Epoch 0/12 838/1000 loss: 0.7436 time 4.37s
Epoch 0/12 839/1000 loss: 0.7435 time 4.37s
Epoch 0/12 840/1000 loss: 0.7433 time 4.37s
Epoch 0/12 841/1000 loss: 0.7431 time 4.38s
Epoch 0/12 842/1000 loss: 0.7429 time 4.37s
Epoch 0/12 843/1000 loss: 0.7426 time 4.38s
Epoch 0/12 844/1000 loss: 0.7426 time 4.38s
Epoch 0/12 845/1000 loss: 0.7424 time 4.37s
Epoch 0/12 846/1000 loss: 0.7420 time 4.37s
Epoch 0/12 847/1000 loss: 0.7420 time 4.37s
Epoch 0/12 848/1000 loss: 0.7417 time 4.37s
Epoch 0/12 849/1000 loss: 0.7414 time 4.37s
Epoch 0/12 850/1000 loss: 0.7415 time 4.37s
Epoch 0/12 851/1000 loss: 0.7414 time 4.37s
Epoch 0/12 852/1000 loss: 0.7411 time 4.37s
Epoch 0/12 853/1000 loss: 0.7408 time 4.37s
Epoch 0/12 854/1000 loss: 0.7405 time 4.37s
Epoch 0/12 855/1000 loss: 0.7403 time 4.37s
Epoch 0/12 856/1000 loss: 0.7400 time 4.37s
Epoch 0/12 857/1000 loss: 0.7397 time 4.38s
Epoch 0/12 858/1000 loss: 0.7398 time 4.38s
Epoch 0/12 859/1000 loss: 0.7394 time 4.38s
Epoch 0/12 860/1000 loss: 0.7391 time 4.37s
Epoch 0/12 861/1000 loss: 0.7386 time 4.37s
Epoch 0/12 862/1000 loss: 0.7385 time 4.37s
Epoch 0/12 863/1000 loss: 0.7384 time 4.37s
Epoch 0/12 864/1000 loss: 0.7386 time 4.37s
Epoch 0/12 865/1000 loss: 0.7383 time 4.37s
Epoch 0/12 866/1000 loss: 0.7384 time 4.37s
Epoch 0/12 867/1000 loss: 0.7382 time 4.37s
Epoch 0/12 868/1000 loss: 0.7380 time 4.37s
Epoch 0/12 869/1000 loss: 0.7379 time 4.37s
Epoch 0/12 870/1000 loss: 0.7377 time 4.37s
Epoch 0/12 871/1000 loss: 0.7377 time 4.37s
Epoch 0/12 872/1000 loss: 0.7373 time 4.37s
Epoch 0/12 873/1000 loss: 0.7371 time 4.37s
Epoch 0/12 874/1000 loss: 0.7371 time 4.38s
Epoch 0/12 875/1000 loss: 0.7369 time 4.38s
Epoch 0/12 876/1000 loss: 0.7363 time 4.37s
Epoch 0/12 877/1000 loss: 0.7364 time 4.37s
Epoch 0/12 878/1000 loss: 0.7362 time 4.37s
Epoch 0/12 879/1000 loss: 0.7361 time 4.37s
Epoch 0/12 880/1000 loss: 0.7364 time 4.37s
Epoch 0/12 881/1000 loss: 0.7362 time 4.37s
Epoch 0/12 882/1000 loss: 0.7361 time 4.37s
Epoch 0/12 883/1000 loss: 0.7361 time 4.37s
Epoch 0/12 884/1000 loss: 0.7358 time 4.37s
Epoch 0/12 885/1000 loss: 0.7356 time 4.37s
Epoch 0/12 886/1000 loss: 0.7352 time 4.37s
Epoch 0/12 887/1000 loss: 0.7350 time 4.38s
Epoch 0/12 888/1000 loss: 0.7347 time 4.38s
Epoch 0/12 889/1000 loss: 0.7343 time 4.38s
Epoch 0/12 890/1000 loss: 0.7341 time 4.38s
Epoch 0/12 891/1000 loss: 0.7343 time 4.38s
Epoch 0/12 892/1000 loss: 0.7343 time 4.37s
Epoch 0/12 893/1000 loss: 0.7340 time 4.37s
Epoch 0/12 894/1000 loss: 0.7339 time 4.37s
Epoch 0/12 895/1000 loss: 0.7337 time 4.37s
Epoch 0/12 896/1000 loss: 0.7334 time 4.37s
Epoch 0/12 897/1000 loss: 0.7329 time 4.37s
Epoch 0/12 898/1000 loss: 0.7324 time 4.37s
Epoch 0/12 899/1000 loss: 0.7325 time 4.37s
Epoch 0/12 900/1000 loss: 0.7320 time 4.37s
Epoch 0/12 901/1000 loss: 0.7317 time 4.37s
Epoch 0/12 902/1000 loss: 0.7318 time 4.37s
Epoch 0/12 903/1000 loss: 0.7316 time 4.37s
Epoch 0/12 904/1000 loss: 0.7313 time 4.38s
Epoch 0/12 905/1000 loss: 0.7310 time 4.38s
Epoch 0/12 906/1000 loss: 0.7306 time 4.38s
Epoch 0/12 907/1000 loss: 0.7306 time 4.37s
Epoch 0/12 908/1000 loss: 0.7308 time 4.37s
Epoch 0/12 909/1000 loss: 0.7305 time 4.37s
Epoch 0/12 910/1000 loss: 0.7301 time 4.37s
Epoch 0/12 911/1000 loss: 0.7298 time 4.37s
Epoch 0/12 912/1000 loss: 0.7296 time 4.37s
Epoch 0/12 913/1000 loss: 0.7292 time 4.37s
Epoch 0/12 914/1000 loss: 0.7287 time 4.37s
Epoch 0/12 915/1000 loss: 0.7285 time 4.37s
Epoch 0/12 916/1000 loss: 0.7282 time 4.37s
Epoch 0/12 917/1000 loss: 0.7278 time 4.37s
Epoch 0/12 918/1000 loss: 0.7274 time 4.37s
Epoch 0/12 919/1000 loss: 0.7271 time 4.38s
Epoch 0/12 920/1000 loss: 0.7269 time 4.38s
Epoch 0/12 921/1000 loss: 0.7268 time 4.38s
Epoch 0/12 922/1000 loss: 0.7266 time 4.37s
Epoch 0/12 923/1000 loss: 0.7262 time 4.37s
Epoch 0/12 924/1000 loss: 0.7257 time 4.37s
Epoch 0/12 925/1000 loss: 0.7253 time 4.37s
Epoch 0/12 926/1000 loss: 0.7253 time 4.37s
Epoch 0/12 927/1000 loss: 0.7255 time 4.37s
Epoch 0/12 928/1000 loss: 0.7254 time 4.37s
Epoch 0/12 929/1000 loss: 0.7256 time 4.37s
Epoch 0/12 930/1000 loss: 0.7254 time 4.37s
Epoch 0/12 931/1000 loss: 0.7251 time 4.38s
Epoch 0/12 932/1000 loss: 0.7249 time 4.38s
Epoch 0/12 933/1000 loss: 0.7251 time 4.37s
Epoch 0/12 934/1000 loss: 0.7252 time 4.38s
Epoch 0/12 935/1000 loss: 0.7251 time 4.38s
Epoch 0/12 936/1000 loss: 0.7247 time 4.38s
Epoch 0/12 937/1000 loss: 0.7244 time 4.38s
Epoch 0/12 938/1000 loss: 0.7241 time 4.37s
Epoch 0/12 939/1000 loss: 0.7238 time 4.37s
Epoch 0/12 940/1000 loss: 0.7233 time 4.37s
Epoch 0/12 941/1000 loss: 0.7230 time 4.37s
Epoch 0/12 942/1000 loss: 0.7227 time 4.37s
Epoch 0/12 943/1000 loss: 0.7225 time 4.37s
Epoch 0/12 944/1000 loss: 0.7221 time 4.37s
Epoch 0/12 945/1000 loss: 0.7220 time 4.37s
Epoch 0/12 946/1000 loss: 0.7216 time 4.37s
Epoch 0/12 947/1000 loss: 0.7212 time 4.37s
Epoch 0/12 948/1000 loss: 0.7214 time 4.37s
Epoch 0/12 949/1000 loss: 0.7213 time 4.38s
Epoch 0/12 950/1000 loss: 0.7208 time 4.37s
Epoch 0/12 951/1000 loss: 0.7206 time 4.38s
Epoch 0/12 952/1000 loss: 0.7203 time 4.38s
Epoch 0/12 953/1000 loss: 0.7201 time 4.37s
Epoch 0/12 954/1000 loss: 0.7198 time 4.37s
Epoch 0/12 955/1000 loss: 0.7195 time 4.37s
Epoch 0/12 956/1000 loss: 0.7191 time 4.37s
Epoch 0/12 957/1000 loss: 0.7187 time 4.37s
Epoch 0/12 958/1000 loss: 0.7187 time 4.37s
Epoch 0/12 959/1000 loss: 0.7186 time 4.37s
Epoch 0/12 960/1000 loss: 0.7183 time 4.37s
Epoch 0/12 961/1000 loss: 0.7181 time 4.37s
Epoch 0/12 962/1000 loss: 0.7177 time 4.37s
Epoch 0/12 963/1000 loss: 0.7177 time 4.37s
Epoch 0/12 964/1000 loss: 0.7178 time 4.37s
Epoch 0/12 965/1000 loss: 0.7177 time 4.38s
Epoch 0/12 966/1000 loss: 0.7174 time 4.38s
Epoch 0/12 967/1000 loss: 0.7172 time 4.38s
Epoch 0/12 968/1000 loss: 0.7167 time 4.37s
Epoch 0/12 969/1000 loss: 0.7164 time 4.37s
Epoch 0/12 970/1000 loss: 0.7159 time 4.37s
Epoch 0/12 971/1000 loss: 0.7157 time 4.37s
Epoch 0/12 972/1000 loss: 0.7155 time 4.37s
Epoch 0/12 973/1000 loss: 0.7156 time 4.37s
Epoch 0/12 974/1000 loss: 0.7155 time 4.37s
Epoch 0/12 975/1000 loss: 0.7153 time 4.37s
Epoch 0/12 976/1000 loss: 0.7151 time 4.38s
Epoch 0/12 977/1000 loss: 0.7147 time 4.37s
Epoch 0/12 978/1000 loss: 0.7144 time 4.37s
Epoch 0/12 979/1000 loss: 0.7139 time 4.38s
Epoch 0/12 980/1000 loss: 0.7135 time 4.38s
Epoch 0/12 981/1000 loss: 0.7133 time 4.38s
Epoch 0/12 982/1000 loss: 0.7132 time 4.38s
Epoch 0/12 983/1000 loss: 0.7132 time 4.38s
Epoch 0/12 984/1000 loss: 0.7131 time 4.37s
Epoch 0/12 985/1000 loss: 0.7128 time 4.37s
Epoch 0/12 986/1000 loss: 0.7123 time 4.37s
Epoch 0/12 987/1000 loss: 0.7121 time 4.37s
Epoch 0/12 988/1000 loss: 0.7116 time 4.37s
Epoch 0/12 989/1000 loss: 0.7117 time 4.37s
Epoch 0/12 990/1000 loss: 0.7114 time 4.37s
Epoch 0/12 991/1000 loss: 0.7110 time 4.37s
Epoch 0/12 992/1000 loss: 0.7108 time 4.37s
Epoch 0/12 993/1000 loss: 0.7108 time 4.37s
Epoch 0/12 994/1000 loss: 0.7105 time 4.37s
Epoch 0/12 995/1000 loss: 0.7102 time 4.38s
Epoch 0/12 996/1000 loss: 0.7103 time 4.38s
Epoch 0/12 997/1000 loss: 0.7102 time 4.38s
Epoch 0/12 998/1000 loss: 0.7098 time 4.38s
Epoch 0/12 999/1000 loss: 0.7097 time 4.37s
Final training  0/11 loss: 0.7097 time 4391.75s
