None
MONAI version: 1.2.0rc7+9.g84940298
Numpy version: 1.24.2
Pytorch version: 1.13.1
MONAI flags: HAS_EXT = False, USE_COMPILED = False, USE_META_DICT = False
MONAI rev id: 84940298bff9ff1f54845eb8ae7422c0092c09c1
MONAI __file__: /home/guest185/hackathon_38/lib/python3.8/site-packages/monai/__init__.py

Optional dependencies:
Pytorch Ignite version: 0.4.2
ITK version: NOT INSTALLED or UNKNOWN VERSION.
Nibabel version: 5.1.0
scikit-image version: 0.19.3
Pillow version: 9.5.0
Tensorboard version: 2.13.0
gdown version: 4.7.1
TorchVision version: 0.14.1
tqdm version: 4.65.0
lmdb version: 1.2.1
psutil version: 5.9.4
pandas version: 1.5.3
einops version: 0.6.1
transformers version: 4.21.3
mlflow version: NOT INSTALLED or UNKNOWN VERSION.
pynrrd version: 1.0.0

For details about installing the optional dependencies, please visit:
    https://docs.monai.io/en/latest/installation.html#installing-the-recommended-dependencies

/tmp/tmp16uzlgnx
image shape: (240, 240, 155), label shape: (240, 240, 155)
Tue Jul  4 19:19:05 2023 Epoch: 0
In the future `np.bool` will be defined as the corresponding NumPy scalar.
In the future `np.bool` will be defined as the corresponding NumPy scalar.
In the future `np.bool` will be defined as the corresponding NumPy scalar.
In the future `np.bool` will be defined as the corresponding NumPy scalar.
monai.transforms.io.dictionary LoadImaged.__init__:image_only: Current default value of argument `image_only=False` has been deprecated since version 1.1. It will be changed to `image_only=True` in version 1.3.
In the future `np.bool` will be defined as the corresponding NumPy scalar.
In the future `np.bool` will be defined as the corresponding NumPy scalar.
Epoch 0/10 0/260 loss: 0.9376 time 15.16s
Epoch 0/10 1/260 loss: 0.9522 time 1.53s
Epoch 0/10 2/260 loss: 0.9467 time 1.56s
Epoch 0/10 3/260 loss: 0.9456 time 1.53s
Epoch 0/10 4/260 loss: 0.9335 time 1.53s
Epoch 0/10 5/260 loss: 0.9291 time 1.54s
Epoch 0/10 6/260 loss: 0.9212 time 1.54s
Epoch 0/10 7/260 loss: 0.9221 time 1.54s
Epoch 0/10 8/260 loss: 0.9188 time 1.55s
Epoch 0/10 9/260 loss: 0.9157 time 1.54s
Epoch 0/10 10/260 loss: 0.9185 time 1.55s
Epoch 0/10 11/260 loss: 0.9131 time 1.55s
Epoch 0/10 12/260 loss: 0.9084 time 1.54s
Epoch 0/10 13/260 loss: 0.9092 time 1.55s
Epoch 0/10 14/260 loss: 0.9049 time 1.55s
Epoch 0/10 15/260 loss: 0.9073 time 1.56s
Epoch 0/10 16/260 loss: 0.9093 time 1.55s
Epoch 0/10 17/260 loss: 0.9070 time 1.56s
Epoch 0/10 18/260 loss: 0.9074 time 1.56s
Epoch 0/10 19/260 loss: 0.9038 time 1.57s
Epoch 0/10 20/260 loss: 0.9054 time 1.56s
Epoch 0/10 21/260 loss: 0.9057 time 1.56s
Epoch 0/10 22/260 loss: 0.9024 time 1.56s
Epoch 0/10 23/260 loss: 0.9006 time 1.56s
Epoch 0/10 24/260 loss: 0.9009 time 1.56s
Epoch 0/10 25/260 loss: 0.9011 time 1.57s
Epoch 0/10 26/260 loss: 0.9023 time 1.57s
Epoch 0/10 27/260 loss: 0.9024 time 1.57s
Epoch 0/10 28/260 loss: 0.9008 time 1.57s
Epoch 0/10 29/260 loss: 0.9018 time 1.57s
Epoch 0/10 30/260 loss: 0.9027 time 1.57s
Epoch 0/10 31/260 loss: 0.9026 time 1.58s
Epoch 0/10 32/260 loss: 0.9011 time 1.57s
Epoch 0/10 33/260 loss: 0.8996 time 1.57s
Epoch 0/10 34/260 loss: 0.8972 time 1.58s
Epoch 0/10 35/260 loss: 0.8980 time 1.58s
Epoch 0/10 36/260 loss: 0.8987 time 1.58s
Epoch 0/10 37/260 loss: 0.8964 time 1.58s
Epoch 0/10 38/260 loss: 0.8951 time 1.58s
Epoch 0/10 39/260 loss: 0.8938 time 1.58s
Epoch 0/10 40/260 loss: 0.8938 time 1.58s
Epoch 0/10 41/260 loss: 0.8925 time 1.59s
Epoch 0/10 42/260 loss: 0.8924 time 1.59s
Epoch 0/10 43/260 loss: 0.8912 time 1.59s
Epoch 0/10 44/260 loss: 0.8893 time 1.59s
Epoch 0/10 45/260 loss: 0.8900 time 1.59s
Epoch 0/10 46/260 loss: 0.8888 time 1.59s
Epoch 0/10 47/260 loss: 0.8894 time 1.59s
Epoch 0/10 48/260 loss: 0.8893 time 1.60s
Epoch 0/10 49/260 loss: 0.8892 time 1.60s
Epoch 0/10 50/260 loss: 0.8874 time 1.60s
Epoch 0/10 51/260 loss: 0.8873 time 1.60s
Epoch 0/10 52/260 loss: 0.8862 time 1.60s
Epoch 0/10 53/260 loss: 0.8852 time 1.60s
Epoch 0/10 54/260 loss: 0.8857 time 1.60s
Epoch 0/10 55/260 loss: 0.8856 time 1.60s
Epoch 0/10 56/260 loss: 0.8846 time 1.60s
Epoch 0/10 57/260 loss: 0.8830 time 1.60s
Epoch 0/10 58/260 loss: 0.8820 time 1.60s
Epoch 0/10 59/260 loss: 0.8819 time 1.61s
Epoch 0/10 60/260 loss: 0.8818 time 1.61s
Epoch 0/10 61/260 loss: 0.8809 time 1.61s
Epoch 0/10 62/260 loss: 0.8813 time 1.62s
Epoch 0/10 63/260 loss: 0.8804 time 1.61s
Epoch 0/10 64/260 loss: 0.8790 time 1.61s
Epoch 0/10 65/260 loss: 0.8776 time 1.61s
Epoch 0/10 66/260 loss: 0.8767 time 1.61s
Epoch 0/10 67/260 loss: 0.8767 time 1.61s
Epoch 0/10 68/260 loss: 0.8753 time 1.70s
Epoch 0/10 69/260 loss: 0.8741 time 1.61s
Epoch 0/10 70/260 loss: 0.8740 time 1.62s
Epoch 0/10 71/260 loss: 0.8727 time 1.62s
Epoch 0/10 72/260 loss: 0.8715 time 1.62s
Epoch 0/10 73/260 loss: 0.8714 time 1.62s
Epoch 0/10 74/260 loss: 0.8702 time 1.61s
Epoch 0/10 75/260 loss: 0.8707 time 1.62s
Epoch 0/10 76/260 loss: 0.8711 time 1.62s
Epoch 0/10 77/260 loss: 0.8710 time 1.62s
Epoch 0/10 78/260 loss: 0.8709 time 1.62s
Epoch 0/10 79/260 loss: 0.8702 time 1.62s
Epoch 0/10 80/260 loss: 0.8695 time 1.62s
Epoch 0/10 81/260 loss: 0.8688 time 1.62s
Epoch 0/10 82/260 loss: 0.8681 time 1.62s
Epoch 0/10 83/260 loss: 0.8670 time 1.62s
Epoch 0/10 84/260 loss: 0.8664 time 1.62s
Epoch 0/10 85/260 loss: 0.8667 time 1.62s
Epoch 0/10 86/260 loss: 0.8671 time 1.62s
Epoch 0/10 87/260 loss: 0.8661 time 1.62s
Epoch 0/10 88/260 loss: 0.8664 time 1.62s
Epoch 0/10 89/260 loss: 0.8663 time 1.62s
Epoch 0/10 90/260 loss: 0.8657 time 1.62s
Epoch 0/10 91/260 loss: 0.8650 time 1.62s
Epoch 0/10 92/260 loss: 0.8653 time 1.62s
Epoch 0/10 93/260 loss: 0.8643 time 1.62s
Epoch 0/10 94/260 loss: 0.8634 time 1.62s
Epoch 0/10 95/260 loss: 0.8633 time 1.62s
Epoch 0/10 96/260 loss: 0.8636 time 1.62s
Epoch 0/10 97/260 loss: 0.8630 time 1.62s
Epoch 0/10 98/260 loss: 0.8620 time 1.63s
Epoch 0/10 99/260 loss: 0.8614 time 1.62s
Epoch 0/10 100/260 loss: 0.8613 time 1.62s
Epoch 0/10 101/260 loss: 0.8603 time 1.62s
Epoch 0/10 102/260 loss: 0.8597 time 1.63s
Epoch 0/10 103/260 loss: 0.8596 time 1.63s
Epoch 0/10 104/260 loss: 0.8599 time 1.63s
Epoch 0/10 105/260 loss: 0.8593 time 1.62s
Epoch 0/10 106/260 loss: 0.8587 time 1.62s
Epoch 0/10 107/260 loss: 0.8590 time 1.62s
Epoch 0/10 108/260 loss: 0.8589 time 1.62s
Epoch 0/10 109/260 loss: 0.8592 time 1.62s
Epoch 0/10 110/260 loss: 0.8594 time 1.62s
Epoch 0/10 111/260 loss: 0.8597 time 1.62s
Epoch 0/10 112/260 loss: 0.8591 time 1.62s
Epoch 0/10 113/260 loss: 0.8590 time 1.62s
Epoch 0/10 114/260 loss: 0.8581 time 1.62s
Epoch 0/10 115/260 loss: 0.8573 time 1.62s
Epoch 0/10 116/260 loss: 0.8567 time 1.62s
Epoch 0/10 117/260 loss: 0.8570 time 1.62s
Epoch 0/10 118/260 loss: 0.8572 time 1.62s
Epoch 0/10 119/260 loss: 0.8564 time 1.62s
Epoch 0/10 120/260 loss: 0.8566 time 1.62s
Epoch 0/10 121/260 loss: 0.8568 time 1.62s
Epoch 0/10 122/260 loss: 0.8563 time 1.62s
Epoch 0/10 123/260 loss: 0.8557 time 1.62s
Epoch 0/10 124/260 loss: 0.8549 time 1.62s
Epoch 0/10 125/260 loss: 0.8551 time 1.62s
Epoch 0/10 126/260 loss: 0.8550 time 1.62s
Epoch 0/10 127/260 loss: 0.8542 time 1.62s
Epoch 0/10 128/260 loss: 0.8535 time 1.62s
Epoch 0/10 129/260 loss: 0.8533 time 1.62s
Epoch 0/10 130/260 loss: 0.8526 time 1.62s
Epoch 0/10 131/260 loss: 0.8521 time 1.62s
Epoch 0/10 132/260 loss: 0.8513 time 1.62s
Epoch 0/10 133/260 loss: 0.8508 time 1.62s
Epoch 0/10 134/260 loss: 0.8510 time 1.62s
Epoch 0/10 135/260 loss: 0.8512 time 1.62s
Epoch 0/10 136/260 loss: 0.8505 time 1.62s
Epoch 0/10 137/260 loss: 0.8500 time 1.62s
Epoch 0/10 138/260 loss: 0.8495 time 1.62s
Epoch 0/10 139/260 loss: 0.8494 time 1.62s
Epoch 0/10 140/260 loss: 0.8489 time 1.61s
Epoch 0/10 141/260 loss: 0.8482 time 1.62s
Epoch 0/10 142/260 loss: 0.8484 time 1.62s
Epoch 0/10 143/260 loss: 0.8486 time 1.61s
Epoch 0/10 144/260 loss: 0.8488 time 1.62s
Epoch 0/10 145/260 loss: 0.8490 time 1.62s
Epoch 0/10 146/260 loss: 0.8483 time 1.61s
Epoch 0/10 147/260 loss: 0.8484 time 1.61s
Epoch 0/10 148/260 loss: 0.8478 time 1.61s
Epoch 0/10 149/260 loss: 0.8479 time 1.62s
Epoch 0/10 150/260 loss: 0.8472 time 1.61s
Epoch 0/10 151/260 loss: 0.8465 time 1.61s
Epoch 0/10 152/260 loss: 0.8461 time 1.61s
Epoch 0/10 153/260 loss: 0.8454 time 1.64s
Epoch 0/10 154/260 loss: 0.8453 time 1.61s
Epoch 0/10 155/260 loss: 0.8455 time 1.61s
Epoch 0/10 156/260 loss: 0.8456 time 1.61s
Epoch 0/10 157/260 loss: 0.8452 time 1.63s
Epoch 0/10 158/260 loss: 0.8453 time 1.62s
Epoch 0/10 159/260 loss: 0.8449 time 1.61s
Epoch 0/10 160/260 loss: 0.8448 time 1.61s
Epoch 0/10 161/260 loss: 0.8441 time 1.61s
Epoch 0/10 162/260 loss: 0.8440 time 1.61s
Epoch 0/10 163/260 loss: 0.8439 time 1.61s
Epoch 0/10 164/260 loss: 0.8432 time 1.61s
Epoch 0/10 165/260 loss: 0.8431 time 1.62s
Epoch 0/10 166/260 loss: 0.8430 time 1.60s
Epoch 0/10 167/260 loss: 0.8428 time 1.60s
Epoch 0/10 168/260 loss: 0.8427 time 1.61s
Epoch 0/10 169/260 loss: 0.8428 time 1.61s
Epoch 0/10 170/260 loss: 0.8424 time 1.60s
Epoch 0/10 171/260 loss: 0.8426 time 1.60s
Epoch 0/10 172/260 loss: 0.8419 time 1.60s
Epoch 0/10 173/260 loss: 0.8420 time 1.60s
Epoch 0/10 174/260 loss: 0.8414 time 1.60s
Epoch 0/10 175/260 loss: 0.8415 time 1.60s
Epoch 0/10 176/260 loss: 0.8417 time 1.62s
Epoch 0/10 177/260 loss: 0.8415 time 1.61s
Epoch 0/10 178/260 loss: 0.8414 time 1.60s
Epoch 0/10 179/260 loss: 0.8413 time 1.60s
Epoch 0/10 180/260 loss: 0.8411 time 1.60s
Epoch 0/10 181/260 loss: 0.8412 time 1.60s
Epoch 0/10 182/260 loss: 0.8410 time 1.60s
Epoch 0/10 183/260 loss: 0.8409 time 1.60s
Epoch 0/10 184/260 loss: 0.8403 time 1.60s
Epoch 0/10 185/260 loss: 0.8399 time 1.60s
Epoch 0/10 186/260 loss: 0.8397 time 1.60s
Epoch 0/10 187/260 loss: 0.8396 time 1.60s
Epoch 0/10 188/260 loss: 0.8397 time 1.60s
Epoch 0/10 189/260 loss: 0.8391 time 1.60s
Epoch 0/10 190/260 loss: 0.8389 time 1.60s
Epoch 0/10 191/260 loss: 0.8383 time 1.60s
Epoch 0/10 192/260 loss: 0.8378 time 1.60s
Epoch 0/10 193/260 loss: 0.8374 time 1.60s
Epoch 0/10 194/260 loss: 0.8372 time 1.60s
Epoch 0/10 195/260 loss: 0.8368 time 1.60s
Epoch 0/10 196/260 loss: 0.8363 time 1.60s
Epoch 0/10 197/260 loss: 0.8361 time 1.60s
Epoch 0/10 198/260 loss: 0.8355 time 1.60s
Epoch 0/10 199/260 loss: 0.8356 time 1.60s
Epoch 0/10 200/260 loss: 0.8352 time 1.60s
Epoch 0/10 201/260 loss: 0.8353 time 1.60s
Epoch 0/10 202/260 loss: 0.8352 time 1.60s
Epoch 0/10 203/260 loss: 0.8350 time 1.60s
Epoch 0/10 204/260 loss: 0.8348 time 1.60s
Epoch 0/10 205/260 loss: 0.8343 time 1.60s
Epoch 0/10 206/260 loss: 0.8339 time 1.60s
Epoch 0/10 207/260 loss: 0.8333 time 1.60s
Epoch 0/10 208/260 loss: 0.8330 time 1.60s
Epoch 0/10 209/260 loss: 0.8331 time 1.60s
Epoch 0/10 210/260 loss: 0.8325 time 1.60s
Epoch 0/10 211/260 loss: 0.8320 time 1.60s
Epoch 0/10 212/260 loss: 0.8320 time 1.59s
Epoch 0/10 213/260 loss: 0.8317 time 1.59s
Epoch 0/10 214/260 loss: 0.8313 time 1.59s
Epoch 0/10 215/260 loss: 0.8314 time 1.59s
Epoch 0/10 216/260 loss: 0.8315 time 1.60s
Epoch 0/10 217/260 loss: 0.8315 time 1.59s
Epoch 0/10 218/260 loss: 0.8310 time 1.59s
Epoch 0/10 219/260 loss: 0.8310 time 1.60s
Epoch 0/10 220/260 loss: 0.8307 time 1.59s
Epoch 0/10 221/260 loss: 0.8303 time 1.60s
Epoch 0/10 222/260 loss: 0.8300 time 1.59s
Epoch 0/10 223/260 loss: 0.8296 time 1.59s
Epoch 0/10 224/260 loss: 0.8291 time 1.59s
Epoch 0/10 225/260 loss: 0.8287 time 1.59s
Epoch 0/10 226/260 loss: 0.8288 time 1.59s
Epoch 0/10 227/260 loss: 0.8286 time 1.59s
Epoch 0/10 228/260 loss: 0.8285 time 1.60s
Epoch 0/10 229/260 loss: 0.8280 time 1.59s
Epoch 0/10 230/260 loss: 0.8276 time 1.59s
Epoch 0/10 231/260 loss: 0.8277 time 1.60s
Epoch 0/10 232/260 loss: 0.8275 time 1.59s
Epoch 0/10 233/260 loss: 0.8274 time 1.59s
Epoch 0/10 234/260 loss: 0.8274 time 1.59s
Epoch 0/10 235/260 loss: 0.8271 time 1.59s
Epoch 0/10 236/260 loss: 0.8266 time 1.59s
Epoch 0/10 237/260 loss: 0.8262 time 1.59s
Epoch 0/10 238/260 loss: 0.8261 time 1.59s
Epoch 0/10 239/260 loss: 0.8256 time 1.59s
Epoch 0/10 240/260 loss: 0.8254 time 1.59s
Epoch 0/10 241/260 loss: 0.8249 time 1.60s
Epoch 0/10 242/260 loss: 0.8246 time 1.59s
Epoch 0/10 243/260 loss: 0.8244 time 1.59s
Epoch 0/10 244/260 loss: 0.8245 time 1.59s
Epoch 0/10 245/260 loss: 0.8243 time 1.59s
Epoch 0/10 246/260 loss: 0.8238 time 1.59s
Epoch 0/10 247/260 loss: 0.8237 time 1.59s
Epoch 0/10 248/260 loss: 0.8235 time 1.59s
Epoch 0/10 249/260 loss: 0.8230 time 1.59s
Epoch 0/10 250/260 loss: 0.8225 time 1.59s
Epoch 0/10 251/260 loss: 0.8225 time 1.59s
Epoch 0/10 252/260 loss: 0.8222 time 1.59s
Epoch 0/10 253/260 loss: 0.8221 time 1.59s
Epoch 0/10 254/260 loss: 0.8221 time 1.59s
Epoch 0/10 255/260 loss: 0.8220 time 1.58s
Epoch 0/10 256/260 loss: 0.8220 time 1.59s
Epoch 0/10 257/260 loss: 0.8220 time 1.59s
Epoch 0/10 258/260 loss: 0.8217 time 1.59s
Epoch 0/10 259/260 loss: 0.8212 time 1.59s
Final training  0/9 loss: 0.8212 time 429.74s
Val 0/10 0/64 , dice_tc: 0.009317739 , dice_wt: 0.009252751 , dice_et: 0.0 , time 75.89s
Val 0/10 1/64 , dice_tc: 0.009317739 , dice_wt: 0.009252751 , dice_et: 0.0 , time 65.80s
Val 0/10 2/64 , dice_tc: 0.009317739 , dice_wt: 0.009252751 , dice_et: 0.0 , time 65.82s
Val 0/10 3/64 , dice_tc: 0.009317739 , dice_wt: 0.009252751 , dice_et: 0.0 , time 65.84s
Val 0/10 4/64 , dice_tc: 0.009317739 , dice_wt: 0.009252751 , dice_et: 0.0 , time 65.83s
Val 0/10 5/64 , dice_tc: 0.00931774 , dice_wt: 0.00925275 , dice_et: 0.0 , time 65.84s
Val 0/10 6/64 , dice_tc: 0.00931774 , dice_wt: 0.00925275 , dice_et: 0.0 , time 65.81s
Val 0/10 7/64 , dice_tc: 0.00931774 , dice_wt: 0.00925275 , dice_et: 0.0 , time 65.81s
Val 0/10 8/64 , dice_tc: 0.00931774 , dice_wt: 0.00925275 , dice_et: 0.0 , time 65.82s
Val 0/10 9/64 , dice_tc: 0.00931774 , dice_wt: 0.00925275 , dice_et: 0.0 , time 65.83s
Val 0/10 10/64 , dice_tc: 0.00931774 , dice_wt: 0.00925275 , dice_et: 0.0 , time 65.83s
Val 0/10 11/64 , dice_tc: 0.00931774 , dice_wt: 0.00925275 , dice_et: 0.0 , time 65.82s
Val 0/10 12/64 , dice_tc: 0.00931774 , dice_wt: 0.00925275 , dice_et: 0.0 , time 65.79s
Val 0/10 13/64 , dice_tc: 0.00931774 , dice_wt: 0.00925275 , dice_et: 0.0 , time 65.82s
Val 0/10 14/64 , dice_tc: 0.00931774 , dice_wt: 0.009252751 , dice_et: 0.0 , time 65.82s
Val 0/10 15/64 , dice_tc: 0.00931774 , dice_wt: 0.009252751 , dice_et: 0.0 , time 65.84s
Val 0/10 16/64 , dice_tc: 0.00931774 , dice_wt: 0.009252751 , dice_et: 0.0 , time 65.82s
Val 0/10 17/64 , dice_tc: 0.00931774 , dice_wt: 0.009252752 , dice_et: 0.0 , time 65.80s
Val 0/10 18/64 , dice_tc: 0.00931774 , dice_wt: 0.009252752 , dice_et: 0.0 , time 65.81s
Val 0/10 19/64 , dice_tc: 0.00931774 , dice_wt: 0.009252752 , dice_et: 0.0 , time 65.83s
Val 0/10 20/64 , dice_tc: 0.00931774 , dice_wt: 0.009252752 , dice_et: 0.0 , time 65.82s
Val 0/10 21/64 , dice_tc: 0.00931774 , dice_wt: 0.009252753 , dice_et: 0.0 , time 65.82s
Val 0/10 22/64 , dice_tc: 0.00931774 , dice_wt: 0.009252753 , dice_et: 0.0 , time 65.82s
Val 0/10 23/64 , dice_tc: 0.00931774 , dice_wt: 0.009252753 , dice_et: 0.0 , time 65.80s
Val 0/10 24/64 , dice_tc: 0.00931774 , dice_wt: 0.009252753 , dice_et: 0.0 , time 65.78s
Val 0/10 25/64 , dice_tc: 0.00931774 , dice_wt: 0.009252753 , dice_et: 0.0 , time 65.77s
Val 0/10 26/64 , dice_tc: 0.00931774 , dice_wt: 0.009252753 , dice_et: 0.0 , time 65.78s
Val 0/10 27/64 , dice_tc: 0.00931774 , dice_wt: 0.009252754 , dice_et: 0.0 , time 65.76s
Val 0/10 28/64 , dice_tc: 0.009317739 , dice_wt: 0.009252754 , dice_et: 0.0 , time 65.80s
Val 0/10 29/64 , dice_tc: 0.009317739 , dice_wt: 0.009252754 , dice_et: 0.0 , time 65.79s
Val 0/10 30/64 , dice_tc: 0.009317738 , dice_wt: 0.009252754 , dice_et: 0.0 , time 65.78s
Val 0/10 31/64 , dice_tc: 0.009317738 , dice_wt: 0.009252754 , dice_et: 0.0 , time 65.79s
Val 0/10 32/64 , dice_tc: 0.009317738 , dice_wt: 0.009252754 , dice_et: 0.0 , time 65.78s
Val 0/10 33/64 , dice_tc: 0.009317737 , dice_wt: 0.009252754 , dice_et: 0.0 , time 65.79s
Val 0/10 34/64 , dice_tc: 0.009317737 , dice_wt: 0.009252754 , dice_et: 0.0 , time 65.78s
Val 0/10 35/64 , dice_tc: 0.009317737 , dice_wt: 0.009252754 , dice_et: 0.0 , time 65.77s
Val 0/10 36/64 , dice_tc: 0.009317736 , dice_wt: 0.009252754 , dice_et: 0.0 , time 65.76s
Val 0/10 37/64 , dice_tc: 0.009317736 , dice_wt: 0.009252754 , dice_et: 0.0 , time 65.78s
Val 0/10 38/64 , dice_tc: 0.009317736 , dice_wt: 0.009252755 , dice_et: 0.0 , time 65.77s
Val 0/10 39/64 , dice_tc: 0.009317735 , dice_wt: 0.009252755 , dice_et: 0.0 , time 65.78s
Val 0/10 40/64 , dice_tc: 0.009317735 , dice_wt: 0.009252755 , dice_et: 0.0 , time 65.79s
Val 0/10 41/64 , dice_tc: 0.009317735 , dice_wt: 0.009252755 , dice_et: 0.0 , time 65.76s
Val 0/10 42/64 , dice_tc: 0.009317735 , dice_wt: 0.009252755 , dice_et: 0.0 , time 65.73s
Val 0/10 43/64 , dice_tc: 0.009317734 , dice_wt: 0.009252755 , dice_et: 0.0 , time 65.76s
Val 0/10 44/64 , dice_tc: 0.009317734 , dice_wt: 0.009252755 , dice_et: 0.0 , time 65.75s
Val 0/10 45/64 , dice_tc: 0.009317734 , dice_wt: 0.009252755 , dice_et: 0.0 , time 65.74s
Val 0/10 46/64 , dice_tc: 0.009317734 , dice_wt: 0.009252755 , dice_et: 0.0 , time 65.75s
Val 0/10 47/64 , dice_tc: 0.009317734 , dice_wt: 0.009252755 , dice_et: 0.0 , time 65.74s
Val 0/10 48/64 , dice_tc: 0.009317733 , dice_wt: 0.009252755 , dice_et: 0.0 , time 65.74s
Val 0/10 49/64 , dice_tc: 0.009317733 , dice_wt: 0.009252755 , dice_et: 0.0 , time 65.75s
Val 0/10 50/64 , dice_tc: 0.009317733 , dice_wt: 0.009252755 , dice_et: 0.0 , time 65.75s
Val 0/10 51/64 , dice_tc: 0.009317733 , dice_wt: 0.009252755 , dice_et: 0.0 , time 65.74s
Val 0/10 52/64 , dice_tc: 0.009317733 , dice_wt: 0.009252755 , dice_et: 0.0 , time 65.74s
Val 0/10 53/64 , dice_tc: 0.009317733 , dice_wt: 0.009252755 , dice_et: 0.0 , time 65.73s
Val 0/10 54/64 , dice_tc: 0.009317734 , dice_wt: 0.009252755 , dice_et: 0.0 , time 65.71s
Val 0/10 55/64 , dice_tc: 0.009317734 , dice_wt: 0.009252755 , dice_et: 0.0 , time 65.71s
Val 0/10 56/64 , dice_tc: 0.009317735 , dice_wt: 0.009252754 , dice_et: 0.0 , time 65.69s
Val 0/10 57/64 , dice_tc: 0.009317735 , dice_wt: 0.009252754 , dice_et: 0.0 , time 65.70s
Val 0/10 58/64 , dice_tc: 0.009317735 , dice_wt: 0.009252753 , dice_et: 0.0 , time 65.72s
Val 0/10 59/64 , dice_tc: 0.009317736 , dice_wt: 0.009252753 , dice_et: 0.0 , time 65.71s
Val 0/10 60/64 , dice_tc: 0.009317736 , dice_wt: 0.009252752 , dice_et: 0.0 , time 65.71s
Val 0/10 61/64 , dice_tc: 0.009317736 , dice_wt: 0.009252752 , dice_et: 0.0 , time 65.73s
Val 0/10 62/64 , dice_tc: 0.009317737 , dice_wt: 0.009252751 , dice_et: 0.0 , time 65.68s
Val 0/10 63/64 , dice_tc: 0.009317737 , dice_wt: 0.009252751 , dice_et: 0.0 , time 65.70s
Final validation stats 0/9 , dice_tc: 0.009317737 , dice_wt: 0.009252751 , dice_et: 0.0 , Dice_Avg: 0.0061901626 , time 4219.81s
new best (0.000000 --> 0.006190). 
Saving checkpoint /tmp/tmp16uzlgnx/model.pt
Tue Jul  4 20:36:34 2023 Epoch: 1
None of the inputs have requires_grad=True. Gradients will be None
invalid value encountered in divide
Epoch 1/10 0/260 loss: 0.8268 time 4.22s
Epoch 1/10 1/260 loss: 0.8028 time 1.58s
Epoch 1/10 2/260 loss: 0.7826 time 1.58s
Epoch 1/10 3/260 loss: 0.7932 time 1.58s
Epoch 1/10 4/260 loss: 0.7735 time 1.58s
Epoch 1/10 5/260 loss: 0.7741 time 1.58s
Epoch 1/10 6/260 loss: 0.7744 time 1.58s
Epoch 1/10 7/260 loss: 0.7640 time 1.58s
Epoch 1/10 8/260 loss: 0.7706 time 1.58s
Epoch 1/10 9/260 loss: 0.7675 time 1.58s
Epoch 1/10 10/260 loss: 0.7682 time 1.59s
Epoch 1/10 11/260 loss: 0.7727 time 1.59s
Epoch 1/10 12/260 loss: 0.7663 time 1.58s
Epoch 1/10 13/260 loss: 0.7644 time 1.58s
Epoch 1/10 14/260 loss: 0.7593 time 1.58s
Epoch 1/10 15/260 loss: 0.7631 time 1.58s
Epoch 1/10 16/260 loss: 0.7636 time 1.58s
Epoch 1/10 17/260 loss: 0.7641 time 1.59s
Epoch 1/10 18/260 loss: 0.7627 time 1.59s
Epoch 1/10 19/260 loss: 0.7631 time 1.59s
Epoch 1/10 20/260 loss: 0.7658 time 1.58s
Epoch 1/10 21/260 loss: 0.7660 time 1.58s
Epoch 1/10 22/260 loss: 0.7625 time 1.58s
Epoch 1/10 23/260 loss: 0.7628 time 1.58s
Epoch 1/10 24/260 loss: 0.7649 time 1.58s
Epoch 1/10 25/260 loss: 0.7651 time 1.59s
Epoch 1/10 26/260 loss: 0.7669 time 1.58s
Epoch 1/10 27/260 loss: 0.7658 time 1.59s
Epoch 1/10 28/260 loss: 0.7648 time 1.59s
Epoch 1/10 29/260 loss: 0.7638 time 1.59s
Epoch 1/10 30/260 loss: 0.7654 time 1.58s
Epoch 1/10 31/260 loss: 0.7628 time 1.58s
Epoch 1/10 32/260 loss: 0.7620 time 1.58s
Epoch 1/10 33/260 loss: 0.7611 time 1.58s
Epoch 1/10 34/260 loss: 0.7612 time 1.58s
Epoch 1/10 35/260 loss: 0.7590 time 1.59s
Epoch 1/10 36/260 loss: 0.7591 time 1.59s
Epoch 1/10 37/260 loss: 0.7592 time 1.58s
Epoch 1/10 38/260 loss: 0.7586 time 1.58s
Epoch 1/10 39/260 loss: 0.7566 time 1.58s
Epoch 1/10 40/260 loss: 0.7568 time 1.58s
Epoch 1/10 41/260 loss: 0.7581 time 1.58s
Epoch 1/10 42/260 loss: 0.7575 time 1.58s
Epoch 1/10 43/260 loss: 0.7586 time 1.58s
Epoch 1/10 44/260 loss: 0.7580 time 1.59s
Epoch 1/10 45/260 loss: 0.7562 time 1.59s
Epoch 1/10 46/260 loss: 0.7564 time 1.59s
Epoch 1/10 47/260 loss: 0.7575 time 1.58s
Epoch 1/10 48/260 loss: 0.7558 time 1.58s
Epoch 1/10 49/260 loss: 0.7559 time 1.58s
Epoch 1/10 50/260 loss: 0.7569 time 1.58s
Epoch 1/10 51/260 loss: 0.7564 time 1.59s
Epoch 1/10 52/260 loss: 0.7559 time 1.59s
Epoch 1/10 53/260 loss: 0.7554 time 1.58s
Epoch 1/10 54/260 loss: 0.7538 time 1.58s
Epoch 1/10 55/260 loss: 0.7534 time 1.58s
Epoch 1/10 56/260 loss: 0.7543 time 1.59s
Epoch 1/10 57/260 loss: 0.7529 time 1.59s
Epoch 1/10 58/260 loss: 0.7525 time 1.58s
Epoch 1/10 59/260 loss: 0.7521 time 1.58s
Epoch 1/10 60/260 loss: 0.7529 time 1.59s
Epoch 1/10 61/260 loss: 0.7537 time 1.58s
Epoch 1/10 62/260 loss: 0.7523 time 1.58s
Epoch 1/10 63/260 loss: 0.7531 time 1.58s
Epoch 1/10 64/260 loss: 0.7517 time 1.58s
Epoch 1/10 65/260 loss: 0.7504 time 1.58s
Epoch 1/10 66/260 loss: 0.7501 time 1.58s
Epoch 1/10 67/260 loss: 0.7502 time 1.58s
Epoch 1/10 68/260 loss: 0.7498 time 1.58s
Epoch 1/10 69/260 loss: 0.7486 time 1.58s
Epoch 1/10 70/260 loss: 0.7494 time 1.58s
Epoch 1/10 71/260 loss: 0.7494 time 1.59s
Epoch 1/10 72/260 loss: 0.7491 time 1.59s
Epoch 1/10 73/260 loss: 0.7492 time 1.59s
Epoch 1/10 74/260 loss: 0.7492 time 1.58s
Epoch 1/10 75/260 loss: 0.7480 time 1.58s
Epoch 1/10 76/260 loss: 0.7486 time 1.59s
Epoch 1/10 77/260 loss: 0.7475 time 1.59s
Epoch 1/10 78/260 loss: 0.7475 time 1.58s
Epoch 1/10 79/260 loss: 0.7475 time 1.58s
Epoch 1/10 80/260 loss: 0.7464 time 1.58s
Epoch 1/10 81/260 loss: 0.7461 time 1.59s
Epoch 1/10 82/260 loss: 0.7458 time 1.58s
Epoch 1/10 83/260 loss: 0.7447 time 1.59s
Epoch 1/10 84/260 loss: 0.7448 time 1.58s
Epoch 1/10 85/260 loss: 0.7445 time 1.58s
Epoch 1/10 86/260 loss: 0.7443 time 1.58s
Epoch 1/10 87/260 loss: 0.7440 time 1.58s
Epoch 1/10 88/260 loss: 0.7440 time 1.58s
Epoch 1/10 89/260 loss: 0.7445 time 1.58s
Epoch 1/10 90/260 loss: 0.7450 time 1.58s
Epoch 1/10 91/260 loss: 0.7440 time 1.59s
Epoch 1/10 92/260 loss: 0.7430 time 1.59s
Epoch 1/10 93/260 loss: 0.7435 time 1.59s
Epoch 1/10 94/260 loss: 0.7439 time 1.58s
Epoch 1/10 95/260 loss: 0.7444 time 1.59s
Epoch 1/10 96/260 loss: 0.7442 time 1.59s
Epoch 1/10 97/260 loss: 0.7439 time 1.59s
Epoch 1/10 98/260 loss: 0.7430 time 1.58s
Epoch 1/10 99/260 loss: 0.7420 time 1.59s
Epoch 1/10 100/260 loss: 0.7425 time 1.58s
Epoch 1/10 101/260 loss: 0.7415 time 1.59s
Epoch 1/10 102/260 loss: 0.7419 time 1.58s
Epoch 1/10 103/260 loss: 0.7423 time 1.59s
Epoch 1/10 104/260 loss: 0.7421 time 1.59s
Epoch 1/10 105/260 loss: 0.7419 time 1.58s
Epoch 1/10 106/260 loss: 0.7419 time 1.59s
Epoch 1/10 107/260 loss: 0.7411 time 1.58s
Epoch 1/10 108/260 loss: 0.7415 time 1.58s
Epoch 1/10 109/260 loss: 0.7406 time 1.59s
Epoch 1/10 110/260 loss: 0.7406 time 1.58s
Epoch 1/10 111/260 loss: 0.7397 time 1.58s
Epoch 1/10 112/260 loss: 0.7388 time 1.58s
Epoch 1/10 113/260 loss: 0.7392 time 1.58s
Epoch 1/10 114/260 loss: 0.7392 time 1.58s
Epoch 1/10 115/260 loss: 0.7383 time 1.59s
Epoch 1/10 116/260 loss: 0.7383 time 1.59s
Epoch 1/10 117/260 loss: 0.7386 time 1.59s
Epoch 1/10 118/260 loss: 0.7386 time 1.58s
Epoch 1/10 119/260 loss: 0.7384 time 1.58s
Epoch 1/10 120/260 loss: 0.7387 time 1.58s
Epoch 1/10 121/260 loss: 0.7386 time 1.59s
Epoch 1/10 122/260 loss: 0.7384 time 1.58s
Epoch 1/10 123/260 loss: 0.7376 time 1.61s
Epoch 1/10 124/260 loss: 0.7379 time 1.58s
Epoch 1/10 125/260 loss: 0.7377 time 1.58s
Epoch 1/10 126/260 loss: 0.7368 time 1.58s
Epoch 1/10 127/260 loss: 0.7368 time 1.58s
Epoch 1/10 128/260 loss: 0.7367 time 1.58s
Epoch 1/10 129/260 loss: 0.7366 time 1.59s
Epoch 1/10 130/260 loss: 0.7365 time 1.58s
Epoch 1/10 131/260 loss: 0.7367 time 1.59s
Epoch 1/10 132/260 loss: 0.7366 time 1.59s
Epoch 1/10 133/260 loss: 0.7368 time 1.59s
Epoch 1/10 134/260 loss: 0.7367 time 1.59s
Epoch 1/10 135/260 loss: 0.7365 time 1.58s
Epoch 1/10 136/260 loss: 0.7364 time 1.58s
Epoch 1/10 137/260 loss: 0.7356 time 1.58s
Epoch 1/10 138/260 loss: 0.7347 time 1.58s
Epoch 1/10 139/260 loss: 0.7346 time 1.59s
Epoch 1/10 140/260 loss: 0.7348 time 1.59s
Epoch 1/10 141/260 loss: 0.7350 time 1.59s
Epoch 1/10 142/260 loss: 0.7348 time 1.58s
Epoch 1/10 143/260 loss: 0.7347 time 1.58s
Epoch 1/10 144/260 loss: 0.7345 time 1.58s
Epoch 1/10 145/260 loss: 0.7347 time 1.58s
Epoch 1/10 146/260 loss: 0.7339 time 1.58s
Epoch 1/10 147/260 loss: 0.7337 time 1.58s
Epoch 1/10 148/260 loss: 0.7329 time 1.58s
Epoch 1/10 149/260 loss: 0.7331 time 1.59s
Epoch 1/10 150/260 loss: 0.7332 time 1.59s
Epoch 1/10 151/260 loss: 0.7333 time 1.59s
Epoch 1/10 152/260 loss: 0.7326 time 1.59s
Epoch 1/10 153/260 loss: 0.7324 time 1.59s
Epoch 1/10 154/260 loss: 0.7325 time 1.59s
Epoch 1/10 155/260 loss: 0.7318 time 1.58s
Epoch 1/10 156/260 loss: 0.7316 time 1.58s
Epoch 1/10 157/260 loss: 0.7317 time 1.59s
Epoch 1/10 158/260 loss: 0.7318 time 1.59s
Epoch 1/10 159/260 loss: 0.7310 time 1.59s
Epoch 1/10 160/260 loss: 0.7311 time 1.58s
Epoch 1/10 161/260 loss: 0.7304 time 1.58s
Epoch 1/10 162/260 loss: 0.7302 time 1.58s
Epoch 1/10 163/260 loss: 0.7303 time 1.58s
Epoch 1/10 164/260 loss: 0.7302 time 1.58s
Epoch 1/10 165/260 loss: 0.7302 time 1.58s
Epoch 1/10 166/260 loss: 0.7295 time 1.59s
Epoch 1/10 167/260 loss: 0.7293 time 1.59s
Epoch 1/10 168/260 loss: 0.7291 time 1.58s
Epoch 1/10 169/260 loss: 0.7284 time 1.59s
Epoch 1/10 170/260 loss: 0.7282 time 1.58s
Epoch 1/10 171/260 loss: 0.7281 time 1.59s
Epoch 1/10 172/260 loss: 0.7279 time 1.58s
Epoch 1/10 173/260 loss: 0.7271 time 1.58s
Epoch 1/10 174/260 loss: 0.7272 time 1.58s
Epoch 1/10 175/260 loss: 0.7270 time 1.58s
Epoch 1/10 176/260 loss: 0.7262 time 1.58s
Epoch 1/10 177/260 loss: 0.7260 time 1.59s
Epoch 1/10 178/260 loss: 0.7261 time 1.59s
Epoch 1/10 179/260 loss: 0.7261 time 1.59s
Epoch 1/10 180/260 loss: 0.7261 time 1.59s
Epoch 1/10 181/260 loss: 0.7260 time 1.58s
Epoch 1/10 182/260 loss: 0.7260 time 1.58s
Epoch 1/10 183/260 loss: 0.7258 time 1.59s
Epoch 1/10 184/260 loss: 0.7256 time 1.58s
Epoch 1/10 185/260 loss: 0.7255 time 1.59s
Epoch 1/10 186/260 loss: 0.7253 time 1.58s
Epoch 1/10 187/260 loss: 0.7252 time 1.58s
Epoch 1/10 188/260 loss: 0.7245 time 1.58s
Epoch 1/10 189/260 loss: 0.7245 time 1.58s
Epoch 1/10 190/260 loss: 0.7244 time 1.58s
Epoch 1/10 191/260 loss: 0.7243 time 1.58s
Epoch 1/10 192/260 loss: 0.7241 time 1.58s
Epoch 1/10 193/260 loss: 0.7239 time 1.58s
Epoch 1/10 194/260 loss: 0.7239 time 1.58s
Epoch 1/10 195/260 loss: 0.7237 time 1.58s
Epoch 1/10 196/260 loss: 0.7230 time 1.58s
Epoch 1/10 197/260 loss: 0.7230 time 1.58s
Epoch 1/10 198/260 loss: 0.7230 time 1.58s
Epoch 1/10 199/260 loss: 0.7222 time 1.58s
Epoch 1/10 200/260 loss: 0.7215 time 1.58s
Epoch 1/10 201/260 loss: 0.7214 time 1.59s
Epoch 1/10 202/260 loss: 0.7212 time 1.58s
Epoch 1/10 203/260 loss: 0.7205 time 1.59s
Epoch 1/10 204/260 loss: 0.7198 time 1.58s
Epoch 1/10 205/260 loss: 0.7196 time 1.58s
Epoch 1/10 206/260 loss: 0.7189 time 1.59s
Epoch 1/10 207/260 loss: 0.7187 time 1.59s
Epoch 1/10 208/260 loss: 0.7180 time 1.58s
Epoch 1/10 209/260 loss: 0.7179 time 1.58s
Epoch 1/10 210/260 loss: 0.7178 time 1.59s
Epoch 1/10 211/260 loss: 0.7176 time 1.59s
Epoch 1/10 212/260 loss: 0.7169 time 1.59s
Epoch 1/10 213/260 loss: 0.7169 time 1.58s
Epoch 1/10 214/260 loss: 0.7166 time 1.58s
Epoch 1/10 215/260 loss: 0.7164 time 1.59s
Epoch 1/10 216/260 loss: 0.7163 time 1.58s
Epoch 1/10 217/260 loss: 0.7156 time 1.59s
Epoch 1/10 218/260 loss: 0.7155 time 1.59s
Epoch 1/10 219/260 loss: 0.7153 time 1.58s
Epoch 1/10 220/260 loss: 0.7146 time 1.58s
Epoch 1/10 221/260 loss: 0.7143 time 1.59s
Epoch 1/10 222/260 loss: 0.7141 time 1.59s
Epoch 1/10 223/260 loss: 0.7139 time 1.59s
Epoch 1/10 224/260 loss: 0.7138 time 1.58s
Epoch 1/10 225/260 loss: 0.7135 time 1.58s
Epoch 1/10 226/260 loss: 0.7133 time 1.58s
Epoch 1/10 227/260 loss: 0.7132 time 1.58s
Epoch 1/10 228/260 loss: 0.7131 time 1.58s
Epoch 1/10 229/260 loss: 0.7130 time 1.58s
Epoch 1/10 230/260 loss: 0.7123 time 1.58s
Epoch 1/10 231/260 loss: 0.7116 time 1.58s
Epoch 1/10 232/260 loss: 0.7109 time 1.59s
Epoch 1/10 233/260 loss: 0.7109 time 1.58s
Epoch 1/10 234/260 loss: 0.7102 time 1.58s
Epoch 1/10 235/260 loss: 0.7095 time 1.58s
Epoch 1/10 236/260 loss: 0.7088 time 1.58s
Epoch 1/10 237/260 loss: 0.7082 time 1.58s
Epoch 1/10 238/260 loss: 0.7081 time 1.58s
Epoch 1/10 239/260 loss: 0.7074 time 1.58s
Epoch 1/10 240/260 loss: 0.7074 time 1.58s
Epoch 1/10 241/260 loss: 0.7067 time 1.58s
Epoch 1/10 242/260 loss: 0.7066 time 1.58s
Epoch 1/10 243/260 loss: 0.7064 time 1.59s
Epoch 1/10 244/260 loss: 0.7063 time 1.59s
Epoch 1/10 245/260 loss: 0.7060 time 1.58s
Epoch 1/10 246/260 loss: 0.7060 time 1.58s
Epoch 1/10 247/260 loss: 0.7059 time 1.58s
Epoch 1/10 248/260 loss: 0.7058 time 1.58s
Epoch 1/10 249/260 loss: 0.7057 time 1.58s
Epoch 1/10 250/260 loss: 0.7054 time 1.58s
Epoch 1/10 251/260 loss: 0.7053 time 1.58s
Epoch 1/10 252/260 loss: 0.7052 time 1.58s
Epoch 1/10 253/260 loss: 0.7052 time 1.58s
Epoch 1/10 254/260 loss: 0.7049 time 1.58s
Epoch 1/10 255/260 loss: 0.7046 time 1.59s
Epoch 1/10 256/260 loss: 0.7040 time 1.58s
Epoch 1/10 257/260 loss: 0.7039 time 1.59s
Epoch 1/10 258/260 loss: 0.7036 time 1.58s
Epoch 1/10 259/260 loss: 0.7034 time 1.58s
Final training  1/9 loss: 0.7034 time 414.57s
slurmstepd: error: *** JOB 7647662 ON gra1181 CANCELLED AT 2023-07-04T20:51:08 ***
