None
MONAI version: 1.2.0rc7+9.g84940298
Numpy version: 1.24.2
Pytorch version: 1.13.1
MONAI flags: HAS_EXT = False, USE_COMPILED = False, USE_META_DICT = False
MONAI rev id: 84940298bff9ff1f54845eb8ae7422c0092c09c1
MONAI __file__: /home/guest185/hackathon_38/lib/python3.8/site-packages/monai/__init__.py

Optional dependencies:
Pytorch Ignite version: 0.4.2
ITK version: NOT INSTALLED or UNKNOWN VERSION.
Nibabel version: 5.1.0
scikit-image version: 0.19.3
Pillow version: 9.5.0
Tensorboard version: 2.13.0
gdown version: 4.7.1
TorchVision version: 0.14.1
tqdm version: 4.65.0
lmdb version: 1.2.1
psutil version: 5.9.4
pandas version: 1.5.3
einops version: 0.6.1
transformers version: 4.21.3
mlflow version: NOT INSTALLED or UNKNOWN VERSION.
pynrrd version: 1.0.0

For details about installing the optional dependencies, please visit:
    https://docs.monai.io/en/latest/installation.html#installing-the-recommended-dependencies

/tmp/tmpfy3fy_8n
image shape: (240, 240, 155), label shape: (240, 240, 155)
Tue Jul 18 01:56:17 2023 Epoch: 0
In the future `np.bool` will be defined as the corresponding NumPy scalar.
In the future `np.bool` will be defined as the corresponding NumPy scalar.
In the future `np.bool` will be defined as the corresponding NumPy scalar.
In the future `np.bool` will be defined as the corresponding NumPy scalar.
monai.transforms.io.dictionary LoadImaged.__init__:image_only: Current default value of argument `image_only=False` has been deprecated since version 1.1. It will be changed to `image_only=True` in version 1.3.
In the future `np.bool` will be defined as the corresponding NumPy scalar.
In the future `np.bool` will be defined as the corresponding NumPy scalar.
Epoch 0/15 0/1000 loss: 0.9601 time 23.37s
Epoch 0/15 1/1000 loss: 0.9729 time 3.57s
Epoch 0/15 2/1000 loss: 0.9743 time 3.44s
Epoch 0/15 3/1000 loss: 0.9782 time 3.45s
Epoch 0/15 4/1000 loss: 0.9786 time 3.48s
Epoch 0/15 5/1000 loss: 0.9796 time 3.48s
Epoch 0/15 6/1000 loss: 0.9760 time 3.50s
Epoch 0/15 7/1000 loss: 0.9768 time 3.51s
Epoch 0/15 8/1000 loss: 0.9776 time 3.51s
Epoch 0/15 9/1000 loss: 0.9757 time 3.49s
Epoch 0/15 10/1000 loss: 0.9778 time 3.51s
Epoch 0/15 11/1000 loss: 0.9756 time 3.51s
Epoch 0/15 12/1000 loss: 0.9770 time 3.53s
Epoch 0/15 13/1000 loss: 0.9751 time 3.53s
Epoch 0/15 14/1000 loss: 0.9727 time 3.54s
Epoch 0/15 15/1000 loss: 0.9719 time 3.54s
Epoch 0/15 16/1000 loss: 0.9733 time 3.55s
Epoch 0/15 17/1000 loss: 0.9733 time 3.55s
Epoch 0/15 18/1000 loss: 0.9733 time 3.57s
Epoch 0/15 19/1000 loss: 0.9732 time 3.56s
Epoch 0/15 20/1000 loss: 0.9730 time 3.57s
Epoch 0/15 21/1000 loss: 0.9738 time 3.57s
Epoch 0/15 22/1000 loss: 0.9728 time 3.57s
Epoch 0/15 23/1000 loss: 0.9732 time 3.57s
Epoch 0/15 24/1000 loss: 0.9729 time 3.58s
Epoch 0/15 25/1000 loss: 0.9726 time 3.58s
Epoch 0/15 26/1000 loss: 0.9732 time 3.59s
Epoch 0/15 27/1000 loss: 0.9724 time 3.59s
Epoch 0/15 28/1000 loss: 0.9722 time 3.59s
Epoch 0/15 29/1000 loss: 0.9728 time 3.59s
Epoch 0/15 30/1000 loss: 0.9726 time 3.59s
Epoch 0/15 31/1000 loss: 0.9728 time 3.59s
Epoch 0/15 32/1000 loss: 0.9734 time 3.59s
Epoch 0/15 33/1000 loss: 0.9733 time 3.60s
Epoch 0/15 34/1000 loss: 0.9731 time 3.60s
Epoch 0/15 35/1000 loss: 0.9731 time 3.60s
Epoch 0/15 36/1000 loss: 0.9732 time 3.59s
Epoch 0/15 37/1000 loss: 0.9731 time 3.60s
Epoch 0/15 38/1000 loss: 0.9726 time 3.59s
Epoch 0/15 39/1000 loss: 0.9726 time 3.60s
Epoch 0/15 40/1000 loss: 0.9721 time 3.59s
Epoch 0/15 41/1000 loss: 0.9724 time 3.59s
Epoch 0/15 42/1000 loss: 0.9724 time 3.60s
Epoch 0/15 43/1000 loss: 0.9722 time 3.59s
Epoch 0/15 44/1000 loss: 0.9724 time 3.59s
Epoch 0/15 45/1000 loss: 0.9723 time 3.58s
Epoch 0/15 46/1000 loss: 0.9725 time 3.59s
Epoch 0/15 47/1000 loss: 0.9726 time 3.59s
Epoch 0/15 48/1000 loss: 0.9731 time 3.59s
Epoch 0/15 49/1000 loss: 0.9733 time 3.59s
Epoch 0/15 50/1000 loss: 0.9738 time 3.59s
Epoch 0/15 51/1000 loss: 0.9741 time 3.58s
Epoch 0/15 52/1000 loss: 0.9728 time 3.58s
Epoch 0/15 53/1000 loss: 0.9729 time 3.58s
Epoch 0/15 54/1000 loss: 0.9727 time 3.58s
Epoch 0/15 55/1000 loss: 0.9723 time 3.58s
Epoch 0/15 56/1000 loss: 0.9728 time 3.57s
Epoch 0/15 57/1000 loss: 0.9724 time 3.58s
Epoch 0/15 58/1000 loss: 0.9728 time 3.56s
Epoch 0/15 59/1000 loss: 0.9723 time 3.57s
Epoch 0/15 60/1000 loss: 0.9718 time 3.56s
Epoch 0/15 61/1000 loss: 0.9719 time 3.56s
Epoch 0/15 62/1000 loss: 0.9719 time 3.56s
Epoch 0/15 63/1000 loss: 0.9718 time 3.56s
Epoch 0/15 64/1000 loss: 0.9717 time 3.56s
Epoch 0/15 65/1000 loss: 0.9718 time 3.57s
Epoch 0/15 66/1000 loss: 0.9714 time 3.57s
Epoch 0/15 67/1000 loss: 0.9717 time 3.56s
Epoch 0/15 68/1000 loss: 0.9715 time 3.57s
Epoch 0/15 69/1000 loss: 0.9715 time 3.56s
Epoch 0/15 70/1000 loss: 0.9711 time 3.57s
Epoch 0/15 71/1000 loss: 0.9710 time 3.56s
Epoch 0/15 72/1000 loss: 0.9708 time 3.56s
Epoch 0/15 73/1000 loss: 0.9707 time 3.56s
Epoch 0/15 74/1000 loss: 0.9708 time 3.55s
Epoch 0/15 75/1000 loss: 0.9710 time 3.55s
Epoch 0/15 76/1000 loss: 0.9708 time 3.55s
Epoch 0/15 77/1000 loss: 0.9707 time 3.56s
Epoch 0/15 78/1000 loss: 0.9703 time 3.56s
Epoch 0/15 79/1000 loss: 0.9706 time 3.55s
Epoch 0/15 80/1000 loss: 0.9703 time 3.56s
Epoch 0/15 81/1000 loss: 0.9705 time 3.54s
Epoch 0/15 82/1000 loss: 0.9701 time 3.55s
Epoch 0/15 83/1000 loss: 0.9702 time 3.56s
Epoch 0/15 84/1000 loss: 0.9703 time 3.55s
Epoch 0/15 85/1000 loss: 0.9705 time 3.55s
Epoch 0/15 86/1000 loss: 0.9704 time 3.55s
Epoch 0/15 87/1000 loss: 0.9706 time 3.55s
Epoch 0/15 88/1000 loss: 0.9704 time 3.55s
Epoch 0/15 89/1000 loss: 0.9702 time 3.54s
Epoch 0/15 90/1000 loss: 0.9700 time 3.54s
Epoch 0/15 91/1000 loss: 0.9700 time 3.55s
Epoch 0/15 92/1000 loss: 0.9701 time 3.54s
Epoch 0/15 93/1000 loss: 0.9701 time 3.54s
Epoch 0/15 94/1000 loss: 0.9700 time 3.54s
Epoch 0/15 95/1000 loss: 0.9701 time 3.55s
Epoch 0/15 96/1000 loss: 0.9701 time 3.54s
Epoch 0/15 97/1000 loss: 0.9700 time 3.55s
Epoch 0/15 98/1000 loss: 0.9697 time 3.54s
Epoch 0/15 99/1000 loss: 0.9698 time 3.54s
Epoch 0/15 100/1000 loss: 0.9697 time 3.54s
Epoch 0/15 101/1000 loss: 0.9700 time 3.54s
Epoch 0/15 102/1000 loss: 0.9697 time 3.55s
Epoch 0/15 103/1000 loss: 0.9698 time 3.54s
Epoch 0/15 104/1000 loss: 0.9699 time 3.54s
Epoch 0/15 105/1000 loss: 0.9701 time 3.54s
Epoch 0/15 106/1000 loss: 0.9703 time 3.54s
Epoch 0/15 107/1000 loss: 0.9700 time 3.54s
Epoch 0/15 108/1000 loss: 0.9696 time 3.54s
Epoch 0/15 109/1000 loss: 0.9697 time 3.54s
Epoch 0/15 110/1000 loss: 0.9696 time 3.54s
Epoch 0/15 111/1000 loss: 0.9694 time 3.54s
Epoch 0/15 112/1000 loss: 0.9692 time 3.54s
Epoch 0/15 113/1000 loss: 0.9692 time 3.54s
Epoch 0/15 114/1000 loss: 0.9692 time 3.53s
Epoch 0/15 115/1000 loss: 0.9692 time 3.54s
Epoch 0/15 116/1000 loss: 0.9691 time 3.54s
Epoch 0/15 117/1000 loss: 0.9688 time 3.54s
Epoch 0/15 118/1000 loss: 0.9685 time 3.54s
Epoch 0/15 119/1000 loss: 0.9686 time 3.54s
Epoch 0/15 120/1000 loss: 0.9685 time 3.53s
Epoch 0/15 121/1000 loss: 0.9686 time 3.53s
Epoch 0/15 122/1000 loss: 0.9684 time 3.54s
Epoch 0/15 123/1000 loss: 0.9683 time 3.54s
Epoch 0/15 124/1000 loss: 0.9680 time 3.54s
Epoch 0/15 125/1000 loss: 0.9679 time 3.53s
Epoch 0/15 126/1000 loss: 0.9680 time 3.54s
Epoch 0/15 127/1000 loss: 0.9679 time 3.53s
Epoch 0/15 128/1000 loss: 0.9680 time 3.53s
Epoch 0/15 129/1000 loss: 0.9680 time 3.53s
Epoch 0/15 130/1000 loss: 0.9679 time 3.54s
Epoch 0/15 131/1000 loss: 0.9680 time 3.54s
Epoch 0/15 132/1000 loss: 0.9678 time 3.53s
Epoch 0/15 133/1000 loss: 0.9678 time 3.54s
Epoch 0/15 134/1000 loss: 0.9679 time 3.53s
Epoch 0/15 135/1000 loss: 0.9677 time 3.54s
Epoch 0/15 136/1000 loss: 0.9672 time 3.53s
Epoch 0/15 137/1000 loss: 0.9673 time 3.54s
Epoch 0/15 138/1000 loss: 0.9675 time 3.54s
Epoch 0/15 139/1000 loss: 0.9677 time 3.53s
Epoch 0/15 140/1000 loss: 0.9677 time 3.53s
Epoch 0/15 141/1000 loss: 0.9676 time 3.53s
Epoch 0/15 142/1000 loss: 0.9676 time 3.53s
Epoch 0/15 143/1000 loss: 0.9676 time 3.53s
Epoch 0/15 144/1000 loss: 0.9678 time 3.54s
Epoch 0/15 145/1000 loss: 0.9679 time 3.53s
Epoch 0/15 146/1000 loss: 0.9680 time 3.53s
Epoch 0/15 147/1000 loss: 0.9680 time 3.53s
Epoch 0/15 148/1000 loss: 0.9680 time 3.53s
Epoch 0/15 149/1000 loss: 0.9680 time 3.54s
Epoch 0/15 150/1000 loss: 0.9678 time 3.53s
Epoch 0/15 151/1000 loss: 0.9680 time 3.53s
Epoch 0/15 152/1000 loss: 0.9680 time 3.53s
Epoch 0/15 153/1000 loss: 0.9680 time 3.54s
Epoch 0/15 154/1000 loss: 0.9679 time 3.53s
Epoch 0/15 155/1000 loss: 0.9677 time 3.53s
Epoch 0/15 156/1000 loss: 0.9676 time 3.53s
Epoch 0/15 157/1000 loss: 0.9674 time 3.53s
Epoch 0/15 158/1000 loss: 0.9673 time 3.53s
Epoch 0/15 159/1000 loss: 0.9673 time 3.53s
Epoch 0/15 160/1000 loss: 0.9674 time 3.53s
Epoch 0/15 161/1000 loss: 0.9674 time 3.53s
Epoch 0/15 162/1000 loss: 0.9673 time 3.53s
Epoch 0/15 163/1000 loss: 0.9674 time 3.53s
Epoch 0/15 164/1000 loss: 0.9674 time 3.53s
Epoch 0/15 165/1000 loss: 0.9673 time 3.53s
Epoch 0/15 166/1000 loss: 0.9672 time 3.53s
Epoch 0/15 167/1000 loss: 0.9670 time 3.53s
Epoch 0/15 168/1000 loss: 0.9671 time 3.53s
Epoch 0/15 169/1000 loss: 0.9672 time 3.53s
Epoch 0/15 170/1000 loss: 0.9671 time 3.53s
Epoch 0/15 171/1000 loss: 0.9668 time 3.54s
Epoch 0/15 172/1000 loss: 0.9669 time 3.53s
Epoch 0/15 173/1000 loss: 0.9669 time 3.54s
Epoch 0/15 174/1000 loss: 0.9670 time 3.53s
Epoch 0/15 175/1000 loss: 0.9668 time 3.53s
Epoch 0/15 176/1000 loss: 0.9669 time 3.54s
Epoch 0/15 177/1000 loss: 0.9668 time 3.53s
Epoch 0/15 178/1000 loss: 0.9669 time 3.54s
Epoch 0/15 179/1000 loss: 0.9668 time 3.53s
Epoch 0/15 180/1000 loss: 0.9668 time 3.53s
Epoch 0/15 181/1000 loss: 0.9665 time 3.54s
Epoch 0/15 182/1000 loss: 0.9663 time 3.53s
Epoch 0/15 183/1000 loss: 0.9664 time 3.53s
Epoch 0/15 184/1000 loss: 0.9663 time 3.54s
Epoch 0/15 185/1000 loss: 0.9662 time 3.53s
Epoch 0/15 186/1000 loss: 0.9661 time 3.53s
Epoch 0/15 187/1000 loss: 0.9661 time 3.53s
Epoch 0/15 188/1000 loss: 0.9661 time 3.53s
Epoch 0/15 189/1000 loss: 0.9662 time 3.53s
Epoch 0/15 190/1000 loss: 0.9661 time 3.54s
Epoch 0/15 191/1000 loss: 0.9661 time 3.53s
Epoch 0/15 192/1000 loss: 0.9660 time 3.54s
Epoch 0/15 193/1000 loss: 0.9662 time 3.53s
Epoch 0/15 194/1000 loss: 0.9662 time 3.53s
Epoch 0/15 195/1000 loss: 0.9663 time 3.53s
Epoch 0/15 196/1000 loss: 0.9662 time 3.54s
Epoch 0/15 197/1000 loss: 0.9661 time 3.54s
Epoch 0/15 198/1000 loss: 0.9662 time 3.53s
Epoch 0/15 199/1000 loss: 0.9661 time 3.53s
Epoch 0/15 200/1000 loss: 0.9661 time 3.54s
Epoch 0/15 201/1000 loss: 0.9662 time 3.53s
Epoch 0/15 202/1000 loss: 0.9663 time 3.54s
Epoch 0/15 203/1000 loss: 0.9662 time 3.53s
Epoch 0/15 204/1000 loss: 0.9661 time 3.53s
Epoch 0/15 205/1000 loss: 0.9663 time 3.53s
Epoch 0/15 206/1000 loss: 0.9664 time 3.53s
Epoch 0/15 207/1000 loss: 0.9664 time 3.53s
Epoch 0/15 208/1000 loss: 0.9664 time 3.54s
Epoch 0/15 209/1000 loss: 0.9665 time 3.53s
Epoch 0/15 210/1000 loss: 0.9665 time 3.53s
Epoch 0/15 211/1000 loss: 0.9664 time 3.53s
Epoch 0/15 212/1000 loss: 0.9664 time 3.53s
Epoch 0/15 213/1000 loss: 0.9661 time 3.54s
Epoch 0/15 214/1000 loss: 0.9662 time 3.53s
Epoch 0/15 215/1000 loss: 0.9662 time 3.53s
Epoch 0/15 216/1000 loss: 0.9661 time 3.53s
Epoch 0/15 217/1000 loss: 0.9660 time 3.53s
Epoch 0/15 218/1000 loss: 0.9659 time 3.53s
Epoch 0/15 219/1000 loss: 0.9660 time 3.53s
Epoch 0/15 220/1000 loss: 0.9659 time 3.53s
Epoch 0/15 221/1000 loss: 0.9657 time 3.54s
Epoch 0/15 222/1000 loss: 0.9656 time 3.53s
Epoch 0/15 223/1000 loss: 0.9654 time 3.53s
Epoch 0/15 224/1000 loss: 0.9656 time 3.53s
Epoch 0/15 225/1000 loss: 0.9657 time 3.53s
Epoch 0/15 226/1000 loss: 0.9657 time 3.54s
Epoch 0/15 227/1000 loss: 0.9656 time 3.53s
Epoch 0/15 228/1000 loss: 0.9654 time 3.53s
Epoch 0/15 229/1000 loss: 0.9653 time 3.53s
Epoch 0/15 230/1000 loss: 0.9653 time 3.53s
Epoch 0/15 231/1000 loss: 0.9654 time 3.53s
Epoch 0/15 232/1000 loss: 0.9655 time 3.53s
Epoch 0/15 233/1000 loss: 0.9655 time 3.53s
Epoch 0/15 234/1000 loss: 0.9656 time 3.53s
Epoch 0/15 235/1000 loss: 0.9656 time 3.52s
Epoch 0/15 236/1000 loss: 0.9655 time 3.53s
Epoch 0/15 237/1000 loss: 0.9656 time 3.53s
Epoch 0/15 238/1000 loss: 0.9656 time 3.53s
Epoch 0/15 239/1000 loss: 0.9656 time 3.53s
Epoch 0/15 240/1000 loss: 0.9656 time 3.53s
Epoch 0/15 241/1000 loss: 0.9657 time 3.53s
Epoch 0/15 242/1000 loss: 0.9657 time 3.53s
Epoch 0/15 243/1000 loss: 0.9658 time 3.53s
Epoch 0/15 244/1000 loss: 0.9656 time 3.53s
Epoch 0/15 245/1000 loss: 0.9655 time 3.53s
Epoch 0/15 246/1000 loss: 0.9654 time 3.53s
Epoch 0/15 247/1000 loss: 0.9655 time 3.53s
Epoch 0/15 248/1000 loss: 0.9654 time 3.53s
Epoch 0/15 249/1000 loss: 0.9653 time 3.53s
Epoch 0/15 250/1000 loss: 0.9653 time 3.53s
Epoch 0/15 251/1000 loss: 0.9652 time 3.53s
Epoch 0/15 252/1000 loss: 0.9651 time 3.53s
Epoch 0/15 253/1000 loss: 0.9652 time 3.53s
Epoch 0/15 254/1000 loss: 0.9653 time 3.53s
Epoch 0/15 255/1000 loss: 0.9653 time 3.53s
Epoch 0/15 256/1000 loss: 0.9653 time 3.54s
Epoch 0/15 257/1000 loss: 0.9653 time 3.53s
Epoch 0/15 258/1000 loss: 0.9651 time 3.53s
Epoch 0/15 259/1000 loss: 0.9652 time 3.53s
Epoch 0/15 260/1000 loss: 0.9652 time 3.53s
Epoch 0/15 261/1000 loss: 0.9651 time 3.53s
Epoch 0/15 262/1000 loss: 0.9650 time 3.53s
Epoch 0/15 263/1000 loss: 0.9651 time 3.53s
Epoch 0/15 264/1000 loss: 0.9651 time 3.53s
Epoch 0/15 265/1000 loss: 0.9652 time 3.53s
Epoch 0/15 266/1000 loss: 0.9653 time 3.53s
Epoch 0/15 267/1000 loss: 0.9653 time 3.53s
Epoch 0/15 268/1000 loss: 0.9654 time 3.53s
Epoch 0/15 269/1000 loss: 0.9655 time 3.53s
Epoch 0/15 270/1000 loss: 0.9654 time 3.53s
Epoch 0/15 271/1000 loss: 0.9655 time 3.53s
Epoch 0/15 272/1000 loss: 0.9654 time 3.53s
Epoch 0/15 273/1000 loss: 0.9655 time 3.53s
Epoch 0/15 274/1000 loss: 0.9654 time 3.54s
Epoch 0/15 275/1000 loss: 0.9655 time 3.52s
Epoch 0/15 276/1000 loss: 0.9656 time 3.53s
Epoch 0/15 277/1000 loss: 0.9655 time 3.53s
Epoch 0/15 278/1000 loss: 0.9655 time 3.53s
Epoch 0/15 279/1000 loss: 0.9655 time 3.53s
Epoch 0/15 280/1000 loss: 0.9655 time 3.54s
Epoch 0/15 281/1000 loss: 0.9656 time 3.53s
Epoch 0/15 282/1000 loss: 0.9656 time 3.53s
Epoch 0/15 283/1000 loss: 0.9656 time 3.53s
Epoch 0/15 284/1000 loss: 0.9657 time 3.52s
Epoch 0/15 285/1000 loss: 0.9658 time 3.53s
Epoch 0/15 286/1000 loss: 0.9659 time 3.53s
Epoch 0/15 287/1000 loss: 0.9658 time 3.53s
Epoch 0/15 288/1000 loss: 0.9659 time 3.53s
Epoch 0/15 289/1000 loss: 0.9659 time 3.53s
Epoch 0/15 290/1000 loss: 0.9659 time 3.53s
Epoch 0/15 291/1000 loss: 0.9659 time 3.53s
Epoch 0/15 292/1000 loss: 0.9660 time 3.53s
Epoch 0/15 293/1000 loss: 0.9660 time 3.54s
Epoch 0/15 294/1000 loss: 0.9660 time 3.53s
Epoch 0/15 295/1000 loss: 0.9660 time 3.53s
Epoch 0/15 296/1000 loss: 0.9660 time 3.53s
Epoch 0/15 297/1000 loss: 0.9660 time 3.54s
Epoch 0/15 298/1000 loss: 0.9659 time 3.53s
Epoch 0/15 299/1000 loss: 0.9660 time 3.53s
Epoch 0/15 300/1000 loss: 0.9660 time 3.53s
Epoch 0/15 301/1000 loss: 0.9660 time 3.53s
Epoch 0/15 302/1000 loss: 0.9659 time 3.53s
Epoch 0/15 303/1000 loss: 0.9656 time 3.53s
Epoch 0/15 304/1000 loss: 0.9656 time 3.53s
Epoch 0/15 305/1000 loss: 0.9655 time 3.53s
Epoch 0/15 306/1000 loss: 0.9655 time 3.53s
Epoch 0/15 307/1000 loss: 0.9656 time 3.53s
Epoch 0/15 308/1000 loss: 0.9655 time 3.53s
Epoch 0/15 309/1000 loss: 0.9656 time 3.53s
Epoch 0/15 310/1000 loss: 0.9655 time 3.53s
Epoch 0/15 311/1000 loss: 0.9656 time 3.53s
Epoch 0/15 312/1000 loss: 0.9657 time 3.53s
Epoch 0/15 313/1000 loss: 0.9656 time 3.53s
Epoch 0/15 314/1000 loss: 0.9655 time 3.54s
Epoch 0/15 315/1000 loss: 0.9655 time 3.54s
Epoch 0/15 316/1000 loss: 0.9655 time 3.53s
Epoch 0/15 317/1000 loss: 0.9656 time 3.54s
Epoch 0/15 318/1000 loss: 0.9654 time 3.53s
Epoch 0/15 319/1000 loss: 0.9655 time 3.53s
Epoch 0/15 320/1000 loss: 0.9655 time 3.53s
Epoch 0/15 321/1000 loss: 0.9655 time 3.54s
Epoch 0/15 322/1000 loss: 0.9655 time 3.53s
Epoch 0/15 323/1000 loss: 0.9654 time 3.53s
Epoch 0/15 324/1000 loss: 0.9654 time 3.53s
Epoch 0/15 325/1000 loss: 0.9654 time 3.54s
Epoch 0/15 326/1000 loss: 0.9655 time 3.53s
Epoch 0/15 327/1000 loss: 0.9654 time 3.53s
Epoch 0/15 328/1000 loss: 0.9654 time 3.53s
Epoch 0/15 329/1000 loss: 0.9654 time 3.54s
Epoch 0/15 330/1000 loss: 0.9655 time 3.53s
Epoch 0/15 331/1000 loss: 0.9656 time 3.53s
Epoch 0/15 332/1000 loss: 0.9656 time 3.53s
Epoch 0/15 333/1000 loss: 0.9656 time 3.53s
Epoch 0/15 334/1000 loss: 0.9655 time 3.53s
Epoch 0/15 335/1000 loss: 0.9656 time 3.53s
Epoch 0/15 336/1000 loss: 0.9656 time 3.53s
Epoch 0/15 337/1000 loss: 0.9656 time 3.53s
Epoch 0/15 338/1000 loss: 0.9654 time 3.53s
Epoch 0/15 339/1000 loss: 0.9654 time 3.53s
Epoch 0/15 340/1000 loss: 0.9652 time 3.53s
Epoch 0/15 341/1000 loss: 0.9653 time 3.53s
Epoch 0/15 342/1000 loss: 0.9653 time 3.53s
Epoch 0/15 343/1000 loss: 0.9652 time 3.53s
Epoch 0/15 344/1000 loss: 0.9650 time 3.53s
Epoch 0/15 345/1000 loss: 0.9650 time 3.52s
Epoch 0/15 346/1000 loss: 0.9650 time 3.53s
Epoch 0/15 347/1000 loss: 0.9650 time 3.53s
Epoch 0/15 348/1000 loss: 0.9650 time 3.52s
Epoch 0/15 349/1000 loss: 0.9649 time 3.53s
Epoch 0/15 350/1000 loss: 0.9649 time 3.53s
Epoch 0/15 351/1000 loss: 0.9649 time 3.52s
Epoch 0/15 352/1000 loss: 0.9650 time 3.53s
Epoch 0/15 353/1000 loss: 0.9650 time 3.53s
Epoch 0/15 354/1000 loss: 0.9649 time 3.53s
Epoch 0/15 355/1000 loss: 0.9648 time 3.54s
Epoch 0/15 356/1000 loss: 0.9649 time 3.53s
Epoch 0/15 357/1000 loss: 0.9648 time 3.53s
Epoch 0/15 358/1000 loss: 0.9647 time 3.53s
Epoch 0/15 359/1000 loss: 0.9648 time 3.53s
Epoch 0/15 360/1000 loss: 0.9648 time 3.53s
Epoch 0/15 361/1000 loss: 0.9647 time 3.54s
Epoch 0/15 362/1000 loss: 0.9646 time 3.53s
Epoch 0/15 363/1000 loss: 0.9646 time 3.53s
Epoch 0/15 364/1000 loss: 0.9646 time 3.53s
Epoch 0/15 365/1000 loss: 0.9645 time 3.53s
Epoch 0/15 366/1000 loss: 0.9644 time 3.54s
Epoch 0/15 367/1000 loss: 0.9645 time 3.52s
Epoch 0/15 368/1000 loss: 0.9645 time 3.52s
Epoch 0/15 369/1000 loss: 0.9644 time 3.53s
Epoch 0/15 370/1000 loss: 0.9644 time 3.53s
Epoch 0/15 371/1000 loss: 0.9643 time 3.53s
Epoch 0/15 372/1000 loss: 0.9641 time 3.54s
Epoch 0/15 373/1000 loss: 0.9641 time 3.53s
Epoch 0/15 374/1000 loss: 0.9639 time 3.53s
Epoch 0/15 375/1000 loss: 0.9639 time 3.53s
Epoch 0/15 376/1000 loss: 0.9638 time 3.53s
Epoch 0/15 377/1000 loss: 0.9639 time 3.53s
Epoch 0/15 378/1000 loss: 0.9638 time 3.53s
Epoch 0/15 379/1000 loss: 0.9638 time 3.53s
Epoch 0/15 380/1000 loss: 0.9639 time 3.53s
Epoch 0/15 381/1000 loss: 0.9637 time 3.53s
Epoch 0/15 382/1000 loss: 0.9637 time 3.53s
Epoch 0/15 383/1000 loss: 0.9637 time 3.53s
Epoch 0/15 384/1000 loss: 0.9637 time 3.53s
Epoch 0/15 385/1000 loss: 0.9637 time 3.53s
Epoch 0/15 386/1000 loss: 0.9637 time 3.53s
Epoch 0/15 387/1000 loss: 0.9637 time 3.53s
Epoch 0/15 388/1000 loss: 0.9636 time 3.54s
Epoch 0/15 389/1000 loss: 0.9637 time 3.53s
Epoch 0/15 390/1000 loss: 0.9637 time 3.53s
Epoch 0/15 391/1000 loss: 0.9636 time 3.53s
Epoch 0/15 392/1000 loss: 0.9636 time 3.52s
Epoch 0/15 393/1000 loss: 0.9636 time 3.53s
Epoch 0/15 394/1000 loss: 0.9635 time 3.54s
Epoch 0/15 395/1000 loss: 0.9635 time 3.53s
Epoch 0/15 396/1000 loss: 0.9635 time 3.53s
Epoch 0/15 397/1000 loss: 0.9635 time 3.53s
Epoch 0/15 398/1000 loss: 0.9636 time 3.53s
Epoch 0/15 399/1000 loss: 0.9636 time 3.53s
Epoch 0/15 400/1000 loss: 0.9637 time 3.53s
Epoch 0/15 401/1000 loss: 0.9636 time 3.53s
Epoch 0/15 402/1000 loss: 0.9637 time 3.53s
Epoch 0/15 403/1000 loss: 0.9637 time 3.53s
Epoch 0/15 404/1000 loss: 0.9637 time 3.53s
Epoch 0/15 405/1000 loss: 0.9637 time 3.53s
Epoch 0/15 406/1000 loss: 0.9636 time 3.53s
Epoch 0/15 407/1000 loss: 0.9636 time 3.53s
Epoch 0/15 408/1000 loss: 0.9636 time 3.54s
Epoch 0/15 409/1000 loss: 0.9636 time 3.53s
Epoch 0/15 410/1000 loss: 0.9635 time 3.53s
Epoch 0/15 411/1000 loss: 0.9635 time 3.53s
Epoch 0/15 412/1000 loss: 0.9635 time 3.54s
Epoch 0/15 413/1000 loss: 0.9635 time 3.53s
Epoch 0/15 414/1000 loss: 0.9636 time 3.53s
Epoch 0/15 415/1000 loss: 0.9636 time 3.53s
Epoch 0/15 416/1000 loss: 0.9636 time 3.53s
Epoch 0/15 417/1000 loss: 0.9637 time 3.53s
Epoch 0/15 418/1000 loss: 0.9636 time 3.53s
Epoch 0/15 419/1000 loss: 0.9637 time 3.53s
Epoch 0/15 420/1000 loss: 0.9638 time 3.53s
Epoch 0/15 421/1000 loss: 0.9637 time 3.54s
Epoch 0/15 422/1000 loss: 0.9637 time 3.53s
Epoch 0/15 423/1000 loss: 0.9637 time 3.53s
Epoch 0/15 424/1000 loss: 0.9637 time 3.53s
Epoch 0/15 425/1000 loss: 0.9637 time 3.53s
Epoch 0/15 426/1000 loss: 0.9638 time 3.53s
Epoch 0/15 427/1000 loss: 0.9638 time 3.53s
Epoch 0/15 428/1000 loss: 0.9638 time 3.54s
Epoch 0/15 429/1000 loss: 0.9639 time 3.53s
Epoch 0/15 430/1000 loss: 0.9638 time 3.53s
Epoch 0/15 431/1000 loss: 0.9638 time 3.53s
Epoch 0/15 432/1000 loss: 0.9637 time 3.53s
Epoch 0/15 433/1000 loss: 0.9637 time 3.53s
Epoch 0/15 434/1000 loss: 0.9637 time 3.54s
Epoch 0/15 435/1000 loss: 0.9637 time 3.53s
Epoch 0/15 436/1000 loss: 0.9637 time 3.53s
Epoch 0/15 437/1000 loss: 0.9638 time 3.53s
Epoch 0/15 438/1000 loss: 0.9638 time 3.53s
Epoch 0/15 439/1000 loss: 0.9637 time 3.53s
Epoch 0/15 440/1000 loss: 0.9637 time 3.53s
Epoch 0/15 441/1000 loss: 0.9636 time 3.53s
Epoch 0/15 442/1000 loss: 0.9636 time 3.54s
Epoch 0/15 443/1000 loss: 0.9637 time 3.53s
Epoch 0/15 444/1000 loss: 0.9636 time 3.53s
Epoch 0/15 445/1000 loss: 0.9636 time 3.53s
Epoch 0/15 446/1000 loss: 0.9635 time 3.54s
Epoch 0/15 447/1000 loss: 0.9636 time 3.53s
Epoch 0/15 448/1000 loss: 0.9635 time 3.53s
Epoch 0/15 449/1000 loss: 0.9635 time 3.53s
Epoch 0/15 450/1000 loss: 0.9636 time 3.53s
Epoch 0/15 451/1000 loss: 0.9635 time 3.53s
Epoch 0/15 452/1000 loss: 0.9636 time 3.53s
Epoch 0/15 453/1000 loss: 0.9635 time 3.53s
Epoch 0/15 454/1000 loss: 0.9633 time 3.54s
Epoch 0/15 455/1000 loss: 0.9634 time 3.53s
Epoch 0/15 456/1000 loss: 0.9633 time 3.53s
Epoch 0/15 457/1000 loss: 0.9633 time 3.53s
Epoch 0/15 458/1000 loss: 0.9634 time 3.53s
Epoch 0/15 459/1000 loss: 0.9633 time 3.53s
Epoch 0/15 460/1000 loss: 0.9634 time 3.53s
Epoch 0/15 461/1000 loss: 0.9633 time 3.54s
Epoch 0/15 462/1000 loss: 0.9633 time 3.53s
Epoch 0/15 463/1000 loss: 0.9633 time 3.53s
Epoch 0/15 464/1000 loss: 0.9634 time 3.53s
Epoch 0/15 465/1000 loss: 0.9634 time 3.53s
Epoch 0/15 466/1000 loss: 0.9633 time 3.54s
Epoch 0/15 467/1000 loss: 0.9633 time 3.53s
Epoch 0/15 468/1000 loss: 0.9632 time 3.53s
Epoch 0/15 469/1000 loss: 0.9632 time 3.53s
Epoch 0/15 470/1000 loss: 0.9632 time 3.53s
Epoch 0/15 471/1000 loss: 0.9632 time 3.54s
Epoch 0/15 472/1000 loss: 0.9633 time 3.53s
Epoch 0/15 473/1000 loss: 0.9633 time 3.53s
Epoch 0/15 474/1000 loss: 0.9632 time 3.53s
Epoch 0/15 475/1000 loss: 0.9631 time 3.53s
Epoch 0/15 476/1000 loss: 0.9631 time 3.53s
Epoch 0/15 477/1000 loss: 0.9631 time 3.53s
Epoch 0/15 478/1000 loss: 0.9631 time 3.53s
Epoch 0/15 479/1000 loss: 0.9631 time 3.53s
Epoch 0/15 480/1000 loss: 0.9631 time 3.54s
Epoch 0/15 481/1000 loss: 0.9631 time 3.53s
Epoch 0/15 482/1000 loss: 0.9630 time 3.53s
Epoch 0/15 483/1000 loss: 0.9630 time 3.53s
Epoch 0/15 484/1000 loss: 0.9630 time 3.53s
Epoch 0/15 485/1000 loss: 0.9630 time 3.53s
Epoch 0/15 486/1000 loss: 0.9630 time 3.54s
Epoch 0/15 487/1000 loss: 0.9630 time 3.54s
Epoch 0/15 488/1000 loss: 0.9630 time 3.54s
Epoch 0/15 489/1000 loss: 0.9630 time 3.53s
Epoch 0/15 490/1000 loss: 0.9630 time 3.53s
Epoch 0/15 491/1000 loss: 0.9630 time 3.53s
Epoch 0/15 492/1000 loss: 0.9630 time 3.54s
Epoch 0/15 493/1000 loss: 0.9629 time 3.53s
Epoch 0/15 494/1000 loss: 0.9629 time 3.54s
Epoch 0/15 495/1000 loss: 0.9629 time 3.54s
Epoch 0/15 496/1000 loss: 0.9629 time 3.53s
Epoch 0/15 497/1000 loss: 0.9629 time 3.53s
Epoch 0/15 498/1000 loss: 0.9629 time 3.53s
Epoch 0/15 499/1000 loss: 0.9629 time 3.53s
Epoch 0/15 500/1000 loss: 0.9629 time 3.53s
Epoch 0/15 501/1000 loss: 0.9629 time 3.53s
Epoch 0/15 502/1000 loss: 0.9629 time 3.53s
Epoch 0/15 503/1000 loss: 0.9628 time 3.53s
Epoch 0/15 504/1000 loss: 0.9628 time 3.53s
Epoch 0/15 505/1000 loss: 0.9628 time 3.53s
Epoch 0/15 506/1000 loss: 0.9628 time 3.54s
Epoch 0/15 507/1000 loss: 0.9629 time 3.53s
Epoch 0/15 508/1000 loss: 0.9629 time 3.53s
Epoch 0/15 509/1000 loss: 0.9628 time 3.54s
Epoch 0/15 510/1000 loss: 0.9627 time 3.54s
Epoch 0/15 511/1000 loss: 0.9627 time 3.53s
Epoch 0/15 512/1000 loss: 0.9626 time 3.53s
Epoch 0/15 513/1000 loss: 0.9625 time 3.54s
Epoch 0/15 514/1000 loss: 0.9624 time 3.54s
Epoch 0/15 515/1000 loss: 0.9625 time 3.53s
Epoch 0/15 516/1000 loss: 0.9625 time 3.53s
Epoch 0/15 517/1000 loss: 0.9625 time 3.53s
Epoch 0/15 518/1000 loss: 0.9626 time 3.54s
Epoch 0/15 519/1000 loss: 0.9625 time 3.53s
Epoch 0/15 520/1000 loss: 0.9625 time 3.54s
Epoch 0/15 521/1000 loss: 0.9625 time 3.54s
Epoch 0/15 522/1000 loss: 0.9625 time 3.53s
Epoch 0/15 523/1000 loss: 0.9625 time 3.53s
Epoch 0/15 524/1000 loss: 0.9625 time 3.53s
Epoch 0/15 525/1000 loss: 0.9625 time 3.53s
Epoch 0/15 526/1000 loss: 0.9625 time 3.53s
Epoch 0/15 527/1000 loss: 0.9624 time 3.54s
Epoch 0/15 528/1000 loss: 0.9624 time 3.53s
Epoch 0/15 529/1000 loss: 0.9625 time 3.53s
Epoch 0/15 530/1000 loss: 0.9625 time 3.53s
Epoch 0/15 531/1000 loss: 0.9624 time 3.53s
Epoch 0/15 532/1000 loss: 0.9622 time 3.54s
Epoch 0/15 533/1000 loss: 0.9623 time 3.54s
Epoch 0/15 534/1000 loss: 0.9623 time 3.53s
Epoch 0/15 535/1000 loss: 0.9623 time 3.54s
Epoch 0/15 536/1000 loss: 0.9622 time 3.54s
Epoch 0/15 537/1000 loss: 0.9621 time 3.53s
Epoch 0/15 538/1000 loss: 0.9621 time 3.53s
Epoch 0/15 539/1000 loss: 0.9620 time 3.54s
Epoch 0/15 540/1000 loss: 0.9620 time 3.53s
Epoch 0/15 541/1000 loss: 0.9619 time 3.54s
Epoch 0/15 542/1000 loss: 0.9619 time 3.53s
Epoch 0/15 543/1000 loss: 0.9619 time 3.53s
Epoch 0/15 544/1000 loss: 0.9619 time 3.53s
Epoch 0/15 545/1000 loss: 0.9619 time 3.53s
Epoch 0/15 546/1000 loss: 0.9619 time 3.53s
Epoch 0/15 547/1000 loss: 0.9619 time 3.53s
Epoch 0/15 548/1000 loss: 0.9618 time 3.53s
Epoch 0/15 549/1000 loss: 0.9618 time 3.54s
Epoch 0/15 550/1000 loss: 0.9618 time 3.53s
Epoch 0/15 551/1000 loss: 0.9618 time 3.54s
Epoch 0/15 552/1000 loss: 0.9619 time 3.53s
Epoch 0/15 553/1000 loss: 0.9619 time 3.53s
Epoch 0/15 554/1000 loss: 0.9619 time 3.53s
Epoch 0/15 555/1000 loss: 0.9618 time 3.53s
Epoch 0/15 556/1000 loss: 0.9619 time 3.53s
Epoch 0/15 557/1000 loss: 0.9619 time 3.53s
Epoch 0/15 558/1000 loss: 0.9618 time 3.53s
Epoch 0/15 559/1000 loss: 0.9617 time 3.54s
Epoch 0/15 560/1000 loss: 0.9618 time 3.53s
Epoch 0/15 561/1000 loss: 0.9617 time 3.54s
Epoch 0/15 562/1000 loss: 0.9617 time 3.54s
Epoch 0/15 563/1000 loss: 0.9617 time 3.53s
Epoch 0/15 564/1000 loss: 0.9617 time 3.53s
Epoch 0/15 565/1000 loss: 0.9617 time 3.53s
Epoch 0/15 566/1000 loss: 0.9617 time 3.53s
Epoch 0/15 567/1000 loss: 0.9617 time 3.53s
Epoch 0/15 568/1000 loss: 0.9618 time 3.53s
Epoch 0/15 569/1000 loss: 0.9618 time 3.53s
Epoch 0/15 570/1000 loss: 0.9618 time 3.53s
Epoch 0/15 571/1000 loss: 0.9619 time 3.53s
Epoch 0/15 572/1000 loss: 0.9618 time 3.54s
Epoch 0/15 573/1000 loss: 0.9618 time 3.54s
Epoch 0/15 574/1000 loss: 0.9617 time 3.53s
Epoch 0/15 575/1000 loss: 0.9617 time 3.53s
Epoch 0/15 576/1000 loss: 0.9618 time 3.53s
Epoch 0/15 577/1000 loss: 0.9618 time 3.53s
Epoch 0/15 578/1000 loss: 0.9618 time 3.53s
Epoch 0/15 579/1000 loss: 0.9618 time 3.54s
Epoch 0/15 580/1000 loss: 0.9618 time 3.53s
Epoch 0/15 581/1000 loss: 0.9617 time 3.54s
Epoch 0/15 582/1000 loss: 0.9617 time 3.53s
Epoch 0/15 583/1000 loss: 0.9617 time 3.53s
Epoch 0/15 584/1000 loss: 0.9617 time 3.54s
Epoch 0/15 585/1000 loss: 0.9617 time 3.52s
Epoch 0/15 586/1000 loss: 0.9617 time 3.53s
Epoch 0/15 587/1000 loss: 0.9616 time 3.53s
Epoch 0/15 588/1000 loss: 0.9617 time 3.53s
Epoch 0/15 589/1000 loss: 0.9617 time 3.53s
Epoch 0/15 590/1000 loss: 0.9617 time 3.53s
Epoch 0/15 591/1000 loss: 0.9617 time 3.53s
Epoch 0/15 592/1000 loss: 0.9617 time 3.54s
Epoch 0/15 593/1000 loss: 0.9617 time 3.53s
Epoch 0/15 594/1000 loss: 0.9617 time 3.53s
Epoch 0/15 595/1000 loss: 0.9617 time 3.53s
Epoch 0/15 596/1000 loss: 0.9617 time 3.53s
Epoch 0/15 597/1000 loss: 0.9618 time 3.53s
Epoch 0/15 598/1000 loss: 0.9618 time 3.53s
Epoch 0/15 599/1000 loss: 0.9618 time 3.53s
Epoch 0/15 600/1000 loss: 0.9617 time 3.53s
Epoch 0/15 601/1000 loss: 0.9618 time 3.53s
Epoch 0/15 602/1000 loss: 0.9617 time 3.54s
Epoch 0/15 603/1000 loss: 0.9617 time 3.54s
Epoch 0/15 604/1000 loss: 0.9617 time 3.54s
Epoch 0/15 605/1000 loss: 0.9617 time 3.53s
Epoch 0/15 606/1000 loss: 0.9614 time 3.54s
Epoch 0/15 607/1000 loss: 0.9614 time 3.53s
Epoch 0/15 608/1000 loss: 0.9614 time 3.54s
Epoch 0/15 609/1000 loss: 0.9613 time 3.53s
Epoch 0/15 610/1000 loss: 0.9613 time 3.53s
Epoch 0/15 611/1000 loss: 0.9613 time 3.53s
Epoch 0/15 612/1000 loss: 0.9613 time 3.53s
Epoch 0/15 613/1000 loss: 0.9613 time 3.53s
Epoch 0/15 614/1000 loss: 0.9613 time 3.53s
Epoch 0/15 615/1000 loss: 0.9613 time 3.53s
Epoch 0/15 616/1000 loss: 0.9613 time 3.54s
Epoch 0/15 617/1000 loss: 0.9613 time 3.53s
Epoch 0/15 618/1000 loss: 0.9613 time 3.54s
Epoch 0/15 619/1000 loss: 0.9612 time 3.53s
Epoch 0/15 620/1000 loss: 0.9612 time 3.53s
Epoch 0/15 621/1000 loss: 0.9611 time 3.54s
Epoch 0/15 622/1000 loss: 0.9611 time 3.54s
Epoch 0/15 623/1000 loss: 0.9611 time 3.54s
Epoch 0/15 624/1000 loss: 0.9611 time 3.53s
Epoch 0/15 625/1000 loss: 0.9611 time 3.53s
Epoch 0/15 626/1000 loss: 0.9611 time 3.53s
Epoch 0/15 627/1000 loss: 0.9611 time 3.53s
Epoch 0/15 628/1000 loss: 0.9610 time 3.53s
Epoch 0/15 629/1000 loss: 0.9610 time 3.54s
Epoch 0/15 630/1000 loss: 0.9610 time 3.53s
Epoch 0/15 631/1000 loss: 0.9608 time 3.53s
Epoch 0/15 632/1000 loss: 0.9608 time 3.54s
Epoch 0/15 633/1000 loss: 0.9608 time 3.53s
Epoch 0/15 634/1000 loss: 0.9608 time 3.54s
Epoch 0/15 635/1000 loss: 0.9608 time 3.53s
Epoch 0/15 636/1000 loss: 0.9608 time 3.54s
Epoch 0/15 637/1000 loss: 0.9608 time 3.53s
Epoch 0/15 638/1000 loss: 0.9608 time 3.54s
Epoch 0/15 639/1000 loss: 0.9608 time 3.53s
Epoch 0/15 640/1000 loss: 0.9608 time 3.54s
Epoch 0/15 641/1000 loss: 0.9608 time 3.54s
Epoch 0/15 642/1000 loss: 0.9609 time 3.53s
Epoch 0/15 643/1000 loss: 0.9609 time 3.53s
Epoch 0/15 644/1000 loss: 0.9608 time 3.54s
Epoch 0/15 645/1000 loss: 0.9608 time 3.53s
Epoch 0/15 646/1000 loss: 0.9608 time 3.53s
Epoch 0/15 647/1000 loss: 0.9608 time 3.53s
Epoch 0/15 648/1000 loss: 0.9608 time 3.53s
Epoch 0/15 649/1000 loss: 0.9608 time 3.53s
Epoch 0/15 650/1000 loss: 0.9608 time 3.54s
Epoch 0/15 651/1000 loss: 0.9608 time 3.53s
Epoch 0/15 652/1000 loss: 0.9608 time 3.54s
Epoch 0/15 653/1000 loss: 0.9608 time 3.53s
Epoch 0/15 654/1000 loss: 0.9608 time 3.54s
Epoch 0/15 655/1000 loss: 0.9607 time 3.53s
Epoch 0/15 656/1000 loss: 0.9607 time 3.53s
Epoch 0/15 657/1000 loss: 0.9607 time 3.53s
Epoch 0/15 658/1000 loss: 0.9607 time 3.54s
Epoch 0/15 659/1000 loss: 0.9606 time 3.53s
Epoch 0/15 660/1000 loss: 0.9606 time 3.53s
Epoch 0/15 661/1000 loss: 0.9605 time 3.53s
Epoch 0/15 662/1000 loss: 0.9605 time 3.54s
Epoch 0/15 663/1000 loss: 0.9605 time 3.54s
Epoch 0/15 664/1000 loss: 0.9605 time 3.53s
Epoch 0/15 665/1000 loss: 0.9605 time 3.53s
Epoch 0/15 666/1000 loss: 0.9605 time 3.53s
Epoch 0/15 667/1000 loss: 0.9605 time 3.54s
Epoch 0/15 668/1000 loss: 0.9604 time 3.53s
Epoch 0/15 669/1000 loss: 0.9604 time 3.54s
Epoch 0/15 670/1000 loss: 0.9604 time 3.54s
Epoch 0/15 671/1000 loss: 0.9604 time 3.53s
Epoch 0/15 672/1000 loss: 0.9605 time 3.54s
Epoch 0/15 673/1000 loss: 0.9605 time 3.53s
Epoch 0/15 674/1000 loss: 0.9605 time 3.53s
Epoch 0/15 675/1000 loss: 0.9605 time 3.53s
Epoch 0/15 676/1000 loss: 0.9606 time 3.53s
Epoch 0/15 677/1000 loss: 0.9606 time 3.54s
Epoch 0/15 678/1000 loss: 0.9605 time 3.54s
Epoch 0/15 679/1000 loss: 0.9606 time 3.54s
Epoch 0/15 680/1000 loss: 0.9605 time 3.54s
Epoch 0/15 681/1000 loss: 0.9605 time 3.54s
Epoch 0/15 682/1000 loss: 0.9605 time 3.54s
Epoch 0/15 683/1000 loss: 0.9605 time 3.53s
Epoch 0/15 684/1000 loss: 0.9605 time 3.54s
Epoch 0/15 685/1000 loss: 0.9605 time 3.53s
Epoch 0/15 686/1000 loss: 0.9605 time 3.53s
Epoch 0/15 687/1000 loss: 0.9605 time 3.53s
Epoch 0/15 688/1000 loss: 0.9605 time 3.53s
Epoch 0/15 689/1000 loss: 0.9605 time 3.53s
Epoch 0/15 690/1000 loss: 0.9605 time 3.54s
Epoch 0/15 691/1000 loss: 0.9605 time 3.53s
Epoch 0/15 692/1000 loss: 0.9605 time 3.54s
Epoch 0/15 693/1000 loss: 0.9605 time 3.53s
Epoch 0/15 694/1000 loss: 0.9606 time 3.54s
Epoch 0/15 695/1000 loss: 0.9606 time 3.52s
Epoch 0/15 696/1000 loss: 0.9606 time 3.53s
Epoch 0/15 697/1000 loss: 0.9607 time 3.53s
Epoch 0/15 698/1000 loss: 0.9607 time 3.53s
Epoch 0/15 699/1000 loss: 0.9607 time 3.54s
Epoch 0/15 700/1000 loss: 0.9607 time 3.53s
Epoch 0/15 701/1000 loss: 0.9607 time 3.54s
Epoch 0/15 702/1000 loss: 0.9606 time 3.53s
Epoch 0/15 703/1000 loss: 0.9606 time 3.54s
Epoch 0/15 704/1000 loss: 0.9606 time 3.53s
Epoch 0/15 705/1000 loss: 0.9606 time 3.53s
Epoch 0/15 706/1000 loss: 0.9605 time 3.54s
Epoch 0/15 707/1000 loss: 0.9605 time 3.53s
Epoch 0/15 708/1000 loss: 0.9605 time 3.54s
Epoch 0/15 709/1000 loss: 0.9605 time 3.53s
Epoch 0/15 710/1000 loss: 0.9605 time 3.53s
Epoch 0/15 711/1000 loss: 0.9605 time 3.53s
Epoch 0/15 712/1000 loss: 0.9605 time 3.54s
Epoch 0/15 713/1000 loss: 0.9605 time 3.53s
Epoch 0/15 714/1000 loss: 0.9604 time 3.54s
Epoch 0/15 715/1000 loss: 0.9604 time 3.53s
Epoch 0/15 716/1000 loss: 0.9604 time 3.53s
Epoch 0/15 717/1000 loss: 0.9604 time 3.54s
Epoch 0/15 718/1000 loss: 0.9604 time 3.54s
Epoch 0/15 719/1000 loss: 0.9604 time 3.53s
Epoch 0/15 720/1000 loss: 0.9604 time 3.54s
Epoch 0/15 721/1000 loss: 0.9604 time 3.53s
Epoch 0/15 722/1000 loss: 0.9604 time 3.53s
Epoch 0/15 723/1000 loss: 0.9604 time 3.53s
Epoch 0/15 724/1000 loss: 0.9603 time 3.53s
Epoch 0/15 725/1000 loss: 0.9603 time 3.53s
Epoch 0/15 726/1000 loss: 0.9603 time 3.53s
Epoch 0/15 727/1000 loss: 0.9602 time 3.53s
Epoch 0/15 728/1000 loss: 0.9602 time 3.53s
Epoch 0/15 729/1000 loss: 0.9602 time 3.53s
Epoch 0/15 730/1000 loss: 0.9602 time 3.53s
Epoch 0/15 731/1000 loss: 0.9602 time 3.53s
Epoch 0/15 732/1000 loss: 0.9601 time 3.53s
Epoch 0/15 733/1000 loss: 0.9601 time 3.53s
Epoch 0/15 734/1000 loss: 0.9601 time 3.54s
Epoch 0/15 735/1000 loss: 0.9601 time 3.53s
Epoch 0/15 736/1000 loss: 0.9601 time 3.53s
Epoch 0/15 737/1000 loss: 0.9601 time 3.53s
Epoch 0/15 738/1000 loss: 0.9601 time 3.54s
Epoch 0/15 739/1000 loss: 0.9601 time 3.53s
Epoch 0/15 740/1000 loss: 0.9601 time 3.54s
Epoch 0/15 741/1000 loss: 0.9600 time 3.53s
Epoch 0/15 742/1000 loss: 0.9599 time 3.54s
Epoch 0/15 743/1000 loss: 0.9598 time 3.53s
Epoch 0/15 744/1000 loss: 0.9598 time 3.53s
Epoch 0/15 745/1000 loss: 0.9598 time 3.53s
Epoch 0/15 746/1000 loss: 0.9598 time 3.54s
Epoch 0/15 747/1000 loss: 0.9598 time 3.53s
Epoch 0/15 748/1000 loss: 0.9598 time 3.53s
Epoch 0/15 749/1000 loss: 0.9598 time 3.53s
Epoch 0/15 750/1000 loss: 0.9598 time 3.54s
Epoch 0/15 751/1000 loss: 0.9598 time 3.53s
Epoch 0/15 752/1000 loss: 0.9598 time 3.54s
Epoch 0/15 753/1000 loss: 0.9598 time 3.54s
Epoch 0/15 754/1000 loss: 0.9598 time 3.53s
Epoch 0/15 755/1000 loss: 0.9598 time 3.54s
Epoch 0/15 756/1000 loss: 0.9598 time 3.53s
Epoch 0/15 757/1000 loss: 0.9598 time 3.53s
Epoch 0/15 758/1000 loss: 0.9598 time 3.53s
Epoch 0/15 759/1000 loss: 0.9598 time 3.54s
Epoch 0/15 760/1000 loss: 0.9598 time 3.54s
Epoch 0/15 761/1000 loss: 0.9597 time 3.53s
Epoch 0/15 762/1000 loss: 0.9597 time 3.54s
Epoch 0/15 763/1000 loss: 0.9597 time 3.53s
Epoch 0/15 764/1000 loss: 0.9598 time 3.54s
Epoch 0/15 765/1000 loss: 0.9597 time 3.53s
Epoch 0/15 766/1000 loss: 0.9597 time 3.54s
Epoch 0/15 767/1000 loss: 0.9598 time 3.53s
Epoch 0/15 768/1000 loss: 0.9597 time 3.53s
Epoch 0/15 769/1000 loss: 0.9597 time 3.53s
Epoch 0/15 770/1000 loss: 0.9597 time 3.53s
Epoch 0/15 771/1000 loss: 0.9598 time 3.53s
Epoch 0/15 772/1000 loss: 0.9597 time 3.53s
Epoch 0/15 773/1000 loss: 0.9597 time 3.54s
Epoch 0/15 774/1000 loss: 0.9597 time 3.53s
Epoch 0/15 775/1000 loss: 0.9597 time 3.53s
Epoch 0/15 776/1000 loss: 0.9597 time 3.53s
Epoch 0/15 777/1000 loss: 0.9597 time 3.53s
Epoch 0/15 778/1000 loss: 0.9596 time 3.53s
Epoch 0/15 779/1000 loss: 0.9596 time 3.54s
Epoch 0/15 780/1000 loss: 0.9597 time 3.53s
Epoch 0/15 781/1000 loss: 0.9597 time 3.53s
Epoch 0/15 782/1000 loss: 0.9597 time 3.53s
Epoch 0/15 783/1000 loss: 0.9597 time 3.53s
Epoch 0/15 784/1000 loss: 0.9597 time 3.53s
Epoch 0/15 785/1000 loss: 0.9597 time 3.54s
Epoch 0/15 786/1000 loss: 0.9597 time 3.53s
Epoch 0/15 787/1000 loss: 0.9596 time 3.53s
Epoch 0/15 788/1000 loss: 0.9597 time 3.53s
Epoch 0/15 789/1000 loss: 0.9596 time 3.53s
Epoch 0/15 790/1000 loss: 0.9597 time 3.53s
Epoch 0/15 791/1000 loss: 0.9597 time 3.53s
Epoch 0/15 792/1000 loss: 0.9597 time 3.53s
Epoch 0/15 793/1000 loss: 0.9597 time 3.53s
Epoch 0/15 794/1000 loss: 0.9597 time 3.53s
Epoch 0/15 795/1000 loss: 0.9597 time 3.52s
Epoch 0/15 796/1000 loss: 0.9597 time 3.53s
Epoch 0/15 797/1000 loss: 0.9597 time 3.53s
Epoch 0/15 798/1000 loss: 0.9597 time 3.53s
Epoch 0/15 799/1000 loss: 0.9596 time 3.53s
Epoch 0/15 800/1000 loss: 0.9596 time 3.53s
Epoch 0/15 801/1000 loss: 0.9596 time 3.53s
Epoch 0/15 802/1000 loss: 0.9597 time 3.53s
Epoch 0/15 803/1000 loss: 0.9597 time 3.53s
Epoch 0/15 804/1000 loss: 0.9597 time 3.53s
Epoch 0/15 805/1000 loss: 0.9597 time 3.53s
Epoch 0/15 806/1000 loss: 0.9598 time 3.54s
Epoch 0/15 807/1000 loss: 0.9597 time 3.53s
Epoch 0/15 808/1000 loss: 0.9597 time 3.54s
Epoch 0/15 809/1000 loss: 0.9597 time 3.53s
Epoch 0/15 810/1000 loss: 0.9597 time 3.53s
Epoch 0/15 811/1000 loss: 0.9598 time 3.54s
Epoch 0/15 812/1000 loss: 0.9597 time 3.53s
Epoch 0/15 813/1000 loss: 0.9598 time 3.53s
Epoch 0/15 814/1000 loss: 0.9598 time 3.53s
Epoch 0/15 815/1000 loss: 0.9599 time 3.54s
Epoch 0/15 816/1000 loss: 0.9598 time 3.53s
Epoch 0/15 817/1000 loss: 0.9598 time 3.53s
Epoch 0/15 818/1000 loss: 0.9598 time 3.54s
Epoch 0/15 819/1000 loss: 0.9598 time 3.53s
Epoch 0/15 820/1000 loss: 0.9598 time 3.53s
Epoch 0/15 821/1000 loss: 0.9598 time 3.53s
Epoch 0/15 822/1000 loss: 0.9597 time 3.54s
Epoch 0/15 823/1000 loss: 0.9598 time 3.53s
Epoch 0/15 824/1000 loss: 0.9598 time 3.53s
Epoch 0/15 825/1000 loss: 0.9598 time 3.53s
Epoch 0/15 826/1000 loss: 0.9598 time 3.53s
Epoch 0/15 827/1000 loss: 0.9598 time 3.54s
Epoch 0/15 828/1000 loss: 0.9598 time 3.53s
Epoch 0/15 829/1000 loss: 0.9598 time 3.53s
Epoch 0/15 830/1000 loss: 0.9598 time 3.53s
Epoch 0/15 831/1000 loss: 0.9598 time 3.53s
Epoch 0/15 832/1000 loss: 0.9598 time 3.53s
Epoch 0/15 833/1000 loss: 0.9598 time 3.53s
Epoch 0/15 834/1000 loss: 0.9598 time 3.54s
Epoch 0/15 835/1000 loss: 0.9598 time 3.54s
Epoch 0/15 836/1000 loss: 0.9597 time 3.53s
Epoch 0/15 837/1000 loss: 0.9596 time 3.53s
Epoch 0/15 838/1000 loss: 0.9596 time 3.53s
Epoch 0/15 839/1000 loss: 0.9596 time 3.54s
Epoch 0/15 840/1000 loss: 0.9596 time 3.53s
Epoch 0/15 841/1000 loss: 0.9596 time 3.53s
Epoch 0/15 842/1000 loss: 0.9596 time 3.54s
Epoch 0/15 843/1000 loss: 0.9596 time 3.53s
Epoch 0/15 844/1000 loss: 0.9596 time 3.54s
Epoch 0/15 845/1000 loss: 0.9596 time 3.54s
Epoch 0/15 846/1000 loss: 0.9596 time 3.53s
Epoch 0/15 847/1000 loss: 0.9596 time 3.53s
Epoch 0/15 848/1000 loss: 0.9596 time 3.53s
Epoch 0/15 849/1000 loss: 0.9595 time 3.54s
Epoch 0/15 850/1000 loss: 0.9595 time 3.54s
Epoch 0/15 851/1000 loss: 0.9595 time 3.53s
Epoch 0/15 852/1000 loss: 0.9595 time 3.54s
Epoch 0/15 853/1000 loss: 0.9595 time 3.53s
Epoch 0/15 854/1000 loss: 0.9595 time 3.54s
Epoch 0/15 855/1000 loss: 0.9595 time 3.53s
Epoch 0/15 856/1000 loss: 0.9595 time 3.53s
Epoch 0/15 857/1000 loss: 0.9595 time 3.54s
Epoch 0/15 858/1000 loss: 0.9595 time 3.54s
Epoch 0/15 859/1000 loss: 0.9596 time 3.53s
Epoch 0/15 860/1000 loss: 0.9596 time 3.53s
Epoch 0/15 861/1000 loss: 0.9595 time 3.53s
Epoch 0/15 862/1000 loss: 0.9596 time 3.54s
Epoch 0/15 863/1000 loss: 0.9596 time 3.53s
Epoch 0/15 864/1000 loss: 0.9596 time 3.54s
Epoch 0/15 865/1000 loss: 0.9596 time 3.53s
Epoch 0/15 866/1000 loss: 0.9595 time 3.54s
Epoch 0/15 867/1000 loss: 0.9596 time 3.54s
Epoch 0/15 868/1000 loss: 0.9596 time 3.54s
Epoch 0/15 869/1000 loss: 0.9596 time 3.54s
Epoch 0/15 870/1000 loss: 0.9596 time 3.54s
Epoch 0/15 871/1000 loss: 0.9594 time 3.53s
Epoch 0/15 872/1000 loss: 0.9595 time 3.53s
Epoch 0/15 873/1000 loss: 0.9595 time 3.53s
Epoch 0/15 874/1000 loss: 0.9595 time 3.53s
Epoch 0/15 875/1000 loss: 0.9595 time 3.54s
Epoch 0/15 876/1000 loss: 0.9595 time 3.53s
Epoch 0/15 877/1000 loss: 0.9595 time 3.53s
Epoch 0/15 878/1000 loss: 0.9594 time 3.54s
Epoch 0/15 879/1000 loss: 0.9594 time 3.53s
Epoch 0/15 880/1000 loss: 0.9594 time 3.53s
Epoch 0/15 881/1000 loss: 0.9594 time 3.53s
Epoch 0/15 882/1000 loss: 0.9594 time 3.53s
Epoch 0/15 883/1000 loss: 0.9595 time 3.53s
Epoch 0/15 884/1000 loss: 0.9595 time 3.53s
Epoch 0/15 885/1000 loss: 0.9595 time 3.53s
Epoch 0/15 886/1000 loss: 0.9594 time 3.53s
Epoch 0/15 887/1000 loss: 0.9594 time 3.53s
Epoch 0/15 888/1000 loss: 0.9594 time 3.53s
Epoch 0/15 889/1000 loss: 0.9593 time 3.53s
Epoch 0/15 890/1000 loss: 0.9593 time 3.54s
Epoch 0/15 891/1000 loss: 0.9593 time 3.54s
Epoch 0/15 892/1000 loss: 0.9593 time 3.53s
Epoch 0/15 893/1000 loss: 0.9593 time 3.53s
Epoch 0/15 894/1000 loss: 0.9594 time 3.53s
Epoch 0/15 895/1000 loss: 0.9593 time 3.54s
Epoch 0/15 896/1000 loss: 0.9593 time 3.53s
Epoch 0/15 897/1000 loss: 0.9593 time 3.53s
Epoch 0/15 898/1000 loss: 0.9593 time 3.53s
Epoch 0/15 899/1000 loss: 0.9593 time 3.53s
Epoch 0/15 900/1000 loss: 0.9593 time 3.53s
Epoch 0/15 901/1000 loss: 0.9593 time 3.54s
Epoch 0/15 902/1000 loss: 0.9593 time 3.53s
Epoch 0/15 903/1000 loss: 0.9592 time 3.54s
Epoch 0/15 904/1000 loss: 0.9592 time 3.53s
Epoch 0/15 905/1000 loss: 0.9592 time 3.53s
Epoch 0/15 906/1000 loss: 0.9592 time 3.53s
Epoch 0/15 907/1000 loss: 0.9592 time 3.53s
Epoch 0/15 908/1000 loss: 0.9592 time 3.53s
Epoch 0/15 909/1000 loss: 0.9593 time 3.53s
Epoch 0/15 910/1000 loss: 0.9593 time 3.54s
Epoch 0/15 911/1000 loss: 0.9593 time 3.53s
Epoch 0/15 912/1000 loss: 0.9593 time 3.53s
Epoch 0/15 913/1000 loss: 0.9592 time 3.53s
Epoch 0/15 914/1000 loss: 0.9592 time 3.54s
Epoch 0/15 915/1000 loss: 0.9592 time 3.53s
Epoch 0/15 916/1000 loss: 0.9592 time 3.54s
Epoch 0/15 917/1000 loss: 0.9592 time 3.53s
Epoch 0/15 918/1000 loss: 0.9592 time 3.53s
Epoch 0/15 919/1000 loss: 0.9593 time 3.53s
Epoch 0/15 920/1000 loss: 0.9593 time 3.53s
Epoch 0/15 921/1000 loss: 0.9593 time 3.53s
Epoch 0/15 922/1000 loss: 0.9593 time 3.54s
Epoch 0/15 923/1000 loss: 0.9594 time 3.53s
Epoch 0/15 924/1000 loss: 0.9594 time 3.53s
Epoch 0/15 925/1000 loss: 0.9594 time 3.53s
Epoch 0/15 926/1000 loss: 0.9594 time 3.53s
Epoch 0/15 927/1000 loss: 0.9594 time 3.53s
Epoch 0/15 928/1000 loss: 0.9595 time 3.53s
Epoch 0/15 929/1000 loss: 0.9594 time 3.54s
Epoch 0/15 930/1000 loss: 0.9594 time 3.54s
Epoch 0/15 931/1000 loss: 0.9594 time 3.53s
Epoch 0/15 932/1000 loss: 0.9593 time 3.54s
Epoch 0/15 933/1000 loss: 0.9592 time 3.53s
Epoch 0/15 934/1000 loss: 0.9592 time 3.53s
Epoch 0/15 935/1000 loss: 0.9592 time 3.53s
Epoch 0/15 936/1000 loss: 0.9592 time 3.54s
Epoch 0/15 937/1000 loss: 0.9592 time 3.53s
Epoch 0/15 938/1000 loss: 0.9592 time 3.53s
Epoch 0/15 939/1000 loss: 0.9591 time 3.53s
Epoch 0/15 940/1000 loss: 0.9591 time 3.54s
Epoch 0/15 941/1000 loss: 0.9591 time 3.53s
Epoch 0/15 942/1000 loss: 0.9591 time 3.54s
Epoch 0/15 943/1000 loss: 0.9591 time 3.53s
Epoch 0/15 944/1000 loss: 0.9590 time 3.53s
Epoch 0/15 945/1000 loss: 0.9590 time 3.53s
Epoch 0/15 946/1000 loss: 0.9590 time 3.53s
Epoch 0/15 947/1000 loss: 0.9590 time 3.53s
Epoch 0/15 948/1000 loss: 0.9589 time 3.54s
Epoch 0/15 949/1000 loss: 0.9589 time 3.53s
Epoch 0/15 950/1000 loss: 0.9589 time 3.53s
Epoch 0/15 951/1000 loss: 0.9589 time 3.53s
Epoch 0/15 952/1000 loss: 0.9589 time 3.53s
Epoch 0/15 953/1000 loss: 0.9589 time 3.53s
Epoch 0/15 954/1000 loss: 0.9589 time 3.54s
Epoch 0/15 955/1000 loss: 0.9589 time 3.53s
Epoch 0/15 956/1000 loss: 0.9589 time 3.53s
Epoch 0/15 957/1000 loss: 0.9588 time 3.53s
Epoch 0/15 958/1000 loss: 0.9588 time 3.54s
Epoch 0/15 959/1000 loss: 0.9588 time 3.53s
Epoch 0/15 960/1000 loss: 0.9588 time 3.54s
Epoch 0/15 961/1000 loss: 0.9588 time 3.53s
Epoch 0/15 962/1000 loss: 0.9588 time 3.53s
Epoch 0/15 963/1000 loss: 0.9588 time 3.53s
Epoch 0/15 964/1000 loss: 0.9588 time 3.53s
Epoch 0/15 965/1000 loss: 0.9589 time 3.53s
Epoch 0/15 966/1000 loss: 0.9588 time 3.54s
Epoch 0/15 967/1000 loss: 0.9589 time 3.53s
Epoch 0/15 968/1000 loss: 0.9588 time 3.53s
Epoch 0/15 969/1000 loss: 0.9589 time 3.53s
Epoch 0/15 970/1000 loss: 0.9589 time 3.53s
Epoch 0/15 971/1000 loss: 0.9589 time 3.53s
Epoch 0/15 972/1000 loss: 0.9589 time 3.53s
Epoch 0/15 973/1000 loss: 0.9590 time 3.53s
Epoch 0/15 974/1000 loss: 0.9589 time 3.53s
Epoch 0/15 975/1000 loss: 0.9589 time 3.53s
Epoch 0/15 976/1000 loss: 0.9589 time 3.53s
Epoch 0/15 977/1000 loss: 0.9589 time 3.53s
Epoch 0/15 978/1000 loss: 0.9589 time 3.54s
Epoch 0/15 979/1000 loss: 0.9588 time 3.53s
Epoch 0/15 980/1000 loss: 0.9589 time 3.53s
Epoch 0/15 981/1000 loss: 0.9588 time 3.53s
Epoch 0/15 982/1000 loss: 0.9588 time 3.54s
Epoch 0/15 983/1000 loss: 0.9588 time 3.54s
Epoch 0/15 984/1000 loss: 0.9588 time 3.53s
Epoch 0/15 985/1000 loss: 0.9587 time 3.53s
Epoch 0/15 986/1000 loss: 0.9587 time 3.53s
Epoch 0/15 987/1000 loss: 0.9588 time 3.53s
Epoch 0/15 988/1000 loss: 0.9587 time 3.54s
Epoch 0/15 989/1000 loss: 0.9587 time 3.53s
Epoch 0/15 990/1000 loss: 0.9587 time 3.54s
Epoch 0/15 991/1000 loss: 0.9588 time 3.52s
Epoch 0/15 992/1000 loss: 0.9588 time 3.53s
Epoch 0/15 993/1000 loss: 0.9588 time 3.53s
Epoch 0/15 994/1000 loss: 0.9588 time 3.54s
Epoch 0/15 995/1000 loss: 0.9588 time 3.53s
Epoch 0/15 996/1000 loss: 0.9588 time 3.54s
Epoch 0/15 997/1000 loss: 0.9588 time 3.53s
Epoch 0/15 998/1000 loss: 0.9588 time 3.52s
Epoch 0/15 999/1000 loss: 0.9588 time 3.53s
Final training  0/14 loss: 0.9588 time 3555.27s
Val 0/15 0/250 , dice_tc: 0.014775344 , dice_wt: 0.074569404 , dice_et: 0.0 , time 37.87s
Val 0/15 1/250 , dice_tc: 0.007511866 , dice_wt: 0.046408713 , dice_et: 0.0 , time 27.08s
Val 0/15 2/250 , dice_tc: 0.010353725 , dice_wt: 0.0875443 , dice_et: 0.0 , time 27.07s
Val 0/15 3/250 , dice_tc: 0.008284756 , dice_wt: 0.079555854 , dice_et: 0.0 , time 27.09s
Val 0/15 4/250 , dice_tc: 0.026671175 , dice_wt: 0.094574615 , dice_et: 0.0 , time 27.10s
Val 0/15 5/250 , dice_tc: 0.022283876 , dice_wt: 0.09491173 , dice_et: 0.0 , time 27.10s
Val 0/15 6/250 , dice_tc: 0.032066144 , dice_wt: 0.13398166 , dice_et: 0.0 , time 27.11s
Val 0/15 7/250 , dice_tc: 0.030625943 , dice_wt: 0.122863226 , dice_et: 0.0 , time 27.12s
Val 0/15 8/250 , dice_tc: 0.030625943 , dice_wt: 0.113334924 , dice_et: 0.0 , time 27.11s
Val 0/15 9/250 , dice_tc: 0.034233972 , dice_wt: 0.11111136 , dice_et: 0.0 , time 27.11s
Val 0/15 10/250 , dice_tc: 0.035110746 , dice_wt: 0.11807717 , dice_et: 0.0 , time 27.11s
Val 0/15 11/250 , dice_tc: 0.036600515 , dice_wt: 0.12527482 , dice_et: 0.0 , time 27.12s
Val 0/15 12/250 , dice_tc: 0.034000877 , dice_wt: 0.12911378 , dice_et: 0.0 , time 27.09s
Val 0/15 13/250 , dice_tc: 0.032266974 , dice_wt: 0.12360817 , dice_et: 0.0 , time 27.10s
Val 0/15 14/250 , dice_tc: 0.032364182 , dice_wt: 0.1287537 , dice_et: 0.0 , time 27.10s
Val 0/15 15/250 , dice_tc: 0.03120034 , dice_wt: 0.14027825 , dice_et: 0.0 , time 27.11s
Val 0/15 16/250 , dice_tc: 0.029260015 , dice_wt: 0.13263793 , dice_et: 0.0 , time 27.10s
Val 0/15 17/250 , dice_tc: 0.02760825 , dice_wt: 0.13210937 , dice_et: 0.0 , time 27.12s
Val 0/15 18/250 , dice_tc: 0.028576024 , dice_wt: 0.13322207 , dice_et: 0.0 , time 27.11s
Val 0/15 19/250 , dice_tc: 0.027565457 , dice_wt: 0.13234855 , dice_et: 0.0 , time 27.13s
Val 0/15 20/250 , dice_tc: 0.026502077 , dice_wt: 0.12962471 , dice_et: 0.0 , time 27.12s
Val 0/15 21/250 , dice_tc: 0.026106313 , dice_wt: 0.13250026 , dice_et: 0.0 , time 27.12s
Val 0/15 22/250 , dice_tc: 0.02493424 , dice_wt: 0.1323228 , dice_et: 0.0 , time 27.13s
Val 0/15 23/250 , dice_tc: 0.024559552 , dice_wt: 0.13126257 , dice_et: 0.0 , time 27.12s
Val 0/15 24/250 , dice_tc: 0.025475765 , dice_wt: 0.13369614 , dice_et: 0.0 , time 27.13s
Val 0/15 25/250 , dice_tc: 0.024591755 , dice_wt: 0.13385475 , dice_et: 0.0 , time 27.13s
Val 0/15 26/250 , dice_tc: 0.024324186 , dice_wt: 0.13675117 , dice_et: 0.0 , time 27.13s
Val 0/15 27/250 , dice_tc: 0.023444152 , dice_wt: 0.14091574 , dice_et: 0.0 , time 27.14s
Val 0/15 28/250 , dice_tc: 0.023766723 , dice_wt: 0.13746636 , dice_et: 0.0 , time 27.14s
Val 0/15 29/250 , dice_tc: 0.024129197 , dice_wt: 0.14115557 , dice_et: 0.0 , time 27.13s
Val 0/15 30/250 , dice_tc: 0.02351368 , dice_wt: 0.13881175 , dice_et: 0.0 , time 27.15s
Val 0/15 31/250 , dice_tc: 0.022799106 , dice_wt: 0.13472757 , dice_et: 0.0 , time 27.13s
Val 0/15 32/250 , dice_tc: 0.022808446 , dice_wt: 0.13382424 , dice_et: 0.0 , time 27.12s
Val 0/15 33/250 , dice_tc: 0.0234647 , dice_wt: 0.13836277 , dice_et: 0.0 , time 27.13s
Val 0/15 34/250 , dice_tc: 0.02544956 , dice_wt: 0.13882871 , dice_et: 0.0 , time 27.11s
Val 0/15 35/250 , dice_tc: 0.02497524 , dice_wt: 0.1361719 , dice_et: 0.0 , time 27.13s
Val 0/15 36/250 , dice_tc: 0.024505679 , dice_wt: 0.13522401 , dice_et: 0.0 , time 27.13s
Val 0/15 37/250 , dice_tc: 0.023843564 , dice_wt: 0.13256988 , dice_et: 0.0 , time 27.12s
Val 0/15 38/250 , dice_tc: 0.025321845 , dice_wt: 0.13585727 , dice_et: 0.0 , time 27.11s
Val 0/15 39/250 , dice_tc: 0.025555171 , dice_wt: 0.13937363 , dice_et: 0.0 , time 27.13s
Val 0/15 40/250 , dice_tc: 0.028914506 , dice_wt: 0.1440502 , dice_et: 0.0 , time 27.12s
Val 0/15 41/250 , dice_tc: 0.028225727 , dice_wt: 0.14479513 , dice_et: 0.0 , time 27.13s
Val 0/15 42/250 , dice_tc: 0.027558452 , dice_wt: 0.143531 , dice_et: 0.0 , time 27.11s
Val 0/15 43/250 , dice_tc: 0.027370749 , dice_wt: 0.14154302 , dice_et: 0.0 , time 27.11s
Val 0/15 44/250 , dice_tc: 0.032501873 , dice_wt: 0.15059274 , dice_et: 0.0 , time 27.15s
Val 0/15 45/250 , dice_tc: 0.032274917 , dice_wt: 0.15179741 , dice_et: 0.0 , time 27.12s
Val 0/15 46/250 , dice_tc: 0.032475907 , dice_wt: 0.15020956 , dice_et: 0.0 , time 27.12s
Val 0/15 47/250 , dice_tc: 0.031863216 , dice_wt: 0.14745453 , dice_et: 0.0 , time 27.14s
Val 0/15 48/250 , dice_tc: 0.031502973 , dice_wt: 0.1460243 , dice_et: 0.0 , time 27.13s
Val 0/15 49/250 , dice_tc: 0.031502973 , dice_wt: 0.14397232 , dice_et: 0.0 , time 27.11s
Val 0/15 50/250 , dice_tc: 0.031069309 , dice_wt: 0.14622782 , dice_et: 0.0 , time 27.13s
Val 0/15 51/250 , dice_tc: 0.031042866 , dice_wt: 0.14702928 , dice_et: 0.0 , time 27.12s
Val 0/15 52/250 , dice_tc: 0.03081331 , dice_wt: 0.14774434 , dice_et: 0.0 , time 27.14s
Val 0/15 53/250 , dice_tc: 0.0304061 , dice_wt: 0.14785896 , dice_et: 0.0 , time 27.12s
Val 0/15 54/250 , dice_tc: 0.030540075 , dice_wt: 0.14769469 , dice_et: 0.0 , time 27.13s
Val 0/15 55/250 , dice_tc: 0.0305485 , dice_wt: 0.14781104 , dice_et: 0.0 , time 27.13s
Val 0/15 56/250 , dice_tc: 0.030007958 , dice_wt: 0.14767846 , dice_et: 0.0 , time 27.13s
Val 0/15 57/250 , dice_tc: 0.029473687 , dice_wt: 0.14849916 , dice_et: 0.0 , time 27.13s
Val 0/15 58/250 , dice_tc: 0.02975146 , dice_wt: 0.1481081 , dice_et: 0.0 , time 27.10s
Val 0/15 59/250 , dice_tc: 0.029557709 , dice_wt: 0.14754868 , dice_et: 0.0 , time 27.12s
Val 0/15 60/250 , dice_tc: 0.029489286 , dice_wt: 0.14854844 , dice_et: 0.0 , time 27.12s
Val 0/15 61/250 , dice_tc: 0.030295681 , dice_wt: 0.14771679 , dice_et: 0.0 , time 27.13s
Val 0/15 62/250 , dice_tc: 0.029897338 , dice_wt: 0.14734796 , dice_et: 0.0 , time 27.12s
Val 0/15 63/250 , dice_tc: 0.029443162 , dice_wt: 0.14533876 , dice_et: 0.0 , time 27.10s
Val 0/15 64/250 , dice_tc: 0.02964069 , dice_wt: 0.14664114 , dice_et: 0.0 , time 27.10s
Val 0/15 65/250 , dice_tc: 0.030271152 , dice_wt: 0.14663933 , dice_et: 0.0 , time 27.10s
Val 0/15 66/250 , dice_tc: 0.02990277 , dice_wt: 0.14800723 , dice_et: 0.0 , time 27.12s
Val 0/15 67/250 , dice_tc: 0.029576538 , dice_wt: 0.1472572 , dice_et: 0.0 , time 27.13s
Val 0/15 68/250 , dice_tc: 0.03052719 , dice_wt: 0.14658831 , dice_et: 0.0 , time 27.11s
Val 0/15 69/250 , dice_tc: 0.030110046 , dice_wt: 0.14537796 , dice_et: 0.0 , time 27.11s
Val 0/15 70/250 , dice_tc: 0.029818337 , dice_wt: 0.14569764 , dice_et: 0.0 , time 27.13s
Val 0/15 71/250 , dice_tc: 0.030102644 , dice_wt: 0.14631529 , dice_et: 0.0 , time 27.13s
Val 0/15 72/250 , dice_tc: 0.03032371 , dice_wt: 0.14836335 , dice_et: 0.0 , time 27.10s
Val 0/15 73/250 , dice_tc: 0.029923059 , dice_wt: 0.14665408 , dice_et: 0.0 , time 27.13s
Val 0/15 74/250 , dice_tc: 0.030429775 , dice_wt: 0.14850084 , dice_et: 0.0 , time 27.11s
Val 0/15 75/250 , dice_tc: 0.030332446 , dice_wt: 0.14776215 , dice_et: 0.0 , time 27.10s
Val 0/15 76/250 , dice_tc: 0.029996121 , dice_wt: 0.14622346 , dice_et: 0.0 , time 27.10s
Val 0/15 77/250 , dice_tc: 0.029604498 , dice_wt: 0.14683631 , dice_et: 0.0 , time 27.12s
Val 0/15 78/250 , dice_tc: 0.029229254 , dice_wt: 0.14601462 , dice_et: 0.0 , time 27.10s
Val 0/15 79/250 , dice_tc: 0.029385468 , dice_wt: 0.1462917 , dice_et: 0.0 , time 27.10s
Val 0/15 80/250 , dice_tc: 0.029385468 , dice_wt: 0.14508674 , dice_et: 0.0 , time 27.11s
Val 0/15 81/250 , dice_tc: 0.029034937 , dice_wt: 0.14413057 , dice_et: 0.0 , time 27.10s
Val 0/15 82/250 , dice_tc: 0.028726766 , dice_wt: 0.14251556 , dice_et: 0.0 , time 27.09s
Val 0/15 83/250 , dice_tc: 0.02851189 , dice_wt: 0.14134613 , dice_et: 0.0 , time 27.11s
Val 0/15 84/250 , dice_tc: 0.028415674 , dice_wt: 0.14295518 , dice_et: 0.0 , time 27.11s
Val 0/15 85/250 , dice_tc: 0.028091166 , dice_wt: 0.14159493 , dice_et: 0.0 , time 27.10s
Val 0/15 86/250 , dice_tc: 0.02783456 , dice_wt: 0.14114569 , dice_et: 0.0 , time 27.10s
Val 0/15 87/250 , dice_tc: 0.028257342 , dice_wt: 0.14177658 , dice_et: 0.0 , time 27.11s
Val 0/15 88/250 , dice_tc: 0.02804147 , dice_wt: 0.14146441 , dice_et: 0.0 , time 27.11s
Val 0/15 89/250 , dice_tc: 0.027722232 , dice_wt: 0.14022161 , dice_et: 0.0 , time 27.10s
Val 0/15 90/250 , dice_tc: 0.027537612 , dice_wt: 0.14044376 , dice_et: 0.0 , time 27.09s
Val 0/15 91/250 , dice_tc: 0.02734233 , dice_wt: 0.13981032 , dice_et: 0.0 , time 27.10s
Val 0/15 92/250 , dice_tc: 0.02726048 , dice_wt: 0.13906516 , dice_et: 0.0 , time 27.11s
Val 0/15 93/250 , dice_tc: 0.026970219 , dice_wt: 0.13759477 , dice_et: 0.0 , time 27.13s
Val 0/15 94/250 , dice_tc: 0.026786778 , dice_wt: 0.13827565 , dice_et: 0.0 , time 27.10s
Val 0/15 95/250 , dice_tc: 0.027450718 , dice_wt: 0.14051373 , dice_et: 0.0 , time 27.12s
Val 0/15 96/250 , dice_tc: 0.027234366 , dice_wt: 0.14148813 , dice_et: 0.0 , time 27.11s
Val 0/15 97/250 , dice_tc: 0.026981346 , dice_wt: 0.1404025 , dice_et: 0.0 , time 27.11s
Val 0/15 98/250 , dice_tc: 0.02679559 , dice_wt: 0.13934824 , dice_et: 0.0 , time 27.10s
Val 0/15 99/250 , dice_tc: 0.026545709 , dice_wt: 0.13857491 , dice_et: 0.0 , time 27.10s
Val 0/15 100/250 , dice_tc: 0.026545709 , dice_wt: 0.13737181 , dice_et: 0.0 , time 27.10s
Val 0/15 101/250 , dice_tc: 0.026281796 , dice_wt: 0.13696335 , dice_et: 0.0 , time 27.10s
Val 0/15 102/250 , dice_tc: 0.026018063 , dice_wt: 0.1370733 , dice_et: 0.0 , time 27.11s
Val 0/15 103/250 , dice_tc: 0.025788939 , dice_wt: 0.13594988 , dice_et: 0.0 , time 27.10s
Val 0/15 104/250 , dice_tc: 0.026432639 , dice_wt: 0.13696533 , dice_et: 0.0 , time 27.10s
Val 0/15 105/250 , dice_tc: 0.026425103 , dice_wt: 0.13649036 , dice_et: 0.0 , time 27.11s
Val 0/15 106/250 , dice_tc: 0.026319826 , dice_wt: 0.13634515 , dice_et: 0.0 , time 27.11s
Val 0/15 107/250 , dice_tc: 0.026171379 , dice_wt: 0.13539006 , dice_et: 0.0 , time 27.12s
Val 0/15 108/250 , dice_tc: 0.026417024 , dice_wt: 0.13642697 , dice_et: 0.0 , time 27.09s
Val 0/15 109/250 , dice_tc: 0.026239092 , dice_wt: 0.13833238 , dice_et: 0.0 , time 27.10s
Val 0/15 110/250 , dice_tc: 0.026192972 , dice_wt: 0.13800529 , dice_et: 0.0 , time 27.10s
Val 0/15 111/250 , dice_tc: 0.025969477 , dice_wt: 0.13717808 , dice_et: 0.0 , time 27.10s
Val 0/15 112/250 , dice_tc: 0.025849931 , dice_wt: 0.13962047 , dice_et: 0.0 , time 27.09s
Val 0/15 113/250 , dice_tc: 0.026630966 , dice_wt: 0.1405114 , dice_et: 0.0 , time 27.09s
Val 0/15 114/250 , dice_tc: 0.026423767 , dice_wt: 0.13964152 , dice_et: 0.0 , time 27.11s
Val 0/15 115/250 , dice_tc: 0.026191847 , dice_wt: 0.1391908 , dice_et: 0.0 , time 27.10s
Val 0/15 116/250 , dice_tc: 0.026233293 , dice_wt: 0.13968347 , dice_et: 0.0 , time 27.09s
Val 0/15 117/250 , dice_tc: 0.026015686 , dice_wt: 0.14029104 , dice_et: 0.0 , time 27.10s
Val 0/15 118/250 , dice_tc: 0.025859335 , dice_wt: 0.1414643 , dice_et: 0.0 , time 27.09s
Val 0/15 119/250 , dice_tc: 0.02592947 , dice_wt: 0.1412486 , dice_et: 0.0 , time 27.11s
Val 0/15 120/250 , dice_tc: 0.02584648 , dice_wt: 0.14106008 , dice_et: 0.0 , time 27.09s
Val 0/15 121/250 , dice_tc: 0.025651816 , dice_wt: 0.14053102 , dice_et: 0.0 , time 27.07s
Val 0/15 122/250 , dice_tc: 0.02544705 , dice_wt: 0.1410661 , dice_et: 0.0 , time 27.10s
Val 0/15 123/250 , dice_tc: 0.025359519 , dice_wt: 0.14066553 , dice_et: 0.0 , time 27.12s
Val 0/15 124/250 , dice_tc: 0.025681434 , dice_wt: 0.14079928 , dice_et: 0.0 , time 27.11s
Val 0/15 125/250 , dice_tc: 0.025598451 , dice_wt: 0.14102653 , dice_et: 0.0 , time 27.09s
Val 0/15 126/250 , dice_tc: 0.025694055 , dice_wt: 0.14087893 , dice_et: 0.0 , time 27.09s
Val 0/15 127/250 , dice_tc: 0.025806164 , dice_wt: 0.14147986 , dice_et: 0.0 , time 27.08s
Val 0/15 128/250 , dice_tc: 0.02616671 , dice_wt: 0.14115068 , dice_et: 0.0 , time 27.10s
Val 0/15 129/250 , dice_tc: 0.026058035 , dice_wt: 0.1404663 , dice_et: 0.0 , time 27.10s
Val 0/15 130/250 , dice_tc: 0.025892979 , dice_wt: 0.14065778 , dice_et: 0.0 , time 27.10s
Val 0/15 131/250 , dice_tc: 0.025727252 , dice_wt: 0.14028133 , dice_et: 0.0 , time 27.10s
Val 0/15 132/250 , dice_tc: 0.025575988 , dice_wt: 0.13969062 , dice_et: 0.0 , time 27.10s
Val 0/15 133/250 , dice_tc: 0.02538359 , dice_wt: 0.1390541 , dice_et: 0.0 , time 27.08s
Val 0/15 134/250 , dice_tc: 0.025324201 , dice_wt: 0.13977025 , dice_et: 0.0 , time 27.10s
Val 0/15 135/250 , dice_tc: 0.025196321 , dice_wt: 0.13976815 , dice_et: 0.0 , time 27.10s
Val 0/15 136/250 , dice_tc: 0.026628837 , dice_wt: 0.14050332 , dice_et: 0.0 , time 27.10s
Val 0/15 137/250 , dice_tc: 0.026440084 , dice_wt: 0.14001203 , dice_et: 0.0 , time 27.12s
Val 0/15 138/250 , dice_tc: 0.026307464 , dice_wt: 0.14009658 , dice_et: 0.0 , time 27.11s
Val 0/15 139/250 , dice_tc: 0.026188167 , dice_wt: 0.14082219 , dice_et: 0.0 , time 27.09s
Val 0/15 140/250 , dice_tc: 0.026014796 , dice_wt: 0.13993865 , dice_et: 0.0 , time 27.11s
Val 0/15 141/250 , dice_tc: 0.025968902 , dice_wt: 0.14058308 , dice_et: 0.0 , time 27.11s
Val 0/15 142/250 , dice_tc: 0.02592417 , dice_wt: 0.14102197 , dice_et: 0.0 , time 27.11s
Val 0/15 143/250 , dice_tc: 0.025860012 , dice_wt: 0.1415253 , dice_et: 0.0 , time 27.12s
Val 0/15 144/250 , dice_tc: 0.025731824 , dice_wt: 0.1408555 , dice_et: 0.0 , time 27.09s
Val 0/15 145/250 , dice_tc: 0.025723001 , dice_wt: 0.14065051 , dice_et: 0.0 , time 27.11s
Val 0/15 146/250 , dice_tc: 0.02588106 , dice_wt: 0.14129813 , dice_et: 0.0 , time 27.09s
Val 0/15 147/250 , dice_tc: 0.025713302 , dice_wt: 0.14090958 , dice_et: 0.0 , time 27.10s
Val 0/15 148/250 , dice_tc: 0.02559886 , dice_wt: 0.14078322 , dice_et: 0.0 , time 27.09s
Val 0/15 149/250 , dice_tc: 0.025468862 , dice_wt: 0.14076684 , dice_et: 0.0 , time 27.10s
Val 0/15 150/250 , dice_tc: 0.025296193 , dice_wt: 0.14001183 , dice_et: 0.0 , time 27.09s
Val 0/15 151/250 , dice_tc: 0.025180886 , dice_wt: 0.13953812 , dice_et: 0.0 , time 27.11s
Val 0/15 152/250 , dice_tc: 0.025253315 , dice_wt: 0.13965102 , dice_et: 0.0 , time 27.10s
Val 0/15 153/250 , dice_tc: 0.025492601 , dice_wt: 0.14090769 , dice_et: 0.0 , time 27.09s
Val 0/15 154/250 , dice_tc: 0.0253699 , dice_wt: 0.14101131 , dice_et: 0.0 , time 27.10s
Val 0/15 155/250 , dice_tc: 0.025552807 , dice_wt: 0.14097627 , dice_et: 0.0 , time 27.11s
Val 0/15 156/250 , dice_tc: 0.025494078 , dice_wt: 0.14156145 , dice_et: 0.0 , time 27.10s
Val 0/15 157/250 , dice_tc: 0.025372893 , dice_wt: 0.14160445 , dice_et: 0.0 , time 27.08s
Val 0/15 158/250 , dice_tc: 0.025248691 , dice_wt: 0.141226 , dice_et: 0.0 , time 27.09s
Val 0/15 159/250 , dice_tc: 0.025681796 , dice_wt: 0.1418415 , dice_et: 0.0 , time 27.08s
Val 0/15 160/250 , dice_tc: 0.025691038 , dice_wt: 0.14308642 , dice_et: 0.0 , time 27.09s
Val 0/15 161/250 , dice_tc: 0.02565548 , dice_wt: 0.14287761 , dice_et: 0.0 , time 27.11s
Val 0/15 162/250 , dice_tc: 0.02557667 , dice_wt: 0.14276616 , dice_et: 0.0 , time 27.09s
Val 0/15 163/250 , dice_tc: 0.025604134 , dice_wt: 0.14213613 , dice_et: 0.0 , time 27.09s
Val 0/15 164/250 , dice_tc: 0.025604134 , dice_wt: 0.1413148 , dice_et: 0.0 , time 27.08s
Val 0/15 165/250 , dice_tc: 0.02554329 , dice_wt: 0.1411723 , dice_et: 0.0 , time 27.11s
Val 0/15 166/250 , dice_tc: 0.025498781 , dice_wt: 0.1412673 , dice_et: 0.0 , time 27.07s
Val 0/15 167/250 , dice_tc: 0.026018169 , dice_wt: 0.14183672 , dice_et: 0.0 , time 27.11s
Val 0/15 168/250 , dice_tc: 0.025986284 , dice_wt: 0.14188077 , dice_et: 0.0 , time 27.09s
Val 0/15 169/250 , dice_tc: 0.026091969 , dice_wt: 0.143392 , dice_et: 0.0 , time 27.09s
Val 0/15 170/250 , dice_tc: 0.026053162 , dice_wt: 0.14318053 , dice_et: 0.0 , time 27.07s
Val 0/15 171/250 , dice_tc: 0.02590271 , dice_wt: 0.142558 , dice_et: 0.0 , time 27.09s
Val 0/15 172/250 , dice_tc: 0.02596596 , dice_wt: 0.14386997 , dice_et: 0.0 , time 27.10s
Val 0/15 173/250 , dice_tc: 0.025835026 , dice_wt: 0.14309321 , dice_et: 0.0 , time 27.13s
Val 0/15 174/250 , dice_tc: 0.025716083 , dice_wt: 0.1424556 , dice_et: 0.0 , time 27.10s
Val 0/15 175/250 , dice_tc: 0.025913902 , dice_wt: 0.14264736 , dice_et: 0.0 , time 27.08s
Val 0/15 176/250 , dice_tc: 0.02579159 , dice_wt: 0.14203471 , dice_et: 0.0 , time 27.10s
Val 0/15 177/250 , dice_tc: 0.025849907 , dice_wt: 0.1420982 , dice_et: 0.0 , time 27.09s
Val 0/15 178/250 , dice_tc: 0.025711484 , dice_wt: 0.14264846 , dice_et: 0.0 , time 27.09s
Val 0/15 179/250 , dice_tc: 0.025615025 , dice_wt: 0.14233859 , dice_et: 0.0 , time 27.11s
Val 0/15 180/250 , dice_tc: 0.025907319 , dice_wt: 0.14264683 , dice_et: 0.0 , time 27.10s
Val 0/15 181/250 , dice_tc: 0.025770701 , dice_wt: 0.14212193 , dice_et: 0.0 , time 27.11s
Val 0/15 182/250 , dice_tc: 0.025804965 , dice_wt: 0.142387 , dice_et: 0.0 , time 27.10s
Val 0/15 183/250 , dice_tc: 0.025972823 , dice_wt: 0.14282365 , dice_et: 0.0 , time 27.09s
Val 0/15 184/250 , dice_tc: 0.025845358 , dice_wt: 0.14225228 , dice_et: 0.0 , time 27.10s
Val 0/15 185/250 , dice_tc: 0.025810167 , dice_wt: 0.14270832 , dice_et: 0.0 , time 27.11s
Val 0/15 186/250 , dice_tc: 0.025744991 , dice_wt: 0.14258581 , dice_et: 0.0 , time 27.09s
Val 0/15 187/250 , dice_tc: 0.025617193 , dice_wt: 0.14190027 , dice_et: 0.0 , time 27.10s
Val 0/15 188/250 , dice_tc: 0.025586965 , dice_wt: 0.1424275 , dice_et: 0.0 , time 27.10s
Val 0/15 189/250 , dice_tc: 0.025547227 , dice_wt: 0.14334534 , dice_et: 0.0 , time 27.09s
Val 0/15 190/250 , dice_tc: 0.025735458 , dice_wt: 0.14329222 , dice_et: 0.0 , time 27.10s
Val 0/15 191/250 , dice_tc: 0.025602872 , dice_wt: 0.14281918 , dice_et: 0.0 , time 27.10s
Val 0/15 192/250 , dice_tc: 0.025890268 , dice_wt: 0.14340295 , dice_et: 0.0 , time 27.11s
Val 0/15 193/250 , dice_tc: 0.025753293 , dice_wt: 0.14275399 , dice_et: 0.0 , time 27.09s
Val 0/15 194/250 , dice_tc: 0.025711233 , dice_wt: 0.14234288 , dice_et: 0.0 , time 27.11s
Val 0/15 195/250 , dice_tc: 0.025576832 , dice_wt: 0.14195006 , dice_et: 0.0 , time 27.11s
Val 0/15 196/250 , dice_tc: 0.025474422 , dice_wt: 0.14142576 , dice_et: 0.0 , time 27.09s
Val 0/15 197/250 , dice_tc: 0.025617767 , dice_wt: 0.14147107 , dice_et: 0.0 , time 27.08s
Val 0/15 198/250 , dice_tc: 0.025555179 , dice_wt: 0.14156115 , dice_et: 0.0 , time 27.10s
Val 0/15 199/250 , dice_tc: 0.02545869 , dice_wt: 0.14107662 , dice_et: 0.0 , time 27.10s
Val 0/15 200/250 , dice_tc: 0.025356183 , dice_wt: 0.14099701 , dice_et: 0.0 , time 27.10s
Val 0/15 201/250 , dice_tc: 0.02524111 , dice_wt: 0.14056472 , dice_et: 0.0 , time 27.10s
Val 0/15 202/250 , dice_tc: 0.025203748 , dice_wt: 0.14012353 , dice_et: 0.0 , time 27.11s
Val 0/15 203/250 , dice_tc: 0.025369566 , dice_wt: 0.14121425 , dice_et: 0.0 , time 27.10s
Val 0/15 204/250 , dice_tc: 0.025311064 , dice_wt: 0.14184442 , dice_et: 0.0 , time 27.09s
Val 0/15 205/250 , dice_tc: 0.025204634 , dice_wt: 0.14178634 , dice_et: 0.0 , time 27.08s
Val 0/15 206/250 , dice_tc: 0.02508611 , dice_wt: 0.14116366 , dice_et: 0.0 , time 27.10s
Val 0/15 207/250 , dice_tc: 0.02514119 , dice_wt: 0.14132202 , dice_et: 0.0 , time 27.10s
Val 0/15 208/250 , dice_tc: 0.02501913 , dice_wt: 0.14071317 , dice_et: 0.0 , time 27.09s
Val 0/15 209/250 , dice_tc: 0.024955709 , dice_wt: 0.14025886 , dice_et: 0.0 , time 27.09s
Val 0/15 210/250 , dice_tc: 0.02485526 , dice_wt: 0.13969217 , dice_et: 0.0 , time 27.09s
Val 0/15 211/250 , dice_tc: 0.024932874 , dice_wt: 0.13961937 , dice_et: 0.0 , time 27.09s
Val 0/15 212/250 , dice_tc: 0.0249167 , dice_wt: 0.13928084 , dice_et: 0.0 , time 27.11s
Val 0/15 213/250 , dice_tc: 0.02482101 , dice_wt: 0.13995002 , dice_et: 0.0 , time 27.11s
Val 0/15 214/250 , dice_tc: 0.024849882 , dice_wt: 0.14040272 , dice_et: 0.0 , time 27.13s
Val 0/15 215/250 , dice_tc: 0.02479076 , dice_wt: 0.1404268 , dice_et: 0.0 , time 27.10s
Val 0/15 216/250 , dice_tc: 0.024678776 , dice_wt: 0.14005154 , dice_et: 0.0 , time 27.10s
Val 0/15 217/250 , dice_tc: 0.024566328 , dice_wt: 0.13967453 , dice_et: 0.0 , time 27.09s
Val 0/15 218/250 , dice_tc: 0.024458745 , dice_wt: 0.13999614 , dice_et: 0.0 , time 27.10s
Val 0/15 219/250 , dice_tc: 0.024404127 , dice_wt: 0.13984497 , dice_et: 0.0 , time 27.10s
Val 0/15 220/250 , dice_tc: 0.024304649 , dice_wt: 0.13943517 , dice_et: 0.0 , time 27.09s
Val 0/15 221/250 , dice_tc: 0.024216272 , dice_wt: 0.13898435 , dice_et: 0.0 , time 27.10s
Val 0/15 222/250 , dice_tc: 0.024105394 , dice_wt: 0.13863087 , dice_et: 0.0 , time 27.10s
Val 0/15 223/250 , dice_tc: 0.024138244 , dice_wt: 0.13901183 , dice_et: 0.0 , time 27.09s
Val 0/15 224/250 , dice_tc: 0.024177535 , dice_wt: 0.13971744 , dice_et: 0.0 , time 27.12s
Val 0/15 225/250 , dice_tc: 0.024132252 , dice_wt: 0.13954501 , dice_et: 0.0 , time 27.09s
Val 0/15 226/250 , dice_tc: 0.024127314 , dice_wt: 0.13936524 , dice_et: 0.0 , time 27.09s
Val 0/15 227/250 , dice_tc: 0.024120895 , dice_wt: 0.13927491 , dice_et: 0.0 , time 27.11s
Val 0/15 228/250 , dice_tc: 0.02417693 , dice_wt: 0.13928327 , dice_et: 0.0 , time 27.08s
Val 0/15 229/250 , dice_tc: 0.024237141 , dice_wt: 0.13950011 , dice_et: 0.0 , time 27.10s
Val 0/15 230/250 , dice_tc: 0.024139727 , dice_wt: 0.13898008 , dice_et: 0.0 , time 27.09s
Val 0/15 231/250 , dice_tc: 0.024113562 , dice_wt: 0.13845299 , dice_et: 0.0 , time 27.09s
Val 0/15 232/250 , dice_tc: 0.024059562 , dice_wt: 0.13830803 , dice_et: 0.0 , time 27.09s
Val 0/15 233/250 , dice_tc: 0.023955341 , dice_wt: 0.13866913 , dice_et: 0.0 , time 27.09s
Val 0/15 234/250 , dice_tc: 0.024075594 , dice_wt: 0.13857245 , dice_et: 0.0 , time 27.09s
Val 0/15 235/250 , dice_tc: 0.023985157 , dice_wt: 0.13813928 , dice_et: 0.0 , time 27.09s
Val 0/15 236/250 , dice_tc: 0.023884676 , dice_wt: 0.13787231 , dice_et: 0.0 , time 27.09s
Val 0/15 237/250 , dice_tc: 0.024456777 , dice_wt: 0.13809907 , dice_et: 0.0 , time 27.08s
Val 0/15 238/250 , dice_tc: 0.024469458 , dice_wt: 0.13795763 , dice_et: 0.0 , time 27.10s
Val 0/15 239/250 , dice_tc: 0.024555055 , dice_wt: 0.13801211 , dice_et: 0.0 , time 27.08s
Val 0/15 240/250 , dice_tc: 0.024459688 , dice_wt: 0.13860847 , dice_et: 0.0 , time 27.08s
Val 0/15 241/250 , dice_tc: 0.024413439 , dice_wt: 0.13829406 , dice_et: 0.0 , time 27.07s
Val 0/15 242/250 , dice_tc: 0.02448752 , dice_wt: 0.13822508 , dice_et: 0.0 , time 27.10s
Val 0/15 243/250 , dice_tc: 0.024429379 , dice_wt: 0.13915992 , dice_et: 0.0 , time 27.09s
Val 0/15 244/250 , dice_tc: 0.02442834 , dice_wt: 0.13934353 , dice_et: 0.0 , time 27.08s
Val 0/15 245/250 , dice_tc: 0.024665141 , dice_wt: 0.13997522 , dice_et: 0.0 , time 27.11s
Val 0/15 246/250 , dice_tc: 0.024819806 , dice_wt: 0.14011379 , dice_et: 0.0 , time 27.08s
Val 0/15 247/250 , dice_tc: 0.024743134 , dice_wt: 0.1396926 , dice_et: 0.0 , time 27.09s
Val 0/15 248/250 , dice_tc: 0.024674244 , dice_wt: 0.13951688 , dice_et: 0.0 , time 27.09s
Val 0/15 249/250 , dice_tc: 0.024590664 , dice_wt: 0.1391361 , dice_et: 0.0 , time 27.10s
Final validation stats 0/14 , dice_tc: 0.024590664 , dice_wt: 0.1391361 , dice_et: 0.0 , Dice_Avg: 0.054575592 , time 6786.90s
new best (0.000000 --> 0.054576). 
Saving checkpoint /tmp/tmpfy3fy_8n/model.pt
Tue Jul 18 04:48:39 2023 Epoch: 1
None of the inputs have requires_grad=True. Gradients will be None
invalid value encountered in divide
slurmstepd: error: *** JOB 9510410 ON gra1174 CANCELLED AT 2023-07-18T05:01:31 ***
