None

        optimizer = torch.optim.Adadelta(model.parameters(), lr=1.0, rho=0.9, eps=1e-6, weight_decay=1e-5)
        scheduler = torch.optim.lr_scheduler.StepLR(optimizer, step_size=1, gamma=0.97)

        max_epochs = 12
        validation = 6

    
MONAI version: 1.2.0rc7+9.g84940298
Numpy version: 1.24.2
Pytorch version: 1.13.1
MONAI flags: HAS_EXT = False, USE_COMPILED = False, USE_META_DICT = False
MONAI rev id: 84940298bff9ff1f54845eb8ae7422c0092c09c1
MONAI __file__: /home/guest185/hackathon_38/lib/python3.8/site-packages/monai/__init__.py

Optional dependencies:
Pytorch Ignite version: 0.4.2
ITK version: NOT INSTALLED or UNKNOWN VERSION.
Nibabel version: 5.1.0
scikit-image version: 0.19.3
Pillow version: 9.5.0
Tensorboard version: 2.13.0
gdown version: 4.7.1
TorchVision version: 0.14.1
tqdm version: 4.65.0
lmdb version: 1.2.1
psutil version: 5.9.4
pandas version: 1.5.3
einops version: 0.6.1
transformers version: 4.21.3
mlflow version: NOT INSTALLED or UNKNOWN VERSION.
pynrrd version: 1.0.0

For details about installing the optional dependencies, please visit:
    https://docs.monai.io/en/latest/installation.html#installing-the-recommended-dependencies

/tmp/tmpoiluta2r
image shape: (240, 240, 155), label shape: (240, 240, 155)
Sat Aug 12 07:16:23 2023 Epoch: 0
In the future `np.bool` will be defined as the corresponding NumPy scalar.
In the future `np.bool` will be defined as the corresponding NumPy scalar.
In the future `np.bool` will be defined as the corresponding NumPy scalar.
In the future `np.bool` will be defined as the corresponding NumPy scalar.
monai.transforms.io.dictionary LoadImaged.__init__:image_only: Current default value of argument `image_only=False` has been deprecated since version 1.1. It will be changed to `image_only=True` in version 1.3.
In the future `np.bool` will be defined as the corresponding NumPy scalar.
In the future `np.bool` will be defined as the corresponding NumPy scalar.
Epoch 0/12 0/1000 loss: 0.9822 time 26.74s
Epoch 0/12 1/1000 loss: 0.9434 time 4.20s
Epoch 0/12 2/1000 loss: 0.9332 time 4.52s
Epoch 0/12 3/1000 loss: 0.9312 time 4.13s
Epoch 0/12 4/1000 loss: 0.9321 time 4.14s
Epoch 0/12 5/1000 loss: 0.9309 time 4.14s
Epoch 0/12 6/1000 loss: 0.9345 time 4.15s
Epoch 0/12 7/1000 loss: 0.9250 time 4.16s
Epoch 0/12 8/1000 loss: 0.9126 time 4.15s
Epoch 0/12 9/1000 loss: 0.9179 time 4.15s
Epoch 0/12 10/1000 loss: 0.9053 time 4.16s
Epoch 0/12 11/1000 loss: 0.9023 time 4.17s
Epoch 0/12 12/1000 loss: 0.8957 time 4.17s
Epoch 0/12 13/1000 loss: 0.8927 time 4.18s
Epoch 0/12 14/1000 loss: 0.8895 time 4.18s
Epoch 0/12 15/1000 loss: 0.8882 time 4.19s
Epoch 0/12 16/1000 loss: 0.8792 time 4.19s
Epoch 0/12 17/1000 loss: 0.8755 time 4.21s
Epoch 0/12 18/1000 loss: 0.8705 time 4.20s
Epoch 0/12 19/1000 loss: 0.8621 time 4.21s
Epoch 0/12 20/1000 loss: 0.8539 time 4.20s
Epoch 0/12 21/1000 loss: 0.8537 time 4.22s
Epoch 0/12 22/1000 loss: 0.8515 time 4.21s
Epoch 0/12 23/1000 loss: 0.8511 time 4.22s
Epoch 0/12 24/1000 loss: 0.8483 time 4.21s
Epoch 0/12 25/1000 loss: 0.8506 time 4.21s
Epoch 0/12 26/1000 loss: 0.8471 time 4.22s
Epoch 0/12 27/1000 loss: 0.8500 time 4.22s
Epoch 0/12 28/1000 loss: 0.8512 time 4.23s
Epoch 0/12 29/1000 loss: 0.8466 time 4.23s
Epoch 0/12 30/1000 loss: 0.8472 time 4.23s
Epoch 0/12 31/1000 loss: 0.8344 time 4.24s
Epoch 0/12 32/1000 loss: 0.8312 time 4.23s
Epoch 0/12 33/1000 loss: 0.8274 time 4.24s
Epoch 0/12 34/1000 loss: 0.8266 time 4.24s
Epoch 0/12 35/1000 loss: 0.8260 time 4.24s
Epoch 0/12 36/1000 loss: 0.8181 time 4.24s
Epoch 0/12 37/1000 loss: 0.8135 time 4.23s
Epoch 0/12 38/1000 loss: 0.8152 time 4.24s
Epoch 0/12 39/1000 loss: 0.8137 time 4.24s
Epoch 0/12 40/1000 loss: 0.8148 time 4.24s
Epoch 0/12 41/1000 loss: 0.8068 time 4.24s
Epoch 0/12 42/1000 loss: 0.8084 time 4.25s
Epoch 0/12 43/1000 loss: 0.8122 time 4.24s
Epoch 0/12 44/1000 loss: 0.8120 time 4.25s
Epoch 0/12 45/1000 loss: 0.8008 time 4.25s
Epoch 0/12 46/1000 loss: 0.7992 time 4.25s
Epoch 0/12 47/1000 loss: 0.8013 time 4.25s
Epoch 0/12 48/1000 loss: 0.8027 time 4.24s
Epoch 0/12 49/1000 loss: 0.8040 time 4.25s
Epoch 0/12 50/1000 loss: 0.7965 time 4.25s
Epoch 0/12 51/1000 loss: 0.7960 time 4.24s
Epoch 0/12 52/1000 loss: 0.7895 time 4.25s
Epoch 0/12 53/1000 loss: 0.7851 time 4.26s
Epoch 0/12 54/1000 loss: 0.7790 time 4.26s
Epoch 0/12 55/1000 loss: 0.7728 time 4.26s
Epoch 0/12 56/1000 loss: 0.7743 time 4.30s
Epoch 0/12 57/1000 loss: 0.7753 time 4.26s
Epoch 0/12 58/1000 loss: 0.7791 time 4.24s
Epoch 0/12 59/1000 loss: 0.7702 time 4.26s
Epoch 0/12 60/1000 loss: 0.7626 time 4.25s
Epoch 0/12 61/1000 loss: 0.7578 time 4.26s
Epoch 0/12 62/1000 loss: 0.7543 time 4.25s
Epoch 0/12 63/1000 loss: 0.7574 time 4.26s
Epoch 0/12 64/1000 loss: 0.7534 time 4.25s
Epoch 0/12 65/1000 loss: 0.7502 time 4.25s
Epoch 0/12 66/1000 loss: 0.7526 time 4.25s
Epoch 0/12 67/1000 loss: 0.7484 time 4.27s
Epoch 0/12 68/1000 loss: 0.7433 time 4.26s
Epoch 0/12 69/1000 loss: 0.7369 time 4.26s
Epoch 0/12 70/1000 loss: 0.7331 time 4.26s
Epoch 0/12 71/1000 loss: 0.7306 time 4.27s
Epoch 0/12 72/1000 loss: 0.7284 time 4.25s
Epoch 0/12 73/1000 loss: 0.7279 time 4.25s
Epoch 0/12 74/1000 loss: 0.7268 time 4.26s
Epoch 0/12 75/1000 loss: 0.7266 time 4.26s
Epoch 0/12 76/1000 loss: 0.7219 time 4.26s
Epoch 0/12 77/1000 loss: 0.7242 time 4.25s
Epoch 0/12 78/1000 loss: 0.7270 time 4.25s
Epoch 0/12 79/1000 loss: 0.7229 time 4.27s
Epoch 0/12 80/1000 loss: 0.7171 time 4.27s
Epoch 0/12 81/1000 loss: 0.7155 time 4.27s
Epoch 0/12 82/1000 loss: 0.7167 time 4.27s
Epoch 0/12 83/1000 loss: 0.7161 time 4.26s
Epoch 0/12 84/1000 loss: 0.7113 time 4.26s
Epoch 0/12 85/1000 loss: 0.7077 time 4.26s
Epoch 0/12 86/1000 loss: 0.7071 time 4.27s
Epoch 0/12 87/1000 loss: 0.7078 time 4.25s
Epoch 0/12 88/1000 loss: 0.7052 time 4.27s
Epoch 0/12 89/1000 loss: 0.7056 time 4.27s
Epoch 0/12 90/1000 loss: 0.7035 time 4.26s
Epoch 0/12 91/1000 loss: 0.7008 time 4.26s
Epoch 0/12 92/1000 loss: 0.6983 time 4.27s
Epoch 0/12 93/1000 loss: 0.6985 time 4.26s
Epoch 0/12 94/1000 loss: 0.6957 time 4.25s
Epoch 0/12 95/1000 loss: 0.6929 time 4.27s
Epoch 0/12 96/1000 loss: 0.6921 time 4.27s
Epoch 0/12 97/1000 loss: 0.6903 time 4.25s
Epoch 0/12 98/1000 loss: 0.6922 time 4.25s
Epoch 0/12 99/1000 loss: 0.6888 time 4.26s
Epoch 0/12 100/1000 loss: 0.6905 time 4.27s
Epoch 0/12 101/1000 loss: 0.6889 time 4.26s
Epoch 0/12 102/1000 loss: 0.6888 time 4.25s
Epoch 0/12 103/1000 loss: 0.6880 time 4.25s
Epoch 0/12 104/1000 loss: 0.6898 time 4.26s
Epoch 0/12 105/1000 loss: 0.6883 time 4.26s
Epoch 0/12 106/1000 loss: 0.6846 time 4.26s
Epoch 0/12 107/1000 loss: 0.6829 time 4.26s
Epoch 0/12 108/1000 loss: 0.6847 time 4.27s
Epoch 0/12 109/1000 loss: 0.6857 time 4.25s
Epoch 0/12 110/1000 loss: 0.6822 time 4.27s
Epoch 0/12 111/1000 loss: 0.6800 time 4.27s
Epoch 0/12 112/1000 loss: 0.6800 time 4.27s
Epoch 0/12 113/1000 loss: 0.6775 time 4.27s
Epoch 0/12 114/1000 loss: 0.6768 time 4.26s
Epoch 0/12 115/1000 loss: 0.6773 time 4.27s
Epoch 0/12 116/1000 loss: 0.6779 time 4.27s
Epoch 0/12 117/1000 loss: 0.6761 time 4.26s
Epoch 0/12 118/1000 loss: 0.6733 time 4.27s
Epoch 0/12 119/1000 loss: 0.6722 time 4.26s
Epoch 0/12 120/1000 loss: 0.6694 time 4.26s
Epoch 0/12 121/1000 loss: 0.6675 time 4.26s
Epoch 0/12 122/1000 loss: 0.6645 time 4.27s
Epoch 0/12 123/1000 loss: 0.6639 time 4.26s
Epoch 0/12 124/1000 loss: 0.6608 time 4.26s
Epoch 0/12 125/1000 loss: 0.6622 time 4.27s
Epoch 0/12 126/1000 loss: 0.6587 time 4.25s
Epoch 0/12 127/1000 loss: 0.6596 time 4.26s
Epoch 0/12 128/1000 loss: 0.6606 time 4.27s
Epoch 0/12 129/1000 loss: 0.6590 time 4.27s
Epoch 0/12 130/1000 loss: 0.6579 time 4.25s
Epoch 0/12 131/1000 loss: 0.6572 time 4.26s
Epoch 0/12 132/1000 loss: 0.6592 time 4.25s
Epoch 0/12 133/1000 loss: 0.6578 time 4.27s
Epoch 0/12 134/1000 loss: 0.6551 time 4.26s
Epoch 0/12 135/1000 loss: 0.6556 time 4.27s
Epoch 0/12 136/1000 loss: 0.6568 time 4.25s
Epoch 0/12 137/1000 loss: 0.6559 time 4.27s
Epoch 0/12 138/1000 loss: 0.6551 time 4.27s
Epoch 0/12 139/1000 loss: 0.6516 time 4.27s
Epoch 0/12 140/1000 loss: 0.6500 time 4.27s
Epoch 0/12 141/1000 loss: 0.6479 time 4.26s
Epoch 0/12 142/1000 loss: 0.6490 time 4.25s
Epoch 0/12 143/1000 loss: 0.6470 time 4.27s
Epoch 0/12 144/1000 loss: 0.6457 time 4.27s
Epoch 0/12 145/1000 loss: 0.6439 time 4.27s
Epoch 0/12 146/1000 loss: 0.6427 time 4.26s
Epoch 0/12 147/1000 loss: 0.6434 time 4.26s
Epoch 0/12 148/1000 loss: 0.6425 time 4.25s
Epoch 0/12 149/1000 loss: 0.6418 time 4.26s
Epoch 0/12 150/1000 loss: 0.6425 time 4.26s
Epoch 0/12 151/1000 loss: 0.6415 time 4.27s
Epoch 0/12 152/1000 loss: 0.6399 time 4.26s
Epoch 0/12 153/1000 loss: 0.6375 time 4.26s
Epoch 0/12 154/1000 loss: 0.6393 time 4.26s
Epoch 0/12 155/1000 loss: 0.6378 time 4.27s
Epoch 0/12 156/1000 loss: 0.6362 time 4.27s
Epoch 0/12 157/1000 loss: 0.6356 time 4.27s
Epoch 0/12 158/1000 loss: 0.6361 time 4.26s
Epoch 0/12 159/1000 loss: 0.6351 time 4.26s
Epoch 0/12 160/1000 loss: 0.6362 time 4.27s
Epoch 0/12 161/1000 loss: 0.6364 time 4.27s
Epoch 0/12 162/1000 loss: 0.6371 time 4.26s
Epoch 0/12 163/1000 loss: 0.6362 time 4.27s
Epoch 0/12 164/1000 loss: 0.6370 time 4.26s
Epoch 0/12 165/1000 loss: 0.6366 time 4.26s
Epoch 0/12 166/1000 loss: 0.6366 time 4.26s
Epoch 0/12 167/1000 loss: 0.6342 time 4.26s
Epoch 0/12 168/1000 loss: 0.6337 time 4.27s
Epoch 0/12 169/1000 loss: 0.6311 time 4.26s
Epoch 0/12 170/1000 loss: 0.6321 time 4.26s
Epoch 0/12 171/1000 loss: 0.6312 time 4.27s
Epoch 0/12 172/1000 loss: 0.6308 time 4.27s
Epoch 0/12 173/1000 loss: 0.6285 time 4.27s
Epoch 0/12 174/1000 loss: 0.6294 time 4.26s
Epoch 0/12 175/1000 loss: 0.6285 time 4.26s
Epoch 0/12 176/1000 loss: 0.6273 time 4.26s
Epoch 0/12 177/1000 loss: 0.6267 time 4.27s
Epoch 0/12 178/1000 loss: 0.6260 time 4.26s
Epoch 0/12 179/1000 loss: 0.6260 time 4.27s
Epoch 0/12 180/1000 loss: 0.6245 time 4.26s
Epoch 0/12 181/1000 loss: 0.6240 time 4.26s
Epoch 0/12 182/1000 loss: 0.6218 time 4.27s
Epoch 0/12 183/1000 loss: 0.6199 time 4.27s
Epoch 0/12 184/1000 loss: 0.6210 time 4.25s
Epoch 0/12 185/1000 loss: 0.6207 time 4.27s
Epoch 0/12 186/1000 loss: 0.6208 time 4.27s
Epoch 0/12 187/1000 loss: 0.6208 time 4.26s
Epoch 0/12 188/1000 loss: 0.6211 time 4.27s
Epoch 0/12 189/1000 loss: 0.6199 time 4.27s
Epoch 0/12 190/1000 loss: 0.6206 time 4.26s
Epoch 0/12 191/1000 loss: 0.6186 time 4.26s
Epoch 0/12 192/1000 loss: 0.6191 time 4.27s
Epoch 0/12 193/1000 loss: 0.6169 time 4.26s
Epoch 0/12 194/1000 loss: 0.6178 time 4.27s
Epoch 0/12 195/1000 loss: 0.6166 time 4.27s
Epoch 0/12 196/1000 loss: 0.6146 time 4.26s
Epoch 0/12 197/1000 loss: 0.6145 time 4.26s
Epoch 0/12 198/1000 loss: 0.6155 time 4.27s
Epoch 0/12 199/1000 loss: 0.6146 time 4.27s
Epoch 0/12 200/1000 loss: 0.6136 time 4.26s
Epoch 0/12 201/1000 loss: 0.6126 time 4.27s
Epoch 0/12 202/1000 loss: 0.6120 time 4.27s
Epoch 0/12 203/1000 loss: 0.6106 time 4.27s
Epoch 0/12 204/1000 loss: 0.6098 time 4.26s
Epoch 0/12 205/1000 loss: 0.6082 time 4.26s
Epoch 0/12 206/1000 loss: 0.6070 time 4.27s
Epoch 0/12 207/1000 loss: 0.6059 time 4.26s
Epoch 0/12 208/1000 loss: 0.6044 time 4.27s
Epoch 0/12 209/1000 loss: 0.6040 time 4.27s
Epoch 0/12 210/1000 loss: 0.6056 time 4.27s
Epoch 0/12 211/1000 loss: 0.6049 time 4.26s
Epoch 0/12 212/1000 loss: 0.6038 time 4.26s
Epoch 0/12 213/1000 loss: 0.6039 time 4.27s
Epoch 0/12 214/1000 loss: 0.6035 time 4.26s
Epoch 0/12 215/1000 loss: 0.6036 time 4.26s
Epoch 0/12 216/1000 loss: 0.6033 time 4.27s
Epoch 0/12 217/1000 loss: 0.6016 time 4.27s
Epoch 0/12 218/1000 loss: 0.6027 time 4.26s
Epoch 0/12 219/1000 loss: 0.6013 time 4.26s
Epoch 0/12 220/1000 loss: 0.6010 time 4.27s
Epoch 0/12 221/1000 loss: 0.5996 time 4.27s
Epoch 0/12 222/1000 loss: 0.5993 time 4.26s
Epoch 0/12 223/1000 loss: 0.5986 time 4.26s
Epoch 0/12 224/1000 loss: 0.5985 time 4.27s
Epoch 0/12 225/1000 loss: 0.5984 time 4.27s
Epoch 0/12 226/1000 loss: 0.5976 time 4.26s
Epoch 0/12 227/1000 loss: 0.5982 time 4.27s
Epoch 0/12 228/1000 loss: 0.5980 time 4.26s
Epoch 0/12 229/1000 loss: 0.5967 time 4.26s
Epoch 0/12 230/1000 loss: 0.5958 time 4.26s
Epoch 0/12 231/1000 loss: 0.5949 time 4.27s
Epoch 0/12 232/1000 loss: 0.5936 time 4.27s
Epoch 0/12 233/1000 loss: 0.5951 time 4.27s
Epoch 0/12 234/1000 loss: 0.5953 time 4.27s
Epoch 0/12 235/1000 loss: 0.5949 time 4.27s
Epoch 0/12 236/1000 loss: 0.5936 time 4.26s
Epoch 0/12 237/1000 loss: 0.5946 time 4.27s
Epoch 0/12 238/1000 loss: 0.5948 time 4.27s
Epoch 0/12 239/1000 loss: 0.5960 time 4.26s
Epoch 0/12 240/1000 loss: 0.5944 time 4.26s
Epoch 0/12 241/1000 loss: 0.5944 time 4.25s
Epoch 0/12 242/1000 loss: 0.5929 time 4.26s
Epoch 0/12 243/1000 loss: 0.5925 time 4.26s
Epoch 0/12 244/1000 loss: 0.5917 time 4.26s
Epoch 0/12 245/1000 loss: 0.5926 time 4.25s
Epoch 0/12 246/1000 loss: 0.5922 time 4.27s
Epoch 0/12 247/1000 loss: 0.5910 time 4.27s
Epoch 0/12 248/1000 loss: 0.5908 time 4.27s
Epoch 0/12 249/1000 loss: 0.5908 time 4.25s
Epoch 0/12 250/1000 loss: 0.5897 time 4.26s
Epoch 0/12 251/1000 loss: 0.5887 time 4.27s
Epoch 0/12 252/1000 loss: 0.5882 time 4.27s
Epoch 0/12 253/1000 loss: 0.5876 time 4.26s
Epoch 0/12 254/1000 loss: 0.5882 time 4.26s
Epoch 0/12 255/1000 loss: 0.5866 time 4.26s
Epoch 0/12 256/1000 loss: 0.5859 time 4.27s
Epoch 0/12 257/1000 loss: 0.5860 time 4.27s
Epoch 0/12 258/1000 loss: 0.5848 time 4.26s
Epoch 0/12 259/1000 loss: 0.5851 time 4.26s
Epoch 0/12 260/1000 loss: 0.5861 time 4.26s
Epoch 0/12 261/1000 loss: 0.5853 time 4.27s
Epoch 0/12 262/1000 loss: 0.5848 time 4.26s
Epoch 0/12 263/1000 loss: 0.5859 time 4.26s
Epoch 0/12 264/1000 loss: 0.5855 time 4.26s
Epoch 0/12 265/1000 loss: 0.5870 time 4.26s
Epoch 0/12 266/1000 loss: 0.5879 time 4.26s
Epoch 0/12 267/1000 loss: 0.5883 time 4.26s
Epoch 0/12 268/1000 loss: 0.5881 time 4.26s
Epoch 0/12 269/1000 loss: 0.5876 time 4.27s
Epoch 0/12 270/1000 loss: 0.5875 time 4.27s
Epoch 0/12 271/1000 loss: 0.5875 time 4.26s
Epoch 0/12 272/1000 loss: 0.5884 time 4.25s
Epoch 0/12 273/1000 loss: 0.5877 time 4.26s
Epoch 0/12 274/1000 loss: 0.5863 time 4.26s
Epoch 0/12 275/1000 loss: 0.5862 time 4.26s
Epoch 0/12 276/1000 loss: 0.5851 time 4.25s
Epoch 0/12 277/1000 loss: 0.5855 time 4.27s
Epoch 0/12 278/1000 loss: 0.5850 time 4.27s
Epoch 0/12 279/1000 loss: 0.5843 time 4.27s
Epoch 0/12 280/1000 loss: 0.5843 time 4.26s
Epoch 0/12 281/1000 loss: 0.5833 time 4.26s
Epoch 0/12 282/1000 loss: 0.5821 time 4.26s
Epoch 0/12 283/1000 loss: 0.5811 time 4.26s
Epoch 0/12 284/1000 loss: 0.5806 time 4.27s
Epoch 0/12 285/1000 loss: 0.5790 time 4.26s
Epoch 0/12 286/1000 loss: 0.5782 time 4.26s
Epoch 0/12 287/1000 loss: 0.5780 time 4.26s
Epoch 0/12 288/1000 loss: 0.5791 time 4.26s
Epoch 0/12 289/1000 loss: 0.5793 time 4.26s
Epoch 0/12 290/1000 loss: 0.5805 time 4.26s
Epoch 0/12 291/1000 loss: 0.5792 time 4.27s
Epoch 0/12 292/1000 loss: 0.5779 time 4.26s
Epoch 0/12 293/1000 loss: 0.5764 time 4.27s
Epoch 0/12 294/1000 loss: 0.5763 time 4.27s
Epoch 0/12 295/1000 loss: 0.5757 time 4.27s
Epoch 0/12 296/1000 loss: 0.5755 time 4.26s
Epoch 0/12 297/1000 loss: 0.5751 time 4.27s
Epoch 0/12 298/1000 loss: 0.5756 time 4.25s
Epoch 0/12 299/1000 loss: 0.5750 time 4.25s
Epoch 0/12 300/1000 loss: 0.5740 time 4.26s
Epoch 0/12 301/1000 loss: 0.5729 time 4.26s
Epoch 0/12 302/1000 loss: 0.5727 time 4.26s
Epoch 0/12 303/1000 loss: 0.5716 time 4.27s
Epoch 0/12 304/1000 loss: 0.5702 time 4.26s
Epoch 0/12 305/1000 loss: 0.5699 time 4.26s
Epoch 0/12 306/1000 loss: 0.5697 time 4.26s
Epoch 0/12 307/1000 loss: 0.5694 time 4.26s
Epoch 0/12 308/1000 loss: 0.5683 time 4.25s
Epoch 0/12 309/1000 loss: 0.5682 time 4.26s
Epoch 0/12 310/1000 loss: 0.5677 time 4.27s
Epoch 0/12 311/1000 loss: 0.5685 time 4.26s
Epoch 0/12 312/1000 loss: 0.5689 time 4.26s
Epoch 0/12 313/1000 loss: 0.5689 time 4.26s
Epoch 0/12 314/1000 loss: 0.5682 time 4.26s
Epoch 0/12 315/1000 loss: 0.5691 time 4.26s
Epoch 0/12 316/1000 loss: 0.5681 time 4.25s
Epoch 0/12 317/1000 loss: 0.5687 time 4.27s
Epoch 0/12 318/1000 loss: 0.5695 time 4.27s
Epoch 0/12 319/1000 loss: 0.5700 time 4.27s
Epoch 0/12 320/1000 loss: 0.5688 time 4.26s
Epoch 0/12 321/1000 loss: 0.5681 time 4.27s
Epoch 0/12 322/1000 loss: 0.5679 time 4.25s
Epoch 0/12 323/1000 loss: 0.5671 time 4.26s
Epoch 0/12 324/1000 loss: 0.5663 time 4.26s
Epoch 0/12 325/1000 loss: 0.5661 time 4.26s
Epoch 0/12 326/1000 loss: 0.5651 time 4.26s
Epoch 0/12 327/1000 loss: 0.5642 time 4.27s
Epoch 0/12 328/1000 loss: 0.5631 time 4.25s
Epoch 0/12 329/1000 loss: 0.5626 time 4.26s
Epoch 0/12 330/1000 loss: 0.5617 time 4.26s
Epoch 0/12 331/1000 loss: 0.5606 time 4.26s
Epoch 0/12 332/1000 loss: 0.5607 time 4.26s
Epoch 0/12 333/1000 loss: 0.5610 time 4.27s
Epoch 0/12 334/1000 loss: 0.5601 time 4.26s
Epoch 0/12 335/1000 loss: 0.5594 time 4.26s
Epoch 0/12 336/1000 loss: 0.5584 time 4.25s
Epoch 0/12 337/1000 loss: 0.5582 time 4.25s
Epoch 0/12 338/1000 loss: 0.5576 time 4.26s
Epoch 0/12 339/1000 loss: 0.5579 time 4.26s
Epoch 0/12 340/1000 loss: 0.5591 time 4.25s
Epoch 0/12 341/1000 loss: 0.5578 time 4.27s
Epoch 0/12 342/1000 loss: 0.5569 time 4.26s
Epoch 0/12 343/1000 loss: 0.5561 time 4.26s
Epoch 0/12 344/1000 loss: 0.5555 time 4.25s
Epoch 0/12 345/1000 loss: 0.5546 time 4.27s
Epoch 0/12 346/1000 loss: 0.5538 time 4.26s
Epoch 0/12 347/1000 loss: 0.5544 time 4.26s
Epoch 0/12 348/1000 loss: 0.5537 time 4.25s
Epoch 0/12 349/1000 loss: 0.5541 time 4.27s
Epoch 0/12 350/1000 loss: 0.5538 time 4.27s
Epoch 0/12 351/1000 loss: 0.5531 time 4.26s
Epoch 0/12 352/1000 loss: 0.5534 time 4.26s
Epoch 0/12 353/1000 loss: 0.5537 time 4.26s
Epoch 0/12 354/1000 loss: 0.5537 time 4.26s
Epoch 0/12 355/1000 loss: 0.5526 time 4.26s
Epoch 0/12 356/1000 loss: 0.5514 time 4.25s
Epoch 0/12 357/1000 loss: 0.5505 time 4.26s
Epoch 0/12 358/1000 loss: 0.5494 time 4.26s
Epoch 0/12 359/1000 loss: 0.5502 time 4.27s
Epoch 0/12 360/1000 loss: 0.5491 time 4.26s
Epoch 0/12 361/1000 loss: 0.5486 time 4.26s
Epoch 0/12 362/1000 loss: 0.5478 time 4.26s
Epoch 0/12 363/1000 loss: 0.5477 time 4.26s
Epoch 0/12 364/1000 loss: 0.5473 time 4.26s
Epoch 0/12 365/1000 loss: 0.5467 time 4.26s
Epoch 0/12 366/1000 loss: 0.5459 time 4.25s
Epoch 0/12 367/1000 loss: 0.5455 time 4.27s
Epoch 0/12 368/1000 loss: 0.5449 time 4.26s
Epoch 0/12 369/1000 loss: 0.5456 time 4.27s
Epoch 0/12 370/1000 loss: 0.5451 time 4.25s
Epoch 0/12 371/1000 loss: 0.5450 time 4.26s
Epoch 0/12 372/1000 loss: 0.5456 time 4.26s
Epoch 0/12 373/1000 loss: 0.5449 time 4.27s
Epoch 0/12 374/1000 loss: 0.5444 time 4.25s
Epoch 0/12 375/1000 loss: 0.5441 time 4.26s
Epoch 0/12 376/1000 loss: 0.5443 time 4.26s
Epoch 0/12 377/1000 loss: 0.5439 time 4.26s
Epoch 0/12 378/1000 loss: 0.5447 time 4.26s
Epoch 0/12 379/1000 loss: 0.5438 time 4.27s
Epoch 0/12 380/1000 loss: 0.5447 time 4.26s
Epoch 0/12 381/1000 loss: 0.5443 time 4.26s
Epoch 0/12 382/1000 loss: 0.5432 time 4.26s
Epoch 0/12 383/1000 loss: 0.5428 time 4.27s
Epoch 0/12 384/1000 loss: 0.5429 time 4.25s
Epoch 0/12 385/1000 loss: 0.5420 time 4.26s
Epoch 0/12 386/1000 loss: 0.5427 time 4.26s
Epoch 0/12 387/1000 loss: 0.5428 time 4.26s
Epoch 0/12 388/1000 loss: 0.5426 time 4.26s
Epoch 0/12 389/1000 loss: 0.5425 time 4.26s
Epoch 0/12 390/1000 loss: 0.5420 time 4.26s
Epoch 0/12 391/1000 loss: 0.5422 time 4.27s
Epoch 0/12 392/1000 loss: 0.5424 time 4.26s
Epoch 0/12 393/1000 loss: 0.5423 time 4.26s
Epoch 0/12 394/1000 loss: 0.5431 time 4.26s
Epoch 0/12 395/1000 loss: 0.5435 time 4.26s
Epoch 0/12 396/1000 loss: 0.5426 time 4.25s
Epoch 0/12 397/1000 loss: 0.5431 time 4.27s
Epoch 0/12 398/1000 loss: 0.5426 time 4.25s
Epoch 0/12 399/1000 loss: 0.5429 time 4.26s
Epoch 0/12 400/1000 loss: 0.5433 time 4.25s
Epoch 0/12 401/1000 loss: 0.5429 time 4.26s
Epoch 0/12 402/1000 loss: 0.5437 time 4.26s
Epoch 0/12 403/1000 loss: 0.5428 time 4.26s
Epoch 0/12 404/1000 loss: 0.5422 time 4.27s
Epoch 0/12 405/1000 loss: 0.5422 time 4.27s
Epoch 0/12 406/1000 loss: 0.5411 time 4.25s
Epoch 0/12 407/1000 loss: 0.5400 time 4.27s
Epoch 0/12 408/1000 loss: 0.5398 time 4.25s
Epoch 0/12 409/1000 loss: 0.5391 time 4.27s
Epoch 0/12 410/1000 loss: 0.5382 time 4.26s
Epoch 0/12 411/1000 loss: 0.5381 time 4.27s
Epoch 0/12 412/1000 loss: 0.5386 time 4.26s
Epoch 0/12 413/1000 loss: 0.5379 time 4.26s
Epoch 0/12 414/1000 loss: 0.5374 time 4.26s
Epoch 0/12 415/1000 loss: 0.5379 time 4.26s
Epoch 0/12 416/1000 loss: 0.5378 time 4.26s
Epoch 0/12 417/1000 loss: 0.5373 time 4.26s
Epoch 0/12 418/1000 loss: 0.5366 time 4.25s
Epoch 0/12 419/1000 loss: 0.5358 time 4.25s
Epoch 0/12 420/1000 loss: 0.5351 time 4.25s
Epoch 0/12 421/1000 loss: 0.5352 time 4.26s
Epoch 0/12 422/1000 loss: 0.5344 time 4.26s
Epoch 0/12 423/1000 loss: 0.5336 time 4.27s
Epoch 0/12 424/1000 loss: 0.5330 time 4.26s
Epoch 0/12 425/1000 loss: 0.5328 time 4.26s
Epoch 0/12 426/1000 loss: 0.5322 time 4.26s
Epoch 0/12 427/1000 loss: 0.5327 time 4.26s
Epoch 0/12 428/1000 loss: 0.5318 time 4.25s
Epoch 0/12 429/1000 loss: 0.5319 time 4.25s
Epoch 0/12 430/1000 loss: 0.5312 time 4.26s
Epoch 0/12 431/1000 loss: 0.5306 time 4.26s
Epoch 0/12 432/1000 loss: 0.5304 time 4.26s
Epoch 0/12 433/1000 loss: 0.5297 time 4.26s
Epoch 0/12 434/1000 loss: 0.5301 time 4.26s
Epoch 0/12 435/1000 loss: 0.5295 time 4.26s
Epoch 0/12 436/1000 loss: 0.5293 time 4.26s
Epoch 0/12 437/1000 loss: 0.5287 time 4.26s
Epoch 0/12 438/1000 loss: 0.5290 time 4.25s
Epoch 0/12 439/1000 loss: 0.5284 time 4.26s
Epoch 0/12 440/1000 loss: 0.5276 time 4.26s
Epoch 0/12 441/1000 loss: 0.5266 time 4.26s
Epoch 0/12 442/1000 loss: 0.5261 time 4.26s
Epoch 0/12 443/1000 loss: 0.5257 time 4.27s
Epoch 0/12 444/1000 loss: 0.5257 time 4.26s
Epoch 0/12 445/1000 loss: 0.5250 time 4.26s
Epoch 0/12 446/1000 loss: 0.5253 time 4.26s
Epoch 0/12 447/1000 loss: 0.5245 time 4.26s
Epoch 0/12 448/1000 loss: 0.5250 time 4.25s
Epoch 0/12 449/1000 loss: 0.5244 time 4.26s
Epoch 0/12 450/1000 loss: 0.5239 time 4.26s
Epoch 0/12 451/1000 loss: 0.5231 time 4.25s
Epoch 0/12 452/1000 loss: 0.5226 time 4.26s
Epoch 0/12 453/1000 loss: 0.5218 time 4.26s
Epoch 0/12 454/1000 loss: 0.5223 time 4.26s
Epoch 0/12 455/1000 loss: 0.5219 time 4.26s
Epoch 0/12 456/1000 loss: 0.5220 time 4.26s
Epoch 0/12 457/1000 loss: 0.5220 time 4.26s
Epoch 0/12 458/1000 loss: 0.5217 time 4.26s
Epoch 0/12 459/1000 loss: 0.5220 time 4.26s
Epoch 0/12 460/1000 loss: 0.5219 time 4.26s
Epoch 0/12 461/1000 loss: 0.5221 time 4.26s
Epoch 0/12 462/1000 loss: 0.5220 time 4.26s
Epoch 0/12 463/1000 loss: 0.5225 time 4.26s
Epoch 0/12 464/1000 loss: 0.5218 time 4.25s
Epoch 0/12 465/1000 loss: 0.5221 time 4.26s
Epoch 0/12 466/1000 loss: 0.5213 time 4.26s
Epoch 0/12 467/1000 loss: 0.5207 time 4.26s
Epoch 0/12 468/1000 loss: 0.5206 time 4.25s
Epoch 0/12 469/1000 loss: 0.5201 time 4.26s
Epoch 0/12 470/1000 loss: 0.5197 time 4.25s
Epoch 0/12 471/1000 loss: 0.5194 time 4.25s
Epoch 0/12 472/1000 loss: 0.5188 time 4.26s
Epoch 0/12 473/1000 loss: 0.5195 time 4.27s
Epoch 0/12 474/1000 loss: 0.5191 time 4.25s
Epoch 0/12 475/1000 loss: 0.5188 time 4.26s
Epoch 0/12 476/1000 loss: 0.5188 time 4.26s
Epoch 0/12 477/1000 loss: 0.5191 time 4.26s
Epoch 0/12 478/1000 loss: 0.5186 time 4.26s
Epoch 0/12 479/1000 loss: 0.5182 time 4.26s
Epoch 0/12 480/1000 loss: 0.5178 time 4.26s
Epoch 0/12 481/1000 loss: 0.5185 time 4.26s
Epoch 0/12 482/1000 loss: 0.5192 time 4.25s
Epoch 0/12 483/1000 loss: 0.5196 time 4.26s
Epoch 0/12 484/1000 loss: 0.5195 time 4.26s
Epoch 0/12 485/1000 loss: 0.5186 time 4.26s
Epoch 0/12 486/1000 loss: 0.5180 time 4.25s
Epoch 0/12 487/1000 loss: 0.5179 time 4.25s
Epoch 0/12 488/1000 loss: 0.5174 time 4.25s
Epoch 0/12 489/1000 loss: 0.5174 time 4.27s
Epoch 0/12 490/1000 loss: 0.5173 time 4.26s
Epoch 0/12 491/1000 loss: 0.5173 time 4.26s
Epoch 0/12 492/1000 loss: 0.5172 time 4.26s
Epoch 0/12 493/1000 loss: 0.5165 time 4.26s
Epoch 0/12 494/1000 loss: 0.5161 time 4.26s
Epoch 0/12 495/1000 loss: 0.5159 time 4.26s
Epoch 0/12 496/1000 loss: 0.5163 time 4.27s
Epoch 0/12 497/1000 loss: 0.5166 time 4.27s
Epoch 0/12 498/1000 loss: 0.5170 time 4.26s
Epoch 0/12 499/1000 loss: 0.5173 time 4.26s
Epoch 0/12 500/1000 loss: 0.5171 time 4.26s
Epoch 0/12 501/1000 loss: 0.5174 time 4.27s
Epoch 0/12 502/1000 loss: 0.5166 time 4.25s
Epoch 0/12 503/1000 loss: 0.5161 time 4.25s
Epoch 0/12 504/1000 loss: 0.5154 time 4.26s
Epoch 0/12 505/1000 loss: 0.5147 time 4.26s
Epoch 0/12 506/1000 loss: 0.5145 time 4.25s
Epoch 0/12 507/1000 loss: 0.5144 time 4.26s
Epoch 0/12 508/1000 loss: 0.5139 time 4.26s
Epoch 0/12 509/1000 loss: 0.5138 time 4.26s
Epoch 0/12 510/1000 loss: 0.5132 time 4.26s
Epoch 0/12 511/1000 loss: 0.5130 time 4.26s
Epoch 0/12 512/1000 loss: 0.5127 time 4.26s
Epoch 0/12 513/1000 loss: 0.5123 time 4.26s
Epoch 0/12 514/1000 loss: 0.5122 time 4.26s
Epoch 0/12 515/1000 loss: 0.5114 time 4.26s
Epoch 0/12 516/1000 loss: 0.5118 time 4.26s
Epoch 0/12 517/1000 loss: 0.5115 time 4.26s
Epoch 0/12 518/1000 loss: 0.5108 time 4.26s
Epoch 0/12 519/1000 loss: 0.5113 time 4.26s
Epoch 0/12 520/1000 loss: 0.5109 time 4.25s
Epoch 0/12 521/1000 loss: 0.5104 time 4.27s
Epoch 0/12 522/1000 loss: 0.5100 time 4.26s
Epoch 0/12 523/1000 loss: 0.5099 time 4.26s
Epoch 0/12 524/1000 loss: 0.5103 time 4.26s
Epoch 0/12 525/1000 loss: 0.5102 time 4.27s
Epoch 0/12 526/1000 loss: 0.5096 time 4.26s
Epoch 0/12 527/1000 loss: 0.5094 time 4.26s
Epoch 0/12 528/1000 loss: 0.5087 time 4.26s
Epoch 0/12 529/1000 loss: 0.5086 time 4.26s
Epoch 0/12 530/1000 loss: 0.5085 time 4.25s
Epoch 0/12 531/1000 loss: 0.5082 time 4.27s
Epoch 0/12 532/1000 loss: 0.5084 time 4.25s
Epoch 0/12 533/1000 loss: 0.5080 time 4.27s
Epoch 0/12 534/1000 loss: 0.5073 time 4.25s
Epoch 0/12 535/1000 loss: 0.5072 time 4.26s
Epoch 0/12 536/1000 loss: 0.5067 time 4.26s
Epoch 0/12 537/1000 loss: 0.5066 time 4.26s
Epoch 0/12 538/1000 loss: 0.5061 time 4.26s
Epoch 0/12 539/1000 loss: 0.5065 time 4.27s
Epoch 0/12 540/1000 loss: 0.5067 time 4.25s
Epoch 0/12 541/1000 loss: 0.5074 time 4.27s
Epoch 0/12 542/1000 loss: 0.5071 time 4.25s
Epoch 0/12 543/1000 loss: 0.5075 time 4.25s
Epoch 0/12 544/1000 loss: 0.5078 time 4.25s
Epoch 0/12 545/1000 loss: 0.5071 time 4.26s
Epoch 0/12 546/1000 loss: 0.5066 time 4.26s
Epoch 0/12 547/1000 loss: 0.5061 time 4.26s
Epoch 0/12 548/1000 loss: 0.5059 time 4.26s
Epoch 0/12 549/1000 loss: 0.5054 time 4.26s
Epoch 0/12 550/1000 loss: 0.5047 time 4.26s
Epoch 0/12 551/1000 loss: 0.5041 time 4.26s
Epoch 0/12 552/1000 loss: 0.5044 time 4.25s
Epoch 0/12 553/1000 loss: 0.5047 time 4.27s
Epoch 0/12 554/1000 loss: 0.5044 time 4.25s
Epoch 0/12 555/1000 loss: 0.5039 time 4.25s
Epoch 0/12 556/1000 loss: 0.5034 time 4.26s
Epoch 0/12 557/1000 loss: 0.5028 time 4.26s
Epoch 0/12 558/1000 loss: 0.5026 time 4.25s
Epoch 0/12 559/1000 loss: 0.5027 time 4.26s
Epoch 0/12 560/1000 loss: 0.5020 time 4.26s
Epoch 0/12 561/1000 loss: 0.5019 time 4.26s
Epoch 0/12 562/1000 loss: 0.5019 time 4.26s
Epoch 0/12 563/1000 loss: 0.5016 time 4.27s
Epoch 0/12 564/1000 loss: 0.5022 time 4.26s
Epoch 0/12 565/1000 loss: 0.5024 time 4.26s
Epoch 0/12 566/1000 loss: 0.5024 time 4.25s
Epoch 0/12 567/1000 loss: 0.5031 time 4.26s
Epoch 0/12 568/1000 loss: 0.5025 time 4.25s
Epoch 0/12 569/1000 loss: 0.5022 time 4.27s
Epoch 0/12 570/1000 loss: 0.5016 time 4.26s
Epoch 0/12 571/1000 loss: 0.5020 time 4.26s
Epoch 0/12 572/1000 loss: 0.5016 time 4.25s
Epoch 0/12 573/1000 loss: 0.5019 time 4.26s
Epoch 0/12 574/1000 loss: 0.5014 time 4.25s
Epoch 0/12 575/1000 loss: 0.5014 time 4.26s
Epoch 0/12 576/1000 loss: 0.5016 time 4.25s
Epoch 0/12 577/1000 loss: 0.5012 time 4.25s
Epoch 0/12 578/1000 loss: 0.5008 time 4.26s
Epoch 0/12 579/1000 loss: 0.5005 time 4.25s
Epoch 0/12 580/1000 loss: 0.5008 time 4.25s
Epoch 0/12 581/1000 loss: 0.5009 time 4.26s
Epoch 0/12 582/1000 loss: 0.5004 time 4.26s
Epoch 0/12 583/1000 loss: 0.4998 time 4.25s
Epoch 0/12 584/1000 loss: 0.4996 time 4.26s
Epoch 0/12 585/1000 loss: 0.4990 time 4.26s
Epoch 0/12 586/1000 loss: 0.4986 time 4.26s
Epoch 0/12 587/1000 loss: 0.4982 time 4.27s
Epoch 0/12 588/1000 loss: 0.4977 time 4.25s
Epoch 0/12 589/1000 loss: 0.4972 time 4.26s
Epoch 0/12 590/1000 loss: 0.4969 time 4.26s
Epoch 0/12 591/1000 loss: 0.4970 time 4.26s
Epoch 0/12 592/1000 loss: 0.4975 time 4.26s
Epoch 0/12 593/1000 loss: 0.4971 time 4.26s
Epoch 0/12 594/1000 loss: 0.4971 time 4.26s
Epoch 0/12 595/1000 loss: 0.4966 time 4.26s
Epoch 0/12 596/1000 loss: 0.4970 time 4.25s
Epoch 0/12 597/1000 loss: 0.4968 time 4.25s
Epoch 0/12 598/1000 loss: 0.4975 time 4.27s
Epoch 0/12 599/1000 loss: 0.4974 time 4.25s
Epoch 0/12 600/1000 loss: 0.4972 time 4.25s
Epoch 0/12 601/1000 loss: 0.4967 time 4.26s
Epoch 0/12 602/1000 loss: 0.4963 time 4.26s
Epoch 0/12 603/1000 loss: 0.4958 time 4.26s
Epoch 0/12 604/1000 loss: 0.4958 time 4.25s
Epoch 0/12 605/1000 loss: 0.4955 time 4.25s
Epoch 0/12 606/1000 loss: 0.4958 time 4.25s
Epoch 0/12 607/1000 loss: 0.4952 time 4.26s
Epoch 0/12 608/1000 loss: 0.4946 time 4.26s
Epoch 0/12 609/1000 loss: 0.4942 time 4.26s
Epoch 0/12 610/1000 loss: 0.4947 time 4.25s
Epoch 0/12 611/1000 loss: 0.4946 time 4.25s
Epoch 0/12 612/1000 loss: 0.4945 time 4.25s
Epoch 0/12 613/1000 loss: 0.4949 time 4.27s
Epoch 0/12 614/1000 loss: 0.4944 time 4.26s
Epoch 0/12 615/1000 loss: 0.4946 time 4.26s
Epoch 0/12 616/1000 loss: 0.4951 time 4.25s
Epoch 0/12 617/1000 loss: 0.4957 time 4.27s
Epoch 0/12 618/1000 loss: 0.4961 time 4.26s
Epoch 0/12 619/1000 loss: 0.4956 time 4.27s
Epoch 0/12 620/1000 loss: 0.4952 time 4.25s
Epoch 0/12 621/1000 loss: 0.4950 time 4.25s
Epoch 0/12 622/1000 loss: 0.4948 time 4.25s
Epoch 0/12 623/1000 loss: 0.4944 time 4.27s
Epoch 0/12 624/1000 loss: 0.4944 time 4.25s
Epoch 0/12 625/1000 loss: 0.4942 time 4.26s
Epoch 0/12 626/1000 loss: 0.4938 time 4.26s
Epoch 0/12 627/1000 loss: 0.4934 time 4.27s
Epoch 0/12 628/1000 loss: 0.4930 time 4.27s
Epoch 0/12 629/1000 loss: 0.4924 time 4.25s
Epoch 0/12 630/1000 loss: 0.4921 time 4.26s
Epoch 0/12 631/1000 loss: 0.4920 time 4.27s
Epoch 0/12 632/1000 loss: 0.4921 time 4.26s
Epoch 0/12 633/1000 loss: 0.4918 time 4.26s
Epoch 0/12 634/1000 loss: 0.4913 time 4.25s
Epoch 0/12 635/1000 loss: 0.4912 time 4.27s
Epoch 0/12 636/1000 loss: 0.4913 time 4.25s
Epoch 0/12 637/1000 loss: 0.4910 time 4.25s
Epoch 0/12 638/1000 loss: 0.4906 time 4.26s
Epoch 0/12 639/1000 loss: 0.4907 time 4.26s
Epoch 0/12 640/1000 loss: 0.4902 time 4.26s
Epoch 0/12 641/1000 loss: 0.4902 time 4.26s
Epoch 0/12 642/1000 loss: 0.4899 time 4.25s
Epoch 0/12 643/1000 loss: 0.4894 time 4.26s
Epoch 0/12 644/1000 loss: 0.4896 time 4.27s
Epoch 0/12 645/1000 loss: 0.4892 time 4.26s
Epoch 0/12 646/1000 loss: 0.4895 time 4.26s
Epoch 0/12 647/1000 loss: 0.4892 time 4.27s
Epoch 0/12 648/1000 loss: 0.4888 time 4.26s
Epoch 0/12 649/1000 loss: 0.4885 time 4.26s
Epoch 0/12 650/1000 loss: 0.4884 time 4.26s
Epoch 0/12 651/1000 loss: 0.4879 time 4.27s
Epoch 0/12 652/1000 loss: 0.4875 time 4.26s
Epoch 0/12 653/1000 loss: 0.4871 time 4.27s
Epoch 0/12 654/1000 loss: 0.4870 time 4.26s
Epoch 0/12 655/1000 loss: 0.4865 time 4.26s
Epoch 0/12 656/1000 loss: 0.4862 time 4.26s
Epoch 0/12 657/1000 loss: 0.4868 time 4.26s
Epoch 0/12 658/1000 loss: 0.4871 time 4.25s
Epoch 0/12 659/1000 loss: 0.4867 time 4.26s
Epoch 0/12 660/1000 loss: 0.4864 time 4.26s
Epoch 0/12 661/1000 loss: 0.4860 time 4.26s
Epoch 0/12 662/1000 loss: 0.4856 time 4.25s
Epoch 0/12 663/1000 loss: 0.4854 time 4.26s
Epoch 0/12 664/1000 loss: 0.4853 time 4.26s
Epoch 0/12 665/1000 loss: 0.4852 time 4.26s
Epoch 0/12 666/1000 loss: 0.4850 time 4.26s
Epoch 0/12 667/1000 loss: 0.4845 time 4.26s
Epoch 0/12 668/1000 loss: 0.4841 time 4.26s
Epoch 0/12 669/1000 loss: 0.4837 time 4.26s
Epoch 0/12 670/1000 loss: 0.4841 time 4.25s
Epoch 0/12 671/1000 loss: 0.4836 time 4.26s
Epoch 0/12 672/1000 loss: 0.4836 time 4.25s
Epoch 0/12 673/1000 loss: 0.4834 time 4.26s
Epoch 0/12 674/1000 loss: 0.4830 time 4.26s
Epoch 0/12 675/1000 loss: 0.4828 time 4.26s
Epoch 0/12 676/1000 loss: 0.4826 time 4.25s
Epoch 0/12 677/1000 loss: 0.4822 time 4.26s
Epoch 0/12 678/1000 loss: 0.4820 time 4.26s
Epoch 0/12 679/1000 loss: 0.4815 time 4.26s
Epoch 0/12 680/1000 loss: 0.4817 time 4.26s
Epoch 0/12 681/1000 loss: 0.4820 time 4.27s
Epoch 0/12 682/1000 loss: 0.4822 time 4.25s
Epoch 0/12 683/1000 loss: 0.4817 time 4.26s
Epoch 0/12 684/1000 loss: 0.4816 time 4.26s
Epoch 0/12 685/1000 loss: 0.4812 time 4.27s
Epoch 0/12 686/1000 loss: 0.4812 time 4.26s
Epoch 0/12 687/1000 loss: 0.4812 time 4.26s
Epoch 0/12 688/1000 loss: 0.4815 time 4.26s
Epoch 0/12 689/1000 loss: 0.4816 time 4.27s
Epoch 0/12 690/1000 loss: 0.4819 time 4.25s
Epoch 0/12 691/1000 loss: 0.4815 time 4.26s
Epoch 0/12 692/1000 loss: 0.4814 time 4.26s
Epoch 0/12 693/1000 loss: 0.4812 time 4.26s
Epoch 0/12 694/1000 loss: 0.4813 time 4.27s
Epoch 0/12 695/1000 loss: 0.4810 time 4.25s
Epoch 0/12 696/1000 loss: 0.4808 time 4.25s
Epoch 0/12 697/1000 loss: 0.4807 time 4.27s
Epoch 0/12 698/1000 loss: 0.4807 time 4.25s
Epoch 0/12 699/1000 loss: 0.4803 time 4.27s
Epoch 0/12 700/1000 loss: 0.4803 time 4.25s
Epoch 0/12 701/1000 loss: 0.4802 time 4.26s
Epoch 0/12 702/1000 loss: 0.4798 time 4.26s
Epoch 0/12 703/1000 loss: 0.4794 time 4.26s
Epoch 0/12 704/1000 loss: 0.4795 time 4.25s
Epoch 0/12 705/1000 loss: 0.4794 time 4.26s
Epoch 0/12 706/1000 loss: 0.4792 time 4.25s
Epoch 0/12 707/1000 loss: 0.4787 time 4.27s
Epoch 0/12 708/1000 loss: 0.4783 time 4.26s
Epoch 0/12 709/1000 loss: 0.4783 time 4.25s
Epoch 0/12 710/1000 loss: 0.4785 time 4.27s
Epoch 0/12 711/1000 loss: 0.4782 time 4.25s
Epoch 0/12 712/1000 loss: 0.4786 time 4.26s
Epoch 0/12 713/1000 loss: 0.4784 time 4.26s
Epoch 0/12 714/1000 loss: 0.4783 time 4.25s
Epoch 0/12 715/1000 loss: 0.4781 time 4.26s
Epoch 0/12 716/1000 loss: 0.4779 time 4.26s
Epoch 0/12 717/1000 loss: 0.4775 time 4.25s
Epoch 0/12 718/1000 loss: 0.4772 time 4.26s
Epoch 0/12 719/1000 loss: 0.4769 time 4.26s
Epoch 0/12 720/1000 loss: 0.4765 time 4.26s
Epoch 0/12 721/1000 loss: 0.4763 time 4.27s
Epoch 0/12 722/1000 loss: 0.4761 time 4.26s
Epoch 0/12 723/1000 loss: 0.4761 time 4.26s
Epoch 0/12 724/1000 loss: 0.4758 time 4.25s
Epoch 0/12 725/1000 loss: 0.4758 time 4.27s
Epoch 0/12 726/1000 loss: 0.4753 time 4.25s
Epoch 0/12 727/1000 loss: 0.4759 time 4.25s
Epoch 0/12 728/1000 loss: 0.4756 time 4.25s
Epoch 0/12 729/1000 loss: 0.4754 time 4.25s
Epoch 0/12 730/1000 loss: 0.4761 time 4.26s
Epoch 0/12 731/1000 loss: 0.4758 time 4.27s
Epoch 0/12 732/1000 loss: 0.4754 time 4.26s
Epoch 0/12 733/1000 loss: 0.4756 time 4.26s
Epoch 0/12 734/1000 loss: 0.4752 time 4.26s
Epoch 0/12 735/1000 loss: 0.4746 time 4.26s
Epoch 0/12 736/1000 loss: 0.4742 time 4.25s
Epoch 0/12 737/1000 loss: 0.4738 time 4.25s
Epoch 0/12 738/1000 loss: 0.4738 time 4.26s
Epoch 0/12 739/1000 loss: 0.4743 time 4.26s
Epoch 0/12 740/1000 loss: 0.4742 time 4.26s
Epoch 0/12 741/1000 loss: 0.4745 time 4.26s
Epoch 0/12 742/1000 loss: 0.4745 time 4.27s
Epoch 0/12 743/1000 loss: 0.4745 time 4.25s
Epoch 0/12 744/1000 loss: 0.4741 time 4.27s
Epoch 0/12 745/1000 loss: 0.4741 time 4.26s
Epoch 0/12 746/1000 loss: 0.4737 time 4.25s
Epoch 0/12 747/1000 loss: 0.4731 time 4.25s
Epoch 0/12 748/1000 loss: 0.4726 time 4.25s
Epoch 0/12 749/1000 loss: 0.4730 time 4.26s
Epoch 0/12 750/1000 loss: 0.4728 time 4.26s
Epoch 0/12 751/1000 loss: 0.4727 time 4.26s
Epoch 0/12 752/1000 loss: 0.4723 time 4.26s
Epoch 0/12 753/1000 loss: 0.4720 time 4.26s
Epoch 0/12 754/1000 loss: 0.4719 time 4.27s
Epoch 0/12 755/1000 loss: 0.4714 time 4.26s
Epoch 0/12 756/1000 loss: 0.4711 time 4.26s
Epoch 0/12 757/1000 loss: 0.4708 time 4.25s
Epoch 0/12 758/1000 loss: 0.4706 time 4.27s
Epoch 0/12 759/1000 loss: 0.4705 time 4.26s
Epoch 0/12 760/1000 loss: 0.4705 time 4.26s
Epoch 0/12 761/1000 loss: 0.4703 time 4.27s
Epoch 0/12 762/1000 loss: 0.4703 time 4.27s
Epoch 0/12 763/1000 loss: 0.4698 time 4.26s
Epoch 0/12 764/1000 loss: 0.4695 time 4.25s
Epoch 0/12 765/1000 loss: 0.4692 time 4.25s
Epoch 0/12 766/1000 loss: 0.4691 time 4.26s
Epoch 0/12 767/1000 loss: 0.4687 time 4.26s
Epoch 0/12 768/1000 loss: 0.4690 time 4.26s
Epoch 0/12 769/1000 loss: 0.4689 time 4.25s
Epoch 0/12 770/1000 loss: 0.4685 time 4.26s
Epoch 0/12 771/1000 loss: 0.4683 time 4.26s
Epoch 0/12 772/1000 loss: 0.4680 time 4.26s
Epoch 0/12 773/1000 loss: 0.4679 time 4.27s
Epoch 0/12 774/1000 loss: 0.4681 time 4.26s
Epoch 0/12 775/1000 loss: 0.4686 time 4.26s
Epoch 0/12 776/1000 loss: 0.4686 time 4.25s
Epoch 0/12 777/1000 loss: 0.4683 time 4.27s
Epoch 0/12 778/1000 loss: 0.4685 time 4.25s
Epoch 0/12 779/1000 loss: 0.4682 time 4.27s
Epoch 0/12 780/1000 loss: 0.4683 time 4.25s
Epoch 0/12 781/1000 loss: 0.4679 time 4.26s
Epoch 0/12 782/1000 loss: 0.4676 time 4.26s
Epoch 0/12 783/1000 loss: 0.4673 time 4.26s
Epoch 0/12 784/1000 loss: 0.4678 time 4.25s
Epoch 0/12 785/1000 loss: 0.4674 time 4.27s
Epoch 0/12 786/1000 loss: 0.4675 time 4.26s
Epoch 0/12 787/1000 loss: 0.4680 time 4.26s
Epoch 0/12 788/1000 loss: 0.4676 time 4.27s
Epoch 0/12 789/1000 loss: 0.4674 time 4.26s
Epoch 0/12 790/1000 loss: 0.4671 time 4.26s
Epoch 0/12 791/1000 loss: 0.4674 time 4.26s
Epoch 0/12 792/1000 loss: 0.4674 time 4.27s
Epoch 0/12 793/1000 loss: 0.4671 time 4.27s
Epoch 0/12 794/1000 loss: 0.4672 time 4.27s
Epoch 0/12 795/1000 loss: 0.4669 time 4.26s
Epoch 0/12 796/1000 loss: 0.4673 time 4.26s
Epoch 0/12 797/1000 loss: 0.4679 time 4.26s
Epoch 0/12 798/1000 loss: 0.4675 time 4.26s
Epoch 0/12 799/1000 loss: 0.4674 time 4.25s
Epoch 0/12 800/1000 loss: 0.4678 time 4.25s
Epoch 0/12 801/1000 loss: 0.4677 time 4.26s
Epoch 0/12 802/1000 loss: 0.4678 time 4.27s
Epoch 0/12 803/1000 loss: 0.4675 time 4.25s
Epoch 0/12 804/1000 loss: 0.4674 time 4.25s
Epoch 0/12 805/1000 loss: 0.4676 time 4.27s
Epoch 0/12 806/1000 loss: 0.4679 time 4.25s
Epoch 0/12 807/1000 loss: 0.4677 time 4.25s
Epoch 0/12 808/1000 loss: 0.4674 time 4.26s
Epoch 0/12 809/1000 loss: 0.4676 time 4.26s
Epoch 0/12 810/1000 loss: 0.4673 time 4.25s
Epoch 0/12 811/1000 loss: 0.4669 time 4.26s
Epoch 0/12 812/1000 loss: 0.4666 time 4.26s
Epoch 0/12 813/1000 loss: 0.4663 time 4.27s
Epoch 0/12 814/1000 loss: 0.4659 time 4.25s
Epoch 0/12 815/1000 loss: 0.4657 time 4.26s
Epoch 0/12 816/1000 loss: 0.4654 time 4.25s
Epoch 0/12 817/1000 loss: 0.4650 time 4.27s
Epoch 0/12 818/1000 loss: 0.4656 time 4.25s
Epoch 0/12 819/1000 loss: 0.4656 time 4.26s
Epoch 0/12 820/1000 loss: 0.4654 time 4.26s
Epoch 0/12 821/1000 loss: 0.4652 time 4.26s
Epoch 0/12 822/1000 loss: 0.4650 time 4.26s
Epoch 0/12 823/1000 loss: 0.4646 time 4.27s
Epoch 0/12 824/1000 loss: 0.4650 time 4.26s
Epoch 0/12 825/1000 loss: 0.4649 time 4.27s
Epoch 0/12 826/1000 loss: 0.4650 time 4.26s
Epoch 0/12 827/1000 loss: 0.4649 time 4.27s
Epoch 0/12 828/1000 loss: 0.4651 time 4.25s
Epoch 0/12 829/1000 loss: 0.4649 time 4.26s
Epoch 0/12 830/1000 loss: 0.4653 time 4.25s
Epoch 0/12 831/1000 loss: 0.4651 time 4.26s
Epoch 0/12 832/1000 loss: 0.4646 time 4.25s
Epoch 0/12 833/1000 loss: 0.4648 time 4.26s
Epoch 0/12 834/1000 loss: 0.4647 time 4.26s
Epoch 0/12 835/1000 loss: 0.4645 time 4.25s
Epoch 0/12 836/1000 loss: 0.4642 time 4.27s
Epoch 0/12 837/1000 loss: 0.4639 time 4.26s
Epoch 0/12 838/1000 loss: 0.4636 time 4.26s
Epoch 0/12 839/1000 loss: 0.4640 time 4.26s
Epoch 0/12 840/1000 loss: 0.4636 time 4.25s
Epoch 0/12 841/1000 loss: 0.4634 time 4.25s
Epoch 0/12 842/1000 loss: 0.4638 time 4.25s
Epoch 0/12 843/1000 loss: 0.4634 time 4.26s
Epoch 0/12 844/1000 loss: 0.4634 time 4.26s
Epoch 0/12 845/1000 loss: 0.4638 time 4.26s
Epoch 0/12 846/1000 loss: 0.4636 time 4.25s
Epoch 0/12 847/1000 loss: 0.4637 time 4.26s
Epoch 0/12 848/1000 loss: 0.4637 time 4.26s
Epoch 0/12 849/1000 loss: 0.4634 time 4.26s
Epoch 0/12 850/1000 loss: 0.4632 time 4.27s
Epoch 0/12 851/1000 loss: 0.4632 time 4.25s
Epoch 0/12 852/1000 loss: 0.4632 time 4.27s
Epoch 0/12 853/1000 loss: 0.4628 time 4.26s
Epoch 0/12 854/1000 loss: 0.4630 time 4.26s
Epoch 0/12 855/1000 loss: 0.4628 time 4.26s
Epoch 0/12 856/1000 loss: 0.4626 time 4.25s
Epoch 0/12 857/1000 loss: 0.4624 time 4.26s
Epoch 0/12 858/1000 loss: 0.4622 time 4.26s
Epoch 0/12 859/1000 loss: 0.4621 time 4.26s
Epoch 0/12 860/1000 loss: 0.4620 time 4.26s
Epoch 0/12 861/1000 loss: 0.4617 time 4.26s
Epoch 0/12 862/1000 loss: 0.4619 time 4.26s
Epoch 0/12 863/1000 loss: 0.4618 time 4.26s
Epoch 0/12 864/1000 loss: 0.4622 time 4.27s
Epoch 0/12 865/1000 loss: 0.4620 time 4.25s
Epoch 0/12 866/1000 loss: 0.4621 time 4.25s
Epoch 0/12 867/1000 loss: 0.4619 time 4.27s
Epoch 0/12 868/1000 loss: 0.4618 time 4.26s
Epoch 0/12 869/1000 loss: 0.4614 time 4.26s
Epoch 0/12 870/1000 loss: 0.4615 time 4.26s
Epoch 0/12 871/1000 loss: 0.4614 time 4.26s
Epoch 0/12 872/1000 loss: 0.4614 time 4.26s
Epoch 0/12 873/1000 loss: 0.4611 time 4.25s
Epoch 0/12 874/1000 loss: 0.4611 time 4.26s
Epoch 0/12 875/1000 loss: 0.4608 time 4.27s
Epoch 0/12 876/1000 loss: 0.4605 time 4.25s
Epoch 0/12 877/1000 loss: 0.4603 time 4.26s
Epoch 0/12 878/1000 loss: 0.4606 time 4.25s
Epoch 0/12 879/1000 loss: 0.4607 time 4.26s
Epoch 0/12 880/1000 loss: 0.4605 time 4.26s
Epoch 0/12 881/1000 loss: 0.4608 time 4.27s
Epoch 0/12 882/1000 loss: 0.4610 time 4.26s
Epoch 0/12 883/1000 loss: 0.4611 time 4.26s
Epoch 0/12 884/1000 loss: 0.4607 time 4.26s
Epoch 0/12 885/1000 loss: 0.4605 time 4.26s
Epoch 0/12 886/1000 loss: 0.4600 time 4.25s
Epoch 0/12 887/1000 loss: 0.4601 time 4.27s
Epoch 0/12 888/1000 loss: 0.4601 time 4.25s
Epoch 0/12 889/1000 loss: 0.4597 time 4.26s
Epoch 0/12 890/1000 loss: 0.4598 time 4.26s
Epoch 0/12 891/1000 loss: 0.4597 time 4.26s
Epoch 0/12 892/1000 loss: 0.4595 time 4.26s
Epoch 0/12 893/1000 loss: 0.4592 time 4.26s
Epoch 0/12 894/1000 loss: 0.4591 time 4.26s
Epoch 0/12 895/1000 loss: 0.4588 time 4.26s
Epoch 0/12 896/1000 loss: 0.4585 time 4.26s
Epoch 0/12 897/1000 loss: 0.4582 time 4.26s
Epoch 0/12 898/1000 loss: 0.4579 time 4.26s
Epoch 0/12 899/1000 loss: 0.4582 time 4.27s
Epoch 0/12 900/1000 loss: 0.4580 time 4.26s
Epoch 0/12 901/1000 loss: 0.4577 time 4.26s
Epoch 0/12 902/1000 loss: 0.4575 time 4.26s
Epoch 0/12 903/1000 loss: 0.4571 time 4.27s
Epoch 0/12 904/1000 loss: 0.4569 time 4.26s
Epoch 0/12 905/1000 loss: 0.4571 time 4.27s
Epoch 0/12 906/1000 loss: 0.4568 time 4.25s
Epoch 0/12 907/1000 loss: 0.4565 time 4.26s
Epoch 0/12 908/1000 loss: 0.4562 time 4.25s
Epoch 0/12 909/1000 loss: 0.4560 time 4.26s
Epoch 0/12 910/1000 loss: 0.4558 time 4.26s
Epoch 0/12 911/1000 loss: 0.4557 time 4.25s
Epoch 0/12 912/1000 loss: 0.4554 time 4.25s
Epoch 0/12 913/1000 loss: 0.4557 time 4.26s
Epoch 0/12 914/1000 loss: 0.4560 time 4.27s
Epoch 0/12 915/1000 loss: 0.4557 time 4.25s
Epoch 0/12 916/1000 loss: 0.4555 time 4.25s
Epoch 0/12 917/1000 loss: 0.4557 time 4.27s
Epoch 0/12 918/1000 loss: 0.4556 time 4.26s
Epoch 0/12 919/1000 loss: 0.4552 time 4.26s
Epoch 0/12 920/1000 loss: 0.4551 time 4.27s
Epoch 0/12 921/1000 loss: 0.4556 time 4.25s
Epoch 0/12 922/1000 loss: 0.4557 time 4.26s
Epoch 0/12 923/1000 loss: 0.4558 time 4.26s
Epoch 0/12 924/1000 loss: 0.4555 time 4.25s
Epoch 0/12 925/1000 loss: 0.4553 time 4.26s
Epoch 0/12 926/1000 loss: 0.4550 time 4.26s
Epoch 0/12 927/1000 loss: 0.4554 time 4.25s
Epoch 0/12 928/1000 loss: 0.4550 time 4.26s
Epoch 0/12 929/1000 loss: 0.4548 time 4.26s
Epoch 0/12 930/1000 loss: 0.4545 time 4.27s
Epoch 0/12 931/1000 loss: 0.4543 time 4.27s
Epoch 0/12 932/1000 loss: 0.4546 time 4.27s
Epoch 0/12 933/1000 loss: 0.4542 time 4.25s
Epoch 0/12 934/1000 loss: 0.4540 time 4.25s
Epoch 0/12 935/1000 loss: 0.4536 time 4.27s
Epoch 0/12 936/1000 loss: 0.4538 time 4.25s
Epoch 0/12 937/1000 loss: 0.4536 time 4.26s
Epoch 0/12 938/1000 loss: 0.4540 time 4.26s
Epoch 0/12 939/1000 loss: 0.4539 time 4.27s
Epoch 0/12 940/1000 loss: 0.4538 time 4.26s
Epoch 0/12 941/1000 loss: 0.4535 time 4.26s
Epoch 0/12 942/1000 loss: 0.4534 time 4.26s
Epoch 0/12 943/1000 loss: 0.4530 time 4.27s
Epoch 0/12 944/1000 loss: 0.4527 time 4.26s
Epoch 0/12 945/1000 loss: 0.4528 time 4.26s
Epoch 0/12 946/1000 loss: 0.4527 time 4.26s
Epoch 0/12 947/1000 loss: 0.4528 time 4.27s
Epoch 0/12 948/1000 loss: 0.4525 time 4.26s
Epoch 0/12 949/1000 loss: 0.4523 time 4.27s
Epoch 0/12 950/1000 loss: 0.4520 time 4.25s
Epoch 0/12 951/1000 loss: 0.4519 time 4.27s
Epoch 0/12 952/1000 loss: 0.4515 time 4.25s
Epoch 0/12 953/1000 loss: 0.4513 time 4.27s
Epoch 0/12 954/1000 loss: 0.4511 time 4.25s
Epoch 0/12 955/1000 loss: 0.4511 time 4.27s
Epoch 0/12 956/1000 loss: 0.4510 time 4.25s
Epoch 0/12 957/1000 loss: 0.4510 time 4.26s
Epoch 0/12 958/1000 loss: 0.4507 time 4.26s
Epoch 0/12 959/1000 loss: 0.4504 time 4.26s
Epoch 0/12 960/1000 loss: 0.4501 time 4.26s
Epoch 0/12 961/1000 loss: 0.4501 time 4.26s
Epoch 0/12 962/1000 loss: 0.4498 time 4.25s
Epoch 0/12 963/1000 loss: 0.4496 time 4.26s
Epoch 0/12 964/1000 loss: 0.4499 time 4.26s
Epoch 0/12 965/1000 loss: 0.4498 time 4.26s
Epoch 0/12 966/1000 loss: 0.4501 time 4.27s
Epoch 0/12 967/1000 loss: 0.4498 time 4.26s
Epoch 0/12 968/1000 loss: 0.4497 time 4.26s
Epoch 0/12 969/1000 loss: 0.4497 time 4.26s
Epoch 0/12 970/1000 loss: 0.4494 time 4.25s
Epoch 0/12 971/1000 loss: 0.4493 time 4.26s
Epoch 0/12 972/1000 loss: 0.4489 time 4.25s
Epoch 0/12 973/1000 loss: 0.4486 time 4.26s
Epoch 0/12 974/1000 loss: 0.4483 time 4.26s
Epoch 0/12 975/1000 loss: 0.4482 time 4.27s
Epoch 0/12 976/1000 loss: 0.4480 time 4.25s
Epoch 0/12 977/1000 loss: 0.4477 time 4.27s
Epoch 0/12 978/1000 loss: 0.4477 time 4.26s
Epoch 0/12 979/1000 loss: 0.4476 time 4.26s
Epoch 0/12 980/1000 loss: 0.4473 time 4.25s
Epoch 0/12 981/1000 loss: 0.4469 time 4.27s
Epoch 0/12 982/1000 loss: 0.4469 time 4.25s
Epoch 0/12 983/1000 loss: 0.4470 time 4.26s
Epoch 0/12 984/1000 loss: 0.4467 time 4.26s
Epoch 0/12 985/1000 loss: 0.4465 time 4.25s
Epoch 0/12 986/1000 loss: 0.4463 time 4.26s
Epoch 0/12 987/1000 loss: 0.4460 time 4.26s
Epoch 0/12 988/1000 loss: 0.4457 time 4.26s
Epoch 0/12 989/1000 loss: 0.4458 time 4.26s
Epoch 0/12 990/1000 loss: 0.4455 time 4.26s
Epoch 0/12 991/1000 loss: 0.4453 time 4.27s
Epoch 0/12 992/1000 loss: 0.4450 time 4.26s
Epoch 0/12 993/1000 loss: 0.4451 time 4.26s
Epoch 0/12 994/1000 loss: 0.4448 time 4.26s
Epoch 0/12 995/1000 loss: 0.4445 time 4.26s
Epoch 0/12 996/1000 loss: 0.4450 time 4.26s
Epoch 0/12 997/1000 loss: 0.4448 time 4.25s
Epoch 0/12 998/1000 loss: 0.4446 time 4.26s
Epoch 0/12 999/1000 loss: 0.4443 time 4.26s
Final training  0/11 loss: 0.4443 time 4280.44s
