None
MONAI version: 1.2.0rc7+9.g84940298
Numpy version: 1.24.2
Pytorch version: 1.13.1
MONAI flags: HAS_EXT = False, USE_COMPILED = False, USE_META_DICT = False
MONAI rev id: 84940298bff9ff1f54845eb8ae7422c0092c09c1
MONAI __file__: /home/guest185/hackathon_38/lib/python3.8/site-packages/monai/__init__.py

Optional dependencies:
Pytorch Ignite version: 0.4.2
ITK version: NOT INSTALLED or UNKNOWN VERSION.
Nibabel version: 5.1.0
scikit-image version: 0.19.3
Pillow version: 9.5.0
Tensorboard version: 2.13.0
gdown version: 4.7.1
TorchVision version: 0.14.1
tqdm version: 4.65.0
lmdb version: 1.2.1
psutil version: 5.9.4
pandas version: 1.5.3
einops version: 0.6.1
transformers version: 4.21.3
mlflow version: NOT INSTALLED or UNKNOWN VERSION.
pynrrd version: 1.0.0

For details about installing the optional dependencies, please visit:
    https://docs.monai.io/en/latest/installation.html#installing-the-recommended-dependencies

/tmp/tmp2hbeuceu
image shape: (240, 240, 155), label shape: (240, 240, 155)
Thu Jul 20 21:48:51 2023 Epoch: 0
In the future `np.bool` will be defined as the corresponding NumPy scalar.
In the future `np.bool` will be defined as the corresponding NumPy scalar.
In the future `np.bool` will be defined as the corresponding NumPy scalar.
In the future `np.bool` will be defined as the corresponding NumPy scalar.
monai.transforms.io.dictionary LoadImaged.__init__:image_only: Current default value of argument `image_only=False` has been deprecated since version 1.1. It will be changed to `image_only=True` in version 1.3.
In the future `np.bool` will be defined as the corresponding NumPy scalar.
In the future `np.bool` will be defined as the corresponding NumPy scalar.
Epoch 0/20 0/1000 loss: 0.9689 time 26.94s
Epoch 0/20 1/1000 loss: 0.9613 time 3.66s
Epoch 0/20 2/1000 loss: 0.9671 time 3.55s
Epoch 0/20 3/1000 loss: 0.9538 time 3.57s
Epoch 0/20 4/1000 loss: 0.9467 time 3.57s
Epoch 0/20 5/1000 loss: 0.9547 time 3.59s
Epoch 0/20 6/1000 loss: 0.9511 time 3.61s
Epoch 0/20 7/1000 loss: 0.9480 time 3.62s
Epoch 0/20 8/1000 loss: 0.9443 time 3.63s
Epoch 0/20 9/1000 loss: 0.9428 time 3.64s
Epoch 0/20 10/1000 loss: 0.9408 time 3.66s
Epoch 0/20 11/1000 loss: 0.9441 time 3.67s
Epoch 0/20 12/1000 loss: 0.9407 time 3.67s
Epoch 0/20 13/1000 loss: 0.9402 time 3.69s
Epoch 0/20 14/1000 loss: 0.9431 time 3.69s
Epoch 0/20 15/1000 loss: 0.9383 time 3.69s
Epoch 0/20 16/1000 loss: 0.9331 time 3.69s
Epoch 0/20 17/1000 loss: 0.9306 time 3.69s
Epoch 0/20 18/1000 loss: 0.9317 time 3.70s
Epoch 0/20 19/1000 loss: 0.9304 time 3.71s
Epoch 0/20 20/1000 loss: 0.9304 time 3.71s
Epoch 0/20 21/1000 loss: 0.9267 time 3.72s
Epoch 0/20 22/1000 loss: 0.9297 time 3.72s
Epoch 0/20 23/1000 loss: 0.9286 time 3.73s
Epoch 0/20 24/1000 loss: 0.9300 time 3.73s
Epoch 0/20 25/1000 loss: 0.9255 time 3.73s
Epoch 0/20 26/1000 loss: 0.9266 time 3.71s
Epoch 0/20 27/1000 loss: 0.9263 time 3.72s
Epoch 0/20 28/1000 loss: 0.9276 time 3.74s
Epoch 0/20 29/1000 loss: 0.9288 time 3.73s
Epoch 0/20 30/1000 loss: 0.9306 time 3.72s
Epoch 0/20 31/1000 loss: 0.9284 time 3.73s
Epoch 0/20 32/1000 loss: 0.9298 time 3.72s
Epoch 0/20 33/1000 loss: 0.9283 time 3.73s
Epoch 0/20 34/1000 loss: 0.9284 time 3.72s
Epoch 0/20 35/1000 loss: 0.9289 time 3.72s
Epoch 0/20 36/1000 loss: 0.9275 time 3.72s
Epoch 0/20 37/1000 loss: 0.9285 time 3.72s
Epoch 0/20 38/1000 loss: 0.9263 time 3.71s
Epoch 0/20 39/1000 loss: 0.9270 time 3.70s
Epoch 0/20 40/1000 loss: 0.9284 time 3.71s
Epoch 0/20 41/1000 loss: 0.9293 time 3.70s
Epoch 0/20 42/1000 loss: 0.9274 time 3.71s
Epoch 0/20 43/1000 loss: 0.9258 time 3.71s
Epoch 0/20 44/1000 loss: 0.9221 time 3.69s
Epoch 0/20 45/1000 loss: 0.9228 time 3.69s
Epoch 0/20 46/1000 loss: 0.9209 time 3.69s
Epoch 0/20 47/1000 loss: 0.9215 time 3.68s
Epoch 0/20 48/1000 loss: 0.9217 time 3.68s
Epoch 0/20 49/1000 loss: 0.9216 time 3.68s
Epoch 0/20 50/1000 loss: 0.9207 time 3.68s
Epoch 0/20 51/1000 loss: 0.9216 time 3.69s
Epoch 0/20 52/1000 loss: 0.9219 time 3.68s
Epoch 0/20 53/1000 loss: 0.9213 time 3.68s
Epoch 0/20 54/1000 loss: 0.9205 time 3.66s
Epoch 0/20 55/1000 loss: 0.9185 time 3.66s
Epoch 0/20 56/1000 loss: 0.9192 time 3.66s
Epoch 0/20 57/1000 loss: 0.9198 time 3.67s
Epoch 0/20 58/1000 loss: 0.9202 time 3.66s
Epoch 0/20 59/1000 loss: 0.9190 time 3.67s
Epoch 0/20 60/1000 loss: 0.9183 time 3.65s
Epoch 0/20 61/1000 loss: 0.9174 time 3.66s
Epoch 0/20 62/1000 loss: 0.9146 time 3.64s
Epoch 0/20 63/1000 loss: 0.9159 time 3.65s
Epoch 0/20 64/1000 loss: 0.9126 time 3.65s
Epoch 0/20 65/1000 loss: 0.9121 time 3.65s
Epoch 0/20 66/1000 loss: 0.9130 time 3.64s
Epoch 0/20 67/1000 loss: 0.9133 time 3.65s
Epoch 0/20 68/1000 loss: 0.9118 time 3.64s
Epoch 0/20 69/1000 loss: 0.9103 time 3.64s
Epoch 0/20 70/1000 loss: 0.9083 time 3.65s
Epoch 0/20 71/1000 loss: 0.9065 time 3.64s
Epoch 0/20 72/1000 loss: 0.9052 time 3.64s
Epoch 0/20 73/1000 loss: 0.9044 time 3.65s
Epoch 0/20 74/1000 loss: 0.9027 time 3.65s
Epoch 0/20 75/1000 loss: 0.9035 time 3.64s
Epoch 0/20 76/1000 loss: 0.9030 time 3.64s
Epoch 0/20 77/1000 loss: 0.9023 time 3.63s
Epoch 0/20 78/1000 loss: 0.9027 time 3.64s
Epoch 0/20 79/1000 loss: 0.9024 time 3.63s
Epoch 0/20 80/1000 loss: 0.9005 time 3.63s
Epoch 0/20 81/1000 loss: 0.8988 time 3.63s
Epoch 0/20 82/1000 loss: 0.8993 time 3.63s
Epoch 0/20 83/1000 loss: 0.8969 time 3.63s
Epoch 0/20 84/1000 loss: 0.8950 time 3.62s
Epoch 0/20 85/1000 loss: 0.8945 time 3.62s
Epoch 0/20 86/1000 loss: 0.8934 time 3.63s
Epoch 0/20 87/1000 loss: 0.8932 time 3.63s
Epoch 0/20 88/1000 loss: 0.8925 time 3.63s
Epoch 0/20 89/1000 loss: 0.8934 time 3.62s
Epoch 0/20 90/1000 loss: 0.8925 time 3.63s
Epoch 0/20 91/1000 loss: 0.8925 time 3.64s
Epoch 0/20 92/1000 loss: 0.8922 time 3.64s
Epoch 0/20 93/1000 loss: 0.8915 time 3.63s
Epoch 0/20 94/1000 loss: 0.8913 time 3.62s
Epoch 0/20 95/1000 loss: 0.8922 time 3.62s
Epoch 0/20 96/1000 loss: 0.8899 time 3.63s
Epoch 0/20 97/1000 loss: 0.8884 time 3.63s
Epoch 0/20 98/1000 loss: 0.8876 time 3.63s
Epoch 0/20 99/1000 loss: 0.8879 time 3.63s
Epoch 0/20 100/1000 loss: 0.8881 time 3.63s
Epoch 0/20 101/1000 loss: 0.8864 time 3.63s
Epoch 0/20 102/1000 loss: 0.8872 time 3.63s
Epoch 0/20 103/1000 loss: 0.8872 time 3.62s
Epoch 0/20 104/1000 loss: 0.8872 time 3.63s
Epoch 0/20 105/1000 loss: 0.8858 time 3.62s
Epoch 0/20 106/1000 loss: 0.8829 time 3.63s
Epoch 0/20 107/1000 loss: 0.8815 time 3.62s
Epoch 0/20 108/1000 loss: 0.8811 time 3.62s
Epoch 0/20 109/1000 loss: 0.8818 time 3.62s
Epoch 0/20 110/1000 loss: 0.8803 time 3.63s
Epoch 0/20 111/1000 loss: 0.8795 time 3.63s
Epoch 0/20 112/1000 loss: 0.8798 time 3.62s
Epoch 0/20 113/1000 loss: 0.8791 time 3.63s
Epoch 0/20 114/1000 loss: 0.8771 time 3.62s
Epoch 0/20 115/1000 loss: 0.8781 time 3.63s
Epoch 0/20 116/1000 loss: 0.8770 time 3.62s
Epoch 0/20 117/1000 loss: 0.8770 time 3.63s
Epoch 0/20 118/1000 loss: 0.8779 time 3.63s
Epoch 0/20 119/1000 loss: 0.8775 time 3.61s
Epoch 0/20 120/1000 loss: 0.8779 time 3.63s
Epoch 0/20 121/1000 loss: 0.8777 time 3.63s
Epoch 0/20 122/1000 loss: 0.8759 time 3.62s
Epoch 0/20 123/1000 loss: 0.8739 time 3.63s
Epoch 0/20 124/1000 loss: 0.8734 time 3.62s
Epoch 0/20 125/1000 loss: 0.8720 time 3.62s
Epoch 0/20 126/1000 loss: 0.8712 time 3.63s
Epoch 0/20 127/1000 loss: 0.8705 time 3.63s
Epoch 0/20 128/1000 loss: 0.8706 time 3.63s
Epoch 0/20 129/1000 loss: 0.8710 time 3.62s
Epoch 0/20 130/1000 loss: 0.8714 time 3.62s
Epoch 0/20 131/1000 loss: 0.8720 time 3.62s
Epoch 0/20 132/1000 loss: 0.8713 time 3.63s
Epoch 0/20 133/1000 loss: 0.8703 time 3.63s
Epoch 0/20 134/1000 loss: 0.8693 time 3.63s
Epoch 0/20 135/1000 loss: 0.8690 time 3.63s
Epoch 0/20 136/1000 loss: 0.8694 time 3.61s
Epoch 0/20 137/1000 loss: 0.8684 time 3.63s
Epoch 0/20 138/1000 loss: 0.8676 time 3.63s
Epoch 0/20 139/1000 loss: 0.8672 time 3.63s
Epoch 0/20 140/1000 loss: 0.8652 time 3.63s
Epoch 0/20 141/1000 loss: 0.8644 time 3.63s
Epoch 0/20 142/1000 loss: 0.8644 time 3.62s
Epoch 0/20 143/1000 loss: 0.8640 time 3.62s
Epoch 0/20 144/1000 loss: 0.8632 time 3.63s
Epoch 0/20 145/1000 loss: 0.8639 time 3.62s
Epoch 0/20 146/1000 loss: 0.8631 time 3.62s
Epoch 0/20 147/1000 loss: 0.8633 time 3.63s
Epoch 0/20 148/1000 loss: 0.8625 time 3.62s
Epoch 0/20 149/1000 loss: 0.8622 time 3.63s
Epoch 0/20 150/1000 loss: 0.8621 time 3.62s
Epoch 0/20 151/1000 loss: 0.8610 time 3.63s
Epoch 0/20 152/1000 loss: 0.8594 time 3.62s
Epoch 0/20 153/1000 loss: 0.8580 time 3.63s
Epoch 0/20 154/1000 loss: 0.8587 time 3.62s
Epoch 0/20 155/1000 loss: 0.8591 time 3.61s
Epoch 0/20 156/1000 loss: 0.8583 time 3.62s
Epoch 0/20 157/1000 loss: 0.8575 time 3.62s
Epoch 0/20 158/1000 loss: 0.8580 time 3.63s
Epoch 0/20 159/1000 loss: 0.8578 time 3.63s
Epoch 0/20 160/1000 loss: 0.8584 time 3.62s
Epoch 0/20 161/1000 loss: 0.8572 time 3.62s
Epoch 0/20 162/1000 loss: 0.8570 time 3.61s
Epoch 0/20 163/1000 loss: 0.8567 time 3.63s
Epoch 0/20 164/1000 loss: 0.8559 time 3.63s
Epoch 0/20 165/1000 loss: 0.8557 time 3.62s
Epoch 0/20 166/1000 loss: 0.8559 time 3.62s
Epoch 0/20 167/1000 loss: 0.8566 time 3.62s
Epoch 0/20 168/1000 loss: 0.8569 time 3.63s
Epoch 0/20 169/1000 loss: 0.8576 time 3.62s
Epoch 0/20 170/1000 loss: 0.8572 time 3.63s
Epoch 0/20 171/1000 loss: 0.8563 time 3.63s
Epoch 0/20 172/1000 loss: 0.8568 time 3.62s
Epoch 0/20 173/1000 loss: 0.8567 time 3.61s
Epoch 0/20 174/1000 loss: 0.8562 time 3.61s
Epoch 0/20 175/1000 loss: 0.8558 time 3.63s
Epoch 0/20 176/1000 loss: 0.8561 time 3.61s
Epoch 0/20 177/1000 loss: 0.8565 time 3.62s
Epoch 0/20 178/1000 loss: 0.8553 time 3.62s
Epoch 0/20 179/1000 loss: 0.8545 time 3.62s
Epoch 0/20 180/1000 loss: 0.8542 time 3.61s
Epoch 0/20 181/1000 loss: 0.8545 time 3.62s
Epoch 0/20 182/1000 loss: 0.8536 time 3.62s
Epoch 0/20 183/1000 loss: 0.8529 time 3.63s
Epoch 0/20 184/1000 loss: 0.8522 time 3.63s
Epoch 0/20 185/1000 loss: 0.8515 time 3.62s
Epoch 0/20 186/1000 loss: 0.8511 time 3.63s
Epoch 0/20 187/1000 loss: 0.8510 time 3.62s
Epoch 0/20 188/1000 loss: 0.8500 time 3.63s
Epoch 0/20 189/1000 loss: 0.8498 time 3.62s
Epoch 0/20 190/1000 loss: 0.8503 time 3.63s
Epoch 0/20 191/1000 loss: 0.8498 time 3.62s
Epoch 0/20 192/1000 loss: 0.8493 time 3.62s
Epoch 0/20 193/1000 loss: 0.8482 time 3.62s
Epoch 0/20 194/1000 loss: 0.8469 time 3.61s
Epoch 0/20 195/1000 loss: 0.8471 time 3.63s
Epoch 0/20 196/1000 loss: 0.8464 time 3.62s
Epoch 0/20 197/1000 loss: 0.8470 time 3.63s
Epoch 0/20 198/1000 loss: 0.8467 time 3.62s
Epoch 0/20 199/1000 loss: 0.8466 time 3.62s
Epoch 0/20 200/1000 loss: 0.8462 time 3.62s
Epoch 0/20 201/1000 loss: 0.8465 time 3.62s
Epoch 0/20 202/1000 loss: 0.8447 time 3.63s
Epoch 0/20 203/1000 loss: 0.8438 time 3.62s
Epoch 0/20 204/1000 loss: 0.8444 time 3.63s
Epoch 0/20 205/1000 loss: 0.8433 time 3.63s
Epoch 0/20 206/1000 loss: 0.8434 time 3.62s
Epoch 0/20 207/1000 loss: 0.8432 time 3.62s
Epoch 0/20 208/1000 loss: 0.8428 time 3.63s
Epoch 0/20 209/1000 loss: 0.8427 time 3.63s
Epoch 0/20 210/1000 loss: 0.8418 time 3.63s
Epoch 0/20 211/1000 loss: 0.8414 time 3.63s
Epoch 0/20 212/1000 loss: 0.8410 time 3.63s
Epoch 0/20 213/1000 loss: 0.8401 time 3.61s
Epoch 0/20 214/1000 loss: 0.8403 time 3.62s
Epoch 0/20 215/1000 loss: 0.8408 time 3.63s
Epoch 0/20 216/1000 loss: 0.8396 time 3.63s
Epoch 0/20 217/1000 loss: 0.8393 time 3.62s
Epoch 0/20 218/1000 loss: 0.8391 time 3.63s
Epoch 0/20 219/1000 loss: 0.8381 time 3.63s
Epoch 0/20 220/1000 loss: 0.8375 time 3.62s
Epoch 0/20 221/1000 loss: 0.8373 time 3.63s
Epoch 0/20 222/1000 loss: 0.8374 time 3.63s
Epoch 0/20 223/1000 loss: 0.8370 time 3.62s
Epoch 0/20 224/1000 loss: 0.8366 time 3.63s
Epoch 0/20 225/1000 loss: 0.8365 time 3.62s
Epoch 0/20 226/1000 loss: 0.8368 time 3.63s
Epoch 0/20 227/1000 loss: 0.8369 time 3.63s
Epoch 0/20 228/1000 loss: 0.8360 time 3.62s
Epoch 0/20 229/1000 loss: 0.8348 time 9.04s
Epoch 0/20 230/1000 loss: 0.8343 time 26.18s
Epoch 0/20 231/1000 loss: 0.8332 time 3.53s
Epoch 0/20 232/1000 loss: 0.8326 time 3.54s
Epoch 0/20 233/1000 loss: 0.8315 time 3.54s
Epoch 0/20 234/1000 loss: 0.8321 time 3.55s
Epoch 0/20 235/1000 loss: 0.8325 time 3.56s
Epoch 0/20 236/1000 loss: 0.8322 time 3.56s
Epoch 0/20 237/1000 loss: 0.8324 time 3.57s
Epoch 0/20 238/1000 loss: 0.8319 time 3.56s
Epoch 0/20 239/1000 loss: 0.8316 time 3.57s
Epoch 0/20 240/1000 loss: 0.8306 time 3.57s
Epoch 0/20 241/1000 loss: 0.8300 time 3.57s
Epoch 0/20 242/1000 loss: 0.8298 time 3.59s
Epoch 0/20 243/1000 loss: 0.8292 time 3.59s
Epoch 0/20 244/1000 loss: 0.8298 time 3.59s
Epoch 0/20 245/1000 loss: 0.8290 time 3.58s
Epoch 0/20 246/1000 loss: 0.8275 time 3.58s
Epoch 0/20 247/1000 loss: 0.8275 time 3.57s
Epoch 0/20 248/1000 loss: 0.8268 time 3.60s
Epoch 0/20 249/1000 loss: 0.8266 time 3.60s
Epoch 0/20 250/1000 loss: 0.8259 time 3.61s
Epoch 0/20 251/1000 loss: 0.8264 time 3.60s
Epoch 0/20 252/1000 loss: 0.8269 time 3.61s
Epoch 0/20 253/1000 loss: 0.8268 time 3.60s
Epoch 0/20 254/1000 loss: 0.8267 time 3.60s
Epoch 0/20 255/1000 loss: 0.8267 time 3.61s
Epoch 0/20 256/1000 loss: 0.8259 time 3.61s
Epoch 0/20 257/1000 loss: 0.8258 time 3.60s
Epoch 0/20 258/1000 loss: 0.8246 time 3.60s
Epoch 0/20 259/1000 loss: 0.8239 time 3.61s
Epoch 0/20 260/1000 loss: 0.8236 time 3.61s
Epoch 0/20 261/1000 loss: 0.8233 time 3.61s
Epoch 0/20 262/1000 loss: 0.8223 time 3.62s
Epoch 0/20 263/1000 loss: 0.8223 time 3.62s
Epoch 0/20 264/1000 loss: 0.8220 time 3.61s
Epoch 0/20 265/1000 loss: 0.8222 time 3.62s
Epoch 0/20 266/1000 loss: 0.8221 time 3.61s
Epoch 0/20 267/1000 loss: 0.8221 time 3.62s
Epoch 0/20 268/1000 loss: 0.8223 time 3.62s
Epoch 0/20 269/1000 loss: 0.8213 time 3.62s
Epoch 0/20 270/1000 loss: 0.8209 time 3.61s
Epoch 0/20 271/1000 loss: 0.8206 time 3.62s
Epoch 0/20 272/1000 loss: 0.8202 time 3.61s
Epoch 0/20 273/1000 loss: 0.8197 time 3.62s
Epoch 0/20 274/1000 loss: 0.8202 time 3.63s
Epoch 0/20 275/1000 loss: 0.8198 time 3.62s
Epoch 0/20 276/1000 loss: 0.8195 time 3.63s
Epoch 0/20 277/1000 loss: 0.8194 time 3.63s
Epoch 0/20 278/1000 loss: 0.8192 time 3.63s
Epoch 0/20 279/1000 loss: 0.8193 time 3.63s
Epoch 0/20 280/1000 loss: 0.8188 time 3.63s
Epoch 0/20 281/1000 loss: 0.8185 time 3.63s
Epoch 0/20 282/1000 loss: 0.8184 time 3.63s
Epoch 0/20 283/1000 loss: 0.8183 time 3.62s
Epoch 0/20 284/1000 loss: 0.8176 time 3.63s
Epoch 0/20 285/1000 loss: 0.8174 time 3.62s
Epoch 0/20 286/1000 loss: 0.8164 time 3.64s
Epoch 0/20 287/1000 loss: 0.8158 time 3.63s
Epoch 0/20 288/1000 loss: 0.8153 time 3.63s
Epoch 0/20 289/1000 loss: 0.8146 time 3.62s
Epoch 0/20 290/1000 loss: 0.8145 time 3.62s
Epoch 0/20 291/1000 loss: 0.8140 time 3.63s
Epoch 0/20 292/1000 loss: 0.8132 time 3.63s
Epoch 0/20 293/1000 loss: 0.8125 time 3.62s
Epoch 0/20 294/1000 loss: 0.8118 time 3.63s
Epoch 0/20 295/1000 loss: 0.8116 time 3.63s
Epoch 0/20 296/1000 loss: 0.8117 time 3.63s
Epoch 0/20 297/1000 loss: 0.8110 time 3.63s
Epoch 0/20 298/1000 loss: 0.8102 time 3.63s
Epoch 0/20 299/1000 loss: 0.8108 time 3.63s
Epoch 0/20 300/1000 loss: 0.8112 time 3.62s
Epoch 0/20 301/1000 loss: 0.8112 time 3.62s
Epoch 0/20 302/1000 loss: 0.8106 time 3.63s
Epoch 0/20 303/1000 loss: 0.8104 time 3.62s
Epoch 0/20 304/1000 loss: 0.8099 time 3.63s
Epoch 0/20 305/1000 loss: 0.8094 time 3.63s
Epoch 0/20 306/1000 loss: 0.8095 time 3.63s
Epoch 0/20 307/1000 loss: 0.8088 time 3.63s
Epoch 0/20 308/1000 loss: 0.8081 time 3.62s
Epoch 0/20 309/1000 loss: 0.8075 time 3.63s
Epoch 0/20 310/1000 loss: 0.8072 time 3.62s
Epoch 0/20 311/1000 loss: 0.8075 time 3.63s
Epoch 0/20 312/1000 loss: 0.8072 time 3.63s
Epoch 0/20 313/1000 loss: 0.8065 time 3.62s
Epoch 0/20 314/1000 loss: 0.8063 time 3.63s
Epoch 0/20 315/1000 loss: 0.8063 time 3.63s
Epoch 0/20 316/1000 loss: 0.8059 time 3.63s
Epoch 0/20 317/1000 loss: 0.8059 time 3.63s
Epoch 0/20 318/1000 loss: 0.8057 time 3.63s
Epoch 0/20 319/1000 loss: 0.8062 time 3.63s
Epoch 0/20 320/1000 loss: 0.8063 time 3.63s
Epoch 0/20 321/1000 loss: 0.8066 time 3.63s
Epoch 0/20 322/1000 loss: 0.8056 time 3.62s
Epoch 0/20 323/1000 loss: 0.8054 time 3.62s
Epoch 0/20 324/1000 loss: 0.8051 time 3.63s
Epoch 0/20 325/1000 loss: 0.8047 time 3.62s
Epoch 0/20 326/1000 loss: 0.8048 time 3.62s
Epoch 0/20 327/1000 loss: 0.8038 time 3.63s
Epoch 0/20 328/1000 loss: 0.8036 time 3.62s
Epoch 0/20 329/1000 loss: 0.8038 time 3.63s
Epoch 0/20 330/1000 loss: 0.8036 time 3.63s
Epoch 0/20 331/1000 loss: 0.8033 time 3.62s
Epoch 0/20 332/1000 loss: 0.8037 time 3.63s
Epoch 0/20 333/1000 loss: 0.8035 time 3.63s
Epoch 0/20 334/1000 loss: 0.8037 time 3.63s
Epoch 0/20 335/1000 loss: 0.8027 time 3.63s
Epoch 0/20 336/1000 loss: 0.8020 time 3.63s
Epoch 0/20 337/1000 loss: 0.8022 time 3.62s
Epoch 0/20 338/1000 loss: 0.8019 time 3.63s
Epoch 0/20 339/1000 loss: 0.8017 time 3.62s
Epoch 0/20 340/1000 loss: 0.8019 time 3.62s
Epoch 0/20 341/1000 loss: 0.8018 time 3.63s
Epoch 0/20 342/1000 loss: 0.8023 time 3.62s
Epoch 0/20 343/1000 loss: 0.8021 time 3.62s
Epoch 0/20 344/1000 loss: 0.8014 time 3.63s
Epoch 0/20 345/1000 loss: 0.8011 time 3.62s
Epoch 0/20 346/1000 loss: 0.8008 time 3.63s
Epoch 0/20 347/1000 loss: 0.8010 time 3.63s
Epoch 0/20 348/1000 loss: 0.8007 time 3.63s
Epoch 0/20 349/1000 loss: 0.8003 time 3.62s
Epoch 0/20 350/1000 loss: 0.8007 time 3.62s
Epoch 0/20 351/1000 loss: 0.8004 time 3.63s
Epoch 0/20 352/1000 loss: 0.8001 time 3.63s
Epoch 0/20 353/1000 loss: 0.8003 time 3.63s
Epoch 0/20 354/1000 loss: 0.8006 time 3.63s
Epoch 0/20 355/1000 loss: 0.8001 time 3.62s
Epoch 0/20 356/1000 loss: 0.7999 time 3.63s
Epoch 0/20 357/1000 loss: 0.7999 time 3.62s
Epoch 0/20 358/1000 loss: 0.7998 time 3.62s
Epoch 0/20 359/1000 loss: 0.7996 time 3.63s
Epoch 0/20 360/1000 loss: 0.7996 time 3.62s
Epoch 0/20 361/1000 loss: 0.7994 time 3.62s
Epoch 0/20 362/1000 loss: 0.7999 time 3.62s
Epoch 0/20 363/1000 loss: 0.7995 time 3.62s
Epoch 0/20 364/1000 loss: 0.7985 time 3.62s
Epoch 0/20 365/1000 loss: 0.7984 time 3.63s
Epoch 0/20 366/1000 loss: 0.7980 time 3.62s
Epoch 0/20 367/1000 loss: 0.7983 time 3.63s
Epoch 0/20 368/1000 loss: 0.7980 time 3.63s
Epoch 0/20 369/1000 loss: 0.7983 time 3.63s
Epoch 0/20 370/1000 loss: 0.7983 time 3.63s
Epoch 0/20 371/1000 loss: 0.7979 time 3.63s
Epoch 0/20 372/1000 loss: 0.7975 time 3.63s
Epoch 0/20 373/1000 loss: 0.7966 time 3.63s
Epoch 0/20 374/1000 loss: 0.7962 time 3.63s
Epoch 0/20 375/1000 loss: 0.7960 time 3.62s
Epoch 0/20 376/1000 loss: 0.7959 time 3.63s
Epoch 0/20 377/1000 loss: 0.7953 time 3.63s
Epoch 0/20 378/1000 loss: 0.7951 time 3.63s
Epoch 0/20 379/1000 loss: 0.7952 time 3.62s
Epoch 0/20 380/1000 loss: 0.7953 time 3.63s
Epoch 0/20 381/1000 loss: 0.7950 time 3.62s
Epoch 0/20 382/1000 loss: 0.7948 time 3.62s
Epoch 0/20 383/1000 loss: 0.7944 time 3.62s
Epoch 0/20 384/1000 loss: 0.7945 time 3.62s
Epoch 0/20 385/1000 loss: 0.7940 time 3.62s
Epoch 0/20 386/1000 loss: 0.7935 time 3.62s
Epoch 0/20 387/1000 loss: 0.7927 time 3.63s
Epoch 0/20 388/1000 loss: 0.7919 time 3.63s
Epoch 0/20 389/1000 loss: 0.7917 time 3.63s
Epoch 0/20 390/1000 loss: 0.7916 time 3.62s
Epoch 0/20 391/1000 loss: 0.7914 time 3.62s
Epoch 0/20 392/1000 loss: 0.7909 time 3.63s
Epoch 0/20 393/1000 loss: 0.7907 time 3.62s
Epoch 0/20 394/1000 loss: 0.7900 time 3.62s
Epoch 0/20 395/1000 loss: 0.7902 time 3.62s
Epoch 0/20 396/1000 loss: 0.7903 time 3.63s
Epoch 0/20 397/1000 loss: 0.7898 time 3.62s
Epoch 0/20 398/1000 loss: 0.7897 time 3.62s
Epoch 0/20 399/1000 loss: 0.7889 time 3.63s
Epoch 0/20 400/1000 loss: 0.7887 time 3.62s
Epoch 0/20 401/1000 loss: 0.7885 time 3.63s
Epoch 0/20 402/1000 loss: 0.7882 time 3.62s
Epoch 0/20 403/1000 loss: 0.7886 time 3.63s
Epoch 0/20 404/1000 loss: 0.7881 time 3.63s
Epoch 0/20 405/1000 loss: 0.7881 time 3.63s
Epoch 0/20 406/1000 loss: 0.7882 time 3.63s
Epoch 0/20 407/1000 loss: 0.7880 time 3.62s
Epoch 0/20 408/1000 loss: 0.7885 time 3.63s
Epoch 0/20 409/1000 loss: 0.7883 time 3.61s
Epoch 0/20 410/1000 loss: 0.7879 time 3.63s
Epoch 0/20 411/1000 loss: 0.7879 time 3.62s
Epoch 0/20 412/1000 loss: 0.7871 time 3.63s
Epoch 0/20 413/1000 loss: 0.7877 time 3.62s
Epoch 0/20 414/1000 loss: 0.7874 time 3.63s
Epoch 0/20 415/1000 loss: 0.7874 time 3.63s
Epoch 0/20 416/1000 loss: 0.7876 time 3.62s
Epoch 0/20 417/1000 loss: 0.7880 time 3.62s
Epoch 0/20 418/1000 loss: 0.7879 time 3.62s
Epoch 0/20 419/1000 loss: 0.7882 time 3.62s
Epoch 0/20 420/1000 loss: 0.7882 time 3.62s
Epoch 0/20 421/1000 loss: 0.7879 time 3.63s
Epoch 0/20 422/1000 loss: 0.7874 time 3.63s
Epoch 0/20 423/1000 loss: 0.7872 time 3.62s
Epoch 0/20 424/1000 loss: 0.7869 time 3.63s
Epoch 0/20 425/1000 loss: 0.7867 time 3.62s
Epoch 0/20 426/1000 loss: 0.7870 time 3.61s
Epoch 0/20 427/1000 loss: 0.7866 time 3.63s
Epoch 0/20 428/1000 loss: 0.7865 time 3.63s
Epoch 0/20 429/1000 loss: 0.7864 time 3.62s
Epoch 0/20 430/1000 loss: 0.7859 time 3.61s
Epoch 0/20 431/1000 loss: 0.7860 time 3.63s
Epoch 0/20 432/1000 loss: 0.7860 time 3.62s
Epoch 0/20 433/1000 loss: 0.7854 time 3.63s
Epoch 0/20 434/1000 loss: 0.7851 time 3.62s
Epoch 0/20 435/1000 loss: 0.7847 time 3.63s
Epoch 0/20 436/1000 loss: 0.7845 time 3.63s
Epoch 0/20 437/1000 loss: 0.7839 time 3.63s
Epoch 0/20 438/1000 loss: 0.7833 time 3.62s
Epoch 0/20 439/1000 loss: 0.7830 time 3.63s
Epoch 0/20 440/1000 loss: 0.7830 time 3.62s
Epoch 0/20 441/1000 loss: 0.7835 time 3.62s
Epoch 0/20 442/1000 loss: 0.7835 time 3.63s
Epoch 0/20 443/1000 loss: 0.7831 time 3.63s
Epoch 0/20 444/1000 loss: 0.7830 time 3.63s
Epoch 0/20 445/1000 loss: 0.7826 time 3.63s
Epoch 0/20 446/1000 loss: 0.7827 time 3.63s
Epoch 0/20 447/1000 loss: 0.7829 time 3.63s
Epoch 0/20 448/1000 loss: 0.7831 time 3.63s
Epoch 0/20 449/1000 loss: 0.7830 time 3.63s
Epoch 0/20 450/1000 loss: 0.7830 time 3.62s
Epoch 0/20 451/1000 loss: 0.7824 time 3.62s
Epoch 0/20 452/1000 loss: 0.7823 time 3.63s
Epoch 0/20 453/1000 loss: 0.7822 time 3.63s
Epoch 0/20 454/1000 loss: 0.7821 time 3.62s
Epoch 0/20 455/1000 loss: 0.7825 time 3.62s
Epoch 0/20 456/1000 loss: 0.7819 time 3.63s
Epoch 0/20 457/1000 loss: 0.7814 time 3.63s
Epoch 0/20 458/1000 loss: 0.7808 time 3.62s
Epoch 0/20 459/1000 loss: 0.7810 time 3.62s
Epoch 0/20 460/1000 loss: 0.7805 time 3.62s
Epoch 0/20 461/1000 loss: 0.7801 time 3.63s
Epoch 0/20 462/1000 loss: 0.7801 time 3.62s
Epoch 0/20 463/1000 loss: 0.7800 time 3.62s
Epoch 0/20 464/1000 loss: 0.7792 time 3.62s
Epoch 0/20 465/1000 loss: 0.7788 time 3.62s
Epoch 0/20 466/1000 loss: 0.7790 time 3.61s
Epoch 0/20 467/1000 loss: 0.7789 time 3.62s
Epoch 0/20 468/1000 loss: 0.7784 time 3.61s
Epoch 0/20 469/1000 loss: 0.7785 time 3.62s
Epoch 0/20 470/1000 loss: 0.7780 time 3.62s
Epoch 0/20 471/1000 loss: 0.7775 time 3.61s
Epoch 0/20 472/1000 loss: 0.7779 time 3.62s
Epoch 0/20 473/1000 loss: 0.7777 time 3.62s
Epoch 0/20 474/1000 loss: 0.7775 time 3.62s
Epoch 0/20 475/1000 loss: 0.7774 time 3.63s
Epoch 0/20 476/1000 loss: 0.7770 time 3.62s
Epoch 0/20 477/1000 loss: 0.7768 time 3.63s
Epoch 0/20 478/1000 loss: 0.7771 time 3.62s
Epoch 0/20 479/1000 loss: 0.7767 time 3.62s
Epoch 0/20 480/1000 loss: 0.7763 time 3.62s
Epoch 0/20 481/1000 loss: 0.7758 time 3.63s
Epoch 0/20 482/1000 loss: 0.7758 time 3.63s
Epoch 0/20 483/1000 loss: 0.7758 time 3.62s
Epoch 0/20 484/1000 loss: 0.7755 time 3.61s
Epoch 0/20 485/1000 loss: 0.7752 time 3.63s
Epoch 0/20 486/1000 loss: 0.7751 time 3.62s
Epoch 0/20 487/1000 loss: 0.7749 time 3.63s
Epoch 0/20 488/1000 loss: 0.7743 time 3.62s
Epoch 0/20 489/1000 loss: 0.7741 time 3.63s
Epoch 0/20 490/1000 loss: 0.7740 time 3.62s
Epoch 0/20 491/1000 loss: 0.7737 time 3.63s
Epoch 0/20 492/1000 loss: 0.7734 time 3.63s
Epoch 0/20 493/1000 loss: 0.7733 time 3.62s
Epoch 0/20 494/1000 loss: 0.7729 time 3.61s
Epoch 0/20 495/1000 loss: 0.7728 time 3.62s
Epoch 0/20 496/1000 loss: 0.7728 time 3.63s
Epoch 0/20 497/1000 loss: 0.7731 time 3.62s
Epoch 0/20 498/1000 loss: 0.7730 time 3.62s
Epoch 0/20 499/1000 loss: 0.7724 time 3.61s
Epoch 0/20 500/1000 loss: 0.7722 time 3.63s
Epoch 0/20 501/1000 loss: 0.7718 time 3.62s
Epoch 0/20 502/1000 loss: 0.7719 time 3.61s
Epoch 0/20 503/1000 loss: 0.7718 time 3.63s
Epoch 0/20 504/1000 loss: 0.7716 time 3.62s
Epoch 0/20 505/1000 loss: 0.7712 time 3.61s
Epoch 0/20 506/1000 loss: 0.7708 time 3.62s
Epoch 0/20 507/1000 loss: 0.7702 time 3.62s
Epoch 0/20 508/1000 loss: 0.7701 time 3.63s
Epoch 0/20 509/1000 loss: 0.7700 time 3.63s
Epoch 0/20 510/1000 loss: 0.7695 time 3.62s
Epoch 0/20 511/1000 loss: 0.7697 time 3.62s
Epoch 0/20 512/1000 loss: 0.7693 time 3.62s
Epoch 0/20 513/1000 loss: 0.7692 time 3.62s
Epoch 0/20 514/1000 loss: 0.7688 time 3.63s
Epoch 0/20 515/1000 loss: 0.7686 time 3.62s
Epoch 0/20 516/1000 loss: 0.7684 time 3.62s
Epoch 0/20 517/1000 loss: 0.7687 time 3.63s
Epoch 0/20 518/1000 loss: 0.7688 time 3.62s
Epoch 0/20 519/1000 loss: 0.7686 time 3.62s
Epoch 0/20 520/1000 loss: 0.7685 time 3.61s
Epoch 0/20 521/1000 loss: 0.7681 time 3.62s
Epoch 0/20 522/1000 loss: 0.7679 time 3.62s
Epoch 0/20 523/1000 loss: 0.7678 time 3.62s
Epoch 0/20 524/1000 loss: 0.7677 time 3.63s
Epoch 0/20 525/1000 loss: 0.7679 time 3.63s
Epoch 0/20 526/1000 loss: 0.7675 time 3.62s
Epoch 0/20 527/1000 loss: 0.7674 time 3.63s
Epoch 0/20 528/1000 loss: 0.7671 time 3.62s
Epoch 0/20 529/1000 loss: 0.7668 time 3.63s
Epoch 0/20 530/1000 loss: 0.7668 time 3.62s
Epoch 0/20 531/1000 loss: 0.7671 time 3.62s
Epoch 0/20 532/1000 loss: 0.7669 time 3.63s
Epoch 0/20 533/1000 loss: 0.7667 time 3.62s
Epoch 0/20 534/1000 loss: 0.7667 time 3.62s
Epoch 0/20 535/1000 loss: 0.7667 time 3.62s
Epoch 0/20 536/1000 loss: 0.7665 time 3.62s
Epoch 0/20 537/1000 loss: 0.7663 time 3.62s
Epoch 0/20 538/1000 loss: 0.7663 time 3.62s
Epoch 0/20 539/1000 loss: 0.7667 time 3.61s
Epoch 0/20 540/1000 loss: 0.7670 time 3.62s
Epoch 0/20 541/1000 loss: 0.7670 time 3.62s
Epoch 0/20 542/1000 loss: 0.7669 time 3.61s
Epoch 0/20 543/1000 loss: 0.7665 time 3.62s
Epoch 0/20 544/1000 loss: 0.7662 time 3.63s
Epoch 0/20 545/1000 loss: 0.7659 time 3.62s
Epoch 0/20 546/1000 loss: 0.7661 time 3.62s
Epoch 0/20 547/1000 loss: 0.7660 time 3.63s
Epoch 0/20 548/1000 loss: 0.7656 time 3.62s
Epoch 0/20 549/1000 loss: 0.7652 time 3.63s
Epoch 0/20 550/1000 loss: 0.7648 time 3.63s
Epoch 0/20 551/1000 loss: 0.7646 time 3.62s
Epoch 0/20 552/1000 loss: 0.7648 time 3.63s
Epoch 0/20 553/1000 loss: 0.7647 time 3.62s
Epoch 0/20 554/1000 loss: 0.7644 time 3.62s
Epoch 0/20 555/1000 loss: 0.7643 time 3.61s
Epoch 0/20 556/1000 loss: 0.7642 time 3.62s
Epoch 0/20 557/1000 loss: 0.7642 time 3.62s
Epoch 0/20 558/1000 loss: 0.7641 time 3.62s
Epoch 0/20 559/1000 loss: 0.7641 time 3.62s
Epoch 0/20 560/1000 loss: 0.7642 time 3.62s
Epoch 0/20 561/1000 loss: 0.7645 time 3.63s
Epoch 0/20 562/1000 loss: 0.7645 time 3.62s
Epoch 0/20 563/1000 loss: 0.7645 time 3.62s
Epoch 0/20 564/1000 loss: 0.7644 time 3.62s
Epoch 0/20 565/1000 loss: 0.7644 time 3.61s
Epoch 0/20 566/1000 loss: 0.7639 time 3.62s
Epoch 0/20 567/1000 loss: 0.7640 time 3.62s
Epoch 0/20 568/1000 loss: 0.7637 time 3.62s
Epoch 0/20 569/1000 loss: 0.7637 time 3.61s
Epoch 0/20 570/1000 loss: 0.7635 time 3.62s
Epoch 0/20 571/1000 loss: 0.7633 time 3.61s
Epoch 0/20 572/1000 loss: 0.7632 time 3.62s
Epoch 0/20 573/1000 loss: 0.7633 time 3.62s
Epoch 0/20 574/1000 loss: 0.7632 time 3.62s
Epoch 0/20 575/1000 loss: 0.7627 time 3.63s
Epoch 0/20 576/1000 loss: 0.7625 time 3.61s
Epoch 0/20 577/1000 loss: 0.7622 time 3.61s
Epoch 0/20 578/1000 loss: 0.7622 time 3.62s
Epoch 0/20 579/1000 loss: 0.7622 time 3.62s
Epoch 0/20 580/1000 loss: 0.7621 time 3.63s
Epoch 0/20 581/1000 loss: 0.7619 time 3.61s
Epoch 0/20 582/1000 loss: 0.7617 time 3.62s
Epoch 0/20 583/1000 loss: 0.7613 time 3.62s
Epoch 0/20 584/1000 loss: 0.7612 time 3.62s
Epoch 0/20 585/1000 loss: 0.7615 time 3.62s
Epoch 0/20 586/1000 loss: 0.7614 time 3.62s
Epoch 0/20 587/1000 loss: 0.7613 time 3.62s
Epoch 0/20 588/1000 loss: 0.7608 time 3.62s
Epoch 0/20 589/1000 loss: 0.7604 time 3.62s
Epoch 0/20 590/1000 loss: 0.7602 time 3.61s
Epoch 0/20 591/1000 loss: 0.7601 time 3.62s
Epoch 0/20 592/1000 loss: 0.7598 time 3.61s
Epoch 0/20 593/1000 loss: 0.7597 time 3.62s
Epoch 0/20 594/1000 loss: 0.7596 time 3.61s
Epoch 0/20 595/1000 loss: 0.7594 time 3.63s
Epoch 0/20 596/1000 loss: 0.7592 time 3.62s
Epoch 0/20 597/1000 loss: 0.7593 time 3.61s
Epoch 0/20 598/1000 loss: 0.7594 time 3.63s
Epoch 0/20 599/1000 loss: 0.7591 time 3.62s
Epoch 0/20 600/1000 loss: 0.7588 time 3.61s
Epoch 0/20 601/1000 loss: 0.7587 time 3.62s
Epoch 0/20 602/1000 loss: 0.7587 time 3.63s
Epoch 0/20 603/1000 loss: 0.7585 time 3.62s
Epoch 0/20 604/1000 loss: 0.7582 time 3.61s
Epoch 0/20 605/1000 loss: 0.7582 time 3.62s
Epoch 0/20 606/1000 loss: 0.7581 time 3.62s
Epoch 0/20 607/1000 loss: 0.7577 time 3.63s
Epoch 0/20 608/1000 loss: 0.7575 time 3.62s
Epoch 0/20 609/1000 loss: 0.7574 time 3.62s
Epoch 0/20 610/1000 loss: 0.7569 time 3.63s
Epoch 0/20 611/1000 loss: 0.7568 time 3.62s
Epoch 0/20 612/1000 loss: 0.7567 time 3.61s
Epoch 0/20 613/1000 loss: 0.7565 time 3.62s
Epoch 0/20 614/1000 loss: 0.7565 time 3.61s
Epoch 0/20 615/1000 loss: 0.7562 time 3.61s
Epoch 0/20 616/1000 loss: 0.7562 time 3.61s
Epoch 0/20 617/1000 loss: 0.7560 time 3.62s
Epoch 0/20 618/1000 loss: 0.7559 time 3.63s
Epoch 0/20 619/1000 loss: 0.7558 time 3.63s
Epoch 0/20 620/1000 loss: 0.7556 time 3.62s
Epoch 0/20 621/1000 loss: 0.7555 time 3.62s
Epoch 0/20 622/1000 loss: 0.7551 time 3.62s
Epoch 0/20 623/1000 loss: 0.7548 time 3.62s
Epoch 0/20 624/1000 loss: 0.7548 time 3.62s
Epoch 0/20 625/1000 loss: 0.7551 time 3.60s
Epoch 0/20 626/1000 loss: 0.7549 time 3.60s
Epoch 0/20 627/1000 loss: 0.7548 time 3.61s
Epoch 0/20 628/1000 loss: 0.7550 time 3.62s
Epoch 0/20 629/1000 loss: 0.7553 time 3.62s
Epoch 0/20 630/1000 loss: 0.7551 time 3.63s
Epoch 0/20 631/1000 loss: 0.7550 time 3.61s
Epoch 0/20 632/1000 loss: 0.7550 time 3.62s
Epoch 0/20 633/1000 loss: 0.7550 time 3.61s
Epoch 0/20 634/1000 loss: 0.7550 time 3.61s
Epoch 0/20 635/1000 loss: 0.7552 time 3.63s
Epoch 0/20 636/1000 loss: 0.7551 time 3.62s
Epoch 0/20 637/1000 loss: 0.7550 time 3.61s
Epoch 0/20 638/1000 loss: 0.7547 time 3.62s
Epoch 0/20 639/1000 loss: 0.7543 time 3.62s
Epoch 0/20 640/1000 loss: 0.7543 time 3.61s
Epoch 0/20 641/1000 loss: 0.7541 time 3.62s
Epoch 0/20 642/1000 loss: 0.7541 time 3.63s
Epoch 0/20 643/1000 loss: 0.7542 time 3.61s
Epoch 0/20 644/1000 loss: 0.7542 time 3.63s
Epoch 0/20 645/1000 loss: 0.7541 time 3.62s
Epoch 0/20 646/1000 loss: 0.7538 time 3.62s
Epoch 0/20 647/1000 loss: 0.7535 time 3.61s
Epoch 0/20 648/1000 loss: 0.7534 time 3.62s
Epoch 0/20 649/1000 loss: 0.7533 time 3.61s
Epoch 0/20 650/1000 loss: 0.7533 time 3.61s
Epoch 0/20 651/1000 loss: 0.7532 time 3.61s
Epoch 0/20 652/1000 loss: 0.7529 time 3.61s
Epoch 0/20 653/1000 loss: 0.7525 time 3.62s
Epoch 0/20 654/1000 loss: 0.7527 time 3.61s
Epoch 0/20 655/1000 loss: 0.7525 time 3.62s
Epoch 0/20 656/1000 loss: 0.7521 time 3.63s
Epoch 0/20 657/1000 loss: 0.7518 time 3.62s
Epoch 0/20 658/1000 loss: 0.7514 time 3.63s
Epoch 0/20 659/1000 loss: 0.7512 time 3.62s
Epoch 0/20 660/1000 loss: 0.7510 time 3.62s
Epoch 0/20 661/1000 loss: 0.7513 time 3.61s
Epoch 0/20 662/1000 loss: 0.7512 time 3.62s
Epoch 0/20 663/1000 loss: 0.7511 time 3.62s
Epoch 0/20 664/1000 loss: 0.7510 time 3.62s
Epoch 0/20 665/1000 loss: 0.7509 time 3.61s
Epoch 0/20 666/1000 loss: 0.7509 time 3.62s
Epoch 0/20 667/1000 loss: 0.7509 time 3.61s
Epoch 0/20 668/1000 loss: 0.7511 time 3.63s
Epoch 0/20 669/1000 loss: 0.7508 time 3.61s
Epoch 0/20 670/1000 loss: 0.7508 time 3.61s
Epoch 0/20 671/1000 loss: 0.7505 time 3.61s
Epoch 0/20 672/1000 loss: 0.7504 time 3.61s
Epoch 0/20 673/1000 loss: 0.7503 time 3.62s
Epoch 0/20 674/1000 loss: 0.7500 time 3.62s
Epoch 0/20 675/1000 loss: 0.7500 time 3.61s
Epoch 0/20 676/1000 loss: 0.7500 time 3.62s
Epoch 0/20 677/1000 loss: 0.7496 time 3.61s
Epoch 0/20 678/1000 loss: 0.7495 time 3.62s
Epoch 0/20 679/1000 loss: 0.7492 time 3.61s
Epoch 0/20 680/1000 loss: 0.7493 time 3.62s
Epoch 0/20 681/1000 loss: 0.7492 time 3.62s
Epoch 0/20 682/1000 loss: 0.7493 time 3.62s
Epoch 0/20 683/1000 loss: 0.7493 time 3.61s
Epoch 0/20 684/1000 loss: 0.7492 time 3.62s
Epoch 0/20 685/1000 loss: 0.7493 time 3.62s
Epoch 0/20 686/1000 loss: 0.7489 time 3.61s
Epoch 0/20 687/1000 loss: 0.7487 time 3.62s
Epoch 0/20 688/1000 loss: 0.7488 time 3.61s
Epoch 0/20 689/1000 loss: 0.7490 time 3.63s
Epoch 0/20 690/1000 loss: 0.7490 time 3.61s
Epoch 0/20 691/1000 loss: 0.7490 time 3.61s
Epoch 0/20 692/1000 loss: 0.7489 time 3.62s
Epoch 0/20 693/1000 loss: 0.7485 time 3.62s
Epoch 0/20 694/1000 loss: 0.7483 time 3.61s
Epoch 0/20 695/1000 loss: 0.7483 time 3.62s
Epoch 0/20 696/1000 loss: 0.7483 time 3.61s
Epoch 0/20 697/1000 loss: 0.7480 time 3.63s
Epoch 0/20 698/1000 loss: 0.7477 time 3.62s
Epoch 0/20 699/1000 loss: 0.7477 time 3.62s
Epoch 0/20 700/1000 loss: 0.7479 time 3.61s
Epoch 0/20 701/1000 loss: 0.7476 time 3.62s
Epoch 0/20 702/1000 loss: 0.7476 time 3.62s
Epoch 0/20 703/1000 loss: 0.7478 time 3.61s
Epoch 0/20 704/1000 loss: 0.7476 time 3.62s
Epoch 0/20 705/1000 loss: 0.7480 time 15.66s
Epoch 0/20 706/1000 loss: 0.7479 time 3.56s
Epoch 0/20 707/1000 loss: 0.7476 time 3.57s
Epoch 0/20 708/1000 loss: 0.7474 time 3.56s
Epoch 0/20 709/1000 loss: 0.7474 time 3.57s
Epoch 0/20 710/1000 loss: 0.7472 time 3.58s
Epoch 0/20 711/1000 loss: 0.7470 time 3.59s
Epoch 0/20 712/1000 loss: 0.7469 time 3.59s
Epoch 0/20 713/1000 loss: 0.7469 time 3.58s
Epoch 0/20 714/1000 loss: 0.7469 time 3.59s
Epoch 0/20 715/1000 loss: 0.7466 time 3.58s
Epoch 0/20 716/1000 loss: 0.7463 time 3.58s
Epoch 0/20 717/1000 loss: 0.7460 time 3.58s
Epoch 0/20 718/1000 loss: 0.7461 time 3.58s
Epoch 0/20 719/1000 loss: 0.7459 time 3.57s
Epoch 0/20 720/1000 loss: 0.7456 time 3.58s
Epoch 0/20 721/1000 loss: 0.7457 time 3.59s
Epoch 0/20 722/1000 loss: 0.7460 time 3.59s
Epoch 0/20 723/1000 loss: 0.7457 time 3.59s
Epoch 0/20 724/1000 loss: 0.7456 time 3.60s
Epoch 0/20 725/1000 loss: 0.7453 time 3.60s
Epoch 0/20 726/1000 loss: 0.7450 time 3.60s
Epoch 0/20 727/1000 loss: 0.7451 time 3.60s
Epoch 0/20 728/1000 loss: 0.7447 time 3.60s
Epoch 0/20 729/1000 loss: 0.7446 time 3.60s
Epoch 0/20 730/1000 loss: 0.7443 time 3.60s
Epoch 0/20 731/1000 loss: 0.7445 time 3.61s
Epoch 0/20 732/1000 loss: 0.7443 time 3.60s
Epoch 0/20 733/1000 loss: 0.7443 time 3.61s
Epoch 0/20 734/1000 loss: 0.7440 time 3.61s
Epoch 0/20 735/1000 loss: 0.7439 time 3.59s
Epoch 0/20 736/1000 loss: 0.7442 time 3.60s
Epoch 0/20 737/1000 loss: 0.7439 time 3.60s
Epoch 0/20 738/1000 loss: 0.7437 time 3.59s
Epoch 0/20 739/1000 loss: 0.7435 time 3.61s
Epoch 0/20 740/1000 loss: 0.7433 time 3.60s
Epoch 0/20 741/1000 loss: 0.7431 time 3.60s
Epoch 0/20 742/1000 loss: 0.7430 time 3.61s
Epoch 0/20 743/1000 loss: 0.7431 time 3.60s
Epoch 0/20 744/1000 loss: 0.7431 time 3.61s
Epoch 0/20 745/1000 loss: 0.7428 time 3.60s
Epoch 0/20 746/1000 loss: 0.7428 time 3.61s
Epoch 0/20 747/1000 loss: 0.7426 time 3.60s
Epoch 0/20 748/1000 loss: 0.7424 time 3.62s
Epoch 0/20 749/1000 loss: 0.7424 time 3.61s
Epoch 0/20 750/1000 loss: 0.7422 time 3.60s
Epoch 0/20 751/1000 loss: 0.7421 time 3.61s
Epoch 0/20 752/1000 loss: 0.7420 time 3.60s
Epoch 0/20 753/1000 loss: 0.7422 time 3.60s
Epoch 0/20 754/1000 loss: 0.7420 time 3.61s
Epoch 0/20 755/1000 loss: 0.7421 time 3.62s
Epoch 0/20 756/1000 loss: 0.7424 time 3.60s
Epoch 0/20 757/1000 loss: 0.7422 time 3.60s
Epoch 0/20 758/1000 loss: 0.7423 time 3.61s
Epoch 0/20 759/1000 loss: 0.7421 time 3.62s
Epoch 0/20 760/1000 loss: 0.7420 time 3.61s
Epoch 0/20 761/1000 loss: 0.7419 time 3.74s
Epoch 0/20 762/1000 loss: 0.7418 time 3.62s
Epoch 0/20 763/1000 loss: 0.7414 time 3.60s
Epoch 0/20 764/1000 loss: 0.7413 time 3.61s
Epoch 0/20 765/1000 loss: 0.7412 time 3.61s
Epoch 0/20 766/1000 loss: 0.7411 time 3.60s
Epoch 0/20 767/1000 loss: 0.7409 time 3.61s
Epoch 0/20 768/1000 loss: 0.7406 time 3.61s
Epoch 0/20 769/1000 loss: 0.7406 time 3.62s
Epoch 0/20 770/1000 loss: 0.7404 time 3.61s
Epoch 0/20 771/1000 loss: 0.7402 time 3.61s
Epoch 0/20 772/1000 loss: 0.7402 time 3.60s
Epoch 0/20 773/1000 loss: 0.7398 time 3.61s
Epoch 0/20 774/1000 loss: 0.7395 time 3.61s
Epoch 0/20 775/1000 loss: 0.7393 time 3.61s
Epoch 0/20 776/1000 loss: 0.7391 time 3.60s
Epoch 0/20 777/1000 loss: 0.7391 time 3.61s
Epoch 0/20 778/1000 loss: 0.7390 time 3.61s
Epoch 0/20 779/1000 loss: 0.7388 time 3.62s
Epoch 0/20 780/1000 loss: 0.7388 time 3.61s
Epoch 0/20 781/1000 loss: 0.7388 time 3.61s
Epoch 0/20 782/1000 loss: 0.7387 time 3.62s
Epoch 0/20 783/1000 loss: 0.7384 time 3.61s
Epoch 0/20 784/1000 loss: 0.7384 time 3.62s
Epoch 0/20 785/1000 loss: 0.7383 time 3.62s
Epoch 0/20 786/1000 loss: 0.7380 time 3.60s
Epoch 0/20 787/1000 loss: 0.7382 time 3.60s
Epoch 0/20 788/1000 loss: 0.7379 time 3.61s
Epoch 0/20 789/1000 loss: 0.7378 time 3.61s
Epoch 0/20 790/1000 loss: 0.7380 time 3.62s
Epoch 0/20 791/1000 loss: 0.7381 time 3.61s
Epoch 0/20 792/1000 loss: 0.7379 time 3.62s
Epoch 0/20 793/1000 loss: 0.7377 time 3.62s
Epoch 0/20 794/1000 loss: 0.7375 time 3.61s
Epoch 0/20 795/1000 loss: 0.7375 time 3.61s
Epoch 0/20 796/1000 loss: 0.7372 time 3.61s
Epoch 0/20 797/1000 loss: 0.7372 time 3.61s
Epoch 0/20 798/1000 loss: 0.7369 time 3.61s
Epoch 0/20 799/1000 loss: 0.7365 time 3.60s
Epoch 0/20 800/1000 loss: 0.7366 time 3.61s
Epoch 0/20 801/1000 loss: 0.7364 time 3.61s
Epoch 0/20 802/1000 loss: 0.7362 time 3.62s
Epoch 0/20 803/1000 loss: 0.7360 time 3.62s
Epoch 0/20 804/1000 loss: 0.7358 time 3.61s
Epoch 0/20 805/1000 loss: 0.7358 time 3.62s
Epoch 0/20 806/1000 loss: 0.7355 time 3.61s
Epoch 0/20 807/1000 loss: 0.7354 time 3.62s
Epoch 0/20 808/1000 loss: 0.7351 time 3.61s
Epoch 0/20 809/1000 loss: 0.7352 time 3.62s
Epoch 0/20 810/1000 loss: 0.7353 time 3.61s
Epoch 0/20 811/1000 loss: 0.7352 time 3.61s
Epoch 0/20 812/1000 loss: 0.7353 time 3.61s
Epoch 0/20 813/1000 loss: 0.7349 time 3.62s
Epoch 0/20 814/1000 loss: 0.7348 time 3.60s
Epoch 0/20 815/1000 loss: 0.7347 time 3.61s
Epoch 0/20 816/1000 loss: 0.7348 time 3.61s
Epoch 0/20 817/1000 loss: 0.7344 time 3.61s
Epoch 0/20 818/1000 loss: 0.7345 time 3.61s
Epoch 0/20 819/1000 loss: 0.7343 time 3.60s
Epoch 0/20 820/1000 loss: 0.7342 time 3.61s
Epoch 0/20 821/1000 loss: 0.7339 time 3.61s
Epoch 0/20 822/1000 loss: 0.7335 time 3.62s
Epoch 0/20 823/1000 loss: 0.7332 time 3.62s
Epoch 0/20 824/1000 loss: 0.7332 time 3.60s
Epoch 0/20 825/1000 loss: 0.7329 time 3.62s
Epoch 0/20 826/1000 loss: 0.7329 time 3.63s
Epoch 0/20 827/1000 loss: 0.7327 time 3.61s
Epoch 0/20 828/1000 loss: 0.7324 time 3.62s
Epoch 0/20 829/1000 loss: 0.7324 time 3.62s
Epoch 0/20 830/1000 loss: 0.7323 time 3.61s
Epoch 0/20 831/1000 loss: 0.7323 time 3.62s
Epoch 0/20 832/1000 loss: 0.7323 time 3.61s
Epoch 0/20 833/1000 loss: 0.7321 time 3.62s
Epoch 0/20 834/1000 loss: 0.7319 time 3.62s
Epoch 0/20 835/1000 loss: 0.7317 time 3.61s
Epoch 0/20 836/1000 loss: 0.7318 time 3.61s
Epoch 0/20 837/1000 loss: 0.7320 time 3.61s
Epoch 0/20 838/1000 loss: 0.7320 time 3.62s
Epoch 0/20 839/1000 loss: 0.7319 time 3.63s
Epoch 0/20 840/1000 loss: 0.7320 time 3.62s
Epoch 0/20 841/1000 loss: 0.7317 time 3.60s
Epoch 0/20 842/1000 loss: 0.7316 time 3.62s
Epoch 0/20 843/1000 loss: 0.7316 time 3.62s
Epoch 0/20 844/1000 loss: 0.7318 time 3.63s
Epoch 0/20 845/1000 loss: 0.7318 time 3.61s
Epoch 0/20 846/1000 loss: 0.7316 time 3.61s
Epoch 0/20 847/1000 loss: 0.7313 time 3.61s
Epoch 0/20 848/1000 loss: 0.7315 time 3.62s
Epoch 0/20 849/1000 loss: 0.7317 time 3.61s
Epoch 0/20 850/1000 loss: 0.7315 time 3.62s
Epoch 0/20 851/1000 loss: 0.7314 time 3.61s
Epoch 0/20 852/1000 loss: 0.7317 time 3.60s
Epoch 0/20 853/1000 loss: 0.7316 time 3.61s
Epoch 0/20 854/1000 loss: 0.7315 time 3.61s
Epoch 0/20 855/1000 loss: 0.7315 time 3.61s
Epoch 0/20 856/1000 loss: 0.7314 time 3.61s
Epoch 0/20 857/1000 loss: 0.7310 time 3.60s
Epoch 0/20 858/1000 loss: 0.7309 time 3.60s
Epoch 0/20 859/1000 loss: 0.7308 time 3.62s
Epoch 0/20 860/1000 loss: 0.7308 time 3.61s
Epoch 0/20 861/1000 loss: 0.7304 time 3.62s
Epoch 0/20 862/1000 loss: 0.7303 time 3.61s
Epoch 0/20 863/1000 loss: 0.7301 time 3.62s
Epoch 0/20 864/1000 loss: 0.7299 time 3.61s
Epoch 0/20 865/1000 loss: 0.7297 time 3.61s
Epoch 0/20 866/1000 loss: 0.7298 time 3.61s
Epoch 0/20 867/1000 loss: 0.7296 time 3.62s
Epoch 0/20 868/1000 loss: 0.7297 time 3.63s
Epoch 0/20 869/1000 loss: 0.7294 time 3.62s
Epoch 0/20 870/1000 loss: 0.7294 time 3.61s
Epoch 0/20 871/1000 loss: 0.7292 time 3.61s
Epoch 0/20 872/1000 loss: 0.7295 time 3.61s
Epoch 0/20 873/1000 loss: 0.7292 time 3.61s
Epoch 0/20 874/1000 loss: 0.7294 time 3.62s
Epoch 0/20 875/1000 loss: 0.7294 time 3.62s
Epoch 0/20 876/1000 loss: 0.7293 time 3.61s
Epoch 0/20 877/1000 loss: 0.7294 time 3.62s
Epoch 0/20 878/1000 loss: 0.7292 time 3.61s
Epoch 0/20 879/1000 loss: 0.7292 time 3.62s
Epoch 0/20 880/1000 loss: 0.7292 time 3.61s
Epoch 0/20 881/1000 loss: 0.7291 time 3.60s
Epoch 0/20 882/1000 loss: 0.7292 time 3.61s
Epoch 0/20 883/1000 loss: 0.7294 time 3.62s
Epoch 0/20 884/1000 loss: 0.7296 time 3.61s
Epoch 0/20 885/1000 loss: 0.7296 time 3.62s
Epoch 0/20 886/1000 loss: 0.7296 time 3.62s
Epoch 0/20 887/1000 loss: 0.7297 time 3.62s
Epoch 0/20 888/1000 loss: 0.7297 time 3.61s
Epoch 0/20 889/1000 loss: 0.7298 time 3.62s
Epoch 0/20 890/1000 loss: 0.7296 time 3.61s
Epoch 0/20 891/1000 loss: 0.7296 time 3.62s
Epoch 0/20 892/1000 loss: 0.7294 time 3.62s
Epoch 0/20 893/1000 loss: 0.7291 time 3.61s
Epoch 0/20 894/1000 loss: 0.7292 time 3.62s
Epoch 0/20 895/1000 loss: 0.7292 time 3.62s
Epoch 0/20 896/1000 loss: 0.7292 time 3.61s
Epoch 0/20 897/1000 loss: 0.7292 time 3.61s
Epoch 0/20 898/1000 loss: 0.7292 time 3.62s
Epoch 0/20 899/1000 loss: 0.7291 time 3.61s
Epoch 0/20 900/1000 loss: 0.7292 time 3.62s
Epoch 0/20 901/1000 loss: 0.7290 time 3.61s
Epoch 0/20 902/1000 loss: 0.7290 time 3.62s
Epoch 0/20 903/1000 loss: 0.7291 time 3.61s
Epoch 0/20 904/1000 loss: 0.7289 time 3.61s
Epoch 0/20 905/1000 loss: 0.7288 time 3.62s
Epoch 0/20 906/1000 loss: 0.7287 time 3.61s
Epoch 0/20 907/1000 loss: 0.7286 time 3.62s
Epoch 0/20 908/1000 loss: 0.7285 time 3.61s
Epoch 0/20 909/1000 loss: 0.7288 time 3.61s
Epoch 0/20 910/1000 loss: 0.7288 time 3.61s
Epoch 0/20 911/1000 loss: 0.7286 time 3.61s
Epoch 0/20 912/1000 loss: 0.7286 time 3.61s
Epoch 0/20 913/1000 loss: 0.7286 time 3.62s
Epoch 0/20 914/1000 loss: 0.7286 time 3.63s
Epoch 0/20 915/1000 loss: 0.7284 time 3.62s
Epoch 0/20 916/1000 loss: 0.7285 time 3.61s
Epoch 0/20 917/1000 loss: 0.7283 time 3.60s
Epoch 0/20 918/1000 loss: 0.7281 time 3.61s
Epoch 0/20 919/1000 loss: 0.7282 time 3.61s
Epoch 0/20 920/1000 loss: 0.7279 time 3.62s
Epoch 0/20 921/1000 loss: 0.7279 time 3.63s
Epoch 0/20 922/1000 loss: 0.7279 time 3.62s
Epoch 0/20 923/1000 loss: 0.7279 time 3.63s
Epoch 0/20 924/1000 loss: 0.7278 time 3.62s
Epoch 0/20 925/1000 loss: 0.7276 time 3.63s
Epoch 0/20 926/1000 loss: 0.7278 time 3.61s
Epoch 0/20 927/1000 loss: 0.7276 time 3.61s
Epoch 0/20 928/1000 loss: 0.7276 time 3.63s
Epoch 0/20 929/1000 loss: 0.7276 time 3.61s
Epoch 0/20 930/1000 loss: 0.7277 time 3.61s
Epoch 0/20 931/1000 loss: 0.7275 time 3.61s
Epoch 0/20 932/1000 loss: 0.7275 time 3.62s
Epoch 0/20 933/1000 loss: 0.7275 time 3.62s
Epoch 0/20 934/1000 loss: 0.7273 time 3.61s
Epoch 0/20 935/1000 loss: 0.7272 time 3.61s
Epoch 0/20 936/1000 loss: 0.7270 time 3.62s
Epoch 0/20 937/1000 loss: 0.7268 time 3.63s
Epoch 0/20 938/1000 loss: 0.7268 time 3.62s
Epoch 0/20 939/1000 loss: 0.7265 time 3.62s
Epoch 0/20 940/1000 loss: 0.7263 time 3.61s
Epoch 0/20 941/1000 loss: 0.7263 time 3.62s
Epoch 0/20 942/1000 loss: 0.7262 time 3.62s
Epoch 0/20 943/1000 loss: 0.7262 time 3.61s
Epoch 0/20 944/1000 loss: 0.7262 time 3.62s
Epoch 0/20 945/1000 loss: 0.7259 time 3.61s
Epoch 0/20 946/1000 loss: 0.7256 time 3.62s
Epoch 0/20 947/1000 loss: 0.7254 time 3.61s
Epoch 0/20 948/1000 loss: 0.7251 time 3.61s
Epoch 0/20 949/1000 loss: 0.7248 time 3.62s
Epoch 0/20 950/1000 loss: 0.7248 time 3.61s
Epoch 0/20 951/1000 loss: 0.7246 time 3.62s
Epoch 0/20 952/1000 loss: 0.7244 time 3.61s
Epoch 0/20 953/1000 loss: 0.7245 time 3.62s
Epoch 0/20 954/1000 loss: 0.7245 time 3.62s
Epoch 0/20 955/1000 loss: 0.7242 time 3.62s
Epoch 0/20 956/1000 loss: 0.7240 time 3.61s
Epoch 0/20 957/1000 loss: 0.7238 time 3.62s
Epoch 0/20 958/1000 loss: 0.7237 time 3.63s
Epoch 0/20 959/1000 loss: 0.7234 time 3.62s
Epoch 0/20 960/1000 loss: 0.7232 time 3.61s
Epoch 0/20 961/1000 loss: 0.7232 time 3.63s
Epoch 0/20 962/1000 loss: 0.7232 time 3.61s
Epoch 0/20 963/1000 loss: 0.7233 time 3.62s
Epoch 0/20 964/1000 loss: 0.7232 time 3.61s
Epoch 0/20 965/1000 loss: 0.7235 time 3.61s
Epoch 0/20 966/1000 loss: 0.7235 time 3.62s
Epoch 0/20 967/1000 loss: 0.7234 time 3.61s
Epoch 0/20 968/1000 loss: 0.7235 time 3.62s
Epoch 0/20 969/1000 loss: 0.7232 time 3.61s
Epoch 0/20 970/1000 loss: 0.7232 time 3.62s
Epoch 0/20 971/1000 loss: 0.7230 time 3.62s
Epoch 0/20 972/1000 loss: 0.7229 time 3.61s
Epoch 0/20 973/1000 loss: 0.7228 time 3.62s
Epoch 0/20 974/1000 loss: 0.7226 time 3.62s
Epoch 0/20 975/1000 loss: 0.7224 time 3.62s
Epoch 0/20 976/1000 loss: 0.7225 time 3.61s
Epoch 0/20 977/1000 loss: 0.7224 time 3.61s
Epoch 0/20 978/1000 loss: 0.7225 time 3.62s
Epoch 0/20 979/1000 loss: 0.7224 time 3.61s
Epoch 0/20 980/1000 loss: 0.7221 time 3.62s
Epoch 0/20 981/1000 loss: 0.7218 time 3.61s
Epoch 0/20 982/1000 loss: 0.7217 time 3.63s
Epoch 0/20 983/1000 loss: 0.7215 time 3.62s
Epoch 0/20 984/1000 loss: 0.7214 time 3.61s
Epoch 0/20 985/1000 loss: 0.7215 time 3.61s
Epoch 0/20 986/1000 loss: 0.7215 time 3.61s
Epoch 0/20 987/1000 loss: 0.7215 time 3.61s
Epoch 0/20 988/1000 loss: 0.7216 time 3.62s
Epoch 0/20 989/1000 loss: 0.7213 time 3.62s
Epoch 0/20 990/1000 loss: 0.7213 time 3.62s
Epoch 0/20 991/1000 loss: 0.7211 time 3.62s
Epoch 0/20 992/1000 loss: 0.7213 time 3.63s
Epoch 0/20 993/1000 loss: 0.7213 time 3.62s
Epoch 0/20 994/1000 loss: 0.7210 time 3.62s
Epoch 0/20 995/1000 loss: 0.7210 time 3.61s
Epoch 0/20 996/1000 loss: 0.7210 time 3.61s
Epoch 0/20 997/1000 loss: 0.7209 time 3.62s
Epoch 0/20 998/1000 loss: 0.7209 time 3.62s
Epoch 0/20 999/1000 loss: 0.7208 time 3.61s
Final training  0/19 loss: 0.7208 time 3685.66s
Val 0/20 0/250 , dice_tc: 0.5450122 , dice_wt: 0.5594454 , dice_et: 0.0 , time 45.49s
Val 0/20 1/250 , dice_tc: 0.47012514 , dice_wt: 0.34094292 , dice_et: 0.0 , time 27.47s
Val 0/20 2/250 , dice_tc: 0.586741 , dice_wt: 0.4650488 , dice_et: 0.0 , time 27.49s
Val 0/20 3/250 , dice_tc: 0.5784936 , dice_wt: 0.5602049 , dice_et: 0.0 , time 27.56s
Val 0/20 4/250 , dice_tc: 0.56759727 , dice_wt: 0.5944201 , dice_et: 0.0 , time 27.58s
Val 0/20 5/250 , dice_tc: 0.5343945 , dice_wt: 0.61354333 , dice_et: 0.0 , time 27.64s
Val 0/20 6/250 , dice_tc: 0.55099386 , dice_wt: 0.62759227 , dice_et: 0.0 , time 27.65s
Val 0/20 7/250 , dice_tc: 0.59802353 , dice_wt: 0.62966174 , dice_et: 0.0 , time 27.68s
Val 0/20 8/250 , dice_tc: 0.59802353 , dice_wt: 0.5736711 , dice_et: 0.0 , time 27.69s
Val 0/20 9/250 , dice_tc: 0.6179774 , dice_wt: 0.5965059 , dice_et: 0.0 , time 27.70s
Val 0/20 10/250 , dice_tc: 0.6246932 , dice_wt: 0.5852649 , dice_et: 0.0 , time 27.69s
Val 0/20 11/250 , dice_tc: 0.63518494 , dice_wt: 0.6033582 , dice_et: 0.0 , time 27.70s
Val 0/20 12/250 , dice_tc: 0.6349771 , dice_wt: 0.62273175 , dice_et: 0.0 , time 27.66s
Val 0/20 13/250 , dice_tc: 0.6403071 , dice_wt: 0.62687266 , dice_et: 0.0 , time 27.68s
Val 0/20 14/250 , dice_tc: 0.62203836 , dice_wt: 0.6238215 , dice_et: 0.0 , time 27.66s
Val 0/20 15/250 , dice_tc: 0.6138882 , dice_wt: 0.6386835 , dice_et: 0.0 , time 27.67s
Val 0/20 16/250 , dice_tc: 0.5756773 , dice_wt: 0.6300283 , dice_et: 0.0 , time 27.68s
Val 0/20 17/250 , dice_tc: 0.54470116 , dice_wt: 0.6439352 , dice_et: 0.0 , time 27.67s
Val 0/20 18/250 , dice_tc: 0.5568664 , dice_wt: 0.65455264 , dice_et: 0.0 , time 27.67s
Val 0/20 19/250 , dice_tc: 0.5503662 , dice_wt: 0.66045505 , dice_et: 0.0 , time 27.70s
Val 0/20 20/250 , dice_tc: 0.54000676 , dice_wt: 0.66154903 , dice_et: 0.0 , time 27.66s
Val 0/20 21/250 , dice_tc: 0.5382167 , dice_wt: 0.6680172 , dice_et: 0.0 , time 27.68s
Val 0/20 22/250 , dice_tc: 0.51490736 , dice_wt: 0.66210145 , dice_et: 0.0 , time 27.69s
Val 0/20 23/250 , dice_tc: 0.5185154 , dice_wt: 0.66391426 , dice_et: 0.0 , time 27.70s
Val 0/20 24/250 , dice_tc: 0.5240857 , dice_wt: 0.66604835 , dice_et: 0.0 , time 27.69s
Val 0/20 25/250 , dice_tc: 0.5111964 , dice_wt: 0.67162675 , dice_et: 0.0 , time 27.69s
Val 0/20 26/250 , dice_tc: 0.5171003 , dice_wt: 0.67344123 , dice_et: 0.0 , time 27.70s
Val 0/20 27/250 , dice_tc: 0.4980576 , dice_wt: 0.6798124 , dice_et: 0.0 , time 27.73s
Val 0/20 28/250 , dice_tc: 0.5055201 , dice_wt: 0.681871 , dice_et: 0.0 , time 27.71s
Val 0/20 29/250 , dice_tc: 0.49076432 , dice_wt: 0.6863166 , dice_et: 0.0 , time 27.68s
Val 0/20 30/250 , dice_tc: 0.49824587 , dice_wt: 0.68173635 , dice_et: 0.0 , time 27.73s
Val 0/20 31/250 , dice_tc: 0.50405216 , dice_wt: 0.6655469 , dice_et: 0.0 , time 27.67s
Val 0/20 32/250 , dice_tc: 0.50062054 , dice_wt: 0.6595499 , dice_et: 0.0 , time 27.68s
Val 0/20 33/250 , dice_tc: 0.5092939 , dice_wt: 0.66526955 , dice_et: 0.0 , time 27.67s
Val 0/20 34/250 , dice_tc: 0.51926726 , dice_wt: 0.67230004 , dice_et: 0.0 , time 27.66s
Val 0/20 35/250 , dice_tc: 0.5301513 , dice_wt: 0.6733535 , dice_et: 0.0 , time 27.68s
Val 0/20 36/250 , dice_tc: 0.5283182 , dice_wt: 0.66028506 , dice_et: 0.0 , time 27.68s
Val 0/20 37/250 , dice_tc: 0.5140394 , dice_wt: 0.651201 , dice_et: 0.0 , time 27.67s
Val 0/20 38/250 , dice_tc: 0.5196667 , dice_wt: 0.64829135 , dice_et: 0.0 , time 27.65s
Val 0/20 39/250 , dice_tc: 0.5220107 , dice_wt: 0.6552867 , dice_et: 0.0 , time 27.67s
Val 0/20 40/250 , dice_tc: 0.5187933 , dice_wt: 0.6604536 , dice_et: 0.0 , time 27.67s
Val 0/20 41/250 , dice_tc: 0.5061693 , dice_wt: 0.66657513 , dice_et: 0.0 , time 27.68s
Val 0/20 42/250 , dice_tc: 0.49411768 , dice_wt: 0.6715245 , dice_et: 0.0 , time 27.65s
Val 0/20 43/250 , dice_tc: 0.49757305 , dice_wt: 0.6716013 , dice_et: 0.0 , time 27.65s
Val 0/20 44/250 , dice_tc: 0.49053362 , dice_wt: 0.6717376 , dice_et: 0.0 , time 27.67s
Val 0/20 45/250 , dice_tc: 0.49898136 , dice_wt: 0.6730091 , dice_et: 0.0 , time 27.65s
Val 0/20 46/250 , dice_tc: 0.49956265 , dice_wt: 0.6708949 , dice_et: 0.0 , time 27.67s
Val 0/20 47/250 , dice_tc: 0.50323737 , dice_wt: 0.6654853 , dice_et: 0.0 , time 27.68s
Val 0/20 48/250 , dice_tc: 0.50886244 , dice_wt: 0.66791505 , dice_et: 0.0 , time 27.68s
Val 0/20 49/250 , dice_tc: 0.50886244 , dice_wt: 0.66907156 , dice_et: 0.0 , time 27.67s
Val 0/20 50/250 , dice_tc: 0.50331885 , dice_wt: 0.6733559 , dice_et: 0.0 , time 27.70s
Val 0/20 51/250 , dice_tc: 0.49541122 , dice_wt: 0.67359954 , dice_et: 0.0 , time 27.68s
Val 0/20 52/250 , dice_tc: 0.49626392 , dice_wt: 0.67584646 , dice_et: 0.0 , time 27.66s
Val 0/20 53/250 , dice_tc: 0.48880503 , dice_wt: 0.67808074 , dice_et: 0.0 , time 27.63s
Val 0/20 54/250 , dice_tc: 0.49304047 , dice_wt: 0.67961246 , dice_et: 0.0 , time 27.66s
Val 0/20 55/250 , dice_tc: 0.49176553 , dice_wt: 0.68322146 , dice_et: 0.0 , time 27.68s
Val 0/20 56/250 , dice_tc: 0.48452136 , dice_wt: 0.6870145 , dice_et: 0.0 , time 27.68s
Val 0/20 57/250 , dice_tc: 0.47586918 , dice_wt: 0.6772912 , dice_et: 0.0 , time 27.67s
Val 0/20 58/250 , dice_tc: 0.4800763 , dice_wt: 0.6801044 , dice_et: 0.0 , time 27.65s
Val 0/20 59/250 , dice_tc: 0.4771931 , dice_wt: 0.6781385 , dice_et: 0.0 , time 27.65s
Val 0/20 60/250 , dice_tc: 0.47023517 , dice_wt: 0.67814034 , dice_et: 0.0 , time 27.67s
Val 0/20 61/250 , dice_tc: 0.46565822 , dice_wt: 0.67914945 , dice_et: 0.0 , time 27.68s
Val 0/20 62/250 , dice_tc: 0.4613776 , dice_wt: 0.682438 , dice_et: 0.0 , time 27.70s
Val 0/20 63/250 , dice_tc: 0.46300405 , dice_wt: 0.68057495 , dice_et: 0.0 , time 27.67s
Val 0/20 64/250 , dice_tc: 0.46225914 , dice_wt: 0.6790056 , dice_et: 0.0 , time 27.68s
Val 0/20 65/250 , dice_tc: 0.4686042 , dice_wt: 0.6800623 , dice_et: 0.0 , time 27.68s
Val 0/20 66/250 , dice_tc: 0.46198124 , dice_wt: 0.671575 , dice_et: 0.0 , time 27.70s
Val 0/20 67/250 , dice_tc: 0.46472368 , dice_wt: 0.6744159 , dice_et: 0.0 , time 27.74s
Val 0/20 68/250 , dice_tc: 0.46685553 , dice_wt: 0.67735845 , dice_et: 0.0 , time 27.68s
Val 0/20 69/250 , dice_tc: 0.4636705 , dice_wt: 0.68001527 , dice_et: 0.0 , time 27.70s
Val 0/20 70/250 , dice_tc: 0.4683755 , dice_wt: 0.6817886 , dice_et: 0.0 , time 27.70s
Val 0/20 71/250 , dice_tc: 0.47471413 , dice_wt: 0.68234646 , dice_et: 0.0 , time 27.72s
Val 0/20 72/250 , dice_tc: 0.47965 , dice_wt: 0.68534887 , dice_et: 0.0 , time 27.67s
Val 0/20 73/250 , dice_tc: 0.48367956 , dice_wt: 0.685609 , dice_et: 0.0 , time 27.71s
Val 0/20 74/250 , dice_tc: 0.48616076 , dice_wt: 0.68809354 , dice_et: 0.0 , time 27.70s
Val 0/20 75/250 , dice_tc: 0.48948392 , dice_wt: 0.68914944 , dice_et: 0.0 , time 27.68s
Val 0/20 76/250 , dice_tc: 0.4926423 , dice_wt: 0.68593484 , dice_et: 0.0 , time 27.69s
Val 0/20 77/250 , dice_tc: 0.4861602 , dice_wt: 0.67947036 , dice_et: 0.0 , time 27.73s
Val 0/20 78/250 , dice_tc: 0.48194894 , dice_wt: 0.680944 , dice_et: 0.0 , time 27.70s
Val 0/20 79/250 , dice_tc: 0.483553 , dice_wt: 0.68097633 , dice_et: 0.0 , time 27.69s
Val 0/20 80/250 , dice_tc: 0.483553 , dice_wt: 0.68069005 , dice_et: 0.0 , time 27.71s
Val 0/20 81/250 , dice_tc: 0.48607418 , dice_wt: 0.68255466 , dice_et: 0.0 , time 27.71s
Val 0/20 82/250 , dice_tc: 0.481529 , dice_wt: 0.6747382 , dice_et: 0.0 , time 27.71s
Val 0/20 83/250 , dice_tc: 0.4834985 , dice_wt: 0.6705618 , dice_et: 0.0 , time 27.70s
Val 0/20 84/250 , dice_tc: 0.48381206 , dice_wt: 0.6704764 , dice_et: 0.0 , time 27.72s
Val 0/20 85/250 , dice_tc: 0.4800836 , dice_wt: 0.6671082 , dice_et: 0.0 , time 27.73s
Val 0/20 86/250 , dice_tc: 0.482169 , dice_wt: 0.6679059 , dice_et: 0.0 , time 27.68s
Val 0/20 87/250 , dice_tc: 0.48181364 , dice_wt: 0.66933966 , dice_et: 0.0 , time 27.72s
Val 0/20 88/250 , dice_tc: 0.4816535 , dice_wt: 0.66742367 , dice_et: 0.0 , time 27.71s
Val 0/20 89/250 , dice_tc: 0.4793878 , dice_wt: 0.6666003 , dice_et: 0.0 , time 27.71s
Val 0/20 90/250 , dice_tc: 0.47588482 , dice_wt: 0.66870266 , dice_et: 0.0 , time 27.70s
Val 0/20 91/250 , dice_tc: 0.48076785 , dice_wt: 0.66982263 , dice_et: 0.0 , time 27.72s
Val 0/20 92/250 , dice_tc: 0.47635168 , dice_wt: 0.6658923 , dice_et: 0.0 , time 27.69s
Val 0/20 93/250 , dice_tc: 0.47664392 , dice_wt: 0.6592023 , dice_et: 0.0 , time 27.72s
Val 0/20 94/250 , dice_tc: 0.47586814 , dice_wt: 0.6615905 , dice_et: 0.0 , time 27.68s
Val 0/20 95/250 , dice_tc: 0.4765117 , dice_wt: 0.6623457 , dice_et: 0.0 , time 27.72s
Val 0/20 96/250 , dice_tc: 0.47608995 , dice_wt: 0.6646699 , dice_et: 0.0 , time 27.70s
Val 0/20 97/250 , dice_tc: 0.4781413 , dice_wt: 0.6652274 , dice_et: 0.0 , time 27.73s
Val 0/20 98/250 , dice_tc: 0.48204172 , dice_wt: 0.66443133 , dice_et: 0.0 , time 27.69s
Val 0/20 99/250 , dice_tc: 0.48345417 , dice_wt: 0.6651921 , dice_et: 0.0 , time 27.73s
Val 0/20 100/250 , dice_tc: 0.48345417 , dice_wt: 0.66326874 , dice_et: 0.0 , time 27.73s
Val 0/20 101/250 , dice_tc: 0.48087338 , dice_wt: 0.6611988 , dice_et: 0.0 , time 27.74s
Val 0/20 102/250 , dice_tc: 0.47611326 , dice_wt: 0.6632938 , dice_et: 0.0 , time 27.74s
Val 0/20 103/250 , dice_tc: 0.47898948 , dice_wt: 0.66117007 , dice_et: 0.0 , time 27.73s
Val 0/20 104/250 , dice_tc: 0.48176354 , dice_wt: 0.66151524 , dice_et: 0.0 , time 27.72s
Val 0/20 105/250 , dice_tc: 0.48515174 , dice_wt: 0.66245073 , dice_et: 0.0 , time 27.73s
Val 0/20 106/250 , dice_tc: 0.48576328 , dice_wt: 0.6600069 , dice_et: 0.0 , time 27.72s
Val 0/20 107/250 , dice_tc: 0.48746067 , dice_wt: 0.6580257 , dice_et: 0.0 , time 27.74s
Val 0/20 108/250 , dice_tc: 0.4834517 , dice_wt: 0.65904486 , dice_et: 0.0 , time 27.74s
Val 0/20 109/250 , dice_tc: 0.47889084 , dice_wt: 0.6577903 , dice_et: 0.0 , time 27.73s
Val 0/20 110/250 , dice_tc: 0.48207304 , dice_wt: 0.6583669 , dice_et: 0.0 , time 27.73s
Val 0/20 111/250 , dice_tc: 0.4788031 , dice_wt: 0.65636057 , dice_et: 0.0 , time 27.73s
Val 0/20 112/250 , dice_tc: 0.47518754 , dice_wt: 0.6581785 , dice_et: 0.0 , time 27.74s
Val 0/20 113/250 , dice_tc: 0.47482443 , dice_wt: 0.65884566 , dice_et: 0.0 , time 27.71s
Val 0/20 114/250 , dice_tc: 0.47737992 , dice_wt: 0.65732324 , dice_et: 0.0 , time 27.72s
Val 0/20 115/250 , dice_tc: 0.47314596 , dice_wt: 0.6588726 , dice_et: 0.0 , time 27.73s
Val 0/20 116/250 , dice_tc: 0.47474596 , dice_wt: 0.6603542 , dice_et: 0.0 , time 27.71s
Val 0/20 117/250 , dice_tc: 0.47105724 , dice_wt: 0.66089845 , dice_et: 0.0 , time 27.71s
Val 0/20 118/250 , dice_tc: 0.4669611 , dice_wt: 0.66114485 , dice_et: 0.0 , time 27.71s
Val 0/20 119/250 , dice_tc: 0.47052702 , dice_wt: 0.66273934 , dice_et: 0.0 , time 27.73s
Val 0/20 120/250 , dice_tc: 0.47274157 , dice_wt: 0.660859 , dice_et: 0.0 , time 27.72s
Val 0/20 121/250 , dice_tc: 0.4719441 , dice_wt: 0.65981835 , dice_et: 0.0 , time 27.69s
Val 0/20 122/250 , dice_tc: 0.4689205 , dice_wt: 0.6615987 , dice_et: 0.0 , time 27.71s
Val 0/20 123/250 , dice_tc: 0.468561 , dice_wt: 0.66156775 , dice_et: 0.0 , time 27.74s
Val 0/20 124/250 , dice_tc: 0.46957955 , dice_wt: 0.6602815 , dice_et: 0.0 , time 27.73s
Val 0/20 125/250 , dice_tc: 0.47258243 , dice_wt: 0.66105807 , dice_et: 0.0 , time 27.70s
Val 0/20 126/250 , dice_tc: 0.4755223 , dice_wt: 0.66049385 , dice_et: 0.0 , time 27.70s
Val 0/20 127/250 , dice_tc: 0.47366896 , dice_wt: 0.6604951 , dice_et: 0.0 , time 27.69s
Val 0/20 128/250 , dice_tc: 0.4735496 , dice_wt: 0.6583131 , dice_et: 0.0 , time 27.72s
Val 0/20 129/250 , dice_tc: 0.47432712 , dice_wt: 0.6592364 , dice_et: 0.0 , time 27.71s
Val 0/20 130/250 , dice_tc: 0.47059226 , dice_wt: 0.6591963 , dice_et: 0.0 , time 27.69s
Val 0/20 131/250 , dice_tc: 0.47223184 , dice_wt: 0.65950197 , dice_et: 0.0 , time 27.69s
Val 0/20 132/250 , dice_tc: 0.4741583 , dice_wt: 0.6582673 , dice_et: 0.0 , time 27.71s
Val 0/20 133/250 , dice_tc: 0.47145417 , dice_wt: 0.6579075 , dice_et: 0.0 , time 27.69s
Val 0/20 134/250 , dice_tc: 0.47054797 , dice_wt: 0.66003126 , dice_et: 0.0 , time 27.70s
Val 0/20 135/250 , dice_tc: 0.4678836 , dice_wt: 0.6591187 , dice_et: 0.0 , time 27.68s
Val 0/20 136/250 , dice_tc: 0.46659586 , dice_wt: 0.6602195 , dice_et: 0.0 , time 27.68s
Val 0/20 137/250 , dice_tc: 0.46418554 , dice_wt: 0.66137683 , dice_et: 0.0 , time 27.67s
Val 0/20 138/250 , dice_tc: 0.46345448 , dice_wt: 0.66316324 , dice_et: 0.0 , time 27.67s
Val 0/20 139/250 , dice_tc: 0.4633741 , dice_wt: 0.66348207 , dice_et: 0.0 , time 27.66s
Val 0/20 140/250 , dice_tc: 0.46488583 , dice_wt: 0.6620973 , dice_et: 0.0 , time 27.69s
Val 0/20 141/250 , dice_tc: 0.4664522 , dice_wt: 0.6632322 , dice_et: 0.0 , time 27.68s
Val 0/20 142/250 , dice_tc: 0.46698767 , dice_wt: 0.66485953 , dice_et: 0.0 , time 27.70s
Val 0/20 143/250 , dice_tc: 0.46527088 , dice_wt: 0.6641148 , dice_et: 0.0 , time 27.70s
Val 0/20 144/250 , dice_tc: 0.4682919 , dice_wt: 0.66505015 , dice_et: 0.0 , time 27.67s
Val 0/20 145/250 , dice_tc: 0.46518466 , dice_wt: 0.6653175 , dice_et: 0.0 , time 27.69s
Val 0/20 146/250 , dice_tc: 0.46440417 , dice_wt: 0.6668997 , dice_et: 0.0 , time 27.68s
Val 0/20 147/250 , dice_tc: 0.4614313 , dice_wt: 0.666659 , dice_et: 0.0 , time 27.69s
Val 0/20 148/250 , dice_tc: 0.46042007 , dice_wt: 0.6681128 , dice_et: 0.0 , time 27.67s
Val 0/20 149/250 , dice_tc: 0.45847923 , dice_wt: 0.66801876 , dice_et: 0.0 , time 27.67s
Val 0/20 150/250 , dice_tc: 0.45561653 , dice_wt: 0.66553706 , dice_et: 0.0 , time 27.67s
Val 0/20 151/250 , dice_tc: 0.45722663 , dice_wt: 0.6660156 , dice_et: 0.0 , time 27.67s
Val 0/20 152/250 , dice_tc: 0.45810455 , dice_wt: 0.66645026 , dice_et: 0.0 , time 27.67s
Val 0/20 153/250 , dice_tc: 0.4590213 , dice_wt: 0.6668496 , dice_et: 0.0 , time 27.66s
Val 0/20 154/250 , dice_tc: 0.45932016 , dice_wt: 0.66832894 , dice_et: 0.0 , time 27.69s
Val 0/20 155/250 , dice_tc: 0.46145177 , dice_wt: 0.6695615 , dice_et: 0.0 , time 27.68s
Val 0/20 156/250 , dice_tc: 0.45925608 , dice_wt: 0.6704125 , dice_et: 0.0 , time 27.69s
Val 0/20 157/250 , dice_tc: 0.45957205 , dice_wt: 0.67159337 , dice_et: 0.0 , time 27.67s
Val 0/20 158/250 , dice_tc: 0.45846438 , dice_wt: 0.6726386 , dice_et: 0.0 , time 27.67s
Val 0/20 159/250 , dice_tc: 0.45889807 , dice_wt: 0.6737968 , dice_et: 0.0 , time 27.67s
Val 0/20 160/250 , dice_tc: 0.45947197 , dice_wt: 0.6750152 , dice_et: 0.0 , time 27.68s
Val 0/20 161/250 , dice_tc: 0.46085334 , dice_wt: 0.67579436 , dice_et: 0.0 , time 27.68s
Val 0/20 162/250 , dice_tc: 0.46144137 , dice_wt: 0.67628646 , dice_et: 0.0 , time 27.69s
Val 0/20 163/250 , dice_tc: 0.46185142 , dice_wt: 0.67747194 , dice_et: 0.0 , time 27.66s
Val 0/20 164/250 , dice_tc: 0.46185142 , dice_wt: 0.6743742 , dice_et: 0.0 , time 27.67s
Val 0/20 165/250 , dice_tc: 0.46306652 , dice_wt: 0.67445993 , dice_et: 0.0 , time 27.70s
Val 0/20 166/250 , dice_tc: 0.46567854 , dice_wt: 0.6748393 , dice_et: 0.0 , time 27.67s
Val 0/20 167/250 , dice_tc: 0.4675856 , dice_wt: 0.67512983 , dice_et: 0.0 , time 27.70s
Val 0/20 168/250 , dice_tc: 0.4673359 , dice_wt: 0.6750031 , dice_et: 0.0 , time 27.68s
Val 0/20 169/250 , dice_tc: 0.46537963 , dice_wt: 0.6749303 , dice_et: 0.0 , time 27.68s
Val 0/20 170/250 , dice_tc: 0.46677357 , dice_wt: 0.67548144 , dice_et: 0.0 , time 27.65s
Val 0/20 171/250 , dice_tc: 0.46397853 , dice_wt: 0.67357105 , dice_et: 0.0 , time 27.69s
Val 0/20 172/250 , dice_tc: 0.46393093 , dice_wt: 0.674484 , dice_et: 0.0 , time 27.67s
Val 0/20 173/250 , dice_tc: 0.46129975 , dice_wt: 0.67092013 , dice_et: 0.0 , time 27.74s
Val 0/20 174/250 , dice_tc: 0.46047315 , dice_wt: 0.670779 , dice_et: 0.0 , time 27.68s
Val 0/20 175/250 , dice_tc: 0.46057072 , dice_wt: 0.67104954 , dice_et: 0.0 , time 27.65s
Val 0/20 176/250 , dice_tc: 0.4618959 , dice_wt: 0.6701909 , dice_et: 0.0 , time 27.68s
Val 0/20 177/250 , dice_tc: 0.46008927 , dice_wt: 0.66981745 , dice_et: 0.0 , time 27.67s
Val 0/20 178/250 , dice_tc: 0.45807487 , dice_wt: 0.67011225 , dice_et: 0.0 , time 27.68s
Val 0/20 179/250 , dice_tc: 0.45849448 , dice_wt: 0.670762 , dice_et: 0.0 , time 27.69s
Val 0/20 180/250 , dice_tc: 0.45981434 , dice_wt: 0.67184937 , dice_et: 0.0 , time 27.68s
Val 0/20 181/250 , dice_tc: 0.4578115 , dice_wt: 0.6711624 , dice_et: 0.0 , time 27.69s
Val 0/20 182/250 , dice_tc: 0.45903918 , dice_wt: 0.67234725 , dice_et: 0.0 , time 27.67s
Val 0/20 183/250 , dice_tc: 0.45909473 , dice_wt: 0.67157084 , dice_et: 0.0 , time 27.67s
Val 0/20 184/250 , dice_tc: 0.4589912 , dice_wt: 0.6722759 , dice_et: 0.0 , time 27.68s
Val 0/20 185/250 , dice_tc: 0.45970714 , dice_wt: 0.67307144 , dice_et: 0.0 , time 27.71s
Val 0/20 186/250 , dice_tc: 0.45724505 , dice_wt: 0.6722491 , dice_et: 0.0 , time 27.69s
Val 0/20 187/250 , dice_tc: 0.4576674 , dice_wt: 0.6699389 , dice_et: 0.0 , time 27.70s
Val 0/20 188/250 , dice_tc: 0.4562101 , dice_wt: 0.670781 , dice_et: 0.0 , time 27.70s
Val 0/20 189/250 , dice_tc: 0.45459545 , dice_wt: 0.67153305 , dice_et: 0.0 , time 27.67s
Val 0/20 190/250 , dice_tc: 0.45558047 , dice_wt: 0.6710019 , dice_et: 0.0 , time 27.68s
Val 0/20 191/250 , dice_tc: 0.45575058 , dice_wt: 0.67076063 , dice_et: 0.0 , time 27.68s
Val 0/20 192/250 , dice_tc: 0.45676354 , dice_wt: 0.67123806 , dice_et: 0.0 , time 27.70s
Val 0/20 193/250 , dice_tc: 0.4543468 , dice_wt: 0.6706063 , dice_et: 0.0 , time 27.69s
Val 0/20 194/250 , dice_tc: 0.45447382 , dice_wt: 0.6705294 , dice_et: 0.0 , time 27.67s
Val 0/20 195/250 , dice_tc: 0.4520944 , dice_wt: 0.6689972 , dice_et: 0.0 , time 27.71s
Val 0/20 196/250 , dice_tc: 0.45335594 , dice_wt: 0.6687452 , dice_et: 0.0 , time 27.70s
Val 0/20 197/250 , dice_tc: 0.45508793 , dice_wt: 0.66911185 , dice_et: 0.0 , time 27.66s
Val 0/20 198/250 , dice_tc: 0.4564252 , dice_wt: 0.6701882 , dice_et: 0.0 , time 27.70s
Val 0/20 199/250 , dice_tc: 0.45630783 , dice_wt: 0.66960734 , dice_et: 0.0 , time 27.71s
Val 0/20 200/250 , dice_tc: 0.4561958 , dice_wt: 0.6704051 , dice_et: 0.0 , time 27.72s
Val 0/20 201/250 , dice_tc: 0.4565083 , dice_wt: 0.67045987 , dice_et: 0.0 , time 27.71s
Val 0/20 202/250 , dice_tc: 0.45682922 , dice_wt: 0.67060906 , dice_et: 0.0 , time 27.73s
Val 0/20 203/250 , dice_tc: 0.45503128 , dice_wt: 0.6713669 , dice_et: 0.0 , time 27.70s
Val 0/20 204/250 , dice_tc: 0.45575252 , dice_wt: 0.67239296 , dice_et: 0.0 , time 27.72s
Val 0/20 205/250 , dice_tc: 0.45434013 , dice_wt: 0.6733983 , dice_et: 0.0 , time 27.68s
Val 0/20 206/250 , dice_tc: 0.45365033 , dice_wt: 0.67135036 , dice_et: 0.0 , time 27.72s
Val 0/20 207/250 , dice_tc: 0.45465663 , dice_wt: 0.6724026 , dice_et: 0.0 , time 27.71s
Val 0/20 208/250 , dice_tc: 0.45285884 , dice_wt: 0.67003053 , dice_et: 0.0 , time 27.71s
Val 0/20 209/250 , dice_tc: 0.45107746 , dice_wt: 0.66819125 , dice_et: 0.0 , time 27.71s
Val 0/20 210/250 , dice_tc: 0.45125997 , dice_wt: 0.66718316 , dice_et: 0.0 , time 27.70s
Val 0/20 211/250 , dice_tc: 0.45087853 , dice_wt: 0.66594356 , dice_et: 0.0 , time 27.71s
Val 0/20 212/250 , dice_tc: 0.45122468 , dice_wt: 0.66454285 , dice_et: 0.0 , time 27.71s
Val 0/20 213/250 , dice_tc: 0.4495049 , dice_wt: 0.66577816 , dice_et: 0.0 , time 27.72s
Val 0/20 214/250 , dice_tc: 0.45044363 , dice_wt: 0.6669402 , dice_et: 0.0 , time 27.73s
Val 0/20 215/250 , dice_tc: 0.45116866 , dice_wt: 0.6678992 , dice_et: 0.0 , time 27.69s
Val 0/20 216/250 , dice_tc: 0.4506789 , dice_wt: 0.6688523 , dice_et: 0.0 , time 27.67s
Val 0/20 217/250 , dice_tc: 0.44900346 , dice_wt: 0.6681551 , dice_et: 0.0 , time 27.70s
Val 0/20 218/250 , dice_tc: 0.44691482 , dice_wt: 0.66802806 , dice_et: 0.0 , time 27.68s
Val 0/20 219/250 , dice_tc: 0.44741893 , dice_wt: 0.667583 , dice_et: 0.0 , time 27.70s
Val 0/20 220/250 , dice_tc: 0.44745043 , dice_wt: 0.6677057 , dice_et: 0.0 , time 27.68s
Val 0/20 221/250 , dice_tc: 0.44781753 , dice_wt: 0.6674818 , dice_et: 0.0 , time 27.67s
Val 0/20 222/250 , dice_tc: 0.44576943 , dice_wt: 0.66666883 , dice_et: 0.0 , time 27.68s
Val 0/20 223/250 , dice_tc: 0.44730225 , dice_wt: 0.66722876 , dice_et: 0.0 , time 27.68s
Val 0/20 224/250 , dice_tc: 0.44799003 , dice_wt: 0.6678674 , dice_et: 0.0 , time 27.70s
Val 0/20 225/250 , dice_tc: 0.44855714 , dice_wt: 0.6672762 , dice_et: 0.0 , time 27.65s
Val 0/20 226/250 , dice_tc: 0.45030376 , dice_wt: 0.6682601 , dice_et: 0.0 , time 27.68s
Val 0/20 227/250 , dice_tc: 0.45051315 , dice_wt: 0.6678642 , dice_et: 0.0 , time 27.70s
Val 0/20 228/250 , dice_tc: 0.4513901 , dice_wt: 0.6676459 , dice_et: 0.0 , time 27.67s
Val 0/20 229/250 , dice_tc: 0.45032978 , dice_wt: 0.66816735 , dice_et: 0.0 , time 27.69s
Val 0/20 230/250 , dice_tc: 0.44930336 , dice_wt: 0.666505 , dice_et: 0.0 , time 27.70s
Val 0/20 231/250 , dice_tc: 0.45048565 , dice_wt: 0.6666944 , dice_et: 0.0 , time 27.68s
Val 0/20 232/250 , dice_tc: 0.45019543 , dice_wt: 0.6672724 , dice_et: 0.0 , time 27.68s
Val 0/20 233/250 , dice_tc: 0.44907188 , dice_wt: 0.66744965 , dice_et: 0.0 , time 27.69s
Val 0/20 234/250 , dice_tc: 0.44847432 , dice_wt: 0.6672553 , dice_et: 0.0 , time 27.69s
Val 0/20 235/250 , dice_tc: 0.44898167 , dice_wt: 0.66628927 , dice_et: 0.0 , time 27.67s
Val 0/20 236/250 , dice_tc: 0.44763586 , dice_wt: 0.66684955 , dice_et: 0.0 , time 27.65s
Val 0/20 237/250 , dice_tc: 0.44647595 , dice_wt: 0.6662287 , dice_et: 0.0 , time 27.65s
Val 0/20 238/250 , dice_tc: 0.44793665 , dice_wt: 0.6665402 , dice_et: 0.0 , time 27.68s
Val 0/20 239/250 , dice_tc: 0.44950643 , dice_wt: 0.66686827 , dice_et: 0.0 , time 27.66s
Val 0/20 240/250 , dice_tc: 0.44868582 , dice_wt: 0.6679685 , dice_et: 0.0 , time 27.65s
Val 0/20 241/250 , dice_tc: 0.44821417 , dice_wt: 0.66708964 , dice_et: 0.0 , time 27.65s
Val 0/20 242/250 , dice_tc: 0.44954696 , dice_wt: 0.6676717 , dice_et: 0.0 , time 27.67s
Val 0/20 243/250 , dice_tc: 0.44831753 , dice_wt: 0.66871285 , dice_et: 0.0 , time 27.66s
Val 0/20 244/250 , dice_tc: 0.44806957 , dice_wt: 0.66926813 , dice_et: 0.0 , time 27.65s
Val 0/20 245/250 , dice_tc: 0.44849327 , dice_wt: 0.66975963 , dice_et: 0.0 , time 27.68s
Val 0/20 246/250 , dice_tc: 0.449125 , dice_wt: 0.66928643 , dice_et: 0.0 , time 27.64s
Val 0/20 247/250 , dice_tc: 0.45010528 , dice_wt: 0.6688305 , dice_et: 0.0 , time 27.65s
Val 0/20 248/250 , dice_tc: 0.45067924 , dice_wt: 0.66906464 , dice_et: 0.0 , time 27.62s
Val 0/20 249/250 , dice_tc: 0.45069954 , dice_wt: 0.6691206 , dice_et: 0.0 , time 27.66s
Final validation stats 0/19 , dice_tc: 0.45069954 , dice_wt: 0.6691206 , dice_et: 0.0 , Dice_Avg: 0.37327337 , time 6939.58s
new best (0.000000 --> 0.373273). 
Saving checkpoint /tmp/tmp2hbeuceu/model.pt
Fri Jul 21 00:45:57 2023 Epoch: 1
None of the inputs have requires_grad=True. Gradients will be None
invalid value encountered in divide
slurmstepd: error: *** JOB 9597193 ON gra1187 CANCELLED AT 2023-07-21T00:48:47 DUE TO TIME LIMIT ***
