None

    The model was run for 10 epoch.
    The validation was done at 10 epoch.
    Optimizer - AdamW, lr=1e-5, weight_decay=1e-4
    Scheduler - LambdaLR
    drop_rate = 0.0
    infer_overlap = 0.7
    I use the softmax in Diceloss calculation

MONAI version: 1.2.0rc7+9.g84940298
Numpy version: 1.24.2
Pytorch version: 1.13.1
MONAI flags: HAS_EXT = False, USE_COMPILED = False, USE_META_DICT = False
MONAI rev id: 84940298bff9ff1f54845eb8ae7422c0092c09c1
MONAI __file__: /home/guest185/hackathon_38/lib/python3.8/site-packages/monai/__init__.py

Optional dependencies:
Pytorch Ignite version: 0.4.2
ITK version: NOT INSTALLED or UNKNOWN VERSION.
Nibabel version: 5.1.0
scikit-image version: 0.19.3
Pillow version: 9.5.0
Tensorboard version: 2.13.0
gdown version: 4.7.1
TorchVision version: 0.14.1
tqdm version: 4.65.0
lmdb version: 1.2.1
psutil version: 5.9.4
pandas version: 1.5.3
einops version: 0.6.1
transformers version: 4.21.3
mlflow version: NOT INSTALLED or UNKNOWN VERSION.
pynrrd version: 1.0.0

For details about installing the optional dependencies, please visit:
    https://docs.monai.io/en/latest/installation.html#installing-the-recommended-dependencies

/tmp/tmp78ejvt3z
image shape: (240, 240, 155), label shape: (240, 240, 155)
Wed Aug  2 20:33:00 2023 Epoch: 0
In the future `np.bool` will be defined as the corresponding NumPy scalar.
In the future `np.bool` will be defined as the corresponding NumPy scalar.
In the future `np.bool` will be defined as the corresponding NumPy scalar.
In the future `np.bool` will be defined as the corresponding NumPy scalar.
monai.transforms.io.dictionary LoadImaged.__init__:image_only: Current default value of argument `image_only=False` has been deprecated since version 1.1. It will be changed to `image_only=True` in version 1.3.
In the future `np.bool` will be defined as the corresponding NumPy scalar.
In the future `np.bool` will be defined as the corresponding NumPy scalar.
Epoch 0/10 0/1000 loss: 0.9949 time 27.82s
Epoch 0/10 1/1000 loss: 0.9864 time 4.22s
Epoch 0/10 2/1000 loss: 0.9704 time 4.54s
Epoch 0/10 3/1000 loss: 0.9721 time 4.16s
Epoch 0/10 4/1000 loss: 0.9770 time 4.17s
Epoch 0/10 5/1000 loss: 0.9747 time 4.19s
Epoch 0/10 6/1000 loss: 0.9695 time 4.20s
Epoch 0/10 7/1000 loss: 0.9688 time 4.21s
Epoch 0/10 8/1000 loss: 0.9711 time 4.23s
Epoch 0/10 9/1000 loss: 0.9717 time 4.22s
Epoch 0/10 10/1000 loss: 0.9736 time 4.23s
Epoch 0/10 11/1000 loss: 0.9710 time 4.25s
Epoch 0/10 12/1000 loss: 0.9676 time 4.26s
Epoch 0/10 13/1000 loss: 0.9698 time 4.27s
Epoch 0/10 14/1000 loss: 0.9702 time 4.29s
Epoch 0/10 15/1000 loss: 0.9720 time 4.27s
Epoch 0/10 16/1000 loss: 0.9734 time 4.31s
Epoch 0/10 17/1000 loss: 0.9703 time 4.32s
Epoch 0/10 18/1000 loss: 0.9714 time 4.31s
Epoch 0/10 19/1000 loss: 0.9721 time 4.34s
Epoch 0/10 20/1000 loss: 0.9705 time 4.35s
Epoch 0/10 21/1000 loss: 0.9714 time 4.35s
Epoch 0/10 22/1000 loss: 0.9725 time 4.35s
Epoch 0/10 23/1000 loss: 0.9725 time 4.38s
Epoch 0/10 24/1000 loss: 0.9705 time 4.38s
Epoch 0/10 25/1000 loss: 0.9711 time 4.39s
Epoch 0/10 26/1000 loss: 0.9693 time 4.40s
Epoch 0/10 27/1000 loss: 0.9694 time 4.40s
Epoch 0/10 28/1000 loss: 0.9697 time 4.40s
Epoch 0/10 29/1000 loss: 0.9693 time 4.39s
Epoch 0/10 30/1000 loss: 0.9697 time 4.42s
Epoch 0/10 31/1000 loss: 0.9677 time 4.39s
Epoch 0/10 32/1000 loss: 0.9675 time 4.37s
Epoch 0/10 33/1000 loss: 0.9670 time 4.38s
Epoch 0/10 34/1000 loss: 0.9669 time 4.38s
Epoch 0/10 35/1000 loss: 0.9659 time 4.39s
Epoch 0/10 36/1000 loss: 0.9664 time 4.37s
Epoch 0/10 37/1000 loss: 0.9663 time 4.38s
Epoch 0/10 38/1000 loss: 0.9661 time 4.38s
Epoch 0/10 39/1000 loss: 0.9662 time 4.37s
Epoch 0/10 40/1000 loss: 0.9659 time 4.36s
Epoch 0/10 41/1000 loss: 0.9656 time 4.39s
Epoch 0/10 42/1000 loss: 0.9652 time 4.38s
Epoch 0/10 43/1000 loss: 0.9656 time 4.37s
Epoch 0/10 44/1000 loss: 0.9658 time 4.37s
Epoch 0/10 45/1000 loss: 0.9650 time 4.38s
Epoch 0/10 46/1000 loss: 0.9655 time 4.36s
Epoch 0/10 47/1000 loss: 0.9650 time 4.35s
Epoch 0/10 48/1000 loss: 0.9644 time 4.37s
Epoch 0/10 49/1000 loss: 0.9638 time 4.36s
Epoch 0/10 50/1000 loss: 0.9634 time 4.36s
Epoch 0/10 51/1000 loss: 0.9639 time 4.35s
Epoch 0/10 52/1000 loss: 0.9639 time 4.35s
Epoch 0/10 53/1000 loss: 0.9636 time 4.35s
Epoch 0/10 54/1000 loss: 0.9628 time 4.35s
Epoch 0/10 55/1000 loss: 0.9623 time 4.35s
Epoch 0/10 56/1000 loss: 0.9627 time 4.35s
Epoch 0/10 57/1000 loss: 0.9630 time 4.34s
Epoch 0/10 58/1000 loss: 0.9622 time 4.34s
Epoch 0/10 59/1000 loss: 0.9623 time 4.34s
Epoch 0/10 60/1000 loss: 0.9628 time 4.33s
Epoch 0/10 61/1000 loss: 0.9621 time 4.33s
Epoch 0/10 62/1000 loss: 0.9619 time 4.33s
Epoch 0/10 63/1000 loss: 0.9620 time 4.33s
Epoch 0/10 64/1000 loss: 0.9622 time 4.33s
Epoch 0/10 65/1000 loss: 0.9620 time 4.32s
Epoch 0/10 66/1000 loss: 0.9621 time 4.33s
Epoch 0/10 67/1000 loss: 0.9623 time 4.30s
Epoch 0/10 68/1000 loss: 0.9625 time 4.31s
Epoch 0/10 69/1000 loss: 0.9621 time 4.32s
Epoch 0/10 70/1000 loss: 0.9621 time 4.30s
Epoch 0/10 71/1000 loss: 0.9610 time 4.30s
Epoch 0/10 72/1000 loss: 0.9613 time 4.31s
Epoch 0/10 73/1000 loss: 0.9613 time 4.30s
Epoch 0/10 74/1000 loss: 0.9607 time 4.32s
Epoch 0/10 75/1000 loss: 0.9603 time 4.31s
Epoch 0/10 76/1000 loss: 0.9601 time 4.31s
Epoch 0/10 77/1000 loss: 0.9596 time 4.31s
Epoch 0/10 78/1000 loss: 0.9596 time 4.31s
Epoch 0/10 79/1000 loss: 0.9595 time 4.31s
Epoch 0/10 80/1000 loss: 0.9597 time 4.31s
Epoch 0/10 81/1000 loss: 0.9597 time 4.31s
Epoch 0/10 82/1000 loss: 0.9591 time 4.31s
Epoch 0/10 83/1000 loss: 0.9592 time 4.31s
Epoch 0/10 84/1000 loss: 0.9586 time 4.31s
Epoch 0/10 85/1000 loss: 0.9589 time 4.31s
Epoch 0/10 86/1000 loss: 0.9579 time 4.31s
Epoch 0/10 87/1000 loss: 0.9576 time 4.32s
Epoch 0/10 88/1000 loss: 0.9574 time 4.30s
Epoch 0/10 89/1000 loss: 0.9578 time 4.30s
Epoch 0/10 90/1000 loss: 0.9574 time 4.30s
Epoch 0/10 91/1000 loss: 0.9577 time 4.29s
Epoch 0/10 92/1000 loss: 0.9575 time 4.29s
Epoch 0/10 93/1000 loss: 0.9577 time 4.29s
Epoch 0/10 94/1000 loss: 0.9581 time 4.29s
Epoch 0/10 95/1000 loss: 0.9580 time 4.29s
Epoch 0/10 96/1000 loss: 0.9581 time 4.29s
Epoch 0/10 97/1000 loss: 0.9579 time 4.31s
Epoch 0/10 98/1000 loss: 0.9576 time 4.29s
Epoch 0/10 99/1000 loss: 0.9578 time 4.29s
Epoch 0/10 100/1000 loss: 0.9578 time 4.29s
Epoch 0/10 101/1000 loss: 0.9581 time 4.29s
Epoch 0/10 102/1000 loss: 0.9581 time 4.28s
Epoch 0/10 103/1000 loss: 0.9577 time 4.30s
Epoch 0/10 104/1000 loss: 0.9574 time 4.30s
Epoch 0/10 105/1000 loss: 0.9577 time 4.29s
Epoch 0/10 106/1000 loss: 0.9580 time 4.30s
Epoch 0/10 107/1000 loss: 0.9578 time 4.29s
Epoch 0/10 108/1000 loss: 0.9578 time 4.29s
Epoch 0/10 109/1000 loss: 0.9578 time 4.28s
Epoch 0/10 110/1000 loss: 0.9573 time 4.30s
Epoch 0/10 111/1000 loss: 0.9565 time 4.29s
Epoch 0/10 112/1000 loss: 0.9565 time 4.29s
Epoch 0/10 113/1000 loss: 0.9560 time 4.29s
Epoch 0/10 114/1000 loss: 0.9552 time 4.29s
Epoch 0/10 115/1000 loss: 0.9553 time 4.29s
Epoch 0/10 116/1000 loss: 0.9552 time 4.29s
Epoch 0/10 117/1000 loss: 0.9552 time 4.29s
Epoch 0/10 118/1000 loss: 0.9545 time 4.29s
Epoch 0/10 119/1000 loss: 0.9542 time 4.29s
Epoch 0/10 120/1000 loss: 0.9539 time 4.29s
Epoch 0/10 121/1000 loss: 0.9535 time 4.29s
Epoch 0/10 122/1000 loss: 0.9535 time 4.30s
Epoch 0/10 123/1000 loss: 0.9537 time 4.27s
Epoch 0/10 124/1000 loss: 0.9536 time 4.29s
Epoch 0/10 125/1000 loss: 0.9535 time 4.29s
Epoch 0/10 126/1000 loss: 0.9535 time 4.29s
Epoch 0/10 127/1000 loss: 0.9534 time 4.29s
Epoch 0/10 128/1000 loss: 0.9533 time 4.29s
Epoch 0/10 129/1000 loss: 0.9528 time 4.29s
Epoch 0/10 130/1000 loss: 0.9525 time 4.29s
Epoch 0/10 131/1000 loss: 0.9527 time 4.28s
Epoch 0/10 132/1000 loss: 0.9529 time 4.27s
Epoch 0/10 133/1000 loss: 0.9527 time 4.27s
Epoch 0/10 134/1000 loss: 0.9529 time 4.28s
Epoch 0/10 135/1000 loss: 0.9527 time 4.27s
Epoch 0/10 136/1000 loss: 0.9529 time 4.28s
Epoch 0/10 137/1000 loss: 0.9531 time 4.27s
Epoch 0/10 138/1000 loss: 0.9533 time 4.27s
Epoch 0/10 139/1000 loss: 0.9530 time 4.27s
Epoch 0/10 140/1000 loss: 0.9529 time 4.29s
Epoch 0/10 141/1000 loss: 0.9532 time 4.27s
Epoch 0/10 142/1000 loss: 0.9527 time 4.28s
Epoch 0/10 143/1000 loss: 0.9526 time 4.28s
Epoch 0/10 144/1000 loss: 0.9523 time 4.28s
Epoch 0/10 145/1000 loss: 0.9526 time 4.28s
Epoch 0/10 146/1000 loss: 0.9527 time 4.29s
Epoch 0/10 147/1000 loss: 0.9527 time 4.29s
Epoch 0/10 148/1000 loss: 0.9526 time 4.29s
Epoch 0/10 149/1000 loss: 0.9527 time 4.28s
Epoch 0/10 150/1000 loss: 0.9522 time 4.28s
Epoch 0/10 151/1000 loss: 0.9521 time 4.29s
Epoch 0/10 152/1000 loss: 0.9520 time 4.29s
Epoch 0/10 153/1000 loss: 0.9520 time 4.29s
Epoch 0/10 154/1000 loss: 0.9521 time 4.28s
Epoch 0/10 155/1000 loss: 0.9521 time 4.29s
Epoch 0/10 156/1000 loss: 0.9519 time 4.29s
Epoch 0/10 157/1000 loss: 0.9520 time 4.28s
Epoch 0/10 158/1000 loss: 0.9520 time 4.29s
Epoch 0/10 159/1000 loss: 0.9517 time 4.28s
Epoch 0/10 160/1000 loss: 0.9515 time 4.30s
Epoch 0/10 161/1000 loss: 0.9517 time 4.28s
Epoch 0/10 162/1000 loss: 0.9519 time 4.28s
Epoch 0/10 163/1000 loss: 0.9518 time 4.29s
Epoch 0/10 164/1000 loss: 0.9517 time 4.29s
Epoch 0/10 165/1000 loss: 0.9516 time 4.30s
Epoch 0/10 166/1000 loss: 0.9516 time 4.29s
Epoch 0/10 167/1000 loss: 0.9519 time 4.28s
Epoch 0/10 168/1000 loss: 0.9517 time 4.29s
Epoch 0/10 169/1000 loss: 0.9518 time 4.29s
Epoch 0/10 170/1000 loss: 0.9515 time 4.29s
Epoch 0/10 171/1000 loss: 0.9517 time 4.29s
Epoch 0/10 172/1000 loss: 0.9518 time 4.29s
Epoch 0/10 173/1000 loss: 0.9517 time 4.29s
Epoch 0/10 174/1000 loss: 0.9513 time 4.30s
Epoch 0/10 175/1000 loss: 0.9510 time 4.29s
Epoch 0/10 176/1000 loss: 0.9507 time 4.29s
Epoch 0/10 177/1000 loss: 0.9504 time 4.29s
Epoch 0/10 178/1000 loss: 0.9502 time 4.29s
Epoch 0/10 179/1000 loss: 0.9501 time 4.29s
Epoch 0/10 180/1000 loss: 0.9499 time 4.29s
Epoch 0/10 181/1000 loss: 0.9497 time 4.29s
Epoch 0/10 182/1000 loss: 0.9499 time 4.29s
Epoch 0/10 183/1000 loss: 0.9496 time 4.29s
Epoch 0/10 184/1000 loss: 0.9492 time 4.30s
Epoch 0/10 185/1000 loss: 0.9493 time 4.29s
Epoch 0/10 186/1000 loss: 0.9492 time 4.29s
Epoch 0/10 187/1000 loss: 0.9490 time 4.29s
Epoch 0/10 188/1000 loss: 0.9487 time 4.29s
Epoch 0/10 189/1000 loss: 0.9482 time 4.29s
Epoch 0/10 190/1000 loss: 0.9483 time 4.29s
Epoch 0/10 191/1000 loss: 0.9481 time 4.29s
Epoch 0/10 192/1000 loss: 0.9478 time 4.29s
Epoch 0/10 193/1000 loss: 0.9475 time 4.29s
Epoch 0/10 194/1000 loss: 0.9472 time 4.29s
Epoch 0/10 195/1000 loss: 0.9469 time 4.29s
Epoch 0/10 196/1000 loss: 0.9468 time 4.29s
Epoch 0/10 197/1000 loss: 0.9465 time 4.29s
Epoch 0/10 198/1000 loss: 0.9464 time 4.29s
Epoch 0/10 199/1000 loss: 0.9461 time 4.29s
Epoch 0/10 200/1000 loss: 0.9459 time 4.28s
Epoch 0/10 201/1000 loss: 0.9457 time 4.28s
Epoch 0/10 202/1000 loss: 0.9457 time 4.29s
Epoch 0/10 203/1000 loss: 0.9457 time 4.29s
Epoch 0/10 204/1000 loss: 0.9453 time 4.29s
Epoch 0/10 205/1000 loss: 0.9453 time 4.29s
Epoch 0/10 206/1000 loss: 0.9453 time 4.30s
Epoch 0/10 207/1000 loss: 0.9451 time 4.28s
Epoch 0/10 208/1000 loss: 0.9445 time 4.30s
Epoch 0/10 209/1000 loss: 0.9446 time 4.29s
Epoch 0/10 210/1000 loss: 0.9444 time 4.29s
Epoch 0/10 211/1000 loss: 0.9441 time 4.29s
Epoch 0/10 212/1000 loss: 0.9440 time 4.29s
Epoch 0/10 213/1000 loss: 0.9441 time 4.29s
Epoch 0/10 214/1000 loss: 0.9438 time 4.29s
Epoch 0/10 215/1000 loss: 0.9438 time 4.28s
Epoch 0/10 216/1000 loss: 0.9436 time 4.29s
Epoch 0/10 217/1000 loss: 0.9433 time 4.29s
Epoch 0/10 218/1000 loss: 0.9433 time 4.29s
Epoch 0/10 219/1000 loss: 0.9433 time 4.28s
Epoch 0/10 220/1000 loss: 0.9433 time 4.29s
Epoch 0/10 221/1000 loss: 0.9431 time 4.29s
Epoch 0/10 222/1000 loss: 0.9433 time 4.28s
Epoch 0/10 223/1000 loss: 0.9432 time 4.29s
Epoch 0/10 224/1000 loss: 0.9430 time 4.30s
Epoch 0/10 225/1000 loss: 0.9425 time 4.29s
Epoch 0/10 226/1000 loss: 0.9423 time 4.29s
Epoch 0/10 227/1000 loss: 0.9423 time 4.29s
Epoch 0/10 228/1000 loss: 0.9421 time 4.30s
Epoch 0/10 229/1000 loss: 0.9419 time 4.29s
Epoch 0/10 230/1000 loss: 0.9415 time 4.29s
Epoch 0/10 231/1000 loss: 0.9417 time 4.28s
Epoch 0/10 232/1000 loss: 0.9417 time 4.29s
Epoch 0/10 233/1000 loss: 0.9414 time 4.29s
Epoch 0/10 234/1000 loss: 0.9416 time 4.28s
Epoch 0/10 235/1000 loss: 0.9417 time 4.28s
Epoch 0/10 236/1000 loss: 0.9418 time 4.27s
Epoch 0/10 237/1000 loss: 0.9420 time 4.27s
Epoch 0/10 238/1000 loss: 0.9420 time 4.28s
Epoch 0/10 239/1000 loss: 0.9421 time 4.28s
Epoch 0/10 240/1000 loss: 0.9421 time 4.28s
Epoch 0/10 241/1000 loss: 0.9420 time 4.29s
Epoch 0/10 242/1000 loss: 0.9418 time 4.29s
Epoch 0/10 243/1000 loss: 0.9416 time 4.28s
Epoch 0/10 244/1000 loss: 0.9415 time 4.28s
Epoch 0/10 245/1000 loss: 0.9417 time 4.28s
Epoch 0/10 246/1000 loss: 0.9417 time 4.28s
Epoch 0/10 247/1000 loss: 0.9415 time 4.28s
Epoch 0/10 248/1000 loss: 0.9414 time 4.29s
Epoch 0/10 249/1000 loss: 0.9414 time 4.29s
Epoch 0/10 250/1000 loss: 0.9410 time 4.29s
Epoch 0/10 251/1000 loss: 0.9407 time 4.29s
Epoch 0/10 252/1000 loss: 0.9403 time 4.29s
Epoch 0/10 253/1000 loss: 0.9403 time 4.29s
Epoch 0/10 254/1000 loss: 0.9400 time 4.29s
Epoch 0/10 255/1000 loss: 0.9399 time 4.29s
Epoch 0/10 256/1000 loss: 0.9401 time 4.29s
Epoch 0/10 257/1000 loss: 0.9400 time 4.28s
Epoch 0/10 258/1000 loss: 0.9398 time 4.28s
Epoch 0/10 259/1000 loss: 0.9397 time 4.28s
Epoch 0/10 260/1000 loss: 0.9398 time 4.27s
Epoch 0/10 261/1000 loss: 0.9393 time 4.29s
Epoch 0/10 262/1000 loss: 0.9391 time 4.29s
Epoch 0/10 263/1000 loss: 0.9393 time 4.29s
Epoch 0/10 264/1000 loss: 0.9391 time 4.28s
Epoch 0/10 265/1000 loss: 0.9389 time 4.29s
Epoch 0/10 266/1000 loss: 0.9387 time 4.29s
Epoch 0/10 267/1000 loss: 0.9384 time 4.29s
Epoch 0/10 268/1000 loss: 0.9384 time 4.30s
Epoch 0/10 269/1000 loss: 0.9384 time 4.29s
Epoch 0/10 270/1000 loss: 0.9382 time 4.29s
Epoch 0/10 271/1000 loss: 0.9383 time 4.29s
Epoch 0/10 272/1000 loss: 0.9383 time 4.29s
Epoch 0/10 273/1000 loss: 0.9383 time 4.28s
Epoch 0/10 274/1000 loss: 0.9385 time 4.28s
Epoch 0/10 275/1000 loss: 0.9383 time 4.30s
Epoch 0/10 276/1000 loss: 0.9382 time 4.29s
Epoch 0/10 277/1000 loss: 0.9384 time 4.28s
Epoch 0/10 278/1000 loss: 0.9381 time 4.28s
Epoch 0/10 279/1000 loss: 0.9380 time 4.29s
Epoch 0/10 280/1000 loss: 0.9378 time 4.28s
Epoch 0/10 281/1000 loss: 0.9375 time 4.29s
Epoch 0/10 282/1000 loss: 0.9371 time 4.29s
Epoch 0/10 283/1000 loss: 0.9372 time 4.28s
Epoch 0/10 284/1000 loss: 0.9373 time 4.29s
Epoch 0/10 285/1000 loss: 0.9373 time 4.27s
Epoch 0/10 286/1000 loss: 0.9372 time 4.29s
Epoch 0/10 287/1000 loss: 0.9372 time 4.28s
Epoch 0/10 288/1000 loss: 0.9371 time 4.28s
Epoch 0/10 289/1000 loss: 0.9371 time 4.28s
Epoch 0/10 290/1000 loss: 0.9369 time 4.28s
Epoch 0/10 291/1000 loss: 0.9370 time 4.28s
Epoch 0/10 292/1000 loss: 0.9368 time 4.28s
Epoch 0/10 293/1000 loss: 0.9370 time 4.27s
Epoch 0/10 294/1000 loss: 0.9369 time 4.28s
Epoch 0/10 295/1000 loss: 0.9367 time 4.28s
Epoch 0/10 296/1000 loss: 0.9369 time 4.28s
Epoch 0/10 297/1000 loss: 0.9368 time 4.28s
Epoch 0/10 298/1000 loss: 0.9368 time 4.28s
Epoch 0/10 299/1000 loss: 0.9364 time 4.29s
Epoch 0/10 300/1000 loss: 0.9364 time 4.29s
Epoch 0/10 301/1000 loss: 0.9361 time 4.29s
Epoch 0/10 302/1000 loss: 0.9357 time 4.29s
Epoch 0/10 303/1000 loss: 0.9354 time 4.30s
Epoch 0/10 304/1000 loss: 0.9352 time 4.28s
Epoch 0/10 305/1000 loss: 0.9349 time 4.28s
Epoch 0/10 306/1000 loss: 0.9347 time 4.29s
Epoch 0/10 307/1000 loss: 0.9346 time 4.28s
Epoch 0/10 308/1000 loss: 0.9342 time 4.29s
Epoch 0/10 309/1000 loss: 0.9342 time 4.28s
Epoch 0/10 310/1000 loss: 0.9338 time 4.29s
Epoch 0/10 311/1000 loss: 0.9336 time 4.28s
Epoch 0/10 312/1000 loss: 0.9334 time 4.28s
Epoch 0/10 313/1000 loss: 0.9334 time 4.28s
Epoch 0/10 314/1000 loss: 0.9335 time 4.28s
Epoch 0/10 315/1000 loss: 0.9332 time 4.29s
Epoch 0/10 316/1000 loss: 0.9331 time 4.29s
Epoch 0/10 317/1000 loss: 0.9331 time 4.28s
Epoch 0/10 318/1000 loss: 0.9331 time 4.29s
Epoch 0/10 319/1000 loss: 0.9331 time 4.30s
Epoch 0/10 320/1000 loss: 0.9333 time 4.28s
Epoch 0/10 321/1000 loss: 0.9332 time 4.29s
Epoch 0/10 322/1000 loss: 0.9331 time 4.30s
Epoch 0/10 323/1000 loss: 0.9327 time 4.29s
Epoch 0/10 324/1000 loss: 0.9328 time 4.29s
Epoch 0/10 325/1000 loss: 0.9328 time 4.29s
Epoch 0/10 326/1000 loss: 0.9324 time 4.30s
Epoch 0/10 327/1000 loss: 0.9326 time 4.28s
Epoch 0/10 328/1000 loss: 0.9323 time 4.29s
Epoch 0/10 329/1000 loss: 0.9321 time 4.29s
Epoch 0/10 330/1000 loss: 0.9320 time 4.29s
Epoch 0/10 331/1000 loss: 0.9319 time 4.29s
Epoch 0/10 332/1000 loss: 0.9319 time 4.29s
Epoch 0/10 333/1000 loss: 0.9319 time 4.29s
Epoch 0/10 334/1000 loss: 0.9316 time 4.29s
Epoch 0/10 335/1000 loss: 0.9314 time 4.29s
Epoch 0/10 336/1000 loss: 0.9313 time 4.29s
Epoch 0/10 337/1000 loss: 0.9312 time 4.29s
Epoch 0/10 338/1000 loss: 0.9310 time 4.29s
Epoch 0/10 339/1000 loss: 0.9311 time 4.29s
Epoch 0/10 340/1000 loss: 0.9310 time 4.29s
Epoch 0/10 341/1000 loss: 0.9307 time 4.28s
Epoch 0/10 342/1000 loss: 0.9309 time 4.29s
Epoch 0/10 343/1000 loss: 0.9310 time 4.29s
Epoch 0/10 344/1000 loss: 0.9311 time 4.28s
Epoch 0/10 345/1000 loss: 0.9310 time 4.28s
Epoch 0/10 346/1000 loss: 0.9310 time 4.28s
Epoch 0/10 347/1000 loss: 0.9310 time 4.29s
Epoch 0/10 348/1000 loss: 0.9309 time 4.30s
Epoch 0/10 349/1000 loss: 0.9307 time 4.29s
Epoch 0/10 350/1000 loss: 0.9307 time 4.29s
Epoch 0/10 351/1000 loss: 0.9306 time 4.30s
Epoch 0/10 352/1000 loss: 0.9304 time 4.29s
Epoch 0/10 353/1000 loss: 0.9302 time 4.28s
Epoch 0/10 354/1000 loss: 0.9300 time 4.29s
Epoch 0/10 355/1000 loss: 0.9298 time 4.29s
Epoch 0/10 356/1000 loss: 0.9299 time 4.28s
Epoch 0/10 357/1000 loss: 0.9298 time 4.29s
Epoch 0/10 358/1000 loss: 0.9300 time 4.29s
Epoch 0/10 359/1000 loss: 0.9300 time 4.29s
Epoch 0/10 360/1000 loss: 0.9298 time 4.29s
Epoch 0/10 361/1000 loss: 0.9297 time 4.28s
Epoch 0/10 362/1000 loss: 0.9297 time 4.29s
Epoch 0/10 363/1000 loss: 0.9294 time 4.29s
Epoch 0/10 364/1000 loss: 0.9291 time 4.30s
Epoch 0/10 365/1000 loss: 0.9289 time 4.29s
Epoch 0/10 366/1000 loss: 0.9287 time 4.29s
Epoch 0/10 367/1000 loss: 0.9285 time 4.29s
Epoch 0/10 368/1000 loss: 0.9284 time 4.29s
Epoch 0/10 369/1000 loss: 0.9284 time 4.29s
Epoch 0/10 370/1000 loss: 0.9282 time 4.29s
Epoch 0/10 371/1000 loss: 0.9281 time 4.29s
Epoch 0/10 372/1000 loss: 0.9282 time 4.28s
Epoch 0/10 373/1000 loss: 0.9282 time 4.28s
Epoch 0/10 374/1000 loss: 0.9282 time 4.29s
Epoch 0/10 375/1000 loss: 0.9280 time 4.28s
Epoch 0/10 376/1000 loss: 0.9282 time 4.28s
Epoch 0/10 377/1000 loss: 0.9279 time 4.28s
Epoch 0/10 378/1000 loss: 0.9277 time 4.28s
Epoch 0/10 379/1000 loss: 0.9276 time 4.28s
Epoch 0/10 380/1000 loss: 0.9278 time 4.29s
Epoch 0/10 381/1000 loss: 0.9279 time 4.29s
Epoch 0/10 382/1000 loss: 0.9278 time 4.29s
Epoch 0/10 383/1000 loss: 0.9278 time 4.29s
Epoch 0/10 384/1000 loss: 0.9278 time 4.28s
Epoch 0/10 385/1000 loss: 0.9280 time 4.28s
Epoch 0/10 386/1000 loss: 0.9279 time 4.28s
Epoch 0/10 387/1000 loss: 0.9277 time 4.29s
Epoch 0/10 388/1000 loss: 0.9276 time 4.28s
Epoch 0/10 389/1000 loss: 0.9276 time 4.29s
Epoch 0/10 390/1000 loss: 0.9275 time 4.28s
Epoch 0/10 391/1000 loss: 0.9274 time 4.28s
Epoch 0/10 392/1000 loss: 0.9275 time 4.28s
Epoch 0/10 393/1000 loss: 0.9275 time 4.28s
Epoch 0/10 394/1000 loss: 0.9277 time 4.28s
Epoch 0/10 395/1000 loss: 0.9278 time 4.27s
Epoch 0/10 396/1000 loss: 0.9276 time 4.28s
Epoch 0/10 397/1000 loss: 0.9273 time 4.29s
Epoch 0/10 398/1000 loss: 0.9271 time 4.29s
Epoch 0/10 399/1000 loss: 0.9271 time 4.29s
Epoch 0/10 400/1000 loss: 0.9268 time 4.29s
Epoch 0/10 401/1000 loss: 0.9266 time 4.28s
Epoch 0/10 402/1000 loss: 0.9264 time 4.28s
Epoch 0/10 403/1000 loss: 0.9263 time 4.28s
Epoch 0/10 404/1000 loss: 0.9264 time 4.29s
Epoch 0/10 405/1000 loss: 0.9261 time 4.30s
Epoch 0/10 406/1000 loss: 0.9262 time 4.29s
Epoch 0/10 407/1000 loss: 0.9261 time 4.29s
Epoch 0/10 408/1000 loss: 0.9258 time 4.30s
Epoch 0/10 409/1000 loss: 0.9257 time 4.29s
Epoch 0/10 410/1000 loss: 0.9255 time 4.29s
Epoch 0/10 411/1000 loss: 0.9253 time 4.28s
Epoch 0/10 412/1000 loss: 0.9252 time 4.29s
Epoch 0/10 413/1000 loss: 0.9253 time 4.29s
Epoch 0/10 414/1000 loss: 0.9253 time 4.29s
Epoch 0/10 415/1000 loss: 0.9250 time 4.29s
Epoch 0/10 416/1000 loss: 0.9247 time 4.29s
Epoch 0/10 417/1000 loss: 0.9245 time 4.28s
Epoch 0/10 418/1000 loss: 0.9247 time 4.28s
Epoch 0/10 419/1000 loss: 0.9244 time 4.28s
Epoch 0/10 420/1000 loss: 0.9245 time 4.28s
Epoch 0/10 421/1000 loss: 0.9244 time 4.27s
Epoch 0/10 422/1000 loss: 0.9242 time 4.29s
Epoch 0/10 423/1000 loss: 0.9242 time 4.28s
Epoch 0/10 424/1000 loss: 0.9239 time 4.28s
Epoch 0/10 425/1000 loss: 0.9237 time 4.28s
Epoch 0/10 426/1000 loss: 0.9236 time 4.28s
Epoch 0/10 427/1000 loss: 0.9233 time 4.28s
Epoch 0/10 428/1000 loss: 0.9233 time 4.28s
Epoch 0/10 429/1000 loss: 0.9232 time 4.28s
Epoch 0/10 430/1000 loss: 0.9232 time 4.28s
Epoch 0/10 431/1000 loss: 0.9231 time 4.28s
Epoch 0/10 432/1000 loss: 0.9231 time 4.28s
Epoch 0/10 433/1000 loss: 0.9233 time 4.28s
Epoch 0/10 434/1000 loss: 0.9230 time 4.28s
Epoch 0/10 435/1000 loss: 0.9230 time 4.28s
Epoch 0/10 436/1000 loss: 0.9229 time 4.28s
Epoch 0/10 437/1000 loss: 0.9230 time 4.28s
Epoch 0/10 438/1000 loss: 0.9227 time 4.28s
Epoch 0/10 439/1000 loss: 0.9227 time 4.29s
Epoch 0/10 440/1000 loss: 0.9226 time 4.29s
Epoch 0/10 441/1000 loss: 0.9224 time 4.29s
Epoch 0/10 442/1000 loss: 0.9222 time 4.28s
Epoch 0/10 443/1000 loss: 0.9220 time 4.29s
Epoch 0/10 444/1000 loss: 0.9221 time 4.28s
Epoch 0/10 445/1000 loss: 0.9219 time 4.29s
Epoch 0/10 446/1000 loss: 0.9219 time 4.29s
Epoch 0/10 447/1000 loss: 0.9218 time 4.28s
Epoch 0/10 448/1000 loss: 0.9216 time 4.28s
Epoch 0/10 449/1000 loss: 0.9214 time 4.28s
Epoch 0/10 450/1000 loss: 0.9211 time 4.28s
Epoch 0/10 451/1000 loss: 0.9209 time 4.27s
Epoch 0/10 452/1000 loss: 0.9209 time 4.28s
Epoch 0/10 453/1000 loss: 0.9206 time 4.28s
Epoch 0/10 454/1000 loss: 0.9205 time 4.28s
Epoch 0/10 455/1000 loss: 0.9205 time 4.29s
Epoch 0/10 456/1000 loss: 0.9207 time 4.28s
Epoch 0/10 457/1000 loss: 0.9205 time 4.29s
Epoch 0/10 458/1000 loss: 0.9204 time 4.28s
Epoch 0/10 459/1000 loss: 0.9203 time 4.28s
Epoch 0/10 460/1000 loss: 0.9203 time 4.29s
Epoch 0/10 461/1000 loss: 0.9200 time 4.28s
Epoch 0/10 462/1000 loss: 0.9200 time 4.29s
Epoch 0/10 463/1000 loss: 0.9198 time 4.30s
Epoch 0/10 464/1000 loss: 0.9197 time 4.28s
Epoch 0/10 465/1000 loss: 0.9194 time 4.29s
Epoch 0/10 466/1000 loss: 0.9195 time 4.28s
Epoch 0/10 467/1000 loss: 0.9194 time 4.28s
Epoch 0/10 468/1000 loss: 0.9192 time 4.29s
Epoch 0/10 469/1000 loss: 0.9191 time 4.29s
Epoch 0/10 470/1000 loss: 0.9191 time 4.28s
Epoch 0/10 471/1000 loss: 0.9190 time 4.29s
Epoch 0/10 472/1000 loss: 0.9191 time 4.28s
Epoch 0/10 473/1000 loss: 0.9190 time 4.28s
Epoch 0/10 474/1000 loss: 0.9188 time 4.30s
Epoch 0/10 475/1000 loss: 0.9185 time 4.29s
Epoch 0/10 476/1000 loss: 0.9184 time 4.29s
Epoch 0/10 477/1000 loss: 0.9183 time 4.30s
Epoch 0/10 478/1000 loss: 0.9182 time 4.29s
Epoch 0/10 479/1000 loss: 0.9182 time 4.29s
Epoch 0/10 480/1000 loss: 0.9180 time 4.29s
Epoch 0/10 481/1000 loss: 0.9181 time 4.29s
Epoch 0/10 482/1000 loss: 0.9180 time 4.29s
Epoch 0/10 483/1000 loss: 0.9181 time 4.28s
Epoch 0/10 484/1000 loss: 0.9180 time 4.29s
Epoch 0/10 485/1000 loss: 0.9181 time 4.29s
Epoch 0/10 486/1000 loss: 0.9180 time 4.28s
Epoch 0/10 487/1000 loss: 0.9179 time 4.30s
Epoch 0/10 488/1000 loss: 0.9179 time 4.28s
Epoch 0/10 489/1000 loss: 0.9178 time 4.29s
Epoch 0/10 490/1000 loss: 0.9178 time 4.29s
Epoch 0/10 491/1000 loss: 0.9176 time 4.29s
Epoch 0/10 492/1000 loss: 0.9175 time 4.29s
Epoch 0/10 493/1000 loss: 0.9174 time 4.28s
Epoch 0/10 494/1000 loss: 0.9174 time 4.29s
Epoch 0/10 495/1000 loss: 0.9174 time 4.29s
Epoch 0/10 496/1000 loss: 0.9173 time 4.29s
Epoch 0/10 497/1000 loss: 0.9172 time 4.29s
Epoch 0/10 498/1000 loss: 0.9171 time 4.29s
Epoch 0/10 499/1000 loss: 0.9170 time 4.29s
Epoch 0/10 500/1000 loss: 0.9169 time 4.29s
Epoch 0/10 501/1000 loss: 0.9169 time 4.29s
Epoch 0/10 502/1000 loss: 0.9170 time 4.30s
Epoch 0/10 503/1000 loss: 0.9168 time 4.29s
Epoch 0/10 504/1000 loss: 0.9168 time 4.29s
Epoch 0/10 505/1000 loss: 0.9166 time 4.29s
Epoch 0/10 506/1000 loss: 0.9165 time 4.28s
Epoch 0/10 507/1000 loss: 0.9165 time 4.28s
Epoch 0/10 508/1000 loss: 0.9166 time 4.29s
Epoch 0/10 509/1000 loss: 0.9164 time 4.28s
Epoch 0/10 510/1000 loss: 0.9164 time 4.28s
Epoch 0/10 511/1000 loss: 0.9162 time 4.28s
Epoch 0/10 512/1000 loss: 0.9161 time 4.29s
Epoch 0/10 513/1000 loss: 0.9160 time 4.28s
Epoch 0/10 514/1000 loss: 0.9159 time 4.29s
Epoch 0/10 515/1000 loss: 0.9157 time 4.28s
Epoch 0/10 516/1000 loss: 0.9158 time 4.28s
Epoch 0/10 517/1000 loss: 0.9158 time 4.28s
Epoch 0/10 518/1000 loss: 0.9159 time 4.28s
Epoch 0/10 519/1000 loss: 0.9157 time 4.28s
Epoch 0/10 520/1000 loss: 0.9157 time 4.29s
Epoch 0/10 521/1000 loss: 0.9156 time 4.28s
Epoch 0/10 522/1000 loss: 0.9154 time 4.29s
Epoch 0/10 523/1000 loss: 0.9152 time 4.27s
Epoch 0/10 524/1000 loss: 0.9152 time 4.28s
Epoch 0/10 525/1000 loss: 0.9150 time 4.28s
Epoch 0/10 526/1000 loss: 0.9151 time 4.28s
Epoch 0/10 527/1000 loss: 0.9149 time 4.29s
Epoch 0/10 528/1000 loss: 0.9148 time 4.29s
Epoch 0/10 529/1000 loss: 0.9145 time 4.28s
Epoch 0/10 530/1000 loss: 0.9144 time 4.30s
Epoch 0/10 531/1000 loss: 0.9144 time 4.28s
Epoch 0/10 532/1000 loss: 0.9142 time 4.30s
Epoch 0/10 533/1000 loss: 0.9142 time 4.29s
Epoch 0/10 534/1000 loss: 0.9143 time 4.29s
Epoch 0/10 535/1000 loss: 0.9141 time 4.29s
Epoch 0/10 536/1000 loss: 0.9141 time 4.30s
Epoch 0/10 537/1000 loss: 0.9139 time 4.29s
Epoch 0/10 538/1000 loss: 0.9138 time 4.28s
Epoch 0/10 539/1000 loss: 0.9137 time 4.28s
Epoch 0/10 540/1000 loss: 0.9135 time 4.28s
Epoch 0/10 541/1000 loss: 0.9133 time 4.28s
Epoch 0/10 542/1000 loss: 0.9132 time 4.28s
Epoch 0/10 543/1000 loss: 0.9132 time 4.28s
Epoch 0/10 544/1000 loss: 0.9131 time 4.29s
Epoch 0/10 545/1000 loss: 0.9129 time 4.29s
Epoch 0/10 546/1000 loss: 0.9128 time 4.29s
Epoch 0/10 547/1000 loss: 0.9126 time 4.28s
Epoch 0/10 548/1000 loss: 0.9124 time 4.29s
Epoch 0/10 549/1000 loss: 0.9123 time 4.28s
Epoch 0/10 550/1000 loss: 0.9121 time 4.28s
Epoch 0/10 551/1000 loss: 0.9119 time 4.29s
Epoch 0/10 552/1000 loss: 0.9119 time 4.28s
Epoch 0/10 553/1000 loss: 0.9118 time 4.29s
Epoch 0/10 554/1000 loss: 0.9118 time 4.28s
Epoch 0/10 555/1000 loss: 0.9116 time 4.28s
Epoch 0/10 556/1000 loss: 0.9116 time 4.28s
Epoch 0/10 557/1000 loss: 0.9114 time 4.29s
Epoch 0/10 558/1000 loss: 0.9114 time 4.29s
Epoch 0/10 559/1000 loss: 0.9112 time 4.28s
Epoch 0/10 560/1000 loss: 0.9112 time 4.28s
Epoch 0/10 561/1000 loss: 0.9111 time 4.29s
Epoch 0/10 562/1000 loss: 0.9110 time 4.28s
Epoch 0/10 563/1000 loss: 0.9112 time 4.28s
Epoch 0/10 564/1000 loss: 0.9112 time 4.28s
Epoch 0/10 565/1000 loss: 0.9110 time 4.28s
Epoch 0/10 566/1000 loss: 0.9108 time 4.30s
Epoch 0/10 567/1000 loss: 0.9108 time 4.28s
Epoch 0/10 568/1000 loss: 0.9108 time 4.29s
Epoch 0/10 569/1000 loss: 0.9106 time 4.29s
Epoch 0/10 570/1000 loss: 0.9107 time 4.29s
Epoch 0/10 571/1000 loss: 0.9106 time 4.28s
Epoch 0/10 572/1000 loss: 0.9106 time 4.29s
Epoch 0/10 573/1000 loss: 0.9105 time 4.29s
Epoch 0/10 574/1000 loss: 0.9104 time 4.29s
Epoch 0/10 575/1000 loss: 0.9105 time 4.29s
Epoch 0/10 576/1000 loss: 0.9104 time 4.28s
Epoch 0/10 577/1000 loss: 0.9103 time 4.27s
Epoch 0/10 578/1000 loss: 0.9102 time 4.28s
Epoch 0/10 579/1000 loss: 0.9104 time 4.28s
Epoch 0/10 580/1000 loss: 0.9101 time 4.28s
Epoch 0/10 581/1000 loss: 0.9099 time 4.28s
Epoch 0/10 582/1000 loss: 0.9098 time 4.28s
Epoch 0/10 583/1000 loss: 0.9098 time 4.28s
Epoch 0/10 584/1000 loss: 0.9096 time 4.28s
Epoch 0/10 585/1000 loss: 0.9096 time 4.30s
Epoch 0/10 586/1000 loss: 0.9094 time 4.29s
Epoch 0/10 587/1000 loss: 0.9093 time 4.28s
Epoch 0/10 588/1000 loss: 0.9094 time 4.29s
Epoch 0/10 589/1000 loss: 0.9092 time 4.29s
Epoch 0/10 590/1000 loss: 0.9090 time 4.29s
Epoch 0/10 591/1000 loss: 0.9088 time 4.28s
Epoch 0/10 592/1000 loss: 0.9089 time 4.29s
Epoch 0/10 593/1000 loss: 0.9088 time 4.29s
Epoch 0/10 594/1000 loss: 0.9086 time 4.29s
Epoch 0/10 595/1000 loss: 0.9084 time 4.27s
Epoch 0/10 596/1000 loss: 0.9084 time 4.27s
Epoch 0/10 597/1000 loss: 0.9082 time 4.28s
Epoch 0/10 598/1000 loss: 0.9080 time 4.29s
Epoch 0/10 599/1000 loss: 0.9079 time 4.28s
Epoch 0/10 600/1000 loss: 0.9077 time 4.28s
Epoch 0/10 601/1000 loss: 0.9076 time 4.28s
Epoch 0/10 602/1000 loss: 0.9078 time 4.28s
Epoch 0/10 603/1000 loss: 0.9078 time 4.28s
Epoch 0/10 604/1000 loss: 0.9076 time 4.28s
Epoch 0/10 605/1000 loss: 0.9075 time 4.28s
Epoch 0/10 606/1000 loss: 0.9074 time 4.28s
Epoch 0/10 607/1000 loss: 0.9072 time 4.29s
Epoch 0/10 608/1000 loss: 0.9071 time 4.28s
Epoch 0/10 609/1000 loss: 0.9071 time 4.28s
Epoch 0/10 610/1000 loss: 0.9069 time 4.27s
Epoch 0/10 611/1000 loss: 0.9067 time 4.27s
Epoch 0/10 612/1000 loss: 0.9066 time 4.27s
Epoch 0/10 613/1000 loss: 0.9066 time 4.27s
Epoch 0/10 614/1000 loss: 0.9066 time 4.27s
Epoch 0/10 615/1000 loss: 0.9066 time 4.27s
Epoch 0/10 616/1000 loss: 0.9066 time 4.27s
Epoch 0/10 617/1000 loss: 0.9064 time 4.27s
Epoch 0/10 618/1000 loss: 0.9065 time 4.27s
Epoch 0/10 619/1000 loss: 0.9064 time 4.27s
Epoch 0/10 620/1000 loss: 0.9064 time 4.27s
Epoch 0/10 621/1000 loss: 0.9064 time 4.27s
Epoch 0/10 622/1000 loss: 0.9062 time 4.27s
Epoch 0/10 623/1000 loss: 0.9061 time 4.28s
Epoch 0/10 624/1000 loss: 0.9061 time 4.28s
Epoch 0/10 625/1000 loss: 0.9061 time 4.28s
Epoch 0/10 626/1000 loss: 0.9063 time 4.28s
Epoch 0/10 627/1000 loss: 0.9063 time 4.27s
Epoch 0/10 628/1000 loss: 0.9064 time 4.27s
Epoch 0/10 629/1000 loss: 0.9064 time 4.28s
Epoch 0/10 630/1000 loss: 0.9063 time 4.27s
Epoch 0/10 631/1000 loss: 0.9063 time 4.27s
Epoch 0/10 632/1000 loss: 0.9062 time 4.28s
Epoch 0/10 633/1000 loss: 0.9063 time 4.28s
Epoch 0/10 634/1000 loss: 0.9062 time 4.28s
Epoch 0/10 635/1000 loss: 0.9061 time 4.28s
Epoch 0/10 636/1000 loss: 0.9062 time 4.27s
Epoch 0/10 637/1000 loss: 0.9061 time 4.27s
Epoch 0/10 638/1000 loss: 0.9060 time 4.28s
Epoch 0/10 639/1000 loss: 0.9059 time 4.29s
Epoch 0/10 640/1000 loss: 0.9059 time 4.28s
Epoch 0/10 641/1000 loss: 0.9059 time 4.28s
Epoch 0/10 642/1000 loss: 0.9059 time 4.28s
Epoch 0/10 643/1000 loss: 0.9058 time 4.28s
Epoch 0/10 644/1000 loss: 0.9056 time 4.29s
Epoch 0/10 645/1000 loss: 0.9056 time 4.28s
Epoch 0/10 646/1000 loss: 0.9057 time 4.28s
Epoch 0/10 647/1000 loss: 0.9055 time 4.28s
Epoch 0/10 648/1000 loss: 0.9056 time 4.28s
Epoch 0/10 649/1000 loss: 0.9056 time 4.28s
Epoch 0/10 650/1000 loss: 0.9055 time 4.28s
Epoch 0/10 651/1000 loss: 0.9054 time 4.28s
Epoch 0/10 652/1000 loss: 0.9053 time 4.28s
Epoch 0/10 653/1000 loss: 0.9051 time 4.28s
Epoch 0/10 654/1000 loss: 0.9050 time 4.28s
Epoch 0/10 655/1000 loss: 0.9050 time 4.27s
Epoch 0/10 656/1000 loss: 0.9051 time 4.28s
Epoch 0/10 657/1000 loss: 0.9050 time 4.28s
Epoch 0/10 658/1000 loss: 0.9050 time 4.28s
Epoch 0/10 659/1000 loss: 0.9048 time 4.28s
Epoch 0/10 660/1000 loss: 0.9048 time 4.28s
Epoch 0/10 661/1000 loss: 0.9047 time 4.28s
Epoch 0/10 662/1000 loss: 0.9046 time 4.28s
Epoch 0/10 663/1000 loss: 0.9045 time 4.28s
Epoch 0/10 664/1000 loss: 0.9044 time 4.29s
Epoch 0/10 665/1000 loss: 0.9043 time 4.28s
Epoch 0/10 666/1000 loss: 0.9043 time 4.28s
Epoch 0/10 667/1000 loss: 0.9042 time 4.28s
Epoch 0/10 668/1000 loss: 0.9041 time 4.29s
Epoch 0/10 669/1000 loss: 0.9041 time 4.29s
Epoch 0/10 670/1000 loss: 0.9041 time 4.28s
Epoch 0/10 671/1000 loss: 0.9039 time 4.28s
Epoch 0/10 672/1000 loss: 0.9038 time 4.29s
Epoch 0/10 673/1000 loss: 0.9039 time 4.29s
Epoch 0/10 674/1000 loss: 0.9039 time 4.28s
Epoch 0/10 675/1000 loss: 0.9037 time 4.28s
Epoch 0/10 676/1000 loss: 0.9036 time 4.28s
Epoch 0/10 677/1000 loss: 0.9035 time 4.28s
Epoch 0/10 678/1000 loss: 0.9036 time 4.28s
Epoch 0/10 679/1000 loss: 0.9035 time 4.29s
Epoch 0/10 680/1000 loss: 0.9035 time 4.28s
Epoch 0/10 681/1000 loss: 0.9035 time 4.28s
Epoch 0/10 682/1000 loss: 0.9035 time 4.29s
Epoch 0/10 683/1000 loss: 0.9035 time 4.28s
Epoch 0/10 684/1000 loss: 0.9034 time 4.28s
Epoch 0/10 685/1000 loss: 0.9033 time 4.29s
Epoch 0/10 686/1000 loss: 0.9032 time 4.28s
Epoch 0/10 687/1000 loss: 0.9032 time 4.29s
Epoch 0/10 688/1000 loss: 0.9031 time 4.29s
Epoch 0/10 689/1000 loss: 0.9030 time 4.28s
Epoch 0/10 690/1000 loss: 0.9031 time 4.28s
Epoch 0/10 691/1000 loss: 0.9030 time 4.28s
Epoch 0/10 692/1000 loss: 0.9029 time 4.28s
Epoch 0/10 693/1000 loss: 0.9027 time 4.29s
Epoch 0/10 694/1000 loss: 0.9026 time 4.30s
Epoch 0/10 695/1000 loss: 0.9026 time 4.28s
Epoch 0/10 696/1000 loss: 0.9025 time 4.29s
Epoch 0/10 697/1000 loss: 0.9024 time 4.28s
Epoch 0/10 698/1000 loss: 0.9022 time 4.28s
Epoch 0/10 699/1000 loss: 0.9022 time 4.29s
Epoch 0/10 700/1000 loss: 0.9022 time 4.29s
Epoch 0/10 701/1000 loss: 0.9022 time 4.29s
Epoch 0/10 702/1000 loss: 0.9023 time 4.28s
Epoch 0/10 703/1000 loss: 0.9024 time 4.28s
Epoch 0/10 704/1000 loss: 0.9022 time 4.27s
Epoch 0/10 705/1000 loss: 0.9021 time 4.28s
Epoch 0/10 706/1000 loss: 0.9020 time 4.28s
Epoch 0/10 707/1000 loss: 0.9019 time 4.29s
Epoch 0/10 708/1000 loss: 0.9017 time 4.28s
Epoch 0/10 709/1000 loss: 0.9016 time 4.28s
Epoch 0/10 710/1000 loss: 0.9016 time 4.28s
Epoch 0/10 711/1000 loss: 0.9015 time 4.28s
Epoch 0/10 712/1000 loss: 0.9014 time 4.29s
Epoch 0/10 713/1000 loss: 0.9013 time 4.28s
Epoch 0/10 714/1000 loss: 0.9013 time 4.27s
Epoch 0/10 715/1000 loss: 0.9013 time 4.27s
Epoch 0/10 716/1000 loss: 0.9013 time 4.27s
Epoch 0/10 717/1000 loss: 0.9014 time 4.28s
Epoch 0/10 718/1000 loss: 0.9012 time 4.27s
Epoch 0/10 719/1000 loss: 0.9011 time 4.28s
Epoch 0/10 720/1000 loss: 0.9012 time 4.28s
Epoch 0/10 721/1000 loss: 0.9011 time 4.27s
Epoch 0/10 722/1000 loss: 0.9010 time 4.29s
Epoch 0/10 723/1000 loss: 0.9009 time 4.27s
Epoch 0/10 724/1000 loss: 0.9008 time 4.28s
Epoch 0/10 725/1000 loss: 0.9008 time 4.28s
Epoch 0/10 726/1000 loss: 0.9008 time 4.27s
Epoch 0/10 727/1000 loss: 0.9007 time 4.28s
Epoch 0/10 728/1000 loss: 0.9006 time 4.29s
Epoch 0/10 729/1000 loss: 0.9007 time 4.27s
Epoch 0/10 730/1000 loss: 0.9005 time 4.28s
Epoch 0/10 731/1000 loss: 0.9005 time 4.28s
Epoch 0/10 732/1000 loss: 0.9004 time 4.27s
Epoch 0/10 733/1000 loss: 0.9003 time 4.27s
Epoch 0/10 734/1000 loss: 0.9003 time 4.29s
Epoch 0/10 735/1000 loss: 0.9001 time 4.28s
Epoch 0/10 736/1000 loss: 0.9002 time 4.28s
Epoch 0/10 737/1000 loss: 0.9001 time 4.28s
Epoch 0/10 738/1000 loss: 0.8999 time 4.28s
Epoch 0/10 739/1000 loss: 0.8999 time 4.27s
Epoch 0/10 740/1000 loss: 0.8996 time 4.28s
Epoch 0/10 741/1000 loss: 0.8995 time 4.29s
Epoch 0/10 742/1000 loss: 0.8996 time 4.28s
Epoch 0/10 743/1000 loss: 0.8994 time 4.28s
Epoch 0/10 744/1000 loss: 0.8994 time 4.28s
Epoch 0/10 745/1000 loss: 0.8993 time 4.28s
Epoch 0/10 746/1000 loss: 0.8992 time 4.28s
Epoch 0/10 747/1000 loss: 0.8991 time 4.28s
Epoch 0/10 748/1000 loss: 0.8991 time 4.28s
Epoch 0/10 749/1000 loss: 0.8990 time 4.28s
Epoch 0/10 750/1000 loss: 0.8991 time 4.28s
Epoch 0/10 751/1000 loss: 0.8990 time 4.28s
Epoch 0/10 752/1000 loss: 0.8989 time 4.29s
Epoch 0/10 753/1000 loss: 0.8990 time 4.28s
Epoch 0/10 754/1000 loss: 0.8989 time 4.28s
Epoch 0/10 755/1000 loss: 0.8988 time 4.28s
Epoch 0/10 756/1000 loss: 0.8986 time 4.28s
Epoch 0/10 757/1000 loss: 0.8985 time 4.28s
Epoch 0/10 758/1000 loss: 0.8984 time 4.28s
Epoch 0/10 759/1000 loss: 0.8982 time 4.28s
Epoch 0/10 760/1000 loss: 0.8983 time 4.28s
Epoch 0/10 761/1000 loss: 0.8983 time 4.27s
Epoch 0/10 762/1000 loss: 0.8984 time 4.27s
Epoch 0/10 763/1000 loss: 0.8983 time 4.29s
Epoch 0/10 764/1000 loss: 0.8983 time 4.28s
Epoch 0/10 765/1000 loss: 0.8982 time 4.28s
Epoch 0/10 766/1000 loss: 0.8983 time 4.28s
Epoch 0/10 767/1000 loss: 0.8981 time 4.28s
Epoch 0/10 768/1000 loss: 0.8982 time 4.27s
Epoch 0/10 769/1000 loss: 0.8980 time 4.28s
Epoch 0/10 770/1000 loss: 0.8980 time 4.28s
Epoch 0/10 771/1000 loss: 0.8980 time 4.27s
Epoch 0/10 772/1000 loss: 0.8980 time 4.28s
Epoch 0/10 773/1000 loss: 0.8979 time 4.28s
Epoch 0/10 774/1000 loss: 0.8980 time 4.28s
Epoch 0/10 775/1000 loss: 0.8978 time 4.27s
Epoch 0/10 776/1000 loss: 0.8977 time 4.28s
Epoch 0/10 777/1000 loss: 0.8977 time 4.28s
Epoch 0/10 778/1000 loss: 0.8975 time 4.28s
Epoch 0/10 779/1000 loss: 0.8974 time 4.27s
Epoch 0/10 780/1000 loss: 0.8973 time 4.27s
Epoch 0/10 781/1000 loss: 0.8972 time 4.27s
Epoch 0/10 782/1000 loss: 0.8972 time 4.28s
Epoch 0/10 783/1000 loss: 0.8971 time 4.28s
Epoch 0/10 784/1000 loss: 0.8969 time 4.28s
Epoch 0/10 785/1000 loss: 0.8969 time 4.28s
Epoch 0/10 786/1000 loss: 0.8968 time 4.27s
Epoch 0/10 787/1000 loss: 0.8966 time 4.28s
Epoch 0/10 788/1000 loss: 0.8965 time 4.28s
Epoch 0/10 789/1000 loss: 0.8964 time 4.27s
Epoch 0/10 790/1000 loss: 0.8963 time 4.28s
Epoch 0/10 791/1000 loss: 0.8962 time 4.28s
Epoch 0/10 792/1000 loss: 0.8961 time 4.28s
Epoch 0/10 793/1000 loss: 0.8960 time 4.28s
Epoch 0/10 794/1000 loss: 0.8958 time 4.28s
Epoch 0/10 795/1000 loss: 0.8957 time 4.29s
Epoch 0/10 796/1000 loss: 0.8956 time 4.27s
Epoch 0/10 797/1000 loss: 0.8956 time 4.28s
Epoch 0/10 798/1000 loss: 0.8954 time 4.28s
Epoch 0/10 799/1000 loss: 0.8953 time 4.28s
Epoch 0/10 800/1000 loss: 0.8954 time 4.27s
Epoch 0/10 801/1000 loss: 0.8953 time 4.27s
Epoch 0/10 802/1000 loss: 0.8953 time 4.27s
Epoch 0/10 803/1000 loss: 0.8953 time 4.27s
Epoch 0/10 804/1000 loss: 0.8953 time 4.28s
Epoch 0/10 805/1000 loss: 0.8952 time 4.27s
Epoch 0/10 806/1000 loss: 0.8950 time 4.28s
Epoch 0/10 807/1000 loss: 0.8949 time 4.27s
Epoch 0/10 808/1000 loss: 0.8948 time 4.27s
Epoch 0/10 809/1000 loss: 0.8949 time 4.27s
Epoch 0/10 810/1000 loss: 0.8948 time 4.28s
Epoch 0/10 811/1000 loss: 0.8947 time 4.28s
Epoch 0/10 812/1000 loss: 0.8946 time 4.28s
Epoch 0/10 813/1000 loss: 0.8945 time 4.28s
Epoch 0/10 814/1000 loss: 0.8945 time 4.28s
Epoch 0/10 815/1000 loss: 0.8943 time 4.28s
Epoch 0/10 816/1000 loss: 0.8942 time 4.28s
Epoch 0/10 817/1000 loss: 0.8942 time 4.28s
Epoch 0/10 818/1000 loss: 0.8942 time 4.27s
Epoch 0/10 819/1000 loss: 0.8940 time 4.27s
Epoch 0/10 820/1000 loss: 0.8939 time 4.27s
Epoch 0/10 821/1000 loss: 0.8938 time 4.27s
Epoch 0/10 822/1000 loss: 0.8938 time 4.27s
Epoch 0/10 823/1000 loss: 0.8938 time 4.27s
Epoch 0/10 824/1000 loss: 0.8937 time 4.27s
Epoch 0/10 825/1000 loss: 0.8936 time 4.27s
Epoch 0/10 826/1000 loss: 0.8937 time 4.27s
Epoch 0/10 827/1000 loss: 0.8936 time 4.27s
Epoch 0/10 828/1000 loss: 0.8936 time 4.28s
Epoch 0/10 829/1000 loss: 0.8935 time 4.28s
Epoch 0/10 830/1000 loss: 0.8936 time 4.28s
Epoch 0/10 831/1000 loss: 0.8937 time 4.28s
Epoch 0/10 832/1000 loss: 0.8936 time 4.27s
Epoch 0/10 833/1000 loss: 0.8935 time 4.27s
Epoch 0/10 834/1000 loss: 0.8934 time 4.27s
Epoch 0/10 835/1000 loss: 0.8932 time 4.27s
Epoch 0/10 836/1000 loss: 0.8932 time 4.28s
Epoch 0/10 837/1000 loss: 0.8931 time 4.27s
Epoch 0/10 838/1000 loss: 0.8932 time 4.28s
Epoch 0/10 839/1000 loss: 0.8931 time 4.27s
Epoch 0/10 840/1000 loss: 0.8931 time 4.27s
Epoch 0/10 841/1000 loss: 0.8930 time 4.27s
Epoch 0/10 842/1000 loss: 0.8930 time 4.27s
Epoch 0/10 843/1000 loss: 0.8929 time 4.27s
Epoch 0/10 844/1000 loss: 0.8928 time 4.28s
Epoch 0/10 845/1000 loss: 0.8927 time 4.28s
Epoch 0/10 846/1000 loss: 0.8926 time 4.28s
Epoch 0/10 847/1000 loss: 0.8925 time 4.27s
Epoch 0/10 848/1000 loss: 0.8923 time 4.27s
Epoch 0/10 849/1000 loss: 0.8923 time 4.27s
Epoch 0/10 850/1000 loss: 0.8922 time 4.28s
Epoch 0/10 851/1000 loss: 0.8922 time 4.27s
Epoch 0/10 852/1000 loss: 0.8920 time 4.27s
Epoch 0/10 853/1000 loss: 0.8920 time 4.27s
Epoch 0/10 854/1000 loss: 0.8919 time 4.28s
Epoch 0/10 855/1000 loss: 0.8918 time 4.27s
Epoch 0/10 856/1000 loss: 0.8917 time 4.28s
Epoch 0/10 857/1000 loss: 0.8918 time 4.27s
Epoch 0/10 858/1000 loss: 0.8917 time 4.28s
Epoch 0/10 859/1000 loss: 0.8916 time 4.27s
Epoch 0/10 860/1000 loss: 0.8915 time 4.28s
Epoch 0/10 861/1000 loss: 0.8913 time 4.28s
Epoch 0/10 862/1000 loss: 0.8912 time 4.28s
Epoch 0/10 863/1000 loss: 0.8912 time 4.27s
Epoch 0/10 864/1000 loss: 0.8910 time 4.28s
Epoch 0/10 865/1000 loss: 0.8909 time 4.27s
Epoch 0/10 866/1000 loss: 0.8910 time 4.27s
Epoch 0/10 867/1000 loss: 0.8909 time 4.28s
Epoch 0/10 868/1000 loss: 0.8910 time 4.28s
Epoch 0/10 869/1000 loss: 0.8909 time 4.28s
Epoch 0/10 870/1000 loss: 0.8910 time 4.29s
Epoch 0/10 871/1000 loss: 0.8909 time 4.28s
Epoch 0/10 872/1000 loss: 0.8908 time 4.28s
Epoch 0/10 873/1000 loss: 0.8908 time 4.28s
Epoch 0/10 874/1000 loss: 0.8907 time 4.28s
Epoch 0/10 875/1000 loss: 0.8906 time 4.28s
Epoch 0/10 876/1000 loss: 0.8905 time 4.28s
Epoch 0/10 877/1000 loss: 0.8905 time 4.28s
Epoch 0/10 878/1000 loss: 0.8904 time 4.27s
Epoch 0/10 879/1000 loss: 0.8905 time 4.27s
Epoch 0/10 880/1000 loss: 0.8905 time 4.28s
Epoch 0/10 881/1000 loss: 0.8904 time 4.28s
Epoch 0/10 882/1000 loss: 0.8903 time 4.28s
Epoch 0/10 883/1000 loss: 0.8902 time 4.28s
Epoch 0/10 884/1000 loss: 0.8901 time 4.27s
Epoch 0/10 885/1000 loss: 0.8901 time 4.28s
Epoch 0/10 886/1000 loss: 0.8901 time 4.29s
Epoch 0/10 887/1000 loss: 0.8900 time 4.27s
Epoch 0/10 888/1000 loss: 0.8900 time 4.28s
Epoch 0/10 889/1000 loss: 0.8900 time 4.28s
Epoch 0/10 890/1000 loss: 0.8899 time 4.27s
Epoch 0/10 891/1000 loss: 0.8898 time 4.27s
Epoch 0/10 892/1000 loss: 0.8897 time 4.28s
Epoch 0/10 893/1000 loss: 0.8897 time 4.29s
Epoch 0/10 894/1000 loss: 0.8896 time 4.28s
Epoch 0/10 895/1000 loss: 0.8895 time 4.28s
Epoch 0/10 896/1000 loss: 0.8894 time 4.28s
Epoch 0/10 897/1000 loss: 0.8893 time 4.28s
Epoch 0/10 898/1000 loss: 0.8892 time 4.28s
Epoch 0/10 899/1000 loss: 0.8892 time 4.28s
Epoch 0/10 900/1000 loss: 0.8893 time 4.28s
Epoch 0/10 901/1000 loss: 0.8892 time 4.28s
Epoch 0/10 902/1000 loss: 0.8892 time 4.27s
Epoch 0/10 903/1000 loss: 0.8891 time 4.28s
Epoch 0/10 904/1000 loss: 0.8892 time 4.29s
Epoch 0/10 905/1000 loss: 0.8892 time 4.28s
Epoch 0/10 906/1000 loss: 0.8891 time 4.28s
Epoch 0/10 907/1000 loss: 0.8890 time 4.28s
Epoch 0/10 908/1000 loss: 0.8888 time 4.29s
Epoch 0/10 909/1000 loss: 0.8887 time 4.28s
Epoch 0/10 910/1000 loss: 0.8887 time 4.28s
Epoch 0/10 911/1000 loss: 0.8888 time 4.28s
Epoch 0/10 912/1000 loss: 0.8887 time 4.28s
Epoch 0/10 913/1000 loss: 0.8886 time 4.28s
Epoch 0/10 914/1000 loss: 0.8885 time 4.28s
Epoch 0/10 915/1000 loss: 0.8885 time 4.28s
Epoch 0/10 916/1000 loss: 0.8884 time 4.29s
Epoch 0/10 917/1000 loss: 0.8884 time 4.28s
Epoch 0/10 918/1000 loss: 0.8884 time 4.27s
Epoch 0/10 919/1000 loss: 0.8883 time 4.28s
Epoch 0/10 920/1000 loss: 0.8882 time 4.28s
Epoch 0/10 921/1000 loss: 0.8882 time 4.28s
Epoch 0/10 922/1000 loss: 0.8882 time 4.27s
Epoch 0/10 923/1000 loss: 0.8880 time 4.28s
Epoch 0/10 924/1000 loss: 0.8879 time 4.28s
Epoch 0/10 925/1000 loss: 0.8878 time 4.28s
Epoch 0/10 926/1000 loss: 0.8879 time 4.29s
Epoch 0/10 927/1000 loss: 0.8877 time 4.28s
Epoch 0/10 928/1000 loss: 0.8876 time 4.28s
Epoch 0/10 929/1000 loss: 0.8875 time 4.29s
Epoch 0/10 930/1000 loss: 0.8874 time 4.28s
Epoch 0/10 931/1000 loss: 0.8874 time 4.28s
Epoch 0/10 932/1000 loss: 0.8874 time 4.28s
Epoch 0/10 933/1000 loss: 0.8874 time 4.28s
Epoch 0/10 934/1000 loss: 0.8874 time 4.28s
Epoch 0/10 935/1000 loss: 0.8874 time 4.28s
Epoch 0/10 936/1000 loss: 0.8875 time 4.29s
Epoch 0/10 937/1000 loss: 0.8874 time 4.28s
Epoch 0/10 938/1000 loss: 0.8873 time 4.28s
Epoch 0/10 939/1000 loss: 0.8872 time 4.28s
Epoch 0/10 940/1000 loss: 0.8871 time 4.28s
Epoch 0/10 941/1000 loss: 0.8870 time 4.28s
Epoch 0/10 942/1000 loss: 0.8869 time 4.27s
Epoch 0/10 943/1000 loss: 0.8868 time 4.28s
Epoch 0/10 944/1000 loss: 0.8867 time 4.28s
Epoch 0/10 945/1000 loss: 0.8865 time 4.27s
Epoch 0/10 946/1000 loss: 0.8865 time 4.28s
Epoch 0/10 947/1000 loss: 0.8865 time 4.28s
Epoch 0/10 948/1000 loss: 0.8864 time 4.29s
Epoch 0/10 949/1000 loss: 0.8863 time 4.28s
Epoch 0/10 950/1000 loss: 0.8862 time 4.29s
Epoch 0/10 951/1000 loss: 0.8862 time 4.28s
Epoch 0/10 952/1000 loss: 0.8861 time 4.28s
Epoch 0/10 953/1000 loss: 0.8861 time 4.28s
Epoch 0/10 954/1000 loss: 0.8861 time 4.27s
Epoch 0/10 955/1000 loss: 0.8861 time 4.28s
Epoch 0/10 956/1000 loss: 0.8860 time 4.28s
Epoch 0/10 957/1000 loss: 0.8860 time 4.28s
Epoch 0/10 958/1000 loss: 0.8859 time 4.28s
Epoch 0/10 959/1000 loss: 0.8857 time 4.27s
Epoch 0/10 960/1000 loss: 0.8858 time 4.28s
Epoch 0/10 961/1000 loss: 0.8857 time 4.28s
Epoch 0/10 962/1000 loss: 0.8855 time 4.28s
Epoch 0/10 963/1000 loss: 0.8854 time 4.27s
Epoch 0/10 964/1000 loss: 0.8853 time 4.27s
Epoch 0/10 965/1000 loss: 0.8853 time 4.27s
Epoch 0/10 966/1000 loss: 0.8852 time 4.27s
Epoch 0/10 967/1000 loss: 0.8851 time 4.28s
Epoch 0/10 968/1000 loss: 0.8849 time 4.28s
Epoch 0/10 969/1000 loss: 0.8849 time 4.29s
Epoch 0/10 970/1000 loss: 0.8848 time 4.27s
Epoch 0/10 971/1000 loss: 0.8849 time 4.28s
Epoch 0/10 972/1000 loss: 0.8848 time 4.28s
Epoch 0/10 973/1000 loss: 0.8847 time 4.28s
Epoch 0/10 974/1000 loss: 0.8846 time 4.28s
Epoch 0/10 975/1000 loss: 0.8845 time 4.28s
Epoch 0/10 976/1000 loss: 0.8844 time 4.28s
Epoch 0/10 977/1000 loss: 0.8842 time 4.28s
Epoch 0/10 978/1000 loss: 0.8843 time 4.28s
Epoch 0/10 979/1000 loss: 0.8842 time 4.28s
Epoch 0/10 980/1000 loss: 0.8842 time 4.29s
Epoch 0/10 981/1000 loss: 0.8841 time 4.27s
Epoch 0/10 982/1000 loss: 0.8840 time 4.28s
Epoch 0/10 983/1000 loss: 0.8839 time 4.27s
Epoch 0/10 984/1000 loss: 0.8838 time 4.28s
Epoch 0/10 985/1000 loss: 0.8837 time 4.28s
Epoch 0/10 986/1000 loss: 0.8836 time 4.28s
Epoch 0/10 987/1000 loss: 0.8836 time 4.28s
Epoch 0/10 988/1000 loss: 0.8836 time 4.28s
Epoch 0/10 989/1000 loss: 0.8835 time 4.27s
Epoch 0/10 990/1000 loss: 0.8835 time 4.27s
Epoch 0/10 991/1000 loss: 0.8834 time 4.27s
Epoch 0/10 992/1000 loss: 0.8833 time 4.27s
Epoch 0/10 993/1000 loss: 0.8833 time 4.27s
Epoch 0/10 994/1000 loss: 0.8831 time 4.27s
Epoch 0/10 995/1000 loss: 0.8830 time 4.27s
Epoch 0/10 996/1000 loss: 0.8829 time 4.27s
Epoch 0/10 997/1000 loss: 0.8829 time 4.27s
Epoch 0/10 998/1000 loss: 0.8829 time 4.27s
Epoch 0/10 999/1000 loss: 0.8828 time 4.27s
Final training  0/9 loss: 0.8828 time 4310.79s
slurmstepd: error: *** JOB 9865627 ON gra1187 CANCELLED AT 2023-08-02T22:18:20 ***
